[01m[K/home/robo/ROS2/action/src/control/src/motion/MotionManager.cpp:[m[K In constructor ‘[01m[KRobot::MotionManager::MotionManager()[m[K’:
[01m[K/home/robo/ROS2/action/src/control/src/motion/MotionManager.cpp:52:38:[m[K [01;31m[Kerror: [m[Kunable to find numeric literal operator ‘[01m[Koperator""ms[m[K’
   52 |     timer_ = this->create_wall_timer([01;31m[K8ms[m[K, std::bind(&MotionManager::Process, this));
      |                                      [01;31m[K^~~[m[K
[01m[K/home/robo/ROS2/action/src/control/src/motion/MotionManager.cpp:[m[K In member function ‘[01m[Kvoid Robot::MotionManager::topic_callback(std::shared_ptr<sensor_msgs::msg::Imu_<std::allocator<void> > >) const[m[K’:
[01m[K/home/robo/ROS2/action/src/control/src/motion/MotionManager.cpp:63:15:[m[K [01;35m[Kwarning: [m[Kunused variable ‘[01m[KIMU_GYRO_X[m[K’ [[01;35m[K-Wunused-variable[m[K]
   63 |         float [01;35m[KIMU_GYRO_X[m[K = -imu_msg_->angular_velocity.x/10;
      |               [01;35m[K^~~~~~~~~~[m[K
[01m[K/home/robo/ROS2/action/src/control/src/motion/MotionManager.cpp:64:15:[m[K [01;35m[Kwarning: [m[Kunused variable ‘[01m[KIMU_GYRO_Y[m[K’ [[01;35m[K-Wunused-variable[m[K]
   64 |         float [01;35m[KIMU_GYRO_Y[m[K  = -imu_msg_->angular_velocity.y/10;
      |               [01;35m[K^~~~~~~~~~[m[K
[01m[K/home/robo/ROS2/action/src/control/src/motion/MotionManager.cpp:[m[K In member function ‘[01m[Kbool Robot::MotionManager::Initialize(bool)[m[K’:
[01m[K/home/robo/ROS2/action/src/control/src/motion/MotionManager.cpp:70:6:[m[K [01;35m[Kwarning: [m[Kunused variable ‘[01m[Kvalue[m[K’ [[01;35m[K-Wunused-variable[m[K]
   70 |  int [01;35m[Kvalue[m[K, error;
      |      [01;35m[K^~~~~[m[K
[01m[K/home/robo/ROS2/action/src/control/src/motion/MotionManager.cpp:70:13:[m[K [01;35m[Kwarning: [m[Kunused variable ‘[01m[Kerror[m[K’ [[01;35m[K-Wunused-variable[m[K]
   70 |  int value, [01;35m[Kerror[m[K;
      |             [01;35m[K^~~~~[m[K
[01m[K/home/robo/ROS2/action/src/control/src/motion/MotionManager.cpp:[m[K In member function ‘[01m[Kbool Robot::MotionManager::Reinitialize()[m[K’:
[01m[K/home/robo/ROS2/action/src/control/src/motion/MotionManager.cpp:129:6:[m[K [01;35m[Kwarning: [m[Kunused variable ‘[01m[Kvalue[m[K’ [[01;35m[K-Wunused-variable[m[K]
  129 |  int [01;35m[Kvalue[m[K, error;
      |      [01;35m[K^~~~~[m[K
[01m[K/home/robo/ROS2/action/src/control/src/motion/MotionManager.cpp:129:13:[m[K [01;35m[Kwarning: [m[Kunused variable ‘[01m[Kerror[m[K’ [[01;35m[K-Wunused-variable[m[K]
  129 |  int value, [01;35m[Kerror[m[K;
      |             [01;35m[K^~~~~[m[K
[01m[K/home/robo/ROS2/action/src/control/src/motion/MotionManager.cpp:[m[K In member function ‘[01m[Kvoid Robot::MotionManager::Process()[m[K’:
[01m[K/home/robo/ROS2/action/src/control/src/motion/MotionManager.cpp:268:6:[m[K [01;35m[Kwarning: [m[Kunused variable ‘[01m[Kjoint_num[m[K’ [[01;35m[K-Wunused-variable[m[K]
  268 |  int [01;35m[Kjoint_num[m[K = 0;
      |      [01;35m[K^~~~~~~~~[m[K
[01m[K/home/robo/ROS2/action/src/control/src/motion/MotionManager.cpp:[m[K In member function ‘[01m[Kvoid Robot::MotionManager::SetEnable(bool)[m[K’:
[01m[K/home/robo/ROS2/action/src/control/src/motion/MotionManager.cpp:295:36:[m[K [01;35m[Kwarning: [m[Kunused parameter ‘[01m[Kenable[m[K’ [[01;35m[K-Wunused-parameter[m[K]
  295 | void MotionManager::SetEnable([01;35m[Kbool enable[m[K)
      |                               [01;35m[K~~~~~^~~~~~[m[K
make[2]: *** [CMakeFiles/motion.dir/build.make:63: CMakeFiles/motion.dir/src/motion/MotionManager.cpp.o] Error 1
make[1]: *** [CMakeFiles/Makefile2:109: CMakeFiles/motion.dir/all] Error 2
make: *** [Makefile:141: all] Error 2
