[0.522s] Invoking command in '/home/robofei/ROS2/build/custom_interfaces_vision': CMAKE_PREFIX_PATH=${CMAKE_PREFIX_PATH}:/home/robofei/ROS2/install/vision_pkg:/home/robofei/ROS2/install/decision_pkg:/home/robofei/ROS2/install/controller:/opt/ros/foxy /usr/bin/cmake --build /home/robofei/ROS2/build/custom_interfaces_vision -- -j4 -l4
[0.692s] [  2%] Built target custom_interfaces_vision__cpp
[0.734s] [ 12%] Built target custom_interfaces_vision__rosidl_generator_c
[0.828s] [ 23%] Built target custom_interfaces_vision__rosidl_typesupport_cpp
[0.857s] [ 34%] Built target custom_interfaces_vision__rosidl_typesupport_fastrtps_cpp
[0.861s] [ 44%] Built target custom_interfaces_vision__rosidl_typesupport_introspection_cpp
[0.877s] [ 55%] Built target custom_interfaces_vision__rosidl_typesupport_c
[0.929s] [ 65%] Built target custom_interfaces_vision__rosidl_typesupport_introspection_c
[1.010s] [ 76%] Built target custom_interfaces_vision__rosidl_typesupport_fastrtps_c
[1.079s] [ 76%] Built target custom_interfaces_vision
[1.149s] [ 78%] Built target custom_interfaces_vision__py
[1.228s] [ 87%] Built target custom_interfaces_vision__python
[1.327s] [ 91%] Built target custom_interfaces_vision__rosidl_typesupport_introspection_c__pyext
[1.328s] [ 95%] Built target custom_interfaces_vision__rosidl_typesupport_c__pyext
[1.334s] [100%] Built target custom_interfaces_vision__rosidl_typesupport_fastrtps_c__pyext
[1.371s] Invoked command in '/home/robofei/ROS2/build/custom_interfaces_vision' returned '0': CMAKE_PREFIX_PATH=${CMAKE_PREFIX_PATH}:/home/robofei/ROS2/install/vision_pkg:/home/robofei/ROS2/install/decision_pkg:/home/robofei/ROS2/install/controller:/opt/ros/foxy /usr/bin/cmake --build /home/robofei/ROS2/build/custom_interfaces_vision -- -j4 -l4
[2.219s] Invoking command in '/home/robofei/ROS2/build/custom_interfaces_vision': CMAKE_PREFIX_PATH=${CMAKE_PREFIX_PATH}:/home/robofei/ROS2/install/vision_pkg:/home/robofei/ROS2/install/decision_pkg:/home/robofei/ROS2/install/controller:/opt/ros/foxy /usr/bin/cmake --install /home/robofei/ROS2/build/custom_interfaces_vision
[2.277s] -- Install configuration: ""
[2.277s] -- Execute custom install script
[2.277s] -- Up-to-date symlink: /home/robofei/ROS2/install/custom_interfaces_vision/share/ament_index/resource_index/rosidl_interfaces/custom_interfaces_vision
[2.278s] -- Up-to-date symlink: /home/robofei/ROS2/install/custom_interfaces_vision/include/custom_interfaces_vision/msg/decision.h
[2.278s] -- Up-to-date symlink: /home/robofei/ROS2/install/custom_interfaces_vision/include/custom_interfaces_vision/msg/detail/decision__functions.h
[2.278s] -- Up-to-date symlink: /home/robofei/ROS2/install/custom_interfaces_vision/include/custom_interfaces_vision/msg/detail/decision__struct.h
[2.278s] -- Up-to-date symlink: /home/robofei/ROS2/install/custom_interfaces_vision/include/custom_interfaces_vision/msg/detail/decision__type_support.h
[2.279s] -- Up-to-date symlink: /home/robofei/ROS2/install/custom_interfaces_vision/include/custom_interfaces_vision/msg/detail/humanoid_league_msgs__functions.h
[2.279s] -- Up-to-date symlink: /home/robofei/ROS2/install/custom_interfaces_vision/include/custom_interfaces_vision/msg/detail/humanoid_league_msgs__struct.h
[2.279s] -- Up-to-date symlink: /home/robofei/ROS2/install/custom_interfaces_vision/include/custom_interfaces_vision/msg/detail/humanoid_league_msgs__type_support.h
[2.279s] -- Up-to-date symlink: /home/robofei/ROS2/install/custom_interfaces_vision/include/custom_interfaces_vision/msg/detail/set_position__functions.h
[2.279s] -- Up-to-date symlink: /home/robofei/ROS2/install/custom_interfaces_vision/include/custom_interfaces_vision/msg/detail/set_position__struct.h
[2.280s] -- Up-to-date symlink: /home/robofei/ROS2/install/custom_interfaces_vision/include/custom_interfaces_vision/msg/detail/set_position__type_support.h
[2.280s] -- Up-to-date symlink: /home/robofei/ROS2/install/custom_interfaces_vision/include/custom_interfaces_vision/msg/detail/vision__functions.h
[2.280s] -- Up-to-date symlink: /home/robofei/ROS2/install/custom_interfaces_vision/include/custom_interfaces_vision/msg/detail/vision__struct.h
[2.280s] -- Up-to-date symlink: /home/robofei/ROS2/install/custom_interfaces_vision/include/custom_interfaces_vision/msg/detail/vision__type_support.h
[2.280s] -- Up-to-date symlink: /home/robofei/ROS2/install/custom_interfaces_vision/include/custom_interfaces_vision/msg/humanoid_league_msgs.h
[2.280s] -- Up-to-date symlink: /home/robofei/ROS2/install/custom_interfaces_vision/include/custom_interfaces_vision/msg/rosidl_generator_c__visibility_control.h
[2.281s] -- Up-to-date symlink: /home/robofei/ROS2/install/custom_interfaces_vision/include/custom_interfaces_vision/msg/set_position.h
[2.281s] -- Up-to-date symlink: /home/robofei/ROS2/install/custom_interfaces_vision/include/custom_interfaces_vision/msg/vision.h
[2.281s] -- Up-to-date symlink: /home/robofei/ROS2/install/custom_interfaces_vision/share/custom_interfaces_vision/environment/library_path.sh
[2.281s] -- Up-to-date symlink: /home/robofei/ROS2/install/custom_interfaces_vision/share/custom_interfaces_vision/environment/library_path.dsv
[2.282s] -- Up-to-date symlink: /home/robofei/ROS2/install/custom_interfaces_vision/include/custom_interfaces_vision/msg/detail/decision__rosidl_typesupport_fastrtps_c.h
[2.282s] -- Up-to-date symlink: /home/robofei/ROS2/install/custom_interfaces_vision/include/custom_interfaces_vision/msg/detail/humanoid_league_msgs__rosidl_typesupport_fastrtps_c.h
[2.283s] -- Up-to-date symlink: /home/robofei/ROS2/install/custom_interfaces_vision/include/custom_interfaces_vision/msg/detail/set_position__rosidl_typesupport_fastrtps_c.h
[2.283s] -- Up-to-date symlink: /home/robofei/ROS2/install/custom_interfaces_vision/include/custom_interfaces_vision/msg/detail/vision__rosidl_typesupport_fastrtps_c.h
[2.283s] -- Up-to-date symlink: /home/robofei/ROS2/install/custom_interfaces_vision/include/custom_interfaces_vision/msg/rosidl_typesupport_fastrtps_c__visibility_control.h
[2.283s] -- Up-to-date symlink: /home/robofei/ROS2/install/custom_interfaces_vision/lib/libcustom_interfaces_vision__rosidl_typesupport_fastrtps_c.so
[2.283s] -- Up-to-date symlink: /home/robofei/ROS2/install/custom_interfaces_vision/include/custom_interfaces_vision/msg/detail/decision__rosidl_typesupport_fastrtps_cpp.hpp
[2.284s] -- Up-to-date symlink: /home/robofei/ROS2/install/custom_interfaces_vision/include/custom_interfaces_vision/msg/detail/humanoid_league_msgs__rosidl_typesupport_fastrtps_cpp.hpp
[2.284s] -- Up-to-date symlink: /home/robofei/ROS2/install/custom_interfaces_vision/include/custom_interfaces_vision/msg/detail/set_position__rosidl_typesupport_fastrtps_cpp.hpp
[2.284s] -- Up-to-date symlink: /home/robofei/ROS2/install/custom_interfaces_vision/include/custom_interfaces_vision/msg/detail/vision__rosidl_typesupport_fastrtps_cpp.hpp
[2.284s] -- Up-to-date symlink: /home/robofei/ROS2/install/custom_interfaces_vision/include/custom_interfaces_vision/msg/rosidl_typesupport_fastrtps_cpp__visibility_control.h
[2.284s] -- Up-to-date symlink: /home/robofei/ROS2/install/custom_interfaces_vision/lib/libcustom_interfaces_vision__rosidl_typesupport_fastrtps_cpp.so
[2.285s] -- Up-to-date symlink: /home/robofei/ROS2/install/custom_interfaces_vision/include/custom_interfaces_vision/msg/detail/decision__rosidl_typesupport_introspection_c.h
[2.285s] -- Up-to-date symlink: /home/robofei/ROS2/install/custom_interfaces_vision/include/custom_interfaces_vision/msg/detail/humanoid_league_msgs__rosidl_typesupport_introspection_c.h
[2.285s] -- Up-to-date symlink: /home/robofei/ROS2/install/custom_interfaces_vision/include/custom_interfaces_vision/msg/detail/set_position__rosidl_typesupport_introspection_c.h
[2.285s] -- Up-to-date symlink: /home/robofei/ROS2/install/custom_interfaces_vision/include/custom_interfaces_vision/msg/detail/vision__rosidl_typesupport_introspection_c.h
[2.285s] -- Up-to-date symlink: /home/robofei/ROS2/install/custom_interfaces_vision/include/custom_interfaces_vision/msg/rosidl_typesupport_introspection_c__visibility_control.h
[2.286s] -- Up-to-date symlink: /home/robofei/ROS2/install/custom_interfaces_vision/include/custom_interfaces_vision/msg/decision.hpp
[2.286s] -- Up-to-date symlink: /home/robofei/ROS2/install/custom_interfaces_vision/include/custom_interfaces_vision/msg/detail/decision__builder.hpp
[2.286s] -- Up-to-date symlink: /home/robofei/ROS2/install/custom_interfaces_vision/include/custom_interfaces_vision/msg/detail/decision__struct.hpp
[2.286s] -- Up-to-date symlink: /home/robofei/ROS2/install/custom_interfaces_vision/include/custom_interfaces_vision/msg/detail/decision__traits.hpp
[2.286s] -- Up-to-date symlink: /home/robofei/ROS2/install/custom_interfaces_vision/include/custom_interfaces_vision/msg/detail/humanoid_league_msgs__builder.hpp
[2.286s] -- Up-to-date symlink: /home/robofei/ROS2/install/custom_interfaces_vision/include/custom_interfaces_vision/msg/detail/humanoid_league_msgs__struct.hpp
[2.287s] -- Up-to-date symlink: /home/robofei/ROS2/install/custom_interfaces_vision/include/custom_interfaces_vision/msg/detail/humanoid_league_msgs__traits.hpp
[2.289s] -- Up-to-date symlink: /home/robofei/ROS2/install/custom_interfaces_vision/include/custom_interfaces_vision/msg/detail/set_position__builder.hpp
[2.289s] -- Up-to-date symlink: /home/robofei/ROS2/install/custom_interfaces_vision/include/custom_interfaces_vision/msg/detail/set_position__struct.hpp
[2.289s] -- Up-to-date symlink: /home/robofei/ROS2/install/custom_interfaces_vision/include/custom_interfaces_vision/msg/detail/set_position__traits.hpp
[2.290s] -- Up-to-date symlink: /home/robofei/ROS2/install/custom_interfaces_vision/include/custom_interfaces_vision/msg/detail/vision__builder.hpp
[2.296s] -- Up-to-date symlink: /home/robofei/ROS2/install/custom_interfaces_vision/include/custom_interfaces_vision/msg/detail/vision__struct.hpp
[2.297s] -- Up-to-date symlink: /home/robofei/ROS2/install/custom_interfaces_vision/include/custom_interfaces_vision/msg/detail/vision__traits.hpp
[2.297s] -- Up-to-date symlink: /home/robofei/ROS2/install/custom_interfaces_vision/include/custom_interfaces_vision/msg/humanoid_league_msgs.hpp
[2.297s] -- Up-to-date symlink: /home/robofei/ROS2/install/custom_interfaces_vision/include/custom_interfaces_vision/msg/set_position.hpp
[2.297s] -- Up-to-date symlink: /home/robofei/ROS2/install/custom_interfaces_vision/include/custom_interfaces_vision/msg/vision.hpp
[2.298s] -- Up-to-date symlink: /home/robofei/ROS2/install/custom_interfaces_vision/include/custom_interfaces_vision/msg/detail/decision__rosidl_typesupport_introspection_cpp.hpp
[2.298s] -- Up-to-date symlink: /home/robofei/ROS2/install/custom_interfaces_vision/include/custom_interfaces_vision/msg/detail/humanoid_league_msgs__rosidl_typesupport_introspection_cpp.hpp
[2.298s] -- Up-to-date symlink: /home/robofei/ROS2/install/custom_interfaces_vision/include/custom_interfaces_vision/msg/detail/set_position__rosidl_typesupport_introspection_cpp.hpp
[2.298s] -- Up-to-date symlink: /home/robofei/ROS2/install/custom_interfaces_vision/include/custom_interfaces_vision/msg/detail/vision__rosidl_typesupport_introspection_cpp.hpp
[2.298s] -- Up-to-date symlink: /home/robofei/ROS2/install/custom_interfaces_vision/share/custom_interfaces_vision/environment/pythonpath.sh
[2.298s] -- Up-to-date symlink: /home/robofei/ROS2/install/custom_interfaces_vision/share/custom_interfaces_vision/environment/pythonpath.dsv
[2.299s] -- Up-to-date symlink: /home/robofei/ROS2/install/custom_interfaces_vision/lib/python3.8/site-packages/custom_interfaces_vision/__init__.py
[2.299s] -- Up-to-date symlink: /home/robofei/ROS2/install/custom_interfaces_vision/lib/python3.8/site-packages/custom_interfaces_vision/msg/__init__.py
[2.299s] -- Up-to-date symlink: /home/robofei/ROS2/install/custom_interfaces_vision/lib/python3.8/site-packages/custom_interfaces_vision/msg/_decision.py
[2.299s] -- Up-to-date symlink: /home/robofei/ROS2/install/custom_interfaces_vision/lib/python3.8/site-packages/custom_interfaces_vision/msg/_humanoid_league_msgs.py
[2.299s] -- Up-to-date symlink: /home/robofei/ROS2/install/custom_interfaces_vision/lib/python3.8/site-packages/custom_interfaces_vision/msg/_set_position.py
[2.299s] -- Up-to-date symlink: /home/robofei/ROS2/install/custom_interfaces_vision/lib/python3.8/site-packages/custom_interfaces_vision/msg/_vision.py
[2.300s] -- Up-to-date symlink: /home/robofei/ROS2/install/custom_interfaces_vision/lib/python3.8/site-packages/custom_interfaces_vision/custom_interfaces_vision_s__rosidl_typesupport_fastrtps_c.cpython-38-x86_64-linux-gnu.so
[2.300s] -- Up-to-date symlink: /home/robofei/ROS2/install/custom_interfaces_vision/lib/python3.8/site-packages/custom_interfaces_vision/custom_interfaces_vision_s__rosidl_typesupport_introspection_c.cpython-38-x86_64-linux-gnu.so
[2.301s] -- Up-to-date symlink: /home/robofei/ROS2/install/custom_interfaces_vision/lib/python3.8/site-packages/custom_interfaces_vision/custom_interfaces_vision_s__rosidl_typesupport_c.cpython-38-x86_64-linux-gnu.so
[2.302s] -- Up-to-date symlink: /home/robofei/ROS2/install/custom_interfaces_vision/lib/libcustom_interfaces_vision__python.so
[2.302s] -- Up-to-date symlink: /home/robofei/ROS2/install/custom_interfaces_vision/share/custom_interfaces_vision/msg/SetPosition.idl
[2.303s] -- Up-to-date symlink: /home/robofei/ROS2/install/custom_interfaces_vision/share/custom_interfaces_vision/msg/Vision.idl
[2.303s] -- Up-to-date symlink: /home/robofei/ROS2/install/custom_interfaces_vision/share/custom_interfaces_vision/msg/HumanoidLeagueMsgs.idl
[2.303s] -- Up-to-date symlink: /home/robofei/ROS2/install/custom_interfaces_vision/share/custom_interfaces_vision/msg/SetPosition.msg
[2.304s] -- Up-to-date symlink: /home/robofei/ROS2/install/custom_interfaces_vision/share/custom_interfaces_vision/msg/Vision.msg
[2.304s] -- Up-to-date symlink: /home/robofei/ROS2/install/custom_interfaces_vision/share/custom_interfaces_vision/msg/HumanoidLeagueMsgs.msg
[2.304s] -- Up-to-date symlink: /home/robofei/ROS2/install/custom_interfaces_vision/share/ament_index/resource_index/package_run_dependencies/custom_interfaces_vision
[2.304s] -- Up-to-date symlink: /home/robofei/ROS2/install/custom_interfaces_vision/share/ament_index/resource_index/parent_prefix_path/custom_interfaces_vision
[2.304s] -- Up-to-date symlink: /home/robofei/ROS2/install/custom_interfaces_vision/share/custom_interfaces_vision/environment/ament_prefix_path.sh
[2.305s] -- Up-to-date symlink: /home/robofei/ROS2/install/custom_interfaces_vision/share/custom_interfaces_vision/environment/ament_prefix_path.dsv
[2.305s] -- Up-to-date symlink: /home/robofei/ROS2/install/custom_interfaces_vision/share/custom_interfaces_vision/environment/path.sh
[2.305s] -- Up-to-date symlink: /home/robofei/ROS2/install/custom_interfaces_vision/share/custom_interfaces_vision/environment/path.dsv
[2.305s] -- Up-to-date symlink: /home/robofei/ROS2/install/custom_interfaces_vision/share/custom_interfaces_vision/local_setup.bash
[2.305s] -- Up-to-date symlink: /home/robofei/ROS2/install/custom_interfaces_vision/share/custom_interfaces_vision/local_setup.sh
[2.306s] -- Up-to-date symlink: /home/robofei/ROS2/install/custom_interfaces_vision/share/custom_interfaces_vision/local_setup.zsh
[2.306s] -- Up-to-date symlink: /home/robofei/ROS2/install/custom_interfaces_vision/share/custom_interfaces_vision/local_setup.dsv
[2.306s] -- Symlinking: /home/robofei/ROS2/install/custom_interfaces_vision/share/custom_interfaces_vision/package.dsv
[2.306s] -- Up-to-date symlink: /home/robofei/ROS2/install/custom_interfaces_vision/share/ament_index/resource_index/packages/custom_interfaces_vision
[2.306s] -- Up-to-date symlink: /home/robofei/ROS2/install/custom_interfaces_vision/share/custom_interfaces_vision/cmake/rosidl_cmake-extras.cmake
[2.307s] -- Up-to-date symlink: /home/robofei/ROS2/install/custom_interfaces_vision/share/custom_interfaces_vision/cmake/ament_cmake_export_dependencies-extras.cmake
[2.311s] -- Up-to-date symlink: /home/robofei/ROS2/install/custom_interfaces_vision/share/custom_interfaces_vision/cmake/ament_cmake_export_libraries-extras.cmake
[2.311s] -- Up-to-date symlink: /home/robofei/ROS2/install/custom_interfaces_vision/share/custom_interfaces_vision/cmake/ament_cmake_export_targets-extras.cmake
[2.311s] -- Up-to-date symlink: /home/robofei/ROS2/install/custom_interfaces_vision/share/custom_interfaces_vision/cmake/ament_cmake_export_include_directories-extras.cmake
[2.312s] -- Up-to-date symlink: /home/robofei/ROS2/install/custom_interfaces_vision/share/custom_interfaces_vision/cmake/rosidl_cmake_export_typesupport_libraries-extras.cmake
[2.312s] -- Up-to-date symlink: /home/robofei/ROS2/install/custom_interfaces_vision/share/custom_interfaces_vision/cmake/rosidl_cmake_export_typesupport_targets-extras.cmake
[2.316s] -- Up-to-date symlink: /home/robofei/ROS2/install/custom_interfaces_vision/share/custom_interfaces_vision/cmake/custom_interfaces_visionConfig.cmake
[2.317s] -- Up-to-date symlink: /home/robofei/ROS2/install/custom_interfaces_vision/share/custom_interfaces_vision/cmake/custom_interfaces_visionConfig-version.cmake
[2.317s] -- Up-to-date symlink: /home/robofei/ROS2/install/custom_interfaces_vision/share/custom_interfaces_vision/package.xml
[2.317s] -- Up-to-date: /home/robofei/ROS2/install/custom_interfaces_vision/lib/libcustom_interfaces_vision__rosidl_generator_c.so
[2.317s] -- Up-to-date: /home/robofei/ROS2/install/custom_interfaces_vision/lib/libcustom_interfaces_vision__rosidl_typesupport_introspection_c.so
[2.318s] -- Up-to-date: /home/robofei/ROS2/install/custom_interfaces_vision/lib/libcustom_interfaces_vision__rosidl_typesupport_c.so
[2.319s] -- Up-to-date: /home/robofei/ROS2/install/custom_interfaces_vision/lib/libcustom_interfaces_vision__rosidl_typesupport_introspection_cpp.so
[2.319s] -- Up-to-date: /home/robofei/ROS2/install/custom_interfaces_vision/lib/libcustom_interfaces_vision__rosidl_typesupport_cpp.so
[2.440s] -- Up-to-date: /home/robofei/ROS2/install/custom_interfaces_vision/share/custom_interfaces_vision/cmake/custom_interfaces_vision__rosidl_generator_cExport.cmake
[2.440s] -- Up-to-date: /home/robofei/ROS2/install/custom_interfaces_vision/share/custom_interfaces_vision/cmake/custom_interfaces_vision__rosidl_generator_cExport-noconfig.cmake
[2.440s] -- Up-to-date: /home/robofei/ROS2/install/custom_interfaces_vision/share/custom_interfaces_vision/cmake/custom_interfaces_vision__rosidl_typesupport_introspection_cExport.cmake
[2.441s] -- Up-to-date: /home/robofei/ROS2/install/custom_interfaces_vision/share/custom_interfaces_vision/cmake/custom_interfaces_vision__rosidl_typesupport_introspection_cExport-noconfig.cmake
[2.441s] -- Up-to-date: /home/robofei/ROS2/install/custom_interfaces_vision/share/custom_interfaces_vision/cmake/custom_interfaces_vision__rosidl_typesupport_cExport.cmake
[2.441s] -- Up-to-date: /home/robofei/ROS2/install/custom_interfaces_vision/share/custom_interfaces_vision/cmake/custom_interfaces_vision__rosidl_typesupport_cExport-noconfig.cmake
[2.441s] -- Up-to-date: /home/robofei/ROS2/install/custom_interfaces_vision/share/custom_interfaces_vision/cmake/custom_interfaces_vision__rosidl_generator_cppExport.cmake
[2.442s] -- Up-to-date: /home/robofei/ROS2/install/custom_interfaces_vision/share/custom_interfaces_vision/cmake/custom_interfaces_vision__rosidl_typesupport_introspection_cppExport.cmake
[2.442s] -- Up-to-date: /home/robofei/ROS2/install/custom_interfaces_vision/share/custom_interfaces_vision/cmake/custom_interfaces_vision__rosidl_typesupport_introspection_cppExport-noconfig.cmake
[2.442s] -- Up-to-date: /home/robofei/ROS2/install/custom_interfaces_vision/share/custom_interfaces_vision/cmake/custom_interfaces_vision__rosidl_typesupport_cppExport.cmake
[2.442s] -- Up-to-date: /home/robofei/ROS2/install/custom_interfaces_vision/share/custom_interfaces_vision/cmake/custom_interfaces_vision__rosidl_typesupport_cppExport-noconfig.cmake
[2.521s] Invoked command in '/home/robofei/ROS2/build/custom_interfaces_vision' returned '0': CMAKE_PREFIX_PATH=${CMAKE_PREFIX_PATH}:/home/robofei/ROS2/install/vision_pkg:/home/robofei/ROS2/install/decision_pkg:/home/robofei/ROS2/install/controller:/opt/ros/foxy /usr/bin/cmake --install /home/robofei/ROS2/build/custom_interfaces_vision
