[0.019s] Invoking command in '/home/robofei/Desktop/ROS2/robotis_ws/build/dynamixel_sdk': CMAKE_PREFIX_PATH=/opt/ros/foxy /usr/bin/cmake /home/robofei/Desktop/ROS2/robotis_ws/src/dynamixel_sdk -DAMENT_CMAKE_SYMLINK_INSTALL=1 -DCMAKE_INSTALL_PREFIX=/home/robofei/Desktop/ROS2/robotis_ws/install/dynamixel_sdk
[0.234s] -- The C compiler identification is GNU 9.4.0
[0.419s] -- The CXX compiler identification is GNU 9.4.0
[0.431s] -- Check for working C compiler: /usr/bin/cc
[0.521s] -- Check for working C compiler: /usr/bin/cc -- works
[0.522s] -- Detecting C compiler ABI info
[0.611s] -- Detecting C compiler ABI info - done
[0.625s] -- Detecting C compile features
[0.626s] -- Detecting C compile features - done
[0.629s] -- Check for working CXX compiler: /usr/bin/c++
[0.721s] -- Check for working CXX compiler: /usr/bin/c++ -- works
[0.722s] -- Detecting CXX compiler ABI info
[0.819s] -- Detecting CXX compiler ABI info - done
[0.834s] -- Detecting CXX compile features
[0.835s] -- Detecting CXX compile features - done
[0.843s] -- Found ament_cmake: 0.9.9 (/opt/ros/foxy/share/ament_cmake/cmake)
[0.875s] -- Found PythonInterp: /usr/bin/python3 (found suitable version "3.8.10", minimum required is "3") 
[0.875s] -- Using PYTHON_EXECUTABLE: /usr/bin/python3
[1.091s] -- Override CMake install command with custom implementation using symlinks instead of copying resources
[1.217s] -- Configuring done
[1.225s] -- Generating done
[1.227s] -- Build files have been written to: /home/robofei/Desktop/ROS2/robotis_ws/build/dynamixel_sdk
[1.230s] Invoked command in '/home/robofei/Desktop/ROS2/robotis_ws/build/dynamixel_sdk' returned '0': CMAKE_PREFIX_PATH=/opt/ros/foxy /usr/bin/cmake /home/robofei/Desktop/ROS2/robotis_ws/src/dynamixel_sdk -DAMENT_CMAKE_SYMLINK_INSTALL=1 -DCMAKE_INSTALL_PREFIX=/home/robofei/Desktop/ROS2/robotis_ws/install/dynamixel_sdk
[1.234s] Invoking command in '/home/robofei/Desktop/ROS2/robotis_ws/build/dynamixel_sdk': CMAKE_PREFIX_PATH=/opt/ros/foxy /usr/bin/cmake --build /home/robofei/Desktop/ROS2/robotis_ws/build/dynamixel_sdk -- -j4 -l4
[1.281s] [35m[1mScanning dependencies of target dynamixel_sdk[0m
[1.301s] [ 10%] [32mBuilding CXX object CMakeFiles/dynamixel_sdk.dir/src/dynamixel_sdk/protocol1_packet_handler.cpp.o[0m
[1.302s] [ 20%] [32mBuilding CXX object CMakeFiles/dynamixel_sdk.dir/src/dynamixel_sdk/packet_handler.cpp.o[0m
[1.303s] [ 30%] [32mBuilding CXX object CMakeFiles/dynamixel_sdk.dir/src/dynamixel_sdk/group_sync_read.cpp.o[0m
[1.316s] [ 40%] [32mBuilding CXX object CMakeFiles/dynamixel_sdk.dir/src/dynamixel_sdk/protocol2_packet_handler.cpp.o[0m
[1.537s] [ 50%] [32mBuilding CXX object CMakeFiles/dynamixel_sdk.dir/src/dynamixel_sdk/group_sync_write.cpp.o[0m
[1.695s] [ 60%] [32mBuilding CXX object CMakeFiles/dynamixel_sdk.dir/src/dynamixel_sdk/group_bulk_read.cpp.o[0m
[1.984s] [ 70%] [32mBuilding CXX object CMakeFiles/dynamixel_sdk.dir/src/dynamixel_sdk/group_bulk_write.cpp.o[0m
[2.345s] [ 80%] [32mBuilding CXX object CMakeFiles/dynamixel_sdk.dir/src/dynamixel_sdk/port_handler.cpp.o[0m
[2.398s] [ 90%] [32mBuilding CXX object CMakeFiles/dynamixel_sdk.dir/src/dynamixel_sdk/port_handler_linux.cpp.o[0m
[3.014s] [100%] [32m[1mLinking CXX shared library libdynamixel_sdk.so[0m
[3.203s] [100%] Built target dynamixel_sdk
[3.229s] Invoked command in '/home/robofei/Desktop/ROS2/robotis_ws/build/dynamixel_sdk' returned '0': CMAKE_PREFIX_PATH=/opt/ros/foxy /usr/bin/cmake --build /home/robofei/Desktop/ROS2/robotis_ws/build/dynamixel_sdk -- -j4 -l4
[3.324s] Invoking command in '/home/robofei/Desktop/ROS2/robotis_ws/build/dynamixel_sdk': CMAKE_PREFIX_PATH=/opt/ros/foxy /usr/bin/cmake --install /home/robofei/Desktop/ROS2/robotis_ws/build/dynamixel_sdk
[3.345s] -- Install configuration: ""
[3.347s] -- Execute custom install script
[3.349s] -- Symlinking: /home/robofei/Desktop/ROS2/robotis_ws/install/dynamixel_sdk/include//dynamixel_sdk/dynamixel_sdk.h
[3.366s] -- Symlinking: /home/robofei/Desktop/ROS2/robotis_ws/install/dynamixel_sdk/include//dynamixel_sdk/group_bulk_read.h
[3.378s] -- Symlinking: /home/robofei/Desktop/ROS2/robotis_ws/install/dynamixel_sdk/include//dynamixel_sdk/group_bulk_write.h
[3.390s] -- Symlinking: /home/robofei/Desktop/ROS2/robotis_ws/install/dynamixel_sdk/include//dynamixel_sdk/group_sync_read.h
[3.405s] -- Symlinking: /home/robofei/Desktop/ROS2/robotis_ws/install/dynamixel_sdk/include//dynamixel_sdk/group_sync_write.h
[3.420s] -- Symlinking: /home/robofei/Desktop/ROS2/robotis_ws/install/dynamixel_sdk/include//dynamixel_sdk/packet_handler.h
[3.435s] -- Symlinking: /home/robofei/Desktop/ROS2/robotis_ws/install/dynamixel_sdk/include//dynamixel_sdk/port_handler.h
[3.451s] -- Symlinking: /home/robofei/Desktop/ROS2/robotis_ws/install/dynamixel_sdk/include//dynamixel_sdk/port_handler_arduino.h
[3.467s] -- Symlinking: /home/robofei/Desktop/ROS2/robotis_ws/install/dynamixel_sdk/include//dynamixel_sdk/port_handler_linux.h
[3.484s] -- Symlinking: /home/robofei/Desktop/ROS2/robotis_ws/install/dynamixel_sdk/include//dynamixel_sdk/port_handler_mac.h
[3.499s] -- Symlinking: /home/robofei/Desktop/ROS2/robotis_ws/install/dynamixel_sdk/include//dynamixel_sdk/port_handler_windows.h
[3.514s] -- Symlinking: /home/robofei/Desktop/ROS2/robotis_ws/install/dynamixel_sdk/include//dynamixel_sdk/protocol1_packet_handler.h
[3.530s] -- Symlinking: /home/robofei/Desktop/ROS2/robotis_ws/install/dynamixel_sdk/include//dynamixel_sdk/protocol2_packet_handler.h
[3.547s] -- Symlinking: /home/robofei/Desktop/ROS2/robotis_ws/install/dynamixel_sdk/lib/libdynamixel_sdk.so
[3.562s] -- Up-to-date symlink: /home/robofei/Desktop/ROS2/robotis_ws/install/dynamixel_sdk/share/dynamixel_sdk/environment/library_path.sh
[3.563s] -- Symlinking: /home/robofei/Desktop/ROS2/robotis_ws/install/dynamixel_sdk/share/dynamixel_sdk/environment/library_path.dsv
[3.578s] -- Symlinking: /home/robofei/Desktop/ROS2/robotis_ws/install/dynamixel_sdk/share/ament_index/resource_index/package_run_dependencies/dynamixel_sdk
[3.593s] -- Symlinking: /home/robofei/Desktop/ROS2/robotis_ws/install/dynamixel_sdk/share/ament_index/resource_index/parent_prefix_path/dynamixel_sdk
[3.610s] -- Up-to-date symlink: /home/robofei/Desktop/ROS2/robotis_ws/install/dynamixel_sdk/share/dynamixel_sdk/environment/ament_prefix_path.sh
[3.610s] -- Symlinking: /home/robofei/Desktop/ROS2/robotis_ws/install/dynamixel_sdk/share/dynamixel_sdk/environment/ament_prefix_path.dsv
[3.626s] -- Up-to-date symlink: /home/robofei/Desktop/ROS2/robotis_ws/install/dynamixel_sdk/share/dynamixel_sdk/environment/path.sh
[3.627s] -- Symlinking: /home/robofei/Desktop/ROS2/robotis_ws/install/dynamixel_sdk/share/dynamixel_sdk/environment/path.dsv
[3.645s] -- Symlinking: /home/robofei/Desktop/ROS2/robotis_ws/install/dynamixel_sdk/share/dynamixel_sdk/local_setup.bash
[3.661s] -- Symlinking: /home/robofei/Desktop/ROS2/robotis_ws/install/dynamixel_sdk/share/dynamixel_sdk/local_setup.sh
[3.677s] -- Symlinking: /home/robofei/Desktop/ROS2/robotis_ws/install/dynamixel_sdk/share/dynamixel_sdk/local_setup.zsh
[3.693s] -- Symlinking: /home/robofei/Desktop/ROS2/robotis_ws/install/dynamixel_sdk/share/dynamixel_sdk/local_setup.dsv
[3.709s] -- Symlinking: /home/robofei/Desktop/ROS2/robotis_ws/install/dynamixel_sdk/share/dynamixel_sdk/package.dsv
[3.725s] -- Symlinking: /home/robofei/Desktop/ROS2/robotis_ws/install/dynamixel_sdk/share/ament_index/resource_index/packages/dynamixel_sdk
[3.743s] -- Symlinking: /home/robofei/Desktop/ROS2/robotis_ws/install/dynamixel_sdk/share/dynamixel_sdk/cmake/ament_cmake_export_include_directories-extras.cmake
[3.759s] -- Symlinking: /home/robofei/Desktop/ROS2/robotis_ws/install/dynamixel_sdk/share/dynamixel_sdk/cmake/ament_cmake_export_libraries-extras.cmake
[3.776s] -- Symlinking: /home/robofei/Desktop/ROS2/robotis_ws/install/dynamixel_sdk/share/dynamixel_sdk/cmake/dynamixel_sdkConfig.cmake
[3.793s] -- Symlinking: /home/robofei/Desktop/ROS2/robotis_ws/install/dynamixel_sdk/share/dynamixel_sdk/cmake/dynamixel_sdkConfig-version.cmake
[3.812s] -- Symlinking: /home/robofei/Desktop/ROS2/robotis_ws/install/dynamixel_sdk/share/dynamixel_sdk/package.xml
[3.837s] Invoked command in '/home/robofei/Desktop/ROS2/robotis_ws/build/dynamixel_sdk' returned '0': CMAKE_PREFIX_PATH=/opt/ros/foxy /usr/bin/cmake --install /home/robofei/Desktop/ROS2/robotis_ws/build/dynamixel_sdk
