[4.842s] DEBUG:colcon:Command line arguments: ['/usr/bin/colcon', 'build', '--symlink-install']
[4.842s] DEBUG:colcon:Parsed command line arguments: Namespace(allow_overriding=[], ament_cmake_args=None, base_paths=['.'], build_base='build', catkin_cmake_args=None, catkin_skip_building_tests=False, cmake_args=None, cmake_clean_cache=False, cmake_clean_first=False, cmake_force_configure=False, cmake_target=None, cmake_target_skip_unavailable=False, continue_on_error=False, event_handlers=None, executor='parallel', ignore_user_meta=False, install_base='install', log_base=None, log_level=None, main=<bound method BuildVerb.main of <colcon_core.verb.build.BuildVerb object at 0x7f825834aa30>>, merge_install=False, metas=['./colcon.meta'], packages_above=None, packages_above_and_dependencies=None, packages_above_depth=None, packages_end=None, packages_ignore=None, packages_ignore_regex=None, packages_select=None, packages_select_build_failed=False, packages_select_by_dep=None, packages_select_regex=None, packages_select_test_failures=False, packages_skip=None, packages_skip_build_finished=False, packages_skip_by_dep=None, packages_skip_regex=None, packages_skip_test_passed=False, packages_skip_up_to=None, packages_start=None, packages_up_to=None, packages_up_to_regex=None, parallel_workers=4, paths=None, symlink_install=True, test_result_base=None, verb_extension=<colcon_core.verb.build.BuildVerb object at 0x7f825834aa30>, verb_name='build', verb_parser=<colcon_defaults.argument_parser.defaults.DefaultArgumentsDecorator object at 0x7f825834afa0>)
[5.060s] Level 1:colcon.colcon_core.package_discovery:discover_packages(colcon_meta) check parameters
[5.061s] Level 1:colcon.colcon_core.package_discovery:discover_packages(recursive) check parameters
[5.061s] Level 1:colcon.colcon_core.package_discovery:discover_packages(ignore) check parameters
[5.062s] Level 1:colcon.colcon_core.package_discovery:discover_packages(path) check parameters
[5.062s] Level 1:colcon.colcon_core.package_discovery:discover_packages(colcon_meta) discover
[5.062s] Level 1:colcon.colcon_core.package_discovery:discover_packages(recursive) discover
[5.062s] INFO:colcon.colcon_core.package_discovery:Crawling recursively for packages in '/home/robofei/ROS2/GC'
[5.063s] Level 1:colcon.colcon_core.package_identification:_identify(.) by extensions ['ignore', 'ignore_ament_install']
[5.064s] Level 1:colcon.colcon_core.package_identification:_identify(.) by extension 'ignore'
[5.064s] Level 1:colcon.colcon_core.package_identification:_identify(.) by extension 'ignore_ament_install'
[5.064s] Level 1:colcon.colcon_core.package_identification:_identify(.) by extensions ['colcon_pkg']
[5.065s] Level 1:colcon.colcon_core.package_identification:_identify(.) by extension 'colcon_pkg'
[5.065s] Level 1:colcon.colcon_core.package_identification:_identify(.) by extensions ['colcon_meta']
[5.065s] Level 1:colcon.colcon_core.package_identification:_identify(.) by extension 'colcon_meta'
[5.066s] Level 1:colcon.colcon_core.package_identification:_identify(.) by extensions ['ros']
[5.066s] Level 1:colcon.colcon_core.package_identification:_identify(.) by extension 'ros'
[5.159s] Level 1:colcon.colcon_core.package_identification:_identify(.) by extensions ['cmake', 'python']
[5.159s] Level 1:colcon.colcon_core.package_identification:_identify(.) by extension 'cmake'
[5.159s] Level 1:colcon.colcon_core.package_identification:_identify(.) by extension 'python'
[5.159s] Level 1:colcon.colcon_core.package_identification:_identify(.) by extensions ['python_setup_py']
[5.160s] Level 1:colcon.colcon_core.package_identification:_identify(.) by extension 'python_setup_py'
[5.160s] Level 1:colcon.colcon_core.package_identification:_identify(build) by extensions ['ignore', 'ignore_ament_install']
[5.160s] Level 1:colcon.colcon_core.package_identification:_identify(build) by extension 'ignore'
[5.160s] Level 1:colcon.colcon_core.package_identification:_identify(build) ignored
[5.160s] Level 1:colcon.colcon_core.package_identification:_identify(install) by extensions ['ignore', 'ignore_ament_install']
[5.161s] Level 1:colcon.colcon_core.package_identification:_identify(install) by extension 'ignore'
[5.161s] Level 1:colcon.colcon_core.package_identification:_identify(install) ignored
[5.161s] Level 1:colcon.colcon_core.package_identification:_identify(log) by extensions ['ignore', 'ignore_ament_install']
[5.162s] Level 1:colcon.colcon_core.package_identification:_identify(log) by extension 'ignore'
[5.162s] Level 1:colcon.colcon_core.package_identification:_identify(log) ignored
[5.162s] Level 1:colcon.colcon_core.package_identification:_identify(src) by extensions ['ignore', 'ignore_ament_install']
[5.162s] Level 1:colcon.colcon_core.package_identification:_identify(src) by extension 'ignore'
[5.162s] Level 1:colcon.colcon_core.package_identification:_identify(src) by extension 'ignore_ament_install'
[5.162s] Level 1:colcon.colcon_core.package_identification:_identify(src) by extensions ['colcon_pkg']
[5.163s] Level 1:colcon.colcon_core.package_identification:_identify(src) by extension 'colcon_pkg'
[5.163s] Level 1:colcon.colcon_core.package_identification:_identify(src) by extensions ['colcon_meta']
[5.163s] Level 1:colcon.colcon_core.package_identification:_identify(src) by extension 'colcon_meta'
[5.163s] Level 1:colcon.colcon_core.package_identification:_identify(src) by extensions ['ros']
[5.163s] Level 1:colcon.colcon_core.package_identification:_identify(src) by extension 'ros'
[5.163s] Level 1:colcon.colcon_core.package_identification:_identify(src) by extensions ['cmake', 'python']
[5.163s] Level 1:colcon.colcon_core.package_identification:_identify(src) by extension 'cmake'
[5.163s] Level 1:colcon.colcon_core.package_identification:_identify(src) by extension 'python'
[5.163s] Level 1:colcon.colcon_core.package_identification:_identify(src) by extensions ['python_setup_py']
[5.163s] Level 1:colcon.colcon_core.package_identification:_identify(src) by extension 'python_setup_py'
[5.186s] Level 1:colcon.colcon_core.package_identification:_identify(src/controller) by extensions ['ignore', 'ignore_ament_install']
[5.186s] Level 1:colcon.colcon_core.package_identification:_identify(src/controller) by extension 'ignore'
[5.186s] Level 1:colcon.colcon_core.package_identification:_identify(src/controller) by extension 'ignore_ament_install'
[5.186s] Level 1:colcon.colcon_core.package_identification:_identify(src/controller) by extensions ['colcon_pkg']
[5.186s] Level 1:colcon.colcon_core.package_identification:_identify(src/controller) by extension 'colcon_pkg'
[5.187s] Level 1:colcon.colcon_core.package_identification:_identify(src/controller) by extensions ['colcon_meta']
[5.187s] Level 1:colcon.colcon_core.package_identification:_identify(src/controller) by extension 'colcon_meta'
[5.187s] Level 1:colcon.colcon_core.package_identification:_identify(src/controller) by extensions ['ros']
[5.187s] Level 1:colcon.colcon_core.package_identification:_identify(src/controller) by extension 'ros'
[5.242s] DEBUG:colcon.colcon_core.package_identification:Package 'src/controller' with type 'ros.ament_python' and name 'controller'
[5.266s] Level 1:colcon.colcon_core.package_identification:_identify(src/messages) by extensions ['ignore', 'ignore_ament_install']
[5.266s] Level 1:colcon.colcon_core.package_identification:_identify(src/messages) by extension 'ignore'
[5.267s] Level 1:colcon.colcon_core.package_identification:_identify(src/messages) by extension 'ignore_ament_install'
[5.267s] Level 1:colcon.colcon_core.package_identification:_identify(src/messages) by extensions ['colcon_pkg']
[5.268s] Level 1:colcon.colcon_core.package_identification:_identify(src/messages) by extension 'colcon_pkg'
[5.268s] Level 1:colcon.colcon_core.package_identification:_identify(src/messages) by extensions ['colcon_meta']
[5.268s] Level 1:colcon.colcon_core.package_identification:_identify(src/messages) by extension 'colcon_meta'
[5.268s] Level 1:colcon.colcon_core.package_identification:_identify(src/messages) by extensions ['ros']
[5.269s] Level 1:colcon.colcon_core.package_identification:_identify(src/messages) by extension 'ros'
[5.269s] Level 1:colcon.colcon_core.package_identification:_identify(src/messages) by extensions ['cmake', 'python']
[5.270s] Level 1:colcon.colcon_core.package_identification:_identify(src/messages) by extension 'cmake'
[5.270s] Level 1:colcon.colcon_core.package_identification:_identify(src/messages) by extension 'python'
[5.270s] Level 1:colcon.colcon_core.package_identification:_identify(src/messages) by extensions ['python_setup_py']
[5.270s] Level 1:colcon.colcon_core.package_identification:_identify(src/messages) by extension 'python_setup_py'
[5.272s] Level 1:colcon.colcon_core.package_identification:_identify(src/messages/messages) by extensions ['ignore', 'ignore_ament_install']
[5.272s] Level 1:colcon.colcon_core.package_identification:_identify(src/messages/messages) by extension 'ignore'
[5.273s] Level 1:colcon.colcon_core.package_identification:_identify(src/messages/messages) by extension 'ignore_ament_install'
[5.273s] Level 1:colcon.colcon_core.package_identification:_identify(src/messages/messages) by extensions ['colcon_pkg']
[5.273s] Level 1:colcon.colcon_core.package_identification:_identify(src/messages/messages) by extension 'colcon_pkg'
[5.274s] Level 1:colcon.colcon_core.package_identification:_identify(src/messages/messages) by extensions ['colcon_meta']
[5.274s] Level 1:colcon.colcon_core.package_identification:_identify(src/messages/messages) by extension 'colcon_meta'
[5.274s] Level 1:colcon.colcon_core.package_identification:_identify(src/messages/messages) by extensions ['ros']
[5.274s] Level 1:colcon.colcon_core.package_identification:_identify(src/messages/messages) by extension 'ros'
[5.283s] DEBUG:colcon.colcon_core.package_identification:Package 'src/messages/messages' with type 'ros.ament_cmake' and name 'messages'
[5.283s] Level 1:colcon.colcon_core.package_discovery:discover_packages(recursive) using defaults
[5.284s] Level 1:colcon.colcon_core.package_discovery:discover_packages(ignore) discover
[5.284s] Level 1:colcon.colcon_core.package_discovery:discover_packages(ignore) using defaults
[5.284s] Level 1:colcon.colcon_core.package_discovery:discover_packages(path) discover
[5.284s] Level 1:colcon.colcon_core.package_discovery:discover_packages(path) using defaults
[5.636s] Level 5:colcon.colcon_core.verb:set package 'controller' build argument 'cmake_args' from command line to 'None'
[5.637s] Level 5:colcon.colcon_core.verb:set package 'controller' build argument 'cmake_target' from command line to 'None'
[5.637s] Level 5:colcon.colcon_core.verb:set package 'controller' build argument 'cmake_target_skip_unavailable' from command line to 'False'
[5.637s] Level 5:colcon.colcon_core.verb:set package 'controller' build argument 'cmake_clean_cache' from command line to 'False'
[5.637s] Level 5:colcon.colcon_core.verb:set package 'controller' build argument 'cmake_clean_first' from command line to 'False'
[5.638s] Level 5:colcon.colcon_core.verb:set package 'controller' build argument 'cmake_force_configure' from command line to 'False'
[5.638s] Level 5:colcon.colcon_core.verb:set package 'controller' build argument 'ament_cmake_args' from command line to 'None'
[5.638s] Level 5:colcon.colcon_core.verb:set package 'controller' build argument 'catkin_cmake_args' from command line to 'None'
[5.638s] Level 5:colcon.colcon_core.verb:set package 'controller' build argument 'catkin_skip_building_tests' from command line to 'False'
[5.638s] DEBUG:colcon.colcon_core.verb:Building package 'controller' with the following arguments: {'ament_cmake_args': None, 'build_base': '/home/robofei/ROS2/GC/build/controller', 'catkin_cmake_args': None, 'catkin_skip_building_tests': False, 'cmake_args': None, 'cmake_clean_cache': False, 'cmake_clean_first': False, 'cmake_force_configure': False, 'cmake_target': None, 'cmake_target_skip_unavailable': False, 'install_base': '/home/robofei/ROS2/GC/install/controller', 'merge_install': False, 'path': '/home/robofei/ROS2/GC/src/controller', 'symlink_install': True, 'test_result_base': None}
[5.642s] Level 5:colcon.colcon_core.verb:set package 'messages' build argument 'cmake_args' from command line to 'None'
[5.643s] Level 5:colcon.colcon_core.verb:set package 'messages' build argument 'cmake_target' from command line to 'None'
[5.643s] Level 5:colcon.colcon_core.verb:set package 'messages' build argument 'cmake_target_skip_unavailable' from command line to 'False'
[5.643s] Level 5:colcon.colcon_core.verb:set package 'messages' build argument 'cmake_clean_cache' from command line to 'False'
[5.643s] Level 5:colcon.colcon_core.verb:set package 'messages' build argument 'cmake_clean_first' from command line to 'False'
[5.643s] Level 5:colcon.colcon_core.verb:set package 'messages' build argument 'cmake_force_configure' from command line to 'False'
[5.644s] Level 5:colcon.colcon_core.verb:set package 'messages' build argument 'ament_cmake_args' from command line to 'None'
[5.644s] Level 5:colcon.colcon_core.verb:set package 'messages' build argument 'catkin_cmake_args' from command line to 'None'
[5.644s] Level 5:colcon.colcon_core.verb:set package 'messages' build argument 'catkin_skip_building_tests' from command line to 'False'
[5.644s] DEBUG:colcon.colcon_core.verb:Building package 'messages' with the following arguments: {'ament_cmake_args': None, 'build_base': '/home/robofei/ROS2/GC/build/messages', 'catkin_cmake_args': None, 'catkin_skip_building_tests': False, 'cmake_args': None, 'cmake_clean_cache': False, 'cmake_clean_first': False, 'cmake_force_configure': False, 'cmake_target': None, 'cmake_target_skip_unavailable': False, 'install_base': '/home/robofei/ROS2/GC/install/messages', 'merge_install': False, 'path': '/home/robofei/ROS2/GC/src/messages/messages', 'symlink_install': True, 'test_result_base': None}
[5.733s] INFO:colcon.colcon_core.executor:Executing jobs using 'parallel' executor
[5.744s] DEBUG:colcon.colcon_parallel_executor.executor.parallel:run_until_complete
[5.745s] INFO:colcon.colcon_ros.task.ament_python.build:Building ROS package in '/home/robofei/ROS2/GC/src/controller' with build type 'ament_python'
[5.746s] Level 1:colcon.colcon_core.shell:create_environment_hook('controller', 'ament_prefix_path')
[5.849s] INFO:colcon.colcon_core.plugin_system:Skipping extension 'colcon_core.shell.bat': Not used on non-Windows systems
[5.850s] INFO:colcon.colcon_core.shell:Creating environment hook '/home/robofei/ROS2/GC/install/controller/share/controller/hook/ament_prefix_path.ps1'
[5.894s] INFO:colcon.colcon_core.shell:Creating environment descriptor '/home/robofei/ROS2/GC/install/controller/share/controller/hook/ament_prefix_path.dsv'
[5.922s] INFO:colcon.colcon_core.shell:Creating environment hook '/home/robofei/ROS2/GC/install/controller/share/controller/hook/ament_prefix_path.sh'
[5.928s] INFO:colcon.colcon_core.shell:Skip shell extension 'powershell' for command environment: Not usable outside of PowerShell
[5.929s] DEBUG:colcon.colcon_core.shell:Skip shell extension 'dsv' for command environment
[5.987s] INFO:colcon.colcon_ros.task.ament_cmake.build:Building ROS package in '/home/robofei/ROS2/GC/src/messages/messages' with build type 'ament_cmake'
[5.989s] INFO:colcon.colcon_cmake.task.cmake.build:Building CMake package in '/home/robofei/ROS2/GC/src/messages/messages'
[5.994s] INFO:colcon.colcon_core.shell:Skip shell extension 'powershell' for command environment: Not usable outside of PowerShell
[5.995s] DEBUG:colcon.colcon_core.shell:Skip shell extension 'dsv' for command environment
[6.324s] INFO:colcon.colcon_core.task.python.build:Building Python package in '/home/robofei/ROS2/GC/src/controller'
[6.325s] INFO:colcon.colcon_core.shell:Skip shell extension 'powershell' for command environment: Not usable outside of PowerShell
[6.325s] DEBUG:colcon.colcon_core.shell:Skip shell extension 'dsv' for command environment
[6.397s] DEBUG:colcon.colcon_core.event_handler.log_command:Invoking command in '/home/robofei/ROS2/GC/build/messages': CMAKE_PREFIX_PATH=/opt/ros/foxy /usr/bin/cmake --build /home/robofei/ROS2/GC/build/messages -- -j4 -l4
[13.607s] DEBUG:colcon.colcon_core.event_handler.log_command:Invoking command in '/home/robofei/ROS2/GC/build/controller': PYTHONPATH=/home/robofei/ROS2/GC/install/controller/lib/python3.8/site-packages:${PYTHONPATH} /usr/bin/python3 setup.py develop --prefix /home/robofei/ROS2/GC/install/controller --editable --build-directory /home/robofei/ROS2/GC/build/controller/build --no-deps install_data --install-dir /home/robofei/ROS2/GC/install/controller
[13.864s] DEBUG:colcon.colcon_core.event_handler.log_command:Invoked command in '/home/robofei/ROS2/GC/build/messages' returned '0': CMAKE_PREFIX_PATH=/opt/ros/foxy /usr/bin/cmake --build /home/robofei/ROS2/GC/build/messages -- -j4 -l4
[13.928s] DEBUG:colcon.colcon_core.event_handler.log_command:Invoking command in '/home/robofei/ROS2/GC/build/messages': CMAKE_PREFIX_PATH=/opt/ros/foxy /usr/bin/cmake --install /home/robofei/ROS2/GC/build/messages
[14.478s] Level 1:colcon.colcon_core.shell:create_environment_hook('controller', 'pythonpath_develop')
[14.479s] INFO:colcon.colcon_core.shell:Creating environment hook '/home/robofei/ROS2/GC/build/controller/share/controller/hook/pythonpath_develop.ps1'
[14.480s] DEBUG:colcon.colcon_core.event_handler.log_command:Invoked command in '/home/robofei/ROS2/GC/build/controller' returned '0': PYTHONPATH=/home/robofei/ROS2/GC/install/controller/lib/python3.8/site-packages:${PYTHONPATH} /usr/bin/python3 setup.py develop --prefix /home/robofei/ROS2/GC/install/controller --editable --build-directory /home/robofei/ROS2/GC/build/controller/build --no-deps install_data --install-dir /home/robofei/ROS2/GC/install/controller
[14.491s] INFO:colcon.colcon_core.shell:Creating environment descriptor '/home/robofei/ROS2/GC/build/controller/share/controller/hook/pythonpath_develop.dsv'
[14.492s] INFO:colcon.colcon_core.shell:Creating environment hook '/home/robofei/ROS2/GC/build/controller/share/controller/hook/pythonpath_develop.sh'
[14.695s] Level 1:colcon.colcon_core.environment:checking '/home/robofei/ROS2/GC/install/controller' for CMake module files
[14.698s] Level 1:colcon.colcon_core.environment:checking '/home/robofei/ROS2/GC/install/controller' for CMake config files
[14.719s] Level 1:colcon.colcon_core.environment:checking '/home/robofei/ROS2/GC/install/controller/lib'
[14.720s] Level 1:colcon.colcon_core.environment:checking '/home/robofei/ROS2/GC/install/controller/bin'
[14.721s] Level 1:colcon.colcon_core.environment:checking '/home/robofei/ROS2/GC/install/controller/lib/pkgconfig/controller.pc'
[14.721s] Level 1:colcon.colcon_core.environment:checking '/home/robofei/ROS2/GC/install/controller/lib/python3.8/site-packages'
[14.722s] Level 1:colcon.colcon_core.shell:create_environment_hook('controller', 'pythonpath')
[14.724s] INFO:colcon.colcon_core.shell:Creating environment hook '/home/robofei/ROS2/GC/install/controller/share/controller/hook/pythonpath.ps1'
[14.727s] INFO:colcon.colcon_core.shell:Creating environment descriptor '/home/robofei/ROS2/GC/install/controller/share/controller/hook/pythonpath.dsv'
[14.728s] INFO:colcon.colcon_core.shell:Creating environment hook '/home/robofei/ROS2/GC/install/controller/share/controller/hook/pythonpath.sh'
[14.731s] Level 1:colcon.colcon_core.environment:create_environment_scripts_only(controller)
[14.734s] INFO:colcon.colcon_core.shell:Creating package script '/home/robofei/ROS2/GC/install/controller/share/controller/package.ps1'
[14.770s] INFO:colcon.colcon_core.shell:Creating package descriptor '/home/robofei/ROS2/GC/install/controller/share/controller/package.dsv'
[14.778s] INFO:colcon.colcon_core.shell:Creating package script '/home/robofei/ROS2/GC/install/controller/share/controller/package.sh'
[14.784s] INFO:colcon.colcon_core.shell:Creating package script '/home/robofei/ROS2/GC/install/controller/share/controller/package.bash'
[14.811s] INFO:colcon.colcon_core.shell:Creating package script '/home/robofei/ROS2/GC/install/controller/share/controller/package.zsh'
[14.829s] Level 1:colcon.colcon_core.environment:create_file_with_runtime_dependencies(/home/robofei/ROS2/GC/install/controller/share/colcon-core/packages/controller)
[14.836s] Level 1:colcon.colcon_core.environment:create_environment_scripts_only(messages)
[14.841s] Level 1:colcon.colcon_core.environment:checking '/home/robofei/ROS2/GC/install/messages' for CMake module files
[14.845s] DEBUG:colcon.colcon_core.event_handler.log_command:Invoked command in '/home/robofei/ROS2/GC/build/messages' returned '0': CMAKE_PREFIX_PATH=/opt/ros/foxy /usr/bin/cmake --install /home/robofei/ROS2/GC/build/messages
[14.849s] Level 1:colcon.colcon_core.environment:checking '/home/robofei/ROS2/GC/install/messages' for CMake config files
[14.896s] Level 1:colcon.colcon_core.shell:create_environment_hook('messages', 'cmake_prefix_path')
[14.899s] INFO:colcon.colcon_core.shell:Creating environment hook '/home/robofei/ROS2/GC/install/messages/share/messages/hook/cmake_prefix_path.ps1'
[14.901s] INFO:colcon.colcon_core.shell:Creating environment descriptor '/home/robofei/ROS2/GC/install/messages/share/messages/hook/cmake_prefix_path.dsv'
[14.903s] INFO:colcon.colcon_core.shell:Creating environment hook '/home/robofei/ROS2/GC/install/messages/share/messages/hook/cmake_prefix_path.sh'
[14.906s] Level 1:colcon.colcon_core.environment:checking '/home/robofei/ROS2/GC/install/messages/lib'
[14.907s] Level 1:colcon.colcon_core.shell:create_environment_hook('messages', 'ld_library_path_lib')
[14.909s] INFO:colcon.colcon_core.shell:Creating environment hook '/home/robofei/ROS2/GC/install/messages/share/messages/hook/ld_library_path_lib.ps1'
[14.911s] INFO:colcon.colcon_core.shell:Creating environment descriptor '/home/robofei/ROS2/GC/install/messages/share/messages/hook/ld_library_path_lib.dsv'
[14.913s] INFO:colcon.colcon_core.shell:Creating environment hook '/home/robofei/ROS2/GC/install/messages/share/messages/hook/ld_library_path_lib.sh'
[14.915s] Level 1:colcon.colcon_core.environment:checking '/home/robofei/ROS2/GC/install/messages/bin'
[14.915s] Level 1:colcon.colcon_core.environment:checking '/home/robofei/ROS2/GC/install/messages/lib/pkgconfig/messages.pc'
[14.916s] Level 1:colcon.colcon_core.environment:checking '/home/robofei/ROS2/GC/install/messages/lib/python3.8/site-packages'
[14.917s] Level 1:colcon.colcon_core.shell:create_environment_hook('messages', 'pythonpath')
[14.920s] INFO:colcon.colcon_core.shell:Creating environment hook '/home/robofei/ROS2/GC/install/messages/share/messages/hook/pythonpath.ps1'
[14.921s] INFO:colcon.colcon_core.shell:Creating environment descriptor '/home/robofei/ROS2/GC/install/messages/share/messages/hook/pythonpath.dsv'
[14.922s] INFO:colcon.colcon_core.shell:Creating environment hook '/home/robofei/ROS2/GC/install/messages/share/messages/hook/pythonpath.sh'
[14.943s] INFO:colcon.colcon_core.shell:Creating package script '/home/robofei/ROS2/GC/install/messages/share/messages/package.ps1'
[14.944s] INFO:colcon.colcon_core.shell:Creating package descriptor '/home/robofei/ROS2/GC/install/messages/share/messages/package.dsv'
[14.945s] INFO:colcon.colcon_core.shell:Creating package script '/home/robofei/ROS2/GC/install/messages/share/messages/package.sh'
[14.946s] INFO:colcon.colcon_core.shell:Creating package script '/home/robofei/ROS2/GC/install/messages/share/messages/package.bash'
[14.947s] INFO:colcon.colcon_core.shell:Creating package script '/home/robofei/ROS2/GC/install/messages/share/messages/package.zsh'
[14.947s] Level 1:colcon.colcon_core.environment:create_file_with_runtime_dependencies(/home/robofei/ROS2/GC/install/messages/share/colcon-core/packages/messages)
[15.007s] Level 1:colcon.colcon_core.environment:create_environment_scripts_only(messages)
[15.008s] Level 1:colcon.colcon_core.environment:checking '/home/robofei/ROS2/GC/install/messages' for CMake module files
[15.009s] Level 1:colcon.colcon_core.environment:checking '/home/robofei/ROS2/GC/install/messages' for CMake config files
[15.010s] Level 1:colcon.colcon_core.shell:create_environment_hook('messages', 'cmake_prefix_path')
[15.010s] INFO:colcon.colcon_core.shell:Creating environment hook '/home/robofei/ROS2/GC/install/messages/share/messages/hook/cmake_prefix_path.ps1'
[15.011s] INFO:colcon.colcon_core.shell:Creating environment descriptor '/home/robofei/ROS2/GC/install/messages/share/messages/hook/cmake_prefix_path.dsv'
[15.011s] INFO:colcon.colcon_core.shell:Creating environment hook '/home/robofei/ROS2/GC/install/messages/share/messages/hook/cmake_prefix_path.sh'
[15.012s] Level 1:colcon.colcon_core.environment:checking '/home/robofei/ROS2/GC/install/messages/lib'
[15.012s] Level 1:colcon.colcon_core.shell:create_environment_hook('messages', 'ld_library_path_lib')
[15.012s] INFO:colcon.colcon_core.shell:Creating environment hook '/home/robofei/ROS2/GC/install/messages/share/messages/hook/ld_library_path_lib.ps1'
[15.012s] INFO:colcon.colcon_core.shell:Creating environment descriptor '/home/robofei/ROS2/GC/install/messages/share/messages/hook/ld_library_path_lib.dsv'
[15.013s] INFO:colcon.colcon_core.shell:Creating environment hook '/home/robofei/ROS2/GC/install/messages/share/messages/hook/ld_library_path_lib.sh'
[15.013s] Level 1:colcon.colcon_core.environment:checking '/home/robofei/ROS2/GC/install/messages/bin'
[15.013s] Level 1:colcon.colcon_core.environment:checking '/home/robofei/ROS2/GC/install/messages/lib/pkgconfig/messages.pc'
[15.013s] Level 1:colcon.colcon_core.environment:checking '/home/robofei/ROS2/GC/install/messages/lib/python3.8/site-packages'
[15.014s] Level 1:colcon.colcon_core.shell:create_environment_hook('messages', 'pythonpath')
[15.014s] INFO:colcon.colcon_core.shell:Creating environment hook '/home/robofei/ROS2/GC/install/messages/share/messages/hook/pythonpath.ps1'
[15.014s] INFO:colcon.colcon_core.shell:Creating environment descriptor '/home/robofei/ROS2/GC/install/messages/share/messages/hook/pythonpath.dsv'
[15.015s] INFO:colcon.colcon_core.shell:Creating environment hook '/home/robofei/ROS2/GC/install/messages/share/messages/hook/pythonpath.sh'
[15.016s] INFO:colcon.colcon_core.shell:Creating package script '/home/robofei/ROS2/GC/install/messages/share/messages/package.ps1'
[15.016s] INFO:colcon.colcon_core.shell:Creating package descriptor '/home/robofei/ROS2/GC/install/messages/share/messages/package.dsv'
[15.017s] INFO:colcon.colcon_core.shell:Creating package script '/home/robofei/ROS2/GC/install/messages/share/messages/package.sh'
[15.018s] INFO:colcon.colcon_core.shell:Creating package script '/home/robofei/ROS2/GC/install/messages/share/messages/package.bash'
[15.018s] INFO:colcon.colcon_core.shell:Creating package script '/home/robofei/ROS2/GC/install/messages/share/messages/package.zsh'
[15.018s] Level 1:colcon.colcon_core.environment:create_file_with_runtime_dependencies(/home/robofei/ROS2/GC/install/messages/share/colcon-core/packages/messages)
[15.019s] DEBUG:colcon.colcon_parallel_executor.executor.parallel:closing loop
[15.019s] DEBUG:colcon.colcon_parallel_executor.executor.parallel:loop closed
[15.019s] DEBUG:colcon.colcon_parallel_executor.executor.parallel:run_until_complete finished with '0'
[15.020s] DEBUG:colcon.colcon_core.event_reactor:joining thread
[15.072s] INFO:colcon.colcon_core.plugin_system:Skipping extension 'colcon_notification.desktop_notification.terminal_notifier': Not used on non-Darwin systems
[15.072s] INFO:colcon.colcon_core.plugin_system:Skipping extension 'colcon_notification.desktop_notification.win32': Not used on non-Windows systems
[15.072s] INFO:colcon.colcon_notification.desktop_notification:Sending desktop notification using 'notify2'
[15.098s] DEBUG:colcon.colcon_core.event_reactor:joined thread
[15.099s] INFO:colcon.colcon_core.shell:Creating prefix script '/home/robofei/ROS2/GC/install/local_setup.ps1'
[15.121s] INFO:colcon.colcon_core.shell:Creating prefix util module '/home/robofei/ROS2/GC/install/_local_setup_util_ps1.py'
[15.142s] INFO:colcon.colcon_core.shell:Creating prefix chain script '/home/robofei/ROS2/GC/install/setup.ps1'
[15.144s] INFO:colcon.colcon_core.shell:Creating prefix script '/home/robofei/ROS2/GC/install/local_setup.sh'
[15.187s] INFO:colcon.colcon_core.shell:Creating prefix util module '/home/robofei/ROS2/GC/install/_local_setup_util_sh.py'
[15.191s] INFO:colcon.colcon_core.shell:Creating prefix chain script '/home/robofei/ROS2/GC/install/setup.sh'
[15.197s] INFO:colcon.colcon_core.shell:Creating prefix script '/home/robofei/ROS2/GC/install/local_setup.bash'
[15.208s] INFO:colcon.colcon_core.shell:Creating prefix chain script '/home/robofei/ROS2/GC/install/setup.bash'
[15.215s] INFO:colcon.colcon_core.shell:Creating prefix script '/home/robofei/ROS2/GC/install/local_setup.zsh'
[15.227s] INFO:colcon.colcon_core.shell:Creating prefix chain script '/home/robofei/ROS2/GC/install/setup.zsh'
