[0.014s] Invoking command in '/home/robofei/ROS2/action/build/control': CMAKE_PREFIX_PATH=/home/robofei/ROS2/action/install/dynamixel_sdk_custom_interfaces:/home/robofei/ROS2/action/install/control:/opt/ros/foxy /usr/bin/cmake --build /home/robofei/ROS2/action/build/control -- -j4 -l4
[0.043s] -- Found ament_cmake: 0.9.9 (/opt/ros/foxy/share/ament_cmake/cmake)
[0.075s] -- Using PYTHON_EXECUTABLE: /usr/bin/python3
[0.289s] -- Override CMake install command with custom implementation using symlinks instead of copying resources
[0.299s] -- Found dynamixel_sdk_custom_interfaces: 3.7.40 (/home/robofei/ROS2/action/install/dynamixel_sdk_custom_interfaces/share/dynamixel_sdk_custom_interfaces/cmake)
[0.325s] -- Using all available rosidl_typesupport_c: rosidl_typesupport_fastrtps_c;rosidl_typesupport_introspection_c
[0.329s] -- Found rosidl_adapter: 1.2.1 (/opt/ros/foxy/share/rosidl_adapter/cmake)
[0.463s] -- Using all available rosidl_typesupport_cpp: rosidl_typesupport_fastrtps_cpp;rosidl_typesupport_introspection_cpp
[0.512s] -- Found rclcpp: 2.4.1 (/opt/ros/foxy/share/rclcpp/cmake)
[0.558s] -- Found rmw_implementation_cmake: 1.0.3 (/opt/ros/foxy/share/rmw_implementation_cmake/cmake)
[0.560s] -- Using RMW implementation 'rmw_fastrtps_cpp' as default
[0.726s] -- Found sensor_msgs: 2.0.5 (/opt/ros/foxy/share/sensor_msgs/cmake)
[0.859s] -- Found ament_lint_auto: 0.9.6 (/opt/ros/foxy/share/ament_lint_auto/cmake)
[0.928s] -- Added test 'copyright' to check source files copyright and LICENSE
[0.934s] -- Added test 'cppcheck' to perform static code analysis on C / C++ code
[0.935s] -- Configured cppcheck include dirs: /home/robofei/ROS2/action/src/control/include;/home/robofei/ROS2/action/src/control/Framework;/home/robofei/ROS2/action/src/control/Linux
[0.935s] -- Configured cppcheck exclude dirs and/or files: 
[0.941s] -- Added test 'cpplint' to check C / C++ code against the Google style
[0.941s] -- Configured cpplint exclude dirs and/or files: 
[0.942s] -- Added test 'flake8' to check Python code syntax and style conventions
[0.944s] -- Added test 'lint_cmake' to check CMake code style
[0.945s] -- Added test 'pep257' to check Python code against some of the style conventions in PEP 257
[0.951s] -- Added test 'uncrustify' to check C / C++ code style
[0.952s] -- Configured uncrustify additional arguments: 
[0.953s] -- Added test 'xmllint' to check XML markup files
[0.956s] -- Configuring done
[0.969s] -- Generating done
[0.971s] -- Build files have been written to: /home/robofei/ROS2/action/build/control
[1.018s] [ 50%] Built target decision
[1.018s] [100%] Built target control
[1.030s] Invoked command in '/home/robofei/ROS2/action/build/control' returned '0': CMAKE_PREFIX_PATH=/home/robofei/ROS2/action/install/dynamixel_sdk_custom_interfaces:/home/robofei/ROS2/action/install/control:/opt/ros/foxy /usr/bin/cmake --build /home/robofei/ROS2/action/build/control -- -j4 -l4
[1.060s] Invoking command in '/home/robofei/ROS2/action/build/control': CMAKE_PREFIX_PATH=/home/robofei/ROS2/action/install/dynamixel_sdk_custom_interfaces:/home/robofei/ROS2/action/install/control:/opt/ros/foxy /usr/bin/cmake --install /home/robofei/ROS2/action/build/control
[1.068s] -- Install configuration: ""
[1.069s] -- Execute custom install script
[1.069s] -- Up-to-date symlink: /home/robofei/ROS2/action/install/control/lib/control/control
[1.070s] -- Symlinking: /home/robofei/ROS2/action/install/control/share/control//launch/action.launch.py
[1.080s] -- Up-to-date symlink: /home/robofei/ROS2/action/install/control/share/ament_index/resource_index/package_run_dependencies/control
[1.080s] -- Up-to-date symlink: /home/robofei/ROS2/action/install/control/share/ament_index/resource_index/parent_prefix_path/control
[1.081s] -- Up-to-date symlink: /home/robofei/ROS2/action/install/control/share/control/environment/ament_prefix_path.sh
[1.081s] -- Up-to-date symlink: /home/robofei/ROS2/action/install/control/share/control/environment/ament_prefix_path.dsv
[1.081s] -- Up-to-date symlink: /home/robofei/ROS2/action/install/control/share/control/environment/path.sh
[1.081s] -- Up-to-date symlink: /home/robofei/ROS2/action/install/control/share/control/environment/path.dsv
[1.082s] -- Up-to-date symlink: /home/robofei/ROS2/action/install/control/share/control/local_setup.bash
[1.082s] -- Up-to-date symlink: /home/robofei/ROS2/action/install/control/share/control/local_setup.sh
[1.082s] -- Up-to-date symlink: /home/robofei/ROS2/action/install/control/share/control/local_setup.zsh
[1.083s] -- Up-to-date symlink: /home/robofei/ROS2/action/install/control/share/control/local_setup.dsv
[1.083s] -- Symlinking: /home/robofei/ROS2/action/install/control/share/control/package.dsv
[1.093s] -- Up-to-date symlink: /home/robofei/ROS2/action/install/control/share/ament_index/resource_index/packages/control
[1.093s] -- Up-to-date symlink: /home/robofei/ROS2/action/install/control/share/control/cmake/controlConfig.cmake
[1.093s] -- Up-to-date symlink: /home/robofei/ROS2/action/install/control/share/control/cmake/controlConfig-version.cmake
[1.094s] -- Up-to-date symlink: /home/robofei/ROS2/action/install/control/share/control/package.xml
[1.097s] Invoked command in '/home/robofei/ROS2/action/build/control' returned '0': CMAKE_PREFIX_PATH=/home/robofei/ROS2/action/install/dynamixel_sdk_custom_interfaces:/home/robofei/ROS2/action/install/control:/opt/ros/foxy /usr/bin/cmake --install /home/robofei/ROS2/action/build/control
