[0.097s] DEBUG:colcon:Command line arguments: ['/usr/bin/colcon', 'build', '--symlink-install']
[0.097s] DEBUG:colcon:Parsed command line arguments: Namespace(allow_overriding=[], ament_cmake_args=None, base_paths=['.'], build_base='build', catkin_cmake_args=None, catkin_skip_building_tests=False, cmake_args=None, cmake_clean_cache=False, cmake_clean_first=False, cmake_force_configure=False, cmake_target=None, cmake_target_skip_unavailable=False, continue_on_error=False, event_handlers=None, executor='parallel', ignore_user_meta=False, install_base='install', log_base=None, log_level=None, main=<bound method BuildVerb.main of <colcon_core.verb.build.BuildVerb object at 0x7fc7aaad3700>>, merge_install=False, metas=['./colcon.meta'], packages_above=None, packages_above_and_dependencies=None, packages_above_depth=None, packages_end=None, packages_ignore=None, packages_ignore_regex=None, packages_select=None, packages_select_build_failed=False, packages_select_by_dep=None, packages_select_regex=None, packages_select_test_failures=False, packages_skip=None, packages_skip_build_finished=False, packages_skip_by_dep=None, packages_skip_regex=None, packages_skip_test_passed=False, packages_skip_up_to=None, packages_start=None, packages_up_to=None, packages_up_to_regex=None, parallel_workers=12, paths=None, symlink_install=True, test_result_base=None, verb_extension=<colcon_core.verb.build.BuildVerb object at 0x7fc7aaad3700>, verb_name='build', verb_parser=<colcon_defaults.argument_parser.defaults.DefaultArgumentsDecorator object at 0x7fc7aaad3c40>)
[0.114s] Level 1:colcon.colcon_core.package_discovery:discover_packages(colcon_meta) check parameters
[0.114s] Level 1:colcon.colcon_core.package_discovery:discover_packages(recursive) check parameters
[0.114s] Level 1:colcon.colcon_core.package_discovery:discover_packages(ignore) check parameters
[0.114s] Level 1:colcon.colcon_core.package_discovery:discover_packages(path) check parameters
[0.114s] Level 1:colcon.colcon_core.package_discovery:discover_packages(colcon_meta) discover
[0.114s] Level 1:colcon.colcon_core.package_discovery:discover_packages(recursive) discover
[0.114s] INFO:colcon.colcon_core.package_discovery:Crawling recursively for packages in '/home/robofei/ROS2/action'
[0.114s] Level 1:colcon.colcon_core.package_identification:_identify(.) by extensions ['ignore', 'ignore_ament_install']
[0.115s] Level 1:colcon.colcon_core.package_identification:_identify(.) by extension 'ignore'
[0.115s] Level 1:colcon.colcon_core.package_identification:_identify(.) by extension 'ignore_ament_install'
[0.115s] Level 1:colcon.colcon_core.package_identification:_identify(.) by extensions ['colcon_pkg']
[0.115s] Level 1:colcon.colcon_core.package_identification:_identify(.) by extension 'colcon_pkg'
[0.115s] Level 1:colcon.colcon_core.package_identification:_identify(.) by extensions ['colcon_meta']
[0.115s] Level 1:colcon.colcon_core.package_identification:_identify(.) by extension 'colcon_meta'
[0.115s] Level 1:colcon.colcon_core.package_identification:_identify(.) by extensions ['ros']
[0.115s] Level 1:colcon.colcon_core.package_identification:_identify(.) by extension 'ros'
[0.123s] Level 1:colcon.colcon_core.package_identification:_identify(.) by extensions ['cmake', 'python']
[0.123s] Level 1:colcon.colcon_core.package_identification:_identify(.) by extension 'cmake'
[0.123s] Level 1:colcon.colcon_core.package_identification:_identify(.) by extension 'python'
[0.123s] Level 1:colcon.colcon_core.package_identification:_identify(.) by extensions ['python_setup_py']
[0.123s] Level 1:colcon.colcon_core.package_identification:_identify(.) by extension 'python_setup_py'
[0.123s] Level 1:colcon.colcon_core.package_identification:_identify(build) by extensions ['ignore', 'ignore_ament_install']
[0.123s] Level 1:colcon.colcon_core.package_identification:_identify(build) by extension 'ignore'
[0.123s] Level 1:colcon.colcon_core.package_identification:_identify(build) ignored
[0.123s] Level 1:colcon.colcon_core.package_identification:_identify(install) by extensions ['ignore', 'ignore_ament_install']
[0.124s] Level 1:colcon.colcon_core.package_identification:_identify(install) by extension 'ignore'
[0.124s] Level 1:colcon.colcon_core.package_identification:_identify(install) ignored
[0.124s] Level 1:colcon.colcon_core.package_identification:_identify(log) by extensions ['ignore', 'ignore_ament_install']
[0.124s] Level 1:colcon.colcon_core.package_identification:_identify(log) by extension 'ignore'
[0.124s] Level 1:colcon.colcon_core.package_identification:_identify(log) ignored
[0.124s] Level 1:colcon.colcon_core.package_identification:_identify(src) by extensions ['ignore', 'ignore_ament_install']
[0.124s] Level 1:colcon.colcon_core.package_identification:_identify(src) by extension 'ignore'
[0.124s] Level 1:colcon.colcon_core.package_identification:_identify(src) by extension 'ignore_ament_install'
[0.124s] Level 1:colcon.colcon_core.package_identification:_identify(src) by extensions ['colcon_pkg']
[0.124s] Level 1:colcon.colcon_core.package_identification:_identify(src) by extension 'colcon_pkg'
[0.124s] Level 1:colcon.colcon_core.package_identification:_identify(src) by extensions ['colcon_meta']
[0.124s] Level 1:colcon.colcon_core.package_identification:_identify(src) by extension 'colcon_meta'
[0.124s] Level 1:colcon.colcon_core.package_identification:_identify(src) by extensions ['ros']
[0.124s] Level 1:colcon.colcon_core.package_identification:_identify(src) by extension 'ros'
[0.124s] Level 1:colcon.colcon_core.package_identification:_identify(src) by extensions ['cmake', 'python']
[0.124s] Level 1:colcon.colcon_core.package_identification:_identify(src) by extension 'cmake'
[0.124s] Level 1:colcon.colcon_core.package_identification:_identify(src) by extension 'python'
[0.124s] Level 1:colcon.colcon_core.package_identification:_identify(src) by extensions ['python_setup_py']
[0.124s] Level 1:colcon.colcon_core.package_identification:_identify(src) by extension 'python_setup_py'
[0.125s] Level 1:colcon.colcon_core.package_identification:_identify(src/control) by extensions ['ignore', 'ignore_ament_install']
[0.125s] Level 1:colcon.colcon_core.package_identification:_identify(src/control) by extension 'ignore'
[0.125s] Level 1:colcon.colcon_core.package_identification:_identify(src/control) by extension 'ignore_ament_install'
[0.125s] Level 1:colcon.colcon_core.package_identification:_identify(src/control) by extensions ['colcon_pkg']
[0.125s] Level 1:colcon.colcon_core.package_identification:_identify(src/control) by extension 'colcon_pkg'
[0.125s] Level 1:colcon.colcon_core.package_identification:_identify(src/control) by extensions ['colcon_meta']
[0.125s] Level 1:colcon.colcon_core.package_identification:_identify(src/control) by extension 'colcon_meta'
[0.125s] Level 1:colcon.colcon_core.package_identification:_identify(src/control) by extensions ['ros']
[0.125s] Level 1:colcon.colcon_core.package_identification:_identify(src/control) by extension 'ros'
[0.127s] DEBUG:colcon.colcon_core.package_identification:Package 'src/control' with type 'ros.ament_cmake' and name 'control'
[0.127s] Level 1:colcon.colcon_core.package_identification:_identify(src/dynamixel_sdk_custom_interfaces) by extensions ['ignore', 'ignore_ament_install']
[0.127s] Level 1:colcon.colcon_core.package_identification:_identify(src/dynamixel_sdk_custom_interfaces) by extension 'ignore'
[0.127s] Level 1:colcon.colcon_core.package_identification:_identify(src/dynamixel_sdk_custom_interfaces) by extension 'ignore_ament_install'
[0.127s] Level 1:colcon.colcon_core.package_identification:_identify(src/dynamixel_sdk_custom_interfaces) by extensions ['colcon_pkg']
[0.127s] Level 1:colcon.colcon_core.package_identification:_identify(src/dynamixel_sdk_custom_interfaces) by extension 'colcon_pkg'
[0.127s] Level 1:colcon.colcon_core.package_identification:_identify(src/dynamixel_sdk_custom_interfaces) by extensions ['colcon_meta']
[0.127s] Level 1:colcon.colcon_core.package_identification:_identify(src/dynamixel_sdk_custom_interfaces) by extension 'colcon_meta'
[0.127s] Level 1:colcon.colcon_core.package_identification:_identify(src/dynamixel_sdk_custom_interfaces) by extensions ['ros']
[0.127s] Level 1:colcon.colcon_core.package_identification:_identify(src/dynamixel_sdk_custom_interfaces) by extension 'ros'
[0.128s] DEBUG:colcon.colcon_core.package_identification:Package 'src/dynamixel_sdk_custom_interfaces' with type 'ros.ament_cmake' and name 'dynamixel_sdk_custom_interfaces'
[0.128s] Level 1:colcon.colcon_core.package_discovery:discover_packages(recursive) using defaults
[0.128s] Level 1:colcon.colcon_core.package_discovery:discover_packages(ignore) discover
[0.128s] Level 1:colcon.colcon_core.package_discovery:discover_packages(ignore) using defaults
[0.128s] Level 1:colcon.colcon_core.package_discovery:discover_packages(path) discover
[0.128s] Level 1:colcon.colcon_core.package_discovery:discover_packages(path) using defaults
[0.140s] Level 1:colcon.colcon_core.package_discovery:discover_packages(prefix_path) check parameters
[0.140s] Level 1:colcon.colcon_core.package_discovery:discover_packages(prefix_path) discover
[0.142s] DEBUG:colcon.colcon_installed_package_information.package_discovery:Found 269 installed packages in /opt/ros/galactic
[0.143s] Level 1:colcon.colcon_core.package_discovery:discover_packages(prefix_path) using defaults
[0.207s] Level 5:colcon.colcon_core.verb:set package 'dynamixel_sdk_custom_interfaces' build argument 'cmake_args' from command line to 'None'
[0.207s] Level 5:colcon.colcon_core.verb:set package 'dynamixel_sdk_custom_interfaces' build argument 'cmake_target' from command line to 'None'
[0.207s] Level 5:colcon.colcon_core.verb:set package 'dynamixel_sdk_custom_interfaces' build argument 'cmake_target_skip_unavailable' from command line to 'False'
[0.207s] Level 5:colcon.colcon_core.verb:set package 'dynamixel_sdk_custom_interfaces' build argument 'cmake_clean_cache' from command line to 'False'
[0.207s] Level 5:colcon.colcon_core.verb:set package 'dynamixel_sdk_custom_interfaces' build argument 'cmake_clean_first' from command line to 'False'
[0.207s] Level 5:colcon.colcon_core.verb:set package 'dynamixel_sdk_custom_interfaces' build argument 'cmake_force_configure' from command line to 'False'
[0.207s] Level 5:colcon.colcon_core.verb:set package 'dynamixel_sdk_custom_interfaces' build argument 'ament_cmake_args' from command line to 'None'
[0.207s] Level 5:colcon.colcon_core.verb:set package 'dynamixel_sdk_custom_interfaces' build argument 'catkin_cmake_args' from command line to 'None'
[0.207s] Level 5:colcon.colcon_core.verb:set package 'dynamixel_sdk_custom_interfaces' build argument 'catkin_skip_building_tests' from command line to 'False'
[0.207s] DEBUG:colcon.colcon_core.verb:Building package 'dynamixel_sdk_custom_interfaces' with the following arguments: {'ament_cmake_args': None, 'build_base': '/home/robofei/ROS2/action/build/dynamixel_sdk_custom_interfaces', 'catkin_cmake_args': None, 'catkin_skip_building_tests': False, 'cmake_args': None, 'cmake_clean_cache': False, 'cmake_clean_first': False, 'cmake_force_configure': False, 'cmake_target': None, 'cmake_target_skip_unavailable': False, 'install_base': '/home/robofei/ROS2/action/install/dynamixel_sdk_custom_interfaces', 'merge_install': False, 'path': '/home/robofei/ROS2/action/src/dynamixel_sdk_custom_interfaces', 'symlink_install': True, 'test_result_base': None}
[0.207s] Level 5:colcon.colcon_core.verb:set package 'control' build argument 'cmake_args' from command line to 'None'
[0.207s] Level 5:colcon.colcon_core.verb:set package 'control' build argument 'cmake_target' from command line to 'None'
[0.207s] Level 5:colcon.colcon_core.verb:set package 'control' build argument 'cmake_target_skip_unavailable' from command line to 'False'
[0.207s] Level 5:colcon.colcon_core.verb:set package 'control' build argument 'cmake_clean_cache' from command line to 'False'
[0.207s] Level 5:colcon.colcon_core.verb:set package 'control' build argument 'cmake_clean_first' from command line to 'False'
[0.207s] Level 5:colcon.colcon_core.verb:set package 'control' build argument 'cmake_force_configure' from command line to 'False'
[0.208s] Level 5:colcon.colcon_core.verb:set package 'control' build argument 'ament_cmake_args' from command line to 'None'
[0.208s] Level 5:colcon.colcon_core.verb:set package 'control' build argument 'catkin_cmake_args' from command line to 'None'
[0.208s] Level 5:colcon.colcon_core.verb:set package 'control' build argument 'catkin_skip_building_tests' from command line to 'False'
[0.208s] DEBUG:colcon.colcon_core.verb:Building package 'control' with the following arguments: {'ament_cmake_args': None, 'build_base': '/home/robofei/ROS2/action/build/control', 'catkin_cmake_args': None, 'catkin_skip_building_tests': False, 'cmake_args': None, 'cmake_clean_cache': False, 'cmake_clean_first': False, 'cmake_force_configure': False, 'cmake_target': None, 'cmake_target_skip_unavailable': False, 'install_base': '/home/robofei/ROS2/action/install/control', 'merge_install': False, 'path': '/home/robofei/ROS2/action/src/control', 'symlink_install': True, 'test_result_base': None}
[0.208s] INFO:colcon.colcon_core.executor:Executing jobs using 'parallel' executor
[0.209s] DEBUG:colcon.colcon_parallel_executor.executor.parallel:run_until_complete
[0.209s] INFO:colcon.colcon_ros.task.ament_cmake.build:Building ROS package in '/home/robofei/ROS2/action/src/dynamixel_sdk_custom_interfaces' with build type 'ament_cmake'
[0.209s] INFO:colcon.colcon_cmake.task.cmake.build:Building CMake package in '/home/robofei/ROS2/action/src/dynamixel_sdk_custom_interfaces'
[0.212s] INFO:colcon.colcon_core.plugin_system:Skipping extension 'colcon_core.shell.bat': Not used on non-Windows systems
[0.212s] INFO:colcon.colcon_core.shell:Skip shell extension 'powershell' for command environment: Not usable outside of PowerShell
[0.212s] DEBUG:colcon.colcon_core.shell:Skip shell extension 'dsv' for command environment
[0.221s] DEBUG:colcon.colcon_core.event_handler.log_command:Invoking command in '/home/robofei/ROS2/action/build/dynamixel_sdk_custom_interfaces': CMAKE_PREFIX_PATH=/opt/ros/galactic LESS= -R -X -F /usr/bin/cmake --build /home/robofei/ROS2/action/build/dynamixel_sdk_custom_interfaces -- -j12 -l12
[0.370s] DEBUG:colcon.colcon_core.event_handler.log_command:Invoked command in '/home/robofei/ROS2/action/build/dynamixel_sdk_custom_interfaces' returned '0': CMAKE_PREFIX_PATH=/opt/ros/galactic LESS= -R -X -F /usr/bin/cmake --build /home/robofei/ROS2/action/build/dynamixel_sdk_custom_interfaces -- -j12 -l12
[0.418s] DEBUG:colcon.colcon_core.event_handler.log_command:Invoking command in '/home/robofei/ROS2/action/build/dynamixel_sdk_custom_interfaces': CMAKE_PREFIX_PATH=/opt/ros/galactic LESS= -R -X -F /usr/bin/cmake --install /home/robofei/ROS2/action/build/dynamixel_sdk_custom_interfaces
[0.479s] Level 1:colcon.colcon_core.environment:create_environment_scripts_only(dynamixel_sdk_custom_interfaces)
[0.480s] DEBUG:colcon.colcon_core.event_handler.log_command:Invoked command in '/home/robofei/ROS2/action/build/dynamixel_sdk_custom_interfaces' returned '0': CMAKE_PREFIX_PATH=/opt/ros/galactic LESS= -R -X -F /usr/bin/cmake --install /home/robofei/ROS2/action/build/dynamixel_sdk_custom_interfaces
[0.483s] Level 1:colcon.colcon_core.environment:checking '/home/robofei/ROS2/action/install/dynamixel_sdk_custom_interfaces' for CMake module files
[0.483s] Level 1:colcon.colcon_core.environment:checking '/home/robofei/ROS2/action/install/dynamixel_sdk_custom_interfaces' for CMake config files
[0.484s] Level 1:colcon.colcon_core.shell:create_environment_hook('dynamixel_sdk_custom_interfaces', 'cmake_prefix_path')
[0.484s] INFO:colcon.colcon_core.shell:Creating environment hook '/home/robofei/ROS2/action/install/dynamixel_sdk_custom_interfaces/share/dynamixel_sdk_custom_interfaces/hook/cmake_prefix_path.ps1'
[0.484s] INFO:colcon.colcon_core.shell:Creating environment descriptor '/home/robofei/ROS2/action/install/dynamixel_sdk_custom_interfaces/share/dynamixel_sdk_custom_interfaces/hook/cmake_prefix_path.dsv'
[0.485s] INFO:colcon.colcon_core.shell:Creating environment hook '/home/robofei/ROS2/action/install/dynamixel_sdk_custom_interfaces/share/dynamixel_sdk_custom_interfaces/hook/cmake_prefix_path.sh'
[0.485s] Level 1:colcon.colcon_core.environment:checking '/home/robofei/ROS2/action/install/dynamixel_sdk_custom_interfaces/lib'
[0.486s] Level 1:colcon.colcon_core.shell:create_environment_hook('dynamixel_sdk_custom_interfaces', 'ld_library_path_lib')
[0.486s] INFO:colcon.colcon_core.shell:Creating environment hook '/home/robofei/ROS2/action/install/dynamixel_sdk_custom_interfaces/share/dynamixel_sdk_custom_interfaces/hook/ld_library_path_lib.ps1'
[0.486s] INFO:colcon.colcon_core.shell:Creating environment descriptor '/home/robofei/ROS2/action/install/dynamixel_sdk_custom_interfaces/share/dynamixel_sdk_custom_interfaces/hook/ld_library_path_lib.dsv'
[0.486s] INFO:colcon.colcon_core.shell:Creating environment hook '/home/robofei/ROS2/action/install/dynamixel_sdk_custom_interfaces/share/dynamixel_sdk_custom_interfaces/hook/ld_library_path_lib.sh'
[0.487s] Level 1:colcon.colcon_core.environment:checking '/home/robofei/ROS2/action/install/dynamixel_sdk_custom_interfaces/bin'
[0.487s] Level 1:colcon.colcon_core.environment:checking '/home/robofei/ROS2/action/install/dynamixel_sdk_custom_interfaces/lib/pkgconfig/dynamixel_sdk_custom_interfaces.pc'
[0.487s] Level 1:colcon.colcon_core.environment:checking '/home/robofei/ROS2/action/install/dynamixel_sdk_custom_interfaces/lib/python3.8/site-packages'
[0.487s] Level 1:colcon.colcon_core.shell:create_environment_hook('dynamixel_sdk_custom_interfaces', 'pythonpath')
[0.487s] INFO:colcon.colcon_core.shell:Creating environment hook '/home/robofei/ROS2/action/install/dynamixel_sdk_custom_interfaces/share/dynamixel_sdk_custom_interfaces/hook/pythonpath.ps1'
[0.487s] INFO:colcon.colcon_core.shell:Creating environment descriptor '/home/robofei/ROS2/action/install/dynamixel_sdk_custom_interfaces/share/dynamixel_sdk_custom_interfaces/hook/pythonpath.dsv'
[0.488s] INFO:colcon.colcon_core.shell:Creating environment hook '/home/robofei/ROS2/action/install/dynamixel_sdk_custom_interfaces/share/dynamixel_sdk_custom_interfaces/hook/pythonpath.sh'
[0.488s] Level 1:colcon.colcon_core.environment:checking '/home/robofei/ROS2/action/install/dynamixel_sdk_custom_interfaces/bin'
[0.488s] INFO:colcon.colcon_core.shell:Creating package script '/home/robofei/ROS2/action/install/dynamixel_sdk_custom_interfaces/share/dynamixel_sdk_custom_interfaces/package.ps1'
[0.489s] INFO:colcon.colcon_core.shell:Creating package descriptor '/home/robofei/ROS2/action/install/dynamixel_sdk_custom_interfaces/share/dynamixel_sdk_custom_interfaces/package.dsv'
[0.489s] INFO:colcon.colcon_core.shell:Creating package script '/home/robofei/ROS2/action/install/dynamixel_sdk_custom_interfaces/share/dynamixel_sdk_custom_interfaces/package.sh'
[0.490s] INFO:colcon.colcon_core.shell:Creating package script '/home/robofei/ROS2/action/install/dynamixel_sdk_custom_interfaces/share/dynamixel_sdk_custom_interfaces/package.bash'
[0.491s] INFO:colcon.colcon_core.shell:Creating package script '/home/robofei/ROS2/action/install/dynamixel_sdk_custom_interfaces/share/dynamixel_sdk_custom_interfaces/package.zsh'
[0.492s] Level 1:colcon.colcon_core.environment:create_file_with_runtime_dependencies(/home/robofei/ROS2/action/install/dynamixel_sdk_custom_interfaces/share/colcon-core/packages/dynamixel_sdk_custom_interfaces)
[0.534s] Level 1:colcon.colcon_core.environment:create_environment_scripts_only(dynamixel_sdk_custom_interfaces)
[0.535s] Level 1:colcon.colcon_core.environment:checking '/home/robofei/ROS2/action/install/dynamixel_sdk_custom_interfaces' for CMake module files
[0.535s] Level 1:colcon.colcon_core.environment:checking '/home/robofei/ROS2/action/install/dynamixel_sdk_custom_interfaces' for CMake config files
[0.535s] Level 1:colcon.colcon_core.shell:create_environment_hook('dynamixel_sdk_custom_interfaces', 'cmake_prefix_path')
[0.536s] INFO:colcon.colcon_core.shell:Creating environment hook '/home/robofei/ROS2/action/install/dynamixel_sdk_custom_interfaces/share/dynamixel_sdk_custom_interfaces/hook/cmake_prefix_path.ps1'
[0.536s] INFO:colcon.colcon_core.shell:Creating environment descriptor '/home/robofei/ROS2/action/install/dynamixel_sdk_custom_interfaces/share/dynamixel_sdk_custom_interfaces/hook/cmake_prefix_path.dsv'
[0.536s] INFO:colcon.colcon_core.shell:Creating environment hook '/home/robofei/ROS2/action/install/dynamixel_sdk_custom_interfaces/share/dynamixel_sdk_custom_interfaces/hook/cmake_prefix_path.sh'
[0.537s] Level 1:colcon.colcon_core.environment:checking '/home/robofei/ROS2/action/install/dynamixel_sdk_custom_interfaces/lib'
[0.537s] Level 1:colcon.colcon_core.shell:create_environment_hook('dynamixel_sdk_custom_interfaces', 'ld_library_path_lib')
[0.537s] INFO:colcon.colcon_core.shell:Creating environment hook '/home/robofei/ROS2/action/install/dynamixel_sdk_custom_interfaces/share/dynamixel_sdk_custom_interfaces/hook/ld_library_path_lib.ps1'
[0.538s] INFO:colcon.colcon_core.shell:Creating environment descriptor '/home/robofei/ROS2/action/install/dynamixel_sdk_custom_interfaces/share/dynamixel_sdk_custom_interfaces/hook/ld_library_path_lib.dsv'
[0.538s] INFO:colcon.colcon_core.shell:Creating environment hook '/home/robofei/ROS2/action/install/dynamixel_sdk_custom_interfaces/share/dynamixel_sdk_custom_interfaces/hook/ld_library_path_lib.sh'
[0.538s] Level 1:colcon.colcon_core.environment:checking '/home/robofei/ROS2/action/install/dynamixel_sdk_custom_interfaces/bin'
[0.538s] Level 1:colcon.colcon_core.environment:checking '/home/robofei/ROS2/action/install/dynamixel_sdk_custom_interfaces/lib/pkgconfig/dynamixel_sdk_custom_interfaces.pc'
[0.538s] Level 1:colcon.colcon_core.environment:checking '/home/robofei/ROS2/action/install/dynamixel_sdk_custom_interfaces/lib/python3.8/site-packages'
[0.538s] Level 1:colcon.colcon_core.shell:create_environment_hook('dynamixel_sdk_custom_interfaces', 'pythonpath')
[0.539s] INFO:colcon.colcon_core.shell:Creating environment hook '/home/robofei/ROS2/action/install/dynamixel_sdk_custom_interfaces/share/dynamixel_sdk_custom_interfaces/hook/pythonpath.ps1'
[0.539s] INFO:colcon.colcon_core.shell:Creating environment descriptor '/home/robofei/ROS2/action/install/dynamixel_sdk_custom_interfaces/share/dynamixel_sdk_custom_interfaces/hook/pythonpath.dsv'
[0.539s] INFO:colcon.colcon_core.shell:Creating environment hook '/home/robofei/ROS2/action/install/dynamixel_sdk_custom_interfaces/share/dynamixel_sdk_custom_interfaces/hook/pythonpath.sh'
[0.540s] Level 1:colcon.colcon_core.environment:checking '/home/robofei/ROS2/action/install/dynamixel_sdk_custom_interfaces/bin'
[0.540s] INFO:colcon.colcon_core.shell:Creating package script '/home/robofei/ROS2/action/install/dynamixel_sdk_custom_interfaces/share/dynamixel_sdk_custom_interfaces/package.ps1'
[0.540s] INFO:colcon.colcon_core.shell:Creating package descriptor '/home/robofei/ROS2/action/install/dynamixel_sdk_custom_interfaces/share/dynamixel_sdk_custom_interfaces/package.dsv'
[0.541s] INFO:colcon.colcon_core.shell:Creating package script '/home/robofei/ROS2/action/install/dynamixel_sdk_custom_interfaces/share/dynamixel_sdk_custom_interfaces/package.sh'
[0.541s] INFO:colcon.colcon_core.shell:Creating package script '/home/robofei/ROS2/action/install/dynamixel_sdk_custom_interfaces/share/dynamixel_sdk_custom_interfaces/package.bash'
[0.541s] INFO:colcon.colcon_core.shell:Creating package script '/home/robofei/ROS2/action/install/dynamixel_sdk_custom_interfaces/share/dynamixel_sdk_custom_interfaces/package.zsh'
[0.542s] Level 1:colcon.colcon_core.environment:create_file_with_runtime_dependencies(/home/robofei/ROS2/action/install/dynamixel_sdk_custom_interfaces/share/colcon-core/packages/dynamixel_sdk_custom_interfaces)
[0.542s] INFO:colcon.colcon_ros.task.ament_cmake.build:Building ROS package in '/home/robofei/ROS2/action/src/control' with build type 'ament_cmake'
[0.542s] INFO:colcon.colcon_cmake.task.cmake.build:Building CMake package in '/home/robofei/ROS2/action/src/control'
[0.542s] INFO:colcon.colcon_core.shell:Skip shell extension 'powershell' for command environment: Not usable outside of PowerShell
[0.542s] DEBUG:colcon.colcon_core.shell:Skip shell extension 'dsv' for command environment
[0.552s] DEBUG:colcon.colcon_core.event_handler.log_command:Invoking command in '/home/robofei/ROS2/action/build/control': AMENT_PREFIX_PATH=/home/robofei/ROS2/action/install/dynamixel_sdk_custom_interfaces:${AMENT_PREFIX_PATH} CMAKE_PREFIX_PATH=/home/robofei/ROS2/action/install/dynamixel_sdk_custom_interfaces:/opt/ros/galactic LD_LIBRARY_PATH=/home/robofei/ROS2/action/install/dynamixel_sdk_custom_interfaces/lib:${LD_LIBRARY_PATH} LESS= -R -X -F PYTHONPATH=/home/robofei/ROS2/action/install/dynamixel_sdk_custom_interfaces/lib/python3.8/site-packages:${PYTHONPATH} /usr/bin/cmake --build /home/robofei/ROS2/action/build/control -- -j12 -l12
[1.109s] DEBUG:colcon.colcon_core.event_handler.log_command:Invoked command in '/home/robofei/ROS2/action/build/control' returned '2': AMENT_PREFIX_PATH=/home/robofei/ROS2/action/install/dynamixel_sdk_custom_interfaces:${AMENT_PREFIX_PATH} CMAKE_PREFIX_PATH=/home/robofei/ROS2/action/install/dynamixel_sdk_custom_interfaces:/opt/ros/galactic LD_LIBRARY_PATH=/home/robofei/ROS2/action/install/dynamixel_sdk_custom_interfaces/lib:${LD_LIBRARY_PATH} LESS= -R -X -F PYTHONPATH=/home/robofei/ROS2/action/install/dynamixel_sdk_custom_interfaces/lib/python3.8/site-packages:${PYTHONPATH} /usr/bin/cmake --build /home/robofei/ROS2/action/build/control -- -j12 -l12
[1.127s] Level 1:colcon.colcon_core.environment:create_environment_scripts_only(control)
[1.128s] Level 1:colcon.colcon_core.environment:checking '/home/robofei/ROS2/action/install/control' for CMake module files
[1.128s] Level 1:colcon.colcon_core.environment:checking '/home/robofei/ROS2/action/install/control' for CMake config files
[1.128s] Level 1:colcon.colcon_core.shell:create_environment_hook('control', 'cmake_prefix_path')
[1.129s] INFO:colcon.colcon_core.shell:Creating environment hook '/home/robofei/ROS2/action/install/control/share/control/hook/cmake_prefix_path.ps1'
[1.129s] INFO:colcon.colcon_core.shell:Creating environment descriptor '/home/robofei/ROS2/action/install/control/share/control/hook/cmake_prefix_path.dsv'
[1.129s] INFO:colcon.colcon_core.shell:Creating environment hook '/home/robofei/ROS2/action/install/control/share/control/hook/cmake_prefix_path.sh'
[1.130s] Level 1:colcon.colcon_core.environment:checking '/home/robofei/ROS2/action/install/control/lib'
[1.130s] Level 1:colcon.colcon_core.environment:checking '/home/robofei/ROS2/action/install/control/bin'
[1.130s] Level 1:colcon.colcon_core.environment:checking '/home/robofei/ROS2/action/install/control/lib/pkgconfig/control.pc'
[1.130s] Level 1:colcon.colcon_core.environment:checking '/home/robofei/ROS2/action/install/control/lib/python3.8/site-packages'
[1.130s] Level 1:colcon.colcon_core.environment:checking '/home/robofei/ROS2/action/install/control/bin'
[1.131s] INFO:colcon.colcon_core.shell:Creating package script '/home/robofei/ROS2/action/install/control/share/control/package.ps1'
[1.131s] INFO:colcon.colcon_core.shell:Creating package descriptor '/home/robofei/ROS2/action/install/control/share/control/package.dsv'
[1.131s] INFO:colcon.colcon_core.shell:Creating package script '/home/robofei/ROS2/action/install/control/share/control/package.sh'
[1.132s] INFO:colcon.colcon_core.shell:Creating package script '/home/robofei/ROS2/action/install/control/share/control/package.bash'
[1.132s] INFO:colcon.colcon_core.shell:Creating package script '/home/robofei/ROS2/action/install/control/share/control/package.zsh'
[1.132s] Level 1:colcon.colcon_core.environment:create_file_with_runtime_dependencies(/home/robofei/ROS2/action/install/control/share/colcon-core/packages/control)
[1.143s] DEBUG:colcon.colcon_parallel_executor.executor.parallel:closing loop
[1.143s] DEBUG:colcon.colcon_parallel_executor.executor.parallel:loop closed
[1.143s] DEBUG:colcon.colcon_parallel_executor.executor.parallel:run_until_complete finished with '2'
[1.143s] DEBUG:colcon.colcon_core.event_reactor:joining thread
[1.147s] INFO:colcon.colcon_core.plugin_system:Skipping extension 'colcon_notification.desktop_notification.terminal_notifier': Not used on non-Darwin systems
[1.148s] INFO:colcon.colcon_core.plugin_system:Skipping extension 'colcon_notification.desktop_notification.win32': Not used on non-Windows systems
[1.148s] INFO:colcon.colcon_notification.desktop_notification:Sending desktop notification using 'notify2'
[1.157s] DEBUG:colcon.colcon_core.event_reactor:joined thread
[1.158s] INFO:colcon.colcon_core.shell:Creating prefix script '/home/robofei/ROS2/action/install/local_setup.ps1'
[1.159s] INFO:colcon.colcon_core.shell:Creating prefix util module '/home/robofei/ROS2/action/install/_local_setup_util_ps1.py'
[1.159s] INFO:colcon.colcon_core.shell:Creating prefix chain script '/home/robofei/ROS2/action/install/setup.ps1'
[1.160s] INFO:colcon.colcon_core.shell:Creating prefix script '/home/robofei/ROS2/action/install/local_setup.sh'
[1.161s] INFO:colcon.colcon_core.shell:Creating prefix util module '/home/robofei/ROS2/action/install/_local_setup_util_sh.py'
[1.161s] INFO:colcon.colcon_core.shell:Creating prefix chain script '/home/robofei/ROS2/action/install/setup.sh'
[1.162s] INFO:colcon.colcon_core.shell:Creating prefix script '/home/robofei/ROS2/action/install/local_setup.bash'
[1.162s] INFO:colcon.colcon_core.shell:Creating prefix chain script '/home/robofei/ROS2/action/install/setup.bash'
[1.163s] INFO:colcon.colcon_core.shell:Creating prefix script '/home/robofei/ROS2/action/install/local_setup.zsh'
[1.163s] INFO:colcon.colcon_core.shell:Creating prefix chain script '/home/robofei/ROS2/action/install/setup.zsh'
