[0.013s] Invoking command in '/home/robofei/ROS2/action/build/control': AMENT_PREFIX_PATH=/home/robofei/ROS2/action/install/custom_interfaces:${AMENT_PREFIX_PATH} CMAKE_PREFIX_PATH=/home/robofei/ROS2/action/install/custom_interfaces:/opt/ros/foxy LD_LIBRARY_PATH=/home/robofei/ROS2/action/install/custom_interfaces/lib:${LD_LIBRARY_PATH} PYTHONPATH=/home/robofei/ROS2/action/install/custom_interfaces/lib/python3.8/site-packages:${PYTHONPATH} /usr/bin/cmake --build /home/robofei/ROS2/action/build/control -- -j4 -l4
[0.061s] [35m[1mScanning dependencies of target action_node[0m
[0.092s] [ 50%] [32mBuilding CXX object CMakeFiles/action_node.dir/src/main.cpp.o[0m
[1.499s] [01m[K/home/robofei/ROS2/action/src/control/src/main.cpp:[m[K In member function ‘[01m[Kvoid ActionNode::topic_callback(std_msgs::msg::String_<std::allocator<void> >::SharedPtr) const[m[K’:
[1.499s] [01m[K/home/robofei/ROS2/action/src/control/src/main.cpp:188:26:[m[K [01;35m[Kwarning: [m[Kcomparison with string literal results in unspecified behavior [[01;35m[K-Waddress[m[K]
[1.499s]   188 |             if(movement==[01;35m[K"goodbye"[m[K)
[1.499s]       |                          [01;35m[K^~~~~~~~~[m[K
[1.500s] [01m[K/home/robofei/ROS2/action/src/control/src/main.cpp:202:51:[m[K [01;35m[Kwarning: [m[Knon-ISO-standard escape sequence, '\e'
[1.500s]   202 |             std::cout << "\rReading BlackBoard" <<[01;35m[K"[\e[38;5;82m"[m[K<< count_read<<"\e[0m] | Tempo ocioso"<<"[\e[38;5;82m"<< count_read*step_time/1000<<"s\e[0m]";
[1.500s]       |                                                   [01;35m[K^~~~~~~~~~~~~~[m[K
[1.500s] [01m[K/home/robofei/ROS2/action/src/control/src/main.cpp:202:80:[m[K [01;35m[Kwarning: [m[Knon-ISO-standard escape sequence, '\e'
[1.500s]   202 | out << "\rReading BlackBoard" <<"[\e[38;5;82m"<< count_read<<[01;35m[K"\e[0m] | Tempo ocioso"[m[K<<"[\e[38;5;82m"<< count_read*step_time/1000<<"s\e[0m]";
[1.500s]       |                                                              [01;35m[K^~~~~~~~~~~~~~~~~~~~~~~[m[K
[1.500s] 
[1.501s] [01m[K/home/robofei/ROS2/action/src/control/src/main.cpp:202:105:[m[K [01;35m[Kwarning: [m[Knon-ISO-standard escape sequence, '\e'
[1.501s]   202 | ard" <<"[\e[38;5;82m"<< count_read<<"\e[0m] | Tempo ocioso"<<[01;35m[K"[\e[38;5;82m"[m[K<< count_read*step_time/1000<<"s\e[0m]";
[1.501s]       |                                                              [01;35m[K^~~~~~~~~~~~~~[m[K
[1.501s] 
[1.501s] [01m[K/home/robofei/ROS2/action/src/control/src/main.cpp:202:149:[m[K [01;35m[Kwarning: [m[Knon-ISO-standard escape sequence, '\e'
[1.501s]   202 | "\e[0m] | Tempo ocioso"<<"[\e[38;5;82m"<< count_read*step_time/1000<<[01;35m[K"s\e[0m]"[m[K;
[1.501s]       |                                                                      [01;35m[K^~~~~~~~~[m[K
[1.501s] 
[1.508s] [01m[K/home/robofei/ROS2/action/src/control/src/main.cpp:[m[K In member function ‘[01m[Kvoid ActionNode::goodBye() const[m[K’:
[1.508s] [01m[K/home/robofei/ROS2/action/src/control/src/main.cpp:235:12:[m[K [01;35m[Kwarning: [m[Kunused variable ‘[01m[Kcount_[m[K’ [[01;35m[K-Wunused-variable[m[K]
[1.508s]   235 |     size_t [01;35m[Kcount_[m[K;
[1.508s]       |            [01;35m[K^~~~~~[m[K
[1.510s] [01m[K/home/robofei/ROS2/action/src/control/src/main.cpp:[m[K In function ‘[01m[Kvoid sighandler(int)[m[K’:
[1.510s] [01m[K/home/robofei/ROS2/action/src/control/src/main.cpp:262:21:[m[K [01;35m[Kwarning: [m[Kunused parameter ‘[01m[Ksig[m[K’ [[01;35m[K-Wunused-parameter[m[K]
[1.510s]   262 | void sighandler([01;35m[Kint sig[m[K)
[1.510s]       |                 [01;35m[K~~~~^~~[m[K
[1.515s] [01m[K/home/robofei/ROS2/action/src/control/src/main.cpp:[m[K In function ‘[01m[Kint main(int, char**)[m[K’:
[1.515s] [01m[K/home/robofei/ROS2/action/src/control/src/main.cpp:280:10:[m[K [01;35m[Kwarning: [m[Kunused variable ‘[01m[Kstop_gait[m[K’ [[01;35m[K-Wunused-variable[m[K]
[1.515s]   280 |     bool [01;35m[Kstop_gait[m[K = true;
[1.515s]       |          [01;35m[K^~~~~~~~~[m[K
[1.515s] [01m[K/home/robofei/ROS2/action/src/control/src/main.cpp:281:11:[m[K [01;35m[Kwarning: [m[Kunused variable ‘[01m[KServoport[m[K’ [[01;35m[K-Wunused-variable[m[K]
[1.515s]   281 |     char *[01;35m[KServoport[m[K;
[1.515s]       |           [01;35m[K^~~~~~~~~[m[K
[1.516s] [01m[K/home/robofei/ROS2/action/src/control/src/main.cpp:282:9:[m[K [01;35m[Kwarning: [m[Kunused variable ‘[01m[Kvalue[m[K’ [[01;35m[K-Wunused-variable[m[K]
[1.516s]   282 |     int [01;35m[Kvalue[m[K;
[1.516s]       |         [01;35m[K^~~~~[m[K
[1.516s] [01m[K/home/robofei/ROS2/action/src/control/src/main.cpp:283:9:[m[K [01;35m[Kwarning: [m[Kunused variable ‘[01m[KidServo[m[K’ [[01;35m[K-Wunused-variable[m[K]
[1.516s]   283 |     int [01;35m[KidServo[m[K;
[1.516s]       |         [01;35m[K^~~~~~~[m[K
[1.516s] [01m[K/home/robofei/ROS2/action/src/control/src/main.cpp:284:10:[m[K [01;35m[Kwarning: [m[Kunused variable ‘[01m[Kflag_stop[m[K’ [[01;35m[K-Wunused-variable[m[K]
[1.517s]   284 |     bool [01;35m[Kflag_stop[m[K = 0;
[1.517s]       |          [01;35m[K^~~~~~~~~[m[K
[1.517s] [01m[K/home/robofei/ROS2/action/src/control/src/main.cpp:285:18:[m[K [01;35m[Kwarning: [m[Kunused variable ‘[01m[Kbuffer[m[K’ [[01;35m[K-Wunused-variable[m[K]
[1.517s]   285 |     unsigned int [01;35m[Kbuffer[m[K = 10000;
[1.517s]       |                  [01;35m[K^~~~~~[m[K
[1.517s] [01m[K/home/robofei/ROS2/action/src/control/src/main.cpp:289:13:[m[K [01;35m[Kwarning: [m[Kvariable ‘[01m[Kini[m[K’ set but not used [[01;35m[K-Wunused-but-set-variable[m[K]
[1.517s]   289 |     minIni* [01;35m[Kini[m[K;
[1.517s]       |             [01;35m[K^~~[m[K
[5.706s] [100%] [32m[1mLinking CXX executable action_node[0m
[5.994s] [100%] Built target action_node
[6.006s] Invoked command in '/home/robofei/ROS2/action/build/control' returned '0': AMENT_PREFIX_PATH=/home/robofei/ROS2/action/install/custom_interfaces:${AMENT_PREFIX_PATH} CMAKE_PREFIX_PATH=/home/robofei/ROS2/action/install/custom_interfaces:/opt/ros/foxy LD_LIBRARY_PATH=/home/robofei/ROS2/action/install/custom_interfaces/lib:${LD_LIBRARY_PATH} PYTHONPATH=/home/robofei/ROS2/action/install/custom_interfaces/lib/python3.8/site-packages:${PYTHONPATH} /usr/bin/cmake --build /home/robofei/ROS2/action/build/control -- -j4 -l4
[6.033s] Invoking command in '/home/robofei/ROS2/action/build/control': AMENT_PREFIX_PATH=/home/robofei/ROS2/action/install/custom_interfaces:${AMENT_PREFIX_PATH} CMAKE_PREFIX_PATH=/home/robofei/ROS2/action/install/custom_interfaces:/opt/ros/foxy LD_LIBRARY_PATH=/home/robofei/ROS2/action/install/custom_interfaces/lib:${LD_LIBRARY_PATH} PYTHONPATH=/home/robofei/ROS2/action/install/custom_interfaces/lib/python3.8/site-packages:${PYTHONPATH} /usr/bin/cmake --install /home/robofei/ROS2/action/build/control
[6.066s] -- Install configuration: ""
[6.079s] -- Execute custom install script
[6.088s] -- Symlinking: /home/robofei/ROS2/action/install/control/lib/control/action_node
[6.119s] -- Symlinking: /home/robofei/ROS2/action/install/control/share/ament_index/resource_index/package_run_dependencies/control
[6.131s] -- Symlinking: /home/robofei/ROS2/action/install/control/share/ament_index/resource_index/parent_prefix_path/control
[6.144s] -- Symlinking: /home/robofei/ROS2/action/install/control/share/control/environment/ament_prefix_path.sh
[6.154s] -- Symlinking: /home/robofei/ROS2/action/install/control/share/control/environment/ament_prefix_path.dsv
[6.164s] -- Symlinking: /home/robofei/ROS2/action/install/control/share/control/environment/path.sh
[6.174s] -- Symlinking: /home/robofei/ROS2/action/install/control/share/control/environment/path.dsv
[6.184s] -- Symlinking: /home/robofei/ROS2/action/install/control/share/control/local_setup.bash
[6.194s] -- Symlinking: /home/robofei/ROS2/action/install/control/share/control/local_setup.sh
[6.204s] -- Symlinking: /home/robofei/ROS2/action/install/control/share/control/local_setup.zsh
[6.214s] -- Symlinking: /home/robofei/ROS2/action/install/control/share/control/local_setup.dsv
[6.224s] -- Symlinking: /home/robofei/ROS2/action/install/control/share/control/package.dsv
[6.234s] -- Symlinking: /home/robofei/ROS2/action/install/control/share/ament_index/resource_index/packages/control
[6.244s] -- Symlinking: /home/robofei/ROS2/action/install/control/share/control/cmake/controlConfig.cmake
[6.255s] -- Symlinking: /home/robofei/ROS2/action/install/control/share/control/cmake/controlConfig-version.cmake
[6.265s] -- Symlinking: /home/robofei/ROS2/action/install/control/share/control/package.xml
[6.279s] Invoked command in '/home/robofei/ROS2/action/build/control' returned '0': AMENT_PREFIX_PATH=/home/robofei/ROS2/action/install/custom_interfaces:${AMENT_PREFIX_PATH} CMAKE_PREFIX_PATH=/home/robofei/ROS2/action/install/custom_interfaces:/opt/ros/foxy LD_LIBRARY_PATH=/home/robofei/ROS2/action/install/custom_interfaces/lib:${LD_LIBRARY_PATH} PYTHONPATH=/home/robofei/ROS2/action/install/custom_interfaces/lib/python3.8/site-packages:${PYTHONPATH} /usr/bin/cmake --install /home/robofei/ROS2/action/build/control
