[0.582s] Invoking command in '/home/amd/Documentos/GC/build/messages': CMAKE_PREFIX_PATH=/opt/ros/foxy /usr/bin/cmake --build /home/amd/Documentos/GC/build/messages -- -j2 -l2
[0.657s] -- Found ament_cmake: 0.9.9 (/opt/ros/foxy/share/ament_cmake/cmake)
[0.736s] -- Found PythonInterp: /usr/bin/python3 (found suitable version "3.8.10", minimum required is "3") 
[0.736s] -- Using PYTHON_EXECUTABLE: /usr/bin/python3
[1.272s] -- Found rosidl_default_generators: 1.0.1 (/opt/ros/foxy/share/rosidl_default_generators/cmake)
[1.278s] -- Using all available rosidl_typesupport_c: rosidl_typesupport_fastrtps_c;rosidl_typesupport_introspection_c
[1.293s] -- Found rosidl_adapter: 1.2.1 (/opt/ros/foxy/share/rosidl_adapter/cmake)
[1.823s] -- Using all available rosidl_typesupport_cpp: rosidl_typesupport_fastrtps_cpp;rosidl_typesupport_introspection_cpp
[1.968s] -- Found PythonInterp: /usr/bin/python3 (found version "3.8.10") 
[2.245s] -- Found ament_cmake_ros: 0.9.2 (/opt/ros/foxy/share/ament_cmake_ros/cmake)
[2.470s] -- Using all available rosidl_typesupport_c: rosidl_typesupport_fastrtps_c;rosidl_typesupport_introspection_c
[2.499s] -- Using all available rosidl_typesupport_cpp: rosidl_typesupport_fastrtps_cpp;rosidl_typesupport_introspection_cpp
[2.591s] -- Found PythonInterp: /usr/bin/python3 (found suitable version "3.8.10", minimum required is "3.5") 
[2.593s] -- Found python_cmake_module: 0.8.1 (/opt/ros/foxy/share/python_cmake_module/cmake)
[2.660s] -- Using PYTHON_EXECUTABLE: /usr/bin/python3
[2.661s] -- Using PYTHON_INCLUDE_DIRS: /usr/include/python3.8
[2.661s] -- Using PYTHON_LIBRARIES: /usr/lib/x86_64-linux-gnu/libpython3.8.so
[2.691s] -- Found ament_lint_auto: 0.9.6 (/opt/ros/foxy/share/ament_lint_auto/cmake)
[2.719s] -- Added test 'copyright' to check source files copyright and LICENSE
[2.723s] -- Added test 'lint_cmake' to check CMake code style
[2.725s] -- Added test 'xmllint' to check XML markup files
[2.734s] -- Configuring done
[2.912s] -- Generating done
[2.928s] -- Build files have been written to: /home/amd/Documentos/GC/build/messages
[3.001s] [  3%] [34m[1mGenerating C code for ROS interfaces[0m
[3.095s] [  6%] [34m[1mGenerating C++ code for ROS interfaces[0m
[4.267s] [  6%] Built target messages__cpp
[4.324s] [  9%] [34m[1mGenerating C++ type support dispatch for ROS interfaces[0m
[4.432s] [35m[1mScanning dependencies of target messages__rosidl_generator_c[0m
[4.582s] [ 12%] [32mBuilding C object CMakeFiles/messages__rosidl_generator_c.dir/rosidl_generator_c/messages/msg/detail/humanoid_league_msgs__functions.c.o[0m
[4.631s] In file included from [01m[K/home/amd/Documentos/GC/build/messages/rosidl_generator_c/messages/msg/detail/humanoid_league_msgs__functions.h:19[m[K,
[4.632s]                  from [01m[K/home/amd/Documentos/GC/build/messages/rosidl_generator_c/messages/msg/detail/humanoid_league_msgs__functions.c:4[m[K:
[4.632s] [01m[K/home/amd/Documentos/GC/build/messages/rosidl_generator_c/messages/msg/detail/humanoid_league_msgs__struct.h:22:10:[m[K [01;31m[Kfatal error: [m[Kmessages/msg/detail/unit8__struct.h: Arquivo ou diretório inexistente
[4.632s]    22 | #include [01;31m[K"messages/msg/detail/unit8__struct.h"[m[K
[4.633s]       |          [01;31m[K^~~~~~~~~~~~~~~~~~~~~~~~~~~~~~~~~~~~~[m[K
[4.647s] compilation terminated.
[4.648s] make[2]: *** [CMakeFiles/messages__rosidl_generator_c.dir/build.make:92: CMakeFiles/messages__rosidl_generator_c.dir/rosidl_generator_c/messages/msg/detail/humanoid_league_msgs__functions.c.o] Erro 1
[4.649s] make[1]: *** [CMakeFiles/Makefile2:271: CMakeFiles/messages__rosidl_generator_c.dir/all] Erro 2
[4.649s] make[1]: ** Esperando que outros processos terminem.
[5.274s] [35m[1mScanning dependencies of target messages__rosidl_typesupport_cpp[0m
[5.326s] [ 16%] [32mBuilding CXX object CMakeFiles/messages__rosidl_typesupport_cpp.dir/rosidl_typesupport_cpp/messages/msg/humanoid_league_msgs__type_support.cpp.o[0m
[5.439s] In file included from [01m[K/home/amd/Documentos/GC/build/messages/rosidl_typesupport_cpp/messages/msg/humanoid_league_msgs__type_support.cpp:7[m[K:
[5.447s] [01m[K/home/amd/Documentos/GC/build/messages/rosidl_generator_cpp/messages/msg/detail/humanoid_league_msgs__struct.hpp:19:10:[m[K [01;31m[Kfatal error: [m[Kmessages/msg/detail/unit8__struct.hpp: Arquivo ou diretório inexistente
[5.448s]    19 | #include [01;31m[K"messages/msg/detail/unit8__struct.hpp"[m[K
[5.449s]       |          [01;31m[K^~~~~~~~~~~~~~~~~~~~~~~~~~~~~~~~~~~~~~~[m[K
[5.450s] compilation terminated.
[5.450s] make[2]: *** [CMakeFiles/messages__rosidl_typesupport_cpp.dir/build.make:73: CMakeFiles/messages__rosidl_typesupport_cpp.dir/rosidl_typesupport_cpp/messages/msg/humanoid_league_msgs__type_support.cpp.o] Erro 1
[5.453s] make[1]: *** [CMakeFiles/Makefile2:298: CMakeFiles/messages__rosidl_typesupport_cpp.dir/all] Erro 2
[5.453s] make: *** [Makefile:141: all] Erro 2
[5.467s] Invoked command in '/home/amd/Documentos/GC/build/messages' returned '2': CMAKE_PREFIX_PATH=/opt/ros/foxy /usr/bin/cmake --build /home/amd/Documentos/GC/build/messages -- -j2 -l2
