[4.287s] DEBUG:colcon:Command line arguments: ['/usr/bin/colcon', 'build']
[4.287s] DEBUG:colcon:Parsed command line arguments: Namespace(allow_overriding=[], ament_cmake_args=None, base_paths=['.'], build_base='build', catkin_cmake_args=None, catkin_skip_building_tests=False, cmake_args=None, cmake_clean_cache=False, cmake_clean_first=False, cmake_force_configure=False, cmake_target=None, cmake_target_skip_unavailable=False, continue_on_error=False, event_handlers=None, executor='parallel', ignore_user_meta=False, install_base='install', log_base=None, log_level=None, main=<bound method BuildVerb.main of <colcon_core.verb.build.BuildVerb object at 0x7ff0e9af5640>>, merge_install=False, metas=['./colcon.meta'], packages_above=None, packages_above_and_dependencies=None, packages_above_depth=None, packages_end=None, packages_ignore=None, packages_ignore_regex=None, packages_select=None, packages_select_build_failed=False, packages_select_by_dep=None, packages_select_regex=None, packages_select_test_failures=False, packages_skip=None, packages_skip_build_finished=False, packages_skip_by_dep=None, packages_skip_regex=None, packages_skip_test_passed=False, packages_skip_up_to=None, packages_start=None, packages_up_to=None, packages_up_to_regex=None, parallel_workers=4, paths=None, symlink_install=False, test_result_base=None, verb_extension=<colcon_core.verb.build.BuildVerb object at 0x7ff0e9af5640>, verb_name='build', verb_parser=<colcon_defaults.argument_parser.defaults.DefaultArgumentsDecorator object at 0x7ff0e9af5b80>)
[4.472s] Level 1:colcon.colcon_core.package_discovery:discover_packages(colcon_meta) check parameters
[4.473s] Level 1:colcon.colcon_core.package_discovery:discover_packages(recursive) check parameters
[4.473s] Level 1:colcon.colcon_core.package_discovery:discover_packages(ignore) check parameters
[4.473s] Level 1:colcon.colcon_core.package_discovery:discover_packages(path) check parameters
[4.474s] Level 1:colcon.colcon_core.package_discovery:discover_packages(colcon_meta) discover
[4.474s] Level 1:colcon.colcon_core.package_discovery:discover_packages(recursive) discover
[4.474s] INFO:colcon.colcon_core.package_discovery:Crawling recursively for packages in '/home/robofei/ROS2/action'
[4.475s] Level 1:colcon.colcon_core.package_identification:_identify(.) by extensions ['ignore', 'ignore_ament_install']
[4.476s] Level 1:colcon.colcon_core.package_identification:_identify(.) by extension 'ignore'
[4.476s] Level 1:colcon.colcon_core.package_identification:_identify(.) by extension 'ignore_ament_install'
[4.477s] Level 1:colcon.colcon_core.package_identification:_identify(.) by extensions ['colcon_pkg']
[4.477s] Level 1:colcon.colcon_core.package_identification:_identify(.) by extension 'colcon_pkg'
[4.477s] Level 1:colcon.colcon_core.package_identification:_identify(.) by extensions ['colcon_meta']
[4.477s] Level 1:colcon.colcon_core.package_identification:_identify(.) by extension 'colcon_meta'
[4.478s] Level 1:colcon.colcon_core.package_identification:_identify(.) by extensions ['ros']
[4.478s] Level 1:colcon.colcon_core.package_identification:_identify(.) by extension 'ros'
[4.627s] DEBUG:colcon.colcon_core.package_identification:Package '.' with type 'ros.ament_cmake' and name 'action'
[4.627s] Level 1:colcon.colcon_core.package_discovery:discover_packages(recursive) using defaults
[4.627s] Level 1:colcon.colcon_core.package_discovery:discover_packages(ignore) discover
[4.627s] Level 1:colcon.colcon_core.package_discovery:discover_packages(ignore) using defaults
[4.627s] Level 1:colcon.colcon_core.package_discovery:discover_packages(path) discover
[4.627s] Level 1:colcon.colcon_core.package_discovery:discover_packages(path) using defaults
[4.933s] Level 5:colcon.colcon_core.verb:set package 'action' build argument 'cmake_args' from command line to 'None'
[4.933s] Level 5:colcon.colcon_core.verb:set package 'action' build argument 'cmake_target' from command line to 'None'
[4.934s] Level 5:colcon.colcon_core.verb:set package 'action' build argument 'cmake_target_skip_unavailable' from command line to 'False'
[4.934s] Level 5:colcon.colcon_core.verb:set package 'action' build argument 'cmake_clean_cache' from command line to 'False'
[4.934s] Level 5:colcon.colcon_core.verb:set package 'action' build argument 'cmake_clean_first' from command line to 'False'
[4.934s] Level 5:colcon.colcon_core.verb:set package 'action' build argument 'cmake_force_configure' from command line to 'False'
[4.934s] Level 5:colcon.colcon_core.verb:set package 'action' build argument 'ament_cmake_args' from command line to 'None'
[4.934s] Level 5:colcon.colcon_core.verb:set package 'action' build argument 'catkin_cmake_args' from command line to 'None'
[4.934s] Level 5:colcon.colcon_core.verb:set package 'action' build argument 'catkin_skip_building_tests' from command line to 'False'
[4.934s] DEBUG:colcon.colcon_core.verb:Building package 'action' with the following arguments: {'ament_cmake_args': None, 'build_base': '/home/robofei/ROS2/action/build/action', 'catkin_cmake_args': None, 'catkin_skip_building_tests': False, 'cmake_args': None, 'cmake_clean_cache': False, 'cmake_clean_first': False, 'cmake_force_configure': False, 'cmake_target': None, 'cmake_target_skip_unavailable': False, 'install_base': '/home/robofei/ROS2/action/install/action', 'merge_install': False, 'path': '/home/robofei/ROS2/action', 'symlink_install': False, 'test_result_base': None}
[5.014s] INFO:colcon.colcon_core.executor:Executing jobs using 'parallel' executor
[5.024s] DEBUG:colcon.colcon_parallel_executor.executor.parallel:run_until_complete
[5.025s] INFO:colcon.colcon_ros.task.ament_cmake.build:Building ROS package in '/home/robofei/ROS2/action' with build type 'ament_cmake'
[5.025s] INFO:colcon.colcon_cmake.task.cmake.build:Building CMake package in '/home/robofei/ROS2/action'
[5.294s] INFO:colcon.colcon_core.plugin_system:Skipping extension 'colcon_core.shell.bat': Not used on non-Windows systems
[5.295s] INFO:colcon.colcon_core.shell:Skip shell extension 'powershell' for command environment: Not usable outside of PowerShell
[5.296s] DEBUG:colcon.colcon_core.shell:Skip shell extension 'dsv' for command environment
[5.346s] DEBUG:colcon.colcon_core.event_handler.log_command:Invoking command in '/home/robofei/ROS2/action/build/action': CMAKE_PREFIX_PATH=/opt/ros/foxy /usr/bin/cmake /home/robofei/ROS2/action -DCMAKE_INSTALL_PREFIX=/home/robofei/ROS2/action/install/action
[11.016s] DEBUG:colcon.colcon_core.event_handler.log_command:Invoked command in '/home/robofei/ROS2/action/build/action' returned '1': CMAKE_PREFIX_PATH=/opt/ros/foxy /usr/bin/cmake /home/robofei/ROS2/action -DCMAKE_INSTALL_PREFIX=/home/robofei/ROS2/action/install/action
[11.034s] Level 1:colcon.colcon_core.environment:create_environment_scripts_only(action)
[11.206s] Level 1:colcon.colcon_core.environment:checking '/home/robofei/ROS2/action/install/action' for CMake module files
[11.209s] Level 1:colcon.colcon_core.environment:checking '/home/robofei/ROS2/action/install/action' for CMake config files
[11.211s] Level 1:colcon.colcon_core.environment:checking '/home/robofei/ROS2/action/install/action/bin'
[11.212s] Level 1:colcon.colcon_core.environment:checking '/home/robofei/ROS2/action/install/action/lib/pkgconfig/action.pc'
[11.212s] Level 1:colcon.colcon_core.environment:checking '/home/robofei/ROS2/action/install/action/lib/python3.8/site-packages'
[11.215s] INFO:colcon.colcon_core.shell:Creating package script '/home/robofei/ROS2/action/install/action/share/action/package.ps1'
[11.249s] INFO:colcon.colcon_core.shell:Creating package descriptor '/home/robofei/ROS2/action/install/action/share/action/package.dsv'
[11.256s] INFO:colcon.colcon_core.shell:Creating package script '/home/robofei/ROS2/action/install/action/share/action/package.sh'
[11.260s] INFO:colcon.colcon_core.shell:Creating package script '/home/robofei/ROS2/action/install/action/share/action/package.bash'
[11.289s] INFO:colcon.colcon_core.shell:Creating package script '/home/robofei/ROS2/action/install/action/share/action/package.zsh'
[11.307s] Level 1:colcon.colcon_core.environment:create_file_with_runtime_dependencies(/home/robofei/ROS2/action/install/action/share/colcon-core/packages/action)
[11.321s] DEBUG:colcon.colcon_parallel_executor.executor.parallel:closing loop
[11.322s] DEBUG:colcon.colcon_parallel_executor.executor.parallel:loop closed
[11.322s] DEBUG:colcon.colcon_parallel_executor.executor.parallel:run_until_complete finished with '1'
[11.322s] DEBUG:colcon.colcon_core.event_reactor:joining thread
[11.388s] INFO:colcon.colcon_core.plugin_system:Skipping extension 'colcon_notification.desktop_notification.terminal_notifier': Not used on non-Darwin systems
[11.388s] INFO:colcon.colcon_core.plugin_system:Skipping extension 'colcon_notification.desktop_notification.win32': Not used on non-Windows systems
[11.388s] INFO:colcon.colcon_notification.desktop_notification:Sending desktop notification using 'notify2'
[11.426s] DEBUG:colcon.colcon_core.event_reactor:joined thread
[11.427s] INFO:colcon.colcon_core.shell:Creating prefix script '/home/robofei/ROS2/action/install/local_setup.ps1'
[11.445s] INFO:colcon.colcon_core.shell:Creating prefix util module '/home/robofei/ROS2/action/install/_local_setup_util_ps1.py'
[11.467s] INFO:colcon.colcon_core.shell:Creating prefix chain script '/home/robofei/ROS2/action/install/setup.ps1'
[11.470s] INFO:colcon.colcon_core.shell:Creating prefix script '/home/robofei/ROS2/action/install/local_setup.sh'
[11.489s] INFO:colcon.colcon_core.shell:Creating prefix util module '/home/robofei/ROS2/action/install/_local_setup_util_sh.py'
[11.491s] INFO:colcon.colcon_core.shell:Creating prefix chain script '/home/robofei/ROS2/action/install/setup.sh'
[11.498s] INFO:colcon.colcon_core.shell:Creating prefix script '/home/robofei/ROS2/action/install/local_setup.bash'
[11.531s] INFO:colcon.colcon_core.shell:Creating prefix chain script '/home/robofei/ROS2/action/install/setup.bash'
[11.537s] INFO:colcon.colcon_core.shell:Creating prefix script '/home/robofei/ROS2/action/install/local_setup.zsh'
[11.550s] INFO:colcon.colcon_core.shell:Creating prefix chain script '/home/robofei/ROS2/action/install/setup.zsh'
