[0.357s] Invoking command in '/home/robofei/ROS2/build/custom_interfaces_vision': CMAKE_PREFIX_PATH=${CMAKE_PREFIX_PATH}:/home/robofei/ROS2/install/vision_pkg:/home/robofei/ROS2/install/decision_pkg:/home/robofei/ROS2/install/controller:/opt/ros/foxy /usr/bin/cmake --build /home/robofei/ROS2/build/custom_interfaces_vision -- -j8 -l8
[0.605s] [  2%] Built target custom_interfaces_vision__cpp
[0.605s] [ 12%] Built target custom_interfaces_vision__rosidl_generator_c
[0.605s] [ 23%] Built target custom_interfaces_vision__rosidl_typesupport_cpp
[0.605s] [ 33%] Built target custom_interfaces_vision__rosidl_typesupport_introspection_cpp
[0.606s] [ 43%] Built target custom_interfaces_vision__rosidl_typesupport_c
[0.606s] [ 53%] Built target custom_interfaces_vision__rosidl_typesupport_introspection_c
[0.606s] [ 64%] Built target custom_interfaces_vision__rosidl_typesupport_fastrtps_cpp
[0.606s] [ 74%] Built target custom_interfaces_vision__rosidl_typesupport_fastrtps_c
[0.606s] [ 74%] Built target custom_interfaces_vision
[0.606s] [ 76%] Built target custom_interfaces_vision__py
[0.606s] [ 84%] Built target custom_interfaces_vision__python
[0.606s] [100%] Built target custom_interfaces_vision__rosidl_typesupport_c__pyext
[0.606s] [100%] Built target custom_interfaces_vision__rosidl_typesupport_fastrtps_c__pyext
[0.606s] [100%] Built target custom_interfaces_vision__rosidl_typesupport_introspection_c__pyext
[0.617s] Invoked command in '/home/robofei/ROS2/build/custom_interfaces_vision' returned '0': CMAKE_PREFIX_PATH=${CMAKE_PREFIX_PATH}:/home/robofei/ROS2/install/vision_pkg:/home/robofei/ROS2/install/decision_pkg:/home/robofei/ROS2/install/controller:/opt/ros/foxy /usr/bin/cmake --build /home/robofei/ROS2/build/custom_interfaces_vision -- -j8 -l8
[0.792s] Invoking command in '/home/robofei/ROS2/build/custom_interfaces_vision': CMAKE_PREFIX_PATH=${CMAKE_PREFIX_PATH}:/home/robofei/ROS2/install/vision_pkg:/home/robofei/ROS2/install/decision_pkg:/home/robofei/ROS2/install/controller:/opt/ros/foxy /usr/bin/cmake --install /home/robofei/ROS2/build/custom_interfaces_vision
[0.813s] -- Install configuration: ""
[0.817s] -- Execute custom install script
[0.817s] -- Up-to-date symlink: /home/robofei/ROS2/install/custom_interfaces_vision/share/ament_index/resource_index/rosidl_interfaces/custom_interfaces_vision
[0.818s] -- Up-to-date symlink: /home/robofei/ROS2/install/custom_interfaces_vision/include/custom_interfaces_vision/msg/detail/humanoid_league_msgs__functions.h
[0.818s] -- Up-to-date symlink: /home/robofei/ROS2/install/custom_interfaces_vision/include/custom_interfaces_vision/msg/detail/humanoid_league_msgs__struct.h
[0.819s] -- Up-to-date symlink: /home/robofei/ROS2/install/custom_interfaces_vision/include/custom_interfaces_vision/msg/detail/humanoid_league_msgs__type_support.h
[0.819s] -- Up-to-date symlink: /home/robofei/ROS2/install/custom_interfaces_vision/include/custom_interfaces_vision/msg/detail/set_position__functions.h
[0.819s] -- Up-to-date symlink: /home/robofei/ROS2/install/custom_interfaces_vision/include/custom_interfaces_vision/msg/detail/set_position__struct.h
[0.821s] -- Up-to-date symlink: /home/robofei/ROS2/install/custom_interfaces_vision/include/custom_interfaces_vision/msg/detail/set_position__type_support.h
[0.822s] -- Up-to-date symlink: /home/robofei/ROS2/install/custom_interfaces_vision/include/custom_interfaces_vision/msg/humanoid_league_msgs.h
[0.822s] -- Up-to-date symlink: /home/robofei/ROS2/install/custom_interfaces_vision/include/custom_interfaces_vision/msg/rosidl_generator_c__visibility_control.h
[0.822s] -- Up-to-date symlink: /home/robofei/ROS2/install/custom_interfaces_vision/include/custom_interfaces_vision/msg/set_position.h
[0.824s] -- Up-to-date symlink: /home/robofei/ROS2/install/custom_interfaces_vision/share/custom_interfaces_vision/environment/library_path.sh
[0.825s] -- Up-to-date symlink: /home/robofei/ROS2/install/custom_interfaces_vision/share/custom_interfaces_vision/environment/library_path.dsv
[0.827s] -- Up-to-date symlink: /home/robofei/ROS2/install/custom_interfaces_vision/include/custom_interfaces_vision/msg/detail/humanoid_league_msgs__rosidl_typesupport_fastrtps_c.h
[0.827s] -- Up-to-date symlink: /home/robofei/ROS2/install/custom_interfaces_vision/include/custom_interfaces_vision/msg/detail/set_position__rosidl_typesupport_fastrtps_c.h
[0.828s] -- Up-to-date symlink: /home/robofei/ROS2/install/custom_interfaces_vision/include/custom_interfaces_vision/msg/rosidl_typesupport_fastrtps_c__visibility_control.h
[0.828s] -- Up-to-date symlink: /home/robofei/ROS2/install/custom_interfaces_vision/lib/libcustom_interfaces_vision__rosidl_typesupport_fastrtps_c.so
[0.832s] -- Up-to-date symlink: /home/robofei/ROS2/install/custom_interfaces_vision/include/custom_interfaces_vision/msg/detail/humanoid_league_msgs__rosidl_typesupport_fastrtps_cpp.hpp
[0.834s] -- Up-to-date symlink: /home/robofei/ROS2/install/custom_interfaces_vision/include/custom_interfaces_vision/msg/detail/set_position__rosidl_typesupport_fastrtps_cpp.hpp
[0.834s] -- Up-to-date symlink: /home/robofei/ROS2/install/custom_interfaces_vision/include/custom_interfaces_vision/msg/rosidl_typesupport_fastrtps_cpp__visibility_control.h
[0.834s] -- Up-to-date symlink: /home/robofei/ROS2/install/custom_interfaces_vision/lib/libcustom_interfaces_vision__rosidl_typesupport_fastrtps_cpp.so
[0.835s] -- Up-to-date symlink: /home/robofei/ROS2/install/custom_interfaces_vision/include/custom_interfaces_vision/msg/detail/humanoid_league_msgs__rosidl_typesupport_introspection_c.h
[0.835s] -- Up-to-date symlink: /home/robofei/ROS2/install/custom_interfaces_vision/include/custom_interfaces_vision/msg/detail/set_position__rosidl_typesupport_introspection_c.h
[0.835s] -- Up-to-date symlink: /home/robofei/ROS2/install/custom_interfaces_vision/include/custom_interfaces_vision/msg/rosidl_typesupport_introspection_c__visibility_control.h
[0.836s] -- Up-to-date symlink: /home/robofei/ROS2/install/custom_interfaces_vision/include/custom_interfaces_vision/msg/detail/humanoid_league_msgs__builder.hpp
[0.837s] -- Up-to-date symlink: /home/robofei/ROS2/install/custom_interfaces_vision/include/custom_interfaces_vision/msg/detail/humanoid_league_msgs__struct.hpp
[0.838s] -- Up-to-date symlink: /home/robofei/ROS2/install/custom_interfaces_vision/include/custom_interfaces_vision/msg/detail/humanoid_league_msgs__traits.hpp
[0.838s] -- Up-to-date symlink: /home/robofei/ROS2/install/custom_interfaces_vision/include/custom_interfaces_vision/msg/detail/set_position__builder.hpp
[0.839s] -- Up-to-date symlink: /home/robofei/ROS2/install/custom_interfaces_vision/include/custom_interfaces_vision/msg/detail/set_position__struct.hpp
[0.839s] -- Up-to-date symlink: /home/robofei/ROS2/install/custom_interfaces_vision/include/custom_interfaces_vision/msg/detail/set_position__traits.hpp
[0.840s] -- Up-to-date symlink: /home/robofei/ROS2/install/custom_interfaces_vision/include/custom_interfaces_vision/msg/humanoid_league_msgs.hpp
[0.840s] -- Up-to-date symlink: /home/robofei/ROS2/install/custom_interfaces_vision/include/custom_interfaces_vision/msg/set_position.hpp
[0.841s] -- Up-to-date symlink: /home/robofei/ROS2/install/custom_interfaces_vision/include/custom_interfaces_vision/msg/detail/humanoid_league_msgs__rosidl_typesupport_introspection_cpp.hpp
[0.841s] -- Up-to-date symlink: /home/robofei/ROS2/install/custom_interfaces_vision/include/custom_interfaces_vision/msg/detail/set_position__rosidl_typesupport_introspection_cpp.hpp
[0.841s] -- Up-to-date symlink: /home/robofei/ROS2/install/custom_interfaces_vision/share/custom_interfaces_vision/environment/pythonpath.sh
[0.841s] -- Up-to-date symlink: /home/robofei/ROS2/install/custom_interfaces_vision/share/custom_interfaces_vision/environment/pythonpath.dsv
[0.843s] -- Up-to-date symlink: /home/robofei/ROS2/install/custom_interfaces_vision/lib/python3.8/site-packages/custom_interfaces_vision/__init__.py
[0.845s] -- Up-to-date symlink: /home/robofei/ROS2/install/custom_interfaces_vision/lib/python3.8/site-packages/custom_interfaces_vision/msg/__init__.py
[0.845s] -- Up-to-date symlink: /home/robofei/ROS2/install/custom_interfaces_vision/lib/python3.8/site-packages/custom_interfaces_vision/msg/_humanoid_league_msgs.py
[0.846s] -- Up-to-date symlink: /home/robofei/ROS2/install/custom_interfaces_vision/lib/python3.8/site-packages/custom_interfaces_vision/msg/_set_position.py
[0.846s] -- Up-to-date symlink: /home/robofei/ROS2/install/custom_interfaces_vision/lib/python3.8/site-packages/custom_interfaces_vision/custom_interfaces_vision_s__rosidl_typesupport_fastrtps_c.cpython-38-x86_64-linux-gnu.so
[0.848s] -- Up-to-date symlink: /home/robofei/ROS2/install/custom_interfaces_vision/lib/python3.8/site-packages/custom_interfaces_vision/custom_interfaces_vision_s__rosidl_typesupport_introspection_c.cpython-38-x86_64-linux-gnu.so
[0.848s] -- Up-to-date symlink: /home/robofei/ROS2/install/custom_interfaces_vision/lib/python3.8/site-packages/custom_interfaces_vision/custom_interfaces_vision_s__rosidl_typesupport_c.cpython-38-x86_64-linux-gnu.so
[0.848s] -- Up-to-date symlink: /home/robofei/ROS2/install/custom_interfaces_vision/lib/libcustom_interfaces_vision__python.so
[0.849s] -- Up-to-date symlink: /home/robofei/ROS2/install/custom_interfaces_vision/share/custom_interfaces_vision/msg/SetPosition.idl
[0.849s] -- Up-to-date symlink: /home/robofei/ROS2/install/custom_interfaces_vision/share/custom_interfaces_vision/msg/HumanoidLeagueMsgs.idl
[0.849s] -- Up-to-date symlink: /home/robofei/ROS2/install/custom_interfaces_vision/share/custom_interfaces_vision/msg/SetPosition.msg
[0.849s] -- Up-to-date symlink: /home/robofei/ROS2/install/custom_interfaces_vision/share/custom_interfaces_vision/msg/HumanoidLeagueMsgs.msg
[0.849s] -- Up-to-date symlink: /home/robofei/ROS2/install/custom_interfaces_vision/share/ament_index/resource_index/package_run_dependencies/custom_interfaces_vision
[0.849s] -- Up-to-date symlink: /home/robofei/ROS2/install/custom_interfaces_vision/share/ament_index/resource_index/parent_prefix_path/custom_interfaces_vision
[0.849s] -- Up-to-date symlink: /home/robofei/ROS2/install/custom_interfaces_vision/share/custom_interfaces_vision/environment/ament_prefix_path.sh
[0.850s] -- Up-to-date symlink: /home/robofei/ROS2/install/custom_interfaces_vision/share/custom_interfaces_vision/environment/ament_prefix_path.dsv
[0.850s] -- Up-to-date symlink: /home/robofei/ROS2/install/custom_interfaces_vision/share/custom_interfaces_vision/environment/path.sh
[0.869s] -- Up-to-date symlink: /home/robofei/ROS2/install/custom_interfaces_vision/share/custom_interfaces_vision/environment/path.dsv
[0.881s] -- Up-to-date symlink: /home/robofei/ROS2/install/custom_interfaces_vision/share/custom_interfaces_vision/local_setup.bash
[0.881s] -- Up-to-date symlink: /home/robofei/ROS2/install/custom_interfaces_vision/share/custom_interfaces_vision/local_setup.sh
[0.881s] -- Up-to-date symlink: /home/robofei/ROS2/install/custom_interfaces_vision/share/custom_interfaces_vision/local_setup.zsh
[0.881s] -- Up-to-date symlink: /home/robofei/ROS2/install/custom_interfaces_vision/share/custom_interfaces_vision/local_setup.dsv
[0.882s] -- Symlinking: /home/robofei/ROS2/install/custom_interfaces_vision/share/custom_interfaces_vision/package.dsv
[0.919s] -- Up-to-date symlink: /home/robofei/ROS2/install/custom_interfaces_vision/share/ament_index/resource_index/packages/custom_interfaces_vision
[0.919s] -- Up-to-date symlink: /home/robofei/ROS2/install/custom_interfaces_vision/share/custom_interfaces_vision/cmake/rosidl_cmake-extras.cmake
[0.919s] -- Up-to-date symlink: /home/robofei/ROS2/install/custom_interfaces_vision/share/custom_interfaces_vision/cmake/ament_cmake_export_dependencies-extras.cmake
[0.920s] -- Up-to-date symlink: /home/robofei/ROS2/install/custom_interfaces_vision/share/custom_interfaces_vision/cmake/ament_cmake_export_libraries-extras.cmake
[0.920s] -- Up-to-date symlink: /home/robofei/ROS2/install/custom_interfaces_vision/share/custom_interfaces_vision/cmake/ament_cmake_export_targets-extras.cmake
[0.921s] -- Up-to-date symlink: /home/robofei/ROS2/install/custom_interfaces_vision/share/custom_interfaces_vision/cmake/ament_cmake_export_include_directories-extras.cmake
[0.921s] -- Up-to-date symlink: /home/robofei/ROS2/install/custom_interfaces_vision/share/custom_interfaces_vision/cmake/rosidl_cmake_export_typesupport_libraries-extras.cmake
[0.921s] -- Up-to-date symlink: /home/robofei/ROS2/install/custom_interfaces_vision/share/custom_interfaces_vision/cmake/rosidl_cmake_export_typesupport_targets-extras.cmake
[0.921s] -- Up-to-date symlink: /home/robofei/ROS2/install/custom_interfaces_vision/share/custom_interfaces_vision/cmake/custom_interfaces_visionConfig.cmake
[0.921s] -- Up-to-date symlink: /home/robofei/ROS2/install/custom_interfaces_vision/share/custom_interfaces_vision/cmake/custom_interfaces_visionConfig-version.cmake
[0.921s] -- Up-to-date symlink: /home/robofei/ROS2/install/custom_interfaces_vision/share/custom_interfaces_vision/package.xml
[0.922s] -- Up-to-date: /home/robofei/ROS2/install/custom_interfaces_vision/lib/libcustom_interfaces_vision__rosidl_generator_c.so
[0.922s] -- Up-to-date: /home/robofei/ROS2/install/custom_interfaces_vision/lib/libcustom_interfaces_vision__rosidl_typesupport_introspection_c.so
[0.922s] -- Up-to-date: /home/robofei/ROS2/install/custom_interfaces_vision/lib/libcustom_interfaces_vision__rosidl_typesupport_c.so
[0.923s] -- Up-to-date: /home/robofei/ROS2/install/custom_interfaces_vision/lib/libcustom_interfaces_vision__rosidl_typesupport_introspection_cpp.so
[0.923s] -- Up-to-date: /home/robofei/ROS2/install/custom_interfaces_vision/lib/libcustom_interfaces_vision__rosidl_typesupport_cpp.so
[0.941s] -- Up-to-date: /home/robofei/ROS2/install/custom_interfaces_vision/share/custom_interfaces_vision/cmake/custom_interfaces_vision__rosidl_generator_cExport.cmake
[0.941s] -- Up-to-date: /home/robofei/ROS2/install/custom_interfaces_vision/share/custom_interfaces_vision/cmake/custom_interfaces_vision__rosidl_generator_cExport-noconfig.cmake
[0.942s] -- Up-to-date: /home/robofei/ROS2/install/custom_interfaces_vision/share/custom_interfaces_vision/cmake/custom_interfaces_vision__rosidl_typesupport_introspection_cExport.cmake
[0.942s] -- Up-to-date: /home/robofei/ROS2/install/custom_interfaces_vision/share/custom_interfaces_vision/cmake/custom_interfaces_vision__rosidl_typesupport_introspection_cExport-noconfig.cmake
[0.942s] -- Up-to-date: /home/robofei/ROS2/install/custom_interfaces_vision/share/custom_interfaces_vision/cmake/custom_interfaces_vision__rosidl_typesupport_cExport.cmake
[0.942s] -- Up-to-date: /home/robofei/ROS2/install/custom_interfaces_vision/share/custom_interfaces_vision/cmake/custom_interfaces_vision__rosidl_typesupport_cExport-noconfig.cmake
[0.942s] -- Up-to-date: /home/robofei/ROS2/install/custom_interfaces_vision/share/custom_interfaces_vision/cmake/custom_interfaces_vision__rosidl_generator_cppExport.cmake
[0.942s] -- Up-to-date: /home/robofei/ROS2/install/custom_interfaces_vision/share/custom_interfaces_vision/cmake/custom_interfaces_vision__rosidl_typesupport_introspection_cppExport.cmake
[0.942s] -- Up-to-date: /home/robofei/ROS2/install/custom_interfaces_vision/share/custom_interfaces_vision/cmake/custom_interfaces_vision__rosidl_typesupport_introspection_cppExport-noconfig.cmake
[0.942s] -- Up-to-date: /home/robofei/ROS2/install/custom_interfaces_vision/share/custom_interfaces_vision/cmake/custom_interfaces_vision__rosidl_typesupport_cppExport.cmake
[0.943s] -- Up-to-date: /home/robofei/ROS2/install/custom_interfaces_vision/share/custom_interfaces_vision/cmake/custom_interfaces_vision__rosidl_typesupport_cppExport-noconfig.cmake
[0.969s] Invoked command in '/home/robofei/ROS2/build/custom_interfaces_vision' returned '0': CMAKE_PREFIX_PATH=${CMAKE_PREFIX_PATH}:/home/robofei/ROS2/install/vision_pkg:/home/robofei/ROS2/install/decision_pkg:/home/robofei/ROS2/install/controller:/opt/ros/foxy /usr/bin/cmake --install /home/robofei/ROS2/build/custom_interfaces_vision
