[35m[1mScanning dependencies of target control[0m
[ 50%] [32mBuilding CXX object CMakeFiles/control.dir/src/control.cpp.o[0m
[01m[K/home/robofei/ROS2/action/src/control/src/control.cpp:61:4:[m[K [01;31m[Kerror: [m[Kexpected ‘[01m[K;[m[K’ after class definition
   61 |   }
      |    [01;31m[K^[m[K
      |    [32m[K;[m[K
In file included from [01m[K/opt/ros/foxy/include/rclcpp/service.hpp:34[m[K,
                 from [01m[K/opt/ros/foxy/include/rclcpp/callback_group.hpp:25[m[K,
                 from [01m[K/opt/ros/foxy/include/rclcpp/any_executable.hpp:20[m[K,
                 from [01m[K/opt/ros/foxy/include/rclcpp/memory_strategy.hpp:24[m[K,
                 from [01m[K/opt/ros/foxy/include/rclcpp/memory_strategies.hpp:18[m[K,
                 from [01m[K/opt/ros/foxy/include/rclcpp/executor_options.hpp:20[m[K,
                 from [01m[K/opt/ros/foxy/include/rclcpp/executor.hpp:33[m[K,
                 from [01m[K/opt/ros/foxy/include/rclcpp/executors/multi_threaded_executor.hpp:26[m[K,
                 from [01m[K/opt/ros/foxy/include/rclcpp/executors.hpp:21[m[K,
                 from [01m[K/opt/ros/foxy/include/rclcpp/rclcpp.hpp:146[m[K,
                 from [01m[K/home/robofei/ROS2/action/src/control/src/control.cpp:7[m[K:
[01m[K/home/robofei/ROS2/action/src/control/src/control.cpp:[m[K In function ‘[01m[Kvoid timer_callback_stop()[m[K’:
[01m[K/home/robofei/ROS2/action/src/control/src/control.cpp:65:17:[m[K [01;31m[Kerror: [m[Kinvalid use of ‘[01m[Kthis[m[K’ in non-member function
   65 |     RCLCPP_INFO([01;31m[Kthis[m[K->get_logger(), "Stopping");
      |                 [01;31m[K^~~~[m[K
[01m[K/home/robofei/ROS2/action/src/control/src/control.cpp:65:17:[m[K [01;31m[Kerror: [m[Kinvalid use of ‘[01m[Kthis[m[K’ in non-member function
[01m[K/home/robofei/ROS2/action/src/control/src/control.cpp:65:5:[m[K [01;31m[Kerror: [m[Ktemplate argument 1 is invalid
   65 |     [01;31m[KRCLCPP_INFO[m[K(this->get_logger(), "Stopping");
      |     [01;31m[K^~~~~~~~~~~[m[K
[01m[K/home/robofei/ROS2/action/src/control/src/control.cpp:65:5:[m[K [01;31m[Kerror: [m[Ktemplate argument 1 is invalid
   65 |     [01;31m[KRCLCPP_INFO[m[K(this->get_logger(), "Stopping");
      |     [01;31m[K^~~~~~~~~~~[m[K
[01m[K/home/robofei/ROS2/action/src/control/src/control.cpp:65:5:[m[K [01;31m[Kerror: [m[Ktemplate argument 1 is invalid
   65 |     [01;31m[KRCLCPP_INFO[m[K(this->get_logger(), "Stopping");
      |     [01;31m[K^~~~~~~~~~~[m[K
In file included from [01m[K/opt/ros/foxy/include/rclcpp/client.hpp:40[m[K,
                 from [01m[K/opt/ros/foxy/include/rclcpp/callback_group.hpp:23[m[K,
                 from [01m[K/opt/ros/foxy/include/rclcpp/any_executable.hpp:20[m[K,
                 from [01m[K/opt/ros/foxy/include/rclcpp/memory_strategy.hpp:24[m[K,
                 from [01m[K/opt/ros/foxy/include/rclcpp/memory_strategies.hpp:18[m[K,
                 from [01m[K/opt/ros/foxy/include/rclcpp/executor_options.hpp:20[m[K,
                 from [01m[K/opt/ros/foxy/include/rclcpp/executor.hpp:33[m[K,
                 from [01m[K/opt/ros/foxy/include/rclcpp/executors/multi_threaded_executor.hpp:26[m[K,
                 from [01m[K/opt/ros/foxy/include/rclcpp/executors.hpp:21[m[K,
                 from [01m[K/opt/ros/foxy/include/rclcpp/rclcpp.hpp:146[m[K,
                 from [01m[K/home/robofei/ROS2/action/src/control/src/control.cpp:7[m[K:
[01m[K/home/robofei/ROS2/action/src/control/src/control.cpp:65:17:[m[K [01;31m[Kerror: [m[Kinvalid use of ‘[01m[Kthis[m[K’ in non-member function
   65 |     RCLCPP_INFO([01;31m[Kthis[m[K->get_logger(), "Stopping");
      |                 [01;31m[K^~~~[m[K
[01m[K/home/robofei/ROS2/action/src/control/src/control.cpp:65:17:[m[K [01;31m[Kerror: [m[Kinvalid use of ‘[01m[Kthis[m[K’ in non-member function
   65 |     RCLCPP_INFO([01;31m[Kthis[m[K->get_logger(), "Stopping");
      |                 [01;31m[K^~~~[m[K
In file included from [01m[K/opt/ros/foxy/include/rclcpp/service.hpp:34[m[K,
                 from [01m[K/opt/ros/foxy/include/rclcpp/callback_group.hpp:25[m[K,
                 from [01m[K/opt/ros/foxy/include/rclcpp/any_executable.hpp:20[m[K,
                 from [01m[K/opt/ros/foxy/include/rclcpp/memory_strategy.hpp:24[m[K,
                 from [01m[K/opt/ros/foxy/include/rclcpp/memory_strategies.hpp:18[m[K,
                 from [01m[K/opt/ros/foxy/include/rclcpp/executor_options.hpp:20[m[K,
                 from [01m[K/opt/ros/foxy/include/rclcpp/executor.hpp:33[m[K,
                 from [01m[K/opt/ros/foxy/include/rclcpp/executors/multi_threaded_executor.hpp:26[m[K,
                 from [01m[K/opt/ros/foxy/include/rclcpp/executors.hpp:21[m[K,
                 from [01m[K/opt/ros/foxy/include/rclcpp/rclcpp.hpp:146[m[K,
                 from [01m[K/home/robofei/ROS2/action/src/control/src/control.cpp:7[m[K:
[01m[K/home/robofei/ROS2/action/src/control/src/control.cpp:68:19:[m[K [01;31m[Kerror: [m[Kinvalid use of ‘[01m[Kthis[m[K’ in non-member function
   68 |       RCLCPP_INFO([01;31m[Kthis[m[K->get_logger(), "%d", i);
      |                   [01;31m[K^~~~[m[K
[01m[K/home/robofei/ROS2/action/src/control/src/control.cpp:68:19:[m[K [01;31m[Kerror: [m[Kinvalid use of ‘[01m[Kthis[m[K’ in non-member function
[01m[K/home/robofei/ROS2/action/src/control/src/control.cpp:68:7:[m[K [01;31m[Kerror: [m[Ktemplate argument 1 is invalid
   68 |       [01;31m[KRCLCPP_INFO[m[K(this->get_logger(), "%d", i);
      |       [01;31m[K^~~~~~~~~~~[m[K
[01m[K/home/robofei/ROS2/action/src/control/src/control.cpp:68:7:[m[K [01;31m[Kerror: [m[Ktemplate argument 1 is invalid
   68 |       [01;31m[KRCLCPP_INFO[m[K(this->get_logger(), "%d", i);
      |       [01;31m[K^~~~~~~~~~~[m[K
[01m[K/home/robofei/ROS2/action/src/control/src/control.cpp:68:7:[m[K [01;31m[Kerror: [m[Ktemplate argument 1 is invalid
   68 |       [01;31m[KRCLCPP_INFO[m[K(this->get_logger(), "%d", i);
      |       [01;31m[K^~~~~~~~~~~[m[K
In file included from [01m[K/opt/ros/foxy/include/rclcpp/client.hpp:40[m[K,
                 from [01m[K/opt/ros/foxy/include/rclcpp/callback_group.hpp:23[m[K,
                 from [01m[K/opt/ros/foxy/include/rclcpp/any_executable.hpp:20[m[K,
                 from [01m[K/opt/ros/foxy/include/rclcpp/memory_strategy.hpp:24[m[K,
                 from [01m[K/opt/ros/foxy/include/rclcpp/memory_strategies.hpp:18[m[K,
                 from [01m[K/opt/ros/foxy/include/rclcpp/executor_options.hpp:20[m[K,
                 from [01m[K/opt/ros/foxy/include/rclcpp/executor.hpp:33[m[K,
                 from [01m[K/opt/ros/foxy/include/rclcpp/executors/multi_threaded_executor.hpp:26[m[K,
                 from [01m[K/opt/ros/foxy/include/rclcpp/executors.hpp:21[m[K,
                 from [01m[K/opt/ros/foxy/include/rclcpp/rclcpp.hpp:146[m[K,
                 from [01m[K/home/robofei/ROS2/action/src/control/src/control.cpp:7[m[K:
[01m[K/home/robofei/ROS2/action/src/control/src/control.cpp:68:19:[m[K [01;31m[Kerror: [m[Kinvalid use of ‘[01m[Kthis[m[K’ in non-member function
   68 |       RCLCPP_INFO([01;31m[Kthis[m[K->get_logger(), "%d", i);
      |                   [01;31m[K^~~~[m[K
[01m[K/home/robofei/ROS2/action/src/control/src/control.cpp:68:19:[m[K [01;31m[Kerror: [m[Kinvalid use of ‘[01m[Kthis[m[K’ in non-member function
   68 |       RCLCPP_INFO([01;31m[Kthis[m[K->get_logger(), "%d", i);
      |                   [01;31m[K^~~~[m[K
[01m[K/home/robofei/ROS2/action/src/control/src/control.cpp:71:7:[m[K [01;31m[Kerror: [m[K‘[01m[Kpublisher_[m[K’ was not declared in this scope; did you mean ‘[01m[Krcl_publisher_t[m[K’?
   71 |       [01;31m[Kpublisher_[m[K->publish(message);
      |       [01;31m[K^~~~~~~~~~[m[K
      |       [32m[Krcl_publisher_t[m[K
[01m[K/home/robofei/ROS2/action/src/control/src/control.cpp:[m[K At global scope:
[01m[K/home/robofei/ROS2/action/src/control/src/control.cpp:81:1:[m[K [01;31m[Kerror: [m[Kexpected declaration before ‘[01m[K}[m[K’ token
   81 | [01;31m[K}[m[K;
      | [01;31m[K^[m[K
make[2]: *** [CMakeFiles/control.dir/build.make:63: CMakeFiles/control.dir/src/control.cpp.o] Error 1
make[1]: *** [CMakeFiles/Makefile2:78: CMakeFiles/control.dir/all] Error 2
make: *** [Makefile:141: all] Error 2
