[0.166s] Invoking command in '/home/robofei/ROS2/action/build/custom_interfaces': CMAKE_PREFIX_PATH=/opt/ros/foxy /usr/bin/cmake --build /home/robofei/ROS2/action/build/custom_interfaces -- -j4 -l4
[1.124s] [  2%] Built target custom_interfaces__cpp
[1.244s] [ 12%] Built target custom_interfaces__rosidl_generator_c
[1.263s] [ 34%] Built target custom_interfaces__rosidl_typesupport_cpp
[1.263s] [ 34%] Built target custom_interfaces__rosidl_typesupport_introspection_cpp
[1.307s] [ 55%] Built target custom_interfaces__rosidl_typesupport_c
[1.307s] [ 55%] Built target custom_interfaces__rosidl_typesupport_introspection_c
[1.328s] [ 65%] Built target custom_interfaces__rosidl_typesupport_fastrtps_cpp
[1.442s] [ 76%] Built target custom_interfaces__rosidl_typesupport_fastrtps_c
[1.495s] [ 76%] Built target custom_interfaces
[1.594s] [ 78%] Built target custom_interfaces__py
[1.680s] [ 87%] Built target custom_interfaces__python
[1.758s] [ 91%] Built target custom_interfaces__rosidl_typesupport_c__pyext
[1.770s] [100%] Built target custom_interfaces__rosidl_typesupport_fastrtps_c__pyext
[1.770s] [100%] Built target custom_interfaces__rosidl_typesupport_introspection_c__pyext
[1.782s] Invoked command in '/home/robofei/ROS2/action/build/custom_interfaces' returned '0': CMAKE_PREFIX_PATH=/opt/ros/foxy /usr/bin/cmake --build /home/robofei/ROS2/action/build/custom_interfaces -- -j4 -l4
[1.874s] Invoking command in '/home/robofei/ROS2/action/build/custom_interfaces': CMAKE_PREFIX_PATH=/opt/ros/foxy /usr/bin/cmake --install /home/robofei/ROS2/action/build/custom_interfaces
[1.940s] -- Install configuration: ""
[1.956s] -- Execute custom install script
[1.991s] -- Up-to-date symlink: /home/robofei/ROS2/action/install/custom_interfaces/share/ament_index/resource_index/rosidl_interfaces/custom_interfaces
[2.044s] -- Up-to-date symlink: /home/robofei/ROS2/action/install/custom_interfaces/include/custom_interfaces/msg/decision.h
[2.046s] -- Up-to-date symlink: /home/robofei/ROS2/action/install/custom_interfaces/include/custom_interfaces/msg/detail/decision__functions.h
[2.054s] -- Up-to-date symlink: /home/robofei/ROS2/action/install/custom_interfaces/include/custom_interfaces/msg/detail/decision__struct.h
[2.056s] -- Up-to-date symlink: /home/robofei/ROS2/action/install/custom_interfaces/include/custom_interfaces/msg/detail/decision__type_support.h
[2.058s] -- Up-to-date symlink: /home/robofei/ROS2/action/install/custom_interfaces/include/custom_interfaces/msg/detail/set_position__functions.h
[2.060s] -- Up-to-date symlink: /home/robofei/ROS2/action/install/custom_interfaces/include/custom_interfaces/msg/detail/set_position__struct.h
[2.061s] -- Up-to-date symlink: /home/robofei/ROS2/action/install/custom_interfaces/include/custom_interfaces/msg/detail/set_position__type_support.h
[2.063s] -- Up-to-date symlink: /home/robofei/ROS2/action/install/custom_interfaces/include/custom_interfaces/msg/detail/set_position_sync__functions.h
[2.064s] -- Up-to-date symlink: /home/robofei/ROS2/action/install/custom_interfaces/include/custom_interfaces/msg/detail/set_position_sync__struct.h
[2.066s] -- Up-to-date symlink: /home/robofei/ROS2/action/install/custom_interfaces/include/custom_interfaces/msg/detail/set_position_sync__type_support.h
[2.067s] -- Up-to-date symlink: /home/robofei/ROS2/action/install/custom_interfaces/include/custom_interfaces/msg/rosidl_generator_c__visibility_control.h
[2.069s] -- Up-to-date symlink: /home/robofei/ROS2/action/install/custom_interfaces/include/custom_interfaces/msg/set_position.h
[2.070s] -- Up-to-date symlink: /home/robofei/ROS2/action/install/custom_interfaces/include/custom_interfaces/msg/set_position_sync.h
[2.072s] -- Up-to-date symlink: /home/robofei/ROS2/action/install/custom_interfaces/include/custom_interfaces/srv/detail/get_position__functions.h
[2.074s] -- Up-to-date symlink: /home/robofei/ROS2/action/install/custom_interfaces/include/custom_interfaces/srv/detail/get_position__struct.h
[2.075s] -- Up-to-date symlink: /home/robofei/ROS2/action/install/custom_interfaces/include/custom_interfaces/srv/detail/get_position__type_support.h
[2.076s] -- Up-to-date symlink: /home/robofei/ROS2/action/install/custom_interfaces/include/custom_interfaces/srv/get_position.h
[2.079s] -- Up-to-date symlink: /home/robofei/ROS2/action/install/custom_interfaces/share/custom_interfaces/environment/library_path.sh
[2.080s] -- Up-to-date symlink: /home/robofei/ROS2/action/install/custom_interfaces/share/custom_interfaces/environment/library_path.dsv
[2.087s] -- Up-to-date symlink: /home/robofei/ROS2/action/install/custom_interfaces/include/custom_interfaces/msg/detail/decision__rosidl_typesupport_fastrtps_c.h
[2.088s] -- Up-to-date symlink: /home/robofei/ROS2/action/install/custom_interfaces/include/custom_interfaces/msg/detail/set_position__rosidl_typesupport_fastrtps_c.h
[2.088s] -- Up-to-date symlink: /home/robofei/ROS2/action/install/custom_interfaces/include/custom_interfaces/msg/detail/set_position_sync__rosidl_typesupport_fastrtps_c.h
[2.089s] -- Up-to-date symlink: /home/robofei/ROS2/action/install/custom_interfaces/include/custom_interfaces/msg/rosidl_typesupport_fastrtps_c__visibility_control.h
[2.090s] -- Up-to-date symlink: /home/robofei/ROS2/action/install/custom_interfaces/include/custom_interfaces/srv/detail/get_position__rosidl_typesupport_fastrtps_c.h
[2.105s] -- Up-to-date symlink: /home/robofei/ROS2/action/install/custom_interfaces/lib/libcustom_interfaces__rosidl_typesupport_fastrtps_c.so
[2.107s] -- Up-to-date symlink: /home/robofei/ROS2/action/install/custom_interfaces/include/custom_interfaces/msg/detail/decision__rosidl_typesupport_fastrtps_cpp.hpp
[2.108s] -- Up-to-date symlink: /home/robofei/ROS2/action/install/custom_interfaces/include/custom_interfaces/msg/detail/set_position__rosidl_typesupport_fastrtps_cpp.hpp
[2.109s] -- Up-to-date symlink: /home/robofei/ROS2/action/install/custom_interfaces/include/custom_interfaces/msg/detail/set_position_sync__rosidl_typesupport_fastrtps_cpp.hpp
[2.110s] -- Up-to-date symlink: /home/robofei/ROS2/action/install/custom_interfaces/include/custom_interfaces/msg/rosidl_typesupport_fastrtps_cpp__visibility_control.h
[2.110s] -- Up-to-date symlink: /home/robofei/ROS2/action/install/custom_interfaces/include/custom_interfaces/srv/detail/get_position__rosidl_typesupport_fastrtps_cpp.hpp
[2.116s] -- Up-to-date symlink: /home/robofei/ROS2/action/install/custom_interfaces/lib/libcustom_interfaces__rosidl_typesupport_fastrtps_cpp.so
[2.129s] -- Up-to-date symlink: /home/robofei/ROS2/action/install/custom_interfaces/include/custom_interfaces/msg/detail/decision__rosidl_typesupport_introspection_c.h
[2.130s] -- Up-to-date symlink: /home/robofei/ROS2/action/install/custom_interfaces/include/custom_interfaces/msg/detail/set_position__rosidl_typesupport_introspection_c.h
[2.131s] -- Up-to-date symlink: /home/robofei/ROS2/action/install/custom_interfaces/include/custom_interfaces/msg/detail/set_position_sync__rosidl_typesupport_introspection_c.h
[2.131s] -- Up-to-date symlink: /home/robofei/ROS2/action/install/custom_interfaces/include/custom_interfaces/msg/rosidl_typesupport_introspection_c__visibility_control.h
[2.132s] -- Up-to-date symlink: /home/robofei/ROS2/action/install/custom_interfaces/include/custom_interfaces/srv/detail/get_position__rosidl_typesupport_introspection_c.h
[2.134s] -- Up-to-date symlink: /home/robofei/ROS2/action/install/custom_interfaces/include/custom_interfaces/msg/decision.hpp
[2.134s] -- Up-to-date symlink: /home/robofei/ROS2/action/install/custom_interfaces/include/custom_interfaces/msg/detail/decision__builder.hpp
[2.135s] -- Up-to-date symlink: /home/robofei/ROS2/action/install/custom_interfaces/include/custom_interfaces/msg/detail/decision__struct.hpp
[2.136s] -- Up-to-date symlink: /home/robofei/ROS2/action/install/custom_interfaces/include/custom_interfaces/msg/detail/decision__traits.hpp
[2.137s] -- Up-to-date symlink: /home/robofei/ROS2/action/install/custom_interfaces/include/custom_interfaces/msg/detail/set_position__builder.hpp
[2.138s] -- Up-to-date symlink: /home/robofei/ROS2/action/install/custom_interfaces/include/custom_interfaces/msg/detail/set_position__struct.hpp
[2.138s] -- Up-to-date symlink: /home/robofei/ROS2/action/install/custom_interfaces/include/custom_interfaces/msg/detail/set_position__traits.hpp
[2.139s] -- Up-to-date symlink: /home/robofei/ROS2/action/install/custom_interfaces/include/custom_interfaces/msg/detail/set_position_sync__builder.hpp
[2.140s] -- Up-to-date symlink: /home/robofei/ROS2/action/install/custom_interfaces/include/custom_interfaces/msg/detail/set_position_sync__struct.hpp
[2.140s] -- Up-to-date symlink: /home/robofei/ROS2/action/install/custom_interfaces/include/custom_interfaces/msg/detail/set_position_sync__traits.hpp
[2.141s] -- Up-to-date symlink: /home/robofei/ROS2/action/install/custom_interfaces/include/custom_interfaces/msg/set_position.hpp
[2.142s] -- Up-to-date symlink: /home/robofei/ROS2/action/install/custom_interfaces/include/custom_interfaces/msg/set_position_sync.hpp
[2.143s] -- Up-to-date symlink: /home/robofei/ROS2/action/install/custom_interfaces/include/custom_interfaces/srv/detail/get_position__builder.hpp
[2.143s] -- Up-to-date symlink: /home/robofei/ROS2/action/install/custom_interfaces/include/custom_interfaces/srv/detail/get_position__struct.hpp
[2.144s] -- Up-to-date symlink: /home/robofei/ROS2/action/install/custom_interfaces/include/custom_interfaces/srv/detail/get_position__traits.hpp
[2.145s] -- Up-to-date symlink: /home/robofei/ROS2/action/install/custom_interfaces/include/custom_interfaces/srv/get_position.hpp
[2.146s] -- Up-to-date symlink: /home/robofei/ROS2/action/install/custom_interfaces/include/custom_interfaces/msg/detail/decision__rosidl_typesupport_introspection_cpp.hpp
[2.147s] -- Up-to-date symlink: /home/robofei/ROS2/action/install/custom_interfaces/include/custom_interfaces/msg/detail/set_position__rosidl_typesupport_introspection_cpp.hpp
[2.148s] -- Up-to-date symlink: /home/robofei/ROS2/action/install/custom_interfaces/include/custom_interfaces/msg/detail/set_position_sync__rosidl_typesupport_introspection_cpp.hpp
[2.148s] -- Up-to-date symlink: /home/robofei/ROS2/action/install/custom_interfaces/include/custom_interfaces/srv/detail/get_position__rosidl_typesupport_introspection_cpp.hpp
[2.149s] -- Up-to-date symlink: /home/robofei/ROS2/action/install/custom_interfaces/share/custom_interfaces/environment/pythonpath.sh
[2.150s] -- Up-to-date symlink: /home/robofei/ROS2/action/install/custom_interfaces/share/custom_interfaces/environment/pythonpath.dsv
[2.151s] -- Up-to-date symlink: /home/robofei/ROS2/action/install/custom_interfaces/lib/python3.8/site-packages/custom_interfaces/__init__.py
[2.152s] -- Up-to-date symlink: /home/robofei/ROS2/action/install/custom_interfaces/lib/python3.8/site-packages/custom_interfaces/msg/__init__.py
[2.153s] -- Up-to-date symlink: /home/robofei/ROS2/action/install/custom_interfaces/lib/python3.8/site-packages/custom_interfaces/msg/_decision.py
[2.154s] -- Up-to-date symlink: /home/robofei/ROS2/action/install/custom_interfaces/lib/python3.8/site-packages/custom_interfaces/msg/_set_position.py
[2.154s] -- Up-to-date symlink: /home/robofei/ROS2/action/install/custom_interfaces/lib/python3.8/site-packages/custom_interfaces/msg/_set_position_sync.py
[2.156s] -- Up-to-date symlink: /home/robofei/ROS2/action/install/custom_interfaces/lib/python3.8/site-packages/custom_interfaces/srv/__init__.py
[2.156s] -- Up-to-date symlink: /home/robofei/ROS2/action/install/custom_interfaces/lib/python3.8/site-packages/custom_interfaces/srv/_get_position.py
[2.171s] -- Up-to-date symlink: /home/robofei/ROS2/action/install/custom_interfaces/lib/python3.8/site-packages/custom_interfaces/custom_interfaces_s__rosidl_typesupport_fastrtps_c.cpython-38-x86_64-linux-gnu.so
[2.175s] -- Up-to-date symlink: /home/robofei/ROS2/action/install/custom_interfaces/lib/python3.8/site-packages/custom_interfaces/custom_interfaces_s__rosidl_typesupport_introspection_c.cpython-38-x86_64-linux-gnu.so
[2.178s] -- Up-to-date symlink: /home/robofei/ROS2/action/install/custom_interfaces/lib/python3.8/site-packages/custom_interfaces/custom_interfaces_s__rosidl_typesupport_c.cpython-38-x86_64-linux-gnu.so
[2.181s] -- Up-to-date symlink: /home/robofei/ROS2/action/install/custom_interfaces/lib/libcustom_interfaces__python.so
[2.184s] -- Up-to-date symlink: /home/robofei/ROS2/action/install/custom_interfaces/share/custom_interfaces/msg/SetPosition.idl
[2.185s] -- Up-to-date symlink: /home/robofei/ROS2/action/install/custom_interfaces/share/custom_interfaces/msg/Decision.idl
[2.187s] -- Up-to-date symlink: /home/robofei/ROS2/action/install/custom_interfaces/share/custom_interfaces/srv/GetPosition.idl
[2.188s] -- Up-to-date symlink: /home/robofei/ROS2/action/install/custom_interfaces/share/custom_interfaces/msg/SetPosition.msg
[2.189s] -- Up-to-date symlink: /home/robofei/ROS2/action/install/custom_interfaces/share/custom_interfaces/msg/Decision.msg
[2.190s] -- Up-to-date symlink: /home/robofei/ROS2/action/install/custom_interfaces/share/custom_interfaces/srv/GetPosition.srv
[2.191s] -- Up-to-date symlink: /home/robofei/ROS2/action/install/custom_interfaces/share/custom_interfaces/srv/GetPosition_Request.msg
[2.192s] -- Up-to-date symlink: /home/robofei/ROS2/action/install/custom_interfaces/share/custom_interfaces/srv/GetPosition_Response.msg
[2.193s] -- Up-to-date symlink: /home/robofei/ROS2/action/install/custom_interfaces/share/ament_index/resource_index/package_run_dependencies/custom_interfaces
[2.194s] -- Up-to-date symlink: /home/robofei/ROS2/action/install/custom_interfaces/share/ament_index/resource_index/parent_prefix_path/custom_interfaces
[2.195s] -- Up-to-date symlink: /home/robofei/ROS2/action/install/custom_interfaces/share/custom_interfaces/environment/ament_prefix_path.sh
[2.195s] -- Up-to-date symlink: /home/robofei/ROS2/action/install/custom_interfaces/share/custom_interfaces/environment/ament_prefix_path.dsv
[2.196s] -- Up-to-date symlink: /home/robofei/ROS2/action/install/custom_interfaces/share/custom_interfaces/environment/path.sh
[2.197s] -- Up-to-date symlink: /home/robofei/ROS2/action/install/custom_interfaces/share/custom_interfaces/environment/path.dsv
[2.197s] -- Up-to-date symlink: /home/robofei/ROS2/action/install/custom_interfaces/share/custom_interfaces/local_setup.bash
[2.198s] -- Up-to-date symlink: /home/robofei/ROS2/action/install/custom_interfaces/share/custom_interfaces/local_setup.sh
[2.199s] -- Up-to-date symlink: /home/robofei/ROS2/action/install/custom_interfaces/share/custom_interfaces/local_setup.zsh
[2.200s] -- Up-to-date symlink: /home/robofei/ROS2/action/install/custom_interfaces/share/custom_interfaces/local_setup.dsv
[2.200s] -- Symlinking: /home/robofei/ROS2/action/install/custom_interfaces/share/custom_interfaces/package.dsv
[2.242s] -- Up-to-date symlink: /home/robofei/ROS2/action/install/custom_interfaces/share/ament_index/resource_index/packages/custom_interfaces
[2.242s] -- Up-to-date symlink: /home/robofei/ROS2/action/install/custom_interfaces/share/custom_interfaces/cmake/rosidl_cmake-extras.cmake
[2.243s] -- Up-to-date symlink: /home/robofei/ROS2/action/install/custom_interfaces/share/custom_interfaces/cmake/ament_cmake_export_dependencies-extras.cmake
[2.244s] -- Up-to-date symlink: /home/robofei/ROS2/action/install/custom_interfaces/share/custom_interfaces/cmake/ament_cmake_export_libraries-extras.cmake
[2.250s] -- Up-to-date symlink: /home/robofei/ROS2/action/install/custom_interfaces/share/custom_interfaces/cmake/ament_cmake_export_targets-extras.cmake
[2.251s] -- Up-to-date symlink: /home/robofei/ROS2/action/install/custom_interfaces/share/custom_interfaces/cmake/ament_cmake_export_include_directories-extras.cmake
[2.251s] -- Up-to-date symlink: /home/robofei/ROS2/action/install/custom_interfaces/share/custom_interfaces/cmake/rosidl_cmake_export_typesupport_libraries-extras.cmake
[2.252s] -- Up-to-date symlink: /home/robofei/ROS2/action/install/custom_interfaces/share/custom_interfaces/cmake/rosidl_cmake_export_typesupport_targets-extras.cmake
[2.252s] -- Up-to-date symlink: /home/robofei/ROS2/action/install/custom_interfaces/share/custom_interfaces/cmake/custom_interfacesConfig.cmake
[2.253s] -- Up-to-date symlink: /home/robofei/ROS2/action/install/custom_interfaces/share/custom_interfaces/cmake/custom_interfacesConfig-version.cmake
[2.253s] -- Up-to-date symlink: /home/robofei/ROS2/action/install/custom_interfaces/share/custom_interfaces/package.xml
[2.260s] -- Up-to-date: /home/robofei/ROS2/action/install/custom_interfaces/lib/libcustom_interfaces__rosidl_generator_c.so
[2.270s] -- Up-to-date: /home/robofei/ROS2/action/install/custom_interfaces/lib/libcustom_interfaces__rosidl_typesupport_introspection_c.so
[2.274s] -- Up-to-date: /home/robofei/ROS2/action/install/custom_interfaces/lib/libcustom_interfaces__rosidl_typesupport_c.so
[2.278s] -- Up-to-date: /home/robofei/ROS2/action/install/custom_interfaces/lib/libcustom_interfaces__rosidl_typesupport_introspection_cpp.so
[2.281s] -- Up-to-date: /home/robofei/ROS2/action/install/custom_interfaces/lib/libcustom_interfaces__rosidl_typesupport_cpp.so
[2.347s] -- Up-to-date: /home/robofei/ROS2/action/install/custom_interfaces/share/custom_interfaces/cmake/custom_interfaces__rosidl_generator_cExport.cmake
[2.347s] -- Up-to-date: /home/robofei/ROS2/action/install/custom_interfaces/share/custom_interfaces/cmake/custom_interfaces__rosidl_generator_cExport-noconfig.cmake
[2.347s] -- Up-to-date: /home/robofei/ROS2/action/install/custom_interfaces/share/custom_interfaces/cmake/custom_interfaces__rosidl_typesupport_introspection_cExport.cmake
[2.347s] -- Up-to-date: /home/robofei/ROS2/action/install/custom_interfaces/share/custom_interfaces/cmake/custom_interfaces__rosidl_typesupport_introspection_cExport-noconfig.cmake
[2.348s] -- Up-to-date: /home/robofei/ROS2/action/install/custom_interfaces/share/custom_interfaces/cmake/custom_interfaces__rosidl_typesupport_cExport.cmake
[2.348s] -- Up-to-date: /home/robofei/ROS2/action/install/custom_interfaces/share/custom_interfaces/cmake/custom_interfaces__rosidl_typesupport_cExport-noconfig.cmake
[2.348s] -- Up-to-date: /home/robofei/ROS2/action/install/custom_interfaces/share/custom_interfaces/cmake/custom_interfaces__rosidl_generator_cppExport.cmake
[2.349s] -- Up-to-date: /home/robofei/ROS2/action/install/custom_interfaces/share/custom_interfaces/cmake/custom_interfaces__rosidl_typesupport_introspection_cppExport.cmake
[2.349s] -- Up-to-date: /home/robofei/ROS2/action/install/custom_interfaces/share/custom_interfaces/cmake/custom_interfaces__rosidl_typesupport_introspection_cppExport-noconfig.cmake
[2.349s] -- Up-to-date: /home/robofei/ROS2/action/install/custom_interfaces/share/custom_interfaces/cmake/custom_interfaces__rosidl_typesupport_cppExport.cmake
[2.349s] -- Up-to-date: /home/robofei/ROS2/action/install/custom_interfaces/share/custom_interfaces/cmake/custom_interfaces__rosidl_typesupport_cppExport-noconfig.cmake
[2.372s] Invoked command in '/home/robofei/ROS2/action/build/custom_interfaces' returned '0': CMAKE_PREFIX_PATH=/opt/ros/foxy /usr/bin/cmake --install /home/robofei/ROS2/action/build/custom_interfaces
