[0.832s] DEBUG:colcon:Command line arguments: ['/usr/bin/colcon', 'build']
[0.832s] DEBUG:colcon:Parsed command line arguments: Namespace(ament_cmake_args=None, base_paths=['.'], build_base='build', catkin_cmake_args=None, catkin_skip_building_tests=False, cmake_args=None, cmake_clean_cache=False, cmake_clean_first=False, cmake_force_configure=False, cmake_target=None, cmake_target_skip_unavailable=False, continue_on_error=False, event_handlers=None, executor='parallel', ignore_user_meta=False, install_base='install', log_base=None, log_level=None, main=<bound method BuildVerb.main of <colcon_core.verb.build.BuildVerb object at 0x7fba8c2086d0>>, merge_install=False, metas=['./colcon.meta'], packages_above=None, packages_above_and_dependencies=None, packages_above_depth=None, packages_end=None, packages_ignore=None, packages_ignore_regex=None, packages_select=None, packages_select_build_failed=False, packages_select_by_dep=None, packages_select_regex=None, packages_select_test_failures=False, packages_skip=None, packages_skip_build_finished=False, packages_skip_by_dep=None, packages_skip_regex=None, packages_skip_test_passed=False, packages_skip_up_to=None, packages_start=None, packages_up_to=None, packages_up_to_regex=None, parallel_workers=2, paths=None, symlink_install=False, test_result_base=None, verb_extension=<colcon_core.verb.build.BuildVerb object at 0x7fba8c2086d0>, verb_name='build', verb_parser=<colcon_defaults.argument_parser.defaults.DefaultArgumentsDecorator object at 0x7fba8c208c10>)
[0.846s] Level 1:colcon.colcon_core.package_discovery:discover_packages(colcon_meta) check parameters
[0.847s] Level 1:colcon.colcon_core.package_discovery:discover_packages(recursive) check parameters
[0.847s] Level 1:colcon.colcon_core.package_discovery:discover_packages(ignore) check parameters
[0.847s] Level 1:colcon.colcon_core.package_discovery:discover_packages(path) check parameters
[0.847s] Level 1:colcon.colcon_core.package_discovery:discover_packages(colcon_meta) discover
[0.847s] Level 1:colcon.colcon_core.package_discovery:discover_packages(recursive) discover
[0.847s] INFO:colcon.colcon_core.package_discovery:Crawling recursively for packages in '/home/amd/Downloads/GC'
[0.848s] Level 1:colcon.colcon_core.package_identification:_identify(.) by extensions ['ignore', 'ignore_ament_install']
[0.848s] Level 1:colcon.colcon_core.package_identification:_identify(.) by extension 'ignore'
[0.848s] Level 1:colcon.colcon_core.package_identification:_identify(.) by extension 'ignore_ament_install'
[0.848s] Level 1:colcon.colcon_core.package_identification:_identify(.) by extensions ['colcon_pkg']
[0.848s] Level 1:colcon.colcon_core.package_identification:_identify(.) by extension 'colcon_pkg'
[0.848s] Level 1:colcon.colcon_core.package_identification:_identify(.) by extensions ['colcon_meta']
[0.849s] Level 1:colcon.colcon_core.package_identification:_identify(.) by extension 'colcon_meta'
[0.849s] Level 1:colcon.colcon_core.package_identification:_identify(.) by extensions ['ros']
[0.849s] Level 1:colcon.colcon_core.package_identification:_identify(.) by extension 'ros'
[0.882s] Level 1:colcon.colcon_core.package_identification:_identify(.) by extensions ['cmake', 'python']
[0.882s] Level 1:colcon.colcon_core.package_identification:_identify(.) by extension 'cmake'
[0.882s] Level 1:colcon.colcon_core.package_identification:_identify(.) by extension 'python'
[0.882s] Level 1:colcon.colcon_core.package_identification:_identify(.) by extensions ['python_setup_py']
[0.883s] Level 1:colcon.colcon_core.package_identification:_identify(.) by extension 'python_setup_py'
[0.883s] Level 1:colcon.colcon_core.package_identification:_identify(build) by extensions ['ignore', 'ignore_ament_install']
[0.884s] Level 1:colcon.colcon_core.package_identification:_identify(build) by extension 'ignore'
[0.884s] Level 1:colcon.colcon_core.package_identification:_identify(build) ignored
[0.885s] Level 1:colcon.colcon_core.package_identification:_identify(install) by extensions ['ignore', 'ignore_ament_install']
[0.885s] Level 1:colcon.colcon_core.package_identification:_identify(install) by extension 'ignore'
[0.885s] Level 1:colcon.colcon_core.package_identification:_identify(install) ignored
[0.885s] Level 1:colcon.colcon_core.package_identification:_identify(log) by extensions ['ignore', 'ignore_ament_install']
[0.886s] Level 1:colcon.colcon_core.package_identification:_identify(log) by extension 'ignore'
[0.886s] Level 1:colcon.colcon_core.package_identification:_identify(log) ignored
[0.887s] Level 1:colcon.colcon_core.package_identification:_identify(src) by extensions ['ignore', 'ignore_ament_install']
[0.887s] Level 1:colcon.colcon_core.package_identification:_identify(src) by extension 'ignore'
[0.887s] Level 1:colcon.colcon_core.package_identification:_identify(src) by extension 'ignore_ament_install'
[0.887s] Level 1:colcon.colcon_core.package_identification:_identify(src) by extensions ['colcon_pkg']
[0.887s] Level 1:colcon.colcon_core.package_identification:_identify(src) by extension 'colcon_pkg'
[0.887s] Level 1:colcon.colcon_core.package_identification:_identify(src) by extensions ['colcon_meta']
[0.887s] Level 1:colcon.colcon_core.package_identification:_identify(src) by extension 'colcon_meta'
[0.887s] Level 1:colcon.colcon_core.package_identification:_identify(src) by extensions ['ros']
[0.888s] Level 1:colcon.colcon_core.package_identification:_identify(src) by extension 'ros'
[0.888s] Level 1:colcon.colcon_core.package_identification:_identify(src) by extensions ['cmake', 'python']
[0.888s] Level 1:colcon.colcon_core.package_identification:_identify(src) by extension 'cmake'
[0.888s] Level 1:colcon.colcon_core.package_identification:_identify(src) by extension 'python'
[0.888s] Level 1:colcon.colcon_core.package_identification:_identify(src) by extensions ['python_setup_py']
[0.888s] Level 1:colcon.colcon_core.package_identification:_identify(src) by extension 'python_setup_py'
[0.888s] Level 1:colcon.colcon_core.package_identification:_identify(src/controller) by extensions ['ignore', 'ignore_ament_install']
[0.889s] Level 1:colcon.colcon_core.package_identification:_identify(src/controller) by extension 'ignore'
[0.889s] Level 1:colcon.colcon_core.package_identification:_identify(src/controller) by extension 'ignore_ament_install'
[0.889s] Level 1:colcon.colcon_core.package_identification:_identify(src/controller) by extensions ['colcon_pkg']
[0.889s] Level 1:colcon.colcon_core.package_identification:_identify(src/controller) by extension 'colcon_pkg'
[0.889s] Level 1:colcon.colcon_core.package_identification:_identify(src/controller) by extensions ['colcon_meta']
[0.889s] Level 1:colcon.colcon_core.package_identification:_identify(src/controller) by extension 'colcon_meta'
[0.889s] Level 1:colcon.colcon_core.package_identification:_identify(src/controller) by extensions ['ros']
[0.890s] Level 1:colcon.colcon_core.package_identification:_identify(src/controller) by extension 'ros'
[0.895s] DEBUG:colcon.colcon_core.package_identification:Package 'src/controller' with type 'ros.ament_python' and name 'controller'
[0.895s] Level 1:colcon.colcon_core.package_identification:_identify(src/messages) by extensions ['ignore', 'ignore_ament_install']
[0.895s] Level 1:colcon.colcon_core.package_identification:_identify(src/messages) by extension 'ignore'
[0.895s] Level 1:colcon.colcon_core.package_identification:_identify(src/messages) by extension 'ignore_ament_install'
[0.896s] Level 1:colcon.colcon_core.package_identification:_identify(src/messages) by extensions ['colcon_pkg']
[0.896s] Level 1:colcon.colcon_core.package_identification:_identify(src/messages) by extension 'colcon_pkg'
[0.896s] Level 1:colcon.colcon_core.package_identification:_identify(src/messages) by extensions ['colcon_meta']
[0.896s] Level 1:colcon.colcon_core.package_identification:_identify(src/messages) by extension 'colcon_meta'
[0.896s] Level 1:colcon.colcon_core.package_identification:_identify(src/messages) by extensions ['ros']
[0.896s] Level 1:colcon.colcon_core.package_identification:_identify(src/messages) by extension 'ros'
[0.896s] Level 1:colcon.colcon_core.package_identification:_identify(src/messages) by extensions ['cmake', 'python']
[0.896s] Level 1:colcon.colcon_core.package_identification:_identify(src/messages) by extension 'cmake'
[0.897s] Level 1:colcon.colcon_core.package_identification:_identify(src/messages) by extension 'python'
[0.897s] Level 1:colcon.colcon_core.package_identification:_identify(src/messages) by extensions ['python_setup_py']
[0.897s] Level 1:colcon.colcon_core.package_identification:_identify(src/messages) by extension 'python_setup_py'
[0.897s] Level 1:colcon.colcon_core.package_identification:_identify(src/messages/messages) by extensions ['ignore', 'ignore_ament_install']
[0.897s] Level 1:colcon.colcon_core.package_identification:_identify(src/messages/messages) by extension 'ignore'
[0.898s] Level 1:colcon.colcon_core.package_identification:_identify(src/messages/messages) by extension 'ignore_ament_install'
[0.898s] Level 1:colcon.colcon_core.package_identification:_identify(src/messages/messages) by extensions ['colcon_pkg']
[0.898s] Level 1:colcon.colcon_core.package_identification:_identify(src/messages/messages) by extension 'colcon_pkg'
[0.898s] Level 1:colcon.colcon_core.package_identification:_identify(src/messages/messages) by extensions ['colcon_meta']
[0.898s] Level 1:colcon.colcon_core.package_identification:_identify(src/messages/messages) by extension 'colcon_meta'
[0.898s] Level 1:colcon.colcon_core.package_identification:_identify(src/messages/messages) by extensions ['ros']
[0.898s] Level 1:colcon.colcon_core.package_identification:_identify(src/messages/messages) by extension 'ros'
[0.900s] DEBUG:colcon.colcon_core.package_identification:Package 'src/messages/messages' with type 'ros.ament_cmake' and name 'messages'
[0.900s] Level 1:colcon.colcon_core.package_discovery:discover_packages(recursive) using defaults
[0.900s] Level 1:colcon.colcon_core.package_discovery:discover_packages(ignore) discover
[0.900s] Level 1:colcon.colcon_core.package_discovery:discover_packages(ignore) using defaults
[0.900s] Level 1:colcon.colcon_core.package_discovery:discover_packages(path) discover
[0.901s] Level 1:colcon.colcon_core.package_discovery:discover_packages(path) using defaults
[0.954s] Level 5:colcon.colcon_core.verb:set package 'controller' build argument 'cmake_args' from command line to 'None'
[0.954s] Level 5:colcon.colcon_core.verb:set package 'controller' build argument 'cmake_target' from command line to 'None'
[0.954s] Level 5:colcon.colcon_core.verb:set package 'controller' build argument 'cmake_target_skip_unavailable' from command line to 'False'
[0.954s] Level 5:colcon.colcon_core.verb:set package 'controller' build argument 'cmake_clean_cache' from command line to 'False'
[0.954s] Level 5:colcon.colcon_core.verb:set package 'controller' build argument 'cmake_clean_first' from command line to 'False'
[0.954s] Level 5:colcon.colcon_core.verb:set package 'controller' build argument 'cmake_force_configure' from command line to 'False'
[0.954s] Level 5:colcon.colcon_core.verb:set package 'controller' build argument 'ament_cmake_args' from command line to 'None'
[0.954s] Level 5:colcon.colcon_core.verb:set package 'controller' build argument 'catkin_cmake_args' from command line to 'None'
[0.954s] Level 5:colcon.colcon_core.verb:set package 'controller' build argument 'catkin_skip_building_tests' from command line to 'False'
[0.954s] DEBUG:colcon.colcon_core.verb:Building package 'controller' with the following arguments: {'ament_cmake_args': None, 'build_base': '/home/amd/Downloads/GC/build/controller', 'catkin_cmake_args': None, 'catkin_skip_building_tests': False, 'cmake_args': None, 'cmake_clean_cache': False, 'cmake_clean_first': False, 'cmake_force_configure': False, 'cmake_target': None, 'cmake_target_skip_unavailable': False, 'install_base': '/home/amd/Downloads/GC/install/controller', 'merge_install': False, 'path': '/home/amd/Downloads/GC/src/controller', 'symlink_install': False, 'test_result_base': None}
[0.962s] Level 5:colcon.colcon_core.verb:set package 'messages' build argument 'cmake_args' from command line to 'None'
[0.962s] Level 5:colcon.colcon_core.verb:set package 'messages' build argument 'cmake_target' from command line to 'None'
[0.962s] Level 5:colcon.colcon_core.verb:set package 'messages' build argument 'cmake_target_skip_unavailable' from command line to 'False'
[0.963s] Level 5:colcon.colcon_core.verb:set package 'messages' build argument 'cmake_clean_cache' from command line to 'False'
[0.963s] Level 5:colcon.colcon_core.verb:set package 'messages' build argument 'cmake_clean_first' from command line to 'False'
[0.963s] Level 5:colcon.colcon_core.verb:set package 'messages' build argument 'cmake_force_configure' from command line to 'False'
[0.963s] Level 5:colcon.colcon_core.verb:set package 'messages' build argument 'ament_cmake_args' from command line to 'None'
[0.963s] Level 5:colcon.colcon_core.verb:set package 'messages' build argument 'catkin_cmake_args' from command line to 'None'
[0.963s] Level 5:colcon.colcon_core.verb:set package 'messages' build argument 'catkin_skip_building_tests' from command line to 'False'
[0.963s] DEBUG:colcon.colcon_core.verb:Building package 'messages' with the following arguments: {'ament_cmake_args': None, 'build_base': '/home/amd/Downloads/GC/build/messages', 'catkin_cmake_args': None, 'catkin_skip_building_tests': False, 'cmake_args': None, 'cmake_clean_cache': False, 'cmake_clean_first': False, 'cmake_force_configure': False, 'cmake_target': None, 'cmake_target_skip_unavailable': False, 'install_base': '/home/amd/Downloads/GC/install/messages', 'merge_install': False, 'path': '/home/amd/Downloads/GC/src/messages/messages', 'symlink_install': False, 'test_result_base': None}
[0.964s] INFO:colcon.colcon_core.executor:Executing jobs using 'parallel' executor
[0.968s] DEBUG:colcon.colcon_parallel_executor.executor.parallel:run_until_complete
[0.969s] INFO:colcon.colcon_ros.task.ament_python.build:Building ROS package in '/home/amd/Downloads/GC/src/controller' with build type 'ament_python'
[0.969s] Level 1:colcon.colcon_core.shell:create_environment_hook('controller', 'ament_prefix_path')
[0.980s] INFO:colcon.colcon_core.plugin_system:Skipping extension 'colcon_core.shell.bat': Not used on non-Windows systems
[0.981s] INFO:colcon.colcon_core.shell:Creating environment hook '/home/amd/Downloads/GC/install/controller/share/controller/hook/ament_prefix_path.ps1'
[0.982s] INFO:colcon.colcon_core.shell:Creating environment descriptor '/home/amd/Downloads/GC/install/controller/share/controller/hook/ament_prefix_path.dsv'
[0.984s] INFO:colcon.colcon_core.shell:Creating environment hook '/home/amd/Downloads/GC/install/controller/share/controller/hook/ament_prefix_path.sh'
[0.988s] INFO:colcon.colcon_core.shell:Skip shell extension 'powershell' for command environment: Not usable outside of PowerShell
[0.988s] DEBUG:colcon.colcon_core.shell:Skip shell extension 'dsv' for command environment
[0.994s] DEBUG:colcon.colcon_core.shell:Ignoring prefix path '/opt/ros/foxy'
[1.001s] INFO:colcon.colcon_ros.task.ament_cmake.build:Building ROS package in '/home/amd/Downloads/GC/src/messages/messages' with build type 'ament_cmake'
[1.002s] INFO:colcon.colcon_cmake.task.cmake.build:Building CMake package in '/home/amd/Downloads/GC/src/messages/messages'
[1.004s] INFO:colcon.colcon_core.shell:Skip shell extension 'powershell' for command environment: Not usable outside of PowerShell
[1.005s] DEBUG:colcon.colcon_core.shell:Skip shell extension 'dsv' for command environment
[1.012s] DEBUG:colcon.colcon_core.shell:Ignoring prefix path '/opt/ros/foxy'
[1.749s] INFO:colcon.colcon_core.task.python.build:Building Python package in '/home/amd/Downloads/GC/src/controller'
[1.751s] INFO:colcon.colcon_core.shell:Skip shell extension 'powershell' for command environment: Not usable outside of PowerShell
[1.751s] DEBUG:colcon.colcon_core.shell:Skip shell extension 'dsv' for command environment
[1.756s] DEBUG:colcon.colcon_core.shell:Ignoring prefix path '/opt/ros/foxy'
[1.777s] DEBUG:colcon.colcon_core.event_handler.log_command:Invoking command in '/home/amd/Downloads/GC/build/messages': CMAKE_PREFIX_PATH=${CMAKE_PREFIX_PATH}:/home/amd/Downloads/GC/install/controller:/opt/ros/foxy /usr/bin/cmake --build /home/amd/Downloads/GC/build/messages -- -j2 -l2
[1.797s] DEBUG:colcon.colcon_core.event_handler.log_command:Invoking command in '/home/amd/Downloads/GC/src/controller': PYTHONPATH=/home/amd/Downloads/GC/install/controller/lib/python3.8/site-packages:${PYTHONPATH} /usr/bin/python3 setup.py egg_info --egg-base ../../build/controller build --build-base /home/amd/Downloads/GC/build/controller/build install --prefix /home/amd/Downloads/GC/install/controller --record /home/amd/Downloads/GC/build/controller/install.log --single-version-externally-managed
[3.056s] DEBUG:colcon.colcon_core.event_handler.log_command:Invoked command in '/home/amd/Downloads/GC/build/messages' returned '0': CMAKE_PREFIX_PATH=${CMAKE_PREFIX_PATH}:/home/amd/Downloads/GC/install/controller:/opt/ros/foxy /usr/bin/cmake --build /home/amd/Downloads/GC/build/messages -- -j2 -l2
[3.319s] DEBUG:colcon.colcon_core.event_handler.log_command:Invoking command in '/home/amd/Downloads/GC/build/messages': CMAKE_PREFIX_PATH=${CMAKE_PREFIX_PATH}:/home/amd/Downloads/GC/install/controller:/opt/ros/foxy /usr/bin/cmake --install /home/amd/Downloads/GC/build/messages
[3.564s] DEBUG:colcon.colcon_core.event_handler.log_command:Invoked command in '/home/amd/Downloads/GC/src/controller' returned '0': PYTHONPATH=/home/amd/Downloads/GC/install/controller/lib/python3.8/site-packages:${PYTHONPATH} /usr/bin/python3 setup.py egg_info --egg-base ../../build/controller build --build-base /home/amd/Downloads/GC/build/controller/build install --prefix /home/amd/Downloads/GC/install/controller --record /home/amd/Downloads/GC/build/controller/install.log --single-version-externally-managed
[3.581s] Level 1:colcon.colcon_core.environment:checking '/home/amd/Downloads/GC/install/controller' for CMake module files
[3.584s] Level 1:colcon.colcon_core.environment:checking '/home/amd/Downloads/GC/install/controller' for CMake config files
[3.585s] Level 1:colcon.colcon_core.environment:checking '/home/amd/Downloads/GC/install/controller/lib'
[3.605s] Level 1:colcon.colcon_core.environment:checking '/home/amd/Downloads/GC/install/controller/bin'
[3.609s] Level 1:colcon.colcon_core.environment:checking '/home/amd/Downloads/GC/install/controller/lib/pkgconfig/controller.pc'
[3.610s] Level 1:colcon.colcon_core.environment:checking '/home/amd/Downloads/GC/install/controller/lib/python3.8/site-packages'
[3.611s] Level 1:colcon.colcon_core.shell:create_environment_hook('controller', 'pythonpath')
[3.612s] INFO:colcon.colcon_core.shell:Creating environment hook '/home/amd/Downloads/GC/install/controller/share/controller/hook/pythonpath.ps1'
[3.616s] INFO:colcon.colcon_core.shell:Creating environment descriptor '/home/amd/Downloads/GC/install/controller/share/controller/hook/pythonpath.dsv'
[3.617s] INFO:colcon.colcon_core.shell:Creating environment hook '/home/amd/Downloads/GC/install/controller/share/controller/hook/pythonpath.sh'
[3.618s] Level 1:colcon.colcon_core.environment:create_environment_scripts_only(controller)
[3.622s] INFO:colcon.colcon_core.shell:Creating package script '/home/amd/Downloads/GC/install/controller/share/controller/package.ps1'
[3.624s] INFO:colcon.colcon_core.shell:Creating package descriptor '/home/amd/Downloads/GC/install/controller/share/controller/package.dsv'
[3.626s] INFO:colcon.colcon_core.shell:Creating package script '/home/amd/Downloads/GC/install/controller/share/controller/package.sh'
[3.628s] INFO:colcon.colcon_core.shell:Creating package script '/home/amd/Downloads/GC/install/controller/share/controller/package.bash'
[3.631s] INFO:colcon.colcon_core.shell:Creating package script '/home/amd/Downloads/GC/install/controller/share/controller/package.zsh'
[3.636s] Level 1:colcon.colcon_core.environment:create_file_with_runtime_dependencies(/home/amd/Downloads/GC/install/controller/share/colcon-core/packages/controller)
[3.641s] Level 1:colcon.colcon_core.environment:create_environment_scripts_only(messages)
[3.644s] DEBUG:colcon.colcon_core.event_handler.log_command:Invoked command in '/home/amd/Downloads/GC/build/messages' returned '0': CMAKE_PREFIX_PATH=${CMAKE_PREFIX_PATH}:/home/amd/Downloads/GC/install/controller:/opt/ros/foxy /usr/bin/cmake --install /home/amd/Downloads/GC/build/messages
[3.646s] Level 1:colcon.colcon_core.environment:checking '/home/amd/Downloads/GC/install/messages' for CMake module files
[3.647s] Level 1:colcon.colcon_core.environment:checking '/home/amd/Downloads/GC/install/messages' for CMake config files
[3.648s] Level 1:colcon.colcon_core.shell:create_environment_hook('messages', 'cmake_prefix_path')
[3.650s] INFO:colcon.colcon_core.shell:Creating environment hook '/home/amd/Downloads/GC/install/messages/share/messages/hook/cmake_prefix_path.ps1'
[3.651s] INFO:colcon.colcon_core.shell:Creating environment descriptor '/home/amd/Downloads/GC/install/messages/share/messages/hook/cmake_prefix_path.dsv'
[3.654s] INFO:colcon.colcon_core.shell:Creating environment hook '/home/amd/Downloads/GC/install/messages/share/messages/hook/cmake_prefix_path.sh'
[3.656s] Level 1:colcon.colcon_core.environment:checking '/home/amd/Downloads/GC/install/messages/lib'
[3.656s] Level 1:colcon.colcon_core.shell:create_environment_hook('messages', 'ld_library_path_lib')
[3.658s] INFO:colcon.colcon_core.shell:Creating environment hook '/home/amd/Downloads/GC/install/messages/share/messages/hook/ld_library_path_lib.ps1'
[3.660s] INFO:colcon.colcon_core.shell:Creating environment descriptor '/home/amd/Downloads/GC/install/messages/share/messages/hook/ld_library_path_lib.dsv'
[3.661s] INFO:colcon.colcon_core.shell:Creating environment hook '/home/amd/Downloads/GC/install/messages/share/messages/hook/ld_library_path_lib.sh'
[3.662s] Level 1:colcon.colcon_core.environment:checking '/home/amd/Downloads/GC/install/messages/bin'
[3.662s] Level 1:colcon.colcon_core.environment:checking '/home/amd/Downloads/GC/install/messages/lib/pkgconfig/messages.pc'
[3.663s] Level 1:colcon.colcon_core.environment:checking '/home/amd/Downloads/GC/install/messages/lib/python3.8/site-packages'
[3.663s] Level 1:colcon.colcon_core.shell:create_environment_hook('messages', 'pythonpath')
[3.664s] INFO:colcon.colcon_core.shell:Creating environment hook '/home/amd/Downloads/GC/install/messages/share/messages/hook/pythonpath.ps1'
[3.665s] INFO:colcon.colcon_core.shell:Creating environment descriptor '/home/amd/Downloads/GC/install/messages/share/messages/hook/pythonpath.dsv'
[3.666s] INFO:colcon.colcon_core.shell:Creating environment hook '/home/amd/Downloads/GC/install/messages/share/messages/hook/pythonpath.sh'
[3.670s] INFO:colcon.colcon_core.shell:Creating package script '/home/amd/Downloads/GC/install/messages/share/messages/package.ps1'
[3.672s] INFO:colcon.colcon_core.shell:Creating package descriptor '/home/amd/Downloads/GC/install/messages/share/messages/package.dsv'
[3.675s] INFO:colcon.colcon_core.shell:Creating package script '/home/amd/Downloads/GC/install/messages/share/messages/package.sh'
[3.677s] INFO:colcon.colcon_core.shell:Creating package script '/home/amd/Downloads/GC/install/messages/share/messages/package.bash'
[3.678s] INFO:colcon.colcon_core.shell:Creating package script '/home/amd/Downloads/GC/install/messages/share/messages/package.zsh'
[3.679s] Level 1:colcon.colcon_core.environment:create_file_with_runtime_dependencies(/home/amd/Downloads/GC/install/messages/share/colcon-core/packages/messages)
[3.824s] Level 1:colcon.colcon_core.environment:create_environment_scripts_only(messages)
[3.826s] Level 1:colcon.colcon_core.environment:checking '/home/amd/Downloads/GC/install/messages' for CMake module files
[3.828s] Level 1:colcon.colcon_core.environment:checking '/home/amd/Downloads/GC/install/messages' for CMake config files
[3.830s] Level 1:colcon.colcon_core.shell:create_environment_hook('messages', 'cmake_prefix_path')
[3.831s] INFO:colcon.colcon_core.shell:Creating environment hook '/home/amd/Downloads/GC/install/messages/share/messages/hook/cmake_prefix_path.ps1'
[3.832s] INFO:colcon.colcon_core.shell:Creating environment descriptor '/home/amd/Downloads/GC/install/messages/share/messages/hook/cmake_prefix_path.dsv'
[3.833s] INFO:colcon.colcon_core.shell:Creating environment hook '/home/amd/Downloads/GC/install/messages/share/messages/hook/cmake_prefix_path.sh'
[3.835s] Level 1:colcon.colcon_core.environment:checking '/home/amd/Downloads/GC/install/messages/lib'
[3.835s] Level 1:colcon.colcon_core.shell:create_environment_hook('messages', 'ld_library_path_lib')
[3.836s] INFO:colcon.colcon_core.shell:Creating environment hook '/home/amd/Downloads/GC/install/messages/share/messages/hook/ld_library_path_lib.ps1'
[3.837s] INFO:colcon.colcon_core.shell:Creating environment descriptor '/home/amd/Downloads/GC/install/messages/share/messages/hook/ld_library_path_lib.dsv'
[3.838s] INFO:colcon.colcon_core.shell:Creating environment hook '/home/amd/Downloads/GC/install/messages/share/messages/hook/ld_library_path_lib.sh'
[3.840s] Level 1:colcon.colcon_core.environment:checking '/home/amd/Downloads/GC/install/messages/bin'
[3.840s] Level 1:colcon.colcon_core.environment:checking '/home/amd/Downloads/GC/install/messages/lib/pkgconfig/messages.pc'
[3.840s] Level 1:colcon.colcon_core.environment:checking '/home/amd/Downloads/GC/install/messages/lib/python3.8/site-packages'
[3.840s] Level 1:colcon.colcon_core.shell:create_environment_hook('messages', 'pythonpath')
[3.842s] INFO:colcon.colcon_core.shell:Creating environment hook '/home/amd/Downloads/GC/install/messages/share/messages/hook/pythonpath.ps1'
[3.844s] INFO:colcon.colcon_core.shell:Creating environment descriptor '/home/amd/Downloads/GC/install/messages/share/messages/hook/pythonpath.dsv'
[3.847s] INFO:colcon.colcon_core.shell:Creating environment hook '/home/amd/Downloads/GC/install/messages/share/messages/hook/pythonpath.sh'
[3.850s] INFO:colcon.colcon_core.shell:Creating package script '/home/amd/Downloads/GC/install/messages/share/messages/package.ps1'
[3.852s] INFO:colcon.colcon_core.shell:Creating package descriptor '/home/amd/Downloads/GC/install/messages/share/messages/package.dsv'
[3.853s] INFO:colcon.colcon_core.shell:Creating package script '/home/amd/Downloads/GC/install/messages/share/messages/package.sh'
[3.855s] INFO:colcon.colcon_core.shell:Creating package script '/home/amd/Downloads/GC/install/messages/share/messages/package.bash'
[3.856s] INFO:colcon.colcon_core.shell:Creating package script '/home/amd/Downloads/GC/install/messages/share/messages/package.zsh'
[3.857s] Level 1:colcon.colcon_core.environment:create_file_with_runtime_dependencies(/home/amd/Downloads/GC/install/messages/share/colcon-core/packages/messages)
[3.860s] DEBUG:colcon.colcon_parallel_executor.executor.parallel:closing loop
[3.861s] DEBUG:colcon.colcon_parallel_executor.executor.parallel:loop closed
[3.861s] DEBUG:colcon.colcon_parallel_executor.executor.parallel:run_until_complete finished with '0'
[3.861s] DEBUG:colcon.colcon_core.event_reactor:joining thread
[3.879s] INFO:colcon.colcon_core.plugin_system:Skipping extension 'colcon_notification.desktop_notification.terminal_notifier': Not used on non-Darwin systems
[3.880s] INFO:colcon.colcon_core.plugin_system:Skipping extension 'colcon_notification.desktop_notification.win32': Not used on non-Windows systems
[3.880s] INFO:colcon.colcon_notification.desktop_notification:Sending desktop notification using 'notify2'
[3.927s] DEBUG:colcon.colcon_core.event_reactor:joined thread
[3.929s] INFO:colcon.colcon_core.shell:Creating prefix script '/home/amd/Downloads/GC/install/local_setup.ps1'
[3.932s] INFO:colcon.colcon_core.shell:Creating prefix util module '/home/amd/Downloads/GC/install/_local_setup_util_ps1.py'
[3.936s] INFO:colcon.colcon_core.shell:Creating prefix chain script '/home/amd/Downloads/GC/install/setup.ps1'
[3.950s] INFO:colcon.colcon_core.shell:Creating prefix script '/home/amd/Downloads/GC/install/local_setup.sh'
[3.953s] INFO:colcon.colcon_core.shell:Creating prefix util module '/home/amd/Downloads/GC/install/_local_setup_util_sh.py'
[3.954s] INFO:colcon.colcon_core.shell:Creating prefix chain script '/home/amd/Downloads/GC/install/setup.sh'
[3.966s] INFO:colcon.colcon_core.shell:Creating prefix script '/home/amd/Downloads/GC/install/local_setup.bash'
[3.967s] INFO:colcon.colcon_core.shell:Creating prefix chain script '/home/amd/Downloads/GC/install/setup.bash'
[3.972s] INFO:colcon.colcon_core.shell:Creating prefix script '/home/amd/Downloads/GC/install/local_setup.zsh'
[3.973s] INFO:colcon.colcon_core.shell:Creating prefix chain script '/home/amd/Downloads/GC/install/setup.zsh'
