[0.681s] Invoking command in '/home/robofei/ROS2/decision_pkg/build/decision_pkg': PYTHONPATH=/home/robofei/ROS2/decision_pkg/install/decision_pkg/lib/python3.8/site-packages:/home/robofei/ROS2/decision_pkg/install/dynamixel_sdk_custom_interfaces/lib/python3.8/site-packages:/home/robofei/ROS2/decision_pkg/build/decision_pkg:/home/robofei/ROS2/decision_pkg/install/decision_pkg/lib/python3.8/site-packages:/opt/ros/foxy/lib/python3.8/site-packages /usr/bin/python3 setup.py develop --prefix /home/robofei/ROS2/decision_pkg/install/decision_pkg --editable --build-directory /home/robofei/ROS2/decision_pkg/build/decision_pkg/build --no-deps install_data --install-dir /home/robofei/ROS2/decision_pkg/install/decision_pkg
[0.919s] running develop
[1.057s] running egg_info
[1.057s] creating decision_pkg.egg-info
[1.057s] writing decision_pkg.egg-info/PKG-INFO
[1.057s] writing dependency_links to decision_pkg.egg-info/dependency_links.txt
[1.057s] writing entry points to decision_pkg.egg-info/entry_points.txt
[1.058s] writing requirements to decision_pkg.egg-info/requires.txt
[1.058s] writing top-level names to decision_pkg.egg-info/top_level.txt
[1.059s] writing manifest file 'decision_pkg.egg-info/SOURCES.txt'
[1.091s] reading manifest file 'decision_pkg.egg-info/SOURCES.txt'
[1.092s] writing manifest file 'decision_pkg.egg-info/SOURCES.txt'
[1.127s] running build_ext
[1.128s] Creating /home/robofei/ROS2/decision_pkg/install/decision_pkg/lib/python3.8/site-packages/site.py
[1.130s] Creating /home/robofei/ROS2/decision_pkg/install/decision_pkg/lib/python3.8/site-packages/decision-pkg.egg-link (link to .)
[1.130s] Installing decision_node script to /home/robofei/ROS2/decision_pkg/install/decision_pkg/lib/decision_pkg
[1.131s] 
[1.131s] Installed /home/robofei/ROS2/decision_pkg/build/decision_pkg
[1.131s] running install_data
[1.131s] creating /home/robofei/ROS2/decision_pkg/install/decision_pkg/share/ament_index
[1.131s] creating /home/robofei/ROS2/decision_pkg/install/decision_pkg/share/ament_index/resource_index
[1.131s] creating /home/robofei/ROS2/decision_pkg/install/decision_pkg/share/ament_index/resource_index/packages
[1.131s] copying resource/decision_pkg -> /home/robofei/ROS2/decision_pkg/install/decision_pkg/share/ament_index/resource_index/packages
[1.131s] copying package.xml -> /home/robofei/ROS2/decision_pkg/install/decision_pkg/share/decision_pkg
[1.160s] Invoked command in '/home/robofei/ROS2/decision_pkg/build/decision_pkg' returned '0': PYTHONPATH=/home/robofei/ROS2/decision_pkg/install/decision_pkg/lib/python3.8/site-packages:/home/robofei/ROS2/decision_pkg/install/dynamixel_sdk_custom_interfaces/lib/python3.8/site-packages:/home/robofei/ROS2/decision_pkg/build/decision_pkg:/home/robofei/ROS2/decision_pkg/install/decision_pkg/lib/python3.8/site-packages:/opt/ros/foxy/lib/python3.8/site-packages /usr/bin/python3 setup.py develop --prefix /home/robofei/ROS2/decision_pkg/install/decision_pkg --editable --build-directory /home/robofei/ROS2/decision_pkg/build/decision_pkg/build --no-deps install_data --install-dir /home/robofei/ROS2/decision_pkg/install/decision_pkg
