[0.068s] Invoking command in '/home/robofei/ROS2/build/um7': CMAKE_PREFIX_PATH=/home/robofei/ROS2/install/serial:/home/robofei/ROS2/install/um7:/home/robofei/ROS2/install/control:/home/robofei/ROS2/install/dynamixel_sdk_examples:/home/robofei/ROS2/install/dynamixel_sdk_custom_interfaces:/home/robofei/ROS2/install/dynamixel_sdk:/home/robofei/ROS2/install/custom_interfaces_vision:/home/robofei/ROS2/install/custom_interfaces:/home/robofei/ROS2/install/vision_pkg:/home/robofei/ROS2/install/decision_pkg:/home/robofei/ROS2/install/controller:/opt/ros/foxy /usr/bin/cmake --build /home/robofei/ROS2/build/um7 -- -j4 -l4
[0.298s] [  8%] Built target um7__rosidl_generator_c
[0.315s] [ 10%] Built target um7__cpp
[0.377s] [ 16%] Built target um7_node
[0.436s] [ 24%] Built target um7__rosidl_typesupport_cpp
[0.473s] [ 32%] Built target um7__rosidl_typesupport_introspection_c
[0.475s] [ 40%] Built target um7__rosidl_typesupport_c
[0.513s] [ 48%] Built target um7__rosidl_typesupport_fastrtps_cpp
[0.516s] [ 56%] Built target um7__rosidl_typesupport_introspection_cpp
[0.586s] [ 64%] Built target um7__rosidl_typesupport_fastrtps_c
[0.639s] [ 64%] Built target um7
[0.702s] [ 67%] Built target um7__py
[0.749s] [ 78%] Built target um7_driver
[0.815s] [ 83%] Built target um7__python
[0.910s] [ 89%] Built target um7__rosidl_typesupport_c__pyext
[0.930s] [ 94%] Built target um7__rosidl_typesupport_introspection_c__pyext
[0.934s] [100%] Built target um7__rosidl_typesupport_fastrtps_c__pyext
[0.967s] Invoked command in '/home/robofei/ROS2/build/um7' returned '0': CMAKE_PREFIX_PATH=/home/robofei/ROS2/install/serial:/home/robofei/ROS2/install/um7:/home/robofei/ROS2/install/control:/home/robofei/ROS2/install/dynamixel_sdk_examples:/home/robofei/ROS2/install/dynamixel_sdk_custom_interfaces:/home/robofei/ROS2/install/dynamixel_sdk:/home/robofei/ROS2/install/custom_interfaces_vision:/home/robofei/ROS2/install/custom_interfaces:/home/robofei/ROS2/install/vision_pkg:/home/robofei/ROS2/install/decision_pkg:/home/robofei/ROS2/install/controller:/opt/ros/foxy /usr/bin/cmake --build /home/robofei/ROS2/build/um7 -- -j4 -l4
[1.123s] Invoking command in '/home/robofei/ROS2/build/um7': CMAKE_PREFIX_PATH=/home/robofei/ROS2/install/serial:/home/robofei/ROS2/install/um7:/home/robofei/ROS2/install/control:/home/robofei/ROS2/install/dynamixel_sdk_examples:/home/robofei/ROS2/install/dynamixel_sdk_custom_interfaces:/home/robofei/ROS2/install/dynamixel_sdk:/home/robofei/ROS2/install/custom_interfaces_vision:/home/robofei/ROS2/install/custom_interfaces:/home/robofei/ROS2/install/vision_pkg:/home/robofei/ROS2/install/decision_pkg:/home/robofei/ROS2/install/controller:/opt/ros/foxy /usr/bin/cmake --install /home/robofei/ROS2/build/um7
[1.143s] -- Install configuration: ""
[1.144s] -- Execute custom install script
[1.145s] -- Up-to-date symlink: /home/robofei/ROS2/install/um7/share/ament_index/resource_index/rosidl_interfaces/um7
[1.146s] -- Up-to-date symlink: /home/robofei/ROS2/install/um7/include/um7/msg/rosidl_generator_c__visibility_control.h
[1.147s] -- Up-to-date symlink: /home/robofei/ROS2/install/um7/include/um7/srv/detail/reset__functions.h
[1.147s] -- Up-to-date symlink: /home/robofei/ROS2/install/um7/include/um7/srv/detail/reset__struct.h
[1.147s] -- Up-to-date symlink: /home/robofei/ROS2/install/um7/include/um7/srv/detail/reset__type_support.h
[1.148s] -- Up-to-date symlink: /home/robofei/ROS2/install/um7/include/um7/srv/reset.h
[1.149s] -- Up-to-date symlink: /home/robofei/ROS2/install/um7/share/um7/environment/library_path.sh
[1.150s] -- Up-to-date symlink: /home/robofei/ROS2/install/um7/share/um7/environment/library_path.dsv
[1.151s] -- Up-to-date symlink: /home/robofei/ROS2/install/um7/include/um7/msg/rosidl_typesupport_fastrtps_c__visibility_control.h
[1.151s] -- Up-to-date symlink: /home/robofei/ROS2/install/um7/include/um7/srv/detail/reset__rosidl_typesupport_fastrtps_c.h
[1.152s] -- Up-to-date symlink: /home/robofei/ROS2/install/um7/lib/libum7__rosidl_typesupport_fastrtps_c.so
[1.154s] -- Up-to-date symlink: /home/robofei/ROS2/install/um7/include/um7/msg/rosidl_typesupport_fastrtps_cpp__visibility_control.h
[1.154s] -- Up-to-date symlink: /home/robofei/ROS2/install/um7/include/um7/srv/detail/reset__rosidl_typesupport_fastrtps_cpp.hpp
[1.155s] -- Up-to-date symlink: /home/robofei/ROS2/install/um7/lib/libum7__rosidl_typesupport_fastrtps_cpp.so
[1.157s] -- Up-to-date symlink: /home/robofei/ROS2/install/um7/include/um7/msg/rosidl_typesupport_introspection_c__visibility_control.h
[1.157s] -- Up-to-date symlink: /home/robofei/ROS2/install/um7/include/um7/srv/detail/reset__rosidl_typesupport_introspection_c.h
[1.159s] -- Up-to-date symlink: /home/robofei/ROS2/install/um7/include/um7/srv/detail/reset__builder.hpp
[1.160s] -- Up-to-date symlink: /home/robofei/ROS2/install/um7/include/um7/srv/detail/reset__struct.hpp
[1.160s] -- Up-to-date symlink: /home/robofei/ROS2/install/um7/include/um7/srv/detail/reset__traits.hpp
[1.160s] -- Up-to-date symlink: /home/robofei/ROS2/install/um7/include/um7/srv/reset.hpp
[1.161s] -- Up-to-date symlink: /home/robofei/ROS2/install/um7/include/um7/srv/detail/reset__rosidl_typesupport_introspection_cpp.hpp
[1.162s] -- Up-to-date symlink: /home/robofei/ROS2/install/um7/share/um7/environment/pythonpath.sh
[1.163s] -- Up-to-date symlink: /home/robofei/ROS2/install/um7/share/um7/environment/pythonpath.dsv
[1.165s] -- Up-to-date symlink: /home/robofei/ROS2/install/um7/lib/python3.8/site-packages/um7/__init__.py
[1.166s] -- Up-to-date symlink: /home/robofei/ROS2/install/um7/lib/python3.8/site-packages/um7/srv/__init__.py
[1.167s] -- Up-to-date symlink: /home/robofei/ROS2/install/um7/lib/python3.8/site-packages/um7/srv/_reset.py
[1.167s] -- Up-to-date symlink: /home/robofei/ROS2/install/um7/lib/python3.8/site-packages/um7/um7_s__rosidl_typesupport_fastrtps_c.cpython-38-x86_64-linux-gnu.so
[1.168s] -- Up-to-date symlink: /home/robofei/ROS2/install/um7/lib/python3.8/site-packages/um7/um7_s__rosidl_typesupport_introspection_c.cpython-38-x86_64-linux-gnu.so
[1.169s] -- Up-to-date symlink: /home/robofei/ROS2/install/um7/lib/python3.8/site-packages/um7/um7_s__rosidl_typesupport_c.cpython-38-x86_64-linux-gnu.so
[1.170s] -- Up-to-date symlink: /home/robofei/ROS2/install/um7/lib/libum7__python.so
[1.171s] -- Up-to-date symlink: /home/robofei/ROS2/install/um7/share/um7/srv/Reset.idl
[1.171s] -- Up-to-date symlink: /home/robofei/ROS2/install/um7/share/um7/srv/Reset.srv
[1.172s] -- Up-to-date symlink: /home/robofei/ROS2/install/um7/share/um7/srv/Reset_Request.msg
[1.172s] -- Up-to-date symlink: /home/robofei/ROS2/install/um7/share/um7/srv/Reset_Response.msg
[1.173s] -- Up-to-date symlink: /home/robofei/ROS2/install/um7/lib/um7/um7_node
[1.174s] -- Up-to-date symlink: /home/robofei/ROS2/install/um7/lib/libum7_driver.so
[1.174s] -- Up-to-date symlink: /home/robofei/ROS2/install/um7/share/ament_index/resource_index/package_run_dependencies/um7
[1.175s] -- Up-to-date symlink: /home/robofei/ROS2/install/um7/share/ament_index/resource_index/parent_prefix_path/um7
[1.176s] -- Up-to-date symlink: /home/robofei/ROS2/install/um7/share/um7/environment/ament_prefix_path.sh
[1.177s] -- Up-to-date symlink: /home/robofei/ROS2/install/um7/share/um7/environment/ament_prefix_path.dsv
[1.177s] -- Up-to-date symlink: /home/robofei/ROS2/install/um7/share/um7/environment/path.sh
[1.178s] -- Up-to-date symlink: /home/robofei/ROS2/install/um7/share/um7/environment/path.dsv
[1.178s] -- Up-to-date symlink: /home/robofei/ROS2/install/um7/share/um7/local_setup.bash
[1.179s] -- Up-to-date symlink: /home/robofei/ROS2/install/um7/share/um7/local_setup.sh
[1.180s] -- Up-to-date symlink: /home/robofei/ROS2/install/um7/share/um7/local_setup.zsh
[1.181s] -- Up-to-date symlink: /home/robofei/ROS2/install/um7/share/um7/local_setup.dsv
[1.181s] -- Symlinking: /home/robofei/ROS2/install/um7/share/um7/package.dsv
[1.203s] -- Up-to-date symlink: /home/robofei/ROS2/install/um7/share/ament_index/resource_index/packages/um7
[1.203s] -- Up-to-date symlink: /home/robofei/ROS2/install/um7/share/ament_index/resource_index/rclcpp_components/um7
[1.204s] -- Up-to-date symlink: /home/robofei/ROS2/install/um7/share/um7/cmake/rosidl_cmake-extras.cmake
[1.204s] -- Up-to-date symlink: /home/robofei/ROS2/install/um7/share/um7/cmake/ament_cmake_export_dependencies-extras.cmake
[1.205s] -- Up-to-date symlink: /home/robofei/ROS2/install/um7/share/um7/cmake/ament_cmake_export_libraries-extras.cmake
[1.206s] -- Up-to-date symlink: /home/robofei/ROS2/install/um7/share/um7/cmake/ament_cmake_export_targets-extras.cmake
[1.206s] -- Up-to-date symlink: /home/robofei/ROS2/install/um7/share/um7/cmake/ament_cmake_export_include_directories-extras.cmake
[1.207s] -- Up-to-date symlink: /home/robofei/ROS2/install/um7/share/um7/cmake/rosidl_cmake_export_typesupport_libraries-extras.cmake
[1.208s] -- Up-to-date symlink: /home/robofei/ROS2/install/um7/share/um7/cmake/rosidl_cmake_export_typesupport_targets-extras.cmake
[1.208s] -- Up-to-date symlink: /home/robofei/ROS2/install/um7/share/um7/cmake/um7Config.cmake
[1.209s] -- Up-to-date symlink: /home/robofei/ROS2/install/um7/share/um7/cmake/um7Config-version.cmake
[1.209s] -- Up-to-date symlink: /home/robofei/ROS2/install/um7/share/um7/package.xml
[1.210s] -- Up-to-date: /home/robofei/ROS2/install/um7/lib/libum7__rosidl_generator_c.so
[1.211s] -- Up-to-date: /home/robofei/ROS2/install/um7/lib/libum7__rosidl_typesupport_introspection_c.so
[1.211s] -- Up-to-date: /home/robofei/ROS2/install/um7/lib/libum7__rosidl_typesupport_c.so
[1.212s] -- Up-to-date: /home/robofei/ROS2/install/um7/lib/libum7__rosidl_typesupport_introspection_cpp.so
[1.213s] -- Up-to-date: /home/robofei/ROS2/install/um7/lib/libum7__rosidl_typesupport_cpp.so
[1.336s] -- Up-to-date: /home/robofei/ROS2/install/um7/share/um7/cmake/um7__rosidl_generator_cExport.cmake
[1.337s] -- Up-to-date: /home/robofei/ROS2/install/um7/share/um7/cmake/um7__rosidl_generator_cExport-noconfig.cmake
[1.337s] -- Up-to-date: /home/robofei/ROS2/install/um7/share/um7/cmake/um7__rosidl_typesupport_introspection_cExport.cmake
[1.337s] -- Up-to-date: /home/robofei/ROS2/install/um7/share/um7/cmake/um7__rosidl_typesupport_introspection_cExport-noconfig.cmake
[1.337s] -- Up-to-date: /home/robofei/ROS2/install/um7/share/um7/cmake/um7__rosidl_typesupport_cExport.cmake
[1.337s] -- Up-to-date: /home/robofei/ROS2/install/um7/share/um7/cmake/um7__rosidl_typesupport_cExport-noconfig.cmake
[1.337s] -- Up-to-date: /home/robofei/ROS2/install/um7/share/um7/cmake/um7__rosidl_generator_cppExport.cmake
[1.338s] -- Up-to-date: /home/robofei/ROS2/install/um7/share/um7/cmake/um7__rosidl_typesupport_introspection_cppExport.cmake
[1.338s] -- Up-to-date: /home/robofei/ROS2/install/um7/share/um7/cmake/um7__rosidl_typesupport_introspection_cppExport-noconfig.cmake
[1.338s] -- Up-to-date: /home/robofei/ROS2/install/um7/share/um7/cmake/um7__rosidl_typesupport_cppExport.cmake
[1.338s] -- Up-to-date: /home/robofei/ROS2/install/um7/share/um7/cmake/um7__rosidl_typesupport_cppExport-noconfig.cmake
[1.348s] Invoked command in '/home/robofei/ROS2/build/um7' returned '0': CMAKE_PREFIX_PATH=/home/robofei/ROS2/install/serial:/home/robofei/ROS2/install/um7:/home/robofei/ROS2/install/control:/home/robofei/ROS2/install/dynamixel_sdk_examples:/home/robofei/ROS2/install/dynamixel_sdk_custom_interfaces:/home/robofei/ROS2/install/dynamixel_sdk:/home/robofei/ROS2/install/custom_interfaces_vision:/home/robofei/ROS2/install/custom_interfaces:/home/robofei/ROS2/install/vision_pkg:/home/robofei/ROS2/install/decision_pkg:/home/robofei/ROS2/install/controller:/opt/ros/foxy /usr/bin/cmake --install /home/robofei/ROS2/build/um7
