[0.078s] Invoking command in '/home/robofei/ROS2/build/custom_interfaces': CMAKE_PREFIX_PATH=${CMAKE_PREFIX_PATH}:/home/robofei/ROS2/install/vision_pkg:/home/robofei/ROS2/install/decision_pkg:/home/robofei/ROS2/install/controller:/opt/ros/foxy /usr/bin/cmake --build /home/robofei/ROS2/build/custom_interfaces -- -j8 -l8
[0.639s] [  2%] Built target custom_interfaces__cpp
[0.640s] [ 12%] Built target custom_interfaces__rosidl_generator_c
[0.641s] [ 23%] Built target custom_interfaces__rosidl_typesupport_introspection_cpp
[0.641s] [ 34%] Built target custom_interfaces__rosidl_typesupport_cpp
[0.642s] [ 44%] Built target custom_interfaces__rosidl_typesupport_fastrtps_cpp
[0.642s] [ 55%] Built target custom_interfaces__rosidl_typesupport_c
[0.642s] [ 65%] Built target custom_interfaces__rosidl_typesupport_introspection_c
[0.643s] [ 76%] Built target custom_interfaces__rosidl_typesupport_fastrtps_c
[0.644s] [ 76%] Built target custom_interfaces
[0.644s] [ 78%] Built target custom_interfaces__py
[0.645s] [ 87%] Built target custom_interfaces__python
[0.645s] [ 91%] Built target custom_interfaces__rosidl_typesupport_introspection_c__pyext
[0.645s] [ 95%] Built target custom_interfaces__rosidl_typesupport_fastrtps_c__pyext
[0.645s] [100%] Built target custom_interfaces__rosidl_typesupport_c__pyext
[0.669s] Invoked command in '/home/robofei/ROS2/build/custom_interfaces' returned '0': CMAKE_PREFIX_PATH=${CMAKE_PREFIX_PATH}:/home/robofei/ROS2/install/vision_pkg:/home/robofei/ROS2/install/decision_pkg:/home/robofei/ROS2/install/controller:/opt/ros/foxy /usr/bin/cmake --build /home/robofei/ROS2/build/custom_interfaces -- -j8 -l8
[0.772s] Invoking command in '/home/robofei/ROS2/build/custom_interfaces': CMAKE_PREFIX_PATH=${CMAKE_PREFIX_PATH}:/home/robofei/ROS2/install/vision_pkg:/home/robofei/ROS2/install/decision_pkg:/home/robofei/ROS2/install/controller:/opt/ros/foxy /usr/bin/cmake --install /home/robofei/ROS2/build/custom_interfaces
[0.786s] -- Install configuration: ""
[0.787s] -- Execute custom install script
[0.787s] -- Up-to-date symlink: /home/robofei/ROS2/install/custom_interfaces/share/ament_index/resource_index/rosidl_interfaces/custom_interfaces
[0.791s] -- Up-to-date symlink: /home/robofei/ROS2/install/custom_interfaces/include/custom_interfaces/msg/detail/humanoid_league_msgs__functions.h
[0.791s] -- Up-to-date symlink: /home/robofei/ROS2/install/custom_interfaces/include/custom_interfaces/msg/detail/humanoid_league_msgs__struct.h
[0.792s] -- Up-to-date symlink: /home/robofei/ROS2/install/custom_interfaces/include/custom_interfaces/msg/detail/humanoid_league_msgs__type_support.h
[0.792s] -- Up-to-date symlink: /home/robofei/ROS2/install/custom_interfaces/include/custom_interfaces/msg/detail/set_position__functions.h
[0.792s] -- Up-to-date symlink: /home/robofei/ROS2/install/custom_interfaces/include/custom_interfaces/msg/detail/set_position__struct.h
[0.792s] -- Up-to-date symlink: /home/robofei/ROS2/install/custom_interfaces/include/custom_interfaces/msg/detail/set_position__type_support.h
[0.793s] -- Up-to-date symlink: /home/robofei/ROS2/install/custom_interfaces/include/custom_interfaces/msg/detail/vision__functions.h
[0.793s] -- Up-to-date symlink: /home/robofei/ROS2/install/custom_interfaces/include/custom_interfaces/msg/detail/vision__struct.h
[0.793s] -- Up-to-date symlink: /home/robofei/ROS2/install/custom_interfaces/include/custom_interfaces/msg/detail/vision__type_support.h
[0.793s] -- Up-to-date symlink: /home/robofei/ROS2/install/custom_interfaces/include/custom_interfaces/msg/humanoid_league_msgs.h
[0.794s] -- Up-to-date symlink: /home/robofei/ROS2/install/custom_interfaces/include/custom_interfaces/msg/rosidl_generator_c__visibility_control.h
[0.794s] -- Up-to-date symlink: /home/robofei/ROS2/install/custom_interfaces/include/custom_interfaces/msg/set_position.h
[0.794s] -- Up-to-date symlink: /home/robofei/ROS2/install/custom_interfaces/include/custom_interfaces/msg/vision.h
[0.794s] -- Up-to-date symlink: /home/robofei/ROS2/install/custom_interfaces/share/custom_interfaces/environment/library_path.sh
[0.795s] -- Up-to-date symlink: /home/robofei/ROS2/install/custom_interfaces/share/custom_interfaces/environment/library_path.dsv
[0.796s] -- Up-to-date symlink: /home/robofei/ROS2/install/custom_interfaces/include/custom_interfaces/msg/detail/humanoid_league_msgs__rosidl_typesupport_fastrtps_c.h
[0.796s] -- Up-to-date symlink: /home/robofei/ROS2/install/custom_interfaces/include/custom_interfaces/msg/detail/set_position__rosidl_typesupport_fastrtps_c.h
[0.796s] -- Up-to-date symlink: /home/robofei/ROS2/install/custom_interfaces/include/custom_interfaces/msg/detail/vision__rosidl_typesupport_fastrtps_c.h
[0.796s] -- Up-to-date symlink: /home/robofei/ROS2/install/custom_interfaces/include/custom_interfaces/msg/rosidl_typesupport_fastrtps_c__visibility_control.h
[0.797s] -- Up-to-date symlink: /home/robofei/ROS2/install/custom_interfaces/lib/libcustom_interfaces__rosidl_typesupport_fastrtps_c.so
[0.797s] -- Up-to-date symlink: /home/robofei/ROS2/install/custom_interfaces/include/custom_interfaces/msg/detail/humanoid_league_msgs__rosidl_typesupport_fastrtps_cpp.hpp
[0.798s] -- Up-to-date symlink: /home/robofei/ROS2/install/custom_interfaces/include/custom_interfaces/msg/detail/set_position__rosidl_typesupport_fastrtps_cpp.hpp
[0.799s] -- Up-to-date symlink: /home/robofei/ROS2/install/custom_interfaces/include/custom_interfaces/msg/detail/vision__rosidl_typesupport_fastrtps_cpp.hpp
[0.800s] -- Up-to-date symlink: /home/robofei/ROS2/install/custom_interfaces/include/custom_interfaces/msg/rosidl_typesupport_fastrtps_cpp__visibility_control.h
[0.801s] -- Up-to-date symlink: /home/robofei/ROS2/install/custom_interfaces/lib/libcustom_interfaces__rosidl_typesupport_fastrtps_cpp.so
[0.804s] -- Up-to-date symlink: /home/robofei/ROS2/install/custom_interfaces/include/custom_interfaces/msg/detail/humanoid_league_msgs__rosidl_typesupport_introspection_c.h
[0.805s] -- Up-to-date symlink: /home/robofei/ROS2/install/custom_interfaces/include/custom_interfaces/msg/detail/set_position__rosidl_typesupport_introspection_c.h
[0.806s] -- Up-to-date symlink: /home/robofei/ROS2/install/custom_interfaces/include/custom_interfaces/msg/detail/vision__rosidl_typesupport_introspection_c.h
[0.807s] -- Up-to-date symlink: /home/robofei/ROS2/install/custom_interfaces/include/custom_interfaces/msg/rosidl_typesupport_introspection_c__visibility_control.h
[0.809s] -- Up-to-date symlink: /home/robofei/ROS2/install/custom_interfaces/include/custom_interfaces/msg/detail/humanoid_league_msgs__builder.hpp
[0.812s] -- Up-to-date symlink: /home/robofei/ROS2/install/custom_interfaces/include/custom_interfaces/msg/detail/humanoid_league_msgs__struct.hpp
[0.812s] -- Up-to-date symlink: /home/robofei/ROS2/install/custom_interfaces/include/custom_interfaces/msg/detail/humanoid_league_msgs__traits.hpp
[0.813s] -- Up-to-date symlink: /home/robofei/ROS2/install/custom_interfaces/include/custom_interfaces/msg/detail/set_position__builder.hpp
[0.814s] -- Up-to-date symlink: /home/robofei/ROS2/install/custom_interfaces/include/custom_interfaces/msg/detail/set_position__struct.hpp
[0.814s] -- Up-to-date symlink: /home/robofei/ROS2/install/custom_interfaces/include/custom_interfaces/msg/detail/set_position__traits.hpp
[0.815s] -- Up-to-date symlink: /home/robofei/ROS2/install/custom_interfaces/include/custom_interfaces/msg/detail/vision__builder.hpp
[0.815s] -- Up-to-date symlink: /home/robofei/ROS2/install/custom_interfaces/include/custom_interfaces/msg/detail/vision__struct.hpp
[0.816s] -- Up-to-date symlink: /home/robofei/ROS2/install/custom_interfaces/include/custom_interfaces/msg/detail/vision__traits.hpp
[0.816s] -- Up-to-date symlink: /home/robofei/ROS2/install/custom_interfaces/include/custom_interfaces/msg/humanoid_league_msgs.hpp
[0.817s] -- Up-to-date symlink: /home/robofei/ROS2/install/custom_interfaces/include/custom_interfaces/msg/set_position.hpp
[0.817s] -- Up-to-date symlink: /home/robofei/ROS2/install/custom_interfaces/include/custom_interfaces/msg/vision.hpp
[0.819s] -- Up-to-date symlink: /home/robofei/ROS2/install/custom_interfaces/include/custom_interfaces/msg/detail/humanoid_league_msgs__rosidl_typesupport_introspection_cpp.hpp
[0.820s] -- Up-to-date symlink: /home/robofei/ROS2/install/custom_interfaces/include/custom_interfaces/msg/detail/set_position__rosidl_typesupport_introspection_cpp.hpp
[0.820s] -- Up-to-date symlink: /home/robofei/ROS2/install/custom_interfaces/include/custom_interfaces/msg/detail/vision__rosidl_typesupport_introspection_cpp.hpp
[0.821s] -- Up-to-date symlink: /home/robofei/ROS2/install/custom_interfaces/share/custom_interfaces/environment/pythonpath.sh
[0.825s] -- Up-to-date symlink: /home/robofei/ROS2/install/custom_interfaces/share/custom_interfaces/environment/pythonpath.dsv
[0.826s] -- Up-to-date symlink: /home/robofei/ROS2/install/custom_interfaces/lib/python3.8/site-packages/custom_interfaces/__init__.py
[0.827s] -- Up-to-date symlink: /home/robofei/ROS2/install/custom_interfaces/lib/python3.8/site-packages/custom_interfaces/msg/__init__.py
[0.827s] -- Up-to-date symlink: /home/robofei/ROS2/install/custom_interfaces/lib/python3.8/site-packages/custom_interfaces/msg/_humanoid_league_msgs.py
[0.827s] -- Up-to-date symlink: /home/robofei/ROS2/install/custom_interfaces/lib/python3.8/site-packages/custom_interfaces/msg/_set_position.py
[0.827s] -- Up-to-date symlink: /home/robofei/ROS2/install/custom_interfaces/lib/python3.8/site-packages/custom_interfaces/msg/_vision.py
[0.827s] -- Up-to-date symlink: /home/robofei/ROS2/install/custom_interfaces/lib/python3.8/site-packages/custom_interfaces/custom_interfaces_s__rosidl_typesupport_fastrtps_c.cpython-38-x86_64-linux-gnu.so
[0.829s] -- Up-to-date symlink: /home/robofei/ROS2/install/custom_interfaces/lib/python3.8/site-packages/custom_interfaces/custom_interfaces_s__rosidl_typesupport_introspection_c.cpython-38-x86_64-linux-gnu.so
[0.829s] -- Up-to-date symlink: /home/robofei/ROS2/install/custom_interfaces/lib/python3.8/site-packages/custom_interfaces/custom_interfaces_s__rosidl_typesupport_c.cpython-38-x86_64-linux-gnu.so
[0.829s] -- Up-to-date symlink: /home/robofei/ROS2/install/custom_interfaces/lib/libcustom_interfaces__python.so
[0.830s] -- Up-to-date symlink: /home/robofei/ROS2/install/custom_interfaces/share/custom_interfaces/msg/SetPosition.idl
[0.830s] -- Up-to-date symlink: /home/robofei/ROS2/install/custom_interfaces/share/custom_interfaces/msg/Vision.idl
[0.830s] -- Up-to-date symlink: /home/robofei/ROS2/install/custom_interfaces/share/custom_interfaces/msg/HumanoidLeagueMsgs.idl
[0.830s] -- Up-to-date symlink: /home/robofei/ROS2/install/custom_interfaces/share/custom_interfaces/msg/SetPosition.msg
[0.831s] -- Up-to-date symlink: /home/robofei/ROS2/install/custom_interfaces/share/custom_interfaces/msg/Vision.msg
[0.831s] -- Up-to-date symlink: /home/robofei/ROS2/install/custom_interfaces/share/custom_interfaces/msg/HumanoidLeagueMsgs.msg
[0.831s] -- Up-to-date symlink: /home/robofei/ROS2/install/custom_interfaces/share/ament_index/resource_index/package_run_dependencies/custom_interfaces
[0.832s] -- Up-to-date symlink: /home/robofei/ROS2/install/custom_interfaces/share/ament_index/resource_index/parent_prefix_path/custom_interfaces
[0.832s] -- Up-to-date symlink: /home/robofei/ROS2/install/custom_interfaces/share/custom_interfaces/environment/ament_prefix_path.sh
[0.841s] -- Up-to-date symlink: /home/robofei/ROS2/install/custom_interfaces/share/custom_interfaces/environment/ament_prefix_path.dsv
[0.841s] -- Up-to-date symlink: /home/robofei/ROS2/install/custom_interfaces/share/custom_interfaces/environment/path.sh
[0.841s] -- Up-to-date symlink: /home/robofei/ROS2/install/custom_interfaces/share/custom_interfaces/environment/path.dsv
[0.841s] -- Up-to-date symlink: /home/robofei/ROS2/install/custom_interfaces/share/custom_interfaces/local_setup.bash
[0.842s] -- Up-to-date symlink: /home/robofei/ROS2/install/custom_interfaces/share/custom_interfaces/local_setup.sh
[0.842s] -- Up-to-date symlink: /home/robofei/ROS2/install/custom_interfaces/share/custom_interfaces/local_setup.zsh
[0.842s] -- Up-to-date symlink: /home/robofei/ROS2/install/custom_interfaces/share/custom_interfaces/local_setup.dsv
[0.842s] -- Symlinking: /home/robofei/ROS2/install/custom_interfaces/share/custom_interfaces/package.dsv
[0.845s] -- Up-to-date symlink: /home/robofei/ROS2/install/custom_interfaces/share/ament_index/resource_index/packages/custom_interfaces
[0.845s] -- Up-to-date symlink: /home/robofei/ROS2/install/custom_interfaces/share/custom_interfaces/cmake/rosidl_cmake-extras.cmake
[0.846s] -- Up-to-date symlink: /home/robofei/ROS2/install/custom_interfaces/share/custom_interfaces/cmake/ament_cmake_export_dependencies-extras.cmake
[0.846s] -- Up-to-date symlink: /home/robofei/ROS2/install/custom_interfaces/share/custom_interfaces/cmake/ament_cmake_export_libraries-extras.cmake
[0.846s] -- Up-to-date symlink: /home/robofei/ROS2/install/custom_interfaces/share/custom_interfaces/cmake/ament_cmake_export_targets-extras.cmake
[0.846s] -- Up-to-date symlink: /home/robofei/ROS2/install/custom_interfaces/share/custom_interfaces/cmake/ament_cmake_export_include_directories-extras.cmake
[0.846s] -- Up-to-date symlink: /home/robofei/ROS2/install/custom_interfaces/share/custom_interfaces/cmake/rosidl_cmake_export_typesupport_libraries-extras.cmake
[0.846s] -- Up-to-date symlink: /home/robofei/ROS2/install/custom_interfaces/share/custom_interfaces/cmake/rosidl_cmake_export_typesupport_targets-extras.cmake
[0.846s] -- Up-to-date symlink: /home/robofei/ROS2/install/custom_interfaces/share/custom_interfaces/cmake/custom_interfacesConfig.cmake
[0.846s] -- Up-to-date symlink: /home/robofei/ROS2/install/custom_interfaces/share/custom_interfaces/cmake/custom_interfacesConfig-version.cmake
[0.846s] -- Up-to-date symlink: /home/robofei/ROS2/install/custom_interfaces/share/custom_interfaces/package.xml
[0.847s] -- Up-to-date: /home/robofei/ROS2/install/custom_interfaces/lib/libcustom_interfaces__rosidl_generator_c.so
[0.847s] -- Up-to-date: /home/robofei/ROS2/install/custom_interfaces/lib/libcustom_interfaces__rosidl_typesupport_introspection_c.so
[0.847s] -- Up-to-date: /home/robofei/ROS2/install/custom_interfaces/lib/libcustom_interfaces__rosidl_typesupport_c.so
[0.847s] -- Up-to-date: /home/robofei/ROS2/install/custom_interfaces/lib/libcustom_interfaces__rosidl_typesupport_introspection_cpp.so
[0.847s] -- Up-to-date: /home/robofei/ROS2/install/custom_interfaces/lib/libcustom_interfaces__rosidl_typesupport_cpp.so
[0.928s] -- Up-to-date: /home/robofei/ROS2/install/custom_interfaces/share/custom_interfaces/cmake/custom_interfaces__rosidl_generator_cExport.cmake
[0.928s] -- Up-to-date: /home/robofei/ROS2/install/custom_interfaces/share/custom_interfaces/cmake/custom_interfaces__rosidl_generator_cExport-noconfig.cmake
[0.928s] -- Up-to-date: /home/robofei/ROS2/install/custom_interfaces/share/custom_interfaces/cmake/custom_interfaces__rosidl_typesupport_introspection_cExport.cmake
[0.928s] -- Up-to-date: /home/robofei/ROS2/install/custom_interfaces/share/custom_interfaces/cmake/custom_interfaces__rosidl_typesupport_introspection_cExport-noconfig.cmake
[0.928s] -- Up-to-date: /home/robofei/ROS2/install/custom_interfaces/share/custom_interfaces/cmake/custom_interfaces__rosidl_typesupport_cExport.cmake
[0.928s] -- Up-to-date: /home/robofei/ROS2/install/custom_interfaces/share/custom_interfaces/cmake/custom_interfaces__rosidl_typesupport_cExport-noconfig.cmake
[0.928s] -- Up-to-date: /home/robofei/ROS2/install/custom_interfaces/share/custom_interfaces/cmake/custom_interfaces__rosidl_generator_cppExport.cmake
[0.929s] -- Up-to-date: /home/robofei/ROS2/install/custom_interfaces/share/custom_interfaces/cmake/custom_interfaces__rosidl_typesupport_introspection_cppExport.cmake
[0.929s] -- Up-to-date: /home/robofei/ROS2/install/custom_interfaces/share/custom_interfaces/cmake/custom_interfaces__rosidl_typesupport_introspection_cppExport-noconfig.cmake
[0.929s] -- Up-to-date: /home/robofei/ROS2/install/custom_interfaces/share/custom_interfaces/cmake/custom_interfaces__rosidl_typesupport_cppExport.cmake
[0.929s] -- Up-to-date: /home/robofei/ROS2/install/custom_interfaces/share/custom_interfaces/cmake/custom_interfaces__rosidl_typesupport_cppExport-noconfig.cmake
[0.929s] Invoked command in '/home/robofei/ROS2/build/custom_interfaces' returned '0': CMAKE_PREFIX_PATH=${CMAKE_PREFIX_PATH}:/home/robofei/ROS2/install/vision_pkg:/home/robofei/ROS2/install/decision_pkg:/home/robofei/ROS2/install/controller:/opt/ros/foxy /usr/bin/cmake --install /home/robofei/ROS2/build/custom_interfaces
