[0.012s] Invoking command in '/home/robofei/ROS2/action/build/control': CMAKE_PREFIX_PATH=/home/robofei/ROS2/action/install/dynamixel_sdk_custom_interfaces:/home/robofei/ROS2/action/install/control:/opt/ros/foxy /usr/bin/cmake --build /home/robofei/ROS2/action/build/control -- -j4 -l4
[0.059s] [35m[1mScanning dependencies of target control[0m
[0.081s] [ 50%] Built target decision
[0.094s] [ 75%] [32mBuilding CXX object CMakeFiles/control.dir/src/control.cpp.o[0m
[7.197s] [100%] [32m[1mLinking CXX executable control[0m
[7.568s] [100%] Built target control
[7.580s] Invoked command in '/home/robofei/ROS2/action/build/control' returned '0': CMAKE_PREFIX_PATH=/home/robofei/ROS2/action/install/dynamixel_sdk_custom_interfaces:/home/robofei/ROS2/action/install/control:/opt/ros/foxy /usr/bin/cmake --build /home/robofei/ROS2/action/build/control -- -j4 -l4
[7.610s] Invoking command in '/home/robofei/ROS2/action/build/control': CMAKE_PREFIX_PATH=/home/robofei/ROS2/action/install/dynamixel_sdk_custom_interfaces:/home/robofei/ROS2/action/install/control:/opt/ros/foxy /usr/bin/cmake --install /home/robofei/ROS2/action/build/control
[7.619s] -- Install configuration: ""
[7.619s] -- Execute custom install script
[7.620s] -- Up-to-date symlink: /home/robofei/ROS2/action/install/control/lib/control/control
[7.620s] -- Up-to-date symlink: /home/robofei/ROS2/action/install/control/lib/control/decision
[7.621s] -- Up-to-date symlink: /home/robofei/ROS2/action/install/control/share/control//launch/action.launch.py
[7.621s] -- Up-to-date symlink: /home/robofei/ROS2/action/install/control/share/ament_index/resource_index/package_run_dependencies/control
[7.622s] -- Up-to-date symlink: /home/robofei/ROS2/action/install/control/share/ament_index/resource_index/parent_prefix_path/control
[7.622s] -- Up-to-date symlink: /home/robofei/ROS2/action/install/control/share/control/environment/ament_prefix_path.sh
[7.623s] -- Up-to-date symlink: /home/robofei/ROS2/action/install/control/share/control/environment/ament_prefix_path.dsv
[7.623s] -- Up-to-date symlink: /home/robofei/ROS2/action/install/control/share/control/environment/path.sh
[7.623s] -- Up-to-date symlink: /home/robofei/ROS2/action/install/control/share/control/environment/path.dsv
[7.624s] -- Up-to-date symlink: /home/robofei/ROS2/action/install/control/share/control/local_setup.bash
[7.624s] -- Up-to-date symlink: /home/robofei/ROS2/action/install/control/share/control/local_setup.sh
[7.624s] -- Up-to-date symlink: /home/robofei/ROS2/action/install/control/share/control/local_setup.zsh
[7.625s] -- Up-to-date symlink: /home/robofei/ROS2/action/install/control/share/control/local_setup.dsv
[7.625s] -- Symlinking: /home/robofei/ROS2/action/install/control/share/control/package.dsv
[7.635s] -- Up-to-date symlink: /home/robofei/ROS2/action/install/control/share/ament_index/resource_index/packages/control
[7.636s] -- Up-to-date symlink: /home/robofei/ROS2/action/install/control/share/control/cmake/controlConfig.cmake
[7.636s] -- Up-to-date symlink: /home/robofei/ROS2/action/install/control/share/control/cmake/controlConfig-version.cmake
[7.637s] -- Up-to-date symlink: /home/robofei/ROS2/action/install/control/share/control/package.xml
[7.640s] Invoked command in '/home/robofei/ROS2/action/build/control' returned '0': CMAKE_PREFIX_PATH=/home/robofei/ROS2/action/install/dynamixel_sdk_custom_interfaces:/home/robofei/ROS2/action/install/control:/opt/ros/foxy /usr/bin/cmake --install /home/robofei/ROS2/action/build/control
