-- The C compiler identification is GNU 9.4.0
-- The CXX compiler identification is GNU 9.4.0
-- Check for working C compiler: /usr/bin/cc
-- Check for working C compiler: /usr/bin/cc -- works
-- Detecting C compiler ABI info
-- Detecting C compiler ABI info - done
-- Detecting C compile features
-- Detecting C compile features - done
-- Check for working CXX compiler: /usr/bin/c++
-- Check for working CXX compiler: /usr/bin/c++ -- works
-- Detecting CXX compiler ABI info
-- Detecting CXX compiler ABI info - done
-- Detecting CXX compile features
-- Detecting CXX compile features - done
-- Found ament_cmake: 0.9.9 (/opt/ros/foxy/share/ament_cmake/cmake)
-- Found PythonInterp: /usr/bin/python3 (found suitable version "3.8.10", minimum required is "3") 
-- Using PYTHON_EXECUTABLE: /usr/bin/python3
-- Override CMake install command with custom implementation using symlinks instead of copying resources
-- Found dynamixel_sdk_custom_interfaces: 3.7.40 (/home/robofei/ROS2/install/dynamixel_sdk_custom_interfaces/share/dynamixel_sdk_custom_interfaces/cmake)
-- Using all available rosidl_typesupport_c: rosidl_typesupport_fastrtps_c;rosidl_typesupport_introspection_c
-- Found rosidl_adapter: 1.2.1 (/opt/ros/foxy/share/rosidl_adapter/cmake)
-- Found OpenSSL: /usr/lib/x86_64-linux-gnu/libcrypto.so (found version "1.1.1f")  
-- Found FastRTPS: /opt/ros/foxy/include  
-- Using all available rosidl_typesupport_cpp: rosidl_typesupport_fastrtps_cpp;rosidl_typesupport_introspection_cpp
-- Found rclcpp: 2.4.1 (/opt/ros/foxy/share/rclcpp/cmake)
-- Found rmw_implementation_cmake: 1.0.3 (/opt/ros/foxy/share/rmw_implementation_cmake/cmake)
-- Using RMW implementation 'rmw_fastrtps_cpp' as default
-- Looking for pthread.h
-- Looking for pthread.h - found
-- Performing Test CMAKE_HAVE_LIBC_PTHREAD
-- Performing Test CMAKE_HAVE_LIBC_PTHREAD - Failed
-- Looking for pthread_create in pthreads
-- Looking for pthread_create in pthreads - not found
-- Looking for pthread_create in pthread
-- Looking for pthread_create in pthread - found
-- Found Threads: TRUE  
-- Found sensor_msgs: 2.0.5 (/opt/ros/foxy/share/sensor_msgs/cmake)
-- Found rclcpp_components: 2.4.1 (/opt/ros/foxy/share/rclcpp_components/cmake)
-- Found rosidl_default_generators: 1.0.1 (/opt/ros/foxy/share/rosidl_default_generators/cmake)
-- Looking for wsyncup in /usr/lib/x86_64-linux-gnu/libcurses.so
-- Looking for wsyncup in /usr/lib/x86_64-linux-gnu/libcurses.so - found
-- Looking for cbreak in /usr/lib/x86_64-linux-gnu/libncurses.so
-- Looking for cbreak in /usr/lib/x86_64-linux-gnu/libncurses.so - found
-- Found Curses: /usr/lib/x86_64-linux-gnu/libncurses.so  
-- Found ament_lint_auto: 0.9.6 (/opt/ros/foxy/share/ament_lint_auto/cmake)
-- Added test 'copyright' to check source files copyright and LICENSE
-- Added test 'cppcheck' to perform static code analysis on C / C++ code
-- Configured cppcheck include dirs: /home/robofei/ROS2/src/walk_test/src/control/include;/home/robofei/ROS2/src/walk_test/src/control/src/minIni
-- Configured cppcheck exclude dirs and/or files: 
-- Added test 'cpplint' to check C / C++ code against the Google style
-- Configured cpplint exclude dirs and/or files: 
-- Added test 'flake8' to check Python code syntax and style conventions
-- Added test 'lint_cmake' to check CMake code style
-- Added test 'pep257' to check Python code against some of the style conventions in PEP 257
-- Added test 'uncrustify' to check C / C++ code style
-- Configured uncrustify additional arguments: 
-- Added test 'xmllint' to check XML markup files
-- Configuring done
-- Generating done
-- Build files have been written to: /home/robofei/ROS2/build/control
[35m[1mScanning dependencies of target decision[0m
[  4%] [32mBuilding CXX object CMakeFiles/decision.dir/src/dec.cpp.o[0m
[  8%] [32m[1mLinking CXX executable decision[0m
[  8%] Built target decision
[35m[1mScanning dependencies of target motion[0m
[ 13%] [32mBuilding CXX object CMakeFiles/motion.dir/src/motion/MotionManager.cpp.o[0m
[ 17%] [32mBuilding CXX object CMakeFiles/motion.dir/src/motion/modules/Walking.cpp.o[0m
[ 21%] [32mBuilding CXX object CMakeFiles/motion.dir/src/motion/AngleEstimator.cpp.o[0m
[ 26%] [32mBuilding CXX object CMakeFiles/motion.dir/src/math/Matrix.cpp.o[0m
[ 30%] [32mBuilding CXX object CMakeFiles/motion.dir/src/math/Plane.cpp.o[0m
[ 34%] [32mBuilding CXX object CMakeFiles/motion.dir/src/math/Point.cpp.o[0m
[ 39%] [32mBuilding CXX object CMakeFiles/motion.dir/src/math/Vector.cpp.o[0m
[ 43%] [32mBuilding CXX object CMakeFiles/motion.dir/src/math/QuadraticStateTransform.cpp.o[0m
[ 47%] [32mBuilding CXX object CMakeFiles/motion.dir/src/math/MotionState.cpp.o[0m
[ 52%] [32mBuilding CXX object CMakeFiles/motion.dir/src/motion/JointData.cpp.o[0m
[ 56%] [32mBuilding CXX object CMakeFiles/motion.dir/src/motion/Kinematics.cpp.o[0m
[ 60%] [32mBuilding CXX object CMakeFiles/motion.dir/src/motion/MotionStatus.cpp.o[0m
[ 65%] [32mBuilding CXX object CMakeFiles/motion.dir/src/motion/modules/Action.cpp.o[0m
[ 69%] [32mBuilding CXX object CMakeFiles/motion.dir/src/minIni/minIni.cpp.o[0m
[ 73%] [32mBuilding CXX object CMakeFiles/motion.dir/src/GaitMove.cpp.o[0m
[ 78%] [32mBuilding CXX object CMakeFiles/motion.dir/src/ReadConfig.cpp.o[0m
[ 82%] [32m[1mLinking CXX shared library libmotion.so[0m
[ 82%] Built target motion
[35m[1mScanning dependencies of target gait_publisher[0m
[ 86%] [32mBuilding CXX object CMakeFiles/gait_publisher.dir/rclcpp_components/node_main_gait_publisher.cpp.o[0m
[ 91%] [32m[1mLinking CXX executable gait_publisher[0m
[ 91%] Built target gait_publisher
[35m[1mScanning dependencies of target control[0m
[ 95%] [32mBuilding CXX object CMakeFiles/control.dir/src/control.cpp.o[0m
[100%] [32m[1mLinking CXX executable control[0m
[100%] Built target control
-- Install configuration: ""
-- Execute custom install script
-- Symlinking: /home/robofei/ROS2/install/control/lib/control/gait_publisher
-- Symlinking: /home/robofei/ROS2/install/control/lib/control/control
-- Symlinking: /home/robofei/ROS2/install/control/lib/control/decision
-- Symlinking: /home/robofei/ROS2/install/control/lib/libmotion.so
-- Symlinking: /home/robofei/ROS2/install/control/include//Action.h
-- Symlinking: /home/robofei/ROS2/install/control/include//AngleEstimator.h
-- Symlinking: /home/robofei/ROS2/install/control/include//DARwIn.h
-- Symlinking: /home/robofei/ROS2/install/control/include//FSR.h
-- Symlinking: /home/robofei/ROS2/install/control/include//GaitMove.hpp
-- Symlinking: /home/robofei/ROS2/install/control/include//JointData.h
-- Symlinking: /home/robofei/ROS2/install/control/include//Kinematics.h
-- Symlinking: /home/robofei/ROS2/install/control/include//LinuxActionScript.h
-- Symlinking: /home/robofei/ROS2/install/control/include//LinuxCM730.h
-- Symlinking: /home/robofei/ROS2/install/control/include//LinuxDARwIn.h
-- Symlinking: /home/robofei/ROS2/install/control/include//LinuxMotionTimer.h
-- Symlinking: /home/robofei/ROS2/install/control/include//LinuxNetwork.h
-- Symlinking: /home/robofei/ROS2/install/control/include//MX28.h
-- Symlinking: /home/robofei/ROS2/install/control/include//Matrix.h
-- Symlinking: /home/robofei/ROS2/install/control/include//MotionManager.h
-- Symlinking: /home/robofei/ROS2/install/control/include//MotionModule.h
-- Symlinking: /home/robofei/ROS2/install/control/include//MotionState.h
-- Symlinking: /home/robofei/ROS2/install/control/include//MotionStatus.h
-- Symlinking: /home/robofei/ROS2/install/control/include//Plane.h
-- Symlinking: /home/robofei/ROS2/install/control/include//Point.h
-- Symlinking: /home/robofei/ROS2/install/control/include//QuadraticStateTransform.h
-- Symlinking: /home/robofei/ROS2/install/control/include//RadonTransform.h
-- Symlinking: /home/robofei/ROS2/install/control/include//ReadConfig.hpp
-- Symlinking: /home/robofei/ROS2/install/control/include//RegionProps.h
-- Symlinking: /home/robofei/ROS2/install/control/include//Vector.h
-- Symlinking: /home/robofei/ROS2/install/control/include//Walking.h
-- Symlinking: /home/robofei/ROS2/install/control/include//cmd_process.h
-- Symlinking: /home/robofei/ROS2/install/control/include//minIni.h
-- Symlinking: /home/robofei/ROS2/install/control/share/control//launch/action.launch.py
-- Symlinking: /home/robofei/ROS2/install/control/share/ament_index/resource_index/package_run_dependencies/control
-- Symlinking: /home/robofei/ROS2/install/control/share/ament_index/resource_index/parent_prefix_path/control
-- Symlinking: /home/robofei/ROS2/install/control/share/control/environment/ament_prefix_path.sh
-- Symlinking: /home/robofei/ROS2/install/control/share/control/environment/ament_prefix_path.dsv
-- Symlinking: /home/robofei/ROS2/install/control/share/control/environment/path.sh
-- Symlinking: /home/robofei/ROS2/install/control/share/control/environment/path.dsv
-- Symlinking: /home/robofei/ROS2/install/control/share/control/local_setup.bash
-- Symlinking: /home/robofei/ROS2/install/control/share/control/local_setup.sh
-- Symlinking: /home/robofei/ROS2/install/control/share/control/local_setup.zsh
-- Symlinking: /home/robofei/ROS2/install/control/share/control/local_setup.dsv
-- Symlinking: /home/robofei/ROS2/install/control/share/control/package.dsv
-- Symlinking: /home/robofei/ROS2/install/control/share/ament_index/resource_index/packages/control
-- Symlinking: /home/robofei/ROS2/install/control/share/ament_index/resource_index/rclcpp_components/control
-- Symlinking: /home/robofei/ROS2/install/control/share/control/cmake/ament_cmake_export_dependencies-extras.cmake
-- Symlinking: /home/robofei/ROS2/install/control/share/control/cmake/controlConfig.cmake
-- Symlinking: /home/robofei/ROS2/install/control/share/control/cmake/controlConfig-version.cmake
-- Symlinking: /home/robofei/ROS2/install/control/share/control/package.xml
