[1.836s] DEBUG:colcon:Command line arguments: ['/usr/bin/colcon', 'build']
[1.836s] DEBUG:colcon:Parsed command line arguments: Namespace(ament_cmake_args=None, base_paths=['.'], build_base='build', catkin_cmake_args=None, catkin_skip_building_tests=False, cmake_args=None, cmake_clean_cache=False, cmake_clean_first=False, cmake_force_configure=False, cmake_target=None, cmake_target_skip_unavailable=False, continue_on_error=False, event_handlers=None, executor='parallel', ignore_user_meta=False, install_base='install', log_base=None, log_level=None, main=<bound method BuildVerb.main of <colcon_core.verb.build.BuildVerb object at 0x7f50d87b86d0>>, merge_install=False, metas=['./colcon.meta'], packages_above=None, packages_above_and_dependencies=None, packages_above_depth=None, packages_end=None, packages_ignore=None, packages_ignore_regex=None, packages_select=None, packages_select_build_failed=False, packages_select_by_dep=None, packages_select_regex=None, packages_select_test_failures=False, packages_skip=None, packages_skip_build_finished=False, packages_skip_by_dep=None, packages_skip_regex=None, packages_skip_test_passed=False, packages_skip_up_to=None, packages_start=None, packages_up_to=None, packages_up_to_regex=None, parallel_workers=2, paths=None, symlink_install=False, test_result_base=None, verb_extension=<colcon_core.verb.build.BuildVerb object at 0x7f50d87b86d0>, verb_name='build', verb_parser=<colcon_defaults.argument_parser.defaults.DefaultArgumentsDecorator object at 0x7f50d87b8c10>)
[1.885s] Level 1:colcon.colcon_core.package_discovery:discover_packages(colcon_meta) check parameters
[1.888s] Level 1:colcon.colcon_core.package_discovery:discover_packages(recursive) check parameters
[1.888s] Level 1:colcon.colcon_core.package_discovery:discover_packages(ignore) check parameters
[1.888s] Level 1:colcon.colcon_core.package_discovery:discover_packages(path) check parameters
[1.888s] Level 1:colcon.colcon_core.package_discovery:discover_packages(colcon_meta) discover
[1.889s] Level 1:colcon.colcon_core.package_discovery:discover_packages(recursive) discover
[1.889s] INFO:colcon.colcon_core.package_discovery:Crawling recursively for packages in '/home/amd/Documentos/GC'
[1.889s] Level 1:colcon.colcon_core.package_identification:_identify(.) by extensions ['ignore', 'ignore_ament_install']
[1.892s] Level 1:colcon.colcon_core.package_identification:_identify(.) by extension 'ignore'
[1.892s] Level 1:colcon.colcon_core.package_identification:_identify(.) by extension 'ignore_ament_install'
[1.893s] Level 1:colcon.colcon_core.package_identification:_identify(.) by extensions ['colcon_pkg']
[1.893s] Level 1:colcon.colcon_core.package_identification:_identify(.) by extension 'colcon_pkg'
[1.893s] Level 1:colcon.colcon_core.package_identification:_identify(.) by extensions ['colcon_meta']
[1.893s] Level 1:colcon.colcon_core.package_identification:_identify(.) by extension 'colcon_meta'
[1.893s] Level 1:colcon.colcon_core.package_identification:_identify(.) by extensions ['ros']
[1.893s] Level 1:colcon.colcon_core.package_identification:_identify(.) by extension 'ros'
[1.987s] Level 1:colcon.colcon_core.package_identification:_identify(.) by extensions ['cmake', 'python']
[1.987s] Level 1:colcon.colcon_core.package_identification:_identify(.) by extension 'cmake'
[1.987s] Level 1:colcon.colcon_core.package_identification:_identify(.) by extension 'python'
[1.987s] Level 1:colcon.colcon_core.package_identification:_identify(.) by extensions ['python_setup_py']
[1.987s] Level 1:colcon.colcon_core.package_identification:_identify(.) by extension 'python_setup_py'
[1.988s] Level 1:colcon.colcon_core.package_identification:_identify(build) by extensions ['ignore', 'ignore_ament_install']
[1.988s] Level 1:colcon.colcon_core.package_identification:_identify(build) by extension 'ignore'
[1.988s] Level 1:colcon.colcon_core.package_identification:_identify(build) ignored
[1.988s] Level 1:colcon.colcon_core.package_identification:_identify(install) by extensions ['ignore', 'ignore_ament_install']
[1.998s] Level 1:colcon.colcon_core.package_identification:_identify(install) by extension 'ignore'
[1.998s] Level 1:colcon.colcon_core.package_identification:_identify(install) ignored
[2.005s] Level 1:colcon.colcon_core.package_identification:_identify(log) by extensions ['ignore', 'ignore_ament_install']
[2.006s] Level 1:colcon.colcon_core.package_identification:_identify(log) by extension 'ignore'
[2.006s] Level 1:colcon.colcon_core.package_identification:_identify(log) ignored
[2.006s] Level 1:colcon.colcon_core.package_identification:_identify(src) by extensions ['ignore', 'ignore_ament_install']
[2.007s] Level 1:colcon.colcon_core.package_identification:_identify(src) by extension 'ignore'
[2.007s] Level 1:colcon.colcon_core.package_identification:_identify(src) by extension 'ignore_ament_install'
[2.009s] Level 1:colcon.colcon_core.package_identification:_identify(src) by extensions ['colcon_pkg']
[2.009s] Level 1:colcon.colcon_core.package_identification:_identify(src) by extension 'colcon_pkg'
[2.011s] Level 1:colcon.colcon_core.package_identification:_identify(src) by extensions ['colcon_meta']
[2.011s] Level 1:colcon.colcon_core.package_identification:_identify(src) by extension 'colcon_meta'
[2.011s] Level 1:colcon.colcon_core.package_identification:_identify(src) by extensions ['ros']
[2.011s] Level 1:colcon.colcon_core.package_identification:_identify(src) by extension 'ros'
[2.011s] Level 1:colcon.colcon_core.package_identification:_identify(src) by extensions ['cmake', 'python']
[2.014s] Level 1:colcon.colcon_core.package_identification:_identify(src) by extension 'cmake'
[2.014s] Level 1:colcon.colcon_core.package_identification:_identify(src) by extension 'python'
[2.015s] Level 1:colcon.colcon_core.package_identification:_identify(src) by extensions ['python_setup_py']
[2.015s] Level 1:colcon.colcon_core.package_identification:_identify(src) by extension 'python_setup_py'
[2.015s] Level 1:colcon.colcon_core.package_identification:_identify(src/controller) by extensions ['ignore', 'ignore_ament_install']
[2.015s] Level 1:colcon.colcon_core.package_identification:_identify(src/controller) by extension 'ignore'
[2.015s] Level 1:colcon.colcon_core.package_identification:_identify(src/controller) by extension 'ignore_ament_install'
[2.016s] Level 1:colcon.colcon_core.package_identification:_identify(src/controller) by extensions ['colcon_pkg']
[2.016s] Level 1:colcon.colcon_core.package_identification:_identify(src/controller) by extension 'colcon_pkg'
[2.016s] Level 1:colcon.colcon_core.package_identification:_identify(src/controller) by extensions ['colcon_meta']
[2.016s] Level 1:colcon.colcon_core.package_identification:_identify(src/controller) by extension 'colcon_meta'
[2.016s] Level 1:colcon.colcon_core.package_identification:_identify(src/controller) by extensions ['ros']
[2.016s] Level 1:colcon.colcon_core.package_identification:_identify(src/controller) by extension 'ros'
[2.045s] DEBUG:colcon.colcon_core.package_identification:Package 'src/controller' with type 'ros.ament_python' and name 'controller'
[2.046s] Level 1:colcon.colcon_core.package_identification:_identify(src/messages) by extensions ['ignore', 'ignore_ament_install']
[2.046s] Level 1:colcon.colcon_core.package_identification:_identify(src/messages) by extension 'ignore'
[2.046s] Level 1:colcon.colcon_core.package_identification:_identify(src/messages) by extension 'ignore_ament_install'
[2.047s] Level 1:colcon.colcon_core.package_identification:_identify(src/messages) by extensions ['colcon_pkg']
[2.047s] Level 1:colcon.colcon_core.package_identification:_identify(src/messages) by extension 'colcon_pkg'
[2.047s] Level 1:colcon.colcon_core.package_identification:_identify(src/messages) by extensions ['colcon_meta']
[2.047s] Level 1:colcon.colcon_core.package_identification:_identify(src/messages) by extension 'colcon_meta'
[2.047s] Level 1:colcon.colcon_core.package_identification:_identify(src/messages) by extensions ['ros']
[2.047s] Level 1:colcon.colcon_core.package_identification:_identify(src/messages) by extension 'ros'
[2.048s] Level 1:colcon.colcon_core.package_identification:_identify(src/messages) by extensions ['cmake', 'python']
[2.048s] Level 1:colcon.colcon_core.package_identification:_identify(src/messages) by extension 'cmake'
[2.048s] Level 1:colcon.colcon_core.package_identification:_identify(src/messages) by extension 'python'
[2.048s] Level 1:colcon.colcon_core.package_identification:_identify(src/messages) by extensions ['python_setup_py']
[2.048s] Level 1:colcon.colcon_core.package_identification:_identify(src/messages) by extension 'python_setup_py'
[2.049s] Level 1:colcon.colcon_core.package_identification:_identify(src/messages/messages) by extensions ['ignore', 'ignore_ament_install']
[2.049s] Level 1:colcon.colcon_core.package_identification:_identify(src/messages/messages) by extension 'ignore'
[2.049s] Level 1:colcon.colcon_core.package_identification:_identify(src/messages/messages) by extension 'ignore_ament_install'
[2.050s] Level 1:colcon.colcon_core.package_identification:_identify(src/messages/messages) by extensions ['colcon_pkg']
[2.050s] Level 1:colcon.colcon_core.package_identification:_identify(src/messages/messages) by extension 'colcon_pkg'
[2.050s] Level 1:colcon.colcon_core.package_identification:_identify(src/messages/messages) by extensions ['colcon_meta']
[2.050s] Level 1:colcon.colcon_core.package_identification:_identify(src/messages/messages) by extension 'colcon_meta'
[2.050s] Level 1:colcon.colcon_core.package_identification:_identify(src/messages/messages) by extensions ['ros']
[2.050s] Level 1:colcon.colcon_core.package_identification:_identify(src/messages/messages) by extension 'ros'
[2.052s] DEBUG:colcon.colcon_core.package_identification:Package 'src/messages/messages' with type 'ros.ament_cmake' and name 'messages'
[2.052s] Level 1:colcon.colcon_core.package_discovery:discover_packages(recursive) using defaults
[2.052s] Level 1:colcon.colcon_core.package_discovery:discover_packages(ignore) discover
[2.052s] Level 1:colcon.colcon_core.package_discovery:discover_packages(ignore) using defaults
[2.052s] Level 1:colcon.colcon_core.package_discovery:discover_packages(path) discover
[2.052s] Level 1:colcon.colcon_core.package_discovery:discover_packages(path) using defaults
[2.173s] Level 5:colcon.colcon_core.verb:set package 'controller' build argument 'cmake_args' from command line to 'None'
[2.173s] Level 5:colcon.colcon_core.verb:set package 'controller' build argument 'cmake_target' from command line to 'None'
[2.173s] Level 5:colcon.colcon_core.verb:set package 'controller' build argument 'cmake_target_skip_unavailable' from command line to 'False'
[2.173s] Level 5:colcon.colcon_core.verb:set package 'controller' build argument 'cmake_clean_cache' from command line to 'False'
[2.173s] Level 5:colcon.colcon_core.verb:set package 'controller' build argument 'cmake_clean_first' from command line to 'False'
[2.174s] Level 5:colcon.colcon_core.verb:set package 'controller' build argument 'cmake_force_configure' from command line to 'False'
[2.174s] Level 5:colcon.colcon_core.verb:set package 'controller' build argument 'ament_cmake_args' from command line to 'None'
[2.174s] Level 5:colcon.colcon_core.verb:set package 'controller' build argument 'catkin_cmake_args' from command line to 'None'
[2.174s] Level 5:colcon.colcon_core.verb:set package 'controller' build argument 'catkin_skip_building_tests' from command line to 'False'
[2.174s] DEBUG:colcon.colcon_core.verb:Building package 'controller' with the following arguments: {'ament_cmake_args': None, 'build_base': '/home/amd/Documentos/GC/build/controller', 'catkin_cmake_args': None, 'catkin_skip_building_tests': False, 'cmake_args': None, 'cmake_clean_cache': False, 'cmake_clean_first': False, 'cmake_force_configure': False, 'cmake_target': None, 'cmake_target_skip_unavailable': False, 'install_base': '/home/amd/Documentos/GC/install/controller', 'merge_install': False, 'path': '/home/amd/Documentos/GC/src/controller', 'symlink_install': False, 'test_result_base': None}
[2.200s] Level 5:colcon.colcon_core.verb:set package 'messages' build argument 'cmake_args' from command line to 'None'
[2.200s] Level 5:colcon.colcon_core.verb:set package 'messages' build argument 'cmake_target' from command line to 'None'
[2.200s] Level 5:colcon.colcon_core.verb:set package 'messages' build argument 'cmake_target_skip_unavailable' from command line to 'False'
[2.200s] Level 5:colcon.colcon_core.verb:set package 'messages' build argument 'cmake_clean_cache' from command line to 'False'
[2.200s] Level 5:colcon.colcon_core.verb:set package 'messages' build argument 'cmake_clean_first' from command line to 'False'
[2.200s] Level 5:colcon.colcon_core.verb:set package 'messages' build argument 'cmake_force_configure' from command line to 'False'
[2.200s] Level 5:colcon.colcon_core.verb:set package 'messages' build argument 'ament_cmake_args' from command line to 'None'
[2.200s] Level 5:colcon.colcon_core.verb:set package 'messages' build argument 'catkin_cmake_args' from command line to 'None'
[2.200s] Level 5:colcon.colcon_core.verb:set package 'messages' build argument 'catkin_skip_building_tests' from command line to 'False'
[2.203s] DEBUG:colcon.colcon_core.verb:Building package 'messages' with the following arguments: {'ament_cmake_args': None, 'build_base': '/home/amd/Documentos/GC/build/messages', 'catkin_cmake_args': None, 'catkin_skip_building_tests': False, 'cmake_args': None, 'cmake_clean_cache': False, 'cmake_clean_first': False, 'cmake_force_configure': False, 'cmake_target': None, 'cmake_target_skip_unavailable': False, 'install_base': '/home/amd/Documentos/GC/install/messages', 'merge_install': False, 'path': '/home/amd/Documentos/GC/src/messages/messages', 'symlink_install': False, 'test_result_base': None}
[2.204s] INFO:colcon.colcon_core.executor:Executing jobs using 'parallel' executor
[2.220s] DEBUG:colcon.colcon_parallel_executor.executor.parallel:run_until_complete
[2.221s] INFO:colcon.colcon_ros.task.ament_python.build:Building ROS package in '/home/amd/Documentos/GC/src/controller' with build type 'ament_python'
[2.221s] Level 1:colcon.colcon_core.shell:create_environment_hook('controller', 'ament_prefix_path')
[2.242s] INFO:colcon.colcon_core.plugin_system:Skipping extension 'colcon_core.shell.bat': Not used on non-Windows systems
[2.244s] INFO:colcon.colcon_core.shell:Creating environment hook '/home/amd/Documentos/GC/install/controller/share/controller/hook/ament_prefix_path.ps1'
[2.258s] INFO:colcon.colcon_core.shell:Creating environment descriptor '/home/amd/Documentos/GC/install/controller/share/controller/hook/ament_prefix_path.dsv'
[2.259s] INFO:colcon.colcon_core.shell:Creating environment hook '/home/amd/Documentos/GC/install/controller/share/controller/hook/ament_prefix_path.sh'
[2.270s] INFO:colcon.colcon_core.shell:Skip shell extension 'powershell' for command environment: Not usable outside of PowerShell
[2.275s] DEBUG:colcon.colcon_core.shell:Skip shell extension 'dsv' for command environment
[2.287s] DEBUG:colcon.colcon_core.shell:Ignoring prefix path '/opt/ros/foxy'
[2.339s] INFO:colcon.colcon_ros.task.ament_cmake.build:Building ROS package in '/home/amd/Documentos/GC/src/messages/messages' with build type 'ament_cmake'
[2.350s] INFO:colcon.colcon_cmake.task.cmake.build:Building CMake package in '/home/amd/Documentos/GC/src/messages/messages'
[2.355s] INFO:colcon.colcon_core.shell:Skip shell extension 'powershell' for command environment: Not usable outside of PowerShell
[2.358s] DEBUG:colcon.colcon_core.shell:Skip shell extension 'dsv' for command environment
[2.384s] DEBUG:colcon.colcon_core.shell:Ignoring prefix path '/opt/ros/foxy'
[3.941s] INFO:colcon.colcon_core.task.python.build:Building Python package in '/home/amd/Documentos/GC/src/controller'
[3.954s] INFO:colcon.colcon_core.shell:Skip shell extension 'powershell' for command environment: Not usable outside of PowerShell
[3.954s] DEBUG:colcon.colcon_core.shell:Skip shell extension 'dsv' for command environment
[3.958s] DEBUG:colcon.colcon_core.shell:Ignoring prefix path '/opt/ros/foxy'
[3.983s] DEBUG:colcon.colcon_core.event_handler.log_command:Invoking command in '/home/amd/Documentos/GC/build/messages': CMAKE_PREFIX_PATH=${CMAKE_PREFIX_PATH}:/home/amd/Documentos/GC/install/controller:/opt/ros/foxy /usr/bin/cmake --build /home/amd/Documentos/GC/build/messages -- -j2 -l2
[4.039s] DEBUG:colcon.colcon_core.event_handler.log_command:Invoking command in '/home/amd/Documentos/GC/src/controller': PYTHONPATH=/home/amd/Documentos/GC/install/controller/lib/python3.8/site-packages:${PYTHONPATH} /usr/bin/python3 setup.py egg_info --egg-base ../../build/controller build --build-base /home/amd/Documentos/GC/build/controller/build install --prefix /home/amd/Documentos/GC/install/controller --record /home/amd/Documentos/GC/build/controller/install.log --single-version-externally-managed
[7.921s] DEBUG:colcon.colcon_core.event_handler.log_command:Invoked command in '/home/amd/Documentos/GC/build/messages' returned '0': CMAKE_PREFIX_PATH=${CMAKE_PREFIX_PATH}:/home/amd/Documentos/GC/install/controller:/opt/ros/foxy /usr/bin/cmake --build /home/amd/Documentos/GC/build/messages -- -j2 -l2
[8.124s] DEBUG:colcon.colcon_core.event_handler.log_command:Invoked command in '/home/amd/Documentos/GC/src/controller' returned '0': PYTHONPATH=/home/amd/Documentos/GC/install/controller/lib/python3.8/site-packages:${PYTHONPATH} /usr/bin/python3 setup.py egg_info --egg-base ../../build/controller build --build-base /home/amd/Documentos/GC/build/controller/build install --prefix /home/amd/Documentos/GC/install/controller --record /home/amd/Documentos/GC/build/controller/install.log --single-version-externally-managed
[8.127s] Level 1:colcon.colcon_core.environment:checking '/home/amd/Documentos/GC/install/controller' for CMake module files
[8.133s] Level 1:colcon.colcon_core.environment:checking '/home/amd/Documentos/GC/install/controller' for CMake config files
[8.142s] Level 1:colcon.colcon_core.environment:checking '/home/amd/Documentos/GC/install/controller/lib'
[8.143s] Level 1:colcon.colcon_core.environment:checking '/home/amd/Documentos/GC/install/controller/bin'
[8.143s] Level 1:colcon.colcon_core.environment:checking '/home/amd/Documentos/GC/install/controller/lib/pkgconfig/controller.pc'
[8.144s] Level 1:colcon.colcon_core.environment:checking '/home/amd/Documentos/GC/install/controller/lib/python3.8/site-packages'
[8.144s] Level 1:colcon.colcon_core.shell:create_environment_hook('controller', 'pythonpath')
[8.158s] INFO:colcon.colcon_core.shell:Creating environment hook '/home/amd/Documentos/GC/install/controller/share/controller/hook/pythonpath.ps1'
[8.162s] INFO:colcon.colcon_core.shell:Creating environment descriptor '/home/amd/Documentos/GC/install/controller/share/controller/hook/pythonpath.dsv'
[8.166s] INFO:colcon.colcon_core.shell:Creating environment hook '/home/amd/Documentos/GC/install/controller/share/controller/hook/pythonpath.sh'
[8.170s] Level 1:colcon.colcon_core.environment:create_environment_scripts_only(controller)
[8.174s] INFO:colcon.colcon_core.shell:Creating package script '/home/amd/Documentos/GC/install/controller/share/controller/package.ps1'
[8.186s] INFO:colcon.colcon_core.shell:Creating package descriptor '/home/amd/Documentos/GC/install/controller/share/controller/package.dsv'
[8.192s] INFO:colcon.colcon_core.shell:Creating package script '/home/amd/Documentos/GC/install/controller/share/controller/package.sh'
[8.202s] INFO:colcon.colcon_core.shell:Creating package script '/home/amd/Documentos/GC/install/controller/share/controller/package.bash'
[8.209s] INFO:colcon.colcon_core.shell:Creating package script '/home/amd/Documentos/GC/install/controller/share/controller/package.zsh'
[8.221s] Level 1:colcon.colcon_core.environment:create_file_with_runtime_dependencies(/home/amd/Documentos/GC/install/controller/share/colcon-core/packages/controller)
[8.472s] DEBUG:colcon.colcon_core.event_handler.log_command:Invoking command in '/home/amd/Documentos/GC/build/messages': CMAKE_PREFIX_PATH=${CMAKE_PREFIX_PATH}:/home/amd/Documentos/GC/install/controller:/opt/ros/foxy /usr/bin/cmake --install /home/amd/Documentos/GC/build/messages
[9.042s] Level 1:colcon.colcon_core.environment:create_environment_scripts_only(messages)
[9.044s] DEBUG:colcon.colcon_core.event_handler.log_command:Invoked command in '/home/amd/Documentos/GC/build/messages' returned '0': CMAKE_PREFIX_PATH=${CMAKE_PREFIX_PATH}:/home/amd/Documentos/GC/install/controller:/opt/ros/foxy /usr/bin/cmake --install /home/amd/Documentos/GC/build/messages
[9.057s] Level 1:colcon.colcon_core.environment:checking '/home/amd/Documentos/GC/install/messages' for CMake module files
[9.061s] Level 1:colcon.colcon_core.environment:checking '/home/amd/Documentos/GC/install/messages' for CMake config files
[9.065s] Level 1:colcon.colcon_core.shell:create_environment_hook('messages', 'cmake_prefix_path')
[9.068s] INFO:colcon.colcon_core.shell:Creating environment hook '/home/amd/Documentos/GC/install/messages/share/messages/hook/cmake_prefix_path.ps1'
[9.075s] INFO:colcon.colcon_core.shell:Creating environment descriptor '/home/amd/Documentos/GC/install/messages/share/messages/hook/cmake_prefix_path.dsv'
[9.076s] INFO:colcon.colcon_core.shell:Creating environment hook '/home/amd/Documentos/GC/install/messages/share/messages/hook/cmake_prefix_path.sh'
[9.081s] Level 1:colcon.colcon_core.environment:checking '/home/amd/Documentos/GC/install/messages/lib'
[9.088s] Level 1:colcon.colcon_core.shell:create_environment_hook('messages', 'ld_library_path_lib')
[9.100s] INFO:colcon.colcon_core.shell:Creating environment hook '/home/amd/Documentos/GC/install/messages/share/messages/hook/ld_library_path_lib.ps1'
[9.101s] INFO:colcon.colcon_core.shell:Creating environment descriptor '/home/amd/Documentos/GC/install/messages/share/messages/hook/ld_library_path_lib.dsv'
[9.102s] INFO:colcon.colcon_core.shell:Creating environment hook '/home/amd/Documentos/GC/install/messages/share/messages/hook/ld_library_path_lib.sh'
[9.103s] Level 1:colcon.colcon_core.environment:checking '/home/amd/Documentos/GC/install/messages/bin'
[9.103s] Level 1:colcon.colcon_core.environment:checking '/home/amd/Documentos/GC/install/messages/lib/pkgconfig/messages.pc'
[9.104s] Level 1:colcon.colcon_core.environment:checking '/home/amd/Documentos/GC/install/messages/lib/python3.8/site-packages'
[9.104s] Level 1:colcon.colcon_core.shell:create_environment_hook('messages', 'pythonpath')
[9.122s] INFO:colcon.colcon_core.shell:Creating environment hook '/home/amd/Documentos/GC/install/messages/share/messages/hook/pythonpath.ps1'
[9.123s] INFO:colcon.colcon_core.shell:Creating environment descriptor '/home/amd/Documentos/GC/install/messages/share/messages/hook/pythonpath.dsv'
[9.124s] INFO:colcon.colcon_core.shell:Creating environment hook '/home/amd/Documentos/GC/install/messages/share/messages/hook/pythonpath.sh'
[9.143s] INFO:colcon.colcon_core.shell:Creating package script '/home/amd/Documentos/GC/install/messages/share/messages/package.ps1'
[9.144s] INFO:colcon.colcon_core.shell:Creating package descriptor '/home/amd/Documentos/GC/install/messages/share/messages/package.dsv'
[9.145s] INFO:colcon.colcon_core.shell:Creating package script '/home/amd/Documentos/GC/install/messages/share/messages/package.sh'
[9.159s] INFO:colcon.colcon_core.shell:Creating package script '/home/amd/Documentos/GC/install/messages/share/messages/package.bash'
[9.160s] INFO:colcon.colcon_core.shell:Creating package script '/home/amd/Documentos/GC/install/messages/share/messages/package.zsh'
[9.170s] Level 1:colcon.colcon_core.environment:create_file_with_runtime_dependencies(/home/amd/Documentos/GC/install/messages/share/colcon-core/packages/messages)
[9.482s] Level 1:colcon.colcon_core.environment:create_environment_scripts_only(messages)
[9.492s] Level 1:colcon.colcon_core.environment:checking '/home/amd/Documentos/GC/install/messages' for CMake module files
[9.494s] Level 1:colcon.colcon_core.environment:checking '/home/amd/Documentos/GC/install/messages' for CMake config files
[9.497s] Level 1:colcon.colcon_core.shell:create_environment_hook('messages', 'cmake_prefix_path')
[9.500s] INFO:colcon.colcon_core.shell:Creating environment hook '/home/amd/Documentos/GC/install/messages/share/messages/hook/cmake_prefix_path.ps1'
[9.508s] INFO:colcon.colcon_core.shell:Creating environment descriptor '/home/amd/Documentos/GC/install/messages/share/messages/hook/cmake_prefix_path.dsv'
[9.510s] INFO:colcon.colcon_core.shell:Creating environment hook '/home/amd/Documentos/GC/install/messages/share/messages/hook/cmake_prefix_path.sh'
[9.518s] Level 1:colcon.colcon_core.environment:checking '/home/amd/Documentos/GC/install/messages/lib'
[9.519s] Level 1:colcon.colcon_core.shell:create_environment_hook('messages', 'ld_library_path_lib')
[9.520s] INFO:colcon.colcon_core.shell:Creating environment hook '/home/amd/Documentos/GC/install/messages/share/messages/hook/ld_library_path_lib.ps1'
[9.528s] INFO:colcon.colcon_core.shell:Creating environment descriptor '/home/amd/Documentos/GC/install/messages/share/messages/hook/ld_library_path_lib.dsv'
[9.529s] INFO:colcon.colcon_core.shell:Creating environment hook '/home/amd/Documentos/GC/install/messages/share/messages/hook/ld_library_path_lib.sh'
[9.532s] Level 1:colcon.colcon_core.environment:checking '/home/amd/Documentos/GC/install/messages/bin'
[9.534s] Level 1:colcon.colcon_core.environment:checking '/home/amd/Documentos/GC/install/messages/lib/pkgconfig/messages.pc'
[9.534s] Level 1:colcon.colcon_core.environment:checking '/home/amd/Documentos/GC/install/messages/lib/python3.8/site-packages'
[9.535s] Level 1:colcon.colcon_core.shell:create_environment_hook('messages', 'pythonpath')
[9.536s] INFO:colcon.colcon_core.shell:Creating environment hook '/home/amd/Documentos/GC/install/messages/share/messages/hook/pythonpath.ps1'
[9.543s] INFO:colcon.colcon_core.shell:Creating environment descriptor '/home/amd/Documentos/GC/install/messages/share/messages/hook/pythonpath.dsv'
[9.545s] INFO:colcon.colcon_core.shell:Creating environment hook '/home/amd/Documentos/GC/install/messages/share/messages/hook/pythonpath.sh'
[9.550s] INFO:colcon.colcon_core.shell:Creating package script '/home/amd/Documentos/GC/install/messages/share/messages/package.ps1'
[9.555s] INFO:colcon.colcon_core.shell:Creating package descriptor '/home/amd/Documentos/GC/install/messages/share/messages/package.dsv'
[9.560s] INFO:colcon.colcon_core.shell:Creating package script '/home/amd/Documentos/GC/install/messages/share/messages/package.sh'
[9.566s] INFO:colcon.colcon_core.shell:Creating package script '/home/amd/Documentos/GC/install/messages/share/messages/package.bash'
[9.567s] INFO:colcon.colcon_core.shell:Creating package script '/home/amd/Documentos/GC/install/messages/share/messages/package.zsh'
[9.571s] Level 1:colcon.colcon_core.environment:create_file_with_runtime_dependencies(/home/amd/Documentos/GC/install/messages/share/colcon-core/packages/messages)
[9.576s] DEBUG:colcon.colcon_parallel_executor.executor.parallel:closing loop
[9.577s] DEBUG:colcon.colcon_parallel_executor.executor.parallel:loop closed
[9.577s] DEBUG:colcon.colcon_parallel_executor.executor.parallel:run_until_complete finished with '0'
[9.577s] DEBUG:colcon.colcon_core.event_reactor:joining thread
[9.621s] INFO:colcon.colcon_core.plugin_system:Skipping extension 'colcon_notification.desktop_notification.terminal_notifier': Not used on non-Darwin systems
[9.624s] INFO:colcon.colcon_core.plugin_system:Skipping extension 'colcon_notification.desktop_notification.win32': Not used on non-Windows systems
[9.625s] INFO:colcon.colcon_notification.desktop_notification:Sending desktop notification using 'notify2'
[9.714s] DEBUG:colcon.colcon_core.event_reactor:joined thread
[9.716s] INFO:colcon.colcon_core.shell:Creating prefix script '/home/amd/Documentos/GC/install/local_setup.ps1'
[9.718s] INFO:colcon.colcon_core.shell:Creating prefix util module '/home/amd/Documentos/GC/install/_local_setup_util_ps1.py'
[9.722s] INFO:colcon.colcon_core.shell:Creating prefix chain script '/home/amd/Documentos/GC/install/setup.ps1'
[9.742s] INFO:colcon.colcon_core.shell:Creating prefix script '/home/amd/Documentos/GC/install/local_setup.sh'
[9.748s] INFO:colcon.colcon_core.shell:Creating prefix util module '/home/amd/Documentos/GC/install/_local_setup_util_sh.py'
[9.751s] INFO:colcon.colcon_core.shell:Creating prefix chain script '/home/amd/Documentos/GC/install/setup.sh'
[9.773s] INFO:colcon.colcon_core.shell:Creating prefix script '/home/amd/Documentos/GC/install/local_setup.bash'
[9.775s] INFO:colcon.colcon_core.shell:Creating prefix chain script '/home/amd/Documentos/GC/install/setup.bash'
[9.789s] INFO:colcon.colcon_core.shell:Creating prefix script '/home/amd/Documentos/GC/install/local_setup.zsh'
[9.794s] INFO:colcon.colcon_core.shell:Creating prefix chain script '/home/amd/Documentos/GC/install/setup.zsh'
