[01m[K/home/robofei/ROS2/action/src/control/src/main.cpp:330:35:[m[K [01;35m[Kwarning: [m[Kcharacter constant too long for its type
  330 |             if(read_int(movement==[01;35m[K'goodbye'[m[K) == 20)
      |                                   [01;35m[K^~~~~~~~~[m[K
[01m[K/home/robofei/ROS2/action/src/control/src/main.cpp:492:21:[m[K [01;35m[Kwarning: [m[Kcharacter constant too long for its type
  492 |     last_movement = [01;35m[K'pose_stand_up'[m[K;
      |                     [01;35m[K^~~~~~~~~~~~~~~[m[K
[01m[K/home/robofei/ROS2/action/src/control/src/main.cpp:493:16:[m[K [01;35m[Kwarning: [m[Kcharacter constant too long for its type
  493 |     movement = [01;35m[K'pose_stand_up'[m[K;
      |                [01;35m[K^~~~~~~~~~~~~~~[m[K
[01m[K/home/robofei/ROS2/action/src/control/src/main.cpp:53:27:[m[K [01;31m[Kerror: [m[K‘[01m[Krclcpp[m[K’ has not been declared
   53 | class ActionNode : public [01;31m[Krclcpp[m[K::Node
      |                           [01;31m[K^~~~~~[m[K
[01m[K/home/robofei/ROS2/action/src/control/src/main.cpp:53:35:[m[K [01;31m[Kerror: [m[Kexpected ‘[01m[K{[m[K’ before ‘[01m[KNode[m[K’
   53 | class ActionNode : public rclcpp::[01;31m[KNode[m[K
      |                                   [01;31m[K^~~~[m[K
[01m[K/home/robofei/ROS2/action/src/control/src/main.cpp:55:3:[m[K [01;31m[Kerror: [m[Kexpected primary-expression before ‘[01m[Kpublic[m[K’
   55 |   [01;31m[Kpublic[m[K:
      |   [01;31m[K^~~~~~[m[K
[01m[K/home/robofei/ROS2/action/src/control/src/main.cpp:55:3:[m[K [01;31m[Kerror: [m[Kexpected ‘[01m[K}[m[K’ before ‘[01m[Kpublic[m[K’
[01m[K/home/robofei/ROS2/action/src/control/src/main.cpp:54:1:[m[K [01;36m[Knote: [m[Kto match this ‘[01m[K{[m[K’
   54 | [01;36m[K{[m[K
      | [01;36m[K^[m[K
[01m[K/home/robofei/ROS2/action/src/control/src/main.cpp:64:3:[m[K [01;31m[Kerror: [m[Kexpected unqualified-id before ‘[01m[Kprivate[m[K’
   64 |   [01;31m[Kprivate[m[K:
      |   [01;31m[K^~~~~~~[m[K
[01m[K/home/robofei/ROS2/action/src/control/src/main.cpp:69:5:[m[K [01;31m[Kerror: [m[K‘[01m[Krclcpp[m[K’ does not name a type
   69 |     [01;31m[Krclcpp[m[K::Subscription<std_msgs::msg::String>::SharedPtr subscription_;
      |     [01;31m[K^~~~~~[m[K
[01m[K/home/robofei/ROS2/action/src/control/src/main.cpp:74:5:[m[K [01;31m[Kerror: [m[Kexpected unqualified-id before ‘[01m[Kif[m[K’
   74 |     [01;31m[Kif[m[K (variables.count("k")) //verifica se foi chamado o argumento de controle pelo teclado
      |     [01;31m[K^~[m[K
[01m[K/home/robofei/ROS2/action/src/control/src/main.cpp:225:14:[m[K [01;31m[Kerror: [m[Kexpected constructor, destructor, or type conversion before ‘[01m[K;[m[K’ token
  225 |     logInit()[01;31m[K;[m[K // save the time when start the control process
      |              [01;31m[K^[m[K
[01m[K/home/robofei/ROS2/action/src/control/src/main.cpp:226:5:[m[K [01;31m[Kerror: [m[Kexpected unqualified-id before ‘[01m[Kwhile[m[K’
  226 |     [01;31m[Kwhile[m[K(1)
      |     [01;31m[K^~~~~[m[K
[01m[K/home/robofei/ROS2/action/src/control/src/main.cpp:352:10:[m[K [01;31m[Kerror: [m[K‘[01m[Kcout[m[K’ in namespace ‘[01m[Kstd[m[K’ does not name a type
  352 |     std::[01;31m[Kcout[m[K<<"Press some key to end!\n"<<std::endl;
      |          [01;31m[K^~~~[m[K
In file included from [01m[K/home/robofei/ROS2/action/src/control/include/MotionManager.h:13[m[K,
                 from [01m[K/home/robofei/ROS2/action/src/control/src/main.cpp:29[m[K:
[01m[K/usr/include/c++/9/iostream:61:18:[m[K [01;36m[Knote: [m[K‘[01m[Kstd::cout[m[K’ declared here
   61 |   extern ostream [01;36m[Kcout[m[K;  /// Linked to standard output
      |                  [01;36m[K^~~~[m[K
[01m[K/home/robofei/ROS2/action/src/control/src/main.cpp:353:14:[m[K [01;31m[Kerror: [m[Kexpected constructor, destructor, or type conversion before ‘[01m[K;[m[K’ token
  353 |     getchar()[01;31m[K;[m[K
      |              [01;31m[K^[m[K
[01m[K/home/robofei/ROS2/action/src/control/src/main.cpp:358:5:[m[K [01;31m[Kerror: [m[Kexpected unqualified-id before ‘[01m[Kreturn[m[K’
  358 |     [01;31m[Kreturn[m[K 0;
      |     [01;31m[K^~~~~~[m[K
[01m[K/home/robofei/ROS2/action/src/control/src/main.cpp:359:1:[m[K [01;31m[Kerror: [m[Kexpected declaration before ‘[01m[K}[m[K’ token
  359 | [01;31m[K}[m[K
      | [01;31m[K^[m[K
[01m[K/home/robofei/ROS2/action/src/control/src/main.cpp:376:2:[m[K [01;35m[Kwarning: [m[Kextra ‘[01m[K;[m[K’ [[01;35m[K-Wpedantic[m[K]
  376 | }[01;35m[K;[m[K
      |  [01;35m[K^[m[K
[01m[K/home/robofei/ROS2/action/src/control/src/main.cpp:[m[K In function ‘[01m[Kvoid sighandler(int)[m[K’:
[01m[K/home/robofei/ROS2/action/src/control/src/main.cpp:389:21:[m[K [01;35m[Kwarning: [m[Kunused parameter ‘[01m[Ksig[m[K’ [[01;35m[K-Wunused-parameter[m[K]
  389 | void sighandler([01;35m[Kint sig[m[K)
      |                 [01;35m[K~~~~^~~[m[K
[01m[K/home/robofei/ROS2/action/src/control/src/main.cpp:[m[K In function ‘[01m[Kvoid goodbye()[m[K’:
[01m[K/home/robofei/ROS2/action/src/control/src/main.cpp:396:5:[m[K [01;31m[Kerror: [m[K‘[01m[Ktimer_[m[K’ was not declared in this scope; did you mean ‘[01m[Ktimer_t[m[K’?
  396 |     [01;31m[Ktimer_[m[K = this->create_wall_timer(
      |     [01;31m[K^~~~~~[m[K
      |     [32m[Ktimer_t[m[K
[01m[K/home/robofei/ROS2/action/src/control/src/main.cpp:396:14:[m[K [01;31m[Kerror: [m[Kinvalid use of ‘[01m[Kthis[m[K’ in non-member function
  396 |     timer_ = [01;31m[Kthis[m[K->create_wall_timer(
      |              [01;31m[K^~~~[m[K
[01m[K/home/robofei/ROS2/action/src/control/src/main.cpp:397:7:[m[K [01;31m[Kerror: [m[Kunable to find numeric literal operator ‘[01m[Koperator""ms[m[K’
  397 |       [01;31m[K500ms[m[K, std::bind(&MinimalPublisher::timer_callback, this));
      |       [01;31m[K^~~~~[m[K
[01m[K/home/robofei/ROS2/action/src/control/src/main.cpp:397:25:[m[K [01;31m[Kerror: [m[K‘[01m[KMinimalPublisher[m[K’ has not been declared
  397 |       500ms, std::bind(&[01;31m[KMinimalPublisher[m[K::timer_callback, this));
      |                         [01;31m[K^~~~~~~~~~~~~~~~[m[K
[01m[K/home/robofei/ROS2/action/src/control/src/main.cpp:397:59:[m[K [01;31m[Kerror: [m[Kinvalid use of ‘[01m[Kthis[m[K’ in non-member function
  397 |       500ms, std::bind(&MinimalPublisher::timer_callback, [01;31m[Kthis[m[K));
      |                                                           [01;31m[K^~~~[m[K
[01m[K/home/robofei/ROS2/action/src/control/src/main.cpp:[m[K In function ‘[01m[Kvoid timer_callback()[m[K’:
[01m[K/home/robofei/ROS2/action/src/control/src/main.cpp:403:20:[m[K [01;31m[Kerror: [m[K‘[01m[Kdynamixel_sdk_custom_interfaces[m[K’ has not been declared
  403 |     auto message = [01;31m[Kdynamixel_sdk_custom_interfaces[m[K::msg::SetPosition();
      |                    [01;31m[K^~~~~~~~~~~~~~~~~~~~~~~~~~~~~~~[m[K
[01m[K/home/robofei/ROS2/action/src/control/src/main.cpp:407:9:[m[K [01;31m[Kerror: [m[K‘[01m[Kpublisher_[m[K’ was not declared in this scope
  407 |         [01;31m[Kpublisher_[m[K->publish(message);
      |         [01;31m[K^~~~~~~~~~[m[K
[01m[K/home/robofei/ROS2/action/src/control/src/main.cpp:408:14:[m[K [01;31m[Kerror: [m[K‘[01m[Kstd::this_thread[m[K’ has not been declared
  408 |         std::[01;31m[Kthis_thread[m[K::sleep_for(std::chrono::seconds(1));
      |              [01;31m[K^~~~~~~~~~~[m[K
[01m[K/home/robofei/ROS2/action/src/control/src/main.cpp:408:42:[m[K [01;31m[Kerror: [m[K‘[01m[Kstd::chrono[m[K’ has not been declared
  408 |         std::this_thread::sleep_for(std::[01;31m[Kchrono[m[K::seconds(1));
      |                                          [01;31m[K^~~~~~[m[K
[01m[K/home/robofei/ROS2/action/src/control/src/main.cpp:412:14:[m[K [01;31m[Kerror: [m[K‘[01m[Kstd::this_thread[m[K’ has not been declared
  412 |         std::[01;31m[Kthis_thread[m[K::sleep_for(std::chrono::seconds(1));
      |              [01;31m[K^~~~~~~~~~~[m[K
[01m[K/home/robofei/ROS2/action/src/control/src/main.cpp:412:42:[m[K [01;31m[Kerror: [m[K‘[01m[Kstd::chrono[m[K’ has not been declared
  412 |         std::this_thread::sleep_for(std::[01;31m[Kchrono[m[K::seconds(1));
      |                                          [01;31m[K^~~~~~[m[K
[01m[K/home/robofei/ROS2/action/src/control/src/main.cpp:418:16:[m[K [01;31m[Kerror: [m[K‘[01m[Kstd::this_thread[m[K’ has not been declared
  418 |           std::[01;31m[Kthis_thread[m[K::sleep_for(std::chrono::seconds(10));
      |                [01;31m[K^~~~~~~~~~~[m[K
[01m[K/home/robofei/ROS2/action/src/control/src/main.cpp:418:44:[m[K [01;31m[Kerror: [m[K‘[01m[Kstd::chrono[m[K’ has not been declared
  418 |           std::this_thread::sleep_for(std::[01;31m[Kchrono[m[K::seconds(10));
      |                                            [01;31m[K^~~~~~[m[K
[01m[K/home/robofei/ROS2/action/src/control/src/main.cpp:421:5:[m[K [01;31m[Kerror: [m[K‘[01m[Krclcpp[m[K’ has not been declared
  421 |     [01;31m[Krclcpp[m[K::TimerBase::SharedPtr timer_;
      |     [01;31m[K^~~~~~[m[K
[01m[K/home/robofei/ROS2/action/src/control/src/main.cpp:422:3:[m[K [01;31m[Kerror: [m[K‘[01m[Krclcpp[m[K’ has not been declared
  422 |   [01;31m[Krclcpp[m[K::Publisher<dynamixel_sdk_custom_interfaces::msg::SetPosition>::SharedPtr publisher_;         // CHANGE
      |   [01;31m[K^~~~~~[m[K
[01m[K/home/robofei/ROS2/action/src/control/src/main.cpp:422:21:[m[K [01;31m[Kerror: [m[K‘[01m[Kdynamixel_sdk_custom_interfaces[m[K’ has not been declared
  422 |   rclcpp::Publisher<[01;31m[Kdynamixel_sdk_custom_interfaces[m[K::msg::SetPosition>::SharedPtr publisher_;         // CHANGE
      |                     [01;31m[K^~~~~~~~~~~~~~~~~~~~~~~~~~~~~~~[m[K
[01m[K/home/robofei/ROS2/action/src/control/src/main.cpp:422:73:[m[K [01;31m[Kerror: [m[K‘[01m[K::SharedPtr[m[K’ has not been declared
  422 | ublisher<dynamixel_sdk_custom_interfaces::msg::SetPosition>::[01;31m[KSharedPtr[m[K publisher_;         // CHANGE
      |                                                              [01;31m[K^~~~~~~~~[m[K

[01m[K/home/robofei/ROS2/action/src/control/src/main.cpp:423:10:[m[K [01;35m[Kwarning: [m[Kunused variable ‘[01m[Kcount_[m[K’ [[01;35m[K-Wunused-variable[m[K]
  423 |   size_t [01;35m[Kcount_[m[K;
      |          [01;35m[K^~~~~~[m[K
[01m[K/home/robofei/ROS2/action/src/control/src/main.cpp:[m[K In function ‘[01m[Kint main(int, char**)[m[K’:
[01m[K/home/robofei/ROS2/action/src/control/src/main.cpp:479:26:[m[K [01;31m[Kerror: [m[Kno matching function for call to ‘[01m[KGaitMove::GaitMove(minIni*&)[m[K’
  479 |     GaitMove gaitMove(ini[01;31m[K)[m[K;
      |                          [01;31m[K^[m[K
In file included from [01m[K/home/robofei/ROS2/action/src/control/src/main.cpp:35[m[K:
[01m[K/home/robofei/ROS2/action/src/control/include/GaitMove.hpp:36:9:[m[K [01;36m[Knote: [m[Kcandidate: ‘[01m[KGaitMove::GaitMove(int*, minIni*)[m[K’
   36 |         [01;36m[KGaitMove[m[K(int *mem_t, minIni* ini);
      |         [01;36m[K^~~~~~~~[m[K
[01m[K/home/robofei/ROS2/action/src/control/include/GaitMove.hpp:36:9:[m[K [01;36m[Knote: [m[K  candidate expects 2 arguments, 1 provided
[01m[K/home/robofei/ROS2/action/src/control/include/GaitMove.hpp:31:7:[m[K [01;36m[Knote: [m[Kcandidate: ‘[01m[Kconstexpr GaitMove::GaitMove(const GaitMove&)[m[K’
   31 | class [01;36m[KGaitMove[m[K
      |       [01;36m[K^~~~~~~~[m[K
[01m[K/home/robofei/ROS2/action/src/control/include/GaitMove.hpp:31:7:[m[K [01;36m[Knote: [m[K  no known conversion for argument 1 from ‘[01m[KminIni*[m[K’ to ‘[01m[Kconst GaitMove&[m[K’
[01m[K/home/robofei/ROS2/action/src/control/src/main.cpp:492:21:[m[K [01;31m[Kerror: [m[Kincompatible types in assignment of ‘[01m[Kint[m[K’ to ‘[01m[Kchar [20][m[K’
  492 |     last_movement = [01;31m[K'pose_stand_up'[m[K;
      |                     [01;31m[K^~~~~~~~~~~~~~~[m[K
[01m[K/home/robofei/ROS2/action/src/control/src/main.cpp:493:16:[m[K [01;31m[Kerror: [m[Kincompatible types in assignment of ‘[01m[Kint[m[K’ to ‘[01m[Kchar [20][m[K’
  493 |     movement = [01;31m[K'pose_stand_up'[m[K;
      |                [01;31m[K^~~~~~~~~~~~~~~[m[K
[01m[K/home/robofei/ROS2/action/src/control/src/main.cpp:520:3:[m[K [01;31m[Kerror: [m[K‘[01m[Krclcpp[m[K’ has not been declared
  520 |   [01;31m[Krclcpp[m[K::init(argc, argv);
      |   [01;31m[K^~~~~~[m[K
[01m[K/home/robofei/ROS2/action/src/control/src/main.cpp:521:3:[m[K [01;31m[Kerror: [m[K‘[01m[Krclcpp[m[K’ has not been declared
  521 |   [01;31m[Krclcpp[m[K::spin(std::make_shared<ActionNode>());
      |   [01;31m[K^~~~~~[m[K
[01m[K/home/robofei/ROS2/action/src/control/src/main.cpp:522:3:[m[K [01;31m[Kerror: [m[K‘[01m[Krclcpp[m[K’ has not been declared
  522 |   [01;31m[Krclcpp[m[K::shutdown();
      |   [01;31m[K^~~~~~[m[K
[01m[K/home/robofei/ROS2/action/src/control/src/main.cpp:441:10:[m[K [01;35m[Kwarning: [m[Kunused variable ‘[01m[Kstop_gait[m[K’ [[01;35m[K-Wunused-variable[m[K]
  441 |     bool [01;35m[Kstop_gait[m[K = true;
      |          [01;35m[K^~~~~~~~~[m[K
[01m[K/home/robofei/ROS2/action/src/control/src/main.cpp:442:11:[m[K [01;35m[Kwarning: [m[Kunused variable ‘[01m[KServoport[m[K’ [[01;35m[K-Wunused-variable[m[K]
  442 |     char *[01;35m[KServoport[m[K;
      |           [01;35m[K^~~~~~~~~[m[K
[01m[K/home/robofei/ROS2/action/src/control/src/main.cpp:443:9:[m[K [01;35m[Kwarning: [m[Kunused variable ‘[01m[Kvalue[m[K’ [[01;35m[K-Wunused-variable[m[K]
  443 |     int [01;35m[Kvalue[m[K;
      |         [01;35m[K^~~~~[m[K
[01m[K/home/robofei/ROS2/action/src/control/src/main.cpp:444:9:[m[K [01;35m[Kwarning: [m[Kunused variable ‘[01m[KidServo[m[K’ [[01;35m[K-Wunused-variable[m[K]
  444 |     int [01;35m[KidServo[m[K;
      |         [01;35m[K^~~~~~~[m[K
[01m[K/home/robofei/ROS2/action/src/control/src/main.cpp:445:10:[m[K [01;35m[Kwarning: [m[Kunused variable ‘[01m[Kflag_stop[m[K’ [[01;35m[K-Wunused-variable[m[K]
  445 |     bool [01;35m[Kflag_stop[m[K = 0;
      |          [01;35m[K^~~~~~~~~[m[K
[01m[K/home/robofei/ROS2/action/src/control/src/main.cpp:448:10:[m[K [01;35m[Kwarning: [m[Kunused variable ‘[01m[Ksame_moviment[m[K’ [[01;35m[K-Wunused-variable[m[K]
  448 |     bool [01;35m[Ksame_moviment[m[K = false;
      |          [01;35m[K^~~~~~~~~~~~~[m[K
[01m[K/home/robofei/ROS2/action/src/control/src/main.cpp:449:18:[m[K [01;35m[Kwarning: [m[Kunused variable ‘[01m[Kbuffer[m[K’ [[01;35m[K-Wunused-variable[m[K]
  449 |     unsigned int [01;35m[Kbuffer[m[K = 10000;
      |                  [01;35m[K^~~~~~[m[K
[01m[K/home/robofei/ROS2/action/src/control/src/main.cpp:450:18:[m[K [01;35m[Kwarning: [m[Kunused variable ‘[01m[Kcount_read[m[K’ [[01;35m[K-Wunused-variable[m[K]
  450 |     unsigned int [01;35m[Kcount_read[m[K=0;
      |                  [01;35m[K^~~~~~~~~~[m[K
[01m[K/home/robofei/ROS2/action/src/control/src/main.cpp:451:18:[m[K [01;35m[Kwarning: [m[Kunused variable ‘[01m[Kstep_time[m[K’ [[01;35m[K-Wunused-variable[m[K]
  451 |     unsigned int [01;35m[Kstep_time[m[K=20; // Determina a frequencia de leitura do blackboard
      |                  [01;35m[K^~~~~~~~~[m[K
In file included from [01m[K/usr/include/c++/9/bits/stl_list.h:64[m[K,
                 from [01m[K/usr/include/c++/9/list:63[m[K,
                 from [01m[K/home/robofei/ROS2/action/src/control/include/MotionManager.h:11[m[K,
                 from [01m[K/home/robofei/ROS2/action/src/control/src/main.cpp:29[m[K:
/usr/include/c++/9/ext/aligned_buffer.h: In instantiation of ‘[01m[Kstruct __gnu_cxx::__aligned_buffer<ActionNode>[m[K’:
[01m[K/usr/include/c++/9/bits/shared_ptr_base.h:535:35:[m[K   required from ‘[01m[Kclass std::_Sp_counted_ptr_inplace<ActionNode, std::allocator<ActionNode>, __gnu_cxx::_S_atomic>::_Impl[m[K’
[01m[K/usr/include/c++/9/bits/shared_ptr_base.h:596:13:[m[K   required from ‘[01m[Kclass std::_Sp_counted_ptr_inplace<ActionNode, std::allocator<ActionNode>, __gnu_cxx::_S_atomic>[m[K’
[01m[K/usr/include/c++/9/bits/shared_ptr_base.h:676:43:[m[K   required from ‘[01m[Kstd::__shared_count<_Lp>::__shared_count(_Tp*&, std::_Sp_alloc_shared_tag<_Alloc>, _Args&& ...) [with _Tp = ActionNode; _Alloc = std::allocator<ActionNode>; _Args = {}; __gnu_cxx::_Lock_policy _Lp = __gnu_cxx::_S_atomic][m[K’
[01m[K/usr/include/c++/9/bits/shared_ptr_base.h:1344:71:[m[K   required from ‘[01m[Kstd::__shared_ptr<_Tp, _Lp>::__shared_ptr(std::_Sp_alloc_shared_tag<_Tp>, _Args&& ...) [with _Alloc = std::allocator<ActionNode>; _Args = {}; _Tp = ActionNode; __gnu_cxx::_Lock_policy _Lp = __gnu_cxx::_S_atomic][m[K’
[01m[K/usr/include/c++/9/bits/shared_ptr.h:359:59:[m[K   required from ‘[01m[Kstd::shared_ptr<_Tp>::shared_ptr(std::_Sp_alloc_shared_tag<_Tp>, _Args&& ...) [with _Alloc = std::allocator<ActionNode>; _Args = {}; _Tp = ActionNode][m[K’
[01m[K/usr/include/c++/9/bits/shared_ptr.h:701:14:[m[K   required from ‘[01m[Kstd::shared_ptr<_Tp> std::allocate_shared(const _Alloc&, _Args&& ...) [with _Tp = ActionNode; _Alloc = std::allocator<ActionNode>; _Args = {}][m[K’
[01m[K/usr/include/c++/9/bits/shared_ptr.h:717:39:[m[K   required from ‘[01m[Kstd::shared_ptr<_Tp> std::make_shared(_Args&& ...) [with _Tp = ActionNode; _Args = {}][m[K’
[01m[K/home/robofei/ROS2/action/src/control/src/main.cpp:521:45:[m[K   required from here
[01m[K/usr/include/c++/9/ext/aligned_buffer.h:91:28:[m[K [01;31m[Kerror: [m[Kinvalid application of ‘[01m[Ksizeof[m[K’ to incomplete type ‘[01m[KActionNode[m[K’
   91 |     : std::aligned_storage<[01;31m[Ksizeof(_Tp)[m[K, __alignof__(_Tp)>
      |                            [01;31m[K^~~~~~~~~~~[m[K
[01m[K/usr/include/c++/9/ext/aligned_buffer.h:91:28:[m[K [01;31m[Kerror: [m[Kinvalid application of ‘[01m[Ksizeof[m[K’ to incomplete type ‘[01m[KActionNode[m[K’
make[2]: *** [CMakeFiles/action_node.dir/build.make:63: CMakeFiles/action_node.dir/src/main.cpp.o] Error 1
make[1]: *** [CMakeFiles/Makefile2:78: CMakeFiles/action_node.dir/all] Error 2
make: *** [Makefile:141: all] Error 2
