[4.741s] DEBUG:colcon:Command line arguments: ['/usr/bin/colcon', 'build', '--symlink-install']
[4.741s] DEBUG:colcon:Parsed command line arguments: Namespace(allow_overriding=[], ament_cmake_args=None, base_paths=['.'], build_base='build', catkin_cmake_args=None, catkin_skip_building_tests=False, cmake_args=None, cmake_clean_cache=False, cmake_clean_first=False, cmake_force_configure=False, cmake_target=None, cmake_target_skip_unavailable=False, continue_on_error=False, event_handlers=None, executor='parallel', ignore_user_meta=False, install_base='install', log_base=None, log_level=None, main=<bound method BuildVerb.main of <colcon_core.verb.build.BuildVerb object at 0x7f88d865e850>>, merge_install=False, metas=['./colcon.meta'], packages_above=None, packages_above_and_dependencies=None, packages_above_depth=None, packages_end=None, packages_ignore=None, packages_ignore_regex=None, packages_select=None, packages_select_build_failed=False, packages_select_by_dep=None, packages_select_regex=None, packages_select_test_failures=False, packages_skip=None, packages_skip_build_finished=False, packages_skip_by_dep=None, packages_skip_regex=None, packages_skip_test_passed=False, packages_skip_up_to=None, packages_start=None, packages_up_to=None, packages_up_to_regex=None, parallel_workers=4, paths=None, symlink_install=True, test_result_base=None, verb_extension=<colcon_core.verb.build.BuildVerb object at 0x7f88d865e850>, verb_name='build', verb_parser=<colcon_defaults.argument_parser.defaults.DefaultArgumentsDecorator object at 0x7f88d865edc0>)
[4.934s] Level 1:colcon.colcon_core.package_discovery:discover_packages(colcon_meta) check parameters
[4.935s] Level 1:colcon.colcon_core.package_discovery:discover_packages(recursive) check parameters
[4.935s] Level 1:colcon.colcon_core.package_discovery:discover_packages(ignore) check parameters
[4.935s] Level 1:colcon.colcon_core.package_discovery:discover_packages(path) check parameters
[4.936s] Level 1:colcon.colcon_core.package_discovery:discover_packages(colcon_meta) discover
[4.936s] Level 1:colcon.colcon_core.package_discovery:discover_packages(recursive) discover
[4.936s] INFO:colcon.colcon_core.package_discovery:Crawling recursively for packages in '/home/robofei/robotis_ws/build'
[4.937s] Level 1:colcon.colcon_core.package_identification:_identify(.) by extensions ['ignore', 'ignore_ament_install']
[4.938s] Level 1:colcon.colcon_core.package_identification:_identify(.) by extension 'ignore'
[4.938s] Level 1:colcon.colcon_core.package_identification:_identify(.) ignored
[4.938s] Level 1:colcon.colcon_core.package_discovery:discover_packages(recursive) using defaults
[4.938s] Level 1:colcon.colcon_core.package_discovery:discover_packages(ignore) discover
[4.939s] Level 1:colcon.colcon_core.package_discovery:discover_packages(ignore) using defaults
[4.939s] Level 1:colcon.colcon_core.package_discovery:discover_packages(path) discover
[4.939s] Level 1:colcon.colcon_core.package_discovery:discover_packages(path) using defaults
[5.297s] INFO:colcon.colcon_core.executor:Executing jobs using 'parallel' executor
[5.308s] DEBUG:colcon.colcon_parallel_executor.executor.parallel:run_until_complete
[5.309s] DEBUG:colcon.colcon_parallel_executor.executor.parallel:closing loop
[5.310s] DEBUG:colcon.colcon_parallel_executor.executor.parallel:loop closed
[5.311s] DEBUG:colcon.colcon_parallel_executor.executor.parallel:run_until_complete finished with '0'
[5.311s] DEBUG:colcon.colcon_core.event_reactor:joining thread
[5.362s] INFO:colcon.colcon_core.plugin_system:Skipping extension 'colcon_notification.desktop_notification.terminal_notifier': Not used on non-Darwin systems
[5.362s] INFO:colcon.colcon_core.plugin_system:Skipping extension 'colcon_notification.desktop_notification.win32': Not used on non-Windows systems
[5.363s] INFO:colcon.colcon_notification.desktop_notification:Sending desktop notification using 'notify2'
[5.390s] DEBUG:colcon.colcon_core.event_reactor:joined thread
[5.590s] INFO:colcon.colcon_core.plugin_system:Skipping extension 'colcon_core.shell.bat': Not used on non-Windows systems
[5.590s] INFO:colcon.colcon_core.shell:Creating prefix script '/home/robofei/robotis_ws/build/install/local_setup.ps1'
[5.619s] INFO:colcon.colcon_core.shell:Creating prefix util module '/home/robofei/robotis_ws/build/install/_local_setup_util_ps1.py'
[5.631s] INFO:colcon.colcon_core.shell:Creating prefix chain script '/home/robofei/robotis_ws/build/install/setup.ps1'
[5.634s] INFO:colcon.colcon_core.shell:Creating prefix script '/home/robofei/robotis_ws/build/install/local_setup.sh'
[5.636s] INFO:colcon.colcon_core.shell:Creating prefix util module '/home/robofei/robotis_ws/build/install/_local_setup_util_sh.py'
[5.637s] INFO:colcon.colcon_core.shell:Creating prefix chain script '/home/robofei/robotis_ws/build/install/setup.sh'
[5.640s] INFO:colcon.colcon_core.shell:Creating prefix script '/home/robofei/robotis_ws/build/install/local_setup.bash'
[5.649s] INFO:colcon.colcon_core.shell:Creating prefix chain script '/home/robofei/robotis_ws/build/install/setup.bash'
[5.652s] INFO:colcon.colcon_core.shell:Creating prefix script '/home/robofei/robotis_ws/build/install/local_setup.zsh'
[5.668s] INFO:colcon.colcon_core.shell:Creating prefix chain script '/home/robofei/robotis_ws/build/install/setup.zsh'
