[0.383s] Invoking command in '/home/robofei/Downloads/GC/src/controller': PYTHONPATH=/home/robofei/Downloads/GC/install/controller/lib/python3.8/site-packages:${PYTHONPATH} /usr/bin/python3 setup.py egg_info --egg-base ../../build/controller build --build-base /home/robofei/Downloads/GC/build/controller/build install --prefix /home/robofei/Downloads/GC/install/controller --record /home/robofei/Downloads/GC/build/controller/install.log --single-version-externally-managed
[0.924s] running egg_info
[0.925s] writing ../../build/controller/controller.egg-info/PKG-INFO
[0.926s] writing dependency_links to ../../build/controller/controller.egg-info/dependency_links.txt
[0.926s] writing entry points to ../../build/controller/controller.egg-info/entry_points.txt
[0.926s] writing requirements to ../../build/controller/controller.egg-info/requires.txt
[0.926s] writing top-level names to ../../build/controller/controller.egg-info/top_level.txt
[0.976s] reading manifest file '../../build/controller/controller.egg-info/SOURCES.txt'
[0.978s] writing manifest file '../../build/controller/controller.egg-info/SOURCES.txt'
[0.978s] running build
[0.978s] running build_py
[0.978s] running install
[0.979s] running install_lib
[0.982s] running install_data
[0.983s] running install_egg_info
[0.985s] removing '/home/robofei/Downloads/GC/install/controller/lib/python3.8/site-packages/controller-0.0.0-py3.8.egg-info' (and everything under it)
[0.985s] Copying ../../build/controller/controller.egg-info to /home/robofei/Downloads/GC/install/controller/lib/python3.8/site-packages/controller-0.0.0-py3.8.egg-info
[0.987s] running install_scripts
[1.009s] Installing talker script to /home/robofei/Downloads/GC/install/controller/lib/controller
[1.010s] writing list of installed files to '/home/robofei/Downloads/GC/build/controller/install.log'
[1.044s] Invoked command in '/home/robofei/Downloads/GC/src/controller' returned '0': PYTHONPATH=/home/robofei/Downloads/GC/install/controller/lib/python3.8/site-packages:${PYTHONPATH} /usr/bin/python3 setup.py egg_info --egg-base ../../build/controller build --build-base /home/robofei/Downloads/GC/build/controller/build install --prefix /home/robofei/Downloads/GC/install/controller --record /home/robofei/Downloads/GC/build/controller/install.log --single-version-externally-managed
