-- Found ament_cmake: 0.9.9 (/opt/ros/foxy/share/ament_cmake/cmake)
-- Using PYTHON_EXECUTABLE: /usr/bin/python3
-- Override CMake install command with custom implementation using symlinks instead of copying resources
-- Found dynamixel_sdk_custom_interfaces: 3.7.40 (/home/robofei/ROS2/action/install/dynamixel_sdk_custom_interfaces/share/dynamixel_sdk_custom_interfaces/cmake)
-- Using all available rosidl_typesupport_c: rosidl_typesupport_fastrtps_c;rosidl_typesupport_introspection_c
-- Found rosidl_adapter: 1.2.1 (/opt/ros/foxy/share/rosidl_adapter/cmake)
-- Using all available rosidl_typesupport_cpp: rosidl_typesupport_fastrtps_cpp;rosidl_typesupport_introspection_cpp
-- Found rclcpp: 2.4.1 (/opt/ros/foxy/share/rclcpp/cmake)
-- Found rmw_implementation_cmake: 1.0.3 (/opt/ros/foxy/share/rmw_implementation_cmake/cmake)
-- Using RMW implementation 'rmw_fastrtps_cpp' as default
-- Found sensor_msgs: 2.0.5 (/opt/ros/foxy/share/sensor_msgs/cmake)
-- Found ament_lint_auto: 0.9.6 (/opt/ros/foxy/share/ament_lint_auto/cmake)
-- Added test 'copyright' to check source files copyright and LICENSE
-- Added test 'cppcheck' to perform static code analysis on C / C++ code
-- Configured cppcheck include dirs: /home/robofei/ROS2/action/src/control/include;/home/robofei/ROS2/action/src/control/Framework;/home/robofei/ROS2/action/src/control/Linux
-- Configured cppcheck exclude dirs and/or files: 
-- Added test 'cpplint' to check C / C++ code against the Google style
-- Configured cpplint exclude dirs and/or files: 
-- Added test 'flake8' to check Python code syntax and style conventions
-- Added test 'lint_cmake' to check CMake code style
-- Added test 'pep257' to check Python code against some of the style conventions in PEP 257
-- Added test 'uncrustify' to check C / C++ code style
-- Configured uncrustify additional arguments: 
-- Added test 'xmllint' to check XML markup files
-- Configuring done
-- Generating done
-- Build files have been written to: /home/robofei/ROS2/action/build/control
[35m[1mScanning dependencies of target decision[0m
[ 50%] Built target control
[ 75%] [32mBuilding CXX object CMakeFiles/decision.dir/src/dec.cpp.o[0m
[01m[K/home/robofei/ROS2/action/src/control/src/dec.cpp:34:59:[m[K [01;31m[Kerror: [m[K‘[01m[KDecision[m[K’ is not a member of ‘[01m[Kdynamixel_sdk_custom_interfaces::msg[m[K’; did you mean ‘[01m[KDecision[m[K’?
   34 |   rclcpp::Publisher<dynamixel_sdk_custom_interfaces::msg::[01;31m[KDecision[m[K>::SharedPtr publisher_;
      |                                                           [01;31m[K^~~~~~~~[m[K
[01m[K/home/robofei/ROS2/action/src/control/src/dec.cpp:13:7:[m[K [01;36m[Knote: [m[K‘[01m[KDecision[m[K’ declared here
   13 | class [01;36m[KDecision[m[K : public rclcpp::Node
      |       [01;36m[K^~~~~~~~[m[K
[01m[K/home/robofei/ROS2/action/src/control/src/dec.cpp:34:59:[m[K [01;31m[Kerror: [m[K‘[01m[KDecision[m[K’ is not a member of ‘[01m[Kdynamixel_sdk_custom_interfaces::msg[m[K’; did you mean ‘[01m[KDecision[m[K’?
   34 |   rclcpp::Publisher<dynamixel_sdk_custom_interfaces::msg::[01;31m[KDecision[m[K>::SharedPtr publisher_;
      |                                                           [01;31m[K^~~~~~~~[m[K
[01m[K/home/robofei/ROS2/action/src/control/src/dec.cpp:13:7:[m[K [01;36m[Knote: [m[K‘[01m[KDecision[m[K’ declared here
   13 | class [01;36m[KDecision[m[K : public rclcpp::Node
      |       [01;36m[K^~~~~~~~[m[K
[01m[K/home/robofei/ROS2/action/src/control/src/dec.cpp:34:67:[m[K [01;31m[Kerror: [m[Ktemplate argument 1 is invalid
   34 | cpp::Publisher<dynamixel_sdk_custom_interfaces::msg::Decision[01;31m[K>[m[K::SharedPtr publisher_;
      |                                                              [01;31m[K^[m[K

[01m[K/home/robofei/ROS2/action/src/control/src/dec.cpp:34:70:[m[K [01;31m[Kerror: [m[Kexpected ‘[01m[K;[m[K’ at end of member declaration
   34 | ::Publisher<dynamixel_sdk_custom_interfaces::msg::Decision>::[01;31m[KSharedPtr[m[K publisher_;
      |                                                              [01;31m[K^~~~~~~~~[m[K
      |                                                                       [32m[K;[m[K
[01m[K/home/robofei/ROS2/action/src/control/src/dec.cpp:34:80:[m[K [01;31m[Kerror: [m[K‘[01m[Kpublisher_[m[K’ does not name a type; did you mean ‘[01m[Krcl_publisher_t[m[K’?
   34 | her<dynamixel_sdk_custom_interfaces::msg::Decision>::SharedPtr [01;31m[Kpublisher_[m[K;
      |                                                                [01;31m[K^~~~~~~~~~[m[K
      |                                                                [32m[Krcl_publisher_t[m[K
[01m[K/home/robofei/ROS2/action/src/control/src/dec.cpp:[m[K In constructor ‘[01m[KDecision::Decision()[m[K’:
[01m[K/home/robofei/ROS2/action/src/control/src/dec.cpp:20:5:[m[K [01;31m[Kerror: [m[K‘[01m[Kpublisher_[m[K’ was not declared in this scope; did you mean ‘[01m[Krcl_publisher_t[m[K’?
   20 |     [01;31m[Kpublisher_[m[K = this->create_publisher<dynamixel_sdk_custom_interfaces::msg::Decision>("/decision", 10);
      |     [01;31m[K^~~~~~~~~~[m[K
      |     [32m[Krcl_publisher_t[m[K
[01m[K/home/robofei/ROS2/action/src/control/src/dec.cpp:20:79:[m[K [01;31m[Kerror: [m[K‘[01m[KDecision[m[K’ is not a member of ‘[01m[Kdynamixel_sdk_custom_interfaces::msg[m[K’; did you mean ‘[01m[KDecision[m[K’?
   20 | this->create_publisher<dynamixel_sdk_custom_interfaces::msg::[01;31m[KDecision[m[K>("/decision", 10);
      |                                                              [01;31m[K^~~~~~~~[m[K

[01m[K/home/robofei/ROS2/action/src/control/src/dec.cpp:13:7:[m[K [01;36m[Knote: [m[K‘[01m[KDecision[m[K’ declared here
   13 | class [01;36m[KDecision[m[K : public rclcpp::Node
      |       [01;36m[K^~~~~~~~[m[K
[01m[K/home/robofei/ROS2/action/src/control/src/dec.cpp:20:79:[m[K [01;31m[Kerror: [m[K‘[01m[KDecision[m[K’ is not a member of ‘[01m[Kdynamixel_sdk_custom_interfaces::msg[m[K’; did you mean ‘[01m[KDecision[m[K’?
   20 | this->create_publisher<dynamixel_sdk_custom_interfaces::msg::[01;31m[KDecision[m[K>("/decision", 10);
      |                                                              [01;31m[K^~~~~~~~[m[K

[01m[K/home/robofei/ROS2/action/src/control/src/dec.cpp:13:7:[m[K [01;36m[Knote: [m[K‘[01m[KDecision[m[K’ declared here
   13 | class [01;36m[KDecision[m[K : public rclcpp::Node
      |       [01;36m[K^~~~~~~~[m[K
[01m[K/home/robofei/ROS2/action/src/control/src/dec.cpp:20:104:[m[K [01;31m[Kerror: [m[Kno matching function for call to ‘[01m[KDecision::create_publisher<<expression error> >(const char [10], int)[m[K’
   20 | namixel_sdk_custom_interfaces::msg::Decision>("/decision", 10[01;31m[K)[m[K;
      |                                                              [01;31m[K^[m[K

In file included from [01m[K/opt/ros/foxy/include/rclcpp/executors/single_threaded_executor.hpp:28[m[K,
                 from [01m[K/opt/ros/foxy/include/rclcpp/executors.hpp:22[m[K,
                 from [01m[K/opt/ros/foxy/include/rclcpp/rclcpp.hpp:146[m[K,
                 from [01m[K/home/robofei/ROS2/action/src/control/src/dec.cpp:8[m[K:
[01m[K/opt/ros/foxy/include/rclcpp/node.hpp:184:3:[m[K [01;36m[Knote: [m[Kcandidate: ‘[01m[Ktemplate<class MessageT, class AllocatorT, class PublisherT> std::shared_ptr<PublisherT> rclcpp::Node::create_publisher(const string&, const rclcpp::QoS&, const rclcpp::PublisherOptionsWithAllocator<AllocatorT>&)[m[K’
  184 |   [01;36m[Kcreate_publisher[m[K(
      |   [01;36m[K^~~~~~~~~~~~~~~~[m[K
[01m[K/opt/ros/foxy/include/rclcpp/node.hpp:184:3:[m[K [01;36m[Knote: [m[K  template argument deduction/substitution failed:
[01m[K/home/robofei/ROS2/action/src/control/src/dec.cpp:20:104:[m[K [01;31m[Kerror: [m[Ktemplate argument 1 is invalid
   20 | namixel_sdk_custom_interfaces::msg::Decision>("/decision", 10[01;31m[K)[m[K;
      |                                                              [01;31m[K^[m[K

[01m[K/home/robofei/ROS2/action/src/control/src/dec.cpp:22:25:[m[K [01;31m[Kerror: [m[K‘[01m[KMinimalPublisher[m[K’ has not been declared
   22 |       500ms, std::bind(&[01;31m[KMinimalPublisher[m[K::timer_callback, this));
      |                         [01;31m[K^~~~~~~~~~~~~~~~[m[K
[01m[K/home/robofei/ROS2/action/src/control/src/dec.cpp:[m[K In member function ‘[01m[Kvoid Decision::timer_callback()[m[K’:
[01m[K/home/robofei/ROS2/action/src/control/src/dec.cpp:28:58:[m[K [01;31m[Kerror: [m[K‘[01m[KDecision[m[K’ is not a member of ‘[01m[Kdynamixel_sdk_custom_interfaces::msg[m[K’; did you mean ‘[01m[KDecision[m[K’?
   28 |     auto message = dynamixel_sdk_custom_interfaces::msg::[01;31m[KDecision[m[K();
      |                                                          [01;31m[K^~~~~~~~[m[K
[01m[K/home/robofei/ROS2/action/src/control/src/dec.cpp:13:7:[m[K [01;36m[Knote: [m[K‘[01m[KDecision[m[K’ declared here
   13 | class [01;36m[KDecision[m[K : public rclcpp::Node
      |       [01;36m[K^~~~~~~~[m[K
[01m[K/home/robofei/ROS2/action/src/control/src/dec.cpp:30:7:[m[K [01;31m[Kerror: [m[K‘[01m[Kpublisher_[m[K’ was not declared in this scope; did you mean ‘[01m[Krcl_publisher_t[m[K’?
   30 |       [01;31m[Kpublisher_[m[K->publish(message);
      |       [01;31m[K^~~~~~~~~~[m[K
      |       [32m[Krcl_publisher_t[m[K
make[2]: *** [CMakeFiles/decision.dir/build.make:63: CMakeFiles/decision.dir/src/dec.cpp.o] Error 1
make[1]: *** [CMakeFiles/Makefile2:80: CMakeFiles/decision.dir/all] Error 2
make: *** [Makefile:141: all] Error 2
