[0.025s] Invoking command in '/home/robofei/ROS2/decision_pkg/build/messages': CMAKE_PREFIX_PATH=${CMAKE_PREFIX_PATH}:/home/robofei/ROS2/decision_pkg/install/decision_pkg:/opt/ros/foxy /usr/bin/cmake --build /home/robofei/ROS2/decision_pkg/build/messages -- -j4 -l4
[0.099s] [  3%] Built target messages__cpp
[0.110s] [ 12%] Built target messages__rosidl_generator_c
[0.154s] [ 22%] Built target messages__rosidl_typesupport_cpp
[0.163s] [ 32%] Built target messages__rosidl_typesupport_introspection_cpp
[0.178s] [ 41%] Built target messages__rosidl_typesupport_introspection_c
[0.192s] [ 51%] Built target messages__rosidl_typesupport_fastrtps_cpp
[0.198s] [ 61%] Built target messages__rosidl_typesupport_c
[0.251s] [ 70%] Built target messages__rosidl_typesupport_fastrtps_c
[0.276s] [ 70%] Built target messages
[0.303s] [ 74%] Built target messages__py
[0.341s] [ 80%] Built target messages__python
[0.392s] [ 87%] Built target messages__rosidl_typesupport_fastrtps_c__pyext
[0.392s] [ 93%] Built target messages__rosidl_typesupport_introspection_c__pyext
[0.393s] [100%] Built target messages__rosidl_typesupport_c__pyext
[0.406s] Invoked command in '/home/robofei/ROS2/decision_pkg/build/messages' returned '0': CMAKE_PREFIX_PATH=${CMAKE_PREFIX_PATH}:/home/robofei/ROS2/decision_pkg/install/decision_pkg:/opt/ros/foxy /usr/bin/cmake --build /home/robofei/ROS2/decision_pkg/build/messages -- -j4 -l4
[0.470s] Invoking command in '/home/robofei/ROS2/decision_pkg/build/messages': CMAKE_PREFIX_PATH=${CMAKE_PREFIX_PATH}:/home/robofei/ROS2/decision_pkg/install/decision_pkg:/opt/ros/foxy /usr/bin/cmake --install /home/robofei/ROS2/decision_pkg/build/messages
[0.480s] -- Install configuration: ""
[0.481s] -- Execute custom install script
[0.481s] -- Up-to-date symlink: /home/robofei/ROS2/decision_pkg/install/messages/share/ament_index/resource_index/rosidl_interfaces/messages
[0.482s] -- Up-to-date symlink: /home/robofei/ROS2/decision_pkg/install/messages/include/messages/msg/detail/humanoid_league_msgs__functions.h
[0.483s] -- Up-to-date symlink: /home/robofei/ROS2/decision_pkg/install/messages/include/messages/msg/detail/humanoid_league_msgs__struct.h
[0.483s] -- Up-to-date symlink: /home/robofei/ROS2/decision_pkg/install/messages/include/messages/msg/detail/humanoid_league_msgs__type_support.h
[0.483s] -- Up-to-date symlink: /home/robofei/ROS2/decision_pkg/install/messages/include/messages/msg/humanoid_league_msgs.h
[0.484s] -- Up-to-date symlink: /home/robofei/ROS2/decision_pkg/install/messages/include/messages/msg/rosidl_generator_c__visibility_control.h
[0.484s] -- Up-to-date symlink: /home/robofei/ROS2/decision_pkg/install/messages/share/messages/environment/library_path.sh
[0.484s] -- Up-to-date symlink: /home/robofei/ROS2/decision_pkg/install/messages/share/messages/environment/library_path.dsv
[0.485s] -- Up-to-date symlink: /home/robofei/ROS2/decision_pkg/install/messages/include/messages/msg/detail/humanoid_league_msgs__rosidl_typesupport_fastrtps_c.h
[0.486s] -- Up-to-date symlink: /home/robofei/ROS2/decision_pkg/install/messages/include/messages/msg/rosidl_typesupport_fastrtps_c__visibility_control.h
[0.486s] -- Up-to-date symlink: /home/robofei/ROS2/decision_pkg/install/messages/lib/libmessages__rosidl_typesupport_fastrtps_c.so
[0.487s] -- Up-to-date symlink: /home/robofei/ROS2/decision_pkg/install/messages/include/messages/msg/detail/humanoid_league_msgs__rosidl_typesupport_fastrtps_cpp.hpp
[0.488s] -- Up-to-date symlink: /home/robofei/ROS2/decision_pkg/install/messages/include/messages/msg/rosidl_typesupport_fastrtps_cpp__visibility_control.h
[0.488s] -- Up-to-date symlink: /home/robofei/ROS2/decision_pkg/install/messages/lib/libmessages__rosidl_typesupport_fastrtps_cpp.so
[0.489s] -- Up-to-date symlink: /home/robofei/ROS2/decision_pkg/install/messages/include/messages/msg/detail/humanoid_league_msgs__rosidl_typesupport_introspection_c.h
[0.489s] -- Up-to-date symlink: /home/robofei/ROS2/decision_pkg/install/messages/include/messages/msg/rosidl_typesupport_introspection_c__visibility_control.h
[0.491s] -- Up-to-date symlink: /home/robofei/ROS2/decision_pkg/install/messages/include/messages/msg/detail/humanoid_league_msgs__builder.hpp
[0.491s] -- Up-to-date symlink: /home/robofei/ROS2/decision_pkg/install/messages/include/messages/msg/detail/humanoid_league_msgs__struct.hpp
[0.491s] -- Up-to-date symlink: /home/robofei/ROS2/decision_pkg/install/messages/include/messages/msg/detail/humanoid_league_msgs__traits.hpp
[0.491s] -- Up-to-date symlink: /home/robofei/ROS2/decision_pkg/install/messages/include/messages/msg/humanoid_league_msgs.hpp
[0.492s] -- Up-to-date symlink: /home/robofei/ROS2/decision_pkg/install/messages/include/messages/msg/detail/humanoid_league_msgs__rosidl_typesupport_introspection_cpp.hpp
[0.493s] -- Up-to-date symlink: /home/robofei/ROS2/decision_pkg/install/messages/share/messages/environment/pythonpath.sh
[0.493s] -- Up-to-date symlink: /home/robofei/ROS2/decision_pkg/install/messages/share/messages/environment/pythonpath.dsv
[0.493s] -- Up-to-date symlink: /home/robofei/ROS2/decision_pkg/install/messages/lib/python3.8/site-packages/messages/__init__.py
[0.494s] -- Up-to-date symlink: /home/robofei/ROS2/decision_pkg/install/messages/lib/python3.8/site-packages/messages/msg/__init__.py
[0.495s] -- Up-to-date symlink: /home/robofei/ROS2/decision_pkg/install/messages/lib/python3.8/site-packages/messages/msg/_humanoid_league_msgs.py
[0.495s] -- Up-to-date symlink: /home/robofei/ROS2/decision_pkg/install/messages/lib/python3.8/site-packages/messages/messages_s__rosidl_typesupport_fastrtps_c.cpython-38-x86_64-linux-gnu.so
[0.496s] -- Up-to-date symlink: /home/robofei/ROS2/decision_pkg/install/messages/lib/python3.8/site-packages/messages/messages_s__rosidl_typesupport_introspection_c.cpython-38-x86_64-linux-gnu.so
[0.497s] -- Up-to-date symlink: /home/robofei/ROS2/decision_pkg/install/messages/lib/python3.8/site-packages/messages/messages_s__rosidl_typesupport_c.cpython-38-x86_64-linux-gnu.so
[0.497s] -- Up-to-date symlink: /home/robofei/ROS2/decision_pkg/install/messages/lib/libmessages__python.so
[0.497s] -- Up-to-date symlink: /home/robofei/ROS2/decision_pkg/install/messages/share/messages/msg/HumanoidLeagueMsgs.idl
[0.498s] -- Up-to-date symlink: /home/robofei/ROS2/decision_pkg/install/messages/share/messages/msg/HumanoidLeagueMsgs.msg
[0.498s] -- Up-to-date symlink: /home/robofei/ROS2/decision_pkg/install/messages/share/ament_index/resource_index/package_run_dependencies/messages
[0.498s] -- Up-to-date symlink: /home/robofei/ROS2/decision_pkg/install/messages/share/ament_index/resource_index/parent_prefix_path/messages
[0.499s] -- Up-to-date symlink: /home/robofei/ROS2/decision_pkg/install/messages/share/messages/environment/ament_prefix_path.sh
[0.499s] -- Up-to-date symlink: /home/robofei/ROS2/decision_pkg/install/messages/share/messages/environment/ament_prefix_path.dsv
[0.499s] -- Up-to-date symlink: /home/robofei/ROS2/decision_pkg/install/messages/share/messages/environment/path.sh
[0.500s] -- Up-to-date symlink: /home/robofei/ROS2/decision_pkg/install/messages/share/messages/environment/path.dsv
[0.500s] -- Up-to-date symlink: /home/robofei/ROS2/decision_pkg/install/messages/share/messages/local_setup.bash
[0.500s] -- Up-to-date symlink: /home/robofei/ROS2/decision_pkg/install/messages/share/messages/local_setup.sh
[0.501s] -- Up-to-date symlink: /home/robofei/ROS2/decision_pkg/install/messages/share/messages/local_setup.zsh
[0.501s] -- Up-to-date symlink: /home/robofei/ROS2/decision_pkg/install/messages/share/messages/local_setup.dsv
[0.501s] -- Symlinking: /home/robofei/ROS2/decision_pkg/install/messages/share/messages/package.dsv
[0.512s] -- Up-to-date symlink: /home/robofei/ROS2/decision_pkg/install/messages/share/ament_index/resource_index/packages/messages
[0.512s] -- Up-to-date symlink: /home/robofei/ROS2/decision_pkg/install/messages/share/messages/cmake/rosidl_cmake-extras.cmake
[0.512s] -- Up-to-date symlink: /home/robofei/ROS2/decision_pkg/install/messages/share/messages/cmake/ament_cmake_export_dependencies-extras.cmake
[0.513s] -- Up-to-date symlink: /home/robofei/ROS2/decision_pkg/install/messages/share/messages/cmake/ament_cmake_export_libraries-extras.cmake
[0.513s] -- Up-to-date symlink: /home/robofei/ROS2/decision_pkg/install/messages/share/messages/cmake/ament_cmake_export_targets-extras.cmake
[0.513s] -- Up-to-date symlink: /home/robofei/ROS2/decision_pkg/install/messages/share/messages/cmake/ament_cmake_export_include_directories-extras.cmake
[0.514s] -- Up-to-date symlink: /home/robofei/ROS2/decision_pkg/install/messages/share/messages/cmake/rosidl_cmake_export_typesupport_libraries-extras.cmake
[0.514s] -- Up-to-date symlink: /home/robofei/ROS2/decision_pkg/install/messages/share/messages/cmake/rosidl_cmake_export_typesupport_targets-extras.cmake
[0.514s] -- Up-to-date symlink: /home/robofei/ROS2/decision_pkg/install/messages/share/messages/cmake/messagesConfig.cmake
[0.514s] -- Up-to-date symlink: /home/robofei/ROS2/decision_pkg/install/messages/share/messages/cmake/messagesConfig-version.cmake
[0.515s] -- Up-to-date symlink: /home/robofei/ROS2/decision_pkg/install/messages/share/messages/package.xml
[0.515s] -- Up-to-date: /home/robofei/ROS2/decision_pkg/install/messages/lib/libmessages__rosidl_generator_c.so
[0.516s] -- Up-to-date: /home/robofei/ROS2/decision_pkg/install/messages/lib/libmessages__rosidl_typesupport_introspection_c.so
[0.516s] -- Up-to-date: /home/robofei/ROS2/decision_pkg/install/messages/lib/libmessages__rosidl_typesupport_c.so
[0.517s] -- Up-to-date: /home/robofei/ROS2/decision_pkg/install/messages/lib/libmessages__rosidl_typesupport_introspection_cpp.so
[0.517s] -- Up-to-date: /home/robofei/ROS2/decision_pkg/install/messages/lib/libmessages__rosidl_typesupport_cpp.so
[0.557s] -- Up-to-date: /home/robofei/ROS2/decision_pkg/install/messages/share/messages/cmake/messages__rosidl_generator_cExport.cmake
[0.557s] -- Up-to-date: /home/robofei/ROS2/decision_pkg/install/messages/share/messages/cmake/messages__rosidl_generator_cExport-noconfig.cmake
[0.558s] -- Up-to-date: /home/robofei/ROS2/decision_pkg/install/messages/share/messages/cmake/messages__rosidl_typesupport_introspection_cExport.cmake
[0.558s] -- Up-to-date: /home/robofei/ROS2/decision_pkg/install/messages/share/messages/cmake/messages__rosidl_typesupport_introspection_cExport-noconfig.cmake
[0.558s] -- Up-to-date: /home/robofei/ROS2/decision_pkg/install/messages/share/messages/cmake/messages__rosidl_typesupport_cExport.cmake
[0.558s] -- Up-to-date: /home/robofei/ROS2/decision_pkg/install/messages/share/messages/cmake/messages__rosidl_typesupport_cExport-noconfig.cmake
[0.558s] -- Up-to-date: /home/robofei/ROS2/decision_pkg/install/messages/share/messages/cmake/messages__rosidl_generator_cppExport.cmake
[0.559s] -- Up-to-date: /home/robofei/ROS2/decision_pkg/install/messages/share/messages/cmake/messages__rosidl_typesupport_introspection_cppExport.cmake
[0.559s] -- Up-to-date: /home/robofei/ROS2/decision_pkg/install/messages/share/messages/cmake/messages__rosidl_typesupport_introspection_cppExport-noconfig.cmake
[0.560s] -- Up-to-date: /home/robofei/ROS2/decision_pkg/install/messages/share/messages/cmake/messages__rosidl_typesupport_cppExport.cmake
[0.560s] -- Up-to-date: /home/robofei/ROS2/decision_pkg/install/messages/share/messages/cmake/messages__rosidl_typesupport_cppExport-noconfig.cmake
[0.582s] Invoked command in '/home/robofei/ROS2/decision_pkg/build/messages' returned '0': CMAKE_PREFIX_PATH=${CMAKE_PREFIX_PATH}:/home/robofei/ROS2/decision_pkg/install/decision_pkg:/opt/ros/foxy /usr/bin/cmake --install /home/robofei/ROS2/decision_pkg/build/messages
