[0.769s] Invoking command in '/home/amd/Downloads/GC/src/controller': PYTHONPATH=/home/amd/Downloads/GC/install/controller/lib/python3.8/site-packages:${PYTHONPATH} /usr/bin/python3 setup.py egg_info --egg-base ../../build/controller build --build-base /home/amd/Downloads/GC/build/controller/build install --prefix /home/amd/Downloads/GC/install/controller --record /home/amd/Downloads/GC/build/controller/install.log --single-version-externally-managed
[1.906s] running egg_info
[1.910s] writing ../../build/controller/controller.egg-info/PKG-INFO
[1.911s] writing dependency_links to ../../build/controller/controller.egg-info/dependency_links.txt
[1.911s] writing entry points to ../../build/controller/controller.egg-info/entry_points.txt
[1.914s] writing requirements to ../../build/controller/controller.egg-info/requires.txt
[1.915s] writing top-level names to ../../build/controller/controller.egg-info/top_level.txt
[2.090s] reading manifest file '../../build/controller/controller.egg-info/SOURCES.txt'
[2.098s] writing manifest file '../../build/controller/controller.egg-info/SOURCES.txt'
[2.098s] running build
[2.098s] running build_py
[2.098s] copying controller/receiver.py -> /home/amd/Downloads/GC/build/controller/build/lib/controller
[2.098s] running install
[2.101s] running install_lib
[2.106s] copying /home/amd/Downloads/GC/build/controller/build/lib/controller/receiver.py -> /home/amd/Downloads/GC/install/controller/lib/python3.8/site-packages/controller
[2.113s] byte-compiling /home/amd/Downloads/GC/install/controller/lib/python3.8/site-packages/controller/receiver.py to receiver.cpython-38.pyc
[2.123s] running install_data
[2.124s] running install_egg_info
[2.133s] removing '/home/amd/Downloads/GC/install/controller/lib/python3.8/site-packages/controller-0.0.0-py3.8.egg-info' (and everything under it)
[2.137s] Copying ../../build/controller/controller.egg-info to /home/amd/Downloads/GC/install/controller/lib/python3.8/site-packages/controller-0.0.0-py3.8.egg-info
[2.140s] running install_scripts
[2.215s] Installing talker script to /home/amd/Downloads/GC/install/controller/lib/controller
[2.215s] writing list of installed files to '/home/amd/Downloads/GC/build/controller/install.log'
[2.330s] Invoked command in '/home/amd/Downloads/GC/src/controller' returned '0': PYTHONPATH=/home/amd/Downloads/GC/install/controller/lib/python3.8/site-packages:${PYTHONPATH} /usr/bin/python3 setup.py egg_info --egg-base ../../build/controller build --build-base /home/amd/Downloads/GC/build/controller/build install --prefix /home/amd/Downloads/GC/install/controller --record /home/amd/Downloads/GC/build/controller/install.log --single-version-externally-managed
