[0.295s] Invoking command in '/home/robofei/robotis_ws/build/dynamixel_sdk': CMAKE_PREFIX_PATH=/opt/ros/foxy /usr/bin/cmake /home/robofei/robotis_ws/src/DynamixelSDK/dynamixel_sdk -DCMAKE_INSTALL_PREFIX=/home/robofei/robotis_ws/install/dynamixel_sdk
[1.092s] -- Found ament_cmake: 0.9.9 (/opt/ros/foxy/share/ament_cmake/cmake)
[1.339s] -- Using PYTHON_EXECUTABLE: /usr/bin/python3
[1.882s] -- Override CMake install command with custom implementation using symlinks instead of copying resources
[3.505s] -- Configuring done
[4.419s] -- Generating done
[4.425s] -- Build files have been written to: /home/robofei/robotis_ws/build/dynamixel_sdk
[4.660s] Invoked command in '/home/robofei/robotis_ws/build/dynamixel_sdk' returned '0': CMAKE_PREFIX_PATH=/opt/ros/foxy /usr/bin/cmake /home/robofei/robotis_ws/src/DynamixelSDK/dynamixel_sdk -DCMAKE_INSTALL_PREFIX=/home/robofei/robotis_ws/install/dynamixel_sdk
[4.676s] Invoking command in '/home/robofei/robotis_ws/build/dynamixel_sdk': CMAKE_PREFIX_PATH=/opt/ros/foxy /usr/bin/cmake --build /home/robofei/robotis_ws/build/dynamixel_sdk -- -j4 -l4
[5.011s] [100%] Built target dynamixel_sdk
[5.027s] Invoked command in '/home/robofei/robotis_ws/build/dynamixel_sdk' returned '0': CMAKE_PREFIX_PATH=/opt/ros/foxy /usr/bin/cmake --build /home/robofei/robotis_ws/build/dynamixel_sdk -- -j4 -l4
[5.078s] Invoking command in '/home/robofei/robotis_ws/build/dynamixel_sdk': CMAKE_PREFIX_PATH=/opt/ros/foxy /usr/bin/cmake --install /home/robofei/robotis_ws/build/dynamixel_sdk
[5.090s] -- Install configuration: ""
[5.091s] -- Execute custom install script
[5.116s] -- Up-to-date symlink: /home/robofei/robotis_ws/install/dynamixel_sdk/include//dynamixel_sdk/dynamixel_sdk.h
[5.149s] -- Up-to-date symlink: /home/robofei/robotis_ws/install/dynamixel_sdk/include//dynamixel_sdk/group_bulk_read.h
[5.149s] -- Up-to-date symlink: /home/robofei/robotis_ws/install/dynamixel_sdk/include//dynamixel_sdk/group_bulk_write.h
[5.150s] -- Up-to-date symlink: /home/robofei/robotis_ws/install/dynamixel_sdk/include//dynamixel_sdk/group_sync_read.h
[5.183s] -- Up-to-date symlink: /home/robofei/robotis_ws/install/dynamixel_sdk/include//dynamixel_sdk/group_sync_write.h
[5.185s] -- Up-to-date symlink: /home/robofei/robotis_ws/install/dynamixel_sdk/include//dynamixel_sdk/packet_handler.h
[5.187s] -- Up-to-date symlink: /home/robofei/robotis_ws/install/dynamixel_sdk/include//dynamixel_sdk/port_handler.h
[5.189s] -- Up-to-date symlink: /home/robofei/robotis_ws/install/dynamixel_sdk/include//dynamixel_sdk/port_handler_arduino.h
[5.216s] -- Up-to-date symlink: /home/robofei/robotis_ws/install/dynamixel_sdk/include//dynamixel_sdk/port_handler_linux.h
[5.218s] -- Up-to-date symlink: /home/robofei/robotis_ws/install/dynamixel_sdk/include//dynamixel_sdk/port_handler_mac.h
[5.219s] -- Up-to-date symlink: /home/robofei/robotis_ws/install/dynamixel_sdk/include//dynamixel_sdk/port_handler_windows.h
[5.239s] -- Up-to-date symlink: /home/robofei/robotis_ws/install/dynamixel_sdk/include//dynamixel_sdk/protocol1_packet_handler.h
[5.240s] -- Up-to-date symlink: /home/robofei/robotis_ws/install/dynamixel_sdk/include//dynamixel_sdk/protocol2_packet_handler.h
[5.272s] -- Up-to-date symlink: /home/robofei/robotis_ws/install/dynamixel_sdk/lib/libdynamixel_sdk.so
[5.305s] -- Up-to-date symlink: /home/robofei/robotis_ws/install/dynamixel_sdk/share/dynamixel_sdk/environment/library_path.sh
[5.308s] -- Up-to-date symlink: /home/robofei/robotis_ws/install/dynamixel_sdk/share/dynamixel_sdk/environment/library_path.dsv
[5.339s] -- Up-to-date symlink: /home/robofei/robotis_ws/install/dynamixel_sdk/share/ament_index/resource_index/package_run_dependencies/dynamixel_sdk
[5.373s] -- Up-to-date symlink: /home/robofei/robotis_ws/install/dynamixel_sdk/share/ament_index/resource_index/parent_prefix_path/dynamixel_sdk
[5.375s] -- Up-to-date symlink: /home/robofei/robotis_ws/install/dynamixel_sdk/share/dynamixel_sdk/environment/ament_prefix_path.sh
[5.377s] -- Up-to-date symlink: /home/robofei/robotis_ws/install/dynamixel_sdk/share/dynamixel_sdk/environment/ament_prefix_path.dsv
[5.406s] -- Up-to-date symlink: /home/robofei/robotis_ws/install/dynamixel_sdk/share/dynamixel_sdk/environment/path.sh
[5.407s] -- Up-to-date symlink: /home/robofei/robotis_ws/install/dynamixel_sdk/share/dynamixel_sdk/environment/path.dsv
[5.409s] -- Up-to-date symlink: /home/robofei/robotis_ws/install/dynamixel_sdk/share/dynamixel_sdk/local_setup.bash
[5.410s] -- Up-to-date symlink: /home/robofei/robotis_ws/install/dynamixel_sdk/share/dynamixel_sdk/local_setup.sh
[5.411s] -- Up-to-date symlink: /home/robofei/robotis_ws/install/dynamixel_sdk/share/dynamixel_sdk/local_setup.zsh
[5.412s] -- Up-to-date symlink: /home/robofei/robotis_ws/install/dynamixel_sdk/share/dynamixel_sdk/local_setup.dsv
[5.413s] -- Symlinking: /home/robofei/robotis_ws/install/dynamixel_sdk/share/dynamixel_sdk/package.dsv
[5.456s] -- Up-to-date symlink: /home/robofei/robotis_ws/install/dynamixel_sdk/share/ament_index/resource_index/packages/dynamixel_sdk
[5.457s] -- Up-to-date symlink: /home/robofei/robotis_ws/install/dynamixel_sdk/share/dynamixel_sdk/cmake/ament_cmake_export_include_directories-extras.cmake
[5.458s] -- Up-to-date symlink: /home/robofei/robotis_ws/install/dynamixel_sdk/share/dynamixel_sdk/cmake/ament_cmake_export_libraries-extras.cmake
[5.458s] -- Up-to-date symlink: /home/robofei/robotis_ws/install/dynamixel_sdk/share/dynamixel_sdk/cmake/dynamixel_sdkConfig.cmake
[5.459s] -- Up-to-date symlink: /home/robofei/robotis_ws/install/dynamixel_sdk/share/dynamixel_sdk/cmake/dynamixel_sdkConfig-version.cmake
[5.459s] -- Up-to-date symlink: /home/robofei/robotis_ws/install/dynamixel_sdk/share/dynamixel_sdk/package.xml
[5.464s] Invoked command in '/home/robofei/robotis_ws/build/dynamixel_sdk' returned '0': CMAKE_PREFIX_PATH=/opt/ros/foxy /usr/bin/cmake --install /home/robofei/robotis_ws/build/dynamixel_sdk
