[0.017s] Invoking command in '/home/robofei/ROS2/action/build/custom_interfaces': CMAKE_PREFIX_PATH=/opt/ros/foxy /usr/bin/cmake --build /home/robofei/ROS2/action/build/custom_interfaces -- -j4 -l4
[0.075s] [  2%] Built target custom_interfaces__cpp
[0.075s] [ 12%] Built target custom_interfaces__rosidl_generator_c
[0.109s] [ 23%] Built target custom_interfaces__rosidl_typesupport_cpp
[0.114s] [ 34%] Built target custom_interfaces__rosidl_typesupport_c
[0.118s] [ 44%] Built target custom_interfaces__rosidl_typesupport_introspection_cpp
[0.120s] [ 55%] Built target custom_interfaces__rosidl_typesupport_fastrtps_cpp
[0.139s] [ 65%] Built target custom_interfaces__rosidl_typesupport_introspection_c
[0.151s] [ 76%] Built target custom_interfaces__rosidl_typesupport_fastrtps_c
[0.174s] [ 76%] Built target custom_interfaces
[0.197s] [ 78%] Built target custom_interfaces__py
[0.227s] [ 87%] Built target custom_interfaces__python
[0.259s] [ 91%] Built target custom_interfaces__rosidl_typesupport_fastrtps_c__pyext
[0.266s] [100%] Built target custom_interfaces__rosidl_typesupport_c__pyext
[0.267s] [100%] Built target custom_interfaces__rosidl_typesupport_introspection_c__pyext
[0.279s] Invoked command in '/home/robofei/ROS2/action/build/custom_interfaces' returned '0': CMAKE_PREFIX_PATH=/opt/ros/foxy /usr/bin/cmake --build /home/robofei/ROS2/action/build/custom_interfaces -- -j4 -l4
[0.377s] Invoking command in '/home/robofei/ROS2/action/build/custom_interfaces': CMAKE_PREFIX_PATH=/opt/ros/foxy /usr/bin/cmake --install /home/robofei/ROS2/action/build/custom_interfaces
[0.387s] -- Install configuration: ""
[0.387s] -- Execute custom install script
[0.388s] -- Up-to-date symlink: /home/robofei/ROS2/action/install/custom_interfaces/share/ament_index/resource_index/rosidl_interfaces/custom_interfaces
[0.389s] -- Up-to-date symlink: /home/robofei/ROS2/action/install/custom_interfaces/include/custom_interfaces/msg/detail/set_position__functions.h
[0.389s] -- Up-to-date symlink: /home/robofei/ROS2/action/install/custom_interfaces/include/custom_interfaces/msg/detail/set_position__struct.h
[0.389s] -- Up-to-date symlink: /home/robofei/ROS2/action/install/custom_interfaces/include/custom_interfaces/msg/detail/set_position__type_support.h
[0.389s] -- Up-to-date symlink: /home/robofei/ROS2/action/install/custom_interfaces/include/custom_interfaces/msg/detail/set_position_sync__functions.h
[0.389s] -- Up-to-date symlink: /home/robofei/ROS2/action/install/custom_interfaces/include/custom_interfaces/msg/detail/set_position_sync__struct.h
[0.390s] -- Up-to-date symlink: /home/robofei/ROS2/action/install/custom_interfaces/include/custom_interfaces/msg/detail/set_position_sync__type_support.h
[0.390s] -- Up-to-date symlink: /home/robofei/ROS2/action/install/custom_interfaces/include/custom_interfaces/msg/rosidl_generator_c__visibility_control.h
[0.390s] -- Up-to-date symlink: /home/robofei/ROS2/action/install/custom_interfaces/include/custom_interfaces/msg/set_position.h
[0.390s] -- Up-to-date symlink: /home/robofei/ROS2/action/install/custom_interfaces/include/custom_interfaces/msg/set_position_sync.h
[0.391s] -- Up-to-date symlink: /home/robofei/ROS2/action/install/custom_interfaces/include/custom_interfaces/srv/detail/get_position__functions.h
[0.391s] -- Up-to-date symlink: /home/robofei/ROS2/action/install/custom_interfaces/include/custom_interfaces/srv/detail/get_position__struct.h
[0.391s] -- Up-to-date symlink: /home/robofei/ROS2/action/install/custom_interfaces/include/custom_interfaces/srv/detail/get_position__type_support.h
[0.392s] -- Up-to-date symlink: /home/robofei/ROS2/action/install/custom_interfaces/include/custom_interfaces/srv/get_position.h
[0.392s] -- Up-to-date symlink: /home/robofei/ROS2/action/install/custom_interfaces/share/custom_interfaces/environment/library_path.sh
[0.393s] -- Up-to-date symlink: /home/robofei/ROS2/action/install/custom_interfaces/share/custom_interfaces/environment/library_path.dsv
[0.393s] -- Up-to-date symlink: /home/robofei/ROS2/action/install/custom_interfaces/include/custom_interfaces/msg/detail/set_position__rosidl_typesupport_fastrtps_c.h
[0.394s] -- Up-to-date symlink: /home/robofei/ROS2/action/install/custom_interfaces/include/custom_interfaces/msg/detail/set_position_sync__rosidl_typesupport_fastrtps_c.h
[0.394s] -- Up-to-date symlink: /home/robofei/ROS2/action/install/custom_interfaces/include/custom_interfaces/msg/rosidl_typesupport_fastrtps_c__visibility_control.h
[0.394s] -- Up-to-date symlink: /home/robofei/ROS2/action/install/custom_interfaces/include/custom_interfaces/srv/detail/get_position__rosidl_typesupport_fastrtps_c.h
[0.395s] -- Up-to-date symlink: /home/robofei/ROS2/action/install/custom_interfaces/lib/libcustom_interfaces__rosidl_typesupport_fastrtps_c.so
[0.396s] -- Up-to-date symlink: /home/robofei/ROS2/action/install/custom_interfaces/include/custom_interfaces/msg/detail/set_position__rosidl_typesupport_fastrtps_cpp.hpp
[0.396s] -- Up-to-date symlink: /home/robofei/ROS2/action/install/custom_interfaces/include/custom_interfaces/msg/detail/set_position_sync__rosidl_typesupport_fastrtps_cpp.hpp
[0.396s] -- Up-to-date symlink: /home/robofei/ROS2/action/install/custom_interfaces/include/custom_interfaces/msg/rosidl_typesupport_fastrtps_cpp__visibility_control.h
[0.397s] -- Up-to-date symlink: /home/robofei/ROS2/action/install/custom_interfaces/include/custom_interfaces/srv/detail/get_position__rosidl_typesupport_fastrtps_cpp.hpp
[0.397s] -- Up-to-date symlink: /home/robofei/ROS2/action/install/custom_interfaces/lib/libcustom_interfaces__rosidl_typesupport_fastrtps_cpp.so
[0.398s] -- Up-to-date symlink: /home/robofei/ROS2/action/install/custom_interfaces/include/custom_interfaces/msg/detail/set_position__rosidl_typesupport_introspection_c.h
[0.398s] -- Up-to-date symlink: /home/robofei/ROS2/action/install/custom_interfaces/include/custom_interfaces/msg/detail/set_position_sync__rosidl_typesupport_introspection_c.h
[0.399s] -- Up-to-date symlink: /home/robofei/ROS2/action/install/custom_interfaces/include/custom_interfaces/msg/rosidl_typesupport_introspection_c__visibility_control.h
[0.399s] -- Up-to-date symlink: /home/robofei/ROS2/action/install/custom_interfaces/include/custom_interfaces/srv/detail/get_position__rosidl_typesupport_introspection_c.h
[0.400s] -- Up-to-date symlink: /home/robofei/ROS2/action/install/custom_interfaces/include/custom_interfaces/msg/detail/set_position__builder.hpp
[0.400s] -- Up-to-date symlink: /home/robofei/ROS2/action/install/custom_interfaces/include/custom_interfaces/msg/detail/set_position__struct.hpp
[0.400s] -- Up-to-date symlink: /home/robofei/ROS2/action/install/custom_interfaces/include/custom_interfaces/msg/detail/set_position__traits.hpp
[0.400s] -- Up-to-date symlink: /home/robofei/ROS2/action/install/custom_interfaces/include/custom_interfaces/msg/detail/set_position_sync__builder.hpp
[0.401s] -- Up-to-date symlink: /home/robofei/ROS2/action/install/custom_interfaces/include/custom_interfaces/msg/detail/set_position_sync__struct.hpp
[0.401s] -- Up-to-date symlink: /home/robofei/ROS2/action/install/custom_interfaces/include/custom_interfaces/msg/detail/set_position_sync__traits.hpp
[0.401s] -- Up-to-date symlink: /home/robofei/ROS2/action/install/custom_interfaces/include/custom_interfaces/msg/set_position.hpp
[0.401s] -- Up-to-date symlink: /home/robofei/ROS2/action/install/custom_interfaces/include/custom_interfaces/msg/set_position_sync.hpp
[0.402s] -- Up-to-date symlink: /home/robofei/ROS2/action/install/custom_interfaces/include/custom_interfaces/srv/detail/get_position__builder.hpp
[0.402s] -- Up-to-date symlink: /home/robofei/ROS2/action/install/custom_interfaces/include/custom_interfaces/srv/detail/get_position__struct.hpp
[0.402s] -- Up-to-date symlink: /home/robofei/ROS2/action/install/custom_interfaces/include/custom_interfaces/srv/detail/get_position__traits.hpp
[0.402s] -- Up-to-date symlink: /home/robofei/ROS2/action/install/custom_interfaces/include/custom_interfaces/srv/get_position.hpp
[0.403s] -- Up-to-date symlink: /home/robofei/ROS2/action/install/custom_interfaces/include/custom_interfaces/msg/detail/set_position__rosidl_typesupport_introspection_cpp.hpp
[0.403s] -- Up-to-date symlink: /home/robofei/ROS2/action/install/custom_interfaces/include/custom_interfaces/msg/detail/set_position_sync__rosidl_typesupport_introspection_cpp.hpp
[0.404s] -- Up-to-date symlink: /home/robofei/ROS2/action/install/custom_interfaces/include/custom_interfaces/srv/detail/get_position__rosidl_typesupport_introspection_cpp.hpp
[0.404s] -- Up-to-date symlink: /home/robofei/ROS2/action/install/custom_interfaces/share/custom_interfaces/environment/pythonpath.sh
[0.405s] -- Up-to-date symlink: /home/robofei/ROS2/action/install/custom_interfaces/share/custom_interfaces/environment/pythonpath.dsv
[0.405s] -- Up-to-date symlink: /home/robofei/ROS2/action/install/custom_interfaces/lib/python3.8/site-packages/custom_interfaces/__init__.py
[0.405s] -- Up-to-date symlink: /home/robofei/ROS2/action/install/custom_interfaces/lib/python3.8/site-packages/custom_interfaces/msg/__init__.py
[0.406s] -- Up-to-date symlink: /home/robofei/ROS2/action/install/custom_interfaces/lib/python3.8/site-packages/custom_interfaces/msg/_set_position.py
[0.406s] -- Up-to-date symlink: /home/robofei/ROS2/action/install/custom_interfaces/lib/python3.8/site-packages/custom_interfaces/msg/_set_position_sync.py
[0.406s] -- Up-to-date symlink: /home/robofei/ROS2/action/install/custom_interfaces/lib/python3.8/site-packages/custom_interfaces/srv/__init__.py
[0.407s] -- Up-to-date symlink: /home/robofei/ROS2/action/install/custom_interfaces/lib/python3.8/site-packages/custom_interfaces/srv/_get_position.py
[0.407s] -- Up-to-date symlink: /home/robofei/ROS2/action/install/custom_interfaces/lib/python3.8/site-packages/custom_interfaces/custom_interfaces_s__rosidl_typesupport_fastrtps_c.cpython-38-x86_64-linux-gnu.so
[0.408s] -- Up-to-date symlink: /home/robofei/ROS2/action/install/custom_interfaces/lib/python3.8/site-packages/custom_interfaces/custom_interfaces_s__rosidl_typesupport_introspection_c.cpython-38-x86_64-linux-gnu.so
[0.408s] -- Up-to-date symlink: /home/robofei/ROS2/action/install/custom_interfaces/lib/python3.8/site-packages/custom_interfaces/custom_interfaces_s__rosidl_typesupport_c.cpython-38-x86_64-linux-gnu.so
[0.409s] -- Up-to-date symlink: /home/robofei/ROS2/action/install/custom_interfaces/lib/libcustom_interfaces__python.so
[0.409s] -- Up-to-date symlink: /home/robofei/ROS2/action/install/custom_interfaces/share/custom_interfaces/msg/SetPosition.idl
[0.410s] -- Up-to-date symlink: /home/robofei/ROS2/action/install/custom_interfaces/share/custom_interfaces/msg/SetPositionSync.idl
[0.410s] -- Up-to-date symlink: /home/robofei/ROS2/action/install/custom_interfaces/share/custom_interfaces/srv/GetPosition.idl
[0.410s] -- Up-to-date symlink: /home/robofei/ROS2/action/install/custom_interfaces/share/custom_interfaces/msg/SetPosition.msg
[0.411s] -- Up-to-date symlink: /home/robofei/ROS2/action/install/custom_interfaces/share/custom_interfaces/msg/SetPositionSync.msg
[0.411s] -- Up-to-date symlink: /home/robofei/ROS2/action/install/custom_interfaces/share/custom_interfaces/srv/GetPosition.srv
[0.412s] -- Up-to-date symlink: /home/robofei/ROS2/action/install/custom_interfaces/share/custom_interfaces/srv/GetPosition_Request.msg
[0.412s] -- Up-to-date symlink: /home/robofei/ROS2/action/install/custom_interfaces/share/custom_interfaces/srv/GetPosition_Response.msg
[0.412s] -- Up-to-date symlink: /home/robofei/ROS2/action/install/custom_interfaces/share/ament_index/resource_index/package_run_dependencies/custom_interfaces
[0.413s] -- Up-to-date symlink: /home/robofei/ROS2/action/install/custom_interfaces/share/ament_index/resource_index/parent_prefix_path/custom_interfaces
[0.413s] -- Up-to-date symlink: /home/robofei/ROS2/action/install/custom_interfaces/share/custom_interfaces/environment/ament_prefix_path.sh
[0.414s] -- Up-to-date symlink: /home/robofei/ROS2/action/install/custom_interfaces/share/custom_interfaces/environment/ament_prefix_path.dsv
[0.414s] -- Up-to-date symlink: /home/robofei/ROS2/action/install/custom_interfaces/share/custom_interfaces/environment/path.sh
[0.414s] -- Up-to-date symlink: /home/robofei/ROS2/action/install/custom_interfaces/share/custom_interfaces/environment/path.dsv
[0.415s] -- Up-to-date symlink: /home/robofei/ROS2/action/install/custom_interfaces/share/custom_interfaces/local_setup.bash
[0.415s] -- Up-to-date symlink: /home/robofei/ROS2/action/install/custom_interfaces/share/custom_interfaces/local_setup.sh
[0.416s] -- Up-to-date symlink: /home/robofei/ROS2/action/install/custom_interfaces/share/custom_interfaces/local_setup.zsh
[0.416s] -- Up-to-date symlink: /home/robofei/ROS2/action/install/custom_interfaces/share/custom_interfaces/local_setup.dsv
[0.417s] -- Symlinking: /home/robofei/ROS2/action/install/custom_interfaces/share/custom_interfaces/package.dsv
[0.427s] -- Up-to-date symlink: /home/robofei/ROS2/action/install/custom_interfaces/share/ament_index/resource_index/packages/custom_interfaces
[0.427s] -- Up-to-date symlink: /home/robofei/ROS2/action/install/custom_interfaces/share/custom_interfaces/cmake/rosidl_cmake-extras.cmake
[0.428s] -- Up-to-date symlink: /home/robofei/ROS2/action/install/custom_interfaces/share/custom_interfaces/cmake/ament_cmake_export_dependencies-extras.cmake
[0.428s] -- Up-to-date symlink: /home/robofei/ROS2/action/install/custom_interfaces/share/custom_interfaces/cmake/ament_cmake_export_libraries-extras.cmake
[0.428s] -- Up-to-date symlink: /home/robofei/ROS2/action/install/custom_interfaces/share/custom_interfaces/cmake/ament_cmake_export_targets-extras.cmake
[0.429s] -- Up-to-date symlink: /home/robofei/ROS2/action/install/custom_interfaces/share/custom_interfaces/cmake/ament_cmake_export_include_directories-extras.cmake
[0.429s] -- Up-to-date symlink: /home/robofei/ROS2/action/install/custom_interfaces/share/custom_interfaces/cmake/rosidl_cmake_export_typesupport_libraries-extras.cmake
[0.429s] -- Up-to-date symlink: /home/robofei/ROS2/action/install/custom_interfaces/share/custom_interfaces/cmake/rosidl_cmake_export_typesupport_targets-extras.cmake
[0.430s] -- Up-to-date symlink: /home/robofei/ROS2/action/install/custom_interfaces/share/custom_interfaces/cmake/custom_interfacesConfig.cmake
[0.430s] -- Up-to-date symlink: /home/robofei/ROS2/action/install/custom_interfaces/share/custom_interfaces/cmake/custom_interfacesConfig-version.cmake
[0.430s] -- Up-to-date symlink: /home/robofei/ROS2/action/install/custom_interfaces/share/custom_interfaces/package.xml
[0.430s] -- Up-to-date: /home/robofei/ROS2/action/install/custom_interfaces/lib/libcustom_interfaces__rosidl_generator_c.so
[0.431s] -- Up-to-date: /home/robofei/ROS2/action/install/custom_interfaces/lib/libcustom_interfaces__rosidl_typesupport_introspection_c.so
[0.432s] -- Up-to-date: /home/robofei/ROS2/action/install/custom_interfaces/lib/libcustom_interfaces__rosidl_typesupport_c.so
[0.432s] -- Up-to-date: /home/robofei/ROS2/action/install/custom_interfaces/lib/libcustom_interfaces__rosidl_typesupport_introspection_cpp.so
[0.433s] -- Up-to-date: /home/robofei/ROS2/action/install/custom_interfaces/lib/libcustom_interfaces__rosidl_typesupport_cpp.so
[0.470s] -- Up-to-date: /home/robofei/ROS2/action/install/custom_interfaces/share/custom_interfaces/cmake/custom_interfaces__rosidl_generator_cExport.cmake
[0.470s] -- Up-to-date: /home/robofei/ROS2/action/install/custom_interfaces/share/custom_interfaces/cmake/custom_interfaces__rosidl_generator_cExport-noconfig.cmake
[0.470s] -- Up-to-date: /home/robofei/ROS2/action/install/custom_interfaces/share/custom_interfaces/cmake/custom_interfaces__rosidl_typesupport_introspection_cExport.cmake
[0.470s] -- Up-to-date: /home/robofei/ROS2/action/install/custom_interfaces/share/custom_interfaces/cmake/custom_interfaces__rosidl_typesupport_introspection_cExport-noconfig.cmake
[0.470s] -- Up-to-date: /home/robofei/ROS2/action/install/custom_interfaces/share/custom_interfaces/cmake/custom_interfaces__rosidl_typesupport_cExport.cmake
[0.470s] -- Up-to-date: /home/robofei/ROS2/action/install/custom_interfaces/share/custom_interfaces/cmake/custom_interfaces__rosidl_typesupport_cExport-noconfig.cmake
[0.471s] -- Up-to-date: /home/robofei/ROS2/action/install/custom_interfaces/share/custom_interfaces/cmake/custom_interfaces__rosidl_generator_cppExport.cmake
[0.471s] -- Up-to-date: /home/robofei/ROS2/action/install/custom_interfaces/share/custom_interfaces/cmake/custom_interfaces__rosidl_typesupport_introspection_cppExport.cmake
[0.471s] -- Up-to-date: /home/robofei/ROS2/action/install/custom_interfaces/share/custom_interfaces/cmake/custom_interfaces__rosidl_typesupport_introspection_cppExport-noconfig.cmake
[0.471s] -- Up-to-date: /home/robofei/ROS2/action/install/custom_interfaces/share/custom_interfaces/cmake/custom_interfaces__rosidl_typesupport_cppExport.cmake
[0.471s] -- Up-to-date: /home/robofei/ROS2/action/install/custom_interfaces/share/custom_interfaces/cmake/custom_interfaces__rosidl_typesupport_cppExport-noconfig.cmake
[0.474s] Invoked command in '/home/robofei/ROS2/action/build/custom_interfaces' returned '0': CMAKE_PREFIX_PATH=/opt/ros/foxy /usr/bin/cmake --install /home/robofei/ROS2/action/build/custom_interfaces
