[1.256s] Invoking command in '/home/robofei/ROS2/build/vision_pkg': PYTHONPATH=/home/robofei/ROS2/install/vision_pkg/lib/python3.8/site-packages:${PYTHONPATH} /usr/bin/python3 setup.py develop --prefix /home/robofei/ROS2/install/vision_pkg --editable --build-directory /home/robofei/ROS2/build/vision_pkg/build --no-deps install_data --install-dir /home/robofei/ROS2/install/vision_pkg
[1.856s] running develop
[2.098s] running egg_info
[2.099s] creating vision_pkg.egg-info
[2.100s] writing vision_pkg.egg-info/PKG-INFO
[2.100s] writing dependency_links to vision_pkg.egg-info/dependency_links.txt
[2.100s] writing entry points to vision_pkg.egg-info/entry_points.txt
[2.100s] writing requirements to vision_pkg.egg-info/requires.txt
[2.101s] writing top-level names to vision_pkg.egg-info/top_level.txt
[2.103s] writing manifest file 'vision_pkg.egg-info/SOURCES.txt'
[2.212s] reading manifest file 'vision_pkg.egg-info/SOURCES.txt'
[2.213s] writing manifest file 'vision_pkg.egg-info/SOURCES.txt'
[2.215s] running build_ext
[2.216s] Creating /home/robofei/ROS2/install/vision_pkg/lib/python3.8/site-packages/site.py
[2.236s] Creating /home/robofei/ROS2/install/vision_pkg/lib/python3.8/site-packages/vision-pkg.egg-link (link to .)
[2.237s] Installing vision script to /home/robofei/ROS2/install/vision_pkg/lib/vision_pkg
[2.238s] 
[2.238s] Installed /home/robofei/ROS2/build/vision_pkg
[2.244s] running install_data
[2.255s] creating /home/robofei/ROS2/install/vision_pkg/share/ament_index
[2.255s] creating /home/robofei/ROS2/install/vision_pkg/share/ament_index/resource_index
[2.255s] creating /home/robofei/ROS2/install/vision_pkg/share/ament_index/resource_index/packages
[2.260s] copying resource/vision_pkg -> /home/robofei/ROS2/install/vision_pkg/share/ament_index/resource_index/packages
[2.261s] copying package.xml -> /home/robofei/ROS2/install/vision_pkg/share/vision_pkg
[2.380s] Invoked command in '/home/robofei/ROS2/build/vision_pkg' returned '0': PYTHONPATH=/home/robofei/ROS2/install/vision_pkg/lib/python3.8/site-packages:${PYTHONPATH} /usr/bin/python3 setup.py develop --prefix /home/robofei/ROS2/install/vision_pkg --editable --build-directory /home/robofei/ROS2/build/vision_pkg/build --no-deps install_data --install-dir /home/robofei/ROS2/install/vision_pkg
