running develop
running egg_info
creating controller.egg-info
writing controller.egg-info/PKG-INFO
writing dependency_links to controller.egg-info/dependency_links.txt
writing entry points to controller.egg-info/entry_points.txt
writing requirements to controller.egg-info/requires.txt
writing top-level names to controller.egg-info/top_level.txt
writing manifest file 'controller.egg-info/SOURCES.txt'
reading manifest file 'controller.egg-info/SOURCES.txt'
writing manifest file 'controller.egg-info/SOURCES.txt'
running build_ext
Creating /home/robofei/ROS2/install/controller/lib/python3.8/site-packages/site.py
Creating /home/robofei/ROS2/install/controller/lib/python3.8/site-packages/controller.egg-link (link to .)
Installing talker script to /home/robofei/ROS2/install/controller/lib/controller

Installed /home/robofei/ROS2/build/controller
running install_data
creating /home/robofei/ROS2/install/controller/share/ament_index
creating /home/robofei/ROS2/install/controller/share/ament_index/resource_index
creating /home/robofei/ROS2/install/controller/share/ament_index/resource_index/packages
copying resource/controller -> /home/robofei/ROS2/install/controller/share/ament_index/resource_index/packages
copying package.xml -> /home/robofei/ROS2/install/controller/share/controller
