[1.073s] Invoking command in '/home/robofei/Downloads/GC/src/controller': PYTHONPATH=/home/robofei/Downloads/GC/install/controller/lib/python3.8/site-packages:${PYTHONPATH} /usr/bin/python3 setup.py egg_info --egg-base ../../build/controller build --build-base /home/robofei/Downloads/GC/build/controller/build install --prefix /home/robofei/Downloads/GC/install/controller --record /home/robofei/Downloads/GC/build/controller/install.log --single-version-externally-managed
[2.769s] running egg_info
[2.771s] writing ../../build/controller/controller.egg-info/PKG-INFO
[2.772s] writing dependency_links to ../../build/controller/controller.egg-info/dependency_links.txt
[2.773s] writing entry points to ../../build/controller/controller.egg-info/entry_points.txt
[2.773s] writing requirements to ../../build/controller/controller.egg-info/requires.txt
[2.773s] writing top-level names to ../../build/controller/controller.egg-info/top_level.txt
[2.932s] reading manifest file '../../build/controller/controller.egg-info/SOURCES.txt'
[2.936s] writing manifest file '../../build/controller/controller.egg-info/SOURCES.txt'
[2.937s] running build
[2.937s] running build_py
[2.939s] running install
[2.942s] running install_lib
[2.947s] running install_data
[2.948s] running install_egg_info
[2.953s] removing '/home/robofei/Downloads/GC/install/controller/lib/python3.8/site-packages/controller-0.0.0-py3.8.egg-info' (and everything under it)
[2.954s] Copying ../../build/controller/controller.egg-info to /home/robofei/Downloads/GC/install/controller/lib/python3.8/site-packages/controller-0.0.0-py3.8.egg-info
[2.957s] running install_scripts
[3.030s] Installing talker script to /home/robofei/Downloads/GC/install/controller/lib/controller
[3.031s] writing list of installed files to '/home/robofei/Downloads/GC/build/controller/install.log'
[3.117s] Invoked command in '/home/robofei/Downloads/GC/src/controller' returned '0': PYTHONPATH=/home/robofei/Downloads/GC/install/controller/lib/python3.8/site-packages:${PYTHONPATH} /usr/bin/python3 setup.py egg_info --egg-base ../../build/controller build --build-base /home/robofei/Downloads/GC/build/controller/build install --prefix /home/robofei/Downloads/GC/install/controller --record /home/robofei/Downloads/GC/build/controller/install.log --single-version-externally-managed
