[0.015s] Invoking command in '/home/robofei/robotis_ws/build/dynamixel_sdk_examples': CMAKE_PREFIX_PATH=/home/robofei/robotis_ws/install/dynamixel_sdk_custom_interfaces:/home/robofei/robotis_ws/install/dynamixel_sdk:/home/robofei/robotis_ws/install/dynamixel_sdk_examples:/opt/ros/foxy PYTHONPATH=/home/robofei/robotis_ws/install/dynamixel_sdk_custom_interfaces/lib/python3.8/site-packages:/home/robofei/robotis_ws/install/dynamixel_sdk_examples/lib/python3.8/site-packages:/opt/ros/foxy/lib/python3.8/site-packages /usr/bin/cmake --build /home/robofei/robotis_ws/build/dynamixel_sdk_examples -- -j4 -l4
[0.085s] [100%] Built target read_write_node
[0.096s] Invoked command in '/home/robofei/robotis_ws/build/dynamixel_sdk_examples' returned '0': CMAKE_PREFIX_PATH=/home/robofei/robotis_ws/install/dynamixel_sdk_custom_interfaces:/home/robofei/robotis_ws/install/dynamixel_sdk:/home/robofei/robotis_ws/install/dynamixel_sdk_examples:/opt/ros/foxy PYTHONPATH=/home/robofei/robotis_ws/install/dynamixel_sdk_custom_interfaces/lib/python3.8/site-packages:/home/robofei/robotis_ws/install/dynamixel_sdk_examples/lib/python3.8/site-packages:/opt/ros/foxy/lib/python3.8/site-packages /usr/bin/cmake --build /home/robofei/robotis_ws/build/dynamixel_sdk_examples -- -j4 -l4
[0.124s] Invoking command in '/home/robofei/robotis_ws/build/dynamixel_sdk_examples': CMAKE_PREFIX_PATH=/home/robofei/robotis_ws/install/dynamixel_sdk_custom_interfaces:/home/robofei/robotis_ws/install/dynamixel_sdk:/home/robofei/robotis_ws/install/dynamixel_sdk_examples:/opt/ros/foxy PYTHONPATH=/home/robofei/robotis_ws/install/dynamixel_sdk_custom_interfaces/lib/python3.8/site-packages:/home/robofei/robotis_ws/install/dynamixel_sdk_examples/lib/python3.8/site-packages:/opt/ros/foxy/lib/python3.8/site-packages /usr/bin/cmake --install /home/robofei/robotis_ws/build/dynamixel_sdk_examples
[0.133s] -- Install configuration: ""
[0.133s] -- Execute custom install script
[0.134s] -- Up-to-date symlink: /home/robofei/robotis_ws/install/dynamixel_sdk_examples/lib/dynamixel_sdk_examples/read_write_node
[0.134s] -- Up-to-date symlink: /home/robofei/robotis_ws/install/dynamixel_sdk_examples/share/dynamixel_sdk_examples/environment/pythonpath.sh
[0.135s] -- Up-to-date symlink: /home/robofei/robotis_ws/install/dynamixel_sdk_examples/share/dynamixel_sdk_examples/environment/pythonpath.dsv
[0.135s] -- Up-to-date symlink: /home/robofei/robotis_ws/install/dynamixel_sdk_examples/lib/python3.8/site-packages/src//publisher.py
[0.136s] -- Up-to-date symlink: /home/robofei/robotis_ws/install/dynamixel_sdk_examples/lib/python3.8/site-packages/src//read_write_node.cpp
[0.136s] -- Up-to-date symlink: /home/robofei/robotis_ws/install/dynamixel_sdk_examples/lib/python3.8/site-packages/src//read_write_node_original.cpp
[0.136s] -- Up-to-date symlink: /home/robofei/robotis_ws/install/dynamixel_sdk_examples/lib/dynamixel_sdk_examples/publisher.py
[0.136s] -- Up-to-date symlink: /home/robofei/robotis_ws/install/dynamixel_sdk_examples/share/ament_index/resource_index/package_run_dependencies/dynamixel_sdk_examples
[0.137s] -- Up-to-date symlink: /home/robofei/robotis_ws/install/dynamixel_sdk_examples/share/ament_index/resource_index/parent_prefix_path/dynamixel_sdk_examples
[0.137s] -- Up-to-date symlink: /home/robofei/robotis_ws/install/dynamixel_sdk_examples/share/dynamixel_sdk_examples/environment/ament_prefix_path.sh
[0.138s] -- Up-to-date symlink: /home/robofei/robotis_ws/install/dynamixel_sdk_examples/share/dynamixel_sdk_examples/environment/ament_prefix_path.dsv
[0.138s] -- Up-to-date symlink: /home/robofei/robotis_ws/install/dynamixel_sdk_examples/share/dynamixel_sdk_examples/environment/path.sh
[0.138s] -- Up-to-date symlink: /home/robofei/robotis_ws/install/dynamixel_sdk_examples/share/dynamixel_sdk_examples/environment/path.dsv
[0.139s] -- Up-to-date symlink: /home/robofei/robotis_ws/install/dynamixel_sdk_examples/share/dynamixel_sdk_examples/local_setup.bash
[0.139s] -- Up-to-date symlink: /home/robofei/robotis_ws/install/dynamixel_sdk_examples/share/dynamixel_sdk_examples/local_setup.sh
[0.139s] -- Up-to-date symlink: /home/robofei/robotis_ws/install/dynamixel_sdk_examples/share/dynamixel_sdk_examples/local_setup.zsh
[0.139s] -- Up-to-date symlink: /home/robofei/robotis_ws/install/dynamixel_sdk_examples/share/dynamixel_sdk_examples/local_setup.dsv
[0.140s] -- Symlinking: /home/robofei/robotis_ws/install/dynamixel_sdk_examples/share/dynamixel_sdk_examples/package.dsv
[0.151s] -- Up-to-date symlink: /home/robofei/robotis_ws/install/dynamixel_sdk_examples/share/ament_index/resource_index/packages/dynamixel_sdk_examples
[0.151s] -- Up-to-date symlink: /home/robofei/robotis_ws/install/dynamixel_sdk_examples/share/dynamixel_sdk_examples/cmake/dynamixel_sdk_examplesConfig.cmake
[0.151s] -- Up-to-date symlink: /home/robofei/robotis_ws/install/dynamixel_sdk_examples/share/dynamixel_sdk_examples/cmake/dynamixel_sdk_examplesConfig-version.cmake
[0.151s] -- Up-to-date symlink: /home/robofei/robotis_ws/install/dynamixel_sdk_examples/share/dynamixel_sdk_examples/package.xml
[0.184s] Listing '/home/robofei/robotis_ws/install/dynamixel_sdk_examples/lib/python3.8/site-packages/src/'...
[0.184s] Compiling '/home/robofei/robotis_ws/install/dynamixel_sdk_examples/lib/python3.8/site-packages/src/publisher.py'...
[0.192s] Invoked command in '/home/robofei/robotis_ws/build/dynamixel_sdk_examples' returned '0': CMAKE_PREFIX_PATH=/home/robofei/robotis_ws/install/dynamixel_sdk_custom_interfaces:/home/robofei/robotis_ws/install/dynamixel_sdk:/home/robofei/robotis_ws/install/dynamixel_sdk_examples:/opt/ros/foxy PYTHONPATH=/home/robofei/robotis_ws/install/dynamixel_sdk_custom_interfaces/lib/python3.8/site-packages:/home/robofei/robotis_ws/install/dynamixel_sdk_examples/lib/python3.8/site-packages:/opt/ros/foxy/lib/python3.8/site-packages /usr/bin/cmake --install /home/robofei/robotis_ws/build/dynamixel_sdk_examples
