[0.014s] Invoking command in '/home/robofei/ROS2/action/build/action': AMENT_PREFIX_PATH=/home/robofei/ROS2/action/install/dynamixel_sdk_custom_interfaces:/home/robofei/ROS2/action/install/dynamixel_sdk:${AMENT_PREFIX_PATH} CMAKE_PREFIX_PATH=/home/robofei/ROS2/action/install/dynamixel_sdk_custom_interfaces:/home/robofei/ROS2/action/install/dynamixel_sdk:/opt/ros/foxy LD_LIBRARY_PATH=/home/robofei/ROS2/action/install/dynamixel_sdk_custom_interfaces/lib:/home/robofei/ROS2/action/install/dynamixel_sdk/lib:${LD_LIBRARY_PATH} PYTHONPATH=/home/robofei/ROS2/action/install/dynamixel_sdk_custom_interfaces/lib/python3.8/site-packages:${PYTHONPATH} /usr/bin/cmake /home/robofei/ROS2/action/src/dynamixel_sdk_examples -DAMENT_CMAKE_SYMLINK_INSTALL=1 -DCMAKE_INSTALL_PREFIX=/home/robofei/ROS2/action/install/action
[0.030s] -- Found ament_cmake: 0.9.9 (/opt/ros/foxy/share/ament_cmake/cmake)
[0.055s] -- Using PYTHON_EXECUTABLE: /usr/bin/python3
[0.244s] -- Override CMake install command with custom implementation using symlinks instead of copying resources
[0.252s] -- Found dynamixel_sdk: 3.7.40 (/home/robofei/ROS2/action/install/dynamixel_sdk/share/dynamixel_sdk/cmake)
[0.254s] -- Found dynamixel_sdk_custom_interfaces: 3.7.40 (/home/robofei/ROS2/action/install/dynamixel_sdk_custom_interfaces/share/dynamixel_sdk_custom_interfaces/cmake)
[0.277s] -- Using all available rosidl_typesupport_c: rosidl_typesupport_fastrtps_c;rosidl_typesupport_introspection_c
[0.281s] -- Found rosidl_adapter: 1.2.1 (/opt/ros/foxy/share/rosidl_adapter/cmake)
[0.412s] -- Using all available rosidl_typesupport_cpp: rosidl_typesupport_fastrtps_cpp;rosidl_typesupport_introspection_cpp
[0.460s] -- Found rclcpp: 2.4.1 (/opt/ros/foxy/share/rclcpp/cmake)
[0.501s] -- Found rmw_implementation_cmake: 1.0.3 (/opt/ros/foxy/share/rmw_implementation_cmake/cmake)
[0.502s] -- Using RMW implementation 'rmw_fastrtps_cpp' as default
[0.666s] -- Found ament_lint_auto: 0.9.6 (/opt/ros/foxy/share/ament_lint_auto/cmake)
[0.746s] -- Added test 'copyright' to check source files copyright and LICENSE
[0.751s] -- Added test 'cppcheck' to perform static code analysis on C / C++ code
[0.752s] -- Configured cppcheck include dirs: /home/robofei/ROS2/action/src/dynamixel_sdk_examples/include
[0.752s] -- Configured cppcheck exclude dirs and/or files: 
[0.757s] -- Added test 'cpplint' to check C / C++ code against the Google style
[0.757s] -- Configured cpplint exclude dirs and/or files: 
[0.758s] -- Added test 'flake8' to check Python code syntax and style conventions
[0.760s] -- Added test 'lint_cmake' to check CMake code style
[0.761s] -- Added test 'pep257' to check Python code against some of the style conventions in PEP 257
[0.766s] -- Added test 'uncrustify' to check C / C++ code style
[0.766s] -- Configured uncrustify additional arguments: 
[0.767s] -- Added test 'xmllint' to check XML markup files
[0.771s] -- Configuring done
[0.779s] -- Generating done
[0.781s] -- Build files have been written to: /home/robofei/ROS2/action/build/action
[0.788s] Invoked command in '/home/robofei/ROS2/action/build/action' returned '0': AMENT_PREFIX_PATH=/home/robofei/ROS2/action/install/dynamixel_sdk_custom_interfaces:/home/robofei/ROS2/action/install/dynamixel_sdk:${AMENT_PREFIX_PATH} CMAKE_PREFIX_PATH=/home/robofei/ROS2/action/install/dynamixel_sdk_custom_interfaces:/home/robofei/ROS2/action/install/dynamixel_sdk:/opt/ros/foxy LD_LIBRARY_PATH=/home/robofei/ROS2/action/install/dynamixel_sdk_custom_interfaces/lib:/home/robofei/ROS2/action/install/dynamixel_sdk/lib:${LD_LIBRARY_PATH} PYTHONPATH=/home/robofei/ROS2/action/install/dynamixel_sdk_custom_interfaces/lib/python3.8/site-packages:${PYTHONPATH} /usr/bin/cmake /home/robofei/ROS2/action/src/dynamixel_sdk_examples -DAMENT_CMAKE_SYMLINK_INSTALL=1 -DCMAKE_INSTALL_PREFIX=/home/robofei/ROS2/action/install/action
[0.791s] Invoking command in '/home/robofei/ROS2/action/build/action': AMENT_PREFIX_PATH=/home/robofei/ROS2/action/install/dynamixel_sdk_custom_interfaces:/home/robofei/ROS2/action/install/dynamixel_sdk:${AMENT_PREFIX_PATH} CMAKE_PREFIX_PATH=/home/robofei/ROS2/action/install/dynamixel_sdk_custom_interfaces:/home/robofei/ROS2/action/install/dynamixel_sdk:/opt/ros/foxy LD_LIBRARY_PATH=/home/robofei/ROS2/action/install/dynamixel_sdk_custom_interfaces/lib:/home/robofei/ROS2/action/install/dynamixel_sdk/lib:${LD_LIBRARY_PATH} PYTHONPATH=/home/robofei/ROS2/action/install/dynamixel_sdk_custom_interfaces/lib/python3.8/site-packages:${PYTHONPATH} /usr/bin/cmake --build /home/robofei/ROS2/action/build/action -- -j4 -l4
[0.836s] [35m[1mScanning dependencies of target cmd_node[0m
[0.876s] [ 50%] [32mBuilding CXX object CMakeFiles/cmd_node.dir/src/cmd_process.cpp.o[0m
[0.979s] [01m[K/home/robofei/ROS2/action/src/dynamixel_sdk_examples/src/cmd_process.cpp:14:10:[m[K [01;31m[Kfatal error: [m[Kcmd_process.h: No such file or directory
[0.980s]    14 | #include [01;31m[K"cmd_process.h"[m[K
[0.980s]       |          [01;31m[K^~~~~~~~~~~~~~~[m[K
[0.980s] compilation terminated.
[0.981s] make[2]: *** [CMakeFiles/cmd_node.dir/build.make:63: CMakeFiles/cmd_node.dir/src/cmd_process.cpp.o] Error 1
[0.981s] make[1]: *** [CMakeFiles/Makefile2:78: CMakeFiles/cmd_node.dir/all] Error 2
[0.982s] make: *** [Makefile:141: all] Error 2
[0.984s] Invoked command in '/home/robofei/ROS2/action/build/action' returned '2': AMENT_PREFIX_PATH=/home/robofei/ROS2/action/install/dynamixel_sdk_custom_interfaces:/home/robofei/ROS2/action/install/dynamixel_sdk:${AMENT_PREFIX_PATH} CMAKE_PREFIX_PATH=/home/robofei/ROS2/action/install/dynamixel_sdk_custom_interfaces:/home/robofei/ROS2/action/install/dynamixel_sdk:/opt/ros/foxy LD_LIBRARY_PATH=/home/robofei/ROS2/action/install/dynamixel_sdk_custom_interfaces/lib:/home/robofei/ROS2/action/install/dynamixel_sdk/lib:${LD_LIBRARY_PATH} PYTHONPATH=/home/robofei/ROS2/action/install/dynamixel_sdk_custom_interfaces/lib/python3.8/site-packages:${PYTHONPATH} /usr/bin/cmake --build /home/robofei/ROS2/action/build/action -- -j4 -l4
