[1.009s] Invoking command in '/home/robofei/ROS2/decision_pkg/build/decision_pkg': AMENT_PREFIX_PATH=/home/robofei/ROS2/decision_pkg/install/custom_interfaces:${AMENT_PREFIX_PATH} CMAKE_PREFIX_PATH=/home/robofei/ROS2/decision_pkg/install/custom_interfaces LD_LIBRARY_PATH=/home/robofei/ROS2/decision_pkg/install/custom_interfaces/lib:${LD_LIBRARY_PATH} PYTHONPATH=/home/robofei/ROS2/decision_pkg/install/decision_pkg/lib/python3.8/site-packages:/home/robofei/ROS2/decision_pkg/install/custom_interfaces/lib/python3.8/site-packages:/opt/ros/foxy/lib/python3.8/site-packages:/home/robofei/models/research/slim:/home/robofei/models/research/object_detection/utils:/home/robofei/models/research /usr/bin/python3 setup.py develop --prefix /home/robofei/ROS2/decision_pkg/install/decision_pkg --editable --build-directory /home/robofei/ROS2/decision_pkg/build/decision_pkg/build --no-deps install_data --install-dir /home/robofei/ROS2/decision_pkg/install/decision_pkg
[1.334s] running develop
[1.528s] running egg_info
[1.528s] creating decision_pkg.egg-info
[1.529s] writing decision_pkg.egg-info/PKG-INFO
[1.529s] writing dependency_links to decision_pkg.egg-info/dependency_links.txt
[1.529s] writing entry points to decision_pkg.egg-info/entry_points.txt
[1.529s] writing requirements to decision_pkg.egg-info/requires.txt
[1.530s] writing top-level names to decision_pkg.egg-info/top_level.txt
[1.531s] writing manifest file 'decision_pkg.egg-info/SOURCES.txt'
[1.572s] reading manifest file 'decision_pkg.egg-info/SOURCES.txt'
[1.573s] writing manifest file 'decision_pkg.egg-info/SOURCES.txt'
[1.618s] running build_ext
[1.618s] Creating /home/robofei/ROS2/decision_pkg/install/decision_pkg/lib/python3.8/site-packages/site.py
[1.621s] Creating /home/robofei/ROS2/decision_pkg/install/decision_pkg/lib/python3.8/site-packages/decision-pkg.egg-link (link to .)
[1.622s] Installing decision_node script to /home/robofei/ROS2/decision_pkg/install/decision_pkg/lib/decision_pkg
[1.622s] 
[1.623s] Installed /home/robofei/ROS2/decision_pkg/build/decision_pkg
[1.623s] running install_data
[1.623s] creating /home/robofei/ROS2/decision_pkg/install/decision_pkg/share/ament_index
[1.623s] creating /home/robofei/ROS2/decision_pkg/install/decision_pkg/share/ament_index/resource_index
[1.623s] creating /home/robofei/ROS2/decision_pkg/install/decision_pkg/share/ament_index/resource_index/packages
[1.624s] copying resource/decision_pkg -> /home/robofei/ROS2/decision_pkg/install/decision_pkg/share/ament_index/resource_index/packages
[1.624s] copying package.xml -> /home/robofei/ROS2/decision_pkg/install/decision_pkg/share/decision_pkg
[1.663s] Invoked command in '/home/robofei/ROS2/decision_pkg/build/decision_pkg' returned '0': AMENT_PREFIX_PATH=/home/robofei/ROS2/decision_pkg/install/custom_interfaces:${AMENT_PREFIX_PATH} CMAKE_PREFIX_PATH=/home/robofei/ROS2/decision_pkg/install/custom_interfaces LD_LIBRARY_PATH=/home/robofei/ROS2/decision_pkg/install/custom_interfaces/lib:${LD_LIBRARY_PATH} PYTHONPATH=/home/robofei/ROS2/decision_pkg/install/decision_pkg/lib/python3.8/site-packages:/home/robofei/ROS2/decision_pkg/install/custom_interfaces/lib/python3.8/site-packages:/opt/ros/foxy/lib/python3.8/site-packages:/home/robofei/models/research/slim:/home/robofei/models/research/object_detection/utils:/home/robofei/models/research /usr/bin/python3 setup.py develop --prefix /home/robofei/ROS2/decision_pkg/install/decision_pkg --editable --build-directory /home/robofei/ROS2/decision_pkg/build/decision_pkg/build --no-deps install_data --install-dir /home/robofei/ROS2/decision_pkg/install/decision_pkg
