[1.217s] Invoking command in '/home/robofei/ROS2/vision_pkg/build/vision_pkg': PYTHONPATH=/home/robofei/ROS2/vision_pkg/install/vision_pkg/lib/python3.8/site-packages:${PYTHONPATH} /usr/bin/python3 setup.py develop --prefix /home/robofei/ROS2/vision_pkg/install/vision_pkg --editable --build-directory /home/robofei/ROS2/vision_pkg/build/vision_pkg/build --no-deps install_data --install-dir /home/robofei/ROS2/vision_pkg/install/vision_pkg
[1.611s] running develop
[1.867s] running egg_info
[1.868s] creating vision_pkg.egg-info
[1.868s] writing vision_pkg.egg-info/PKG-INFO
[1.868s] writing dependency_links to vision_pkg.egg-info/dependency_links.txt
[1.869s] writing entry points to vision_pkg.egg-info/entry_points.txt
[1.869s] writing requirements to vision_pkg.egg-info/requires.txt
[1.869s] writing top-level names to vision_pkg.egg-info/top_level.txt
[1.870s] writing manifest file 'vision_pkg.egg-info/SOURCES.txt'
[1.915s] reading manifest file 'vision_pkg.egg-info/SOURCES.txt'
[1.916s] writing manifest file 'vision_pkg.egg-info/SOURCES.txt'
[1.967s] running build_ext
[1.967s] Creating /home/robofei/ROS2/vision_pkg/install/vision_pkg/lib/python3.8/site-packages/site.py
[1.970s] Creating /home/robofei/ROS2/vision_pkg/install/vision_pkg/lib/python3.8/site-packages/vision-pkg.egg-link (link to .)
[1.971s] Installing vision script to /home/robofei/ROS2/vision_pkg/install/vision_pkg/lib/vision_pkg
[1.972s] 
[1.973s] Installed /home/robofei/ROS2/vision_pkg/build/vision_pkg
[1.973s] running install_data
[1.973s] creating /home/robofei/ROS2/vision_pkg/install/vision_pkg/share/ament_index
[1.973s] creating /home/robofei/ROS2/vision_pkg/install/vision_pkg/share/ament_index/resource_index
[1.973s] creating /home/robofei/ROS2/vision_pkg/install/vision_pkg/share/ament_index/resource_index/packages
[1.974s] copying resource/vision_pkg -> /home/robofei/ROS2/vision_pkg/install/vision_pkg/share/ament_index/resource_index/packages
[1.974s] copying package.xml -> /home/robofei/ROS2/vision_pkg/install/vision_pkg/share/vision_pkg
[2.027s] Invoked command in '/home/robofei/ROS2/vision_pkg/build/vision_pkg' returned '0': PYTHONPATH=/home/robofei/ROS2/vision_pkg/install/vision_pkg/lib/python3.8/site-packages:${PYTHONPATH} /usr/bin/python3 setup.py develop --prefix /home/robofei/ROS2/vision_pkg/install/vision_pkg --editable --build-directory /home/robofei/ROS2/vision_pkg/build/vision_pkg/build --no-deps install_data --install-dir /home/robofei/ROS2/vision_pkg/install/vision_pkg
