[1.256s] Invoking command in '/home/amd/Documentos/GC/src/controller': PYTHONPATH=/home/amd/Documentos/GC/install/controller/lib/python3.8/site-packages:${PYTHONPATH} /usr/bin/python3 setup.py egg_info --egg-base ../../build/controller build --build-base /home/amd/Documentos/GC/build/controller/build install --prefix /home/amd/Documentos/GC/install/controller --record /home/amd/Documentos/GC/build/controller/install.log --single-version-externally-managed
[3.130s] running egg_info
[3.148s] writing ../../build/controller/controller.egg-info/PKG-INFO
[3.148s] writing dependency_links to ../../build/controller/controller.egg-info/dependency_links.txt
[3.148s] writing entry points to ../../build/controller/controller.egg-info/entry_points.txt
[3.148s] writing requirements to ../../build/controller/controller.egg-info/requires.txt
[3.149s] writing top-level names to ../../build/controller/controller.egg-info/top_level.txt
[3.366s] reading manifest file '../../build/controller/controller.egg-info/SOURCES.txt'
[3.392s] writing manifest file '../../build/controller/controller.egg-info/SOURCES.txt'
[3.393s] running build
[3.393s] running build_py
[3.395s] running install
[3.398s] running install_lib
[3.409s] running install_data
[3.415s] running install_egg_info
[3.431s] removing '/home/amd/Documentos/GC/install/controller/lib/python3.8/site-packages/controller-0.0.0-py3.8.egg-info' (and everything under it)
[3.439s] Copying ../../build/controller/controller.egg-info to /home/amd/Documentos/GC/install/controller/lib/python3.8/site-packages/controller-0.0.0-py3.8.egg-info
[3.440s] running install_scripts
[3.589s] Installing talker script to /home/amd/Documentos/GC/install/controller/lib/controller
[3.598s] writing list of installed files to '/home/amd/Documentos/GC/build/controller/install.log'
[3.914s] Invoked command in '/home/amd/Documentos/GC/src/controller' returned '0': PYTHONPATH=/home/amd/Documentos/GC/install/controller/lib/python3.8/site-packages:${PYTHONPATH} /usr/bin/python3 setup.py egg_info --egg-base ../../build/controller build --build-base /home/amd/Documentos/GC/build/controller/build install --prefix /home/amd/Documentos/GC/install/controller --record /home/amd/Documentos/GC/build/controller/install.log --single-version-externally-managed
