[1.288s] Invoking command in '/home/robofei/Downloads/GC/src/controller': PYTHONPATH=/home/robofei/Downloads/GC/install/controller/lib/python3.8/site-packages:${PYTHONPATH} /usr/bin/python3 setup.py egg_info --egg-base ../../build/controller build --build-base /home/robofei/Downloads/GC/build/controller/build install --prefix /home/robofei/Downloads/GC/install/controller --record /home/robofei/Downloads/GC/build/controller/install.log --single-version-externally-managed
[2.466s] running egg_info
[2.468s] writing ../../build/controller/controller.egg-info/PKG-INFO
[2.468s] writing dependency_links to ../../build/controller/controller.egg-info/dependency_links.txt
[2.469s] writing entry points to ../../build/controller/controller.egg-info/entry_points.txt
[2.469s] writing requirements to ../../build/controller/controller.egg-info/requires.txt
[2.469s] writing top-level names to ../../build/controller/controller.egg-info/top_level.txt
[2.583s] reading manifest file '../../build/controller/controller.egg-info/SOURCES.txt'
[2.590s] writing manifest file '../../build/controller/controller.egg-info/SOURCES.txt'
[2.592s] running build
[2.592s] running build_py
[2.592s] copying controller/receiver.py -> /home/robofei/Downloads/GC/build/controller/build/lib/controller
[2.592s] running install
[2.593s] running install_lib
[2.595s] copying /home/robofei/Downloads/GC/build/controller/build/lib/controller/receiver.py -> /home/robofei/Downloads/GC/install/controller/lib/python3.8/site-packages/controller
[2.596s] byte-compiling /home/robofei/Downloads/GC/install/controller/lib/python3.8/site-packages/controller/receiver.py to receiver.cpython-38.pyc
[2.601s] running install_data
[2.602s] running install_egg_info
[2.605s] removing '/home/robofei/Downloads/GC/install/controller/lib/python3.8/site-packages/controller-0.0.0-py3.8.egg-info' (and everything under it)
[2.606s] Copying ../../build/controller/controller.egg-info to /home/robofei/Downloads/GC/install/controller/lib/python3.8/site-packages/controller-0.0.0-py3.8.egg-info
[2.607s] running install_scripts
[2.649s] Installing talker script to /home/robofei/Downloads/GC/install/controller/lib/controller
[2.654s] writing list of installed files to '/home/robofei/Downloads/GC/build/controller/install.log'
[2.736s] Invoked command in '/home/robofei/Downloads/GC/src/controller' returned '0': PYTHONPATH=/home/robofei/Downloads/GC/install/controller/lib/python3.8/site-packages:${PYTHONPATH} /usr/bin/python3 setup.py egg_info --egg-base ../../build/controller build --build-base /home/robofei/Downloads/GC/build/controller/build install --prefix /home/robofei/Downloads/GC/install/controller --record /home/robofei/Downloads/GC/build/controller/install.log --single-version-externally-managed
