[0.017s] Invoking command in '/home/robofei/robotis_ws/build/dynamixel_sdk_examples': CMAKE_PREFIX_PATH=/home/robofei/robotis_ws/install/dynamixel_sdk_custom_interfaces:/home/robofei/robotis_ws/install/dynamixel_sdk:/home/robofei/robotis_ws/install/dynamixel_sdk_examples:/opt/ros/foxy PYTHONPATH=/home/robofei/robotis_ws/install/dynamixel_sdk_custom_interfaces/lib/python3.8/site-packages:/home/robofei/robotis_ws/install/dynamixel_sdk_examples/lib/python3.8/site-packages:/opt/ros/foxy/lib/python3.8/site-packages /usr/bin/cmake --build /home/robofei/robotis_ws/build/dynamixel_sdk_examples -- -j4 -l4
[0.047s] -- Found ament_cmake: 0.9.9 (/opt/ros/foxy/share/ament_cmake/cmake)
[0.070s] -- Using PYTHON_EXECUTABLE: /usr/bin/python3
[0.260s] -- Override CMake install command with custom implementation using symlinks instead of copying resources
[0.268s] -- Found dynamixel_sdk: 3.7.40 (/home/robofei/robotis_ws/install/dynamixel_sdk/share/dynamixel_sdk/cmake)
[0.270s] -- Found dynamixel_sdk_custom_interfaces: 3.7.40 (/home/robofei/robotis_ws/install/dynamixel_sdk_custom_interfaces/share/dynamixel_sdk_custom_interfaces/cmake)
[0.294s] -- Using all available rosidl_typesupport_c: rosidl_typesupport_fastrtps_c;rosidl_typesupport_introspection_c
[0.298s] -- Found rosidl_adapter: 1.2.1 (/opt/ros/foxy/share/rosidl_adapter/cmake)
[0.433s] -- Using all available rosidl_typesupport_cpp: rosidl_typesupport_fastrtps_cpp;rosidl_typesupport_introspection_cpp
[0.484s] -- Found rclcpp: 2.4.0 (/opt/ros/foxy/share/rclcpp/cmake)
[0.526s] -- Found rmw_implementation_cmake: 1.0.3 (/opt/ros/foxy/share/rmw_implementation_cmake/cmake)
[0.527s] -- Using RMW implementation 'rmw_fastrtps_cpp' as default
[0.699s] CMake Error at CMakeLists.txt:33 (add_executable):
[0.699s]   add_executable cannot create target "read_write_node" because another
[0.699s]   target with the same name already exists.  The existing target is an
[0.699s]   executable created in source directory
[0.699s]   "/home/robofei/robotis_ws/src/DynamixelSDK/dynamixel_sdk_examples".  See
[0.699s]   documentation for policy CMP0002 for more details.
[0.699s] 
[0.699s] 
[0.701s] CMake Error at /opt/ros/foxy/share/ament_cmake_core/cmake/symlink_install/ament_cmake_symlink_install_targets.cmake:67 (message):
[0.701s]   ament_cmake_symlink_install_targets() 'min_pub' is not a target
[0.701s] Call Stack (most recent call first):
[0.701s]   /opt/ros/foxy/share/ament_cmake_core/cmake/symlink_install/install.cmake:37 (ament_cmake_symlink_install_targets)
[0.701s]   CMakeLists.txt:41 (install)
[0.701s] 
[0.701s] 
[0.703s] -- Configuring incomplete, errors occurred!
[0.703s] See also "/home/robofei/robotis_ws/build/dynamixel_sdk_examples/CMakeFiles/CMakeOutput.log".
[0.703s] See also "/home/robofei/robotis_ws/build/dynamixel_sdk_examples/CMakeFiles/CMakeError.log".
[0.709s] make: *** [Makefile:266: cmake_check_build_system] Error 1
[0.711s] Invoked command in '/home/robofei/robotis_ws/build/dynamixel_sdk_examples' returned '2': CMAKE_PREFIX_PATH=/home/robofei/robotis_ws/install/dynamixel_sdk_custom_interfaces:/home/robofei/robotis_ws/install/dynamixel_sdk:/home/robofei/robotis_ws/install/dynamixel_sdk_examples:/opt/ros/foxy PYTHONPATH=/home/robofei/robotis_ws/install/dynamixel_sdk_custom_interfaces/lib/python3.8/site-packages:/home/robofei/robotis_ws/install/dynamixel_sdk_examples/lib/python3.8/site-packages:/opt/ros/foxy/lib/python3.8/site-packages /usr/bin/cmake --build /home/robofei/robotis_ws/build/dynamixel_sdk_examples -- -j4 -l4
