[0.264s] Invoking command in '/home/robofei/robotis_ws/build/dynamixel_sdk': CMAKE_PREFIX_PATH=/opt/ros/foxy /usr/bin/cmake --build /home/robofei/robotis_ws/build/dynamixel_sdk -- -j4 -l4
[1.840s] [100%] Built target dynamixel_sdk
[1.858s] Invoked command in '/home/robofei/robotis_ws/build/dynamixel_sdk' returned '0': CMAKE_PREFIX_PATH=/opt/ros/foxy /usr/bin/cmake --build /home/robofei/robotis_ws/build/dynamixel_sdk -- -j4 -l4
[1.905s] Invoking command in '/home/robofei/robotis_ws/build/dynamixel_sdk': CMAKE_PREFIX_PATH=/opt/ros/foxy /usr/bin/cmake --install /home/robofei/robotis_ws/build/dynamixel_sdk
[1.989s] -- Install configuration: ""
[1.990s] -- Execute custom install script
[2.099s] -- Up-to-date symlink: /home/robofei/robotis_ws/install/dynamixel_sdk/include//dynamixel_sdk/dynamixel_sdk.h
[2.134s] -- Up-to-date symlink: /home/robofei/robotis_ws/install/dynamixel_sdk/include//dynamixel_sdk/group_bulk_read.h
[2.136s] -- Up-to-date symlink: /home/robofei/robotis_ws/install/dynamixel_sdk/include//dynamixel_sdk/group_bulk_write.h
[2.138s] -- Up-to-date symlink: /home/robofei/robotis_ws/install/dynamixel_sdk/include//dynamixel_sdk/group_sync_read.h
[2.168s] -- Up-to-date symlink: /home/robofei/robotis_ws/install/dynamixel_sdk/include//dynamixel_sdk/group_sync_write.h
[2.169s] -- Up-to-date symlink: /home/robofei/robotis_ws/install/dynamixel_sdk/include//dynamixel_sdk/packet_handler.h
[2.172s] -- Up-to-date symlink: /home/robofei/robotis_ws/install/dynamixel_sdk/include//dynamixel_sdk/port_handler.h
[2.173s] -- Up-to-date symlink: /home/robofei/robotis_ws/install/dynamixel_sdk/include//dynamixel_sdk/port_handler_arduino.h
[2.210s] -- Up-to-date symlink: /home/robofei/robotis_ws/install/dynamixel_sdk/include//dynamixel_sdk/port_handler_linux.h
[2.211s] -- Up-to-date symlink: /home/robofei/robotis_ws/install/dynamixel_sdk/include//dynamixel_sdk/port_handler_mac.h
[2.212s] -- Up-to-date symlink: /home/robofei/robotis_ws/install/dynamixel_sdk/include//dynamixel_sdk/port_handler_windows.h
[2.244s] -- Up-to-date symlink: /home/robofei/robotis_ws/install/dynamixel_sdk/include//dynamixel_sdk/protocol1_packet_handler.h
[2.246s] -- Up-to-date symlink: /home/robofei/robotis_ws/install/dynamixel_sdk/include//dynamixel_sdk/protocol2_packet_handler.h
[2.268s] -- Up-to-date symlink: /home/robofei/robotis_ws/install/dynamixel_sdk/lib/libdynamixel_sdk.so
[2.271s] -- Up-to-date symlink: /home/robofei/robotis_ws/install/dynamixel_sdk/share/dynamixel_sdk/environment/library_path.sh
[2.273s] -- Up-to-date symlink: /home/robofei/robotis_ws/install/dynamixel_sdk/share/dynamixel_sdk/environment/library_path.dsv
[2.276s] -- Up-to-date symlink: /home/robofei/robotis_ws/install/dynamixel_sdk/share/ament_index/resource_index/package_run_dependencies/dynamixel_sdk
[2.278s] -- Up-to-date symlink: /home/robofei/robotis_ws/install/dynamixel_sdk/share/ament_index/resource_index/parent_prefix_path/dynamixel_sdk
[2.281s] -- Up-to-date symlink: /home/robofei/robotis_ws/install/dynamixel_sdk/share/dynamixel_sdk/environment/ament_prefix_path.sh
[2.284s] -- Up-to-date symlink: /home/robofei/robotis_ws/install/dynamixel_sdk/share/dynamixel_sdk/environment/ament_prefix_path.dsv
[2.287s] -- Up-to-date symlink: /home/robofei/robotis_ws/install/dynamixel_sdk/share/dynamixel_sdk/environment/path.sh
[2.289s] -- Up-to-date symlink: /home/robofei/robotis_ws/install/dynamixel_sdk/share/dynamixel_sdk/environment/path.dsv
[2.292s] -- Up-to-date symlink: /home/robofei/robotis_ws/install/dynamixel_sdk/share/dynamixel_sdk/local_setup.bash
[2.295s] -- Up-to-date symlink: /home/robofei/robotis_ws/install/dynamixel_sdk/share/dynamixel_sdk/local_setup.sh
[2.297s] -- Up-to-date symlink: /home/robofei/robotis_ws/install/dynamixel_sdk/share/dynamixel_sdk/local_setup.zsh
[2.300s] -- Up-to-date symlink: /home/robofei/robotis_ws/install/dynamixel_sdk/share/dynamixel_sdk/local_setup.dsv
[2.302s] -- Symlinking: /home/robofei/robotis_ws/install/dynamixel_sdk/share/dynamixel_sdk/package.dsv
[2.339s] -- Up-to-date symlink: /home/robofei/robotis_ws/install/dynamixel_sdk/share/ament_index/resource_index/packages/dynamixel_sdk
[2.340s] -- Up-to-date symlink: /home/robofei/robotis_ws/install/dynamixel_sdk/share/dynamixel_sdk/cmake/ament_cmake_export_include_directories-extras.cmake
[2.341s] -- Up-to-date symlink: /home/robofei/robotis_ws/install/dynamixel_sdk/share/dynamixel_sdk/cmake/ament_cmake_export_libraries-extras.cmake
[2.341s] -- Up-to-date symlink: /home/robofei/robotis_ws/install/dynamixel_sdk/share/dynamixel_sdk/cmake/dynamixel_sdkConfig.cmake
[2.342s] -- Up-to-date symlink: /home/robofei/robotis_ws/install/dynamixel_sdk/share/dynamixel_sdk/cmake/dynamixel_sdkConfig-version.cmake
[2.343s] -- Up-to-date symlink: /home/robofei/robotis_ws/install/dynamixel_sdk/share/dynamixel_sdk/package.xml
[2.348s] Invoked command in '/home/robofei/robotis_ws/build/dynamixel_sdk' returned '0': CMAKE_PREFIX_PATH=/opt/ros/foxy /usr/bin/cmake --install /home/robofei/robotis_ws/build/dynamixel_sdk
