[0.015s] Invoking command in '/home/robofei/ROS2/action/build/dynamixel_sdk_examples': CMAKE_PREFIX_PATH=${CMAKE_PREFIX_PATH}:/opt/ros/foxy /usr/bin/cmake --build /home/robofei/ROS2/action/build/dynamixel_sdk_examples -- -j4 -l4
[0.045s] -- Found ament_cmake: 0.9.9 (/opt/ros/foxy/share/ament_cmake/cmake)
[0.069s] -- Using PYTHON_EXECUTABLE: /usr/bin/python3
[0.255s] -- Override CMake install command with custom implementation using symlinks instead of copying resources
[0.263s] -- Found dynamixel_sdk: 3.7.40 (/home/robofei/ROS2/action/install/dynamixel_sdk/share/dynamixel_sdk/cmake)
[0.265s] -- Found dynamixel_sdk_custom_interfaces: 3.7.40 (/home/robofei/ROS2/action/install/dynamixel_sdk_custom_interfaces/share/dynamixel_sdk_custom_interfaces/cmake)
[0.288s] -- Using all available rosidl_typesupport_c: rosidl_typesupport_fastrtps_c;rosidl_typesupport_introspection_c
[0.292s] -- Found rosidl_adapter: 1.2.1 (/opt/ros/foxy/share/rosidl_adapter/cmake)
[0.425s] -- Using all available rosidl_typesupport_cpp: rosidl_typesupport_fastrtps_cpp;rosidl_typesupport_introspection_cpp
[0.474s] -- Found rclcpp: 2.4.1 (/opt/ros/foxy/share/rclcpp/cmake)
[0.513s] -- Found rmw_implementation_cmake: 1.0.3 (/opt/ros/foxy/share/rmw_implementation_cmake/cmake)
[0.515s] -- Using RMW implementation 'rmw_fastrtps_cpp' as default
[0.678s] -- Found ament_lint_auto: 0.9.6 (/opt/ros/foxy/share/ament_lint_auto/cmake)
[0.748s] -- Added test 'copyright' to check source files copyright and LICENSE
[0.755s] -- Added test 'cppcheck' to perform static code analysis on C / C++ code
[0.755s] -- Configured cppcheck include dirs: /home/robofei/ROS2/action/src/dynamixel_sdk_examples/include;/home/robofei/ROS2/action/src/dynamixel_sdk_examples/Framework;/home/robofei/ROS2/action/src/dynamixel_sdk_examples/Linux
[0.755s] -- Configured cppcheck exclude dirs and/or files: 
[0.761s] -- Added test 'cpplint' to check C / C++ code against the Google style
[0.761s] -- Configured cpplint exclude dirs and/or files: 
[0.762s] -- Added test 'flake8' to check Python code syntax and style conventions
[0.764s] -- Added test 'lint_cmake' to check CMake code style
[0.765s] -- Added test 'pep257' to check Python code against some of the style conventions in PEP 257
[0.771s] -- Added test 'uncrustify' to check C / C++ code style
[0.771s] -- Configured uncrustify additional arguments: 
[0.772s] -- Added test 'xmllint' to check XML markup files
[0.775s] -- Configuring done
[0.784s] -- Generating done
[0.786s] -- Build files have been written to: /home/robofei/ROS2/action/build/dynamixel_sdk_examples
[0.814s] [35m[1mScanning dependencies of target cmd_node[0m
[0.847s] [ 50%] [32mBuilding CXX object CMakeFiles/cmd_node.dir/src/cmd_process.cpp.o[0m
[1.473s] In file included from [01m[K/home/robofei/ROS2/action/src/dynamixel_sdk_examples/src/cmd_process.cpp:8[m[K:
[1.474s] [01m[K/opt/ros/foxy/include/rcutils/types/char_array.h:41:10:[m[K [01;31m[Kerror: [m[Kexpected ‘[01m[K)[m[K’ before ‘[01m[K*[m[K’ token
[1.474s]    41 |   size_t [01;31m[Kbuffer_capacity[m[K;
[1.474s]       |          [01;31m[K^~~~~~~~~~~~~~~[m[K
[1.474s] [01m[K/opt/ros/foxy/include/rcutils/types/char_array.h:41:10:[m[K [01;31m[Kerror: [m[Kexpected ‘[01m[K)[m[K’ before ‘[01m[K*[m[K’ token
[1.474s] [01m[K/opt/ros/foxy/include/rcutils/types/char_array.h:74:10:[m[K [01;31m[Kerror: [m[Kexpected ‘[01m[K)[m[K’ before ‘[01m[K([m[K’ token
[1.474s]    74 |   size_t [01;31m[Kbuffer_capacity[m[K,
[1.474s]       |          [01;31m[K^~~~~~~~~~~~~~~[m[K
[1.474s] [01m[K/opt/ros/foxy/include/rcutils/types/char_array.h:74:10:[m[K [01;31m[Kerror: [m[Kexpected ‘[01m[K)[m[K’ before ‘[01m[K([m[K’ token
[1.474s] In file included from [01m[K/opt/ros/foxy/include/rcutils/types.h:24[m[K,
[1.474s]                  from [01m[K/opt/ros/foxy/include/rcutils/time.h:26[m[K,
[1.474s]                  from [01m[K/opt/ros/foxy/include/rcutils/logging.h:25[m[K,
[1.475s]                  from [01m[K/opt/ros/foxy/include/rmw/types.h:28[m[K,
[1.475s]                  from [01m[K/opt/ros/foxy/include/rcl/types.h:18[m[K,
[1.475s]                  from [01m[K/opt/ros/foxy/include/rcl/arguments.h:20[m[K,
[1.475s]                  from [01m[K/opt/ros/foxy/include/rcl/context.h:26[m[K,
[1.475s]                  from [01m[K/opt/ros/foxy/include/rcl/guard_condition.h:24[m[K,
[1.475s]                  from [01m[K/opt/ros/foxy/include/rclcpp/executor.hpp:29[m[K,
[1.475s]                  from [01m[K/opt/ros/foxy/include/rclcpp/executors/multi_threaded_executor.hpp:26[m[K,
[1.475s]                  from [01m[K/opt/ros/foxy/include/rclcpp/executors.hpp:21[m[K,
[1.475s]                  from [01m[K/opt/ros/foxy/include/rclcpp/rclcpp.hpp:146[m[K,
[1.475s]                  from [01m[K/home/robofei/ROS2/action/src/dynamixel_sdk_examples/src/cmd_process.cpp:18[m[K:
[1.475s] [01m[K/opt/ros/foxy/include/rcutils/types/char_array.h:72:24:[m[K [01;36m[Knote: [m[Kto match this ‘[01m[K([m[K’
[1.475s]    72 | rcutils_char_array_init[01;36m[K([m[K
[1.475s]       |                        [01;36m[K^[m[K
[1.475s] In file included from [01m[K/home/robofei/ROS2/action/src/dynamixel_sdk_examples/src/cmd_process.cpp:8[m[K:
[1.475s] [01m[K/opt/ros/foxy/include/rcutils/types/char_array.h:74:10:[m[K [01;31m[Kerror: [m[Kinitializer provided for function
[1.476s]    74 |   size_t [01;31m[Kbuffer_capacity[m[K,
[1.476s]       |          [01;31m[K^~~~~~~~~~~~~~~[m[K
[1.476s] [01m[K/opt/ros/foxy/include/rcutils/types/char_array.h:74:10:[m[K [01;31m[Kerror: [m[Kexpected ‘[01m[K,[m[K’ or ‘[01m[K;[m[K’ before ‘[01m[K->[m[K’ token
[1.476s]    74 |   size_t [01;31m[Kbuffer_capacity[m[K,
[1.476s]       |          [01;31m[K^~~~~~~~~~~~~~~[m[K
[1.476s] [01m[K/opt/ros/foxy/include/rcutils/types/uint8_array.h:33:10:[m[K [01;31m[Kerror: [m[Kexpected ‘[01m[K)[m[K’ before ‘[01m[K*[m[K’ token
[1.476s]    33 |   size_t [01;31m[Kbuffer_capacity[m[K;
[1.476s]       |          [01;31m[K^~~~~~~~~~~~~~~[m[K
[1.476s] [01m[K/opt/ros/foxy/include/rcutils/types/uint8_array.h:33:10:[m[K [01;31m[Kerror: [m[Kexpected ‘[01m[K)[m[K’ before ‘[01m[K*[m[K’ token
[1.476s] [01m[K/opt/ros/foxy/include/rcutils/types/uint8_array.h:65:10:[m[K [01;31m[Kerror: [m[Kexpected ‘[01m[K)[m[K’ before ‘[01m[K([m[K’ token
[1.476s]    65 |   size_t [01;31m[Kbuffer_capacity[m[K,
[1.476s]       |          [01;31m[K^~~~~~~~~~~~~~~[m[K
[1.476s] [01m[K/opt/ros/foxy/include/rcutils/types/uint8_array.h:65:10:[m[K [01;31m[Kerror: [m[Kexpected ‘[01m[K)[m[K’ before ‘[01m[K([m[K’ token
[1.476s] In file included from [01m[K/opt/ros/foxy/include/rcutils/types.h:29[m[K,
[1.476s]                  from [01m[K/opt/ros/foxy/include/rcutils/time.h:26[m[K,
[1.477s]                  from [01m[K/opt/ros/foxy/include/rcutils/logging.h:25[m[K,
[1.477s]                  from [01m[K/opt/ros/foxy/include/rmw/types.h:28[m[K,
[1.477s]                  from [01m[K/opt/ros/foxy/include/rcl/types.h:18[m[K,
[1.477s]                  from [01m[K/opt/ros/foxy/include/rcl/arguments.h:20[m[K,
[1.477s]                  from [01m[K/opt/ros/foxy/include/rcl/context.h:26[m[K,
[1.477s]                  from [01m[K/opt/ros/foxy/include/rcl/guard_condition.h:24[m[K,
[1.477s]                  from [01m[K/opt/ros/foxy/include/rclcpp/executor.hpp:29[m[K,
[1.477s]                  from [01m[K/opt/ros/foxy/include/rclcpp/executors/multi_threaded_executor.hpp:26[m[K,
[1.477s]                  from [01m[K/opt/ros/foxy/include/rclcpp/executors.hpp:21[m[K,
[1.477s]                  from [01m[K/opt/ros/foxy/include/rclcpp/rclcpp.hpp:146[m[K,
[1.477s]                  from [01m[K/home/robofei/ROS2/action/src/dynamixel_sdk_examples/src/cmd_process.cpp:18[m[K:
[1.477s] [01m[K/opt/ros/foxy/include/rcutils/types/uint8_array.h:63:25:[m[K [01;36m[Knote: [m[Kto match this ‘[01m[K([m[K’
[1.477s]    63 | rcutils_uint8_array_init[01;36m[K([m[K
[1.477s]       |                         [01;36m[K^[m[K
[1.477s] In file included from [01m[K/home/robofei/ROS2/action/src/dynamixel_sdk_examples/src/cmd_process.cpp:8[m[K:
[1.478s] [01m[K/opt/ros/foxy/include/rcutils/types/uint8_array.h:65:10:[m[K [01;31m[Kerror: [m[Kinitializer provided for function
[1.478s]    65 |   size_t [01;31m[Kbuffer_capacity[m[K,
[1.478s]       |          [01;31m[K^~~~~~~~~~~~~~~[m[K
[1.478s] [01m[K/opt/ros/foxy/include/rcutils/types/uint8_array.h:65:10:[m[K [01;31m[Kerror: [m[Kexpected ‘[01m[K,[m[K’ or ‘[01m[K;[m[K’ before ‘[01m[K->[m[K’ token
[1.478s]    65 |   size_t [01;31m[Kbuffer_capacity[m[K,
[1.478s]       |          [01;31m[K^~~~~~~~~~~~~~~[m[K
[2.203s] [01m[K/home/robofei/ROS2/action/src/dynamixel_sdk_examples/src/cmd_process.cpp:26:26:[m[K [01;35m[Kwarning: [m[Knon-ISO-standard escape sequence, '\e'
[2.204s]    26 | const std::string azul = [01;35m[K"\e[0;36m"[m[K;
[2.204s]       |                          [01;35m[K^~~~~~~~~~[m[K
[2.204s] [01m[K/home/robofei/ROS2/action/src/dynamixel_sdk_examples/src/cmd_process.cpp:27:27:[m[K [01;35m[Kwarning: [m[Knon-ISO-standard escape sequence, '\e'
[2.204s]    27 | const std::string azulE = [01;35m[K"\e[0;34m"[m[K;
[2.204s]       |                           [01;35m[K^~~~~~~~~~[m[K
[2.204s] [01m[K/home/robofei/ROS2/action/src/dynamixel_sdk_examples/src/cmd_process.cpp:28:27:[m[K [01;35m[Kwarning: [m[Knon-ISO-standard escape sequence, '\e'
[2.204s]    28 | const std::string amare = [01;35m[K"\e[0;33m"[m[K;
[2.204s]       |                           [01;35m[K^~~~~~~~~~[m[K
[2.204s] [01m[K/home/robofei/ROS2/action/src/dynamixel_sdk_examples/src/cmd_process.cpp:29:27:[m[K [01;35m[Kwarning: [m[Knon-ISO-standard escape sequence, '\e'
[2.204s]    29 | const std::string verde = [01;35m[K"\e[0;32m"[m[K;
[2.205s]       |                           [01;35m[K^~~~~~~~~~[m[K
[2.205s] [01m[K/home/robofei/ROS2/action/src/dynamixel_sdk_examples/src/cmd_process.cpp:30:25:[m[K [01;35m[Kwarning: [m[Knon-ISO-standard escape sequence, '\e'
[2.205s]    30 | const std::string red = [01;35m[K"\e[0;31m"[m[K;
[2.205s]       |                         [01;35m[K^~~~~~~~~~[m[K
[2.205s] [01m[K/home/robofei/ROS2/action/src/dynamixel_sdk_examples/src/cmd_process.cpp:31:26:[m[K [01;35m[Kwarning: [m[Knon-ISO-standard escape sequence, '\e'
[2.205s]    31 | const std::string gray = [01;35m[K"\e[0;37m"[m[K;
[2.205s]       |                          [01;35m[K^~~~~~~~~~[m[K
[2.205s] [01m[K/home/robofei/ROS2/action/src/dynamixel_sdk_examples/src/cmd_process.cpp:32:26:[m[K [01;35m[Kwarning: [m[Knon-ISO-standard escape sequence, '\e'
[2.205s]    32 | const std::string nulo = [01;35m[K"\e[0m"[m[K;
[2.205s]       |                          [01;35m[K^~~~~~~[m[K
[2.205s] [01m[K/home/robofei/ROS2/action/src/dynamixel_sdk_examples/src/cmd_process.cpp:34:27:[m[K [01;35m[Kwarning: [m[Knon-ISO-standard escape sequence, '\e'
[2.205s]    34 | const std::string Lazul = [01;35m[K"\e[96m"[m[K;
[2.205s]       |                           [01;35m[K^~~~~~~~[m[K
[2.205s] [01m[K/home/robofei/ROS2/action/src/dynamixel_sdk_examples/src/cmd_process.cpp:35:28:[m[K [01;35m[Kwarning: [m[Knon-ISO-standard escape sequence, '\e'
[2.205s]    35 | const std::string LazulE = [01;35m[K"\e[94m"[m[K;
[2.206s]       |                            [01;35m[K^~~~~~~~[m[K
[2.206s] [01m[K/home/robofei/ROS2/action/src/dynamixel_sdk_examples/src/cmd_process.cpp:36:28:[m[K [01;35m[Kwarning: [m[Knon-ISO-standard escape sequence, '\e'
[2.206s]    36 | const std::string Lamare = [01;35m[K"\e[93m"[m[K;
[2.206s]       |                            [01;35m[K^~~~~~~~[m[K
[2.206s] [01m[K/home/robofei/ROS2/action/src/dynamixel_sdk_examples/src/cmd_process.cpp:37:28:[m[K [01;35m[Kwarning: [m[Knon-ISO-standard escape sequence, '\e'
[2.206s]    37 | const std::string Lverde = [01;35m[K"\e[92m"[m[K;
[2.206s]       |                            [01;35m[K^~~~~~~~[m[K
[2.206s] [01m[K/home/robofei/ROS2/action/src/dynamixel_sdk_examples/src/cmd_process.cpp:38:26:[m[K [01;35m[Kwarning: [m[Knon-ISO-standard escape sequence, '\e'
[2.206s]    38 | const std::string Lred = [01;35m[K"\e[91m"[m[K;
[2.206s]       |                          [01;35m[K^~~~~~~~[m[K
[2.206s] [01m[K/home/robofei/ROS2/action/src/dynamixel_sdk_examples/src/cmd_process.cpp:39:27:[m[K [01;35m[Kwarning: [m[Knon-ISO-standard escape sequence, '\e'
[2.206s]    39 | const std::string Lgray = [01;35m[K"\e[97m"[m[K;
[2.206s]       |                           [01;35m[K^~~~~~~~[m[K
[2.233s] [01m[K/home/robofei/ROS2/action/src/dynamixel_sdk_examples/src/cmd_process.cpp:[m[K In member function ‘[01m[Kvoid Action_Editor_Pub::DrawIntro()[m[K’:
[2.234s] [01m[K/home/robofei/ROS2/action/src/dynamixel_sdk_examples/src/cmd_process.cpp:327:10:[m[K [01;35m[Kwarning: [m[Knon-ISO-standard escape sequence, '\e'
[2.234s]   327 |   system([01;35m[K"printf '\e[8;27;80t'"[m[K);
[2.234s]       |          [01;35m[K^~~~~~~~~~~~~~~~~~~~~~[m[K
[2.235s] [01m[K/home/robofei/ROS2/action/src/dynamixel_sdk_examples/src/cmd_process.cpp:[m[K In member function ‘[01m[Kvoid Action_Editor_Pub::DrawStep(int)[m[K’:
[2.235s] [01m[K/home/robofei/ROS2/action/src/dynamixel_sdk_examples/src/cmd_process.cpp:486:26:[m[K [01;35m[Kwarning: [m[Ksuggest parentheses around ‘[01m[K+[m[K’ in operand of ‘[01m[K&[m[K’ [[01;35m[K-Wparentheses[m[K]
[2.235s]   486 |    if([01;35m[Kstep->position[id] + MotionManager::GetInstance()->m_Offset[id][m[K & Action::INVALID_BIT_MASK)
[2.235s]       |       [01;35m[K~~~~~~~~~~~~~~~~~~~^~~~~~~~~~~~~~~~~~~~~~~~~~~~~~~~~~~~~~~~~~~~[m[K
[2.236s] [01m[K/home/robofei/ROS2/action/src/dynamixel_sdk_examples/src/cmd_process.cpp:488:31:[m[K [01;35m[Kwarning: [m[Ksuggest parentheses around ‘[01m[K+[m[K’ in operand of ‘[01m[K&[m[K’ [[01;35m[K-Wparentheses[m[K]
[2.236s]   488 |    else if([01;35m[Kstep->position[id] + MotionManager::GetInstance()->m_Offset[id][m[K & Action::TORQUE_OFF_BIT_MASK)
[2.236s]       |            [01;35m[K~~~~~~~~~~~~~~~~~~~^~~~~~~~~~~~~~~~~~~~~~~~~~~~~~~~~~~~~~~~~~~~[m[K
[2.244s] [01m[K/home/robofei/ROS2/action/src/dynamixel_sdk_examples/src/cmd_process.cpp:[m[K In member function ‘[01m[Kvoid Action_Editor_Pub::SetValue(int)[m[K’:
[2.244s] [01m[K/home/robofei/ROS2/action/src/dynamixel_sdk_examples/src/cmd_process.cpp:728:10:[m[K [01;35m[Kwarning: [m[Kunused variable ‘[01m[Kerror[m[K’ [[01;35m[K-Wunused-variable[m[K]
[2.244s]   728 |      int [01;35m[Kerror[m[K;
[2.244s]       |          [01;35m[K^~~~~[m[K
[2.244s] [01m[K/home/robofei/ROS2/action/src/dynamixel_sdk_examples/src/cmd_process.cpp:793:42:[m[K [01;35m[Kwarning: [m[Ksuggest parentheses around ‘[01m[K+[m[K’ in operand of ‘[01m[K&[m[K’ [[01;35m[K-Wparentheses[m[K]
[2.244s]   793 |      if(!([01;35m[KPage.step[i].position[row + 1] + MotionManager::GetInstance()->m_Offset[row + 1][m[K & Action::INVALID_BIT_MASK))
[2.244s]       |           [01;35m[K~~~~~~~~~~~~~~~~~~~~~~~~~~~~~~~^~~~~~~~~~~~~~~~~~~~~~~~~~~~~~~~~~~~~~~~~~~~~~~~~[m[K
[2.245s] [01m[K/home/robofei/ROS2/action/src/dynamixel_sdk_examples/src/cmd_process.cpp:[m[K In member function ‘[01m[Kvoid Action_Editor_Pub::ToggleTorque()[m[K’:
[2.245s] [01m[K/home/robofei/ROS2/action/src/dynamixel_sdk_examples/src/cmd_process.cpp:896:7:[m[K [01;35m[Kwarning: [m[Kunused variable ‘[01m[Kid[m[K’ [[01;35m[K-Wunused-variable[m[K]
[2.245s]   896 |   int [01;35m[Kid[m[K = Row + 1;
[2.245s]       |       [01;35m[K^~[m[K
[2.247s] [01m[K/home/robofei/ROS2/action/src/dynamixel_sdk_examples/src/cmd_process.cpp:[m[K In member function ‘[01m[Kvoid Action_Editor_Pub::PlayCmd()[m[K’:
[2.247s] [01m[K/home/robofei/ROS2/action/src/dynamixel_sdk_examples/src/cmd_process.cpp:1002:7:[m[K [01;35m[Kwarning: [m[Kunused variable ‘[01m[Kvalue[m[K’ [[01;35m[K-Wunused-variable[m[K]
[2.247s]  1002 |   int [01;35m[Kvalue[m[K;
[2.247s]       |       [01;35m[K^~~~~[m[K
[2.248s] [01m[K/home/robofei/ROS2/action/src/dynamixel_sdk_examples/src/cmd_process.cpp:[m[K In member function ‘[01m[Kvoid Action_Editor_Pub::OnOffCmd(bool, int, int*)[m[K’:
[2.248s] [01m[K/home/robofei/ROS2/action/src/dynamixel_sdk_examples/src/cmd_process.cpp:1126:21:[m[K [01;35m[Kwarning: [m[Kunused parameter ‘[01m[Kon[m[K’ [[01;35m[K-Wunused-parameter[m[K]
[2.248s]  1126 |  void OnOffCmd([01;35m[Kbool on[m[K, int num_param, int *list)
[2.248s]       |                [01;35m[K~~~~~^~[m[K
[2.249s] [01m[K/home/robofei/ROS2/action/src/dynamixel_sdk_examples/src/cmd_process.cpp:1126:29:[m[K [01;35m[Kwarning: [m[Kunused parameter ‘[01m[Knum_param[m[K’ [[01;35m[K-Wunused-parameter[m[K]
[2.249s]  1126 |  void OnOffCmd(bool on, [01;35m[Kint num_param[m[K, int *list)
[2.249s]       |                         [01;35m[K~~~~^~~~~~~~~[m[K
[2.249s] [01m[K/home/robofei/ROS2/action/src/dynamixel_sdk_examples/src/cmd_process.cpp:1126:45:[m[K [01;35m[Kwarning: [m[Kunused parameter ‘[01m[Klist[m[K’ [[01;35m[K-Wunused-parameter[m[K]
[2.249s]  1126 |  void OnOffCmd(bool on, int num_param, [01;35m[Kint *list[m[K)
[2.249s]       |                                        [01;35m[K~~~~~^~~~[m[K
[2.249s] [01m[K/home/robofei/ROS2/action/src/dynamixel_sdk_examples/src/cmd_process.cpp:[m[K In member function ‘[01m[Kvoid Action_Editor_Pub::WriteStepCmd(int)[m[K’:
[2.250s] [01m[K/home/robofei/ROS2/action/src/dynamixel_sdk_examples/src/cmd_process.cpp:1136:25:[m[K [01;35m[Kwarning: [m[Ksuggest parentheses around ‘[01m[K+[m[K’ in operand of ‘[01m[K&[m[K’ [[01;35m[K-Wparentheses[m[K]
[2.250s]  1136 |    if([01;35m[KStep.position[id] + MotionManager::GetInstance()->m_Offset[id][m[K & Action::TORQUE_OFF_BIT_MASK)
[2.250s]       |       [01;35m[K~~~~~~~~~~~~~~~~~~^~~~~~~~~~~~~~~~~~~~~~~~~~~~~~~~~~~~~~~~~~~~[m[K
[2.250s] [01m[K/home/robofei/ROS2/action/src/dynamixel_sdk_examples/src/cmd_process.cpp:[m[K In member function ‘[01m[Kvoid Action_Editor_Pub::InsertStepCmd(int)[m[K’:
[2.250s] [01m[K/home/robofei/ROS2/action/src/dynamixel_sdk_examples/src/cmd_process.cpp:1193:25:[m[K [01;35m[Kwarning: [m[Ksuggest parentheses around ‘[01m[K+[m[K’ in operand of ‘[01m[K&[m[K’ [[01;35m[K-Wparentheses[m[K]
[2.250s]  1193 |    if([01;35m[KStep.position[id] + MotionManager::GetInstance()->m_Offset[id][m[K & Action::TORQUE_OFF_BIT_MASK)
[2.250s]       |       [01;35m[K~~~~~~~~~~~~~~~~~~^~~~~~~~~~~~~~~~~~~~~~~~~~~~~~~~~~~~~~~~~~~~[m[K
[2.251s] [01m[K/home/robofei/ROS2/action/src/dynamixel_sdk_examples/src/cmd_process.cpp:[m[K In member function ‘[01m[Kvoid Action_Editor_Pub::GoCmd(int)[m[K’:
[2.252s] [01m[K/home/robofei/ROS2/action/src/dynamixel_sdk_examples/src/cmd_process.cpp:1322:37:[m[K [01;35m[Kwarning: [m[Ksuggest parentheses around ‘[01m[K+[m[K’ in operand of ‘[01m[K&[m[K’ [[01;35m[K-Wparentheses[m[K]
[2.252s]  1322 |    if([01;35m[KPage.step[index].position[id] + MotionManager::GetInstance()->m_Offset[id][m[K & Action::INVALID_BIT_MASK)
[2.252s]       |       [01;35m[K~~~~~~~~~~~~~~~~~~~~~~~~~~~~~~^~~~~~~~~~~~~~~~~~~~~~~~~~~~~~~~~~~~~~~~~~~~[m[K
[2.252s] [01m[K/home/robofei/ROS2/action/src/dynamixel_sdk_examples/src/cmd_process.cpp:1340:23:[m[K [01;31m[Kerror: [m[Kno match for ‘[01m[Koperator=[m[K’ (operand types are ‘[01m[Kdynamixel_sdk_custom_interfaces::msg::SetPositionSync_<std::allocator<void> >::_id_type[m[K’ {aka ‘[01m[Kstd::vector<unsigned char>[m[K’} and ‘[01m[Kuint8_t [19][m[K’ {aka ‘[01m[Kunsigned char [19][m[K’})
[2.252s]  1340 |     message_sync.id = [01;31m[Kid_vector[m[K;
[2.252s]       |                       [01;31m[K^~~~~~~~~[m[K
[2.252s] In file included from [01m[K/usr/include/c++/9/vector:72[m[K,
[2.252s]                  from [01m[K/home/robofei/ROS2/action/install/dynamixel_sdk/include/dynamixel_sdk/group_bulk_read.h:27[m[K,
[2.252s]                  from [01m[K/home/robofei/ROS2/action/install/dynamixel_sdk/include/dynamixel_sdk/dynamixel_sdk.h:26[m[K,
[2.252s]                  from [01m[K/home/robofei/ROS2/action/src/dynamixel_sdk_examples/src/cmd_process.cpp:14[m[K:
[2.252s] [01m[K/usr/include/c++/9/bits/vector.tcc:198:5:[m[K [01;36m[Knote: [m[Kcandidate: ‘[01m[Kstd::vector<_Tp, _Alloc>& std::vector<_Tp, _Alloc>::operator=(const std::vector<_Tp, _Alloc>&) [with _Tp = unsigned char; _Alloc = std::allocator<unsigned char>][m[K’
[2.253s]   198 |     [01;36m[Kvector<_Tp, _Alloc>[m[K::
[2.253s]       |     [01;36m[K^~~~~~~~~~~~~~~~~~~[m[K
[2.253s] [01m[K/usr/include/c++/9/bits/vector.tcc:199:42:[m[K [01;36m[Knote: [m[K  no known conversion for argument 1 from ‘[01m[Kuint8_t [19][m[K’ {aka ‘[01m[Kunsigned char [19][m[K’} to ‘[01m[Kconst std::vector<unsigned char>&[m[K’
[2.253s]   199 |     operator=([01;36m[Kconst vector<_Tp, _Alloc>& __x[m[K)
[2.253s]       |               [01;36m[K~~~~~~~~~~~~~~~~~~~~~~~~~~~^~~[m[K
[2.253s] In file included from [01m[K/usr/include/c++/9/vector:67[m[K,
[2.253s]                  from [01m[K/home/robofei/ROS2/action/install/dynamixel_sdk/include/dynamixel_sdk/group_bulk_read.h:27[m[K,
[2.253s]                  from [01m[K/home/robofei/ROS2/action/install/dynamixel_sdk/include/dynamixel_sdk/dynamixel_sdk.h:26[m[K,
[2.253s]                  from [01m[K/home/robofei/ROS2/action/src/dynamixel_sdk_examples/src/cmd_process.cpp:14[m[K:
[2.253s] [01m[K/usr/include/c++/9/bits/stl_vector.h:706:7:[m[K [01;36m[Knote: [m[Kcandidate: ‘[01m[Kstd::vector<_Tp, _Alloc>& std::vector<_Tp, _Alloc>::operator=(std::vector<_Tp, _Alloc>&&) [with _Tp = unsigned char; _Alloc = std::allocator<unsigned char>][m[K’
[2.253s]   706 |       [01;36m[Koperator[m[K=(vector&& __x) noexcept(_Alloc_traits::_S_nothrow_move())
[2.253s]       |       [01;36m[K^~~~~~~~[m[K
[2.253s] [01m[K/usr/include/c++/9/bits/stl_vector.h:706:26:[m[K [01;36m[Knote: [m[K  no known conversion for argument 1 from ‘[01m[Kuint8_t [19][m[K’ {aka ‘[01m[Kunsigned char [19][m[K’} to ‘[01m[Kstd::vector<unsigned char>&&[m[K’
[2.253s]   706 |       operator=([01;36m[Kvector&& __x[m[K) noexcept(_Alloc_traits::_S_nothrow_move())
[2.253s]       |                 [01;36m[K~~~~~~~~~^~~[m[K
[2.254s] [01m[K/usr/include/c++/9/bits/stl_vector.h:727:7:[m[K [01;36m[Knote: [m[Kcandidate: ‘[01m[Kstd::vector<_Tp, _Alloc>& std::vector<_Tp, _Alloc>::operator=(std::initializer_list<_Tp>) [with _Tp = unsigned char; _Alloc = std::allocator<unsigned char>][m[K’
[2.254s]   727 |       [01;36m[Koperator[m[K=(initializer_list<value_type> __l)
[2.254s]       |       [01;36m[K^~~~~~~~[m[K
[2.254s] [01m[K/usr/include/c++/9/bits/stl_vector.h:727:46:[m[K [01;36m[Knote: [m[K  no known conversion for argument 1 from ‘[01m[Kuint8_t [19][m[K’ {aka ‘[01m[Kunsigned char [19][m[K’} to ‘[01m[Kstd::initializer_list<unsigned char>[m[K’
[2.254s]   727 |       operator=([01;36m[Kinitializer_list<value_type> __l[m[K)
[2.254s]       |                 [01;36m[K~~~~~~~~~~~~~~~~~~~~~~~~~~~~~^~~[m[K
[2.254s] [01m[K/home/robofei/ROS2/action/src/dynamixel_sdk_examples/src/cmd_process.cpp:1341:29:[m[K [01;31m[Kerror: [m[Kno match for ‘[01m[Koperator=[m[K’ (operand types are ‘[01m[Kdynamixel_sdk_custom_interfaces::msg::SetPositionSync_<std::allocator<void> >::_position_type[m[K’ {aka ‘[01m[Kstd::vector<int, std::allocator<int> >[m[K’} and ‘[01m[Kint32_t [19][m[K’ {aka ‘[01m[Kint [19][m[K’})
[2.254s]  1341 |     message_sync.position = [01;31m[KwGoalPosition[m[K;
[2.254s]       |                             [01;31m[K^~~~~~~~~~~~~[m[K
[2.254s] In file included from [01m[K/usr/include/c++/9/vector:72[m[K,
[2.254s]                  from [01m[K/home/robofei/ROS2/action/install/dynamixel_sdk/include/dynamixel_sdk/group_bulk_read.h:27[m[K,
[2.254s]                  from [01m[K/home/robofei/ROS2/action/install/dynamixel_sdk/include/dynamixel_sdk/dynamixel_sdk.h:26[m[K,
[2.254s]                  from [01m[K/home/robofei/ROS2/action/src/dynamixel_sdk_examples/src/cmd_process.cpp:14[m[K:
[2.254s] [01m[K/usr/include/c++/9/bits/vector.tcc:198:5:[m[K [01;36m[Knote: [m[Kcandidate: ‘[01m[Kstd::vector<_Tp, _Alloc>& std::vector<_Tp, _Alloc>::operator=(const std::vector<_Tp, _Alloc>&) [with _Tp = int; _Alloc = std::allocator<int>][m[K’
[2.254s]   198 |     [01;36m[Kvector<_Tp, _Alloc>[m[K::
[2.255s]       |     [01;36m[K^~~~~~~~~~~~~~~~~~~[m[K
[2.255s] [01m[K/usr/include/c++/9/bits/vector.tcc:199:42:[m[K [01;36m[Knote: [m[K  no known conversion for argument 1 from ‘[01m[Kint32_t [19][m[K’ {aka ‘[01m[Kint [19][m[K’} to ‘[01m[Kconst std::vector<int, std::allocator<int> >&[m[K’
[2.255s]   199 |     operator=([01;36m[Kconst vector<_Tp, _Alloc>& __x[m[K)
[2.255s]       |               [01;36m[K~~~~~~~~~~~~~~~~~~~~~~~~~~~^~~[m[K
[2.255s] In file included from [01m[K/usr/include/c++/9/vector:67[m[K,
[2.255s]                  from [01m[K/home/robofei/ROS2/action/install/dynamixel_sdk/include/dynamixel_sdk/group_bulk_read.h:27[m[K,
[2.255s]                  from [01m[K/home/robofei/ROS2/action/install/dynamixel_sdk/include/dynamixel_sdk/dynamixel_sdk.h:26[m[K,
[2.255s]                  from [01m[K/home/robofei/ROS2/action/src/dynamixel_sdk_examples/src/cmd_process.cpp:14[m[K:
[2.255s] [01m[K/usr/include/c++/9/bits/stl_vector.h:706:7:[m[K [01;36m[Knote: [m[Kcandidate: ‘[01m[Kstd::vector<_Tp, _Alloc>& std::vector<_Tp, _Alloc>::operator=(std::vector<_Tp, _Alloc>&&) [with _Tp = int; _Alloc = std::allocator<int>][m[K’
[2.255s]   706 |       [01;36m[Koperator[m[K=(vector&& __x) noexcept(_Alloc_traits::_S_nothrow_move())
[2.255s]       |       [01;36m[K^~~~~~~~[m[K
[2.255s] [01m[K/usr/include/c++/9/bits/stl_vector.h:706:26:[m[K [01;36m[Knote: [m[K  no known conversion for argument 1 from ‘[01m[Kint32_t [19][m[K’ {aka ‘[01m[Kint [19][m[K’} to ‘[01m[Kstd::vector<int, std::allocator<int> >&&[m[K’
[2.255s]   706 |       operator=([01;36m[Kvector&& __x[m[K) noexcept(_Alloc_traits::_S_nothrow_move())
[2.255s]       |                 [01;36m[K~~~~~~~~~^~~[m[K
[2.255s] [01m[K/usr/include/c++/9/bits/stl_vector.h:727:7:[m[K [01;36m[Knote: [m[Kcandidate: ‘[01m[Kstd::vector<_Tp, _Alloc>& std::vector<_Tp, _Alloc>::operator=(std::initializer_list<_Tp>) [with _Tp = int; _Alloc = std::allocator<int>][m[K’
[2.256s]   727 |       [01;36m[Koperator[m[K=(initializer_list<value_type> __l)
[2.256s]       |       [01;36m[K^~~~~~~~[m[K
[2.256s] [01m[K/usr/include/c++/9/bits/stl_vector.h:727:46:[m[K [01;36m[Knote: [m[K  no known conversion for argument 1 from ‘[01m[Kint32_t [19][m[K’ {aka ‘[01m[Kint [19][m[K’} to ‘[01m[Kstd::initializer_list<int>[m[K’
[2.256s]   727 |       operator=([01;36m[Kinitializer_list<value_type> __l[m[K)
[2.256s]       |                 [01;36m[K~~~~~~~~~~~~~~~~~~~~~~~~~~~~~^~~[m[K
[2.258s] [01m[K/home/robofei/ROS2/action/src/dynamixel_sdk_examples/src/cmd_process.cpp:1312:7:[m[K [01;35m[Kwarning: [m[Kunused variable ‘[01m[Kparam[m[K’ [[01;35m[K-Wunused-variable[m[K]
[2.259s]  1312 |   int [01;35m[Kparam[m[K[JointData::NUMBER_OF_JOINTS * 5];
[2.259s]       |       [01;35m[K^~~~~[m[K
[2.259s] [01m[K/home/robofei/ROS2/action/src/dynamixel_sdk_examples/src/cmd_process.cpp:1314:7:[m[K [01;35m[Kwarning: [m[Kunused variable ‘[01m[KwStartPosition[m[K’ [[01;35m[K-Wunused-variable[m[K]
[2.259s]  1314 |   int [01;35m[KwStartPosition[m[K;
[2.259s]       |       [01;35m[K^~~~~~~~~~~~~~[m[K
[3.292s] make[2]: *** [CMakeFiles/cmd_node.dir/build.make:63: CMakeFiles/cmd_node.dir/src/cmd_process.cpp.o] Error 1
[3.292s] make[1]: *** [CMakeFiles/Makefile2:78: CMakeFiles/cmd_node.dir/all] Error 2
[3.293s] make: *** [Makefile:141: all] Error 2
[3.295s] Invoked command in '/home/robofei/ROS2/action/build/dynamixel_sdk_examples' returned '2': CMAKE_PREFIX_PATH=${CMAKE_PREFIX_PATH}:/opt/ros/foxy /usr/bin/cmake --build /home/robofei/ROS2/action/build/dynamixel_sdk_examples -- -j4 -l4
