[0.083s] Invoking command in '/home/robofei/ROS2/build/dynamixel_sdk': CMAKE_PREFIX_PATH=${CMAKE_PREFIX_PATH}:/home/robofei/ROS2/install/vision_pkg:/home/robofei/ROS2/install/decision_pkg:/home/robofei/ROS2/install/controller:/opt/ros/foxy /usr/bin/cmake --build /home/robofei/ROS2/build/dynamixel_sdk -- -j4 -l4
[0.313s] [100%] Built target dynamixel_sdk
[0.367s] Invoked command in '/home/robofei/ROS2/build/dynamixel_sdk' returned '0': CMAKE_PREFIX_PATH=${CMAKE_PREFIX_PATH}:/home/robofei/ROS2/install/vision_pkg:/home/robofei/ROS2/install/decision_pkg:/home/robofei/ROS2/install/controller:/opt/ros/foxy /usr/bin/cmake --build /home/robofei/ROS2/build/dynamixel_sdk -- -j4 -l4
[0.498s] Invoking command in '/home/robofei/ROS2/build/dynamixel_sdk': CMAKE_PREFIX_PATH=${CMAKE_PREFIX_PATH}:/home/robofei/ROS2/install/vision_pkg:/home/robofei/ROS2/install/decision_pkg:/home/robofei/ROS2/install/controller:/opt/ros/foxy /usr/bin/cmake --install /home/robofei/ROS2/build/dynamixel_sdk
[0.522s] -- Install configuration: ""
[0.524s] -- Execute custom install script
[0.526s] -- Up-to-date symlink: /home/robofei/ROS2/install/dynamixel_sdk/include//dynamixel_sdk/dynamixel_sdk.h
[0.527s] -- Up-to-date symlink: /home/robofei/ROS2/install/dynamixel_sdk/include//dynamixel_sdk/group_bulk_read.h
[0.528s] -- Up-to-date symlink: /home/robofei/ROS2/install/dynamixel_sdk/include//dynamixel_sdk/group_bulk_write.h
[0.529s] -- Up-to-date symlink: /home/robofei/ROS2/install/dynamixel_sdk/include//dynamixel_sdk/group_sync_read.h
[0.529s] -- Up-to-date symlink: /home/robofei/ROS2/install/dynamixel_sdk/include//dynamixel_sdk/group_sync_write.h
[0.531s] -- Up-to-date symlink: /home/robofei/ROS2/install/dynamixel_sdk/include//dynamixel_sdk/packet_handler.h
[0.531s] -- Up-to-date symlink: /home/robofei/ROS2/install/dynamixel_sdk/include//dynamixel_sdk/port_handler.h
[0.532s] -- Up-to-date symlink: /home/robofei/ROS2/install/dynamixel_sdk/include//dynamixel_sdk/port_handler_arduino.h
[0.533s] -- Up-to-date symlink: /home/robofei/ROS2/install/dynamixel_sdk/include//dynamixel_sdk/port_handler_linux.h
[0.534s] -- Up-to-date symlink: /home/robofei/ROS2/install/dynamixel_sdk/include//dynamixel_sdk/port_handler_mac.h
[0.535s] -- Up-to-date symlink: /home/robofei/ROS2/install/dynamixel_sdk/include//dynamixel_sdk/port_handler_windows.h
[0.536s] -- Up-to-date symlink: /home/robofei/ROS2/install/dynamixel_sdk/include//dynamixel_sdk/protocol1_packet_handler.h
[0.537s] -- Up-to-date symlink: /home/robofei/ROS2/install/dynamixel_sdk/include//dynamixel_sdk/protocol2_packet_handler.h
[0.538s] -- Up-to-date symlink: /home/robofei/ROS2/install/dynamixel_sdk/lib/libdynamixel_sdk.so
[0.539s] -- Up-to-date symlink: /home/robofei/ROS2/install/dynamixel_sdk/share/dynamixel_sdk/environment/library_path.sh
[0.540s] -- Up-to-date symlink: /home/robofei/ROS2/install/dynamixel_sdk/share/dynamixel_sdk/environment/library_path.dsv
[0.541s] -- Up-to-date symlink: /home/robofei/ROS2/install/dynamixel_sdk/share/ament_index/resource_index/package_run_dependencies/dynamixel_sdk
[0.547s] -- Up-to-date symlink: /home/robofei/ROS2/install/dynamixel_sdk/share/ament_index/resource_index/parent_prefix_path/dynamixel_sdk
[0.547s] -- Up-to-date symlink: /home/robofei/ROS2/install/dynamixel_sdk/share/dynamixel_sdk/environment/ament_prefix_path.sh
[0.558s] -- Up-to-date symlink: /home/robofei/ROS2/install/dynamixel_sdk/share/dynamixel_sdk/environment/ament_prefix_path.dsv
[0.558s] -- Up-to-date symlink: /home/robofei/ROS2/install/dynamixel_sdk/share/dynamixel_sdk/environment/path.sh
[0.559s] -- Up-to-date symlink: /home/robofei/ROS2/install/dynamixel_sdk/share/dynamixel_sdk/environment/path.dsv
[0.559s] -- Up-to-date symlink: /home/robofei/ROS2/install/dynamixel_sdk/share/dynamixel_sdk/local_setup.bash
[0.559s] -- Up-to-date symlink: /home/robofei/ROS2/install/dynamixel_sdk/share/dynamixel_sdk/local_setup.sh
[0.559s] -- Up-to-date symlink: /home/robofei/ROS2/install/dynamixel_sdk/share/dynamixel_sdk/local_setup.zsh
[0.559s] -- Up-to-date symlink: /home/robofei/ROS2/install/dynamixel_sdk/share/dynamixel_sdk/local_setup.dsv
[0.560s] -- Symlinking: /home/robofei/ROS2/install/dynamixel_sdk/share/dynamixel_sdk/package.dsv
[0.572s] -- Up-to-date symlink: /home/robofei/ROS2/install/dynamixel_sdk/share/ament_index/resource_index/packages/dynamixel_sdk
[0.573s] -- Up-to-date symlink: /home/robofei/ROS2/install/dynamixel_sdk/share/dynamixel_sdk/cmake/ament_cmake_export_include_directories-extras.cmake
[0.573s] -- Up-to-date symlink: /home/robofei/ROS2/install/dynamixel_sdk/share/dynamixel_sdk/cmake/ament_cmake_export_libraries-extras.cmake
[0.573s] -- Up-to-date symlink: /home/robofei/ROS2/install/dynamixel_sdk/share/dynamixel_sdk/cmake/dynamixel_sdkConfig.cmake
[0.574s] -- Up-to-date symlink: /home/robofei/ROS2/install/dynamixel_sdk/share/dynamixel_sdk/cmake/dynamixel_sdkConfig-version.cmake
[0.574s] -- Up-to-date symlink: /home/robofei/ROS2/install/dynamixel_sdk/share/dynamixel_sdk/package.xml
[0.605s] Invoked command in '/home/robofei/ROS2/build/dynamixel_sdk' returned '0': CMAKE_PREFIX_PATH=${CMAKE_PREFIX_PATH}:/home/robofei/ROS2/install/vision_pkg:/home/robofei/ROS2/install/decision_pkg:/home/robofei/ROS2/install/controller:/opt/ros/foxy /usr/bin/cmake --install /home/robofei/ROS2/build/dynamixel_sdk
