[0.189s] Invoking command in '/home/robofei/ROS2/action/build/custom_interfaces': CMAKE_PREFIX_PATH=/opt/ros/foxy /usr/bin/cmake --build /home/robofei/ROS2/action/build/custom_interfaces -- -j4 -l4
[1.098s] -- Found ament_cmake: 0.9.9 (/opt/ros/foxy/share/ament_cmake/cmake)
[1.297s] -- Found PythonInterp: /usr/bin/python3 (found suitable version "3.8.10", minimum required is "3") 
[1.298s] -- Using PYTHON_EXECUTABLE: /usr/bin/python3
[1.677s] -- Override CMake install command with custom implementation using symlinks instead of copying resources
[1.989s] -- Found builtin_interfaces: 1.0.0 (/opt/ros/foxy/share/builtin_interfaces/cmake)
[2.138s] -- Using all available rosidl_typesupport_c: rosidl_typesupport_fastrtps_c;rosidl_typesupport_introspection_c
[2.206s] -- Found rosidl_adapter: 1.2.1 (/opt/ros/foxy/share/rosidl_adapter/cmake)
[3.044s] -- Using all available rosidl_typesupport_cpp: rosidl_typesupport_fastrtps_cpp;rosidl_typesupport_introspection_cpp
[3.156s] -- Found rosidl_default_generators: 1.0.1 (/opt/ros/foxy/share/rosidl_default_generators/cmake)
[3.294s] -- Found PythonInterp: /usr/bin/python3 (found version "3.8.10") 
[3.806s] -- Found ament_cmake_ros: 0.9.2 (/opt/ros/foxy/share/ament_cmake_ros/cmake)
[4.280s] -- Using all available rosidl_typesupport_c: rosidl_typesupport_fastrtps_c;rosidl_typesupport_introspection_c
[4.459s] -- Using all available rosidl_typesupport_cpp: rosidl_typesupport_fastrtps_cpp;rosidl_typesupport_introspection_cpp
[4.547s] -- Found PythonInterp: /usr/bin/python3 (found suitable version "3.8.10", minimum required is "3.5") 
[4.577s] -- Found python_cmake_module: 0.8.1 (/opt/ros/foxy/share/python_cmake_module/cmake)
[4.673s] -- Using PYTHON_EXECUTABLE: /usr/bin/python3
[4.673s] -- Using PYTHON_INCLUDE_DIRS: /usr/include/python3.8
[4.674s] -- Using PYTHON_LIBRARIES: /usr/lib/x86_64-linux-gnu/libpython3.8.so
[5.257s] -- Configuring done
[6.065s] -- Generating done
[6.086s] -- Build files have been written to: /home/robofei/ROS2/action/build/custom_interfaces
[6.198s] [35m[1mScanning dependencies of target custom_interfaces__cpp[0m
[6.207s] [  2%] [34m[1mGenerating C code for ROS interfaces[0m
[6.214s] [  4%] [34m[1mGenerating C++ code for ROS interfaces[0m
[7.154s] [  4%] Built target custom_interfaces__cpp
[7.188s] [  6%] [34m[1mGenerating C++ type support dispatch for ROS interfaces[0m
[7.204s] [  8%] [34m[1mGenerating C++ introspection for ROS interfaces[0m
[7.204s] [ 10%] [34m[1mGenerating C++ type support for eProsima Fast-RTPS[0m
[7.277s] [35m[1mScanning dependencies of target custom_interfaces__rosidl_generator_c[0m
[7.333s] [ 12%] [32mBuilding C object CMakeFiles/custom_interfaces__rosidl_generator_c.dir/rosidl_generator_c/custom_interfaces/msg/detail/set_position__functions.c.o[0m
[7.776s] [35m[1mScanning dependencies of target custom_interfaces__rosidl_typesupport_cpp[0m
[7.840s] [ 14%] [32mBuilding CXX object CMakeFiles/custom_interfaces__rosidl_typesupport_cpp.dir/rosidl_typesupport_cpp/custom_interfaces/msg/set_position__type_support.cpp.o[0m
[7.847s] [35m[1mScanning dependencies of target custom_interfaces__rosidl_typesupport_introspection_cpp[0m
[7.949s] [ 17%] [32mBuilding CXX object CMakeFiles/custom_interfaces__rosidl_typesupport_introspection_cpp.dir/rosidl_typesupport_introspection_cpp/custom_interfaces/msg/detail/set_position__type_support.cpp.o[0m
[8.254s] [35m[1mScanning dependencies of target custom_interfaces__rosidl_typesupport_fastrtps_cpp[0m
[8.416s] [ 19%] [32mBuilding CXX object CMakeFiles/custom_interfaces__rosidl_typesupport_fastrtps_cpp.dir/rosidl_typesupport_fastrtps_cpp/custom_interfaces/msg/detail/dds_fastrtps/set_position__type_support.cpp.o[0m
[8.860s] [ 21%] [32mBuilding C object CMakeFiles/custom_interfaces__rosidl_generator_c.dir/rosidl_generator_c/custom_interfaces/msg/detail/decision__functions.c.o[0m
[8.926s] [ 23%] [32mBuilding C object CMakeFiles/custom_interfaces__rosidl_generator_c.dir/rosidl_generator_c/custom_interfaces/srv/detail/get_position__functions.c.o[0m
[9.028s] [ 25%] [32m[1mLinking C shared library libcustom_interfaces__rosidl_generator_c.so[0m
[9.647s] [ 27%] [32mBuilding CXX object CMakeFiles/custom_interfaces__rosidl_typesupport_cpp.dir/rosidl_typesupport_cpp/custom_interfaces/msg/decision__type_support.cpp.o[0m
[9.741s] [ 29%] [32mBuilding CXX object CMakeFiles/custom_interfaces__rosidl_typesupport_fastrtps_cpp.dir/rosidl_typesupport_fastrtps_cpp/custom_interfaces/msg/detail/dds_fastrtps/decision__type_support.cpp.o[0m
[9.742s] [ 31%] [32mBuilding CXX object CMakeFiles/custom_interfaces__rosidl_typesupport_introspection_cpp.dir/rosidl_typesupport_introspection_cpp/custom_interfaces/msg/detail/decision__type_support.cpp.o[0m
[9.784s] [ 31%] Built target custom_interfaces__rosidl_generator_c
[9.828s] [ 34%] [34m[1mGenerating C type support dispatch for ROS interfaces[0m
[10.051s] [ 36%] [32mBuilding CXX object CMakeFiles/custom_interfaces__rosidl_typesupport_cpp.dir/rosidl_typesupport_cpp/custom_interfaces/srv/get_position__type_support.cpp.o[0m
[10.310s] [ 38%] [32mBuilding CXX object CMakeFiles/custom_interfaces__rosidl_typesupport_introspection_cpp.dir/rosidl_typesupport_introspection_cpp/custom_interfaces/srv/detail/get_position__type_support.cpp.o[0m
[10.377s] [35m[1mScanning dependencies of target custom_interfaces__rosidl_typesupport_c[0m
[10.407s] [ 40%] [32mBuilding CXX object CMakeFiles/custom_interfaces__rosidl_typesupport_c.dir/rosidl_typesupport_c/custom_interfaces/msg/set_position__type_support.cpp.o[0m
[10.455s] [ 42%] [32mBuilding CXX object CMakeFiles/custom_interfaces__rosidl_typesupport_c.dir/rosidl_typesupport_c/custom_interfaces/msg/decision__type_support.cpp.o[0m
[10.504s] [ 44%] [32mBuilding CXX object CMakeFiles/custom_interfaces__rosidl_typesupport_c.dir/rosidl_typesupport_c/custom_interfaces/srv/get_position__type_support.cpp.o[0m
[10.544s] [ 46%] [32mBuilding CXX object CMakeFiles/custom_interfaces__rosidl_typesupport_fastrtps_cpp.dir/rosidl_typesupport_fastrtps_cpp/custom_interfaces/srv/detail/dds_fastrtps/get_position__type_support.cpp.o[0m
[10.556s] [ 48%] [32m[1mLinking CXX shared library libcustom_interfaces__rosidl_typesupport_c.so[0m
[10.568s] [ 51%] [32m[1mLinking CXX shared library libcustom_interfaces__rosidl_typesupport_cpp.so[0m
[10.647s] [ 51%] Built target custom_interfaces__rosidl_typesupport_cpp
[10.648s] [ 51%] Built target custom_interfaces__rosidl_typesupport_c
[10.659s] [ 53%] [34m[1mGenerating C introspection for ROS interfaces[0m
[10.744s] [ 55%] [32m[1mLinking CXX shared library libcustom_interfaces__rosidl_typesupport_introspection_cpp.so[0m
[10.835s] [ 55%] Built target custom_interfaces__rosidl_typesupport_introspection_cpp
[11.261s] [ 57%] [32m[1mLinking CXX shared library libcustom_interfaces__rosidl_typesupport_fastrtps_cpp.so[0m
[11.327s] [35m[1mScanning dependencies of target custom_interfaces__rosidl_typesupport_introspection_c[0m
[11.429s] [ 59%] [32mBuilding C object CMakeFiles/custom_interfaces__rosidl_typesupport_introspection_c.dir/rosidl_typesupport_introspection_c/custom_interfaces/msg/detail/set_position__type_support.c.o[0m
[11.430s] [ 63%] [32mBuilding C object CMakeFiles/custom_interfaces__rosidl_typesupport_introspection_c.dir/rosidl_typesupport_introspection_c/custom_interfaces/msg/detail/decision__type_support.c.o[0m
[11.431s] [ 63%] [32mBuilding C object CMakeFiles/custom_interfaces__rosidl_typesupport_introspection_c.dir/rosidl_typesupport_introspection_c/custom_interfaces/srv/detail/get_position__type_support.c.o[0m
[11.556s] [ 65%] [32m[1mLinking C shared library libcustom_interfaces__rosidl_typesupport_introspection_c.so[0m
[11.606s] [ 65%] Built target custom_interfaces__rosidl_typesupport_introspection_c
[11.631s] [ 65%] Built target custom_interfaces__rosidl_typesupport_fastrtps_cpp
[11.660s] [ 68%] [34m[1mGenerating C type support for eProsima Fast-RTPS[0m
[12.060s] [35m[1mScanning dependencies of target custom_interfaces__rosidl_typesupport_fastrtps_c[0m
[12.102s] [ 70%] [32mBuilding CXX object CMakeFiles/custom_interfaces__rosidl_typesupport_fastrtps_c.dir/rosidl_typesupport_fastrtps_c/custom_interfaces/msg/detail/set_position__type_support_c.cpp.o[0m
[12.103s] [ 72%] [32mBuilding CXX object CMakeFiles/custom_interfaces__rosidl_typesupport_fastrtps_c.dir/rosidl_typesupport_fastrtps_c/custom_interfaces/msg/detail/decision__type_support_c.cpp.o[0m
[12.104s] [ 74%] [32mBuilding CXX object CMakeFiles/custom_interfaces__rosidl_typesupport_fastrtps_c.dir/rosidl_typesupport_fastrtps_c/custom_interfaces/srv/detail/get_position__type_support_c.cpp.o[0m
[12.710s] [ 76%] [32m[1mLinking CXX shared library libcustom_interfaces__rosidl_typesupport_fastrtps_c.so[0m
[12.811s] [ 76%] Built target custom_interfaces__rosidl_typesupport_fastrtps_c
[12.900s] [ 76%] Built target custom_interfaces
[12.931s] [35m[1mScanning dependencies of target custom_interfaces__py[0m
[12.955s] [ 78%] [34m[1mGenerating Python code for ROS interfaces[0m
[14.783s] [ 78%] Built target custom_interfaces__py
[14.814s] [35m[1mScanning dependencies of target custom_interfaces__python[0m
[14.844s] [ 80%] [32mBuilding C object CMakeFiles/custom_interfaces__python.dir/rosidl_generator_py/custom_interfaces/msg/_decision_s.c.o[0m
[14.845s] [ 82%] [32mBuilding C object CMakeFiles/custom_interfaces__python.dir/rosidl_generator_py/custom_interfaces/msg/_set_position_s.c.o[0m
[14.845s] [ 85%] [32mBuilding C object CMakeFiles/custom_interfaces__python.dir/rosidl_generator_py/custom_interfaces/srv/_get_position_s.c.o[0m
[15.238s] [ 87%] [32m[1mLinking C shared library rosidl_generator_py/custom_interfaces/libcustom_interfaces__python.so[0m
[15.315s] [ 87%] Built target custom_interfaces__python
[15.389s] [35m[1mScanning dependencies of target custom_interfaces__rosidl_typesupport_c__pyext[0m
[15.404s] [35m[1mScanning dependencies of target custom_interfaces__rosidl_typesupport_fastrtps_c__pyext[0m
[15.405s] [35m[1mScanning dependencies of target custom_interfaces__rosidl_typesupport_introspection_c__pyext[0m
[15.476s] [ 89%] [32mBuilding C object CMakeFiles/custom_interfaces__rosidl_typesupport_c__pyext.dir/rosidl_generator_py/custom_interfaces/_custom_interfaces_s.ep.rosidl_typesupport_c.c.o[0m
[15.486s] [ 91%] [32mBuilding C object CMakeFiles/custom_interfaces__rosidl_typesupport_introspection_c__pyext.dir/rosidl_generator_py/custom_interfaces/_custom_interfaces_s.ep.rosidl_typesupport_introspection_c.c.o[0m
[15.490s] [ 93%] [32mBuilding C object CMakeFiles/custom_interfaces__rosidl_typesupport_fastrtps_c__pyext.dir/rosidl_generator_py/custom_interfaces/_custom_interfaces_s.ep.rosidl_typesupport_fastrtps_c.c.o[0m
[15.598s] [ 95%] [32m[1mLinking CXX shared library rosidl_generator_py/custom_interfaces/custom_interfaces_s__rosidl_typesupport_fastrtps_c.cpython-38-x86_64-linux-gnu.so[0m
[15.636s] [ 97%] [32m[1mLinking C shared library rosidl_generator_py/custom_interfaces/custom_interfaces_s__rosidl_typesupport_c.cpython-38-x86_64-linux-gnu.so[0m
[15.642s] [100%] [32m[1mLinking C shared library rosidl_generator_py/custom_interfaces/custom_interfaces_s__rosidl_typesupport_introspection_c.cpython-38-x86_64-linux-gnu.so[0m
[15.681s] [100%] Built target custom_interfaces__rosidl_typesupport_fastrtps_c__pyext
[15.690s] [100%] Built target custom_interfaces__rosidl_typesupport_c__pyext
[15.691s] [100%] Built target custom_interfaces__rosidl_typesupport_introspection_c__pyext
[15.704s] Invoked command in '/home/robofei/ROS2/action/build/custom_interfaces' returned '0': CMAKE_PREFIX_PATH=/opt/ros/foxy /usr/bin/cmake --build /home/robofei/ROS2/action/build/custom_interfaces -- -j4 -l4
[15.791s] Invoking command in '/home/robofei/ROS2/action/build/custom_interfaces': CMAKE_PREFIX_PATH=/opt/ros/foxy /usr/bin/cmake --install /home/robofei/ROS2/action/build/custom_interfaces
[15.802s] -- Install configuration: ""
[15.803s] -- Execute custom install script
[15.803s] -- Up-to-date symlink: /home/robofei/ROS2/action/install/custom_interfaces/share/ament_index/resource_index/rosidl_interfaces/custom_interfaces
[15.804s] -- Symlinking: /home/robofei/ROS2/action/install/custom_interfaces/include/custom_interfaces/msg/decision.h
[15.814s] -- Symlinking: /home/robofei/ROS2/action/install/custom_interfaces/include/custom_interfaces/msg/detail/decision__functions.h
[15.824s] -- Symlinking: /home/robofei/ROS2/action/install/custom_interfaces/include/custom_interfaces/msg/detail/decision__struct.h
[15.833s] -- Symlinking: /home/robofei/ROS2/action/install/custom_interfaces/include/custom_interfaces/msg/detail/decision__type_support.h
[15.842s] -- Up-to-date symlink: /home/robofei/ROS2/action/install/custom_interfaces/include/custom_interfaces/msg/detail/set_position__functions.h
[15.843s] -- Up-to-date symlink: /home/robofei/ROS2/action/install/custom_interfaces/include/custom_interfaces/msg/detail/set_position__struct.h
[15.843s] -- Up-to-date symlink: /home/robofei/ROS2/action/install/custom_interfaces/include/custom_interfaces/msg/detail/set_position__type_support.h
[15.843s] -- Up-to-date symlink: /home/robofei/ROS2/action/install/custom_interfaces/include/custom_interfaces/msg/detail/set_position_sync__functions.h
[15.843s] -- Up-to-date symlink: /home/robofei/ROS2/action/install/custom_interfaces/include/custom_interfaces/msg/detail/set_position_sync__struct.h
[15.844s] -- Up-to-date symlink: /home/robofei/ROS2/action/install/custom_interfaces/include/custom_interfaces/msg/detail/set_position_sync__type_support.h
[15.844s] -- Up-to-date symlink: /home/robofei/ROS2/action/install/custom_interfaces/include/custom_interfaces/msg/rosidl_generator_c__visibility_control.h
[15.844s] -- Up-to-date symlink: /home/robofei/ROS2/action/install/custom_interfaces/include/custom_interfaces/msg/set_position.h
[15.844s] -- Up-to-date symlink: /home/robofei/ROS2/action/install/custom_interfaces/include/custom_interfaces/msg/set_position_sync.h
[15.844s] -- Up-to-date symlink: /home/robofei/ROS2/action/install/custom_interfaces/include/custom_interfaces/srv/detail/get_position__functions.h
[15.845s] -- Up-to-date symlink: /home/robofei/ROS2/action/install/custom_interfaces/include/custom_interfaces/srv/detail/get_position__struct.h
[15.845s] -- Up-to-date symlink: /home/robofei/ROS2/action/install/custom_interfaces/include/custom_interfaces/srv/detail/get_position__type_support.h
[15.845s] -- Up-to-date symlink: /home/robofei/ROS2/action/install/custom_interfaces/include/custom_interfaces/srv/get_position.h
[15.845s] -- Up-to-date symlink: /home/robofei/ROS2/action/install/custom_interfaces/share/custom_interfaces/environment/library_path.sh
[15.846s] -- Up-to-date symlink: /home/robofei/ROS2/action/install/custom_interfaces/share/custom_interfaces/environment/library_path.dsv
[15.846s] -- Symlinking: /home/robofei/ROS2/action/install/custom_interfaces/include/custom_interfaces/msg/detail/decision__rosidl_typesupport_fastrtps_c.h
[15.856s] -- Up-to-date symlink: /home/robofei/ROS2/action/install/custom_interfaces/include/custom_interfaces/msg/detail/set_position__rosidl_typesupport_fastrtps_c.h
[15.856s] -- Up-to-date symlink: /home/robofei/ROS2/action/install/custom_interfaces/include/custom_interfaces/msg/detail/set_position_sync__rosidl_typesupport_fastrtps_c.h
[15.856s] -- Up-to-date symlink: /home/robofei/ROS2/action/install/custom_interfaces/include/custom_interfaces/msg/rosidl_typesupport_fastrtps_c__visibility_control.h
[15.857s] -- Up-to-date symlink: /home/robofei/ROS2/action/install/custom_interfaces/include/custom_interfaces/srv/detail/get_position__rosidl_typesupport_fastrtps_c.h
[15.857s] -- Up-to-date symlink: /home/robofei/ROS2/action/install/custom_interfaces/lib/libcustom_interfaces__rosidl_typesupport_fastrtps_c.so
[15.858s] -- Symlinking: /home/robofei/ROS2/action/install/custom_interfaces/include/custom_interfaces/msg/detail/decision__rosidl_typesupport_fastrtps_cpp.hpp
[15.867s] -- Up-to-date symlink: /home/robofei/ROS2/action/install/custom_interfaces/include/custom_interfaces/msg/detail/set_position__rosidl_typesupport_fastrtps_cpp.hpp
[15.867s] -- Up-to-date symlink: /home/robofei/ROS2/action/install/custom_interfaces/include/custom_interfaces/msg/detail/set_position_sync__rosidl_typesupport_fastrtps_cpp.hpp
[15.868s] -- Up-to-date symlink: /home/robofei/ROS2/action/install/custom_interfaces/include/custom_interfaces/msg/rosidl_typesupport_fastrtps_cpp__visibility_control.h
[15.868s] -- Up-to-date symlink: /home/robofei/ROS2/action/install/custom_interfaces/include/custom_interfaces/srv/detail/get_position__rosidl_typesupport_fastrtps_cpp.hpp
[15.868s] -- Up-to-date symlink: /home/robofei/ROS2/action/install/custom_interfaces/lib/libcustom_interfaces__rosidl_typesupport_fastrtps_cpp.so
[15.869s] -- Symlinking: /home/robofei/ROS2/action/install/custom_interfaces/include/custom_interfaces/msg/detail/decision__rosidl_typesupport_introspection_c.h
[15.878s] -- Up-to-date symlink: /home/robofei/ROS2/action/install/custom_interfaces/include/custom_interfaces/msg/detail/set_position__rosidl_typesupport_introspection_c.h
[15.879s] -- Up-to-date symlink: /home/robofei/ROS2/action/install/custom_interfaces/include/custom_interfaces/msg/detail/set_position_sync__rosidl_typesupport_introspection_c.h
[15.879s] -- Up-to-date symlink: /home/robofei/ROS2/action/install/custom_interfaces/include/custom_interfaces/msg/rosidl_typesupport_introspection_c__visibility_control.h
[15.879s] -- Up-to-date symlink: /home/robofei/ROS2/action/install/custom_interfaces/include/custom_interfaces/srv/detail/get_position__rosidl_typesupport_introspection_c.h
[15.880s] -- Symlinking: /home/robofei/ROS2/action/install/custom_interfaces/include/custom_interfaces/msg/decision.hpp
[15.889s] -- Symlinking: /home/robofei/ROS2/action/install/custom_interfaces/include/custom_interfaces/msg/detail/decision__builder.hpp
[15.899s] -- Symlinking: /home/robofei/ROS2/action/install/custom_interfaces/include/custom_interfaces/msg/detail/decision__struct.hpp
[15.908s] -- Symlinking: /home/robofei/ROS2/action/install/custom_interfaces/include/custom_interfaces/msg/detail/decision__traits.hpp
[15.918s] -- Up-to-date symlink: /home/robofei/ROS2/action/install/custom_interfaces/include/custom_interfaces/msg/detail/set_position__builder.hpp
[15.918s] -- Up-to-date symlink: /home/robofei/ROS2/action/install/custom_interfaces/include/custom_interfaces/msg/detail/set_position__struct.hpp
[15.918s] -- Up-to-date symlink: /home/robofei/ROS2/action/install/custom_interfaces/include/custom_interfaces/msg/detail/set_position__traits.hpp
[15.918s] -- Up-to-date symlink: /home/robofei/ROS2/action/install/custom_interfaces/include/custom_interfaces/msg/detail/set_position_sync__builder.hpp
[15.919s] -- Up-to-date symlink: /home/robofei/ROS2/action/install/custom_interfaces/include/custom_interfaces/msg/detail/set_position_sync__struct.hpp
[15.919s] -- Up-to-date symlink: /home/robofei/ROS2/action/install/custom_interfaces/include/custom_interfaces/msg/detail/set_position_sync__traits.hpp
[15.919s] -- Up-to-date symlink: /home/robofei/ROS2/action/install/custom_interfaces/include/custom_interfaces/msg/set_position.hpp
[15.920s] -- Up-to-date symlink: /home/robofei/ROS2/action/install/custom_interfaces/include/custom_interfaces/msg/set_position_sync.hpp
[15.920s] -- Up-to-date symlink: /home/robofei/ROS2/action/install/custom_interfaces/include/custom_interfaces/srv/detail/get_position__builder.hpp
[15.920s] -- Up-to-date symlink: /home/robofei/ROS2/action/install/custom_interfaces/include/custom_interfaces/srv/detail/get_position__struct.hpp
[15.920s] -- Up-to-date symlink: /home/robofei/ROS2/action/install/custom_interfaces/include/custom_interfaces/srv/detail/get_position__traits.hpp
[15.920s] -- Up-to-date symlink: /home/robofei/ROS2/action/install/custom_interfaces/include/custom_interfaces/srv/get_position.hpp
[15.921s] -- Symlinking: /home/robofei/ROS2/action/install/custom_interfaces/include/custom_interfaces/msg/detail/decision__rosidl_typesupport_introspection_cpp.hpp
[15.931s] -- Up-to-date symlink: /home/robofei/ROS2/action/install/custom_interfaces/include/custom_interfaces/msg/detail/set_position__rosidl_typesupport_introspection_cpp.hpp
[15.931s] -- Up-to-date symlink: /home/robofei/ROS2/action/install/custom_interfaces/include/custom_interfaces/msg/detail/set_position_sync__rosidl_typesupport_introspection_cpp.hpp
[15.931s] -- Up-to-date symlink: /home/robofei/ROS2/action/install/custom_interfaces/include/custom_interfaces/srv/detail/get_position__rosidl_typesupport_introspection_cpp.hpp
[15.931s] -- Up-to-date symlink: /home/robofei/ROS2/action/install/custom_interfaces/share/custom_interfaces/environment/pythonpath.sh
[15.932s] -- Up-to-date symlink: /home/robofei/ROS2/action/install/custom_interfaces/share/custom_interfaces/environment/pythonpath.dsv
[15.932s] -- Up-to-date symlink: /home/robofei/ROS2/action/install/custom_interfaces/lib/python3.8/site-packages/custom_interfaces/__init__.py
[15.933s] -- Up-to-date symlink: /home/robofei/ROS2/action/install/custom_interfaces/lib/python3.8/site-packages/custom_interfaces/msg/__init__.py
[15.933s] -- Symlinking: /home/robofei/ROS2/action/install/custom_interfaces/lib/python3.8/site-packages/custom_interfaces/msg/_decision.py
[15.942s] -- Up-to-date symlink: /home/robofei/ROS2/action/install/custom_interfaces/lib/python3.8/site-packages/custom_interfaces/msg/_set_position.py
[15.943s] -- Up-to-date symlink: /home/robofei/ROS2/action/install/custom_interfaces/lib/python3.8/site-packages/custom_interfaces/msg/_set_position_sync.py
[15.943s] -- Up-to-date symlink: /home/robofei/ROS2/action/install/custom_interfaces/lib/python3.8/site-packages/custom_interfaces/srv/__init__.py
[15.944s] -- Up-to-date symlink: /home/robofei/ROS2/action/install/custom_interfaces/lib/python3.8/site-packages/custom_interfaces/srv/_get_position.py
[15.944s] -- Up-to-date symlink: /home/robofei/ROS2/action/install/custom_interfaces/lib/python3.8/site-packages/custom_interfaces/custom_interfaces_s__rosidl_typesupport_fastrtps_c.cpython-38-x86_64-linux-gnu.so
[15.945s] -- Up-to-date symlink: /home/robofei/ROS2/action/install/custom_interfaces/lib/python3.8/site-packages/custom_interfaces/custom_interfaces_s__rosidl_typesupport_introspection_c.cpython-38-x86_64-linux-gnu.so
[15.945s] -- Up-to-date symlink: /home/robofei/ROS2/action/install/custom_interfaces/lib/python3.8/site-packages/custom_interfaces/custom_interfaces_s__rosidl_typesupport_c.cpython-38-x86_64-linux-gnu.so
[15.946s] -- Up-to-date symlink: /home/robofei/ROS2/action/install/custom_interfaces/lib/libcustom_interfaces__python.so
[15.946s] -- Up-to-date symlink: /home/robofei/ROS2/action/install/custom_interfaces/share/custom_interfaces/msg/SetPosition.idl
[15.947s] -- Symlinking: /home/robofei/ROS2/action/install/custom_interfaces/share/custom_interfaces/msg/Decision.idl
[15.956s] -- Up-to-date symlink: /home/robofei/ROS2/action/install/custom_interfaces/share/custom_interfaces/srv/GetPosition.idl
[15.957s] -- Up-to-date symlink: /home/robofei/ROS2/action/install/custom_interfaces/share/custom_interfaces/msg/SetPosition.msg
[15.957s] -- Symlinking: /home/robofei/ROS2/action/install/custom_interfaces/share/custom_interfaces/msg/Decision.msg
[15.966s] -- Up-to-date symlink: /home/robofei/ROS2/action/install/custom_interfaces/share/custom_interfaces/srv/GetPosition.srv
[15.966s] -- Up-to-date symlink: /home/robofei/ROS2/action/install/custom_interfaces/share/custom_interfaces/srv/GetPosition_Request.msg
[15.967s] -- Up-to-date symlink: /home/robofei/ROS2/action/install/custom_interfaces/share/custom_interfaces/srv/GetPosition_Response.msg
[15.967s] -- Up-to-date symlink: /home/robofei/ROS2/action/install/custom_interfaces/share/ament_index/resource_index/package_run_dependencies/custom_interfaces
[15.967s] -- Up-to-date symlink: /home/robofei/ROS2/action/install/custom_interfaces/share/ament_index/resource_index/parent_prefix_path/custom_interfaces
[15.968s] -- Up-to-date symlink: /home/robofei/ROS2/action/install/custom_interfaces/share/custom_interfaces/environment/ament_prefix_path.sh
[15.968s] -- Up-to-date symlink: /home/robofei/ROS2/action/install/custom_interfaces/share/custom_interfaces/environment/ament_prefix_path.dsv
[15.968s] -- Up-to-date symlink: /home/robofei/ROS2/action/install/custom_interfaces/share/custom_interfaces/environment/path.sh
[15.969s] -- Up-to-date symlink: /home/robofei/ROS2/action/install/custom_interfaces/share/custom_interfaces/environment/path.dsv
[15.969s] -- Up-to-date symlink: /home/robofei/ROS2/action/install/custom_interfaces/share/custom_interfaces/local_setup.bash
[15.969s] -- Up-to-date symlink: /home/robofei/ROS2/action/install/custom_interfaces/share/custom_interfaces/local_setup.sh
[15.970s] -- Up-to-date symlink: /home/robofei/ROS2/action/install/custom_interfaces/share/custom_interfaces/local_setup.zsh
[15.970s] -- Up-to-date symlink: /home/robofei/ROS2/action/install/custom_interfaces/share/custom_interfaces/local_setup.dsv
[15.970s] -- Symlinking: /home/robofei/ROS2/action/install/custom_interfaces/share/custom_interfaces/package.dsv
[15.980s] -- Up-to-date symlink: /home/robofei/ROS2/action/install/custom_interfaces/share/ament_index/resource_index/packages/custom_interfaces
[15.980s] -- Up-to-date symlink: /home/robofei/ROS2/action/install/custom_interfaces/share/custom_interfaces/cmake/rosidl_cmake-extras.cmake
[15.980s] -- Up-to-date symlink: /home/robofei/ROS2/action/install/custom_interfaces/share/custom_interfaces/cmake/ament_cmake_export_dependencies-extras.cmake
[15.981s] -- Up-to-date symlink: /home/robofei/ROS2/action/install/custom_interfaces/share/custom_interfaces/cmake/ament_cmake_export_libraries-extras.cmake
[15.981s] -- Up-to-date symlink: /home/robofei/ROS2/action/install/custom_interfaces/share/custom_interfaces/cmake/ament_cmake_export_targets-extras.cmake
[15.981s] -- Up-to-date symlink: /home/robofei/ROS2/action/install/custom_interfaces/share/custom_interfaces/cmake/ament_cmake_export_include_directories-extras.cmake
[15.982s] -- Up-to-date symlink: /home/robofei/ROS2/action/install/custom_interfaces/share/custom_interfaces/cmake/rosidl_cmake_export_typesupport_libraries-extras.cmake
[15.982s] -- Up-to-date symlink: /home/robofei/ROS2/action/install/custom_interfaces/share/custom_interfaces/cmake/rosidl_cmake_export_typesupport_targets-extras.cmake
[15.982s] -- Up-to-date symlink: /home/robofei/ROS2/action/install/custom_interfaces/share/custom_interfaces/cmake/custom_interfacesConfig.cmake
[15.983s] -- Up-to-date symlink: /home/robofei/ROS2/action/install/custom_interfaces/share/custom_interfaces/cmake/custom_interfacesConfig-version.cmake
[15.983s] -- Up-to-date symlink: /home/robofei/ROS2/action/install/custom_interfaces/share/custom_interfaces/package.xml
[15.983s] -- Installing: /home/robofei/ROS2/action/install/custom_interfaces/lib/libcustom_interfaces__rosidl_generator_c.so
[15.984s] -- Set runtime path of "/home/robofei/ROS2/action/install/custom_interfaces/lib/libcustom_interfaces__rosidl_generator_c.so" to ""
[15.984s] -- Installing: /home/robofei/ROS2/action/install/custom_interfaces/lib/libcustom_interfaces__rosidl_typesupport_introspection_c.so
[15.985s] -- Set runtime path of "/home/robofei/ROS2/action/install/custom_interfaces/lib/libcustom_interfaces__rosidl_typesupport_introspection_c.so" to ""
[15.985s] -- Installing: /home/robofei/ROS2/action/install/custom_interfaces/lib/libcustom_interfaces__rosidl_typesupport_c.so
[15.985s] -- Set runtime path of "/home/robofei/ROS2/action/install/custom_interfaces/lib/libcustom_interfaces__rosidl_typesupport_c.so" to ""
[15.985s] -- Installing: /home/robofei/ROS2/action/install/custom_interfaces/lib/libcustom_interfaces__rosidl_typesupport_introspection_cpp.so
[15.986s] -- Set runtime path of "/home/robofei/ROS2/action/install/custom_interfaces/lib/libcustom_interfaces__rosidl_typesupport_introspection_cpp.so" to ""
[15.986s] -- Installing: /home/robofei/ROS2/action/install/custom_interfaces/lib/libcustom_interfaces__rosidl_typesupport_cpp.so
[15.987s] -- Set runtime path of "/home/robofei/ROS2/action/install/custom_interfaces/lib/libcustom_interfaces__rosidl_typesupport_cpp.so" to ""
[16.138s] Compiling '/home/robofei/ROS2/action/install/custom_interfaces/lib/python3.8/site-packages/custom_interfaces/__init__.py'...
[16.143s] -- Up-to-date: /home/robofei/ROS2/action/install/custom_interfaces/share/custom_interfaces/cmake/custom_interfaces__rosidl_generator_cExport.cmake
[16.143s] -- Installing: /home/robofei/ROS2/action/install/custom_interfaces/share/custom_interfaces/cmake/custom_interfaces__rosidl_generator_cExport-noconfig.cmake
[16.143s] -- Up-to-date: /home/robofei/ROS2/action/install/custom_interfaces/share/custom_interfaces/cmake/custom_interfaces__rosidl_typesupport_introspection_cExport.cmake
[16.143s] -- Installing: /home/robofei/ROS2/action/install/custom_interfaces/share/custom_interfaces/cmake/custom_interfaces__rosidl_typesupport_introspection_cExport-noconfig.cmake
[16.143s] -- Up-to-date: /home/robofei/ROS2/action/install/custom_interfaces/share/custom_interfaces/cmake/custom_interfaces__rosidl_typesupport_cExport.cmake
[16.143s] -- Installing: /home/robofei/ROS2/action/install/custom_interfaces/share/custom_interfaces/cmake/custom_interfaces__rosidl_typesupport_cExport-noconfig.cmake
[16.144s] -- Up-to-date: /home/robofei/ROS2/action/install/custom_interfaces/share/custom_interfaces/cmake/custom_interfaces__rosidl_generator_cppExport.cmake
[16.144s] -- Up-to-date: /home/robofei/ROS2/action/install/custom_interfaces/share/custom_interfaces/cmake/custom_interfaces__rosidl_typesupport_introspection_cppExport.cmake
[16.144s] -- Installing: /home/robofei/ROS2/action/install/custom_interfaces/share/custom_interfaces/cmake/custom_interfaces__rosidl_typesupport_introspection_cppExport-noconfig.cmake
[16.144s] -- Up-to-date: /home/robofei/ROS2/action/install/custom_interfaces/share/custom_interfaces/cmake/custom_interfaces__rosidl_typesupport_cppExport.cmake
[16.144s] -- Installing: /home/robofei/ROS2/action/install/custom_interfaces/share/custom_interfaces/cmake/custom_interfaces__rosidl_typesupport_cppExport-noconfig.cmake
[16.147s] Invoked command in '/home/robofei/ROS2/action/build/custom_interfaces' returned '0': CMAKE_PREFIX_PATH=/opt/ros/foxy /usr/bin/cmake --install /home/robofei/ROS2/action/build/custom_interfaces
