[0.089s] Invoking command in '/home/robofei/ROS2/build/um7': CMAKE_PREFIX_PATH=/home/robofei/ROS2/install/serial:/home/robofei/ROS2/install/um7:/home/robofei/ROS2/install/control:/home/robofei/ROS2/install/dynamixel_sdk_examples:/home/robofei/ROS2/install/dynamixel_sdk_custom_interfaces:/home/robofei/ROS2/install/dynamixel_sdk:/home/robofei/ROS2/install/custom_interfaces_vision:/home/robofei/ROS2/install/custom_interfaces:/home/robofei/ROS2/install/vision_pkg:/home/robofei/ROS2/install/decision_pkg:/home/robofei/ROS2/install/controller:/opt/ros/foxy /usr/bin/cmake --build /home/robofei/ROS2/build/um7 -- -j8 -l8
[0.199s] [  2%] Built target um7__cpp
[0.202s] [ 10%] Built target um7__rosidl_generator_c
[0.234s] [ 18%] Built target um7__rosidl_typesupport_cpp
[0.242s] [ 24%] Built target um7_node
[0.257s] [ 32%] Built target um7__rosidl_typesupport_fastrtps_cpp
[0.265s] [ 40%] Built target um7__rosidl_typesupport_introspection_cpp
[0.279s] [ 48%] Built target um7__rosidl_typesupport_c
[0.280s] [ 56%] Built target um7__rosidl_typesupport_introspection_c
[0.295s] [ 64%] Built target um7__rosidl_typesupport_fastrtps_c
[0.325s] [ 64%] Built target um7
[0.353s] [ 67%] Built target um7__py
[0.372s] [ 78%] Built target um7_driver
[0.390s] [ 83%] Built target um7__python
[0.430s] [ 89%] Built target um7__rosidl_typesupport_fastrtps_c__pyext
[0.456s] [ 94%] Built target um7__rosidl_typesupport_c__pyext
[0.457s] [100%] Built target um7__rosidl_typesupport_introspection_c__pyext
[0.585s] Invoked command in '/home/robofei/ROS2/build/um7' returned '0': CMAKE_PREFIX_PATH=/home/robofei/ROS2/install/serial:/home/robofei/ROS2/install/um7:/home/robofei/ROS2/install/control:/home/robofei/ROS2/install/dynamixel_sdk_examples:/home/robofei/ROS2/install/dynamixel_sdk_custom_interfaces:/home/robofei/ROS2/install/dynamixel_sdk:/home/robofei/ROS2/install/custom_interfaces_vision:/home/robofei/ROS2/install/custom_interfaces:/home/robofei/ROS2/install/vision_pkg:/home/robofei/ROS2/install/decision_pkg:/home/robofei/ROS2/install/controller:/opt/ros/foxy /usr/bin/cmake --build /home/robofei/ROS2/build/um7 -- -j8 -l8
[0.866s] Invoking command in '/home/robofei/ROS2/build/um7': CMAKE_PREFIX_PATH=/home/robofei/ROS2/install/serial:/home/robofei/ROS2/install/um7:/home/robofei/ROS2/install/control:/home/robofei/ROS2/install/dynamixel_sdk_examples:/home/robofei/ROS2/install/dynamixel_sdk_custom_interfaces:/home/robofei/ROS2/install/dynamixel_sdk:/home/robofei/ROS2/install/custom_interfaces_vision:/home/robofei/ROS2/install/custom_interfaces:/home/robofei/ROS2/install/vision_pkg:/home/robofei/ROS2/install/decision_pkg:/home/robofei/ROS2/install/controller:/opt/ros/foxy /usr/bin/cmake --install /home/robofei/ROS2/build/um7
[0.878s] -- Install configuration: ""
[0.879s] -- Execute custom install script
[0.879s] -- Up-to-date symlink: /home/robofei/ROS2/install/um7/share/ament_index/resource_index/rosidl_interfaces/um7
[0.880s] -- Up-to-date symlink: /home/robofei/ROS2/install/um7/include/um7/msg/rosidl_generator_c__visibility_control.h
[0.880s] -- Up-to-date symlink: /home/robofei/ROS2/install/um7/include/um7/srv/detail/reset__functions.h
[0.880s] -- Up-to-date symlink: /home/robofei/ROS2/install/um7/include/um7/srv/detail/reset__struct.h
[0.880s] -- Up-to-date symlink: /home/robofei/ROS2/install/um7/include/um7/srv/detail/reset__type_support.h
[0.880s] -- Up-to-date symlink: /home/robofei/ROS2/install/um7/include/um7/srv/reset.h
[0.881s] -- Up-to-date symlink: /home/robofei/ROS2/install/um7/share/um7/environment/library_path.sh
[0.881s] -- Up-to-date symlink: /home/robofei/ROS2/install/um7/share/um7/environment/library_path.dsv
[0.885s] -- Up-to-date symlink: /home/robofei/ROS2/install/um7/include/um7/msg/rosidl_typesupport_fastrtps_c__visibility_control.h
[0.886s] -- Up-to-date symlink: /home/robofei/ROS2/install/um7/include/um7/srv/detail/reset__rosidl_typesupport_fastrtps_c.h
[0.886s] -- Up-to-date symlink: /home/robofei/ROS2/install/um7/lib/libum7__rosidl_typesupport_fastrtps_c.so
[0.887s] -- Up-to-date symlink: /home/robofei/ROS2/install/um7/include/um7/msg/rosidl_typesupport_fastrtps_cpp__visibility_control.h
[0.887s] -- Up-to-date symlink: /home/robofei/ROS2/install/um7/include/um7/srv/detail/reset__rosidl_typesupport_fastrtps_cpp.hpp
[0.888s] -- Up-to-date symlink: /home/robofei/ROS2/install/um7/lib/libum7__rosidl_typesupport_fastrtps_cpp.so
[0.888s] -- Up-to-date symlink: /home/robofei/ROS2/install/um7/include/um7/msg/rosidl_typesupport_introspection_c__visibility_control.h
[0.889s] -- Up-to-date symlink: /home/robofei/ROS2/install/um7/include/um7/srv/detail/reset__rosidl_typesupport_introspection_c.h
[0.889s] -- Up-to-date symlink: /home/robofei/ROS2/install/um7/include/um7/srv/detail/reset__builder.hpp
[0.890s] -- Up-to-date symlink: /home/robofei/ROS2/install/um7/include/um7/srv/detail/reset__struct.hpp
[0.890s] -- Up-to-date symlink: /home/robofei/ROS2/install/um7/include/um7/srv/detail/reset__traits.hpp
[0.890s] -- Up-to-date symlink: /home/robofei/ROS2/install/um7/include/um7/srv/reset.hpp
[0.891s] -- Up-to-date symlink: /home/robofei/ROS2/install/um7/include/um7/srv/detail/reset__rosidl_typesupport_introspection_cpp.hpp
[0.891s] -- Up-to-date symlink: /home/robofei/ROS2/install/um7/share/um7/environment/pythonpath.sh
[0.891s] -- Up-to-date symlink: /home/robofei/ROS2/install/um7/share/um7/environment/pythonpath.dsv
[0.892s] -- Up-to-date symlink: /home/robofei/ROS2/install/um7/lib/python3.8/site-packages/um7/__init__.py
[0.892s] -- Up-to-date symlink: /home/robofei/ROS2/install/um7/lib/python3.8/site-packages/um7/srv/__init__.py
[0.893s] -- Up-to-date symlink: /home/robofei/ROS2/install/um7/lib/python3.8/site-packages/um7/srv/_reset.py
[0.893s] -- Up-to-date symlink: /home/robofei/ROS2/install/um7/lib/python3.8/site-packages/um7/um7_s__rosidl_typesupport_fastrtps_c.cpython-38-x86_64-linux-gnu.so
[0.894s] -- Up-to-date symlink: /home/robofei/ROS2/install/um7/lib/python3.8/site-packages/um7/um7_s__rosidl_typesupport_introspection_c.cpython-38-x86_64-linux-gnu.so
[0.894s] -- Up-to-date symlink: /home/robofei/ROS2/install/um7/lib/python3.8/site-packages/um7/um7_s__rosidl_typesupport_c.cpython-38-x86_64-linux-gnu.so
[0.895s] -- Up-to-date symlink: /home/robofei/ROS2/install/um7/lib/libum7__python.so
[0.895s] -- Up-to-date symlink: /home/robofei/ROS2/install/um7/share/um7/srv/Reset.idl
[0.896s] -- Up-to-date symlink: /home/robofei/ROS2/install/um7/share/um7/srv/Reset.srv
[0.896s] -- Up-to-date symlink: /home/robofei/ROS2/install/um7/share/um7/srv/Reset_Request.msg
[0.896s] -- Up-to-date symlink: /home/robofei/ROS2/install/um7/share/um7/srv/Reset_Response.msg
[0.897s] -- Up-to-date symlink: /home/robofei/ROS2/install/um7/lib/um7/um7_node
[0.897s] -- Up-to-date symlink: /home/robofei/ROS2/install/um7/lib/libum7_driver.so
[0.898s] -- Up-to-date symlink: /home/robofei/ROS2/install/um7/share/ament_index/resource_index/package_run_dependencies/um7
[0.899s] -- Up-to-date symlink: /home/robofei/ROS2/install/um7/share/ament_index/resource_index/parent_prefix_path/um7
[0.899s] -- Up-to-date symlink: /home/robofei/ROS2/install/um7/share/um7/environment/ament_prefix_path.sh
[0.900s] -- Up-to-date symlink: /home/robofei/ROS2/install/um7/share/um7/environment/ament_prefix_path.dsv
[0.901s] -- Up-to-date symlink: /home/robofei/ROS2/install/um7/share/um7/environment/path.sh
[0.901s] -- Up-to-date symlink: /home/robofei/ROS2/install/um7/share/um7/environment/path.dsv
[0.902s] -- Up-to-date symlink: /home/robofei/ROS2/install/um7/share/um7/local_setup.bash
[0.902s] -- Up-to-date symlink: /home/robofei/ROS2/install/um7/share/um7/local_setup.sh
[0.903s] -- Up-to-date symlink: /home/robofei/ROS2/install/um7/share/um7/local_setup.zsh
[0.903s] -- Up-to-date symlink: /home/robofei/ROS2/install/um7/share/um7/local_setup.dsv
[0.904s] -- Symlinking: /home/robofei/ROS2/install/um7/share/um7/package.dsv
[0.922s] -- Up-to-date symlink: /home/robofei/ROS2/install/um7/share/ament_index/resource_index/packages/um7
[0.922s] -- Up-to-date symlink: /home/robofei/ROS2/install/um7/share/ament_index/resource_index/rclcpp_components/um7
[0.923s] -- Up-to-date symlink: /home/robofei/ROS2/install/um7/share/um7/cmake/rosidl_cmake-extras.cmake
[0.923s] -- Up-to-date symlink: /home/robofei/ROS2/install/um7/share/um7/cmake/ament_cmake_export_dependencies-extras.cmake
[0.924s] -- Up-to-date symlink: /home/robofei/ROS2/install/um7/share/um7/cmake/ament_cmake_export_libraries-extras.cmake
[0.925s] -- Up-to-date symlink: /home/robofei/ROS2/install/um7/share/um7/cmake/ament_cmake_export_targets-extras.cmake
[0.925s] -- Up-to-date symlink: /home/robofei/ROS2/install/um7/share/um7/cmake/ament_cmake_export_include_directories-extras.cmake
[0.925s] -- Up-to-date symlink: /home/robofei/ROS2/install/um7/share/um7/cmake/rosidl_cmake_export_typesupport_libraries-extras.cmake
[0.926s] -- Up-to-date symlink: /home/robofei/ROS2/install/um7/share/um7/cmake/rosidl_cmake_export_typesupport_targets-extras.cmake
[0.926s] -- Up-to-date symlink: /home/robofei/ROS2/install/um7/share/um7/cmake/um7Config.cmake
[0.926s] -- Up-to-date symlink: /home/robofei/ROS2/install/um7/share/um7/cmake/um7Config-version.cmake
[0.927s] -- Up-to-date symlink: /home/robofei/ROS2/install/um7/share/um7/package.xml
[0.927s] -- Up-to-date: /home/robofei/ROS2/install/um7/lib/libum7__rosidl_generator_c.so
[0.928s] -- Up-to-date: /home/robofei/ROS2/install/um7/lib/libum7__rosidl_typesupport_introspection_c.so
[0.928s] -- Up-to-date: /home/robofei/ROS2/install/um7/lib/libum7__rosidl_typesupport_c.so
[0.929s] -- Up-to-date: /home/robofei/ROS2/install/um7/lib/libum7__rosidl_typesupport_introspection_cpp.so
[0.930s] -- Up-to-date: /home/robofei/ROS2/install/um7/lib/libum7__rosidl_typesupport_cpp.so
[1.031s] -- Up-to-date: /home/robofei/ROS2/install/um7/share/um7/cmake/um7__rosidl_generator_cExport.cmake
[1.032s] -- Up-to-date: /home/robofei/ROS2/install/um7/share/um7/cmake/um7__rosidl_generator_cExport-noconfig.cmake
[1.032s] -- Up-to-date: /home/robofei/ROS2/install/um7/share/um7/cmake/um7__rosidl_typesupport_introspection_cExport.cmake
[1.032s] -- Up-to-date: /home/robofei/ROS2/install/um7/share/um7/cmake/um7__rosidl_typesupport_introspection_cExport-noconfig.cmake
[1.033s] -- Up-to-date: /home/robofei/ROS2/install/um7/share/um7/cmake/um7__rosidl_typesupport_cExport.cmake
[1.033s] -- Up-to-date: /home/robofei/ROS2/install/um7/share/um7/cmake/um7__rosidl_typesupport_cExport-noconfig.cmake
[1.033s] -- Up-to-date: /home/robofei/ROS2/install/um7/share/um7/cmake/um7__rosidl_generator_cppExport.cmake
[1.033s] -- Up-to-date: /home/robofei/ROS2/install/um7/share/um7/cmake/um7__rosidl_typesupport_introspection_cppExport.cmake
[1.034s] -- Up-to-date: /home/robofei/ROS2/install/um7/share/um7/cmake/um7__rosidl_typesupport_introspection_cppExport-noconfig.cmake
[1.034s] -- Up-to-date: /home/robofei/ROS2/install/um7/share/um7/cmake/um7__rosidl_typesupport_cppExport.cmake
[1.041s] -- Up-to-date: /home/robofei/ROS2/install/um7/share/um7/cmake/um7__rosidl_typesupport_cppExport-noconfig.cmake
[1.041s] Invoked command in '/home/robofei/ROS2/build/um7' returned '0': CMAKE_PREFIX_PATH=/home/robofei/ROS2/install/serial:/home/robofei/ROS2/install/um7:/home/robofei/ROS2/install/control:/home/robofei/ROS2/install/dynamixel_sdk_examples:/home/robofei/ROS2/install/dynamixel_sdk_custom_interfaces:/home/robofei/ROS2/install/dynamixel_sdk:/home/robofei/ROS2/install/custom_interfaces_vision:/home/robofei/ROS2/install/custom_interfaces:/home/robofei/ROS2/install/vision_pkg:/home/robofei/ROS2/install/decision_pkg:/home/robofei/ROS2/install/controller:/opt/ros/foxy /usr/bin/cmake --install /home/robofei/ROS2/build/um7
