[1.006s] Invoking command in '/home/robofei/Downloads/GC/build/messages': CMAKE_PREFIX_PATH=${CMAKE_PREFIX_PATH}:/home/robofei/Downloads/GC/install/controller:/opt/ros/foxy /usr/bin/cmake --build /home/robofei/Downloads/GC/build/messages -- -j4 -l4
[1.087s] -- Found ament_cmake: 0.9.9 (/opt/ros/foxy/share/ament_cmake/cmake)
[1.246s] -- Found PythonInterp: /usr/bin/python3 (found suitable version "3.8.10", minimum required is "3") 
[1.247s] -- Using PYTHON_EXECUTABLE: /usr/bin/python3
[2.142s] -- Found rosidl_default_generators: 1.0.1 (/opt/ros/foxy/share/rosidl_default_generators/cmake)
[2.150s] -- Using all available rosidl_typesupport_c: rosidl_typesupport_fastrtps_c;rosidl_typesupport_introspection_c
[2.172s] -- Found rosidl_adapter: 1.2.1 (/opt/ros/foxy/share/rosidl_adapter/cmake)
[2.696s] -- Using all available rosidl_typesupport_cpp: rosidl_typesupport_fastrtps_cpp;rosidl_typesupport_introspection_cpp
[2.803s] -- Found PythonInterp: /usr/bin/python3 (found version "3.8.10") 
[3.230s] -- Found ament_cmake_ros: 0.9.2 (/opt/ros/foxy/share/ament_cmake_ros/cmake)
[3.562s] -- Using all available rosidl_typesupport_c: rosidl_typesupport_fastrtps_c;rosidl_typesupport_introspection_c
[3.579s] -- Using all available rosidl_typesupport_cpp: rosidl_typesupport_fastrtps_cpp;rosidl_typesupport_introspection_cpp
[3.634s] -- Found PythonInterp: /usr/bin/python3 (found suitable version "3.8.10", minimum required is "3.5") 
[3.635s] -- Found python_cmake_module: 0.8.1 (/opt/ros/foxy/share/python_cmake_module/cmake)
[3.687s] -- Using PYTHON_EXECUTABLE: /usr/bin/python3
[3.687s] -- Using PYTHON_INCLUDE_DIRS: /usr/include/python3.8
[3.687s] -- Using PYTHON_LIBRARIES: /usr/lib/x86_64-linux-gnu/libpython3.8.so
[3.723s] -- Found ament_lint_auto: 0.9.6 (/opt/ros/foxy/share/ament_lint_auto/cmake)
[3.745s] -- Added test 'copyright' to check source files copyright and LICENSE
[3.751s] -- Added test 'lint_cmake' to check CMake code style
[3.754s] -- Added test 'xmllint' to check XML markup files
[3.764s] -- Configuring done
[3.857s] -- Generating done
[3.865s] -- Build files have been written to: /home/robofei/Downloads/GC/build/messages
[3.963s] [  3%] [34m[1mGenerating C code for ROS interfaces[0m
[3.999s] [  6%] [34m[1mGenerating C++ code for ROS interfaces[0m
[4.708s] [35m[1mScanning dependencies of target messages__rosidl_generator_c[0m
[4.740s] [  9%] [32mBuilding C object CMakeFiles/messages__rosidl_generator_c.dir/rosidl_generator_c/messages/msg/detail/humanoid_league_msgs__functions.c.o[0m
[4.780s] In file included from [01m[K/home/robofei/Downloads/GC/build/messages/rosidl_generator_c/messages/msg/detail/humanoid_league_msgs__functions.h:19[m[K,
[4.780s]                  from [01m[K/home/robofei/Downloads/GC/build/messages/rosidl_generator_c/messages/msg/detail/humanoid_league_msgs__functions.c:4[m[K:
[4.780s] [01m[K/home/robofei/Downloads/GC/build/messages/rosidl_generator_c/messages/msg/detail/humanoid_league_msgs__struct.h:22:10:[m[K [01;31m[Kfatal error: [m[Kmessages/msg/detail/const__struct.h: No such file or directory
[4.781s]    22 | #include [01;31m[K"messages/msg/detail/const__struct.h"[m[K
[4.781s]       |          [01;31m[K^~~~~~~~~~~~~~~~~~~~~~~~~~~~~~~~~~~~~[m[K
[4.781s] compilation terminated.
[4.784s] make[2]: *** [CMakeFiles/messages__rosidl_generator_c.dir/build.make:92: CMakeFiles/messages__rosidl_generator_c.dir/rosidl_generator_c/messages/msg/detail/humanoid_league_msgs__functions.c.o] Error 1
[4.784s] make[1]: *** [CMakeFiles/Makefile2:271: CMakeFiles/messages__rosidl_generator_c.dir/all] Error 2
[4.784s] make[1]: *** Waiting for unfinished jobs....
[4.984s] [  9%] Built target messages__cpp
[4.985s] make: *** [Makefile:141: all] Error 2
[4.994s] Invoked command in '/home/robofei/Downloads/GC/build/messages' returned '2': CMAKE_PREFIX_PATH=${CMAKE_PREFIX_PATH}:/home/robofei/Downloads/GC/install/controller:/opt/ros/foxy /usr/bin/cmake --build /home/robofei/Downloads/GC/build/messages -- -j4 -l4
