[0.830s] Invoking command in '/home/robofei/Downloads/GC/build/messages': CMAKE_PREFIX_PATH=${CMAKE_PREFIX_PATH}:/home/robofei/Downloads/GC/install/controller:/opt/ros/foxy /usr/bin/cmake --build /home/robofei/Downloads/GC/build/messages -- -j4 -l4
[1.035s] -- Found ament_cmake: 0.9.9 (/opt/ros/foxy/share/ament_cmake/cmake)
[1.106s] -- Found PythonInterp: /usr/bin/python3 (found suitable version "3.8.10", minimum required is "3") 
[1.107s] -- Using PYTHON_EXECUTABLE: /usr/bin/python3
[1.931s] -- Found rosidl_default_generators: 1.0.1 (/opt/ros/foxy/share/rosidl_default_generators/cmake)
[1.944s] -- Using all available rosidl_typesupport_c: rosidl_typesupport_fastrtps_c;rosidl_typesupport_introspection_c
[1.957s] -- Found rosidl_adapter: 1.2.1 (/opt/ros/foxy/share/rosidl_adapter/cmake)
[2.492s] -- Using all available rosidl_typesupport_cpp: rosidl_typesupport_fastrtps_cpp;rosidl_typesupport_introspection_cpp
[2.617s] -- Found std_msgs: 2.0.4 (/opt/ros/foxy/share/std_msgs/cmake)
[3.236s] -- Found PythonInterp: /usr/bin/python3 (found version "3.8.10") 
[4.010s] -- Found ament_cmake_ros: 0.9.2 (/opt/ros/foxy/share/ament_cmake_ros/cmake)
[4.968s] -- Using all available rosidl_typesupport_c: rosidl_typesupport_fastrtps_c;rosidl_typesupport_introspection_c
[5.300s] -- Using all available rosidl_typesupport_cpp: rosidl_typesupport_fastrtps_cpp;rosidl_typesupport_introspection_cpp
[5.376s] -- Found PythonInterp: /usr/bin/python3 (found suitable version "3.8.10", minimum required is "3.5") 
[5.376s] -- Found python_cmake_module: 0.8.1 (/opt/ros/foxy/share/python_cmake_module/cmake)
[5.501s] -- Using PYTHON_EXECUTABLE: /usr/bin/python3
[5.502s] -- Using PYTHON_INCLUDE_DIRS: /usr/include/python3.8
[5.502s] -- Using PYTHON_LIBRARIES: /usr/lib/x86_64-linux-gnu/libpython3.8.so
[5.617s] -- Found ament_lint_auto: 0.9.6 (/opt/ros/foxy/share/ament_lint_auto/cmake)
[5.654s] -- Added test 'copyright' to check source files copyright and LICENSE
[5.663s] -- Added test 'lint_cmake' to check CMake code style
[5.675s] -- Added test 'xmllint' to check XML markup files
[5.722s] -- Configuring done
[6.118s] -- Generating done
[6.140s] -- Build files have been written to: /home/robofei/Downloads/GC/build/messages
[6.237s] [  3%] [34m[1mGenerating C++ code for ROS interfaces[0m
[8.634s] [  3%] Built target messages__cpp
[8.670s] [  6%] [34m[1mGenerating C code for ROS interfaces[0m
[11.094s] [35m[1mScanning dependencies of target messages__rosidl_generator_c[0m
[11.166s] [  9%] [32mBuilding C object CMakeFiles/messages__rosidl_generator_c.dir/rosidl_generator_c/messages/msg/detail/humanoid_league_msgs__functions.c.o[0m
[11.327s] [ 12%] [32m[1mLinking C shared library libmessages__rosidl_generator_c.so[0m
[11.577s] [ 12%] Built target messages__rosidl_generator_c
[11.621s] [ 16%] [34m[1mGenerating C++ introspection for ROS interfaces[0m
[12.886s] [35m[1mScanning dependencies of target messages__rosidl_typesupport_introspection_cpp[0m
[12.943s] [ 19%] [32mBuilding CXX object CMakeFiles/messages__rosidl_typesupport_introspection_cpp.dir/rosidl_typesupport_introspection_cpp/messages/msg/detail/humanoid_league_msgs__type_support.cpp.o[0m
[14.328s] [ 22%] [32m[1mLinking CXX shared library libmessages__rosidl_typesupport_introspection_cpp.so[0m
[14.605s] [ 22%] Built target messages__rosidl_typesupport_introspection_cpp
[14.633s] [ 25%] [34m[1mGenerating C introspection for ROS interfaces[0m
[15.836s] [35m[1mScanning dependencies of target messages__rosidl_typesupport_introspection_c[0m
[15.878s] [ 29%] [32mBuilding C object CMakeFiles/messages__rosidl_typesupport_introspection_c.dir/rosidl_typesupport_introspection_c/messages/msg/detail/humanoid_league_msgs__type_support.c.o[0m
[15.980s] [ 32%] [32m[1mLinking C shared library libmessages__rosidl_typesupport_introspection_c.so[0m
[16.174s] [ 32%] Built target messages__rosidl_typesupport_introspection_c
[16.199s] [ 35%] [34m[1mGenerating C type support dispatch for ROS interfaces[0m
[17.353s] [35m[1mScanning dependencies of target messages__rosidl_typesupport_c[0m
[17.448s] [ 38%] [32mBuilding CXX object CMakeFiles/messages__rosidl_typesupport_c.dir/rosidl_typesupport_c/messages/msg/humanoid_league_msgs__type_support.cpp.o[0m
[17.684s] [ 41%] [32m[1mLinking CXX shared library libmessages__rosidl_typesupport_c.so[0m
[17.860s] [ 41%] Built target messages__rosidl_typesupport_c
[17.925s] [ 45%] [34m[1mGenerating C++ type support for eProsima Fast-RTPS[0m
[19.392s] [35m[1mScanning dependencies of target messages__rosidl_typesupport_fastrtps_cpp[0m
[19.439s] [ 48%] [32mBuilding CXX object CMakeFiles/messages__rosidl_typesupport_fastrtps_cpp.dir/rosidl_typesupport_fastrtps_cpp/messages/msg/detail/dds_fastrtps/humanoid_league_msgs__type_support.cpp.o[0m
[21.395s] [ 51%] [32m[1mLinking CXX shared library libmessages__rosidl_typesupport_fastrtps_cpp.so[0m
[21.747s] [ 51%] Built target messages__rosidl_typesupport_fastrtps_cpp
[21.807s] [ 54%] [34m[1mGenerating C++ type support dispatch for ROS interfaces[0m
[22.870s] [35m[1mScanning dependencies of target messages__rosidl_typesupport_cpp[0m
[22.920s] [ 58%] [32mBuilding CXX object CMakeFiles/messages__rosidl_typesupport_cpp.dir/rosidl_typesupport_cpp/messages/msg/humanoid_league_msgs__type_support.cpp.o[0m
[24.031s] [ 61%] [32m[1mLinking CXX shared library libmessages__rosidl_typesupport_cpp.so[0m
[24.148s] [ 61%] Built target messages__rosidl_typesupport_cpp
[24.179s] [ 64%] [34m[1mGenerating C type support for eProsima Fast-RTPS[0m
[25.621s] [35m[1mScanning dependencies of target messages__rosidl_typesupport_fastrtps_c[0m
[25.728s] [ 67%] [32mBuilding CXX object CMakeFiles/messages__rosidl_typesupport_fastrtps_c.dir/rosidl_typesupport_fastrtps_c/messages/msg/detail/humanoid_league_msgs__type_support_c.cpp.o[0m
[26.821s] [ 70%] [32m[1mLinking CXX shared library libmessages__rosidl_typesupport_fastrtps_c.so[0m
[27.101s] [ 70%] Built target messages__rosidl_typesupport_fastrtps_c
[27.202s] [ 70%] Built target messages
[27.299s] [ 74%] [34m[1mGenerating Python code for ROS interfaces[0m
[30.283s] [ 74%] Built target messages__py
[30.415s] [35m[1mScanning dependencies of target messages__python[0m
[30.551s] [ 77%] [32mBuilding C object CMakeFiles/messages__python.dir/rosidl_generator_py/messages/msg/_humanoid_league_msgs_s.c.o[0m
[31.172s] [ 80%] [32m[1mLinking C shared library rosidl_generator_py/messages/libmessages__python.so[0m
[31.652s] [ 80%] Built target messages__python
[31.757s] [35m[1mScanning dependencies of target messages__rosidl_typesupport_c__pyext[0m
[31.843s] [ 83%] [32mBuilding C object CMakeFiles/messages__rosidl_typesupport_c__pyext.dir/rosidl_generator_py/messages/_messages_s.ep.rosidl_typesupport_c.c.o[0m
[32.155s] [ 87%] [32m[1mLinking C shared library rosidl_generator_py/messages/messages_s__rosidl_typesupport_c.cpython-38-x86_64-linux-gnu.so[0m
[32.343s] [ 87%] Built target messages__rosidl_typesupport_c__pyext
[32.389s] [35m[1mScanning dependencies of target messages__rosidl_typesupport_fastrtps_c__pyext[0m
[32.459s] [ 90%] [32mBuilding C object CMakeFiles/messages__rosidl_typesupport_fastrtps_c__pyext.dir/rosidl_generator_py/messages/_messages_s.ep.rosidl_typesupport_fastrtps_c.c.o[0m
[32.697s] [ 93%] [32m[1mLinking CXX shared library rosidl_generator_py/messages/messages_s__rosidl_typesupport_fastrtps_c.cpython-38-x86_64-linux-gnu.so[0m
[32.964s] [ 93%] Built target messages__rosidl_typesupport_fastrtps_c__pyext
[33.012s] [35m[1mScanning dependencies of target messages__rosidl_typesupport_introspection_c__pyext[0m
[33.140s] [ 96%] [32mBuilding C object CMakeFiles/messages__rosidl_typesupport_introspection_c__pyext.dir/rosidl_generator_py/messages/_messages_s.ep.rosidl_typesupport_introspection_c.c.o[0m
[33.597s] [100%] [32m[1mLinking C shared library rosidl_generator_py/messages/messages_s__rosidl_typesupport_introspection_c.cpython-38-x86_64-linux-gnu.so[0m
[33.769s] [100%] Built target messages__rosidl_typesupport_introspection_c__pyext
[33.799s] Invoked command in '/home/robofei/Downloads/GC/build/messages' returned '0': CMAKE_PREFIX_PATH=${CMAKE_PREFIX_PATH}:/home/robofei/Downloads/GC/install/controller:/opt/ros/foxy /usr/bin/cmake --build /home/robofei/Downloads/GC/build/messages -- -j4 -l4
[34.113s] Invoking command in '/home/robofei/Downloads/GC/build/messages': CMAKE_PREFIX_PATH=${CMAKE_PREFIX_PATH}:/home/robofei/Downloads/GC/install/controller:/opt/ros/foxy /usr/bin/cmake --install /home/robofei/Downloads/GC/build/messages
[34.147s] -- Install configuration: ""
[34.147s] -- Up-to-date: /home/robofei/Downloads/GC/install/messages/share/ament_index/resource_index/rosidl_interfaces/messages
[34.147s] -- Up-to-date: /home/robofei/Downloads/GC/install/messages/include/messages
[34.147s] -- Up-to-date: /home/robofei/Downloads/GC/install/messages/include/messages/msg
[34.147s] -- Up-to-date: /home/robofei/Downloads/GC/install/messages/include/messages/msg/detail
[34.148s] -- Installing: /home/robofei/Downloads/GC/install/messages/include/messages/msg/detail/humanoid_league_msgs__struct.h
[34.148s] -- Installing: /home/robofei/Downloads/GC/install/messages/include/messages/msg/detail/humanoid_league_msgs__functions.h
[34.148s] -- Installing: /home/robofei/Downloads/GC/install/messages/include/messages/msg/detail/humanoid_league_msgs__functions.c
[34.148s] -- Installing: /home/robofei/Downloads/GC/install/messages/include/messages/msg/detail/humanoid_league_msgs__type_support.h
[34.148s] -- Up-to-date: /home/robofei/Downloads/GC/install/messages/include/messages/msg/rosidl_generator_c__visibility_control.h
[34.148s] -- Installing: /home/robofei/Downloads/GC/install/messages/include/messages/msg/humanoid_league_msgs.h
[34.149s] -- Up-to-date: /home/robofei/Downloads/GC/install/messages/share/messages/environment/library_path.sh
[34.149s] -- Installing: /home/robofei/Downloads/GC/install/messages/share/messages/environment/library_path.dsv
[34.149s] -- Installing: /home/robofei/Downloads/GC/install/messages/lib/libmessages__rosidl_generator_c.so
[34.149s] -- Set runtime path of "/home/robofei/Downloads/GC/install/messages/lib/libmessages__rosidl_generator_c.so" to ""
[34.149s] -- Up-to-date: /home/robofei/Downloads/GC/install/messages/include/messages
[34.149s] -- Up-to-date: /home/robofei/Downloads/GC/install/messages/include/messages/msg
[34.149s] -- Up-to-date: /home/robofei/Downloads/GC/install/messages/include/messages/msg/detail
[34.150s] -- Installing: /home/robofei/Downloads/GC/install/messages/include/messages/msg/detail/humanoid_league_msgs__rosidl_typesupport_fastrtps_c.h
[34.150s] -- Up-to-date: /home/robofei/Downloads/GC/install/messages/include/messages/msg/rosidl_typesupport_fastrtps_c__visibility_control.h
[34.150s] -- Installing: /home/robofei/Downloads/GC/install/messages/lib/libmessages__rosidl_typesupport_fastrtps_c.so
[34.151s] -- Set runtime path of "/home/robofei/Downloads/GC/install/messages/lib/libmessages__rosidl_typesupport_fastrtps_c.so" to ""
[34.151s] -- Up-to-date: /home/robofei/Downloads/GC/install/messages/include/messages
[34.152s] -- Up-to-date: /home/robofei/Downloads/GC/install/messages/include/messages/msg
[34.152s] -- Up-to-date: /home/robofei/Downloads/GC/install/messages/include/messages/msg/rosidl_typesupport_fastrtps_cpp__visibility_control.h
[34.152s] -- Up-to-date: /home/robofei/Downloads/GC/install/messages/include/messages/msg/detail
[34.153s] -- Installing: /home/robofei/Downloads/GC/install/messages/include/messages/msg/detail/humanoid_league_msgs__rosidl_typesupport_fastrtps_cpp.hpp
[34.153s] -- Up-to-date: /home/robofei/Downloads/GC/install/messages/include/messages/msg/detail/dds_fastrtps
[34.154s] -- Installing: /home/robofei/Downloads/GC/install/messages/lib/libmessages__rosidl_typesupport_fastrtps_cpp.so
[34.157s] -- Set runtime path of "/home/robofei/Downloads/GC/install/messages/lib/libmessages__rosidl_typesupport_fastrtps_cpp.so" to ""
[34.158s] -- Up-to-date: /home/robofei/Downloads/GC/install/messages/include/messages
[34.159s] -- Up-to-date: /home/robofei/Downloads/GC/install/messages/include/messages/msg
[34.159s] -- Up-to-date: /home/robofei/Downloads/GC/install/messages/include/messages/msg/detail
[34.160s] -- Installing: /home/robofei/Downloads/GC/install/messages/include/messages/msg/detail/humanoid_league_msgs__type_support.c
[34.160s] -- Installing: /home/robofei/Downloads/GC/install/messages/include/messages/msg/detail/humanoid_league_msgs__rosidl_typesupport_introspection_c.h
[34.161s] -- Up-to-date: /home/robofei/Downloads/GC/install/messages/include/messages/msg/rosidl_typesupport_introspection_c__visibility_control.h
[34.161s] -- Installing: /home/robofei/Downloads/GC/install/messages/lib/libmessages__rosidl_typesupport_introspection_c.so
[34.171s] -- Set runtime path of "/home/robofei/Downloads/GC/install/messages/lib/libmessages__rosidl_typesupport_introspection_c.so" to ""
[34.172s] -- Installing: /home/robofei/Downloads/GC/install/messages/lib/libmessages__rosidl_typesupport_c.so
[34.172s] -- Set runtime path of "/home/robofei/Downloads/GC/install/messages/lib/libmessages__rosidl_typesupport_c.so" to ""
[34.172s] -- Up-to-date: /home/robofei/Downloads/GC/install/messages/include/messages
[34.172s] -- Up-to-date: /home/robofei/Downloads/GC/install/messages/include/messages/msg
[34.172s] -- Up-to-date: /home/robofei/Downloads/GC/install/messages/include/messages/msg/detail
[34.172s] -- Installing: /home/robofei/Downloads/GC/install/messages/include/messages/msg/detail/humanoid_league_msgs__struct.hpp
[34.173s] -- Installing: /home/robofei/Downloads/GC/install/messages/include/messages/msg/detail/humanoid_league_msgs__traits.hpp
[34.173s] -- Installing: /home/robofei/Downloads/GC/install/messages/include/messages/msg/detail/humanoid_league_msgs__builder.hpp
[34.173s] -- Installing: /home/robofei/Downloads/GC/install/messages/include/messages/msg/humanoid_league_msgs.hpp
[34.173s] -- Up-to-date: /home/robofei/Downloads/GC/install/messages/include/messages
[34.173s] -- Up-to-date: /home/robofei/Downloads/GC/install/messages/include/messages/msg
[34.173s] -- Up-to-date: /home/robofei/Downloads/GC/install/messages/include/messages/msg/detail
[34.174s] -- Installing: /home/robofei/Downloads/GC/install/messages/include/messages/msg/detail/humanoid_league_msgs__type_support.cpp
[34.174s] -- Installing: /home/robofei/Downloads/GC/install/messages/include/messages/msg/detail/humanoid_league_msgs__rosidl_typesupport_introspection_cpp.hpp
[34.174s] -- Installing: /home/robofei/Downloads/GC/install/messages/lib/libmessages__rosidl_typesupport_introspection_cpp.so
[34.174s] -- Set runtime path of "/home/robofei/Downloads/GC/install/messages/lib/libmessages__rosidl_typesupport_introspection_cpp.so" to ""
[34.174s] -- Installing: /home/robofei/Downloads/GC/install/messages/lib/libmessages__rosidl_typesupport_cpp.so
[34.174s] -- Set runtime path of "/home/robofei/Downloads/GC/install/messages/lib/libmessages__rosidl_typesupport_cpp.so" to ""
[34.175s] -- Up-to-date: /home/robofei/Downloads/GC/install/messages/share/messages/environment/pythonpath.sh
[34.175s] -- Installing: /home/robofei/Downloads/GC/install/messages/share/messages/environment/pythonpath.dsv
[34.175s] -- Installing: /home/robofei/Downloads/GC/install/messages/lib/python3.8/site-packages/messages/__init__.py
[34.257s] Compiling '/home/robofei/Downloads/GC/install/messages/lib/python3.8/site-packages/messages/__init__.py'...
[34.270s] -- Up-to-date: /home/robofei/Downloads/GC/install/messages/lib/python3.8/site-packages/messages/msg
[34.270s] -- Installing: /home/robofei/Downloads/GC/install/messages/lib/python3.8/site-packages/messages/msg/_humanoid_league_msgs.py
[34.270s] -- Installing: /home/robofei/Downloads/GC/install/messages/lib/python3.8/site-packages/messages/msg/_humanoid_league_msgs_s.c
[34.270s] -- Installing: /home/robofei/Downloads/GC/install/messages/lib/python3.8/site-packages/messages/msg/__init__.py
[34.271s] -- Installing: /home/robofei/Downloads/GC/install/messages/lib/python3.8/site-packages/messages/messages_s__rosidl_typesupport_fastrtps_c.cpython-38-x86_64-linux-gnu.so
[34.272s] -- Set runtime path of "/home/robofei/Downloads/GC/install/messages/lib/python3.8/site-packages/messages/messages_s__rosidl_typesupport_fastrtps_c.cpython-38-x86_64-linux-gnu.so" to ""
[34.273s] -- Installing: /home/robofei/Downloads/GC/install/messages/lib/python3.8/site-packages/messages/messages_s__rosidl_typesupport_introspection_c.cpython-38-x86_64-linux-gnu.so
[34.274s] -- Set runtime path of "/home/robofei/Downloads/GC/install/messages/lib/python3.8/site-packages/messages/messages_s__rosidl_typesupport_introspection_c.cpython-38-x86_64-linux-gnu.so" to ""
[34.275s] -- Installing: /home/robofei/Downloads/GC/install/messages/lib/python3.8/site-packages/messages/messages_s__rosidl_typesupport_c.cpython-38-x86_64-linux-gnu.so
[34.276s] -- Set runtime path of "/home/robofei/Downloads/GC/install/messages/lib/python3.8/site-packages/messages/messages_s__rosidl_typesupport_c.cpython-38-x86_64-linux-gnu.so" to ""
[34.277s] -- Installing: /home/robofei/Downloads/GC/install/messages/lib/libmessages__python.so
[34.277s] -- Set runtime path of "/home/robofei/Downloads/GC/install/messages/lib/libmessages__python.so" to ""
[34.277s] -- Installing: /home/robofei/Downloads/GC/install/messages/share/messages/msg/HumanoidLeagueMsgs.idl
[34.278s] -- Installing: /home/robofei/Downloads/GC/install/messages/share/messages/msg/HumanoidLeagueMsgs.msg
[34.278s] -- Up-to-date: /home/robofei/Downloads/GC/install/messages/share/ament_index/resource_index/package_run_dependencies/messages
[34.278s] -- Up-to-date: /home/robofei/Downloads/GC/install/messages/share/ament_index/resource_index/parent_prefix_path/messages
[34.279s] -- Up-to-date: /home/robofei/Downloads/GC/install/messages/share/messages/environment/ament_prefix_path.sh
[34.279s] -- Installing: /home/robofei/Downloads/GC/install/messages/share/messages/environment/ament_prefix_path.dsv
[34.279s] -- Up-to-date: /home/robofei/Downloads/GC/install/messages/share/messages/environment/path.sh
[34.280s] -- Installing: /home/robofei/Downloads/GC/install/messages/share/messages/environment/path.dsv
[34.280s] -- Up-to-date: /home/robofei/Downloads/GC/install/messages/share/messages/local_setup.bash
[34.280s] -- Up-to-date: /home/robofei/Downloads/GC/install/messages/share/messages/local_setup.sh
[34.280s] -- Up-to-date: /home/robofei/Downloads/GC/install/messages/share/messages/local_setup.zsh
[34.281s] -- Installing: /home/robofei/Downloads/GC/install/messages/share/messages/local_setup.dsv
[34.281s] -- Installing: /home/robofei/Downloads/GC/install/messages/share/messages/package.dsv
[34.281s] -- Up-to-date: /home/robofei/Downloads/GC/install/messages/share/ament_index/resource_index/packages/messages
[34.281s] -- Old export file "/home/robofei/Downloads/GC/install/messages/share/messages/cmake/messages__rosidl_generator_cExport.cmake" will be replaced.  Removing files [/home/robofei/Downloads/GC/install/messages/share/messages/cmake/messages__rosidl_generator_cExport-noconfig.cmake].
[34.281s] -- Installing: /home/robofei/Downloads/GC/install/messages/share/messages/cmake/messages__rosidl_generator_cExport.cmake
[34.282s] -- Installing: /home/robofei/Downloads/GC/install/messages/share/messages/cmake/messages__rosidl_generator_cExport-noconfig.cmake
[34.282s] -- Old export file "/home/robofei/Downloads/GC/install/messages/share/messages/cmake/messages__rosidl_typesupport_introspection_cExport.cmake" will be replaced.  Removing files [/home/robofei/Downloads/GC/install/messages/share/messages/cmake/messages__rosidl_typesupport_introspection_cExport-noconfig.cmake].
[34.282s] -- Installing: /home/robofei/Downloads/GC/install/messages/share/messages/cmake/messages__rosidl_typesupport_introspection_cExport.cmake
[34.282s] -- Installing: /home/robofei/Downloads/GC/install/messages/share/messages/cmake/messages__rosidl_typesupport_introspection_cExport-noconfig.cmake
[34.283s] -- Old export file "/home/robofei/Downloads/GC/install/messages/share/messages/cmake/messages__rosidl_typesupport_cExport.cmake" will be replaced.  Removing files [/home/robofei/Downloads/GC/install/messages/share/messages/cmake/messages__rosidl_typesupport_cExport-noconfig.cmake].
[34.283s] -- Installing: /home/robofei/Downloads/GC/install/messages/share/messages/cmake/messages__rosidl_typesupport_cExport.cmake
[34.283s] -- Installing: /home/robofei/Downloads/GC/install/messages/share/messages/cmake/messages__rosidl_typesupport_cExport-noconfig.cmake
[34.284s] -- Installing: /home/robofei/Downloads/GC/install/messages/share/messages/cmake/messages__rosidl_generator_cppExport.cmake
[34.285s] -- Old export file "/home/robofei/Downloads/GC/install/messages/share/messages/cmake/messages__rosidl_typesupport_introspection_cppExport.cmake" will be replaced.  Removing files [/home/robofei/Downloads/GC/install/messages/share/messages/cmake/messages__rosidl_typesupport_introspection_cppExport-noconfig.cmake].
[34.286s] -- Installing: /home/robofei/Downloads/GC/install/messages/share/messages/cmake/messages__rosidl_typesupport_introspection_cppExport.cmake
[34.286s] -- Installing: /home/robofei/Downloads/GC/install/messages/share/messages/cmake/messages__rosidl_typesupport_introspection_cppExport-noconfig.cmake
[34.287s] -- Old export file "/home/robofei/Downloads/GC/install/messages/share/messages/cmake/messages__rosidl_typesupport_cppExport.cmake" will be replaced.  Removing files [/home/robofei/Downloads/GC/install/messages/share/messages/cmake/messages__rosidl_typesupport_cppExport-noconfig.cmake].
[34.288s] -- Installing: /home/robofei/Downloads/GC/install/messages/share/messages/cmake/messages__rosidl_typesupport_cppExport.cmake
[34.289s] -- Installing: /home/robofei/Downloads/GC/install/messages/share/messages/cmake/messages__rosidl_typesupport_cppExport-noconfig.cmake
[34.289s] -- Up-to-date: /home/robofei/Downloads/GC/install/messages/share/messages/cmake/rosidl_cmake-extras.cmake
[34.290s] -- Installing: /home/robofei/Downloads/GC/install/messages/share/messages/cmake/ament_cmake_export_dependencies-extras.cmake
[34.290s] -- Up-to-date: /home/robofei/Downloads/GC/install/messages/share/messages/cmake/ament_cmake_export_libraries-extras.cmake
[34.291s] -- Up-to-date: /home/robofei/Downloads/GC/install/messages/share/messages/cmake/ament_cmake_export_targets-extras.cmake
[34.291s] -- Up-to-date: /home/robofei/Downloads/GC/install/messages/share/messages/cmake/ament_cmake_export_include_directories-extras.cmake
[34.291s] -- Up-to-date: /home/robofei/Downloads/GC/install/messages/share/messages/cmake/rosidl_cmake_export_typesupport_libraries-extras.cmake
[34.291s] -- Up-to-date: /home/robofei/Downloads/GC/install/messages/share/messages/cmake/rosidl_cmake_export_typesupport_targets-extras.cmake
[34.291s] -- Up-to-date: /home/robofei/Downloads/GC/install/messages/share/messages/cmake/messagesConfig.cmake
[34.292s] -- Up-to-date: /home/robofei/Downloads/GC/install/messages/share/messages/cmake/messagesConfig-version.cmake
[34.292s] -- Up-to-date: /home/robofei/Downloads/GC/install/messages/share/messages/package.xml
[34.309s] Invoked command in '/home/robofei/Downloads/GC/build/messages' returned '0': CMAKE_PREFIX_PATH=${CMAKE_PREFIX_PATH}:/home/robofei/Downloads/GC/install/controller:/opt/ros/foxy /usr/bin/cmake --install /home/robofei/Downloads/GC/build/messages
