[0.076s] Invoking command in '/home/robofei/ROS2/build/serial': CMAKE_PREFIX_PATH=${CMAKE_PREFIX_PATH}:/home/robofei/ROS2/install/vision_pkg:/home/robofei/ROS2/install/decision_pkg:/home/robofei/ROS2/install/controller:/opt/ros/foxy /usr/bin/cmake --build /home/robofei/ROS2/build/serial -- -j4 -l4
[0.231s] [100%] Built target serial
[0.267s] Invoked command in '/home/robofei/ROS2/build/serial' returned '0': CMAKE_PREFIX_PATH=${CMAKE_PREFIX_PATH}:/home/robofei/ROS2/install/vision_pkg:/home/robofei/ROS2/install/decision_pkg:/home/robofei/ROS2/install/controller:/opt/ros/foxy /usr/bin/cmake --build /home/robofei/ROS2/build/serial -- -j4 -l4
[0.558s] Invoking command in '/home/robofei/ROS2/build/serial': CMAKE_PREFIX_PATH=${CMAKE_PREFIX_PATH}:/home/robofei/ROS2/install/vision_pkg:/home/robofei/ROS2/install/decision_pkg:/home/robofei/ROS2/install/controller:/opt/ros/foxy /usr/bin/cmake --install /home/robofei/ROS2/build/serial
[0.583s] -- Install configuration: ""
[0.585s] -- Execute custom install script
[0.586s] -- Up-to-date symlink: /home/robofei/ROS2/install/serial/share/serial/environment/library_path.sh
[0.587s] -- Up-to-date symlink: /home/robofei/ROS2/install/serial/share/serial/environment/library_path.dsv
[0.597s] -- Up-to-date symlink: /home/robofei/ROS2/install/serial/lib/libserial.a
[0.599s] -- Up-to-date symlink: /home/robofei/ROS2/install/serial/include/serial/serial.h
[0.600s] -- Up-to-date symlink: /home/robofei/ROS2/install/serial/include/serial/v8stdint.h
[0.601s] -- Up-to-date symlink: /home/robofei/ROS2/install/serial/share/ament_index/resource_index/package_run_dependencies/serial
[0.602s] -- Up-to-date symlink: /home/robofei/ROS2/install/serial/share/ament_index/resource_index/parent_prefix_path/serial
[0.603s] -- Up-to-date symlink: /home/robofei/ROS2/install/serial/share/serial/environment/ament_prefix_path.sh
[0.605s] -- Up-to-date symlink: /home/robofei/ROS2/install/serial/share/serial/environment/ament_prefix_path.dsv
[0.606s] -- Up-to-date symlink: /home/robofei/ROS2/install/serial/share/serial/environment/path.sh
[0.606s] -- Up-to-date symlink: /home/robofei/ROS2/install/serial/share/serial/environment/path.dsv
[0.607s] -- Up-to-date symlink: /home/robofei/ROS2/install/serial/share/serial/local_setup.bash
[0.607s] -- Up-to-date symlink: /home/robofei/ROS2/install/serial/share/serial/local_setup.sh
[0.608s] -- Up-to-date symlink: /home/robofei/ROS2/install/serial/share/serial/local_setup.zsh
[0.609s] -- Up-to-date symlink: /home/robofei/ROS2/install/serial/share/serial/local_setup.dsv
[0.610s] -- Symlinking: /home/robofei/ROS2/install/serial/share/serial/package.dsv
[0.636s] -- Up-to-date symlink: /home/robofei/ROS2/install/serial/share/ament_index/resource_index/packages/serial
[0.636s] -- Up-to-date symlink: /home/robofei/ROS2/install/serial/share/serial/cmake/ament_cmake_export_include_directories-extras.cmake
[0.637s] -- Up-to-date symlink: /home/robofei/ROS2/install/serial/share/serial/cmake/ament_cmake_export_libraries-extras.cmake
[0.638s] -- Up-to-date symlink: /home/robofei/ROS2/install/serial/share/serial/cmake/serialConfig.cmake
[0.638s] -- Up-to-date symlink: /home/robofei/ROS2/install/serial/share/serial/cmake/serialConfig-version.cmake
[0.640s] -- Up-to-date symlink: /home/robofei/ROS2/install/serial/share/serial/package.xml
[0.669s] Invoked command in '/home/robofei/ROS2/build/serial' returned '0': CMAKE_PREFIX_PATH=${CMAKE_PREFIX_PATH}:/home/robofei/ROS2/install/vision_pkg:/home/robofei/ROS2/install/decision_pkg:/home/robofei/ROS2/install/controller:/opt/ros/foxy /usr/bin/cmake --install /home/robofei/ROS2/build/serial
