[0.077s] Invoking command in '/home/robofei/ROS2/decision_pkg/build/dynamixel_sdk_custom_interfaces': CMAKE_PREFIX_PATH=/opt/ros/foxy /usr/bin/cmake --build /home/robofei/ROS2/decision_pkg/build/dynamixel_sdk_custom_interfaces -- -j4 -l4
[0.255s] [  2%] Built target dynamixel_sdk_custom_interfaces__cpp
[0.260s] [ 12%] Built target dynamixel_sdk_custom_interfaces__rosidl_generator_c
[0.366s] [ 23%] Built target dynamixel_sdk_custom_interfaces__rosidl_typesupport_fastrtps_cpp
[0.371s] [ 33%] Built target dynamixel_sdk_custom_interfaces__rosidl_typesupport_introspection_c
[0.400s] [ 53%] Built target dynamixel_sdk_custom_interfaces__rosidl_typesupport_cpp
[0.400s] [ 53%] Built target dynamixel_sdk_custom_interfaces__rosidl_typesupport_introspection_cpp
[0.482s] [ 64%] Built target dynamixel_sdk_custom_interfaces__rosidl_typesupport_c
[0.483s] [ 74%] Built target dynamixel_sdk_custom_interfaces__rosidl_typesupport_fastrtps_c
[0.538s] [ 74%] Built target dynamixel_sdk_custom_interfaces
[0.575s] [ 76%] Built target dynamixel_sdk_custom_interfaces__py
[0.757s] [ 84%] Built target dynamixel_sdk_custom_interfaces__python
[0.837s] [ 89%] Built target dynamixel_sdk_custom_interfaces__rosidl_typesupport_fastrtps_c__pyext
[0.873s] [ 94%] Built target dynamixel_sdk_custom_interfaces__rosidl_typesupport_introspection_c__pyext
[0.873s] [100%] Built target dynamixel_sdk_custom_interfaces__rosidl_typesupport_c__pyext
[0.887s] Invoked command in '/home/robofei/ROS2/decision_pkg/build/dynamixel_sdk_custom_interfaces' returned '0': CMAKE_PREFIX_PATH=/opt/ros/foxy /usr/bin/cmake --build /home/robofei/ROS2/decision_pkg/build/dynamixel_sdk_custom_interfaces -- -j4 -l4
[0.956s] Invoking command in '/home/robofei/ROS2/decision_pkg/build/dynamixel_sdk_custom_interfaces': CMAKE_PREFIX_PATH=/opt/ros/foxy /usr/bin/cmake --install /home/robofei/ROS2/decision_pkg/build/dynamixel_sdk_custom_interfaces
[0.968s] -- Install configuration: ""
[0.972s] -- Execute custom install script
[0.988s] -- Up-to-date symlink: /home/robofei/ROS2/decision_pkg/install/dynamixel_sdk_custom_interfaces/share/ament_index/resource_index/rosidl_interfaces/dynamixel_sdk_custom_interfaces
[0.989s] -- Up-to-date symlink: /home/robofei/ROS2/decision_pkg/install/dynamixel_sdk_custom_interfaces/include/dynamixel_sdk_custom_interfaces/msg/decision.h
[0.990s] -- Up-to-date symlink: /home/robofei/ROS2/decision_pkg/install/dynamixel_sdk_custom_interfaces/include/dynamixel_sdk_custom_interfaces/msg/detail/decision__functions.h
[0.990s] -- Up-to-date symlink: /home/robofei/ROS2/decision_pkg/install/dynamixel_sdk_custom_interfaces/include/dynamixel_sdk_custom_interfaces/msg/detail/decision__struct.h
[0.990s] -- Up-to-date symlink: /home/robofei/ROS2/decision_pkg/install/dynamixel_sdk_custom_interfaces/include/dynamixel_sdk_custom_interfaces/msg/detail/decision__type_support.h
[0.991s] -- Up-to-date symlink: /home/robofei/ROS2/decision_pkg/install/dynamixel_sdk_custom_interfaces/include/dynamixel_sdk_custom_interfaces/msg/detail/set_position__functions.h
[0.991s] -- Up-to-date symlink: /home/robofei/ROS2/decision_pkg/install/dynamixel_sdk_custom_interfaces/include/dynamixel_sdk_custom_interfaces/msg/detail/set_position__struct.h
[0.992s] -- Up-to-date symlink: /home/robofei/ROS2/decision_pkg/install/dynamixel_sdk_custom_interfaces/include/dynamixel_sdk_custom_interfaces/msg/detail/set_position__type_support.h
[0.992s] -- Up-to-date symlink: /home/robofei/ROS2/decision_pkg/install/dynamixel_sdk_custom_interfaces/include/dynamixel_sdk_custom_interfaces/msg/rosidl_generator_c__visibility_control.h
[0.992s] -- Up-to-date symlink: /home/robofei/ROS2/decision_pkg/install/dynamixel_sdk_custom_interfaces/include/dynamixel_sdk_custom_interfaces/msg/set_position.h
[0.993s] -- Up-to-date symlink: /home/robofei/ROS2/decision_pkg/install/dynamixel_sdk_custom_interfaces/share/dynamixel_sdk_custom_interfaces/environment/library_path.sh
[0.994s] -- Up-to-date symlink: /home/robofei/ROS2/decision_pkg/install/dynamixel_sdk_custom_interfaces/share/dynamixel_sdk_custom_interfaces/environment/library_path.dsv
[0.994s] -- Up-to-date symlink: /home/robofei/ROS2/decision_pkg/install/dynamixel_sdk_custom_interfaces/include/dynamixel_sdk_custom_interfaces/msg/detail/decision__rosidl_typesupport_fastrtps_c.h
[0.995s] -- Up-to-date symlink: /home/robofei/ROS2/decision_pkg/install/dynamixel_sdk_custom_interfaces/include/dynamixel_sdk_custom_interfaces/msg/detail/set_position__rosidl_typesupport_fastrtps_c.h
[0.995s] -- Up-to-date symlink: /home/robofei/ROS2/decision_pkg/install/dynamixel_sdk_custom_interfaces/include/dynamixel_sdk_custom_interfaces/msg/rosidl_typesupport_fastrtps_c__visibility_control.h
[0.996s] -- Up-to-date symlink: /home/robofei/ROS2/decision_pkg/install/dynamixel_sdk_custom_interfaces/lib/libdynamixel_sdk_custom_interfaces__rosidl_typesupport_fastrtps_c.so
[0.997s] -- Up-to-date symlink: /home/robofei/ROS2/decision_pkg/install/dynamixel_sdk_custom_interfaces/include/dynamixel_sdk_custom_interfaces/msg/detail/decision__rosidl_typesupport_fastrtps_cpp.hpp
[0.997s] -- Up-to-date symlink: /home/robofei/ROS2/decision_pkg/install/dynamixel_sdk_custom_interfaces/include/dynamixel_sdk_custom_interfaces/msg/detail/set_position__rosidl_typesupport_fastrtps_cpp.hpp
[0.998s] -- Up-to-date symlink: /home/robofei/ROS2/decision_pkg/install/dynamixel_sdk_custom_interfaces/include/dynamixel_sdk_custom_interfaces/msg/rosidl_typesupport_fastrtps_cpp__visibility_control.h
[0.998s] -- Up-to-date symlink: /home/robofei/ROS2/decision_pkg/install/dynamixel_sdk_custom_interfaces/lib/libdynamixel_sdk_custom_interfaces__rosidl_typesupport_fastrtps_cpp.so
[0.999s] -- Up-to-date symlink: /home/robofei/ROS2/decision_pkg/install/dynamixel_sdk_custom_interfaces/include/dynamixel_sdk_custom_interfaces/msg/detail/decision__rosidl_typesupport_introspection_c.h
[1.000s] -- Up-to-date symlink: /home/robofei/ROS2/decision_pkg/install/dynamixel_sdk_custom_interfaces/include/dynamixel_sdk_custom_interfaces/msg/detail/set_position__rosidl_typesupport_introspection_c.h
[1.000s] -- Up-to-date symlink: /home/robofei/ROS2/decision_pkg/install/dynamixel_sdk_custom_interfaces/include/dynamixel_sdk_custom_interfaces/msg/rosidl_typesupport_introspection_c__visibility_control.h
[1.001s] -- Up-to-date symlink: /home/robofei/ROS2/decision_pkg/install/dynamixel_sdk_custom_interfaces/include/dynamixel_sdk_custom_interfaces/msg/decision.hpp
[1.001s] -- Up-to-date symlink: /home/robofei/ROS2/decision_pkg/install/dynamixel_sdk_custom_interfaces/include/dynamixel_sdk_custom_interfaces/msg/detail/decision__builder.hpp
[1.002s] -- Up-to-date symlink: /home/robofei/ROS2/decision_pkg/install/dynamixel_sdk_custom_interfaces/include/dynamixel_sdk_custom_interfaces/msg/detail/decision__struct.hpp
[1.002s] -- Up-to-date symlink: /home/robofei/ROS2/decision_pkg/install/dynamixel_sdk_custom_interfaces/include/dynamixel_sdk_custom_interfaces/msg/detail/decision__traits.hpp
[1.003s] -- Up-to-date symlink: /home/robofei/ROS2/decision_pkg/install/dynamixel_sdk_custom_interfaces/include/dynamixel_sdk_custom_interfaces/msg/detail/set_position__builder.hpp
[1.003s] -- Up-to-date symlink: /home/robofei/ROS2/decision_pkg/install/dynamixel_sdk_custom_interfaces/include/dynamixel_sdk_custom_interfaces/msg/detail/set_position__struct.hpp
[1.003s] -- Up-to-date symlink: /home/robofei/ROS2/decision_pkg/install/dynamixel_sdk_custom_interfaces/include/dynamixel_sdk_custom_interfaces/msg/detail/set_position__traits.hpp
[1.004s] -- Up-to-date symlink: /home/robofei/ROS2/decision_pkg/install/dynamixel_sdk_custom_interfaces/include/dynamixel_sdk_custom_interfaces/msg/set_position.hpp
[1.005s] -- Up-to-date symlink: /home/robofei/ROS2/decision_pkg/install/dynamixel_sdk_custom_interfaces/include/dynamixel_sdk_custom_interfaces/msg/detail/decision__rosidl_typesupport_introspection_cpp.hpp
[1.005s] -- Up-to-date symlink: /home/robofei/ROS2/decision_pkg/install/dynamixel_sdk_custom_interfaces/include/dynamixel_sdk_custom_interfaces/msg/detail/set_position__rosidl_typesupport_introspection_cpp.hpp
[1.005s] -- Up-to-date symlink: /home/robofei/ROS2/decision_pkg/install/dynamixel_sdk_custom_interfaces/share/dynamixel_sdk_custom_interfaces/environment/pythonpath.sh
[1.006s] -- Up-to-date symlink: /home/robofei/ROS2/decision_pkg/install/dynamixel_sdk_custom_interfaces/share/dynamixel_sdk_custom_interfaces/environment/pythonpath.dsv
[1.007s] -- Up-to-date symlink: /home/robofei/ROS2/decision_pkg/install/dynamixel_sdk_custom_interfaces/lib/python3.8/site-packages/dynamixel_sdk_custom_interfaces/__init__.py
[1.007s] -- Up-to-date symlink: /home/robofei/ROS2/decision_pkg/install/dynamixel_sdk_custom_interfaces/lib/python3.8/site-packages/dynamixel_sdk_custom_interfaces/msg/__init__.py
[1.008s] -- Up-to-date symlink: /home/robofei/ROS2/decision_pkg/install/dynamixel_sdk_custom_interfaces/lib/python3.8/site-packages/dynamixel_sdk_custom_interfaces/msg/_decision.py
[1.008s] -- Up-to-date symlink: /home/robofei/ROS2/decision_pkg/install/dynamixel_sdk_custom_interfaces/lib/python3.8/site-packages/dynamixel_sdk_custom_interfaces/msg/_set_position.py
[1.009s] -- Up-to-date symlink: /home/robofei/ROS2/decision_pkg/install/dynamixel_sdk_custom_interfaces/lib/python3.8/site-packages/dynamixel_sdk_custom_interfaces/dynamixel_sdk_custom_interfaces_s__rosidl_typesupport_fastrtps_c.cpython-38-x86_64-linux-gnu.so
[1.010s] -- Up-to-date symlink: /home/robofei/ROS2/decision_pkg/install/dynamixel_sdk_custom_interfaces/lib/python3.8/site-packages/dynamixel_sdk_custom_interfaces/dynamixel_sdk_custom_interfaces_s__rosidl_typesupport_introspection_c.cpython-38-x86_64-linux-gnu.so
[1.010s] -- Up-to-date symlink: /home/robofei/ROS2/decision_pkg/install/dynamixel_sdk_custom_interfaces/lib/python3.8/site-packages/dynamixel_sdk_custom_interfaces/dynamixel_sdk_custom_interfaces_s__rosidl_typesupport_c.cpython-38-x86_64-linux-gnu.so
[1.011s] -- Up-to-date symlink: /home/robofei/ROS2/decision_pkg/install/dynamixel_sdk_custom_interfaces/lib/libdynamixel_sdk_custom_interfaces__python.so
[1.012s] -- Up-to-date symlink: /home/robofei/ROS2/decision_pkg/install/dynamixel_sdk_custom_interfaces/share/dynamixel_sdk_custom_interfaces/msg/SetPosition.idl
[1.012s] -- Up-to-date symlink: /home/robofei/ROS2/decision_pkg/install/dynamixel_sdk_custom_interfaces/share/dynamixel_sdk_custom_interfaces/msg/Decision.idl
[1.012s] -- Up-to-date symlink: /home/robofei/ROS2/decision_pkg/install/dynamixel_sdk_custom_interfaces/share/dynamixel_sdk_custom_interfaces/msg/SetPosition.msg
[1.013s] -- Up-to-date symlink: /home/robofei/ROS2/decision_pkg/install/dynamixel_sdk_custom_interfaces/share/dynamixel_sdk_custom_interfaces/msg/Decision.msg
[1.013s] -- Up-to-date symlink: /home/robofei/ROS2/decision_pkg/install/dynamixel_sdk_custom_interfaces/share/ament_index/resource_index/package_run_dependencies/dynamixel_sdk_custom_interfaces
[1.014s] -- Up-to-date symlink: /home/robofei/ROS2/decision_pkg/install/dynamixel_sdk_custom_interfaces/share/ament_index/resource_index/parent_prefix_path/dynamixel_sdk_custom_interfaces
[1.014s] -- Up-to-date symlink: /home/robofei/ROS2/decision_pkg/install/dynamixel_sdk_custom_interfaces/share/dynamixel_sdk_custom_interfaces/environment/ament_prefix_path.sh
[1.015s] -- Up-to-date symlink: /home/robofei/ROS2/decision_pkg/install/dynamixel_sdk_custom_interfaces/share/dynamixel_sdk_custom_interfaces/environment/ament_prefix_path.dsv
[1.015s] -- Up-to-date symlink: /home/robofei/ROS2/decision_pkg/install/dynamixel_sdk_custom_interfaces/share/dynamixel_sdk_custom_interfaces/environment/path.sh
[1.016s] -- Up-to-date symlink: /home/robofei/ROS2/decision_pkg/install/dynamixel_sdk_custom_interfaces/share/dynamixel_sdk_custom_interfaces/environment/path.dsv
[1.016s] -- Up-to-date symlink: /home/robofei/ROS2/decision_pkg/install/dynamixel_sdk_custom_interfaces/share/dynamixel_sdk_custom_interfaces/local_setup.bash
[1.016s] -- Up-to-date symlink: /home/robofei/ROS2/decision_pkg/install/dynamixel_sdk_custom_interfaces/share/dynamixel_sdk_custom_interfaces/local_setup.sh
[1.017s] -- Up-to-date symlink: /home/robofei/ROS2/decision_pkg/install/dynamixel_sdk_custom_interfaces/share/dynamixel_sdk_custom_interfaces/local_setup.zsh
[1.017s] -- Up-to-date symlink: /home/robofei/ROS2/decision_pkg/install/dynamixel_sdk_custom_interfaces/share/dynamixel_sdk_custom_interfaces/local_setup.dsv
[1.018s] -- Symlinking: /home/robofei/ROS2/decision_pkg/install/dynamixel_sdk_custom_interfaces/share/dynamixel_sdk_custom_interfaces/package.dsv
[1.029s] -- Up-to-date symlink: /home/robofei/ROS2/decision_pkg/install/dynamixel_sdk_custom_interfaces/share/ament_index/resource_index/packages/dynamixel_sdk_custom_interfaces
[1.029s] -- Up-to-date symlink: /home/robofei/ROS2/decision_pkg/install/dynamixel_sdk_custom_interfaces/share/dynamixel_sdk_custom_interfaces/cmake/rosidl_cmake-extras.cmake
[1.030s] -- Up-to-date symlink: /home/robofei/ROS2/decision_pkg/install/dynamixel_sdk_custom_interfaces/share/dynamixel_sdk_custom_interfaces/cmake/ament_cmake_export_dependencies-extras.cmake
[1.031s] -- Up-to-date symlink: /home/robofei/ROS2/decision_pkg/install/dynamixel_sdk_custom_interfaces/share/dynamixel_sdk_custom_interfaces/cmake/ament_cmake_export_libraries-extras.cmake
[1.031s] -- Up-to-date symlink: /home/robofei/ROS2/decision_pkg/install/dynamixel_sdk_custom_interfaces/share/dynamixel_sdk_custom_interfaces/cmake/ament_cmake_export_targets-extras.cmake
[1.032s] -- Up-to-date symlink: /home/robofei/ROS2/decision_pkg/install/dynamixel_sdk_custom_interfaces/share/dynamixel_sdk_custom_interfaces/cmake/ament_cmake_export_include_directories-extras.cmake
[1.032s] -- Up-to-date symlink: /home/robofei/ROS2/decision_pkg/install/dynamixel_sdk_custom_interfaces/share/dynamixel_sdk_custom_interfaces/cmake/rosidl_cmake_export_typesupport_libraries-extras.cmake
[1.032s] -- Up-to-date symlink: /home/robofei/ROS2/decision_pkg/install/dynamixel_sdk_custom_interfaces/share/dynamixel_sdk_custom_interfaces/cmake/rosidl_cmake_export_typesupport_targets-extras.cmake
[1.033s] -- Up-to-date symlink: /home/robofei/ROS2/decision_pkg/install/dynamixel_sdk_custom_interfaces/share/dynamixel_sdk_custom_interfaces/cmake/dynamixel_sdk_custom_interfacesConfig.cmake
[1.033s] -- Up-to-date symlink: /home/robofei/ROS2/decision_pkg/install/dynamixel_sdk_custom_interfaces/share/dynamixel_sdk_custom_interfaces/cmake/dynamixel_sdk_custom_interfacesConfig-version.cmake
[1.033s] -- Up-to-date symlink: /home/robofei/ROS2/decision_pkg/install/dynamixel_sdk_custom_interfaces/share/dynamixel_sdk_custom_interfaces/package.xml
[1.064s] -- Up-to-date: /home/robofei/ROS2/decision_pkg/install/dynamixel_sdk_custom_interfaces/lib/libdynamixel_sdk_custom_interfaces__rosidl_generator_c.so
[1.066s] -- Up-to-date: /home/robofei/ROS2/decision_pkg/install/dynamixel_sdk_custom_interfaces/lib/libdynamixel_sdk_custom_interfaces__rosidl_typesupport_introspection_c.so
[1.067s] -- Up-to-date: /home/robofei/ROS2/decision_pkg/install/dynamixel_sdk_custom_interfaces/lib/libdynamixel_sdk_custom_interfaces__rosidl_typesupport_c.so
[1.069s] -- Up-to-date: /home/robofei/ROS2/decision_pkg/install/dynamixel_sdk_custom_interfaces/lib/libdynamixel_sdk_custom_interfaces__rosidl_typesupport_introspection_cpp.so
[1.071s] -- Up-to-date: /home/robofei/ROS2/decision_pkg/install/dynamixel_sdk_custom_interfaces/lib/libdynamixel_sdk_custom_interfaces__rosidl_typesupport_cpp.so
[1.146s] -- Up-to-date: /home/robofei/ROS2/decision_pkg/install/dynamixel_sdk_custom_interfaces/share/dynamixel_sdk_custom_interfaces/cmake/dynamixel_sdk_custom_interfaces__rosidl_generator_cExport.cmake
[1.146s] -- Up-to-date: /home/robofei/ROS2/decision_pkg/install/dynamixel_sdk_custom_interfaces/share/dynamixel_sdk_custom_interfaces/cmake/dynamixel_sdk_custom_interfaces__rosidl_generator_cExport-noconfig.cmake
[1.147s] -- Up-to-date: /home/robofei/ROS2/decision_pkg/install/dynamixel_sdk_custom_interfaces/share/dynamixel_sdk_custom_interfaces/cmake/dynamixel_sdk_custom_interfaces__rosidl_typesupport_introspection_cExport.cmake
[1.147s] -- Up-to-date: /home/robofei/ROS2/decision_pkg/install/dynamixel_sdk_custom_interfaces/share/dynamixel_sdk_custom_interfaces/cmake/dynamixel_sdk_custom_interfaces__rosidl_typesupport_introspection_cExport-noconfig.cmake
[1.147s] -- Up-to-date: /home/robofei/ROS2/decision_pkg/install/dynamixel_sdk_custom_interfaces/share/dynamixel_sdk_custom_interfaces/cmake/dynamixel_sdk_custom_interfaces__rosidl_typesupport_cExport.cmake
[1.148s] -- Up-to-date: /home/robofei/ROS2/decision_pkg/install/dynamixel_sdk_custom_interfaces/share/dynamixel_sdk_custom_interfaces/cmake/dynamixel_sdk_custom_interfaces__rosidl_typesupport_cExport-noconfig.cmake
[1.148s] -- Up-to-date: /home/robofei/ROS2/decision_pkg/install/dynamixel_sdk_custom_interfaces/share/dynamixel_sdk_custom_interfaces/cmake/dynamixel_sdk_custom_interfaces__rosidl_generator_cppExport.cmake
[1.149s] -- Up-to-date: /home/robofei/ROS2/decision_pkg/install/dynamixel_sdk_custom_interfaces/share/dynamixel_sdk_custom_interfaces/cmake/dynamixel_sdk_custom_interfaces__rosidl_typesupport_introspection_cppExport.cmake
[1.149s] -- Up-to-date: /home/robofei/ROS2/decision_pkg/install/dynamixel_sdk_custom_interfaces/share/dynamixel_sdk_custom_interfaces/cmake/dynamixel_sdk_custom_interfaces__rosidl_typesupport_introspection_cppExport-noconfig.cmake
[1.150s] -- Up-to-date: /home/robofei/ROS2/decision_pkg/install/dynamixel_sdk_custom_interfaces/share/dynamixel_sdk_custom_interfaces/cmake/dynamixel_sdk_custom_interfaces__rosidl_typesupport_cppExport.cmake
[1.150s] -- Up-to-date: /home/robofei/ROS2/decision_pkg/install/dynamixel_sdk_custom_interfaces/share/dynamixel_sdk_custom_interfaces/cmake/dynamixel_sdk_custom_interfaces__rosidl_typesupport_cppExport-noconfig.cmake
[1.156s] Invoked command in '/home/robofei/ROS2/decision_pkg/build/dynamixel_sdk_custom_interfaces' returned '0': CMAKE_PREFIX_PATH=/opt/ros/foxy /usr/bin/cmake --install /home/robofei/ROS2/decision_pkg/build/dynamixel_sdk_custom_interfaces
