[0.072s] Invoking command in '/home/robofei/ROS2/build/dynamixel_sdk_custom_interfaces': CMAKE_PREFIX_PATH=${CMAKE_PREFIX_PATH}:/home/robofei/ROS2/install/vision_pkg:/home/robofei/ROS2/install/decision_pkg:/home/robofei/ROS2/install/controller:/opt/ros/foxy /usr/bin/cmake /home/robofei/ROS2/src/walk_test/src/dynamixel_sdk_custom_interfaces -DAMENT_CMAKE_SYMLINK_INSTALL=1 -DCMAKE_INSTALL_PREFIX=/home/robofei/ROS2/install/dynamixel_sdk_custom_interfaces
[0.226s] -- The C compiler identification is GNU 9.4.0
[0.367s] -- The CXX compiler identification is GNU 9.4.0
[0.379s] -- Check for working C compiler: /usr/bin/cc
[0.580s] -- Check for working C compiler: /usr/bin/cc -- works
[0.583s] -- Detecting C compiler ABI info
[0.732s] -- Detecting C compiler ABI info - done
[0.770s] -- Detecting C compile features
[0.770s] -- Detecting C compile features - done
[0.772s] -- Check for working CXX compiler: /usr/bin/c++
[0.992s] -- Check for working CXX compiler: /usr/bin/c++ -- works
[0.995s] -- Detecting CXX compiler ABI info
[1.182s] -- Detecting CXX compiler ABI info - done
[1.227s] -- Detecting CXX compile features
[1.227s] -- Detecting CXX compile features - done
[1.231s] -- Found ament_cmake: 0.9.9 (/opt/ros/foxy/share/ament_cmake/cmake)
[1.337s] -- Found PythonInterp: /usr/bin/python3 (found suitable version "3.8.10", minimum required is "3") 
[1.337s] -- Using PYTHON_EXECUTABLE: /usr/bin/python3
[1.923s] -- Override CMake install command with custom implementation using symlinks instead of copying resources
[1.971s] -- Found builtin_interfaces: 1.0.0 (/opt/ros/foxy/share/builtin_interfaces/cmake)
[2.036s] -- Using all available rosidl_typesupport_c: rosidl_typesupport_fastrtps_c;rosidl_typesupport_introspection_c
[2.050s] -- Found rosidl_adapter: 1.2.1 (/opt/ros/foxy/share/rosidl_adapter/cmake)
[2.301s] -- Found OpenSSL: /usr/lib/x86_64-linux-gnu/libcrypto.so (found version "1.1.1f")  
[2.428s] -- Found FastRTPS: /opt/ros/foxy/include  
[2.751s] -- Using all available rosidl_typesupport_cpp: rosidl_typesupport_fastrtps_cpp;rosidl_typesupport_introspection_cpp
[2.998s] -- Found rosidl_default_generators: 1.0.1 (/opt/ros/foxy/share/rosidl_default_generators/cmake)
[3.228s] -- Found PythonInterp: /usr/bin/python3 (found version "3.8.10") 
[4.371s] -- Found ament_cmake_ros: 0.9.2 (/opt/ros/foxy/share/ament_cmake_ros/cmake)
[5.028s] -- Using all available rosidl_typesupport_c: rosidl_typesupport_fastrtps_c;rosidl_typesupport_introspection_c
[5.122s] -- Using all available rosidl_typesupport_cpp: rosidl_typesupport_fastrtps_cpp;rosidl_typesupport_introspection_cpp
[5.242s] -- Found PythonInterp: /usr/bin/python3 (found suitable version "3.8.10", minimum required is "3.5") 
[5.246s] -- Found python_cmake_module: 0.8.1 (/opt/ros/foxy/share/python_cmake_module/cmake)
[5.354s] -- Found PythonLibs: /usr/lib/x86_64-linux-gnu/libpython3.8.so (found suitable version "3.8.10", minimum required is "3.5") 
[5.355s] -- Using PYTHON_EXECUTABLE: /usr/bin/python3
[5.355s] -- Using PYTHON_INCLUDE_DIRS: /usr/include/python3.8
[5.355s] -- Using PYTHON_LIBRARIES: /usr/lib/x86_64-linux-gnu/libpython3.8.so
[5.473s] -- Found PythonExtra: .so  
[5.638s] -- Configuring done
[5.820s] -- Generating done
[5.834s] -- Build files have been written to: /home/robofei/ROS2/build/dynamixel_sdk_custom_interfaces
[5.870s] Invoked command in '/home/robofei/ROS2/build/dynamixel_sdk_custom_interfaces' returned '0': CMAKE_PREFIX_PATH=${CMAKE_PREFIX_PATH}:/home/robofei/ROS2/install/vision_pkg:/home/robofei/ROS2/install/decision_pkg:/home/robofei/ROS2/install/controller:/opt/ros/foxy /usr/bin/cmake /home/robofei/ROS2/src/walk_test/src/dynamixel_sdk_custom_interfaces -DAMENT_CMAKE_SYMLINK_INSTALL=1 -DCMAKE_INSTALL_PREFIX=/home/robofei/ROS2/install/dynamixel_sdk_custom_interfaces
[5.872s] Invoking command in '/home/robofei/ROS2/build/dynamixel_sdk_custom_interfaces': CMAKE_PREFIX_PATH=${CMAKE_PREFIX_PATH}:/home/robofei/ROS2/install/vision_pkg:/home/robofei/ROS2/install/decision_pkg:/home/robofei/ROS2/install/controller:/opt/ros/foxy /usr/bin/cmake --build /home/robofei/ROS2/build/dynamixel_sdk_custom_interfaces -- -j4 -l4
[5.995s] [35m[1mScanning dependencies of target dynamixel_sdk_custom_interfaces__cpp[0m
[6.021s] [  1%] [34m[1mGenerating C code for ROS interfaces[0m
[6.026s] [  2%] [34m[1mGenerating C++ code for ROS interfaces[0m
[7.968s] [  2%] Built target dynamixel_sdk_custom_interfaces__cpp
[8.026s] [  4%] [34m[1mGenerating C++ introspection for ROS interfaces[0m
[8.036s] [  5%] [34m[1mGenerating C++ type support dispatch for ROS interfaces[0m
[8.048s] [  7%] [34m[1mGenerating C++ type support for eProsima Fast-RTPS[0m
[9.818s] [35m[1mScanning dependencies of target dynamixel_sdk_custom_interfaces__rosidl_generator_c[0m
[9.940s] [  8%] [32mBuilding C object CMakeFiles/dynamixel_sdk_custom_interfaces__rosidl_generator_c.dir/rosidl_generator_c/dynamixel_sdk_custom_interfaces/msg/detail/set_position__functions.c.o[0m
[10.164s] [  9%] [32mBuilding C object CMakeFiles/dynamixel_sdk_custom_interfaces__rosidl_generator_c.dir/rosidl_generator_c/dynamixel_sdk_custom_interfaces/msg/detail/set_position_original__functions.c.o[0m
[10.442s] [ 11%] [32mBuilding C object CMakeFiles/dynamixel_sdk_custom_interfaces__rosidl_generator_c.dir/rosidl_generator_c/dynamixel_sdk_custom_interfaces/msg/detail/decision__functions.c.o[0m
[10.468s] [35m[1mScanning dependencies of target dynamixel_sdk_custom_interfaces__rosidl_typesupport_introspection_cpp[0m
[10.506s] [35m[1mScanning dependencies of target dynamixel_sdk_custom_interfaces__rosidl_typesupport_cpp[0m
[10.575s] [ 12%] [32mBuilding CXX object CMakeFiles/dynamixel_sdk_custom_interfaces__rosidl_typesupport_introspection_cpp.dir/rosidl_typesupport_introspection_cpp/dynamixel_sdk_custom_interfaces/msg/detail/set_position__type_support.cpp.o[0m
[10.636s] [ 14%] [32mBuilding CXX object CMakeFiles/dynamixel_sdk_custom_interfaces__rosidl_typesupport_cpp.dir/rosidl_typesupport_cpp/dynamixel_sdk_custom_interfaces/msg/set_position__type_support.cpp.o[0m
[10.791s] [ 15%] [32mBuilding C object CMakeFiles/dynamixel_sdk_custom_interfaces__rosidl_generator_c.dir/rosidl_generator_c/dynamixel_sdk_custom_interfaces/msg/detail/walk__functions.c.o[0m
[11.128s] [ 16%] [32mBuilding C object CMakeFiles/dynamixel_sdk_custom_interfaces__rosidl_generator_c.dir/rosidl_generator_c/dynamixel_sdk_custom_interfaces/msg/detail/param_walk__functions.c.o[0m
[11.450s] [ 18%] [32mBuilding C object CMakeFiles/dynamixel_sdk_custom_interfaces__rosidl_generator_c.dir/rosidl_generator_c/dynamixel_sdk_custom_interfaces/srv/detail/get_position__functions.c.o[0m
[11.661s] [ 19%] [32m[1mLinking C shared library libdynamixel_sdk_custom_interfaces__rosidl_generator_c.so[0m
[11.912s] [ 19%] Built target dynamixel_sdk_custom_interfaces__rosidl_generator_c
[11.962s] [35m[1mScanning dependencies of target dynamixel_sdk_custom_interfaces__rosidl_typesupport_fastrtps_cpp[0m
[12.007s] [ 21%] [34m[1mGenerating C introspection for ROS interfaces[0m
[12.070s] [ 22%] [32mBuilding CXX object CMakeFiles/dynamixel_sdk_custom_interfaces__rosidl_typesupport_fastrtps_cpp.dir/rosidl_typesupport_fastrtps_cpp/dynamixel_sdk_custom_interfaces/msg/detail/dds_fastrtps/set_position__type_support.cpp.o[0m
[12.663s] [ 23%] [32mBuilding CXX object CMakeFiles/dynamixel_sdk_custom_interfaces__rosidl_typesupport_introspection_cpp.dir/rosidl_typesupport_introspection_cpp/dynamixel_sdk_custom_interfaces/msg/detail/set_position_original__type_support.cpp.o[0m
[12.758s] [ 25%] [32mBuilding CXX object CMakeFiles/dynamixel_sdk_custom_interfaces__rosidl_typesupport_cpp.dir/rosidl_typesupport_cpp/dynamixel_sdk_custom_interfaces/msg/set_position_original__type_support.cpp.o[0m
[14.246s] [ 26%] [32mBuilding CXX object CMakeFiles/dynamixel_sdk_custom_interfaces__rosidl_typesupport_cpp.dir/rosidl_typesupport_cpp/dynamixel_sdk_custom_interfaces/msg/decision__type_support.cpp.o[0m
[14.752s] [ 28%] [32mBuilding CXX object CMakeFiles/dynamixel_sdk_custom_interfaces__rosidl_typesupport_introspection_cpp.dir/rosidl_typesupport_introspection_cpp/dynamixel_sdk_custom_interfaces/msg/detail/decision__type_support.cpp.o[0m
[15.674s] [35m[1mScanning dependencies of target dynamixel_sdk_custom_interfaces__rosidl_typesupport_introspection_c[0m
[15.733s] [ 29%] [32mBuilding CXX object CMakeFiles/dynamixel_sdk_custom_interfaces__rosidl_typesupport_fastrtps_cpp.dir/rosidl_typesupport_fastrtps_cpp/dynamixel_sdk_custom_interfaces/msg/detail/dds_fastrtps/set_position_original__type_support.cpp.o[0m
[15.805s] [ 30%] [32mBuilding C object CMakeFiles/dynamixel_sdk_custom_interfaces__rosidl_typesupport_introspection_c.dir/rosidl_typesupport_introspection_c/dynamixel_sdk_custom_interfaces/msg/detail/set_position__type_support.c.o[0m
[16.078s] [ 32%] [32mBuilding CXX object CMakeFiles/dynamixel_sdk_custom_interfaces__rosidl_typesupport_cpp.dir/rosidl_typesupport_cpp/dynamixel_sdk_custom_interfaces/msg/walk__type_support.cpp.o[0m
[16.120s] [ 33%] [32mBuilding C object CMakeFiles/dynamixel_sdk_custom_interfaces__rosidl_typesupport_introspection_c.dir/rosidl_typesupport_introspection_c/dynamixel_sdk_custom_interfaces/msg/detail/set_position_original__type_support.c.o[0m
[16.453s] [ 35%] [32mBuilding C object CMakeFiles/dynamixel_sdk_custom_interfaces__rosidl_typesupport_introspection_c.dir/rosidl_typesupport_introspection_c/dynamixel_sdk_custom_interfaces/msg/detail/decision__type_support.c.o[0m
[16.640s] [ 36%] [32mBuilding CXX object CMakeFiles/dynamixel_sdk_custom_interfaces__rosidl_typesupport_introspection_cpp.dir/rosidl_typesupport_introspection_cpp/dynamixel_sdk_custom_interfaces/msg/detail/walk__type_support.cpp.o[0m
[16.674s] [ 38%] [32mBuilding C object CMakeFiles/dynamixel_sdk_custom_interfaces__rosidl_typesupport_introspection_c.dir/rosidl_typesupport_introspection_c/dynamixel_sdk_custom_interfaces/msg/detail/walk__type_support.c.o[0m
[16.974s] [ 39%] [32mBuilding C object CMakeFiles/dynamixel_sdk_custom_interfaces__rosidl_typesupport_introspection_c.dir/rosidl_typesupport_introspection_c/dynamixel_sdk_custom_interfaces/msg/detail/param_walk__type_support.c.o[0m
[17.196s] [ 40%] [32mBuilding C object CMakeFiles/dynamixel_sdk_custom_interfaces__rosidl_typesupport_introspection_c.dir/rosidl_typesupport_introspection_c/dynamixel_sdk_custom_interfaces/srv/detail/get_position__type_support.c.o[0m
[17.502s] [ 42%] [32m[1mLinking C shared library libdynamixel_sdk_custom_interfaces__rosidl_typesupport_introspection_c.so[0m
[17.647s] [ 43%] [32mBuilding CXX object CMakeFiles/dynamixel_sdk_custom_interfaces__rosidl_typesupport_cpp.dir/rosidl_typesupport_cpp/dynamixel_sdk_custom_interfaces/msg/param_walk__type_support.cpp.o[0m
[17.767s] [ 43%] Built target dynamixel_sdk_custom_interfaces__rosidl_typesupport_introspection_c
[17.935s] [ 45%] [32mBuilding CXX object CMakeFiles/dynamixel_sdk_custom_interfaces__rosidl_typesupport_introspection_cpp.dir/rosidl_typesupport_introspection_cpp/dynamixel_sdk_custom_interfaces/msg/detail/param_walk__type_support.cpp.o[0m
[18.602s] [ 46%] [32mBuilding CXX object CMakeFiles/dynamixel_sdk_custom_interfaces__rosidl_typesupport_fastrtps_cpp.dir/rosidl_typesupport_fastrtps_cpp/dynamixel_sdk_custom_interfaces/msg/detail/dds_fastrtps/decision__type_support.cpp.o[0m
[18.965s] [ 47%] [32mBuilding CXX object CMakeFiles/dynamixel_sdk_custom_interfaces__rosidl_typesupport_cpp.dir/rosidl_typesupport_cpp/dynamixel_sdk_custom_interfaces/srv/get_position__type_support.cpp.o[0m
[19.364s] [ 49%] [32mBuilding CXX object CMakeFiles/dynamixel_sdk_custom_interfaces__rosidl_typesupport_introspection_cpp.dir/rosidl_typesupport_introspection_cpp/dynamixel_sdk_custom_interfaces/srv/detail/get_position__type_support.cpp.o[0m
[19.863s] [ 50%] [32m[1mLinking CXX shared library libdynamixel_sdk_custom_interfaces__rosidl_typesupport_cpp.so[0m
[20.122s] [ 50%] Built target dynamixel_sdk_custom_interfaces__rosidl_typesupport_cpp
[20.570s] [ 52%] [32mBuilding CXX object CMakeFiles/dynamixel_sdk_custom_interfaces__rosidl_typesupport_fastrtps_cpp.dir/rosidl_typesupport_fastrtps_cpp/dynamixel_sdk_custom_interfaces/msg/detail/dds_fastrtps/walk__type_support.cpp.o[0m
[20.622s] [ 53%] [32m[1mLinking CXX shared library libdynamixel_sdk_custom_interfaces__rosidl_typesupport_introspection_cpp.so[0m
[21.047s] [ 53%] Built target dynamixel_sdk_custom_interfaces__rosidl_typesupport_introspection_cpp
[21.705s] [ 54%] [32mBuilding CXX object CMakeFiles/dynamixel_sdk_custom_interfaces__rosidl_typesupport_fastrtps_cpp.dir/rosidl_typesupport_fastrtps_cpp/dynamixel_sdk_custom_interfaces/srv/detail/dds_fastrtps/get_position__type_support.cpp.o[0m
[22.963s] [ 56%] [32mBuilding CXX object CMakeFiles/dynamixel_sdk_custom_interfaces__rosidl_typesupport_fastrtps_cpp.dir/rosidl_typesupport_fastrtps_cpp/dynamixel_sdk_custom_interfaces/msg/detail/dds_fastrtps/param_walk__type_support.cpp.o[0m
[24.094s] [ 57%] [32m[1mLinking CXX shared library libdynamixel_sdk_custom_interfaces__rosidl_typesupport_fastrtps_cpp.so[0m
[24.310s] [ 57%] Built target dynamixel_sdk_custom_interfaces__rosidl_typesupport_fastrtps_cpp
[24.354s] [ 59%] [34m[1mGenerating C type support dispatch for ROS interfaces[0m
[25.572s] [35m[1mScanning dependencies of target dynamixel_sdk_custom_interfaces__rosidl_typesupport_c[0m
[25.603s] [ 60%] [32mBuilding CXX object CMakeFiles/dynamixel_sdk_custom_interfaces__rosidl_typesupport_c.dir/rosidl_typesupport_c/dynamixel_sdk_custom_interfaces/msg/set_position__type_support.cpp.o[0m
[25.672s] [ 61%] [32mBuilding CXX object CMakeFiles/dynamixel_sdk_custom_interfaces__rosidl_typesupport_c.dir/rosidl_typesupport_c/dynamixel_sdk_custom_interfaces/msg/decision__type_support.cpp.o[0m
[25.744s] [ 63%] [32mBuilding CXX object CMakeFiles/dynamixel_sdk_custom_interfaces__rosidl_typesupport_c.dir/rosidl_typesupport_c/dynamixel_sdk_custom_interfaces/msg/walk__type_support.cpp.o[0m
[25.814s] [ 64%] [32mBuilding CXX object CMakeFiles/dynamixel_sdk_custom_interfaces__rosidl_typesupport_c.dir/rosidl_typesupport_c/dynamixel_sdk_custom_interfaces/msg/param_walk__type_support.cpp.o[0m
[25.880s] [ 66%] [32mBuilding CXX object CMakeFiles/dynamixel_sdk_custom_interfaces__rosidl_typesupport_c.dir/rosidl_typesupport_c/dynamixel_sdk_custom_interfaces/srv/get_position__type_support.cpp.o[0m
[25.991s] [ 67%] [32mBuilding CXX object CMakeFiles/dynamixel_sdk_custom_interfaces__rosidl_typesupport_c.dir/rosidl_typesupport_c/dynamixel_sdk_custom_interfaces/msg/set_position_original__type_support.cpp.o[0m
[26.057s] [ 69%] [32m[1mLinking CXX shared library libdynamixel_sdk_custom_interfaces__rosidl_typesupport_c.so[0m
[26.149s] [ 69%] Built target dynamixel_sdk_custom_interfaces__rosidl_typesupport_c
[26.172s] [ 70%] [34m[1mGenerating C type support for eProsima Fast-RTPS[0m
[27.770s] [35m[1mScanning dependencies of target dynamixel_sdk_custom_interfaces__rosidl_typesupport_fastrtps_c[0m
[27.818s] [ 71%] [32mBuilding CXX object CMakeFiles/dynamixel_sdk_custom_interfaces__rosidl_typesupport_fastrtps_c.dir/rosidl_typesupport_fastrtps_c/dynamixel_sdk_custom_interfaces/msg/detail/set_position__type_support_c.cpp.o[0m
[28.697s] [ 73%] [32mBuilding CXX object CMakeFiles/dynamixel_sdk_custom_interfaces__rosidl_typesupport_fastrtps_c.dir/rosidl_typesupport_fastrtps_c/dynamixel_sdk_custom_interfaces/msg/detail/walk__type_support_c.cpp.o[0m
[29.577s] [ 74%] [32mBuilding CXX object CMakeFiles/dynamixel_sdk_custom_interfaces__rosidl_typesupport_fastrtps_c.dir/rosidl_typesupport_fastrtps_c/dynamixel_sdk_custom_interfaces/msg/detail/param_walk__type_support_c.cpp.o[0m
[30.502s] [ 76%] [32mBuilding CXX object CMakeFiles/dynamixel_sdk_custom_interfaces__rosidl_typesupport_fastrtps_c.dir/rosidl_typesupport_fastrtps_c/dynamixel_sdk_custom_interfaces/srv/detail/get_position__type_support_c.cpp.o[0m
[31.486s] [ 77%] [32mBuilding CXX object CMakeFiles/dynamixel_sdk_custom_interfaces__rosidl_typesupport_fastrtps_c.dir/rosidl_typesupport_fastrtps_c/dynamixel_sdk_custom_interfaces/msg/detail/decision__type_support_c.cpp.o[0m
[32.349s] [ 78%] [32mBuilding CXX object CMakeFiles/dynamixel_sdk_custom_interfaces__rosidl_typesupport_fastrtps_c.dir/rosidl_typesupport_fastrtps_c/dynamixel_sdk_custom_interfaces/msg/detail/set_position_original__type_support_c.cpp.o[0m
[33.449s] [ 80%] [32m[1mLinking CXX shared library libdynamixel_sdk_custom_interfaces__rosidl_typesupport_fastrtps_c.so[0m
[33.662s] [ 80%] Built target dynamixel_sdk_custom_interfaces__rosidl_typesupport_fastrtps_c
[33.687s] [35m[1mScanning dependencies of target dynamixel_sdk_custom_interfaces[0m
[33.709s] [ 80%] Built target dynamixel_sdk_custom_interfaces
[33.733s] [35m[1mScanning dependencies of target dynamixel_sdk_custom_interfaces__py[0m
[33.762s] [ 81%] [34m[1mGenerating Python code for ROS interfaces[0m
[36.709s] [ 81%] Built target dynamixel_sdk_custom_interfaces__py
[36.736s] [35m[1mScanning dependencies of target dynamixel_sdk_custom_interfaces__python[0m
[36.880s] [ 83%] [32mBuilding C object CMakeFiles/dynamixel_sdk_custom_interfaces__python.dir/rosidl_generator_py/dynamixel_sdk_custom_interfaces/msg/_set_position_s.c.o[0m
[37.196s] [ 84%] [32mBuilding C object CMakeFiles/dynamixel_sdk_custom_interfaces__python.dir/rosidl_generator_py/dynamixel_sdk_custom_interfaces/msg/_walk_s.c.o[0m
[37.447s] [ 85%] [32mBuilding C object CMakeFiles/dynamixel_sdk_custom_interfaces__python.dir/rosidl_generator_py/dynamixel_sdk_custom_interfaces/msg/_param_walk_s.c.o[0m
[37.660s] [ 87%] [32mBuilding C object CMakeFiles/dynamixel_sdk_custom_interfaces__python.dir/rosidl_generator_py/dynamixel_sdk_custom_interfaces/srv/_get_position_s.c.o[0m
[37.995s] [ 88%] [32mBuilding C object CMakeFiles/dynamixel_sdk_custom_interfaces__python.dir/rosidl_generator_py/dynamixel_sdk_custom_interfaces/msg/_decision_s.c.o[0m
[38.202s] [ 90%] [32mBuilding C object CMakeFiles/dynamixel_sdk_custom_interfaces__python.dir/rosidl_generator_py/dynamixel_sdk_custom_interfaces/msg/_set_position_original_s.c.o[0m
[38.508s] [ 91%] [32m[1mLinking C shared library rosidl_generator_py/dynamixel_sdk_custom_interfaces/libdynamixel_sdk_custom_interfaces__python.so[0m
[38.606s] [ 91%] Built target dynamixel_sdk_custom_interfaces__python
[38.632s] [35m[1mScanning dependencies of target dynamixel_sdk_custom_interfaces__rosidl_typesupport_c__pyext[0m
[38.683s] [ 92%] [32mBuilding C object CMakeFiles/dynamixel_sdk_custom_interfaces__rosidl_typesupport_c__pyext.dir/rosidl_generator_py/dynamixel_sdk_custom_interfaces/_dynamixel_sdk_custom_interfaces_s.ep.rosidl_typesupport_c.c.o[0m
[39.039s] [ 94%] [32m[1mLinking C shared library rosidl_generator_py/dynamixel_sdk_custom_interfaces/dynamixel_sdk_custom_interfaces_s__rosidl_typesupport_c.cpython-38-x86_64-linux-gnu.so[0m
[39.104s] [ 94%] Built target dynamixel_sdk_custom_interfaces__rosidl_typesupport_c__pyext
[39.126s] [35m[1mScanning dependencies of target dynamixel_sdk_custom_interfaces__rosidl_typesupport_fastrtps_c__pyext[0m
[39.172s] [ 95%] [32mBuilding C object CMakeFiles/dynamixel_sdk_custom_interfaces__rosidl_typesupport_fastrtps_c__pyext.dir/rosidl_generator_py/dynamixel_sdk_custom_interfaces/_dynamixel_sdk_custom_interfaces_s.ep.rosidl_typesupport_fastrtps_c.c.o[0m
[39.425s] [ 97%] [32m[1mLinking CXX shared library rosidl_generator_py/dynamixel_sdk_custom_interfaces/dynamixel_sdk_custom_interfaces_s__rosidl_typesupport_fastrtps_c.cpython-38-x86_64-linux-gnu.so[0m
[39.581s] [ 97%] Built target dynamixel_sdk_custom_interfaces__rosidl_typesupport_fastrtps_c__pyext
[39.604s] [35m[1mScanning dependencies of target dynamixel_sdk_custom_interfaces__rosidl_typesupport_introspection_c__pyext[0m
[39.646s] [ 98%] [32mBuilding C object CMakeFiles/dynamixel_sdk_custom_interfaces__rosidl_typesupport_introspection_c__pyext.dir/rosidl_generator_py/dynamixel_sdk_custom_interfaces/_dynamixel_sdk_custom_interfaces_s.ep.rosidl_typesupport_introspection_c.c.o[0m
[39.898s] [100%] [32m[1mLinking C shared library rosidl_generator_py/dynamixel_sdk_custom_interfaces/dynamixel_sdk_custom_interfaces_s__rosidl_typesupport_introspection_c.cpython-38-x86_64-linux-gnu.so[0m
[39.983s] [100%] Built target dynamixel_sdk_custom_interfaces__rosidl_typesupport_introspection_c__pyext
[40.010s] Invoked command in '/home/robofei/ROS2/build/dynamixel_sdk_custom_interfaces' returned '0': CMAKE_PREFIX_PATH=${CMAKE_PREFIX_PATH}:/home/robofei/ROS2/install/vision_pkg:/home/robofei/ROS2/install/decision_pkg:/home/robofei/ROS2/install/controller:/opt/ros/foxy /usr/bin/cmake --build /home/robofei/ROS2/build/dynamixel_sdk_custom_interfaces -- -j4 -l4
[40.348s] Invoking command in '/home/robofei/ROS2/build/dynamixel_sdk_custom_interfaces': CMAKE_PREFIX_PATH=${CMAKE_PREFIX_PATH}:/home/robofei/ROS2/install/vision_pkg:/home/robofei/ROS2/install/decision_pkg:/home/robofei/ROS2/install/controller:/opt/ros/foxy /usr/bin/cmake --install /home/robofei/ROS2/build/dynamixel_sdk_custom_interfaces
[40.373s] -- Install configuration: ""
[40.375s] -- Execute custom install script
[40.377s] -- Symlinking: /home/robofei/ROS2/install/dynamixel_sdk_custom_interfaces/share/ament_index/resource_index/rosidl_interfaces/dynamixel_sdk_custom_interfaces
[40.399s] -- Symlinking: /home/robofei/ROS2/install/dynamixel_sdk_custom_interfaces/include/dynamixel_sdk_custom_interfaces/msg/decision.h
[40.420s] -- Symlinking: /home/robofei/ROS2/install/dynamixel_sdk_custom_interfaces/include/dynamixel_sdk_custom_interfaces/msg/detail/decision__functions.h
[40.441s] -- Symlinking: /home/robofei/ROS2/install/dynamixel_sdk_custom_interfaces/include/dynamixel_sdk_custom_interfaces/msg/detail/decision__struct.h
[40.462s] -- Symlinking: /home/robofei/ROS2/install/dynamixel_sdk_custom_interfaces/include/dynamixel_sdk_custom_interfaces/msg/detail/decision__type_support.h
[40.482s] -- Symlinking: /home/robofei/ROS2/install/dynamixel_sdk_custom_interfaces/include/dynamixel_sdk_custom_interfaces/msg/detail/param_walk__functions.h
[40.502s] -- Symlinking: /home/robofei/ROS2/install/dynamixel_sdk_custom_interfaces/include/dynamixel_sdk_custom_interfaces/msg/detail/param_walk__struct.h
[40.521s] -- Symlinking: /home/robofei/ROS2/install/dynamixel_sdk_custom_interfaces/include/dynamixel_sdk_custom_interfaces/msg/detail/param_walk__type_support.h
[40.542s] -- Symlinking: /home/robofei/ROS2/install/dynamixel_sdk_custom_interfaces/include/dynamixel_sdk_custom_interfaces/msg/detail/set_position__functions.h
[40.562s] -- Symlinking: /home/robofei/ROS2/install/dynamixel_sdk_custom_interfaces/include/dynamixel_sdk_custom_interfaces/msg/detail/set_position__struct.h
[40.582s] -- Symlinking: /home/robofei/ROS2/install/dynamixel_sdk_custom_interfaces/include/dynamixel_sdk_custom_interfaces/msg/detail/set_position__type_support.h
[40.602s] -- Symlinking: /home/robofei/ROS2/install/dynamixel_sdk_custom_interfaces/include/dynamixel_sdk_custom_interfaces/msg/detail/set_position_original__functions.h
[40.623s] -- Symlinking: /home/robofei/ROS2/install/dynamixel_sdk_custom_interfaces/include/dynamixel_sdk_custom_interfaces/msg/detail/set_position_original__struct.h
[40.641s] -- Symlinking: /home/robofei/ROS2/install/dynamixel_sdk_custom_interfaces/include/dynamixel_sdk_custom_interfaces/msg/detail/set_position_original__type_support.h
[40.661s] -- Symlinking: /home/robofei/ROS2/install/dynamixel_sdk_custom_interfaces/include/dynamixel_sdk_custom_interfaces/msg/detail/walk__functions.h
[40.682s] -- Symlinking: /home/robofei/ROS2/install/dynamixel_sdk_custom_interfaces/include/dynamixel_sdk_custom_interfaces/msg/detail/walk__struct.h
[40.703s] -- Symlinking: /home/robofei/ROS2/install/dynamixel_sdk_custom_interfaces/include/dynamixel_sdk_custom_interfaces/msg/detail/walk__type_support.h
[40.723s] -- Symlinking: /home/robofei/ROS2/install/dynamixel_sdk_custom_interfaces/include/dynamixel_sdk_custom_interfaces/msg/param_walk.h
[40.743s] -- Symlinking: /home/robofei/ROS2/install/dynamixel_sdk_custom_interfaces/include/dynamixel_sdk_custom_interfaces/msg/rosidl_generator_c__visibility_control.h
[40.766s] -- Symlinking: /home/robofei/ROS2/install/dynamixel_sdk_custom_interfaces/include/dynamixel_sdk_custom_interfaces/msg/set_position.h
[40.780s] -- Symlinking: /home/robofei/ROS2/install/dynamixel_sdk_custom_interfaces/include/dynamixel_sdk_custom_interfaces/msg/set_position_original.h
[40.802s] -- Symlinking: /home/robofei/ROS2/install/dynamixel_sdk_custom_interfaces/include/dynamixel_sdk_custom_interfaces/msg/walk.h
[40.811s] -- Symlinking: /home/robofei/ROS2/install/dynamixel_sdk_custom_interfaces/include/dynamixel_sdk_custom_interfaces/srv/detail/get_position__functions.h
[40.831s] -- Symlinking: /home/robofei/ROS2/install/dynamixel_sdk_custom_interfaces/include/dynamixel_sdk_custom_interfaces/srv/detail/get_position__struct.h
[40.851s] -- Symlinking: /home/robofei/ROS2/install/dynamixel_sdk_custom_interfaces/include/dynamixel_sdk_custom_interfaces/srv/detail/get_position__type_support.h
[40.871s] -- Symlinking: /home/robofei/ROS2/install/dynamixel_sdk_custom_interfaces/include/dynamixel_sdk_custom_interfaces/srv/get_position.h
[40.892s] -- Symlinking: /home/robofei/ROS2/install/dynamixel_sdk_custom_interfaces/share/dynamixel_sdk_custom_interfaces/environment/library_path.sh
[40.914s] -- Symlinking: /home/robofei/ROS2/install/dynamixel_sdk_custom_interfaces/share/dynamixel_sdk_custom_interfaces/environment/library_path.dsv
[40.933s] -- Symlinking: /home/robofei/ROS2/install/dynamixel_sdk_custom_interfaces/include/dynamixel_sdk_custom_interfaces/msg/detail/decision__rosidl_typesupport_fastrtps_c.h
[40.948s] -- Symlinking: /home/robofei/ROS2/install/dynamixel_sdk_custom_interfaces/include/dynamixel_sdk_custom_interfaces/msg/detail/param_walk__rosidl_typesupport_fastrtps_c.h
[40.962s] -- Symlinking: /home/robofei/ROS2/install/dynamixel_sdk_custom_interfaces/include/dynamixel_sdk_custom_interfaces/msg/detail/set_position__rosidl_typesupport_fastrtps_c.h
[40.977s] -- Symlinking: /home/robofei/ROS2/install/dynamixel_sdk_custom_interfaces/include/dynamixel_sdk_custom_interfaces/msg/detail/set_position_original__rosidl_typesupport_fastrtps_c.h
[40.992s] -- Symlinking: /home/robofei/ROS2/install/dynamixel_sdk_custom_interfaces/include/dynamixel_sdk_custom_interfaces/msg/detail/walk__rosidl_typesupport_fastrtps_c.h
[41.005s] -- Symlinking: /home/robofei/ROS2/install/dynamixel_sdk_custom_interfaces/include/dynamixel_sdk_custom_interfaces/msg/rosidl_typesupport_fastrtps_c__visibility_control.h
[41.020s] -- Symlinking: /home/robofei/ROS2/install/dynamixel_sdk_custom_interfaces/include/dynamixel_sdk_custom_interfaces/srv/detail/get_position__rosidl_typesupport_fastrtps_c.h
[41.036s] -- Symlinking: /home/robofei/ROS2/install/dynamixel_sdk_custom_interfaces/lib/libdynamixel_sdk_custom_interfaces__rosidl_typesupport_fastrtps_c.so
[41.060s] -- Symlinking: /home/robofei/ROS2/install/dynamixel_sdk_custom_interfaces/include/dynamixel_sdk_custom_interfaces/msg/detail/decision__rosidl_typesupport_fastrtps_cpp.hpp
[41.081s] -- Symlinking: /home/robofei/ROS2/install/dynamixel_sdk_custom_interfaces/include/dynamixel_sdk_custom_interfaces/msg/detail/param_walk__rosidl_typesupport_fastrtps_cpp.hpp
[41.101s] -- Symlinking: /home/robofei/ROS2/install/dynamixel_sdk_custom_interfaces/include/dynamixel_sdk_custom_interfaces/msg/detail/set_position__rosidl_typesupport_fastrtps_cpp.hpp
[41.121s] -- Symlinking: /home/robofei/ROS2/install/dynamixel_sdk_custom_interfaces/include/dynamixel_sdk_custom_interfaces/msg/detail/set_position_original__rosidl_typesupport_fastrtps_cpp.hpp
[41.141s] -- Symlinking: /home/robofei/ROS2/install/dynamixel_sdk_custom_interfaces/include/dynamixel_sdk_custom_interfaces/msg/detail/walk__rosidl_typesupport_fastrtps_cpp.hpp
[41.161s] -- Symlinking: /home/robofei/ROS2/install/dynamixel_sdk_custom_interfaces/include/dynamixel_sdk_custom_interfaces/msg/rosidl_typesupport_fastrtps_cpp__visibility_control.h
[41.180s] -- Symlinking: /home/robofei/ROS2/install/dynamixel_sdk_custom_interfaces/include/dynamixel_sdk_custom_interfaces/srv/detail/get_position__rosidl_typesupport_fastrtps_cpp.hpp
[41.200s] -- Symlinking: /home/robofei/ROS2/install/dynamixel_sdk_custom_interfaces/lib/libdynamixel_sdk_custom_interfaces__rosidl_typesupport_fastrtps_cpp.so
[41.221s] -- Symlinking: /home/robofei/ROS2/install/dynamixel_sdk_custom_interfaces/include/dynamixel_sdk_custom_interfaces/msg/detail/decision__rosidl_typesupport_introspection_c.h
[41.239s] -- Symlinking: /home/robofei/ROS2/install/dynamixel_sdk_custom_interfaces/include/dynamixel_sdk_custom_interfaces/msg/detail/param_walk__rosidl_typesupport_introspection_c.h
[41.260s] -- Symlinking: /home/robofei/ROS2/install/dynamixel_sdk_custom_interfaces/include/dynamixel_sdk_custom_interfaces/msg/detail/set_position__rosidl_typesupport_introspection_c.h
[41.274s] -- Symlinking: /home/robofei/ROS2/install/dynamixel_sdk_custom_interfaces/include/dynamixel_sdk_custom_interfaces/msg/detail/set_position_original__rosidl_typesupport_introspection_c.h
[41.288s] -- Symlinking: /home/robofei/ROS2/install/dynamixel_sdk_custom_interfaces/include/dynamixel_sdk_custom_interfaces/msg/detail/walk__rosidl_typesupport_introspection_c.h
[41.304s] -- Symlinking: /home/robofei/ROS2/install/dynamixel_sdk_custom_interfaces/include/dynamixel_sdk_custom_interfaces/msg/rosidl_typesupport_introspection_c__visibility_control.h
[41.330s] -- Symlinking: /home/robofei/ROS2/install/dynamixel_sdk_custom_interfaces/include/dynamixel_sdk_custom_interfaces/srv/detail/get_position__rosidl_typesupport_introspection_c.h
[41.383s] -- Symlinking: /home/robofei/ROS2/install/dynamixel_sdk_custom_interfaces/include/dynamixel_sdk_custom_interfaces/msg/decision.hpp
[41.406s] -- Symlinking: /home/robofei/ROS2/install/dynamixel_sdk_custom_interfaces/include/dynamixel_sdk_custom_interfaces/msg/detail/decision__builder.hpp
[41.459s] -- Symlinking: /home/robofei/ROS2/install/dynamixel_sdk_custom_interfaces/include/dynamixel_sdk_custom_interfaces/msg/detail/decision__struct.hpp
[41.480s] -- Symlinking: /home/robofei/ROS2/install/dynamixel_sdk_custom_interfaces/include/dynamixel_sdk_custom_interfaces/msg/detail/decision__traits.hpp
[41.500s] -- Symlinking: /home/robofei/ROS2/install/dynamixel_sdk_custom_interfaces/include/dynamixel_sdk_custom_interfaces/msg/detail/param_walk__builder.hpp
[41.520s] -- Symlinking: /home/robofei/ROS2/install/dynamixel_sdk_custom_interfaces/include/dynamixel_sdk_custom_interfaces/msg/detail/param_walk__struct.hpp
[41.540s] -- Symlinking: /home/robofei/ROS2/install/dynamixel_sdk_custom_interfaces/include/dynamixel_sdk_custom_interfaces/msg/detail/param_walk__traits.hpp
[41.562s] -- Symlinking: /home/robofei/ROS2/install/dynamixel_sdk_custom_interfaces/include/dynamixel_sdk_custom_interfaces/msg/detail/set_position__builder.hpp
[41.582s] -- Symlinking: /home/robofei/ROS2/install/dynamixel_sdk_custom_interfaces/include/dynamixel_sdk_custom_interfaces/msg/detail/set_position__struct.hpp
[41.601s] -- Symlinking: /home/robofei/ROS2/install/dynamixel_sdk_custom_interfaces/include/dynamixel_sdk_custom_interfaces/msg/detail/set_position__traits.hpp
[41.620s] -- Symlinking: /home/robofei/ROS2/install/dynamixel_sdk_custom_interfaces/include/dynamixel_sdk_custom_interfaces/msg/detail/set_position_original__builder.hpp
[41.640s] -- Symlinking: /home/robofei/ROS2/install/dynamixel_sdk_custom_interfaces/include/dynamixel_sdk_custom_interfaces/msg/detail/set_position_original__struct.hpp
[41.659s] -- Symlinking: /home/robofei/ROS2/install/dynamixel_sdk_custom_interfaces/include/dynamixel_sdk_custom_interfaces/msg/detail/set_position_original__traits.hpp
[41.679s] -- Symlinking: /home/robofei/ROS2/install/dynamixel_sdk_custom_interfaces/include/dynamixel_sdk_custom_interfaces/msg/detail/walk__builder.hpp
[41.697s] -- Symlinking: /home/robofei/ROS2/install/dynamixel_sdk_custom_interfaces/include/dynamixel_sdk_custom_interfaces/msg/detail/walk__struct.hpp
[41.718s] -- Symlinking: /home/robofei/ROS2/install/dynamixel_sdk_custom_interfaces/include/dynamixel_sdk_custom_interfaces/msg/detail/walk__traits.hpp
[41.737s] -- Symlinking: /home/robofei/ROS2/install/dynamixel_sdk_custom_interfaces/include/dynamixel_sdk_custom_interfaces/msg/param_walk.hpp
[41.753s] -- Symlinking: /home/robofei/ROS2/install/dynamixel_sdk_custom_interfaces/include/dynamixel_sdk_custom_interfaces/msg/set_position.hpp
[41.768s] -- Symlinking: /home/robofei/ROS2/install/dynamixel_sdk_custom_interfaces/include/dynamixel_sdk_custom_interfaces/msg/set_position_original.hpp
[41.792s] -- Symlinking: /home/robofei/ROS2/install/dynamixel_sdk_custom_interfaces/include/dynamixel_sdk_custom_interfaces/msg/walk.hpp
[41.811s] -- Symlinking: /home/robofei/ROS2/install/dynamixel_sdk_custom_interfaces/include/dynamixel_sdk_custom_interfaces/srv/detail/get_position__builder.hpp
[41.833s] -- Symlinking: /home/robofei/ROS2/install/dynamixel_sdk_custom_interfaces/include/dynamixel_sdk_custom_interfaces/srv/detail/get_position__struct.hpp
[41.854s] -- Symlinking: /home/robofei/ROS2/install/dynamixel_sdk_custom_interfaces/include/dynamixel_sdk_custom_interfaces/srv/detail/get_position__traits.hpp
[41.874s] -- Symlinking: /home/robofei/ROS2/install/dynamixel_sdk_custom_interfaces/include/dynamixel_sdk_custom_interfaces/srv/get_position.hpp
[41.895s] -- Symlinking: /home/robofei/ROS2/install/dynamixel_sdk_custom_interfaces/include/dynamixel_sdk_custom_interfaces/msg/detail/decision__rosidl_typesupport_introspection_cpp.hpp
[41.915s] -- Symlinking: /home/robofei/ROS2/install/dynamixel_sdk_custom_interfaces/include/dynamixel_sdk_custom_interfaces/msg/detail/param_walk__rosidl_typesupport_introspection_cpp.hpp
[41.932s] -- Symlinking: /home/robofei/ROS2/install/dynamixel_sdk_custom_interfaces/include/dynamixel_sdk_custom_interfaces/msg/detail/set_position__rosidl_typesupport_introspection_cpp.hpp
[41.952s] -- Symlinking: /home/robofei/ROS2/install/dynamixel_sdk_custom_interfaces/include/dynamixel_sdk_custom_interfaces/msg/detail/set_position_original__rosidl_typesupport_introspection_cpp.hpp
[41.968s] -- Symlinking: /home/robofei/ROS2/install/dynamixel_sdk_custom_interfaces/include/dynamixel_sdk_custom_interfaces/msg/detail/walk__rosidl_typesupport_introspection_cpp.hpp
[41.997s] -- Symlinking: /home/robofei/ROS2/install/dynamixel_sdk_custom_interfaces/include/dynamixel_sdk_custom_interfaces/srv/detail/get_position__rosidl_typesupport_introspection_cpp.hpp
[42.022s] -- Symlinking: /home/robofei/ROS2/install/dynamixel_sdk_custom_interfaces/share/dynamixel_sdk_custom_interfaces/environment/pythonpath.sh
[42.040s] -- Symlinking: /home/robofei/ROS2/install/dynamixel_sdk_custom_interfaces/share/dynamixel_sdk_custom_interfaces/environment/pythonpath.dsv
[42.052s] -- Symlinking: /home/robofei/ROS2/install/dynamixel_sdk_custom_interfaces/lib/python3.8/site-packages/dynamixel_sdk_custom_interfaces/__init__.py
[42.067s] -- Symlinking: /home/robofei/ROS2/install/dynamixel_sdk_custom_interfaces/lib/python3.8/site-packages/dynamixel_sdk_custom_interfaces/msg/__init__.py
[42.081s] -- Symlinking: /home/robofei/ROS2/install/dynamixel_sdk_custom_interfaces/lib/python3.8/site-packages/dynamixel_sdk_custom_interfaces/msg/_decision.py
[42.094s] -- Symlinking: /home/robofei/ROS2/install/dynamixel_sdk_custom_interfaces/lib/python3.8/site-packages/dynamixel_sdk_custom_interfaces/msg/_param_walk.py
[42.108s] -- Symlinking: /home/robofei/ROS2/install/dynamixel_sdk_custom_interfaces/lib/python3.8/site-packages/dynamixel_sdk_custom_interfaces/msg/_set_position.py
[42.127s] -- Symlinking: /home/robofei/ROS2/install/dynamixel_sdk_custom_interfaces/lib/python3.8/site-packages/dynamixel_sdk_custom_interfaces/msg/_set_position_original.py
[42.145s] -- Symlinking: /home/robofei/ROS2/install/dynamixel_sdk_custom_interfaces/lib/python3.8/site-packages/dynamixel_sdk_custom_interfaces/msg/_walk.py
[42.161s] -- Symlinking: /home/robofei/ROS2/install/dynamixel_sdk_custom_interfaces/lib/python3.8/site-packages/dynamixel_sdk_custom_interfaces/srv/__init__.py
[42.175s] -- Symlinking: /home/robofei/ROS2/install/dynamixel_sdk_custom_interfaces/lib/python3.8/site-packages/dynamixel_sdk_custom_interfaces/srv/_get_position.py
[42.189s] -- Symlinking: /home/robofei/ROS2/install/dynamixel_sdk_custom_interfaces/lib/python3.8/site-packages/dynamixel_sdk_custom_interfaces/dynamixel_sdk_custom_interfaces_s__rosidl_typesupport_fastrtps_c.cpython-38-x86_64-linux-gnu.so
[42.202s] -- Symlinking: /home/robofei/ROS2/install/dynamixel_sdk_custom_interfaces/lib/python3.8/site-packages/dynamixel_sdk_custom_interfaces/dynamixel_sdk_custom_interfaces_s__rosidl_typesupport_introspection_c.cpython-38-x86_64-linux-gnu.so
[42.216s] -- Symlinking: /home/robofei/ROS2/install/dynamixel_sdk_custom_interfaces/lib/python3.8/site-packages/dynamixel_sdk_custom_interfaces/dynamixel_sdk_custom_interfaces_s__rosidl_typesupport_c.cpython-38-x86_64-linux-gnu.so
[42.230s] -- Symlinking: /home/robofei/ROS2/install/dynamixel_sdk_custom_interfaces/lib/libdynamixel_sdk_custom_interfaces__python.so
[42.256s] -- Symlinking: /home/robofei/ROS2/install/dynamixel_sdk_custom_interfaces/share/dynamixel_sdk_custom_interfaces/msg/SetPosition.idl
[42.267s] -- Symlinking: /home/robofei/ROS2/install/dynamixel_sdk_custom_interfaces/share/dynamixel_sdk_custom_interfaces/msg/SetPositionOriginal.idl
[42.281s] -- Symlinking: /home/robofei/ROS2/install/dynamixel_sdk_custom_interfaces/share/dynamixel_sdk_custom_interfaces/msg/Decision.idl
[42.295s] -- Symlinking: /home/robofei/ROS2/install/dynamixel_sdk_custom_interfaces/share/dynamixel_sdk_custom_interfaces/msg/Walk.idl
[42.316s] -- Symlinking: /home/robofei/ROS2/install/dynamixel_sdk_custom_interfaces/share/dynamixel_sdk_custom_interfaces/msg/ParamWalk.idl
[42.339s] -- Symlinking: /home/robofei/ROS2/install/dynamixel_sdk_custom_interfaces/share/dynamixel_sdk_custom_interfaces/srv/GetPosition.idl
[42.360s] -- Symlinking: /home/robofei/ROS2/install/dynamixel_sdk_custom_interfaces/share/dynamixel_sdk_custom_interfaces/msg/SetPosition.msg
[42.380s] -- Symlinking: /home/robofei/ROS2/install/dynamixel_sdk_custom_interfaces/share/dynamixel_sdk_custom_interfaces/msg/SetPositionOriginal.msg
[42.400s] -- Symlinking: /home/robofei/ROS2/install/dynamixel_sdk_custom_interfaces/share/dynamixel_sdk_custom_interfaces/msg/Decision.msg
[42.420s] -- Symlinking: /home/robofei/ROS2/install/dynamixel_sdk_custom_interfaces/share/dynamixel_sdk_custom_interfaces/msg/Walk.msg
[42.439s] -- Symlinking: /home/robofei/ROS2/install/dynamixel_sdk_custom_interfaces/share/dynamixel_sdk_custom_interfaces/msg/ParamWalk.msg
[42.455s] -- Symlinking: /home/robofei/ROS2/install/dynamixel_sdk_custom_interfaces/share/dynamixel_sdk_custom_interfaces/srv/GetPosition.srv
[42.475s] -- Symlinking: /home/robofei/ROS2/install/dynamixel_sdk_custom_interfaces/share/dynamixel_sdk_custom_interfaces/srv/GetPosition_Request.msg
[42.495s] -- Symlinking: /home/robofei/ROS2/install/dynamixel_sdk_custom_interfaces/share/dynamixel_sdk_custom_interfaces/srv/GetPosition_Response.msg
[42.515s] -- Symlinking: /home/robofei/ROS2/install/dynamixel_sdk_custom_interfaces/share/ament_index/resource_index/package_run_dependencies/dynamixel_sdk_custom_interfaces
[42.535s] -- Symlinking: /home/robofei/ROS2/install/dynamixel_sdk_custom_interfaces/share/ament_index/resource_index/parent_prefix_path/dynamixel_sdk_custom_interfaces
[42.558s] -- Symlinking: /home/robofei/ROS2/install/dynamixel_sdk_custom_interfaces/share/dynamixel_sdk_custom_interfaces/environment/ament_prefix_path.sh
[42.578s] -- Symlinking: /home/robofei/ROS2/install/dynamixel_sdk_custom_interfaces/share/dynamixel_sdk_custom_interfaces/environment/ament_prefix_path.dsv
[42.592s] -- Symlinking: /home/robofei/ROS2/install/dynamixel_sdk_custom_interfaces/share/dynamixel_sdk_custom_interfaces/environment/path.sh
[42.606s] -- Symlinking: /home/robofei/ROS2/install/dynamixel_sdk_custom_interfaces/share/dynamixel_sdk_custom_interfaces/environment/path.dsv
[42.623s] -- Symlinking: /home/robofei/ROS2/install/dynamixel_sdk_custom_interfaces/share/dynamixel_sdk_custom_interfaces/local_setup.bash
[42.645s] -- Symlinking: /home/robofei/ROS2/install/dynamixel_sdk_custom_interfaces/share/dynamixel_sdk_custom_interfaces/local_setup.sh
[42.666s] -- Symlinking: /home/robofei/ROS2/install/dynamixel_sdk_custom_interfaces/share/dynamixel_sdk_custom_interfaces/local_setup.zsh
[42.687s] -- Symlinking: /home/robofei/ROS2/install/dynamixel_sdk_custom_interfaces/share/dynamixel_sdk_custom_interfaces/local_setup.dsv
[42.707s] -- Symlinking: /home/robofei/ROS2/install/dynamixel_sdk_custom_interfaces/share/dynamixel_sdk_custom_interfaces/package.dsv
[42.730s] -- Symlinking: /home/robofei/ROS2/install/dynamixel_sdk_custom_interfaces/share/ament_index/resource_index/packages/dynamixel_sdk_custom_interfaces
[42.756s] -- Symlinking: /home/robofei/ROS2/install/dynamixel_sdk_custom_interfaces/share/dynamixel_sdk_custom_interfaces/cmake/rosidl_cmake-extras.cmake
[42.778s] -- Symlinking: /home/robofei/ROS2/install/dynamixel_sdk_custom_interfaces/share/dynamixel_sdk_custom_interfaces/cmake/ament_cmake_export_dependencies-extras.cmake
[42.799s] -- Symlinking: /home/robofei/ROS2/install/dynamixel_sdk_custom_interfaces/share/dynamixel_sdk_custom_interfaces/cmake/ament_cmake_export_libraries-extras.cmake
[42.817s] -- Symlinking: /home/robofei/ROS2/install/dynamixel_sdk_custom_interfaces/share/dynamixel_sdk_custom_interfaces/cmake/ament_cmake_export_targets-extras.cmake
[42.837s] -- Symlinking: /home/robofei/ROS2/install/dynamixel_sdk_custom_interfaces/share/dynamixel_sdk_custom_interfaces/cmake/ament_cmake_export_include_directories-extras.cmake
[42.856s] -- Symlinking: /home/robofei/ROS2/install/dynamixel_sdk_custom_interfaces/share/dynamixel_sdk_custom_interfaces/cmake/rosidl_cmake_export_typesupport_libraries-extras.cmake
[42.876s] -- Symlinking: /home/robofei/ROS2/install/dynamixel_sdk_custom_interfaces/share/dynamixel_sdk_custom_interfaces/cmake/rosidl_cmake_export_typesupport_targets-extras.cmake
[42.895s] -- Symlinking: /home/robofei/ROS2/install/dynamixel_sdk_custom_interfaces/share/dynamixel_sdk_custom_interfaces/cmake/dynamixel_sdk_custom_interfacesConfig.cmake
[42.914s] -- Symlinking: /home/robofei/ROS2/install/dynamixel_sdk_custom_interfaces/share/dynamixel_sdk_custom_interfaces/cmake/dynamixel_sdk_custom_interfacesConfig-version.cmake
[42.938s] -- Symlinking: /home/robofei/ROS2/install/dynamixel_sdk_custom_interfaces/share/dynamixel_sdk_custom_interfaces/package.xml
[42.959s] -- Installing: /home/robofei/ROS2/install/dynamixel_sdk_custom_interfaces/lib/libdynamixel_sdk_custom_interfaces__rosidl_generator_c.so
[42.960s] -- Set runtime path of "/home/robofei/ROS2/install/dynamixel_sdk_custom_interfaces/lib/libdynamixel_sdk_custom_interfaces__rosidl_generator_c.so" to ""
[42.961s] -- Installing: /home/robofei/ROS2/install/dynamixel_sdk_custom_interfaces/lib/libdynamixel_sdk_custom_interfaces__rosidl_typesupport_introspection_c.so
[42.961s] -- Set runtime path of "/home/robofei/ROS2/install/dynamixel_sdk_custom_interfaces/lib/libdynamixel_sdk_custom_interfaces__rosidl_typesupport_introspection_c.so" to ""
[42.962s] -- Installing: /home/robofei/ROS2/install/dynamixel_sdk_custom_interfaces/lib/libdynamixel_sdk_custom_interfaces__rosidl_typesupport_c.so
[42.962s] -- Set runtime path of "/home/robofei/ROS2/install/dynamixel_sdk_custom_interfaces/lib/libdynamixel_sdk_custom_interfaces__rosidl_typesupport_c.so" to ""
[42.963s] -- Installing: /home/robofei/ROS2/install/dynamixel_sdk_custom_interfaces/lib/libdynamixel_sdk_custom_interfaces__rosidl_typesupport_introspection_cpp.so
[42.964s] -- Set runtime path of "/home/robofei/ROS2/install/dynamixel_sdk_custom_interfaces/lib/libdynamixel_sdk_custom_interfaces__rosidl_typesupport_introspection_cpp.so" to ""
[42.964s] -- Installing: /home/robofei/ROS2/install/dynamixel_sdk_custom_interfaces/lib/libdynamixel_sdk_custom_interfaces__rosidl_typesupport_cpp.so
[42.965s] -- Set runtime path of "/home/robofei/ROS2/install/dynamixel_sdk_custom_interfaces/lib/libdynamixel_sdk_custom_interfaces__rosidl_typesupport_cpp.so" to ""
[43.065s] Compiling '/home/robofei/ROS2/install/dynamixel_sdk_custom_interfaces/lib/python3.8/site-packages/dynamixel_sdk_custom_interfaces/__init__.py'...
[43.075s] -- Installing: /home/robofei/ROS2/install/dynamixel_sdk_custom_interfaces/share/dynamixel_sdk_custom_interfaces/cmake/dynamixel_sdk_custom_interfaces__rosidl_generator_cExport.cmake
[43.075s] -- Installing: /home/robofei/ROS2/install/dynamixel_sdk_custom_interfaces/share/dynamixel_sdk_custom_interfaces/cmake/dynamixel_sdk_custom_interfaces__rosidl_generator_cExport-noconfig.cmake
[43.076s] -- Installing: /home/robofei/ROS2/install/dynamixel_sdk_custom_interfaces/share/dynamixel_sdk_custom_interfaces/cmake/dynamixel_sdk_custom_interfaces__rosidl_typesupport_introspection_cExport.cmake
[43.076s] -- Installing: /home/robofei/ROS2/install/dynamixel_sdk_custom_interfaces/share/dynamixel_sdk_custom_interfaces/cmake/dynamixel_sdk_custom_interfaces__rosidl_typesupport_introspection_cExport-noconfig.cmake
[43.076s] -- Installing: /home/robofei/ROS2/install/dynamixel_sdk_custom_interfaces/share/dynamixel_sdk_custom_interfaces/cmake/dynamixel_sdk_custom_interfaces__rosidl_typesupport_cExport.cmake
[43.077s] -- Installing: /home/robofei/ROS2/install/dynamixel_sdk_custom_interfaces/share/dynamixel_sdk_custom_interfaces/cmake/dynamixel_sdk_custom_interfaces__rosidl_typesupport_cExport-noconfig.cmake
[43.077s] -- Installing: /home/robofei/ROS2/install/dynamixel_sdk_custom_interfaces/share/dynamixel_sdk_custom_interfaces/cmake/dynamixel_sdk_custom_interfaces__rosidl_generator_cppExport.cmake
[43.078s] -- Installing: /home/robofei/ROS2/install/dynamixel_sdk_custom_interfaces/share/dynamixel_sdk_custom_interfaces/cmake/dynamixel_sdk_custom_interfaces__rosidl_typesupport_introspection_cppExport.cmake
[43.078s] -- Installing: /home/robofei/ROS2/install/dynamixel_sdk_custom_interfaces/share/dynamixel_sdk_custom_interfaces/cmake/dynamixel_sdk_custom_interfaces__rosidl_typesupport_introspection_cppExport-noconfig.cmake
[43.079s] -- Installing: /home/robofei/ROS2/install/dynamixel_sdk_custom_interfaces/share/dynamixel_sdk_custom_interfaces/cmake/dynamixel_sdk_custom_interfaces__rosidl_typesupport_cppExport.cmake
[43.079s] -- Installing: /home/robofei/ROS2/install/dynamixel_sdk_custom_interfaces/share/dynamixel_sdk_custom_interfaces/cmake/dynamixel_sdk_custom_interfaces__rosidl_typesupport_cppExport-noconfig.cmake
[43.090s] Invoked command in '/home/robofei/ROS2/build/dynamixel_sdk_custom_interfaces' returned '0': CMAKE_PREFIX_PATH=${CMAKE_PREFIX_PATH}:/home/robofei/ROS2/install/vision_pkg:/home/robofei/ROS2/install/decision_pkg:/home/robofei/ROS2/install/controller:/opt/ros/foxy /usr/bin/cmake --install /home/robofei/ROS2/build/dynamixel_sdk_custom_interfaces
