[0.015s] Invoking command in '/home/robofei/robotis_ws/build/dynamixel_sdk_examples': AMENT_PREFIX_PATH=/home/robofei/robotis_ws/install/dynamixel_sdk_custom_interfaces:/home/robofei/robotis_ws/install/dynamixel_sdk:${AMENT_PREFIX_PATH} CMAKE_PREFIX_PATH=/home/robofei/robotis_ws/install/dynamixel_sdk_custom_interfaces:/home/robofei/robotis_ws/install/dynamixel_sdk:/opt/ros/foxy LD_LIBRARY_PATH=/home/robofei/robotis_ws/install/dynamixel_sdk_custom_interfaces/lib:/home/robofei/robotis_ws/install/dynamixel_sdk/lib:${LD_LIBRARY_PATH} PYTHONPATH=/home/robofei/robotis_ws/install/dynamixel_sdk_custom_interfaces/lib/python3.8/site-packages:${PYTHONPATH} /usr/bin/cmake --build /home/robofei/robotis_ws/build/dynamixel_sdk_examples -- -j4 -l4
[0.064s] [35m[1mScanning dependencies of target read_write_node[0m
[0.085s] [ 50%] Built target minimal_pub
[0.095s] [ 75%] [32mBuilding CXX object CMakeFiles/read_write_node.dir/src/read_write_node.cpp.o[0m
[5.786s] [100%] [32m[1mLinking CXX executable read_write_node[0m
[6.994s] [100%] Built target read_write_node
[7.007s] Invoked command in '/home/robofei/robotis_ws/build/dynamixel_sdk_examples' returned '0': AMENT_PREFIX_PATH=/home/robofei/robotis_ws/install/dynamixel_sdk_custom_interfaces:/home/robofei/robotis_ws/install/dynamixel_sdk:${AMENT_PREFIX_PATH} CMAKE_PREFIX_PATH=/home/robofei/robotis_ws/install/dynamixel_sdk_custom_interfaces:/home/robofei/robotis_ws/install/dynamixel_sdk:/opt/ros/foxy LD_LIBRARY_PATH=/home/robofei/robotis_ws/install/dynamixel_sdk_custom_interfaces/lib:/home/robofei/robotis_ws/install/dynamixel_sdk/lib:${LD_LIBRARY_PATH} PYTHONPATH=/home/robofei/robotis_ws/install/dynamixel_sdk_custom_interfaces/lib/python3.8/site-packages:${PYTHONPATH} /usr/bin/cmake --build /home/robofei/robotis_ws/build/dynamixel_sdk_examples -- -j4 -l4
[7.037s] Invoking command in '/home/robofei/robotis_ws/build/dynamixel_sdk_examples': AMENT_PREFIX_PATH=/home/robofei/robotis_ws/install/dynamixel_sdk_custom_interfaces:/home/robofei/robotis_ws/install/dynamixel_sdk:${AMENT_PREFIX_PATH} CMAKE_PREFIX_PATH=/home/robofei/robotis_ws/install/dynamixel_sdk_custom_interfaces:/home/robofei/robotis_ws/install/dynamixel_sdk:/opt/ros/foxy LD_LIBRARY_PATH=/home/robofei/robotis_ws/install/dynamixel_sdk_custom_interfaces/lib:/home/robofei/robotis_ws/install/dynamixel_sdk/lib:${LD_LIBRARY_PATH} PYTHONPATH=/home/robofei/robotis_ws/install/dynamixel_sdk_custom_interfaces/lib/python3.8/site-packages:${PYTHONPATH} /usr/bin/cmake --install /home/robofei/robotis_ws/build/dynamixel_sdk_examples
[7.071s] -- Install configuration: ""
[7.083s] -- Execute custom install script
[7.086s] -- Up-to-date symlink: /home/robofei/robotis_ws/install/dynamixel_sdk_examples/lib/dynamixel_sdk_examples/read_write_node
[7.089s] -- Up-to-date symlink: /home/robofei/robotis_ws/install/dynamixel_sdk_examples/lib/dynamixel_sdk_examples/minimal_pub
[7.102s] -- Up-to-date symlink: /home/robofei/robotis_ws/install/dynamixel_sdk_examples/share/ament_index/resource_index/package_run_dependencies/dynamixel_sdk_examples
[7.106s] -- Up-to-date symlink: /home/robofei/robotis_ws/install/dynamixel_sdk_examples/share/ament_index/resource_index/parent_prefix_path/dynamixel_sdk_examples
[7.108s] -- Up-to-date symlink: /home/robofei/robotis_ws/install/dynamixel_sdk_examples/share/dynamixel_sdk_examples/environment/ament_prefix_path.sh
[7.110s] -- Up-to-date symlink: /home/robofei/robotis_ws/install/dynamixel_sdk_examples/share/dynamixel_sdk_examples/environment/ament_prefix_path.dsv
[7.112s] -- Up-to-date symlink: /home/robofei/robotis_ws/install/dynamixel_sdk_examples/share/dynamixel_sdk_examples/environment/path.sh
[7.114s] -- Up-to-date symlink: /home/robofei/robotis_ws/install/dynamixel_sdk_examples/share/dynamixel_sdk_examples/environment/path.dsv
[7.115s] -- Up-to-date symlink: /home/robofei/robotis_ws/install/dynamixel_sdk_examples/share/dynamixel_sdk_examples/local_setup.bash
[7.116s] -- Up-to-date symlink: /home/robofei/robotis_ws/install/dynamixel_sdk_examples/share/dynamixel_sdk_examples/local_setup.sh
[7.118s] -- Up-to-date symlink: /home/robofei/robotis_ws/install/dynamixel_sdk_examples/share/dynamixel_sdk_examples/local_setup.zsh
[7.119s] -- Up-to-date symlink: /home/robofei/robotis_ws/install/dynamixel_sdk_examples/share/dynamixel_sdk_examples/local_setup.dsv
[7.119s] -- Symlinking: /home/robofei/robotis_ws/install/dynamixel_sdk_examples/share/dynamixel_sdk_examples/package.dsv
[7.136s] -- Up-to-date symlink: /home/robofei/robotis_ws/install/dynamixel_sdk_examples/share/ament_index/resource_index/packages/dynamixel_sdk_examples
[7.137s] -- Up-to-date symlink: /home/robofei/robotis_ws/install/dynamixel_sdk_examples/share/dynamixel_sdk_examples/cmake/dynamixel_sdk_examplesConfig.cmake
[7.137s] -- Up-to-date symlink: /home/robofei/robotis_ws/install/dynamixel_sdk_examples/share/dynamixel_sdk_examples/cmake/dynamixel_sdk_examplesConfig-version.cmake
[7.137s] -- Up-to-date symlink: /home/robofei/robotis_ws/install/dynamixel_sdk_examples/share/dynamixel_sdk_examples/package.xml
[7.141s] Invoked command in '/home/robofei/robotis_ws/build/dynamixel_sdk_examples' returned '0': AMENT_PREFIX_PATH=/home/robofei/robotis_ws/install/dynamixel_sdk_custom_interfaces:/home/robofei/robotis_ws/install/dynamixel_sdk:${AMENT_PREFIX_PATH} CMAKE_PREFIX_PATH=/home/robofei/robotis_ws/install/dynamixel_sdk_custom_interfaces:/home/robofei/robotis_ws/install/dynamixel_sdk:/opt/ros/foxy LD_LIBRARY_PATH=/home/robofei/robotis_ws/install/dynamixel_sdk_custom_interfaces/lib:/home/robofei/robotis_ws/install/dynamixel_sdk/lib:${LD_LIBRARY_PATH} PYTHONPATH=/home/robofei/robotis_ws/install/dynamixel_sdk_custom_interfaces/lib/python3.8/site-packages:${PYTHONPATH} /usr/bin/cmake --install /home/robofei/robotis_ws/build/dynamixel_sdk_examples
