[0.045s] Invoking command in '/home/robofei/ROS2/build/control': CMAKE_PREFIX_PATH=/home/robofei/ROS2/install/serial:/home/robofei/ROS2/install/dynamixel_sdk_custom_interfaces:/home/robofei/ROS2/install/custom_interfaces:/home/robofei/ROS2/install/um7:/home/robofei/ROS2/install/control:/home/robofei/ROS2/install/dynamixel_sdk_examples:/home/robofei/ROS2/install/dynamixel_sdk:/home/robofei/ROS2/install/custom_interfaces_vision:/home/robofei/ROS2/install/vision_pkg:/home/robofei/ROS2/install/decision_pkg:/home/robofei/ROS2/install/controller:/opt/ros/foxy LD_LIBRARY_PATH=/home/robofei/ROS2/install/dynamixel_sdk_custom_interfaces/lib:/home/robofei/ROS2/install/custom_interfaces/lib:/home/robofei/ROS2/install/um7/lib:/home/robofei/ROS2/install/control/lib:/home/robofei/ROS2/install/serial/lib:/home/robofei/ROS2/install/dynamixel_sdk/lib:/home/robofei/ROS2/install/custom_interfaces_vision/lib:/opt/ros/foxy/opt/yaml_cpp_vendor/lib:/opt/ros/foxy/lib/x86_64-linux-gnu:/opt/ros/foxy/lib PYTHONPATH=/home/robofei/ROS2/install/dynamixel_sdk_custom_interfaces/lib/python3.8/site-packages:/home/robofei/ROS2/install/custom_interfaces/lib/python3.8/site-packages:/home/robofei/ROS2/build/vision_pkg:/home/robofei/ROS2/install/vision_pkg/lib/python3.8/site-packages:/home/robofei/ROS2/install/um7/lib/python3.8/site-packages:/home/robofei/ROS2/build/decision_pkg:/home/robofei/ROS2/install/decision_pkg/lib/python3.8/site-packages:/home/robofei/ROS2/install/custom_interfaces_vision/lib/python3.8/site-packages:/home/robofei/ROS2/build/controller:/home/robofei/ROS2/install/controller/lib/python3.8/site-packages:/opt/ros/foxy/lib/python3.8/site-packages:/home/robofei/models/research/slim:/home/robofei/models/research/object_detection/utils:/home/robofei/models/research /usr/bin/cmake --build /home/robofei/ROS2/build/control -- -j8 -l8
[0.171s] [ 17%] Built target control
[0.172s] [ 17%] Built target decision
[0.174s] [ 26%] Built target gait_publisher
[0.180s] [100%] Built target motion
[0.232s] Invoked command in '/home/robofei/ROS2/build/control' returned '0': CMAKE_PREFIX_PATH=/home/robofei/ROS2/install/serial:/home/robofei/ROS2/install/dynamixel_sdk_custom_interfaces:/home/robofei/ROS2/install/custom_interfaces:/home/robofei/ROS2/install/um7:/home/robofei/ROS2/install/control:/home/robofei/ROS2/install/dynamixel_sdk_examples:/home/robofei/ROS2/install/dynamixel_sdk:/home/robofei/ROS2/install/custom_interfaces_vision:/home/robofei/ROS2/install/vision_pkg:/home/robofei/ROS2/install/decision_pkg:/home/robofei/ROS2/install/controller:/opt/ros/foxy LD_LIBRARY_PATH=/home/robofei/ROS2/install/dynamixel_sdk_custom_interfaces/lib:/home/robofei/ROS2/install/custom_interfaces/lib:/home/robofei/ROS2/install/um7/lib:/home/robofei/ROS2/install/control/lib:/home/robofei/ROS2/install/serial/lib:/home/robofei/ROS2/install/dynamixel_sdk/lib:/home/robofei/ROS2/install/custom_interfaces_vision/lib:/opt/ros/foxy/opt/yaml_cpp_vendor/lib:/opt/ros/foxy/lib/x86_64-linux-gnu:/opt/ros/foxy/lib PYTHONPATH=/home/robofei/ROS2/install/dynamixel_sdk_custom_interfaces/lib/python3.8/site-packages:/home/robofei/ROS2/install/custom_interfaces/lib/python3.8/site-packages:/home/robofei/ROS2/build/vision_pkg:/home/robofei/ROS2/install/vision_pkg/lib/python3.8/site-packages:/home/robofei/ROS2/install/um7/lib/python3.8/site-packages:/home/robofei/ROS2/build/decision_pkg:/home/robofei/ROS2/install/decision_pkg/lib/python3.8/site-packages:/home/robofei/ROS2/install/custom_interfaces_vision/lib/python3.8/site-packages:/home/robofei/ROS2/build/controller:/home/robofei/ROS2/install/controller/lib/python3.8/site-packages:/opt/ros/foxy/lib/python3.8/site-packages:/home/robofei/models/research/slim:/home/robofei/models/research/object_detection/utils:/home/robofei/models/research /usr/bin/cmake --build /home/robofei/ROS2/build/control -- -j8 -l8
[0.353s] Invoking command in '/home/robofei/ROS2/build/control': CMAKE_PREFIX_PATH=/home/robofei/ROS2/install/serial:/home/robofei/ROS2/install/dynamixel_sdk_custom_interfaces:/home/robofei/ROS2/install/custom_interfaces:/home/robofei/ROS2/install/um7:/home/robofei/ROS2/install/control:/home/robofei/ROS2/install/dynamixel_sdk_examples:/home/robofei/ROS2/install/dynamixel_sdk:/home/robofei/ROS2/install/custom_interfaces_vision:/home/robofei/ROS2/install/vision_pkg:/home/robofei/ROS2/install/decision_pkg:/home/robofei/ROS2/install/controller:/opt/ros/foxy LD_LIBRARY_PATH=/home/robofei/ROS2/install/dynamixel_sdk_custom_interfaces/lib:/home/robofei/ROS2/install/custom_interfaces/lib:/home/robofei/ROS2/install/um7/lib:/home/robofei/ROS2/install/control/lib:/home/robofei/ROS2/install/serial/lib:/home/robofei/ROS2/install/dynamixel_sdk/lib:/home/robofei/ROS2/install/custom_interfaces_vision/lib:/opt/ros/foxy/opt/yaml_cpp_vendor/lib:/opt/ros/foxy/lib/x86_64-linux-gnu:/opt/ros/foxy/lib PYTHONPATH=/home/robofei/ROS2/install/dynamixel_sdk_custom_interfaces/lib/python3.8/site-packages:/home/robofei/ROS2/install/custom_interfaces/lib/python3.8/site-packages:/home/robofei/ROS2/build/vision_pkg:/home/robofei/ROS2/install/vision_pkg/lib/python3.8/site-packages:/home/robofei/ROS2/install/um7/lib/python3.8/site-packages:/home/robofei/ROS2/build/decision_pkg:/home/robofei/ROS2/install/decision_pkg/lib/python3.8/site-packages:/home/robofei/ROS2/install/custom_interfaces_vision/lib/python3.8/site-packages:/home/robofei/ROS2/build/controller:/home/robofei/ROS2/install/controller/lib/python3.8/site-packages:/opt/ros/foxy/lib/python3.8/site-packages:/home/robofei/models/research/slim:/home/robofei/models/research/object_detection/utils:/home/robofei/models/research /usr/bin/cmake --install /home/robofei/ROS2/build/control
[0.362s] -- Install configuration: ""
[0.364s] -- Execute custom install script
[0.371s] -- Up-to-date symlink: /home/robofei/ROS2/install/control/lib/control/gait_publisher
[0.371s] -- Up-to-date symlink: /home/robofei/ROS2/install/control/lib/control/control
[0.371s] -- Up-to-date symlink: /home/robofei/ROS2/install/control/lib/control/decision
[0.371s] -- Up-to-date symlink: /home/robofei/ROS2/install/control/lib/libmotion.so
[0.372s] -- Up-to-date symlink: /home/robofei/ROS2/install/control/include//Action.h
[0.372s] -- Up-to-date symlink: /home/robofei/ROS2/install/control/include//AngleEstimator.h
[0.372s] -- Up-to-date symlink: /home/robofei/ROS2/install/control/include//DARwIn.h
[0.372s] -- Up-to-date symlink: /home/robofei/ROS2/install/control/include//FSR.h
[0.372s] -- Up-to-date symlink: /home/robofei/ROS2/install/control/include//GaitMove.hpp
[0.373s] -- Up-to-date symlink: /home/robofei/ROS2/install/control/include//JointData.h
[0.373s] -- Up-to-date symlink: /home/robofei/ROS2/install/control/include//Kinematics.h
[0.373s] -- Up-to-date symlink: /home/robofei/ROS2/install/control/include//LinuxActionScript.h
[0.374s] -- Up-to-date symlink: /home/robofei/ROS2/install/control/include//LinuxCM730.h
[0.374s] -- Up-to-date symlink: /home/robofei/ROS2/install/control/include//LinuxDARwIn.h
[0.374s] -- Up-to-date symlink: /home/robofei/ROS2/install/control/include//LinuxMotionTimer.h
[0.375s] -- Up-to-date symlink: /home/robofei/ROS2/install/control/include//LinuxNetwork.h
[0.378s] -- Up-to-date symlink: /home/robofei/ROS2/install/control/include//MX28.h
[0.378s] -- Up-to-date symlink: /home/robofei/ROS2/install/control/include//Matrix.h
[0.379s] -- Up-to-date symlink: /home/robofei/ROS2/install/control/include//MotionManager.h
[0.379s] -- Up-to-date symlink: /home/robofei/ROS2/install/control/include//MotionModule.h
[0.380s] -- Up-to-date symlink: /home/robofei/ROS2/install/control/include//MotionState.h
[0.380s] -- Up-to-date symlink: /home/robofei/ROS2/install/control/include//MotionStatus.h
[0.380s] -- Up-to-date symlink: /home/robofei/ROS2/install/control/include//Plane.h
[0.381s] -- Up-to-date symlink: /home/robofei/ROS2/install/control/include//Point.h
[0.381s] -- Up-to-date symlink: /home/robofei/ROS2/install/control/include//QuadraticStateTransform.h
[0.381s] -- Up-to-date symlink: /home/robofei/ROS2/install/control/include//RadonTransform.h
[0.382s] -- Up-to-date symlink: /home/robofei/ROS2/install/control/include//ReadConfig.hpp
[0.386s] -- Up-to-date symlink: /home/robofei/ROS2/install/control/include//RegionProps.h
[0.386s] -- Up-to-date symlink: /home/robofei/ROS2/install/control/include//Vector.h
[0.387s] -- Up-to-date symlink: /home/robofei/ROS2/install/control/include//Walking.h
[0.387s] -- Up-to-date symlink: /home/robofei/ROS2/install/control/include//cmd_process.h
[0.388s] -- Up-to-date symlink: /home/robofei/ROS2/install/control/include//minIni.h
[0.388s] -- Up-to-date symlink: /home/robofei/ROS2/install/control/share/control//launch/action.launch.py
[0.388s] -- Up-to-date symlink: /home/robofei/ROS2/install/control/share/ament_index/resource_index/package_run_dependencies/control
[0.388s] -- Up-to-date symlink: /home/robofei/ROS2/install/control/share/ament_index/resource_index/parent_prefix_path/control
[0.389s] -- Up-to-date symlink: /home/robofei/ROS2/install/control/share/control/environment/ament_prefix_path.sh
[0.389s] -- Up-to-date symlink: /home/robofei/ROS2/install/control/share/control/environment/ament_prefix_path.dsv
[0.390s] -- Up-to-date symlink: /home/robofei/ROS2/install/control/share/control/environment/path.sh
[0.390s] -- Up-to-date symlink: /home/robofei/ROS2/install/control/share/control/environment/path.dsv
[0.390s] -- Up-to-date symlink: /home/robofei/ROS2/install/control/share/control/local_setup.bash
[0.390s] -- Up-to-date symlink: /home/robofei/ROS2/install/control/share/control/local_setup.sh
[0.390s] -- Up-to-date symlink: /home/robofei/ROS2/install/control/share/control/local_setup.zsh
[0.391s] -- Up-to-date symlink: /home/robofei/ROS2/install/control/share/control/local_setup.dsv
[0.391s] -- Symlinking: /home/robofei/ROS2/install/control/share/control/package.dsv
[0.395s] -- Up-to-date symlink: /home/robofei/ROS2/install/control/share/ament_index/resource_index/packages/control
[0.395s] -- Up-to-date symlink: /home/robofei/ROS2/install/control/share/ament_index/resource_index/rclcpp_components/control
[0.397s] -- Up-to-date symlink: /home/robofei/ROS2/install/control/share/control/cmake/ament_cmake_export_dependencies-extras.cmake
[0.397s] -- Up-to-date symlink: /home/robofei/ROS2/install/control/share/control/cmake/controlConfig.cmake
[0.397s] -- Up-to-date symlink: /home/robofei/ROS2/install/control/share/control/cmake/controlConfig-version.cmake
[0.398s] -- Up-to-date symlink: /home/robofei/ROS2/install/control/share/control/package.xml
[0.401s] Invoked command in '/home/robofei/ROS2/build/control' returned '0': CMAKE_PREFIX_PATH=/home/robofei/ROS2/install/serial:/home/robofei/ROS2/install/dynamixel_sdk_custom_interfaces:/home/robofei/ROS2/install/custom_interfaces:/home/robofei/ROS2/install/um7:/home/robofei/ROS2/install/control:/home/robofei/ROS2/install/dynamixel_sdk_examples:/home/robofei/ROS2/install/dynamixel_sdk:/home/robofei/ROS2/install/custom_interfaces_vision:/home/robofei/ROS2/install/vision_pkg:/home/robofei/ROS2/install/decision_pkg:/home/robofei/ROS2/install/controller:/opt/ros/foxy LD_LIBRARY_PATH=/home/robofei/ROS2/install/dynamixel_sdk_custom_interfaces/lib:/home/robofei/ROS2/install/custom_interfaces/lib:/home/robofei/ROS2/install/um7/lib:/home/robofei/ROS2/install/control/lib:/home/robofei/ROS2/install/serial/lib:/home/robofei/ROS2/install/dynamixel_sdk/lib:/home/robofei/ROS2/install/custom_interfaces_vision/lib:/opt/ros/foxy/opt/yaml_cpp_vendor/lib:/opt/ros/foxy/lib/x86_64-linux-gnu:/opt/ros/foxy/lib PYTHONPATH=/home/robofei/ROS2/install/dynamixel_sdk_custom_interfaces/lib/python3.8/site-packages:/home/robofei/ROS2/install/custom_interfaces/lib/python3.8/site-packages:/home/robofei/ROS2/build/vision_pkg:/home/robofei/ROS2/install/vision_pkg/lib/python3.8/site-packages:/home/robofei/ROS2/install/um7/lib/python3.8/site-packages:/home/robofei/ROS2/build/decision_pkg:/home/robofei/ROS2/install/decision_pkg/lib/python3.8/site-packages:/home/robofei/ROS2/install/custom_interfaces_vision/lib/python3.8/site-packages:/home/robofei/ROS2/build/controller:/home/robofei/ROS2/install/controller/lib/python3.8/site-packages:/opt/ros/foxy/lib/python3.8/site-packages:/home/robofei/models/research/slim:/home/robofei/models/research/object_detection/utils:/home/robofei/models/research /usr/bin/cmake --install /home/robofei/ROS2/build/control
