[0.020s] Invoking command in '/home/robofei/ROS2/robotis_ws/build/dynamixel_sdk_examples': CMAKE_PREFIX_PATH=/home/robofei/ROS2/robotis_ws/install/dynamixel_sdk_custom_interfaces:/home/robofei/ROS2/robotis_ws/install/dynamixel_sdk:/home/robofei/ROS2/robotis_ws/install/dynamixel_sdk_examples:/opt/ros/foxy PYTHONPATH=/home/robofei/ROS2/robotis_ws/install/dynamixel_sdk_custom_interfaces/lib/python3.8/site-packages:/home/robofei/ROS2/robotis_ws/install/dynamixel_sdk_examples/lib/python3.8/site-packages:/opt/ros/foxy/lib/python3.8/site-packages /usr/bin/cmake --build /home/robofei/ROS2/robotis_ws/build/dynamixel_sdk_examples -- -j4 -l4
[0.066s] [35m[1mScanning dependencies of target read_write_node[0m
[0.085s] [ 50%] Built target minimal_pub
[0.096s] [ 75%] [32mBuilding CXX object CMakeFiles/read_write_node.dir/src/read_write_node.cpp.o[0m
[1.430s] [01m[K/home/robofei/ROS2/robotis_ws/src/dynamixel_sdk_examples/src/read_write_node.cpp:60:42:[m[K [01;31m[Kerror: [m[Kexpected constructor, destructor, or type conversion before ‘[01m[K([m[K’ token
[1.430s]    60 | dynamixel::GroupSyncWrite::GroupSyncWrite[01;31m[K([m[KportHandler, packetHandler, ADDR_GOAL_POSITION, 4);
[1.430s]       |                                          [01;31m[K^[m[K
[1.439s] [01m[K/home/robofei/ROS2/robotis_ws/src/dynamixel_sdk_examples/src/read_write_node.cpp:[m[K In lambda function:
[1.440s] [01m[K/home/robofei/ROS2/robotis_ws/src/dynamixel_sdk_examples/src/read_write_node.cpp:115:29:[m[K [01;31m[Kerror: [m[K‘[01m[KGroupSyncWrite[m[K’ was not declared in this scope; did you mean ‘[01m[Kdynamixel::GroupSyncWrite[m[K’?
[1.440s]   115 |       dxl_addparam_result = [01;31m[KGroupSyncWrite[m[K.addParam((uint8_t)msg->id[0], param_goal_position0);
[1.440s]       |                             [01;31m[K^~~~~~~~~~~~~~[m[K
[1.440s]       |                             [32m[Kdynamixel::GroupSyncWrite[m[K
[1.440s] In file included from [01m[K/home/robofei/ROS2/robotis_ws/install/dynamixel_sdk/include/dynamixel_sdk/dynamixel_sdk.h:29[m[K,
[1.440s]                  from [01m[K/home/robofei/ROS2/robotis_ws/src/dynamixel_sdk_examples/src/read_write_node.cpp:37[m[K:
[1.440s] [01m[K/home/robofei/ROS2/robotis_ws/install/dynamixel_sdk/include/dynamixel_sdk/group_sync_write.h:37:19:[m[K [01;36m[Knote: [m[K‘[01m[Kdynamixel::GroupSyncWrite[m[K’ declared here
[1.440s]    37 | class WINDECLSPEC [01;36m[KGroupSyncWrite[m[K
[1.440s]       |                   [01;36m[K^~~~~~~~~~~~~~[m[K
[1.446s] [01m[K/home/robofei/ROS2/robotis_ws/src/dynamixel_sdk_examples/src/read_write_node.cpp:143:7:[m[K [01;31m[Kerror: [m[K‘[01m[KgroupSyncWrite[m[K’ was not declared in this scope
[1.446s]   143 |       [01;31m[KgroupSyncWrite[m[K.clearParam();
[1.446s]       |       [01;31m[K^~~~~~~~~~~~~~[m[K
[2.935s] make[2]: *** [CMakeFiles/read_write_node.dir/build.make:63: CMakeFiles/read_write_node.dir/src/read_write_node.cpp.o] Error 1
[2.935s] make[1]: *** [CMakeFiles/Makefile2:107: CMakeFiles/read_write_node.dir/all] Error 2
[2.935s] make: *** [Makefile:141: all] Error 2
[2.938s] Invoked command in '/home/robofei/ROS2/robotis_ws/build/dynamixel_sdk_examples' returned '2': CMAKE_PREFIX_PATH=/home/robofei/ROS2/robotis_ws/install/dynamixel_sdk_custom_interfaces:/home/robofei/ROS2/robotis_ws/install/dynamixel_sdk:/home/robofei/ROS2/robotis_ws/install/dynamixel_sdk_examples:/opt/ros/foxy PYTHONPATH=/home/robofei/ROS2/robotis_ws/install/dynamixel_sdk_custom_interfaces/lib/python3.8/site-packages:/home/robofei/ROS2/robotis_ws/install/dynamixel_sdk_examples/lib/python3.8/site-packages:/opt/ros/foxy/lib/python3.8/site-packages /usr/bin/cmake --build /home/robofei/ROS2/robotis_ws/build/dynamixel_sdk_examples -- -j4 -l4
