[0.062s] Invoking command in '/home/robofei/Documents/robotis_ws/build/dynamixel_sdk': CMAKE_PREFIX_PATH=/opt/ros/foxy /usr/bin/cmake --build /home/robofei/Documents/robotis_ws/build/dynamixel_sdk -- -j4 -l4
[0.076s] CMake Error: The current CMakeCache.txt directory /home/robofei/Documents/robotis_ws/build/dynamixel_sdk/CMakeCache.txt is different than the directory /home/robofei/robotis_ws/build/dynamixel_sdk where CMakeCache.txt was created. This may result in binaries being created in the wrong place. If you are not sure, reedit the CMakeCache.txt
[0.109s] -- Found ament_cmake: 0.9.9 (/opt/ros/foxy/share/ament_cmake/cmake)
[0.154s] -- Using PYTHON_EXECUTABLE: /usr/bin/python3
[0.497s] -- Override CMake install command with custom implementation using symlinks instead of copying resources
[0.629s] -- Configuring done
[0.638s] -- Generating done
[0.640s] -- Build files have been written to: /home/robofei/robotis_ws/build/dynamixel_sdk
[0.775s] [ 10%] [32mBuilding CXX object CMakeFiles/dynamixel_sdk.dir/src/dynamixel_sdk/packet_handler.cpp.o[0m
[0.797s] [ 20%] [32mBuilding CXX object CMakeFiles/dynamixel_sdk.dir/src/dynamixel_sdk/protocol1_packet_handler.cpp.o[0m
[0.798s] [ 30%] [32mBuilding CXX object CMakeFiles/dynamixel_sdk.dir/src/dynamixel_sdk/group_sync_read.cpp.o[0m
[0.800s] [ 40%] [32mBuilding CXX object CMakeFiles/dynamixel_sdk.dir/src/dynamixel_sdk/protocol2_packet_handler.cpp.o[0m
[1.101s] [ 50%] [32mBuilding CXX object CMakeFiles/dynamixel_sdk.dir/src/dynamixel_sdk/group_sync_write.cpp.o[0m
[1.454s] [ 60%] [32mBuilding CXX object CMakeFiles/dynamixel_sdk.dir/src/dynamixel_sdk/group_bulk_read.cpp.o[0m
[1.711s] [ 70%] [32mBuilding CXX object CMakeFiles/dynamixel_sdk.dir/src/dynamixel_sdk/group_bulk_write.cpp.o[0m
[2.090s] [ 80%] [32mBuilding CXX object CMakeFiles/dynamixel_sdk.dir/src/dynamixel_sdk/port_handler.cpp.o[0m
[2.294s] [ 90%] [32mBuilding CXX object CMakeFiles/dynamixel_sdk.dir/src/dynamixel_sdk/port_handler_linux.cpp.o[0m
[3.023s] [100%] [32m[1mLinking CXX shared library libdynamixel_sdk.so[0m
[3.186s] [100%] Built target dynamixel_sdk
[3.229s] Invoked command in '/home/robofei/Documents/robotis_ws/build/dynamixel_sdk' returned '0': CMAKE_PREFIX_PATH=/opt/ros/foxy /usr/bin/cmake --build /home/robofei/Documents/robotis_ws/build/dynamixel_sdk -- -j4 -l4
[3.309s] Invoking command in '/home/robofei/Documents/robotis_ws/build/dynamixel_sdk': CMAKE_PREFIX_PATH=/opt/ros/foxy /usr/bin/cmake --install /home/robofei/Documents/robotis_ws/build/dynamixel_sdk
[3.337s] -- Install configuration: ""
[3.339s] -- Execute custom install script
[3.339s] -- Up-to-date symlink: /home/robofei/robotis_ws/install/dynamixel_sdk/include//dynamixel_sdk/dynamixel_sdk.h
[3.340s] -- Up-to-date symlink: /home/robofei/robotis_ws/install/dynamixel_sdk/include//dynamixel_sdk/group_bulk_read.h
[3.340s] -- Up-to-date symlink: /home/robofei/robotis_ws/install/dynamixel_sdk/include//dynamixel_sdk/group_bulk_write.h
[3.340s] -- Up-to-date symlink: /home/robofei/robotis_ws/install/dynamixel_sdk/include//dynamixel_sdk/group_sync_read.h
[3.341s] -- Up-to-date symlink: /home/robofei/robotis_ws/install/dynamixel_sdk/include//dynamixel_sdk/group_sync_write.h
[3.341s] -- Up-to-date symlink: /home/robofei/robotis_ws/install/dynamixel_sdk/include//dynamixel_sdk/packet_handler.h
[3.341s] -- Up-to-date symlink: /home/robofei/robotis_ws/install/dynamixel_sdk/include//dynamixel_sdk/port_handler.h
[3.342s] -- Up-to-date symlink: /home/robofei/robotis_ws/install/dynamixel_sdk/include//dynamixel_sdk/port_handler_arduino.h
[3.342s] -- Up-to-date symlink: /home/robofei/robotis_ws/install/dynamixel_sdk/include//dynamixel_sdk/port_handler_linux.h
[3.343s] -- Up-to-date symlink: /home/robofei/robotis_ws/install/dynamixel_sdk/include//dynamixel_sdk/port_handler_mac.h
[3.343s] -- Up-to-date symlink: /home/robofei/robotis_ws/install/dynamixel_sdk/include//dynamixel_sdk/port_handler_windows.h
[3.343s] -- Up-to-date symlink: /home/robofei/robotis_ws/install/dynamixel_sdk/include//dynamixel_sdk/protocol1_packet_handler.h
[3.343s] -- Up-to-date symlink: /home/robofei/robotis_ws/install/dynamixel_sdk/include//dynamixel_sdk/protocol2_packet_handler.h
[3.344s] -- Up-to-date symlink: /home/robofei/robotis_ws/install/dynamixel_sdk/lib/libdynamixel_sdk.so
[3.344s] -- Up-to-date symlink: /home/robofei/robotis_ws/install/dynamixel_sdk/share/dynamixel_sdk/environment/library_path.sh
[3.344s] -- Up-to-date symlink: /home/robofei/robotis_ws/install/dynamixel_sdk/share/dynamixel_sdk/environment/library_path.dsv
[3.345s] -- Up-to-date symlink: /home/robofei/robotis_ws/install/dynamixel_sdk/share/ament_index/resource_index/package_run_dependencies/dynamixel_sdk
[3.345s] -- Up-to-date symlink: /home/robofei/robotis_ws/install/dynamixel_sdk/share/ament_index/resource_index/parent_prefix_path/dynamixel_sdk
[3.346s] -- Up-to-date symlink: /home/robofei/robotis_ws/install/dynamixel_sdk/share/dynamixel_sdk/environment/ament_prefix_path.sh
[3.346s] -- Up-to-date symlink: /home/robofei/robotis_ws/install/dynamixel_sdk/share/dynamixel_sdk/environment/ament_prefix_path.dsv
[3.347s] -- Up-to-date symlink: /home/robofei/robotis_ws/install/dynamixel_sdk/share/dynamixel_sdk/environment/path.sh
[3.347s] -- Up-to-date symlink: /home/robofei/robotis_ws/install/dynamixel_sdk/share/dynamixel_sdk/environment/path.dsv
[3.348s] -- Up-to-date symlink: /home/robofei/robotis_ws/install/dynamixel_sdk/share/dynamixel_sdk/local_setup.bash
[3.348s] -- Up-to-date symlink: /home/robofei/robotis_ws/install/dynamixel_sdk/share/dynamixel_sdk/local_setup.sh
[3.349s] -- Up-to-date symlink: /home/robofei/robotis_ws/install/dynamixel_sdk/share/dynamixel_sdk/local_setup.zsh
[3.349s] -- Up-to-date symlink: /home/robofei/robotis_ws/install/dynamixel_sdk/share/dynamixel_sdk/local_setup.dsv
[3.349s] -- Symlinking: /home/robofei/robotis_ws/install/dynamixel_sdk/share/dynamixel_sdk/package.dsv
[3.367s] -- Up-to-date symlink: /home/robofei/robotis_ws/install/dynamixel_sdk/share/ament_index/resource_index/packages/dynamixel_sdk
[3.368s] -- Up-to-date symlink: /home/robofei/robotis_ws/install/dynamixel_sdk/share/dynamixel_sdk/cmake/ament_cmake_export_include_directories-extras.cmake
[3.369s] -- Up-to-date symlink: /home/robofei/robotis_ws/install/dynamixel_sdk/share/dynamixel_sdk/cmake/ament_cmake_export_libraries-extras.cmake
[3.369s] -- Up-to-date symlink: /home/robofei/robotis_ws/install/dynamixel_sdk/share/dynamixel_sdk/cmake/dynamixel_sdkConfig.cmake
[3.369s] -- Up-to-date symlink: /home/robofei/robotis_ws/install/dynamixel_sdk/share/dynamixel_sdk/cmake/dynamixel_sdkConfig-version.cmake
[3.370s] -- Up-to-date symlink: /home/robofei/robotis_ws/install/dynamixel_sdk/share/dynamixel_sdk/package.xml
[3.377s] Invoked command in '/home/robofei/Documents/robotis_ws/build/dynamixel_sdk' returned '0': CMAKE_PREFIX_PATH=/opt/ros/foxy /usr/bin/cmake --install /home/robofei/Documents/robotis_ws/build/dynamixel_sdk
