[0.435s] Invoking command in '/home/robofei/Downloads/GC/build/messages': CMAKE_PREFIX_PATH=${CMAKE_PREFIX_PATH}:/home/robofei/Downloads/GC/install/controller:/opt/ros/foxy /usr/bin/cmake --build /home/robofei/Downloads/GC/build/messages -- -j4 -l4
[0.554s] [  9%] Built target messages__rosidl_generator_c
[0.570s] [ 12%] Built target messages__cpp
[0.632s] [ 22%] Built target messages__rosidl_typesupport_introspection_c
[0.638s] [ 32%] Built target messages__rosidl_typesupport_c
[0.648s] [ 41%] Built target messages__rosidl_typesupport_fastrtps_cpp
[0.654s] [ 51%] Built target messages__rosidl_typesupport_cpp
[0.696s] [ 61%] Built target messages__rosidl_typesupport_introspection_cpp
[0.706s] [ 70%] Built target messages__rosidl_typesupport_fastrtps_c
[0.735s] [ 70%] Built target messages
[0.765s] [ 74%] Built target messages__py
[0.804s] [ 80%] Built target messages__python
[0.852s] [ 87%] Built target messages__rosidl_typesupport_introspection_c__pyext
[0.879s] [ 93%] Built target messages__rosidl_typesupport_c__pyext
[0.902s] [100%] Built target messages__rosidl_typesupport_fastrtps_c__pyext
[0.927s] Invoked command in '/home/robofei/Downloads/GC/build/messages' returned '0': CMAKE_PREFIX_PATH=${CMAKE_PREFIX_PATH}:/home/robofei/Downloads/GC/install/controller:/opt/ros/foxy /usr/bin/cmake --build /home/robofei/Downloads/GC/build/messages -- -j4 -l4
[1.038s] Invoking command in '/home/robofei/Downloads/GC/build/messages': CMAKE_PREFIX_PATH=${CMAKE_PREFIX_PATH}:/home/robofei/Downloads/GC/install/controller:/opt/ros/foxy /usr/bin/cmake --install /home/robofei/Downloads/GC/build/messages
[1.055s] -- Install configuration: ""
[1.055s] -- Up-to-date: /home/robofei/Downloads/GC/install/messages/share/ament_index/resource_index/rosidl_interfaces/messages
[1.055s] -- Up-to-date: /home/robofei/Downloads/GC/install/messages/include/messages
[1.056s] -- Up-to-date: /home/robofei/Downloads/GC/install/messages/include/messages/msg
[1.056s] -- Up-to-date: /home/robofei/Downloads/GC/install/messages/include/messages/msg/detail
[1.056s] -- Up-to-date: /home/robofei/Downloads/GC/install/messages/include/messages/msg/detail/humanoid_league_msgs__struct.h
[1.056s] -- Up-to-date: /home/robofei/Downloads/GC/install/messages/include/messages/msg/detail/humanoid_league_msgs__functions.h
[1.056s] -- Up-to-date: /home/robofei/Downloads/GC/install/messages/include/messages/msg/detail/humanoid_league_msgs__functions.c
[1.056s] -- Up-to-date: /home/robofei/Downloads/GC/install/messages/include/messages/msg/detail/humanoid_league_msgs__type_support.h
[1.057s] -- Up-to-date: /home/robofei/Downloads/GC/install/messages/include/messages/msg/rosidl_generator_c__visibility_control.h
[1.057s] -- Up-to-date: /home/robofei/Downloads/GC/install/messages/include/messages/msg/humanoid_league_msgs.h
[1.057s] -- Up-to-date: /home/robofei/Downloads/GC/install/messages/share/messages/environment/library_path.sh
[1.058s] -- Up-to-date: /home/robofei/Downloads/GC/install/messages/share/messages/environment/library_path.dsv
[1.058s] -- Up-to-date: /home/robofei/Downloads/GC/install/messages/lib/libmessages__rosidl_generator_c.so
[1.058s] -- Up-to-date: /home/robofei/Downloads/GC/install/messages/include/messages
[1.058s] -- Up-to-date: /home/robofei/Downloads/GC/install/messages/include/messages/msg
[1.058s] -- Up-to-date: /home/robofei/Downloads/GC/install/messages/include/messages/msg/detail
[1.059s] -- Up-to-date: /home/robofei/Downloads/GC/install/messages/include/messages/msg/detail/humanoid_league_msgs__rosidl_typesupport_fastrtps_c.h
[1.059s] -- Up-to-date: /home/robofei/Downloads/GC/install/messages/include/messages/msg/rosidl_typesupport_fastrtps_c__visibility_control.h
[1.059s] -- Up-to-date: /home/robofei/Downloads/GC/install/messages/lib/libmessages__rosidl_typesupport_fastrtps_c.so
[1.059s] -- Up-to-date: /home/robofei/Downloads/GC/install/messages/include/messages
[1.059s] -- Up-to-date: /home/robofei/Downloads/GC/install/messages/include/messages/msg
[1.060s] -- Up-to-date: /home/robofei/Downloads/GC/install/messages/include/messages/msg/rosidl_typesupport_fastrtps_cpp__visibility_control.h
[1.060s] -- Up-to-date: /home/robofei/Downloads/GC/install/messages/include/messages/msg/detail
[1.060s] -- Up-to-date: /home/robofei/Downloads/GC/install/messages/include/messages/msg/detail/humanoid_league_msgs__rosidl_typesupport_fastrtps_cpp.hpp
[1.060s] -- Up-to-date: /home/robofei/Downloads/GC/install/messages/include/messages/msg/detail/dds_fastrtps
[1.061s] -- Up-to-date: /home/robofei/Downloads/GC/install/messages/lib/libmessages__rosidl_typesupport_fastrtps_cpp.so
[1.061s] -- Up-to-date: /home/robofei/Downloads/GC/install/messages/include/messages
[1.061s] -- Up-to-date: /home/robofei/Downloads/GC/install/messages/include/messages/msg
[1.061s] -- Up-to-date: /home/robofei/Downloads/GC/install/messages/include/messages/msg/detail
[1.061s] -- Up-to-date: /home/robofei/Downloads/GC/install/messages/include/messages/msg/detail/humanoid_league_msgs__type_support.c
[1.062s] -- Up-to-date: /home/robofei/Downloads/GC/install/messages/include/messages/msg/detail/humanoid_league_msgs__rosidl_typesupport_introspection_c.h
[1.062s] -- Up-to-date: /home/robofei/Downloads/GC/install/messages/include/messages/msg/rosidl_typesupport_introspection_c__visibility_control.h
[1.062s] -- Up-to-date: /home/robofei/Downloads/GC/install/messages/lib/libmessages__rosidl_typesupport_introspection_c.so
[1.063s] -- Up-to-date: /home/robofei/Downloads/GC/install/messages/lib/libmessages__rosidl_typesupport_c.so
[1.063s] -- Up-to-date: /home/robofei/Downloads/GC/install/messages/include/messages
[1.063s] -- Up-to-date: /home/robofei/Downloads/GC/install/messages/include/messages/msg
[1.063s] -- Up-to-date: /home/robofei/Downloads/GC/install/messages/include/messages/msg/detail
[1.063s] -- Up-to-date: /home/robofei/Downloads/GC/install/messages/include/messages/msg/detail/humanoid_league_msgs__struct.hpp
[1.063s] -- Up-to-date: /home/robofei/Downloads/GC/install/messages/include/messages/msg/detail/humanoid_league_msgs__traits.hpp
[1.064s] -- Up-to-date: /home/robofei/Downloads/GC/install/messages/include/messages/msg/detail/humanoid_league_msgs__builder.hpp
[1.064s] -- Up-to-date: /home/robofei/Downloads/GC/install/messages/include/messages/msg/humanoid_league_msgs.hpp
[1.064s] -- Up-to-date: /home/robofei/Downloads/GC/install/messages/include/messages
[1.064s] -- Up-to-date: /home/robofei/Downloads/GC/install/messages/include/messages/msg
[1.064s] -- Up-to-date: /home/robofei/Downloads/GC/install/messages/include/messages/msg/detail
[1.064s] -- Up-to-date: /home/robofei/Downloads/GC/install/messages/include/messages/msg/detail/humanoid_league_msgs__type_support.cpp
[1.064s] -- Up-to-date: /home/robofei/Downloads/GC/install/messages/include/messages/msg/detail/humanoid_league_msgs__rosidl_typesupport_introspection_cpp.hpp
[1.065s] -- Up-to-date: /home/robofei/Downloads/GC/install/messages/lib/libmessages__rosidl_typesupport_introspection_cpp.so
[1.065s] -- Up-to-date: /home/robofei/Downloads/GC/install/messages/lib/libmessages__rosidl_typesupport_cpp.so
[1.065s] -- Up-to-date: /home/robofei/Downloads/GC/install/messages/share/messages/environment/pythonpath.sh
[1.065s] -- Up-to-date: /home/robofei/Downloads/GC/install/messages/share/messages/environment/pythonpath.dsv
[1.065s] -- Up-to-date: /home/robofei/Downloads/GC/install/messages/lib/python3.8/site-packages/messages/__init__.py
[1.150s] -- Up-to-date: /home/robofei/Downloads/GC/install/messages/lib/python3.8/site-packages/messages/msg
[1.151s] -- Up-to-date: /home/robofei/Downloads/GC/install/messages/lib/python3.8/site-packages/messages/msg/_humanoid_league_msgs.py
[1.151s] -- Up-to-date: /home/robofei/Downloads/GC/install/messages/lib/python3.8/site-packages/messages/msg/_humanoid_league_msgs_s.c
[1.151s] -- Up-to-date: /home/robofei/Downloads/GC/install/messages/lib/python3.8/site-packages/messages/msg/__init__.py
[1.154s] -- Up-to-date: /home/robofei/Downloads/GC/install/messages/lib/python3.8/site-packages/messages/messages_s__rosidl_typesupport_fastrtps_c.cpython-38-x86_64-linux-gnu.so
[1.154s] -- Up-to-date: /home/robofei/Downloads/GC/install/messages/lib/python3.8/site-packages/messages/messages_s__rosidl_typesupport_introspection_c.cpython-38-x86_64-linux-gnu.so
[1.161s] -- Up-to-date: /home/robofei/Downloads/GC/install/messages/lib/python3.8/site-packages/messages/messages_s__rosidl_typesupport_c.cpython-38-x86_64-linux-gnu.so
[1.161s] -- Up-to-date: /home/robofei/Downloads/GC/install/messages/lib/libmessages__python.so
[1.161s] -- Up-to-date: /home/robofei/Downloads/GC/install/messages/share/messages/msg/HumanoidLeagueMsgs.idl
[1.162s] -- Up-to-date: /home/robofei/Downloads/GC/install/messages/share/messages/msg/HumanoidLeagueMsgs.msg
[1.162s] -- Up-to-date: /home/robofei/Downloads/GC/install/messages/share/ament_index/resource_index/package_run_dependencies/messages
[1.162s] -- Up-to-date: /home/robofei/Downloads/GC/install/messages/share/ament_index/resource_index/parent_prefix_path/messages
[1.162s] -- Up-to-date: /home/robofei/Downloads/GC/install/messages/share/messages/environment/ament_prefix_path.sh
[1.162s] -- Up-to-date: /home/robofei/Downloads/GC/install/messages/share/messages/environment/ament_prefix_path.dsv
[1.163s] -- Up-to-date: /home/robofei/Downloads/GC/install/messages/share/messages/environment/path.sh
[1.163s] -- Up-to-date: /home/robofei/Downloads/GC/install/messages/share/messages/environment/path.dsv
[1.163s] -- Up-to-date: /home/robofei/Downloads/GC/install/messages/share/messages/local_setup.bash
[1.163s] -- Up-to-date: /home/robofei/Downloads/GC/install/messages/share/messages/local_setup.sh
[1.163s] -- Up-to-date: /home/robofei/Downloads/GC/install/messages/share/messages/local_setup.zsh
[1.163s] -- Up-to-date: /home/robofei/Downloads/GC/install/messages/share/messages/local_setup.dsv
[1.164s] -- Installing: /home/robofei/Downloads/GC/install/messages/share/messages/package.dsv
[1.164s] -- Up-to-date: /home/robofei/Downloads/GC/install/messages/share/ament_index/resource_index/packages/messages
[1.164s] -- Up-to-date: /home/robofei/Downloads/GC/install/messages/share/messages/cmake/messages__rosidl_generator_cExport.cmake
[1.164s] -- Up-to-date: /home/robofei/Downloads/GC/install/messages/share/messages/cmake/messages__rosidl_generator_cExport-noconfig.cmake
[1.164s] -- Up-to-date: /home/robofei/Downloads/GC/install/messages/share/messages/cmake/messages__rosidl_typesupport_introspection_cExport.cmake
[1.164s] -- Up-to-date: /home/robofei/Downloads/GC/install/messages/share/messages/cmake/messages__rosidl_typesupport_introspection_cExport-noconfig.cmake
[1.165s] -- Up-to-date: /home/robofei/Downloads/GC/install/messages/share/messages/cmake/messages__rosidl_typesupport_cExport.cmake
[1.165s] -- Up-to-date: /home/robofei/Downloads/GC/install/messages/share/messages/cmake/messages__rosidl_typesupport_cExport-noconfig.cmake
[1.166s] -- Up-to-date: /home/robofei/Downloads/GC/install/messages/share/messages/cmake/messages__rosidl_generator_cppExport.cmake
[1.167s] -- Up-to-date: /home/robofei/Downloads/GC/install/messages/share/messages/cmake/messages__rosidl_typesupport_introspection_cppExport.cmake
[1.167s] -- Up-to-date: /home/robofei/Downloads/GC/install/messages/share/messages/cmake/messages__rosidl_typesupport_introspection_cppExport-noconfig.cmake
[1.168s] -- Up-to-date: /home/robofei/Downloads/GC/install/messages/share/messages/cmake/messages__rosidl_typesupport_cppExport.cmake
[1.169s] -- Up-to-date: /home/robofei/Downloads/GC/install/messages/share/messages/cmake/messages__rosidl_typesupport_cppExport-noconfig.cmake
[1.169s] -- Up-to-date: /home/robofei/Downloads/GC/install/messages/share/messages/cmake/rosidl_cmake-extras.cmake
[1.170s] -- Up-to-date: /home/robofei/Downloads/GC/install/messages/share/messages/cmake/ament_cmake_export_dependencies-extras.cmake
[1.170s] -- Up-to-date: /home/robofei/Downloads/GC/install/messages/share/messages/cmake/ament_cmake_export_libraries-extras.cmake
[1.171s] -- Up-to-date: /home/robofei/Downloads/GC/install/messages/share/messages/cmake/ament_cmake_export_targets-extras.cmake
[1.172s] -- Up-to-date: /home/robofei/Downloads/GC/install/messages/share/messages/cmake/ament_cmake_export_include_directories-extras.cmake
[1.173s] -- Up-to-date: /home/robofei/Downloads/GC/install/messages/share/messages/cmake/rosidl_cmake_export_typesupport_libraries-extras.cmake
[1.173s] -- Up-to-date: /home/robofei/Downloads/GC/install/messages/share/messages/cmake/rosidl_cmake_export_typesupport_targets-extras.cmake
[1.174s] -- Up-to-date: /home/robofei/Downloads/GC/install/messages/share/messages/cmake/messagesConfig.cmake
[1.174s] -- Up-to-date: /home/robofei/Downloads/GC/install/messages/share/messages/cmake/messagesConfig-version.cmake
[1.175s] -- Up-to-date: /home/robofei/Downloads/GC/install/messages/share/messages/package.xml
[1.187s] Invoked command in '/home/robofei/Downloads/GC/build/messages' returned '0': CMAKE_PREFIX_PATH=${CMAKE_PREFIX_PATH}:/home/robofei/Downloads/GC/install/controller:/opt/ros/foxy /usr/bin/cmake --install /home/robofei/Downloads/GC/build/messages
