[0.333s] Invoking command in '/home/robofei/ROS2/build/custom_interfaces_vision': CMAKE_PREFIX_PATH=${CMAKE_PREFIX_PATH}:/home/robofei/ROS2/install/vision_pkg:/home/robofei/ROS2/install/decision_pkg:/home/robofei/ROS2/install/controller:/opt/ros/foxy /usr/bin/cmake --build /home/robofei/ROS2/build/custom_interfaces_vision -- -j8 -l8
[0.589s] [  2%] Built target custom_interfaces_vision__cpp
[0.589s] [ 12%] Built target custom_interfaces_vision__rosidl_generator_c
[0.589s] [ 23%] Built target custom_interfaces_vision__rosidl_typesupport_cpp
[0.589s] [ 33%] Built target custom_interfaces_vision__rosidl_typesupport_introspection_cpp
[0.589s] [ 43%] Built target custom_interfaces_vision__rosidl_typesupport_fastrtps_cpp
[0.589s] [ 53%] Built target custom_interfaces_vision__rosidl_typesupport_introspection_c
[0.590s] [ 64%] Built target custom_interfaces_vision__rosidl_typesupport_c
[0.590s] [ 74%] Built target custom_interfaces_vision__rosidl_typesupport_fastrtps_c
[0.590s] [ 74%] Built target custom_interfaces_vision
[0.590s] [ 76%] Built target custom_interfaces_vision__py
[0.590s] [ 84%] Built target custom_interfaces_vision__python
[0.591s] [ 97%] Built target custom_interfaces_vision__rosidl_typesupport_fastrtps_c__pyext
[0.593s] [100%] Built target custom_interfaces_vision__rosidl_typesupport_introspection_c__pyext
[0.594s] [100%] Built target custom_interfaces_vision__rosidl_typesupport_c__pyext
[0.603s] Invoked command in '/home/robofei/ROS2/build/custom_interfaces_vision' returned '0': CMAKE_PREFIX_PATH=${CMAKE_PREFIX_PATH}:/home/robofei/ROS2/install/vision_pkg:/home/robofei/ROS2/install/decision_pkg:/home/robofei/ROS2/install/controller:/opt/ros/foxy /usr/bin/cmake --build /home/robofei/ROS2/build/custom_interfaces_vision -- -j8 -l8
[0.730s] Invoking command in '/home/robofei/ROS2/build/custom_interfaces_vision': CMAKE_PREFIX_PATH=${CMAKE_PREFIX_PATH}:/home/robofei/ROS2/install/vision_pkg:/home/robofei/ROS2/install/decision_pkg:/home/robofei/ROS2/install/controller:/opt/ros/foxy /usr/bin/cmake --install /home/robofei/ROS2/build/custom_interfaces_vision
[0.746s] -- Install configuration: ""
[0.747s] -- Execute custom install script
[0.747s] -- Up-to-date symlink: /home/robofei/ROS2/install/custom_interfaces_vision/share/ament_index/resource_index/rosidl_interfaces/custom_interfaces_vision
[0.747s] -- Up-to-date symlink: /home/robofei/ROS2/install/custom_interfaces_vision/include/custom_interfaces_vision/msg/detail/humanoid_league_msgs__functions.h
[0.748s] -- Up-to-date symlink: /home/robofei/ROS2/install/custom_interfaces_vision/include/custom_interfaces_vision/msg/detail/humanoid_league_msgs__struct.h
[0.748s] -- Up-to-date symlink: /home/robofei/ROS2/install/custom_interfaces_vision/include/custom_interfaces_vision/msg/detail/humanoid_league_msgs__type_support.h
[0.754s] -- Up-to-date symlink: /home/robofei/ROS2/install/custom_interfaces_vision/include/custom_interfaces_vision/msg/detail/set_position__functions.h
[0.754s] -- Up-to-date symlink: /home/robofei/ROS2/install/custom_interfaces_vision/include/custom_interfaces_vision/msg/detail/set_position__struct.h
[0.754s] -- Up-to-date symlink: /home/robofei/ROS2/install/custom_interfaces_vision/include/custom_interfaces_vision/msg/detail/set_position__type_support.h
[0.755s] -- Up-to-date symlink: /home/robofei/ROS2/install/custom_interfaces_vision/include/custom_interfaces_vision/msg/humanoid_league_msgs.h
[0.755s] -- Up-to-date symlink: /home/robofei/ROS2/install/custom_interfaces_vision/include/custom_interfaces_vision/msg/rosidl_generator_c__visibility_control.h
[0.756s] -- Up-to-date symlink: /home/robofei/ROS2/install/custom_interfaces_vision/include/custom_interfaces_vision/msg/set_position.h
[0.757s] -- Up-to-date symlink: /home/robofei/ROS2/install/custom_interfaces_vision/share/custom_interfaces_vision/environment/library_path.sh
[0.757s] -- Up-to-date symlink: /home/robofei/ROS2/install/custom_interfaces_vision/share/custom_interfaces_vision/environment/library_path.dsv
[0.758s] -- Up-to-date symlink: /home/robofei/ROS2/install/custom_interfaces_vision/include/custom_interfaces_vision/msg/detail/humanoid_league_msgs__rosidl_typesupport_fastrtps_c.h
[0.759s] -- Up-to-date symlink: /home/robofei/ROS2/install/custom_interfaces_vision/include/custom_interfaces_vision/msg/detail/set_position__rosidl_typesupport_fastrtps_c.h
[0.760s] -- Up-to-date symlink: /home/robofei/ROS2/install/custom_interfaces_vision/include/custom_interfaces_vision/msg/rosidl_typesupport_fastrtps_c__visibility_control.h
[0.765s] -- Up-to-date symlink: /home/robofei/ROS2/install/custom_interfaces_vision/lib/libcustom_interfaces_vision__rosidl_typesupport_fastrtps_c.so
[0.768s] -- Up-to-date symlink: /home/robofei/ROS2/install/custom_interfaces_vision/include/custom_interfaces_vision/msg/detail/humanoid_league_msgs__rosidl_typesupport_fastrtps_cpp.hpp
[0.770s] -- Up-to-date symlink: /home/robofei/ROS2/install/custom_interfaces_vision/include/custom_interfaces_vision/msg/detail/set_position__rosidl_typesupport_fastrtps_cpp.hpp
[0.771s] -- Up-to-date symlink: /home/robofei/ROS2/install/custom_interfaces_vision/include/custom_interfaces_vision/msg/rosidl_typesupport_fastrtps_cpp__visibility_control.h
[0.772s] -- Up-to-date symlink: /home/robofei/ROS2/install/custom_interfaces_vision/lib/libcustom_interfaces_vision__rosidl_typesupport_fastrtps_cpp.so
[0.777s] -- Up-to-date symlink: /home/robofei/ROS2/install/custom_interfaces_vision/include/custom_interfaces_vision/msg/detail/humanoid_league_msgs__rosidl_typesupport_introspection_c.h
[0.780s] -- Up-to-date symlink: /home/robofei/ROS2/install/custom_interfaces_vision/include/custom_interfaces_vision/msg/detail/set_position__rosidl_typesupport_introspection_c.h
[0.780s] -- Up-to-date symlink: /home/robofei/ROS2/install/custom_interfaces_vision/include/custom_interfaces_vision/msg/rosidl_typesupport_introspection_c__visibility_control.h
[0.781s] -- Up-to-date symlink: /home/robofei/ROS2/install/custom_interfaces_vision/include/custom_interfaces_vision/msg/detail/humanoid_league_msgs__builder.hpp
[0.785s] -- Up-to-date symlink: /home/robofei/ROS2/install/custom_interfaces_vision/include/custom_interfaces_vision/msg/detail/humanoid_league_msgs__struct.hpp
[0.794s] -- Up-to-date symlink: /home/robofei/ROS2/install/custom_interfaces_vision/include/custom_interfaces_vision/msg/detail/humanoid_league_msgs__traits.hpp
[0.795s] -- Up-to-date symlink: /home/robofei/ROS2/install/custom_interfaces_vision/include/custom_interfaces_vision/msg/detail/set_position__builder.hpp
[0.797s] -- Up-to-date symlink: /home/robofei/ROS2/install/custom_interfaces_vision/include/custom_interfaces_vision/msg/detail/set_position__struct.hpp
[0.797s] -- Up-to-date symlink: /home/robofei/ROS2/install/custom_interfaces_vision/include/custom_interfaces_vision/msg/detail/set_position__traits.hpp
[0.798s] -- Up-to-date symlink: /home/robofei/ROS2/install/custom_interfaces_vision/include/custom_interfaces_vision/msg/humanoid_league_msgs.hpp
[0.800s] -- Up-to-date symlink: /home/robofei/ROS2/install/custom_interfaces_vision/include/custom_interfaces_vision/msg/set_position.hpp
[0.803s] -- Up-to-date symlink: /home/robofei/ROS2/install/custom_interfaces_vision/include/custom_interfaces_vision/msg/detail/humanoid_league_msgs__rosidl_typesupport_introspection_cpp.hpp
[0.806s] -- Up-to-date symlink: /home/robofei/ROS2/install/custom_interfaces_vision/include/custom_interfaces_vision/msg/detail/set_position__rosidl_typesupport_introspection_cpp.hpp
[0.806s] -- Up-to-date symlink: /home/robofei/ROS2/install/custom_interfaces_vision/share/custom_interfaces_vision/environment/pythonpath.sh
[0.806s] -- Up-to-date symlink: /home/robofei/ROS2/install/custom_interfaces_vision/share/custom_interfaces_vision/environment/pythonpath.dsv
[0.807s] -- Up-to-date symlink: /home/robofei/ROS2/install/custom_interfaces_vision/lib/python3.8/site-packages/custom_interfaces_vision/__init__.py
[0.808s] -- Up-to-date symlink: /home/robofei/ROS2/install/custom_interfaces_vision/lib/python3.8/site-packages/custom_interfaces_vision/msg/__init__.py
[0.808s] -- Up-to-date symlink: /home/robofei/ROS2/install/custom_interfaces_vision/lib/python3.8/site-packages/custom_interfaces_vision/msg/_humanoid_league_msgs.py
[0.809s] -- Up-to-date symlink: /home/robofei/ROS2/install/custom_interfaces_vision/lib/python3.8/site-packages/custom_interfaces_vision/msg/_set_position.py
[0.809s] -- Up-to-date symlink: /home/robofei/ROS2/install/custom_interfaces_vision/lib/python3.8/site-packages/custom_interfaces_vision/custom_interfaces_vision_s__rosidl_typesupport_fastrtps_c.cpython-38-x86_64-linux-gnu.so
[0.810s] -- Up-to-date symlink: /home/robofei/ROS2/install/custom_interfaces_vision/lib/python3.8/site-packages/custom_interfaces_vision/custom_interfaces_vision_s__rosidl_typesupport_introspection_c.cpython-38-x86_64-linux-gnu.so
[0.812s] -- Up-to-date symlink: /home/robofei/ROS2/install/custom_interfaces_vision/lib/python3.8/site-packages/custom_interfaces_vision/custom_interfaces_vision_s__rosidl_typesupport_c.cpython-38-x86_64-linux-gnu.so
[0.813s] -- Up-to-date symlink: /home/robofei/ROS2/install/custom_interfaces_vision/lib/libcustom_interfaces_vision__python.so
[0.813s] -- Up-to-date symlink: /home/robofei/ROS2/install/custom_interfaces_vision/share/custom_interfaces_vision/msg/SetPosition.idl
[0.814s] -- Up-to-date symlink: /home/robofei/ROS2/install/custom_interfaces_vision/share/custom_interfaces_vision/msg/HumanoidLeagueMsgs.idl
[0.814s] -- Up-to-date symlink: /home/robofei/ROS2/install/custom_interfaces_vision/share/custom_interfaces_vision/msg/SetPosition.msg
[0.814s] -- Up-to-date symlink: /home/robofei/ROS2/install/custom_interfaces_vision/share/custom_interfaces_vision/msg/HumanoidLeagueMsgs.msg
[0.814s] -- Up-to-date symlink: /home/robofei/ROS2/install/custom_interfaces_vision/share/ament_index/resource_index/package_run_dependencies/custom_interfaces_vision
[0.815s] -- Up-to-date symlink: /home/robofei/ROS2/install/custom_interfaces_vision/share/ament_index/resource_index/parent_prefix_path/custom_interfaces_vision
[0.815s] -- Up-to-date symlink: /home/robofei/ROS2/install/custom_interfaces_vision/share/custom_interfaces_vision/environment/ament_prefix_path.sh
[0.815s] -- Up-to-date symlink: /home/robofei/ROS2/install/custom_interfaces_vision/share/custom_interfaces_vision/environment/ament_prefix_path.dsv
[0.815s] -- Up-to-date symlink: /home/robofei/ROS2/install/custom_interfaces_vision/share/custom_interfaces_vision/environment/path.sh
[0.819s] -- Up-to-date symlink: /home/robofei/ROS2/install/custom_interfaces_vision/share/custom_interfaces_vision/environment/path.dsv
[0.820s] -- Up-to-date symlink: /home/robofei/ROS2/install/custom_interfaces_vision/share/custom_interfaces_vision/local_setup.bash
[0.821s] -- Up-to-date symlink: /home/robofei/ROS2/install/custom_interfaces_vision/share/custom_interfaces_vision/local_setup.sh
[0.822s] -- Up-to-date symlink: /home/robofei/ROS2/install/custom_interfaces_vision/share/custom_interfaces_vision/local_setup.zsh
[0.823s] -- Up-to-date symlink: /home/robofei/ROS2/install/custom_interfaces_vision/share/custom_interfaces_vision/local_setup.dsv
[0.828s] -- Symlinking: /home/robofei/ROS2/install/custom_interfaces_vision/share/custom_interfaces_vision/package.dsv
[0.855s] -- Up-to-date symlink: /home/robofei/ROS2/install/custom_interfaces_vision/share/ament_index/resource_index/packages/custom_interfaces_vision
[0.855s] -- Up-to-date symlink: /home/robofei/ROS2/install/custom_interfaces_vision/share/custom_interfaces_vision/cmake/rosidl_cmake-extras.cmake
[0.857s] -- Up-to-date symlink: /home/robofei/ROS2/install/custom_interfaces_vision/share/custom_interfaces_vision/cmake/ament_cmake_export_dependencies-extras.cmake
[0.859s] -- Up-to-date symlink: /home/robofei/ROS2/install/custom_interfaces_vision/share/custom_interfaces_vision/cmake/ament_cmake_export_libraries-extras.cmake
[0.861s] -- Up-to-date symlink: /home/robofei/ROS2/install/custom_interfaces_vision/share/custom_interfaces_vision/cmake/ament_cmake_export_targets-extras.cmake
[0.869s] -- Up-to-date symlink: /home/robofei/ROS2/install/custom_interfaces_vision/share/custom_interfaces_vision/cmake/ament_cmake_export_include_directories-extras.cmake
[0.869s] -- Up-to-date symlink: /home/robofei/ROS2/install/custom_interfaces_vision/share/custom_interfaces_vision/cmake/rosidl_cmake_export_typesupport_libraries-extras.cmake
[0.870s] -- Up-to-date symlink: /home/robofei/ROS2/install/custom_interfaces_vision/share/custom_interfaces_vision/cmake/rosidl_cmake_export_typesupport_targets-extras.cmake
[0.870s] -- Up-to-date symlink: /home/robofei/ROS2/install/custom_interfaces_vision/share/custom_interfaces_vision/cmake/custom_interfaces_visionConfig.cmake
[0.870s] -- Up-to-date symlink: /home/robofei/ROS2/install/custom_interfaces_vision/share/custom_interfaces_vision/cmake/custom_interfaces_visionConfig-version.cmake
[0.870s] -- Up-to-date symlink: /home/robofei/ROS2/install/custom_interfaces_vision/share/custom_interfaces_vision/package.xml
[0.870s] -- Up-to-date: /home/robofei/ROS2/install/custom_interfaces_vision/lib/libcustom_interfaces_vision__rosidl_generator_c.so
[0.870s] -- Up-to-date: /home/robofei/ROS2/install/custom_interfaces_vision/lib/libcustom_interfaces_vision__rosidl_typesupport_introspection_c.so
[0.870s] -- Up-to-date: /home/robofei/ROS2/install/custom_interfaces_vision/lib/libcustom_interfaces_vision__rosidl_typesupport_c.so
[0.871s] -- Up-to-date: /home/robofei/ROS2/install/custom_interfaces_vision/lib/libcustom_interfaces_vision__rosidl_typesupport_introspection_cpp.so
[0.876s] -- Up-to-date: /home/robofei/ROS2/install/custom_interfaces_vision/lib/libcustom_interfaces_vision__rosidl_typesupport_cpp.so
[0.894s] -- Up-to-date: /home/robofei/ROS2/install/custom_interfaces_vision/share/custom_interfaces_vision/cmake/custom_interfaces_vision__rosidl_generator_cExport.cmake
[0.895s] -- Up-to-date: /home/robofei/ROS2/install/custom_interfaces_vision/share/custom_interfaces_vision/cmake/custom_interfaces_vision__rosidl_generator_cExport-noconfig.cmake
[0.895s] -- Up-to-date: /home/robofei/ROS2/install/custom_interfaces_vision/share/custom_interfaces_vision/cmake/custom_interfaces_vision__rosidl_typesupport_introspection_cExport.cmake
[0.897s] -- Up-to-date: /home/robofei/ROS2/install/custom_interfaces_vision/share/custom_interfaces_vision/cmake/custom_interfaces_vision__rosidl_typesupport_introspection_cExport-noconfig.cmake
[0.898s] -- Up-to-date: /home/robofei/ROS2/install/custom_interfaces_vision/share/custom_interfaces_vision/cmake/custom_interfaces_vision__rosidl_typesupport_cExport.cmake
[0.898s] -- Up-to-date: /home/robofei/ROS2/install/custom_interfaces_vision/share/custom_interfaces_vision/cmake/custom_interfaces_vision__rosidl_typesupport_cExport-noconfig.cmake
[0.899s] -- Up-to-date: /home/robofei/ROS2/install/custom_interfaces_vision/share/custom_interfaces_vision/cmake/custom_interfaces_vision__rosidl_generator_cppExport.cmake
[0.899s] -- Up-to-date: /home/robofei/ROS2/install/custom_interfaces_vision/share/custom_interfaces_vision/cmake/custom_interfaces_vision__rosidl_typesupport_introspection_cppExport.cmake
[0.900s] -- Up-to-date: /home/robofei/ROS2/install/custom_interfaces_vision/share/custom_interfaces_vision/cmake/custom_interfaces_vision__rosidl_typesupport_introspection_cppExport-noconfig.cmake
[0.900s] -- Up-to-date: /home/robofei/ROS2/install/custom_interfaces_vision/share/custom_interfaces_vision/cmake/custom_interfaces_vision__rosidl_typesupport_cppExport.cmake
[0.900s] -- Up-to-date: /home/robofei/ROS2/install/custom_interfaces_vision/share/custom_interfaces_vision/cmake/custom_interfaces_vision__rosidl_typesupport_cppExport-noconfig.cmake
[0.908s] Invoked command in '/home/robofei/ROS2/build/custom_interfaces_vision' returned '0': CMAKE_PREFIX_PATH=${CMAKE_PREFIX_PATH}:/home/robofei/ROS2/install/vision_pkg:/home/robofei/ROS2/install/decision_pkg:/home/robofei/ROS2/install/controller:/opt/ros/foxy /usr/bin/cmake --install /home/robofei/ROS2/build/custom_interfaces_vision
