[0.022s] Invoking command in '/home/robofei/ROS2/robotis_ws/build/dynamixel_sdk': CMAKE_PREFIX_PATH=${CMAKE_PREFIX_PATH}:/opt/ros/foxy /usr/bin/cmake --build /home/robofei/ROS2/robotis_ws/build/dynamixel_sdk -- -j4 -l4
[0.075s] [35m[1mScanning dependencies of target dynamixel_sdk[0m
[0.093s] [ 10%] [32mBuilding CXX object CMakeFiles/dynamixel_sdk.dir/src/dynamixel_sdk/protocol2_packet_handler.cpp.o[0m
[0.395s] [ 20%] [32m[1mLinking CXX shared library libdynamixel_sdk.so[0m
[0.558s] [100%] Built target dynamixel_sdk
[0.571s] Invoked command in '/home/robofei/ROS2/robotis_ws/build/dynamixel_sdk' returned '0': CMAKE_PREFIX_PATH=${CMAKE_PREFIX_PATH}:/opt/ros/foxy /usr/bin/cmake --build /home/robofei/ROS2/robotis_ws/build/dynamixel_sdk -- -j4 -l4
[0.619s] Invoking command in '/home/robofei/ROS2/robotis_ws/build/dynamixel_sdk': CMAKE_PREFIX_PATH=${CMAKE_PREFIX_PATH}:/opt/ros/foxy /usr/bin/cmake --install /home/robofei/ROS2/robotis_ws/build/dynamixel_sdk
[0.628s] -- Install configuration: ""
[0.629s] -- Execute custom install script
[0.630s] -- Up-to-date symlink: /home/robofei/ROS2/robotis_ws/install/dynamixel_sdk/include//dynamixel_sdk/dynamixel_sdk.h
[0.630s] -- Up-to-date symlink: /home/robofei/ROS2/robotis_ws/install/dynamixel_sdk/include//dynamixel_sdk/group_bulk_read.h
[0.630s] -- Up-to-date symlink: /home/robofei/ROS2/robotis_ws/install/dynamixel_sdk/include//dynamixel_sdk/group_bulk_write.h
[0.630s] -- Up-to-date symlink: /home/robofei/ROS2/robotis_ws/install/dynamixel_sdk/include//dynamixel_sdk/group_sync_read.h
[0.630s] -- Up-to-date symlink: /home/robofei/ROS2/robotis_ws/install/dynamixel_sdk/include//dynamixel_sdk/group_sync_write.h
[0.631s] -- Up-to-date symlink: /home/robofei/ROS2/robotis_ws/install/dynamixel_sdk/include//dynamixel_sdk/packet_handler.h
[0.631s] -- Up-to-date symlink: /home/robofei/ROS2/robotis_ws/install/dynamixel_sdk/include//dynamixel_sdk/port_handler.h
[0.631s] -- Up-to-date symlink: /home/robofei/ROS2/robotis_ws/install/dynamixel_sdk/include//dynamixel_sdk/port_handler_arduino.h
[0.631s] -- Up-to-date symlink: /home/robofei/ROS2/robotis_ws/install/dynamixel_sdk/include//dynamixel_sdk/port_handler_linux.h
[0.631s] -- Up-to-date symlink: /home/robofei/ROS2/robotis_ws/install/dynamixel_sdk/include//dynamixel_sdk/port_handler_mac.h
[0.632s] -- Up-to-date symlink: /home/robofei/ROS2/robotis_ws/install/dynamixel_sdk/include//dynamixel_sdk/port_handler_windows.h
[0.632s] -- Up-to-date symlink: /home/robofei/ROS2/robotis_ws/install/dynamixel_sdk/include//dynamixel_sdk/protocol1_packet_handler.h
[0.632s] -- Up-to-date symlink: /home/robofei/ROS2/robotis_ws/install/dynamixel_sdk/include//dynamixel_sdk/protocol2_packet_handler.h
[0.633s] -- Up-to-date symlink: /home/robofei/ROS2/robotis_ws/install/dynamixel_sdk/lib/libdynamixel_sdk.so
[0.633s] -- Up-to-date symlink: /home/robofei/ROS2/robotis_ws/install/dynamixel_sdk/share/dynamixel_sdk/environment/library_path.sh
[0.633s] -- Up-to-date symlink: /home/robofei/ROS2/robotis_ws/install/dynamixel_sdk/share/dynamixel_sdk/environment/library_path.dsv
[0.634s] -- Up-to-date symlink: /home/robofei/ROS2/robotis_ws/install/dynamixel_sdk/share/ament_index/resource_index/package_run_dependencies/dynamixel_sdk
[0.634s] -- Up-to-date symlink: /home/robofei/ROS2/robotis_ws/install/dynamixel_sdk/share/ament_index/resource_index/parent_prefix_path/dynamixel_sdk
[0.634s] -- Up-to-date symlink: /home/robofei/ROS2/robotis_ws/install/dynamixel_sdk/share/dynamixel_sdk/environment/ament_prefix_path.sh
[0.635s] -- Up-to-date symlink: /home/robofei/ROS2/robotis_ws/install/dynamixel_sdk/share/dynamixel_sdk/environment/ament_prefix_path.dsv
[0.635s] -- Up-to-date symlink: /home/robofei/ROS2/robotis_ws/install/dynamixel_sdk/share/dynamixel_sdk/environment/path.sh
[0.635s] -- Up-to-date symlink: /home/robofei/ROS2/robotis_ws/install/dynamixel_sdk/share/dynamixel_sdk/environment/path.dsv
[0.636s] -- Up-to-date symlink: /home/robofei/ROS2/robotis_ws/install/dynamixel_sdk/share/dynamixel_sdk/local_setup.bash
[0.636s] -- Up-to-date symlink: /home/robofei/ROS2/robotis_ws/install/dynamixel_sdk/share/dynamixel_sdk/local_setup.sh
[0.636s] -- Up-to-date symlink: /home/robofei/ROS2/robotis_ws/install/dynamixel_sdk/share/dynamixel_sdk/local_setup.zsh
[0.637s] -- Up-to-date symlink: /home/robofei/ROS2/robotis_ws/install/dynamixel_sdk/share/dynamixel_sdk/local_setup.dsv
[0.637s] -- Symlinking: /home/robofei/ROS2/robotis_ws/install/dynamixel_sdk/share/dynamixel_sdk/package.dsv
[0.647s] -- Up-to-date symlink: /home/robofei/ROS2/robotis_ws/install/dynamixel_sdk/share/ament_index/resource_index/packages/dynamixel_sdk
[0.648s] -- Up-to-date symlink: /home/robofei/ROS2/robotis_ws/install/dynamixel_sdk/share/dynamixel_sdk/cmake/ament_cmake_export_include_directories-extras.cmake
[0.648s] -- Up-to-date symlink: /home/robofei/ROS2/robotis_ws/install/dynamixel_sdk/share/dynamixel_sdk/cmake/ament_cmake_export_libraries-extras.cmake
[0.648s] -- Up-to-date symlink: /home/robofei/ROS2/robotis_ws/install/dynamixel_sdk/share/dynamixel_sdk/cmake/dynamixel_sdkConfig.cmake
[0.648s] -- Up-to-date symlink: /home/robofei/ROS2/robotis_ws/install/dynamixel_sdk/share/dynamixel_sdk/cmake/dynamixel_sdkConfig-version.cmake
[0.649s] -- Up-to-date symlink: /home/robofei/ROS2/robotis_ws/install/dynamixel_sdk/share/dynamixel_sdk/package.xml
[0.652s] Invoked command in '/home/robofei/ROS2/robotis_ws/build/dynamixel_sdk' returned '0': CMAKE_PREFIX_PATH=${CMAKE_PREFIX_PATH}:/opt/ros/foxy /usr/bin/cmake --install /home/robofei/ROS2/robotis_ws/build/dynamixel_sdk
