[01m[K/home/robofei/robotis_ws/src/DynamixelSDK/dynamixel_sdk_examples/src/minimal_pub.cpp:36:3:[m[K [01;31m[Kerror: [m[K‘[01m[Kmessage[m[K’ does not name a type
   36 |   [01;31m[Kmessage[m[K.id = {2, 4, 6};
      |   [01;31m[K^~~~~~~[m[K
[01m[K/home/robofei/robotis_ws/src/DynamixelSDK/dynamixel_sdk_examples/src/minimal_pub.cpp:36:25:[m[K [01;35m[Kwarning: [m[Kextra ‘[01m[K;[m[K’ [[01;35m[K-Wpedantic[m[K]
   36 |   message.id = {2, 4, 6}[01;35m[K;[m[K
      |                         [01;35m[K^[m[K
      |                         [31m[K-[m[K
[01m[K/home/robofei/robotis_ws/src/DynamixelSDK/dynamixel_sdk_examples/src/minimal_pub.cpp:37:3:[m[K [01;31m[Kerror: [m[K‘[01m[Kmessage[m[K’ does not name a type
   37 |   [01;31m[Kmessage[m[K.position = {2048, 2047, 2049};
      |   [01;31m[K^~~~~~~[m[K
[01m[K/home/robofei/robotis_ws/src/DynamixelSDK/dynamixel_sdk_examples/src/minimal_pub.cpp:37:40:[m[K [01;35m[Kwarning: [m[Kextra ‘[01m[K;[m[K’ [[01;35m[K-Wpedantic[m[K]
   37 |   message.position = {2048, 2047, 2049}[01;35m[K;[m[K
      |                                        [01;35m[K^[m[K
      |                                        [31m[K-[m[K
[01m[K/home/robofei/robotis_ws/src/DynamixelSDK/dynamixel_sdk_examples/src/minimal_pub.cpp:38:3:[m[K [01;31m[Kerror: [m[K‘[01m[Kpublisher_[m[K’ does not name a type; did you mean ‘[01m[Krcl_publisher_t[m[K’?
   38 |   [01;31m[Kpublisher_[m[K->publish(message);
      |   [01;31m[K^~~~~~~~~~[m[K
      |   [32m[Krcl_publisher_t[m[K
make[2]: *** [CMakeFiles/minimal_pub.dir/build.make:63: CMakeFiles/minimal_pub.dir/src/minimal_pub.cpp.o] Error 1
make[1]: *** [CMakeFiles/Makefile2:80: CMakeFiles/minimal_pub.dir/all] Error 2
make: *** [Makefile:141: all] Error 2
