[2.927s] Invoking command in '/home/robofei/ROS2/build/controller': PYTHONPATH=/home/robofei/ROS2/install/controller/lib/python3.8/site-packages:${PYTHONPATH} /usr/bin/python3 setup.py develop --prefix /home/robofei/ROS2/install/controller --editable --build-directory /home/robofei/ROS2/build/controller/build --no-deps install_data --install-dir /home/robofei/ROS2/install/controller
[4.729s] running develop
[5.985s] running egg_info
[5.985s] creating controller.egg-info
[5.986s] writing controller.egg-info/PKG-INFO
[5.986s] writing dependency_links to controller.egg-info/dependency_links.txt
[5.987s] writing entry points to controller.egg-info/entry_points.txt
[5.989s] writing requirements to controller.egg-info/requires.txt
[5.989s] writing top-level names to controller.egg-info/top_level.txt
[5.994s] writing manifest file 'controller.egg-info/SOURCES.txt'
[6.278s] reading manifest file 'controller.egg-info/SOURCES.txt'
[6.280s] writing manifest file 'controller.egg-info/SOURCES.txt'
[6.529s] running build_ext
[6.547s] Creating /home/robofei/ROS2/install/controller/lib/python3.8/site-packages/site.py
[6.551s] Creating /home/robofei/ROS2/install/controller/lib/python3.8/site-packages/controller.egg-link (link to .)
[6.558s] Installing talker script to /home/robofei/ROS2/install/controller/lib/controller
[6.559s] 
[6.566s] Installed /home/robofei/ROS2/build/controller
[6.567s] running install_data
[6.567s] creating /home/robofei/ROS2/install/controller/share/ament_index
[6.568s] creating /home/robofei/ROS2/install/controller/share/ament_index/resource_index
[6.568s] creating /home/robofei/ROS2/install/controller/share/ament_index/resource_index/packages
[6.569s] copying resource/controller -> /home/robofei/ROS2/install/controller/share/ament_index/resource_index/packages
[6.574s] copying package.xml -> /home/robofei/ROS2/install/controller/share/controller
[6.772s] Invoked command in '/home/robofei/ROS2/build/controller' returned '0': PYTHONPATH=/home/robofei/ROS2/install/controller/lib/python3.8/site-packages:${PYTHONPATH} /usr/bin/python3 setup.py develop --prefix /home/robofei/ROS2/install/controller --editable --build-directory /home/robofei/ROS2/build/controller/build --no-deps install_data --install-dir /home/robofei/ROS2/install/controller
