[0.068s] Invoking command in '/home/robofei/ROS2/build/custom_interfaces': CMAKE_PREFIX_PATH=${CMAKE_PREFIX_PATH}:/home/robofei/ROS2/install/vision_pkg:/home/robofei/ROS2/install/decision_pkg:/home/robofei/ROS2/install/controller:/opt/ros/foxy /usr/bin/cmake --build /home/robofei/ROS2/build/custom_interfaces -- -j8 -l8
[0.612s] [  2%] Built target custom_interfaces__cpp
[0.612s] [ 12%] Built target custom_interfaces__rosidl_generator_c
[0.613s] [ 23%] Built target custom_interfaces__rosidl_typesupport_introspection_cpp
[0.613s] [ 34%] Built target custom_interfaces__rosidl_typesupport_cpp
[0.613s] [ 44%] Built target custom_interfaces__rosidl_typesupport_c
[0.614s] [ 55%] Built target custom_interfaces__rosidl_typesupport_fastrtps_cpp
[0.615s] [ 65%] Built target custom_interfaces__rosidl_typesupport_introspection_c
[0.615s] [ 76%] Built target custom_interfaces__rosidl_typesupport_fastrtps_c
[0.615s] [ 76%] Built target custom_interfaces
[0.616s] [ 78%] Built target custom_interfaces__py
[0.616s] [ 87%] Built target custom_interfaces__python
[0.617s] [ 91%] Built target custom_interfaces__rosidl_typesupport_fastrtps_c__pyext
[0.618s] [ 95%] Built target custom_interfaces__rosidl_typesupport_c__pyext
[0.619s] [100%] Built target custom_interfaces__rosidl_typesupport_introspection_c__pyext
[0.633s] Invoked command in '/home/robofei/ROS2/build/custom_interfaces' returned '0': CMAKE_PREFIX_PATH=${CMAKE_PREFIX_PATH}:/home/robofei/ROS2/install/vision_pkg:/home/robofei/ROS2/install/decision_pkg:/home/robofei/ROS2/install/controller:/opt/ros/foxy /usr/bin/cmake --build /home/robofei/ROS2/build/custom_interfaces -- -j8 -l8
[0.763s] Invoking command in '/home/robofei/ROS2/build/custom_interfaces': CMAKE_PREFIX_PATH=${CMAKE_PREFIX_PATH}:/home/robofei/ROS2/install/vision_pkg:/home/robofei/ROS2/install/decision_pkg:/home/robofei/ROS2/install/controller:/opt/ros/foxy /usr/bin/cmake --install /home/robofei/ROS2/build/custom_interfaces
[0.782s] -- Install configuration: ""
[0.783s] -- Execute custom install script
[0.783s] -- Up-to-date symlink: /home/robofei/ROS2/install/custom_interfaces/share/ament_index/resource_index/rosidl_interfaces/custom_interfaces
[0.783s] -- Up-to-date symlink: /home/robofei/ROS2/install/custom_interfaces/include/custom_interfaces/msg/detail/humanoid_league_msgs__functions.h
[0.783s] -- Up-to-date symlink: /home/robofei/ROS2/install/custom_interfaces/include/custom_interfaces/msg/detail/humanoid_league_msgs__struct.h
[0.783s] -- Up-to-date symlink: /home/robofei/ROS2/install/custom_interfaces/include/custom_interfaces/msg/detail/humanoid_league_msgs__type_support.h
[0.784s] -- Up-to-date symlink: /home/robofei/ROS2/install/custom_interfaces/include/custom_interfaces/msg/detail/set_position__functions.h
[0.784s] -- Up-to-date symlink: /home/robofei/ROS2/install/custom_interfaces/include/custom_interfaces/msg/detail/set_position__struct.h
[0.785s] -- Up-to-date symlink: /home/robofei/ROS2/install/custom_interfaces/include/custom_interfaces/msg/detail/set_position__type_support.h
[0.785s] -- Up-to-date symlink: /home/robofei/ROS2/install/custom_interfaces/include/custom_interfaces/msg/detail/vision__functions.h
[0.785s] -- Up-to-date symlink: /home/robofei/ROS2/install/custom_interfaces/include/custom_interfaces/msg/detail/vision__struct.h
[0.785s] -- Up-to-date symlink: /home/robofei/ROS2/install/custom_interfaces/include/custom_interfaces/msg/detail/vision__type_support.h
[0.785s] -- Up-to-date symlink: /home/robofei/ROS2/install/custom_interfaces/include/custom_interfaces/msg/humanoid_league_msgs.h
[0.786s] -- Up-to-date symlink: /home/robofei/ROS2/install/custom_interfaces/include/custom_interfaces/msg/rosidl_generator_c__visibility_control.h
[0.786s] -- Up-to-date symlink: /home/robofei/ROS2/install/custom_interfaces/include/custom_interfaces/msg/set_position.h
[0.786s] -- Up-to-date symlink: /home/robofei/ROS2/install/custom_interfaces/include/custom_interfaces/msg/vision.h
[0.786s] -- Up-to-date symlink: /home/robofei/ROS2/install/custom_interfaces/share/custom_interfaces/environment/library_path.sh
[0.787s] -- Up-to-date symlink: /home/robofei/ROS2/install/custom_interfaces/share/custom_interfaces/environment/library_path.dsv
[0.787s] -- Up-to-date symlink: /home/robofei/ROS2/install/custom_interfaces/include/custom_interfaces/msg/detail/humanoid_league_msgs__rosidl_typesupport_fastrtps_c.h
[0.787s] -- Up-to-date symlink: /home/robofei/ROS2/install/custom_interfaces/include/custom_interfaces/msg/detail/set_position__rosidl_typesupport_fastrtps_c.h
[0.787s] -- Up-to-date symlink: /home/robofei/ROS2/install/custom_interfaces/include/custom_interfaces/msg/detail/vision__rosidl_typesupport_fastrtps_c.h
[0.788s] -- Up-to-date symlink: /home/robofei/ROS2/install/custom_interfaces/include/custom_interfaces/msg/rosidl_typesupport_fastrtps_c__visibility_control.h
[0.788s] -- Up-to-date symlink: /home/robofei/ROS2/install/custom_interfaces/lib/libcustom_interfaces__rosidl_typesupport_fastrtps_c.so
[0.788s] -- Up-to-date symlink: /home/robofei/ROS2/install/custom_interfaces/include/custom_interfaces/msg/detail/humanoid_league_msgs__rosidl_typesupport_fastrtps_cpp.hpp
[0.789s] -- Up-to-date symlink: /home/robofei/ROS2/install/custom_interfaces/include/custom_interfaces/msg/detail/set_position__rosidl_typesupport_fastrtps_cpp.hpp
[0.789s] -- Up-to-date symlink: /home/robofei/ROS2/install/custom_interfaces/include/custom_interfaces/msg/detail/vision__rosidl_typesupport_fastrtps_cpp.hpp
[0.789s] -- Up-to-date symlink: /home/robofei/ROS2/install/custom_interfaces/include/custom_interfaces/msg/rosidl_typesupport_fastrtps_cpp__visibility_control.h
[0.789s] -- Up-to-date symlink: /home/robofei/ROS2/install/custom_interfaces/lib/libcustom_interfaces__rosidl_typesupport_fastrtps_cpp.so
[0.789s] -- Up-to-date symlink: /home/robofei/ROS2/install/custom_interfaces/include/custom_interfaces/msg/detail/humanoid_league_msgs__rosidl_typesupport_introspection_c.h
[0.790s] -- Up-to-date symlink: /home/robofei/ROS2/install/custom_interfaces/include/custom_interfaces/msg/detail/set_position__rosidl_typesupport_introspection_c.h
[0.791s] -- Up-to-date symlink: /home/robofei/ROS2/install/custom_interfaces/include/custom_interfaces/msg/detail/vision__rosidl_typesupport_introspection_c.h
[0.792s] -- Up-to-date symlink: /home/robofei/ROS2/install/custom_interfaces/include/custom_interfaces/msg/rosidl_typesupport_introspection_c__visibility_control.h
[0.793s] -- Up-to-date symlink: /home/robofei/ROS2/install/custom_interfaces/include/custom_interfaces/msg/detail/humanoid_league_msgs__builder.hpp
[0.794s] -- Up-to-date symlink: /home/robofei/ROS2/install/custom_interfaces/include/custom_interfaces/msg/detail/humanoid_league_msgs__struct.hpp
[0.797s] -- Up-to-date symlink: /home/robofei/ROS2/install/custom_interfaces/include/custom_interfaces/msg/detail/humanoid_league_msgs__traits.hpp
[0.798s] -- Up-to-date symlink: /home/robofei/ROS2/install/custom_interfaces/include/custom_interfaces/msg/detail/set_position__builder.hpp
[0.798s] -- Up-to-date symlink: /home/robofei/ROS2/install/custom_interfaces/include/custom_interfaces/msg/detail/set_position__struct.hpp
[0.798s] -- Up-to-date symlink: /home/robofei/ROS2/install/custom_interfaces/include/custom_interfaces/msg/detail/set_position__traits.hpp
[0.799s] -- Up-to-date symlink: /home/robofei/ROS2/install/custom_interfaces/include/custom_interfaces/msg/detail/vision__builder.hpp
[0.799s] -- Up-to-date symlink: /home/robofei/ROS2/install/custom_interfaces/include/custom_interfaces/msg/detail/vision__struct.hpp
[0.799s] -- Up-to-date symlink: /home/robofei/ROS2/install/custom_interfaces/include/custom_interfaces/msg/detail/vision__traits.hpp
[0.799s] -- Up-to-date symlink: /home/robofei/ROS2/install/custom_interfaces/include/custom_interfaces/msg/humanoid_league_msgs.hpp
[0.800s] -- Up-to-date symlink: /home/robofei/ROS2/install/custom_interfaces/include/custom_interfaces/msg/set_position.hpp
[0.800s] -- Up-to-date symlink: /home/robofei/ROS2/install/custom_interfaces/include/custom_interfaces/msg/vision.hpp
[0.801s] -- Up-to-date symlink: /home/robofei/ROS2/install/custom_interfaces/include/custom_interfaces/msg/detail/humanoid_league_msgs__rosidl_typesupport_introspection_cpp.hpp
[0.801s] -- Up-to-date symlink: /home/robofei/ROS2/install/custom_interfaces/include/custom_interfaces/msg/detail/set_position__rosidl_typesupport_introspection_cpp.hpp
[0.801s] -- Up-to-date symlink: /home/robofei/ROS2/install/custom_interfaces/include/custom_interfaces/msg/detail/vision__rosidl_typesupport_introspection_cpp.hpp
[0.802s] -- Up-to-date symlink: /home/robofei/ROS2/install/custom_interfaces/share/custom_interfaces/environment/pythonpath.sh
[0.803s] -- Up-to-date symlink: /home/robofei/ROS2/install/custom_interfaces/share/custom_interfaces/environment/pythonpath.dsv
[0.803s] -- Up-to-date symlink: /home/robofei/ROS2/install/custom_interfaces/lib/python3.8/site-packages/custom_interfaces/__init__.py
[0.804s] -- Up-to-date symlink: /home/robofei/ROS2/install/custom_interfaces/lib/python3.8/site-packages/custom_interfaces/msg/__init__.py
[0.805s] -- Up-to-date symlink: /home/robofei/ROS2/install/custom_interfaces/lib/python3.8/site-packages/custom_interfaces/msg/_humanoid_league_msgs.py
[0.805s] -- Up-to-date symlink: /home/robofei/ROS2/install/custom_interfaces/lib/python3.8/site-packages/custom_interfaces/msg/_set_position.py
[0.805s] -- Up-to-date symlink: /home/robofei/ROS2/install/custom_interfaces/lib/python3.8/site-packages/custom_interfaces/msg/_vision.py
[0.812s] -- Up-to-date symlink: /home/robofei/ROS2/install/custom_interfaces/lib/python3.8/site-packages/custom_interfaces/custom_interfaces_s__rosidl_typesupport_fastrtps_c.cpython-38-x86_64-linux-gnu.so
[0.812s] -- Up-to-date symlink: /home/robofei/ROS2/install/custom_interfaces/lib/python3.8/site-packages/custom_interfaces/custom_interfaces_s__rosidl_typesupport_introspection_c.cpython-38-x86_64-linux-gnu.so
[0.813s] -- Up-to-date symlink: /home/robofei/ROS2/install/custom_interfaces/lib/python3.8/site-packages/custom_interfaces/custom_interfaces_s__rosidl_typesupport_c.cpython-38-x86_64-linux-gnu.so
[0.815s] -- Up-to-date symlink: /home/robofei/ROS2/install/custom_interfaces/lib/libcustom_interfaces__python.so
[0.823s] -- Up-to-date symlink: /home/robofei/ROS2/install/custom_interfaces/share/custom_interfaces/msg/SetPosition.idl
[0.824s] -- Up-to-date symlink: /home/robofei/ROS2/install/custom_interfaces/share/custom_interfaces/msg/Vision.idl
[0.825s] -- Up-to-date symlink: /home/robofei/ROS2/install/custom_interfaces/share/custom_interfaces/msg/HumanoidLeagueMsgs.idl
[0.825s] -- Up-to-date symlink: /home/robofei/ROS2/install/custom_interfaces/share/custom_interfaces/msg/SetPosition.msg
[0.826s] -- Up-to-date symlink: /home/robofei/ROS2/install/custom_interfaces/share/custom_interfaces/msg/Vision.msg
[0.827s] -- Up-to-date symlink: /home/robofei/ROS2/install/custom_interfaces/share/custom_interfaces/msg/HumanoidLeagueMsgs.msg
[0.827s] -- Up-to-date symlink: /home/robofei/ROS2/install/custom_interfaces/share/ament_index/resource_index/package_run_dependencies/custom_interfaces
[0.829s] -- Up-to-date symlink: /home/robofei/ROS2/install/custom_interfaces/share/ament_index/resource_index/parent_prefix_path/custom_interfaces
[0.829s] -- Up-to-date symlink: /home/robofei/ROS2/install/custom_interfaces/share/custom_interfaces/environment/ament_prefix_path.sh
[0.830s] -- Up-to-date symlink: /home/robofei/ROS2/install/custom_interfaces/share/custom_interfaces/environment/ament_prefix_path.dsv
[0.830s] -- Up-to-date symlink: /home/robofei/ROS2/install/custom_interfaces/share/custom_interfaces/environment/path.sh
[0.830s] -- Up-to-date symlink: /home/robofei/ROS2/install/custom_interfaces/share/custom_interfaces/environment/path.dsv
[0.833s] -- Up-to-date symlink: /home/robofei/ROS2/install/custom_interfaces/share/custom_interfaces/local_setup.bash
[0.835s] -- Up-to-date symlink: /home/robofei/ROS2/install/custom_interfaces/share/custom_interfaces/local_setup.sh
[0.837s] -- Up-to-date symlink: /home/robofei/ROS2/install/custom_interfaces/share/custom_interfaces/local_setup.zsh
[0.838s] -- Up-to-date symlink: /home/robofei/ROS2/install/custom_interfaces/share/custom_interfaces/local_setup.dsv
[0.840s] -- Symlinking: /home/robofei/ROS2/install/custom_interfaces/share/custom_interfaces/package.dsv
[0.851s] -- Up-to-date symlink: /home/robofei/ROS2/install/custom_interfaces/share/ament_index/resource_index/packages/custom_interfaces
[0.852s] -- Up-to-date symlink: /home/robofei/ROS2/install/custom_interfaces/share/custom_interfaces/cmake/rosidl_cmake-extras.cmake
[0.852s] -- Up-to-date symlink: /home/robofei/ROS2/install/custom_interfaces/share/custom_interfaces/cmake/ament_cmake_export_dependencies-extras.cmake
[0.852s] -- Up-to-date symlink: /home/robofei/ROS2/install/custom_interfaces/share/custom_interfaces/cmake/ament_cmake_export_libraries-extras.cmake
[0.852s] -- Up-to-date symlink: /home/robofei/ROS2/install/custom_interfaces/share/custom_interfaces/cmake/ament_cmake_export_targets-extras.cmake
[0.852s] -- Up-to-date symlink: /home/robofei/ROS2/install/custom_interfaces/share/custom_interfaces/cmake/ament_cmake_export_include_directories-extras.cmake
[0.852s] -- Up-to-date symlink: /home/robofei/ROS2/install/custom_interfaces/share/custom_interfaces/cmake/rosidl_cmake_export_typesupport_libraries-extras.cmake
[0.852s] -- Up-to-date symlink: /home/robofei/ROS2/install/custom_interfaces/share/custom_interfaces/cmake/rosidl_cmake_export_typesupport_targets-extras.cmake
[0.853s] -- Up-to-date symlink: /home/robofei/ROS2/install/custom_interfaces/share/custom_interfaces/cmake/custom_interfacesConfig.cmake
[0.853s] -- Up-to-date symlink: /home/robofei/ROS2/install/custom_interfaces/share/custom_interfaces/cmake/custom_interfacesConfig-version.cmake
[0.853s] -- Up-to-date symlink: /home/robofei/ROS2/install/custom_interfaces/share/custom_interfaces/package.xml
[0.853s] -- Up-to-date: /home/robofei/ROS2/install/custom_interfaces/lib/libcustom_interfaces__rosidl_generator_c.so
[0.853s] -- Up-to-date: /home/robofei/ROS2/install/custom_interfaces/lib/libcustom_interfaces__rosidl_typesupport_introspection_c.so
[0.853s] -- Up-to-date: /home/robofei/ROS2/install/custom_interfaces/lib/libcustom_interfaces__rosidl_typesupport_c.so
[0.853s] -- Up-to-date: /home/robofei/ROS2/install/custom_interfaces/lib/libcustom_interfaces__rosidl_typesupport_introspection_cpp.so
[0.853s] -- Up-to-date: /home/robofei/ROS2/install/custom_interfaces/lib/libcustom_interfaces__rosidl_typesupport_cpp.so
[0.874s] -- Up-to-date: /home/robofei/ROS2/install/custom_interfaces/share/custom_interfaces/cmake/custom_interfaces__rosidl_generator_cExport.cmake
[0.877s] -- Up-to-date: /home/robofei/ROS2/install/custom_interfaces/share/custom_interfaces/cmake/custom_interfaces__rosidl_generator_cExport-noconfig.cmake
[0.877s] -- Up-to-date: /home/robofei/ROS2/install/custom_interfaces/share/custom_interfaces/cmake/custom_interfaces__rosidl_typesupport_introspection_cExport.cmake
[0.878s] -- Up-to-date: /home/robofei/ROS2/install/custom_interfaces/share/custom_interfaces/cmake/custom_interfaces__rosidl_typesupport_introspection_cExport-noconfig.cmake
[0.878s] -- Up-to-date: /home/robofei/ROS2/install/custom_interfaces/share/custom_interfaces/cmake/custom_interfaces__rosidl_typesupport_cExport.cmake
[0.879s] -- Up-to-date: /home/robofei/ROS2/install/custom_interfaces/share/custom_interfaces/cmake/custom_interfaces__rosidl_typesupport_cExport-noconfig.cmake
[0.879s] -- Up-to-date: /home/robofei/ROS2/install/custom_interfaces/share/custom_interfaces/cmake/custom_interfaces__rosidl_generator_cppExport.cmake
[0.881s] -- Up-to-date: /home/robofei/ROS2/install/custom_interfaces/share/custom_interfaces/cmake/custom_interfaces__rosidl_typesupport_introspection_cppExport.cmake
[0.881s] -- Up-to-date: /home/robofei/ROS2/install/custom_interfaces/share/custom_interfaces/cmake/custom_interfaces__rosidl_typesupport_introspection_cppExport-noconfig.cmake
[0.882s] -- Up-to-date: /home/robofei/ROS2/install/custom_interfaces/share/custom_interfaces/cmake/custom_interfaces__rosidl_typesupport_cppExport.cmake
[0.882s] -- Up-to-date: /home/robofei/ROS2/install/custom_interfaces/share/custom_interfaces/cmake/custom_interfaces__rosidl_typesupport_cppExport-noconfig.cmake
[0.893s] Invoked command in '/home/robofei/ROS2/build/custom_interfaces' returned '0': CMAKE_PREFIX_PATH=${CMAKE_PREFIX_PATH}:/home/robofei/ROS2/install/vision_pkg:/home/robofei/ROS2/install/decision_pkg:/home/robofei/ROS2/install/controller:/opt/ros/foxy /usr/bin/cmake --install /home/robofei/ROS2/build/custom_interfaces
