[0.019s] Invoking command in '/home/robofei/ROS2/robotis_ws/build/dynamixel_sdk': CMAKE_PREFIX_PATH=/opt/ros/foxy /usr/bin/cmake --build /home/robofei/ROS2/robotis_ws/build/dynamixel_sdk -- -j4 -l4
[0.065s] [35m[1mScanning dependencies of target dynamixel_sdk[0m
[0.077s] [ 10%] [32mBuilding CXX object CMakeFiles/dynamixel_sdk.dir/src/dynamixel_sdk/protocol2_packet_handler.cpp.o[0m
[0.366s] [ 20%] [32m[1mLinking CXX shared library libdynamixel_sdk.so[0m
[0.478s] [100%] Built target dynamixel_sdk
[0.509s] Invoked command in '/home/robofei/ROS2/robotis_ws/build/dynamixel_sdk' returned '0': CMAKE_PREFIX_PATH=/opt/ros/foxy /usr/bin/cmake --build /home/robofei/ROS2/robotis_ws/build/dynamixel_sdk -- -j4 -l4
[0.552s] Invoking command in '/home/robofei/ROS2/robotis_ws/build/dynamixel_sdk': CMAKE_PREFIX_PATH=/opt/ros/foxy /usr/bin/cmake --install /home/robofei/ROS2/robotis_ws/build/dynamixel_sdk
[0.562s] -- Install configuration: ""
[0.562s] -- Execute custom install script
[0.563s] -- Up-to-date symlink: /home/robofei/ROS2/robotis_ws/install/dynamixel_sdk/include//dynamixel_sdk/dynamixel_sdk.h
[0.563s] -- Up-to-date symlink: /home/robofei/ROS2/robotis_ws/install/dynamixel_sdk/include//dynamixel_sdk/group_bulk_read.h
[0.564s] -- Up-to-date symlink: /home/robofei/ROS2/robotis_ws/install/dynamixel_sdk/include//dynamixel_sdk/group_bulk_write.h
[0.564s] -- Up-to-date symlink: /home/robofei/ROS2/robotis_ws/install/dynamixel_sdk/include//dynamixel_sdk/group_sync_read.h
[0.564s] -- Up-to-date symlink: /home/robofei/ROS2/robotis_ws/install/dynamixel_sdk/include//dynamixel_sdk/group_sync_write.h
[0.564s] -- Up-to-date symlink: /home/robofei/ROS2/robotis_ws/install/dynamixel_sdk/include//dynamixel_sdk/packet_handler.h
[0.564s] -- Up-to-date symlink: /home/robofei/ROS2/robotis_ws/install/dynamixel_sdk/include//dynamixel_sdk/port_handler.h
[0.565s] -- Up-to-date symlink: /home/robofei/ROS2/robotis_ws/install/dynamixel_sdk/include//dynamixel_sdk/port_handler_arduino.h
[0.565s] -- Up-to-date symlink: /home/robofei/ROS2/robotis_ws/install/dynamixel_sdk/include//dynamixel_sdk/port_handler_linux.h
[0.565s] -- Up-to-date symlink: /home/robofei/ROS2/robotis_ws/install/dynamixel_sdk/include//dynamixel_sdk/port_handler_mac.h
[0.565s] -- Up-to-date symlink: /home/robofei/ROS2/robotis_ws/install/dynamixel_sdk/include//dynamixel_sdk/port_handler_windows.h
[0.565s] -- Up-to-date symlink: /home/robofei/ROS2/robotis_ws/install/dynamixel_sdk/include//dynamixel_sdk/protocol1_packet_handler.h
[0.566s] -- Up-to-date symlink: /home/robofei/ROS2/robotis_ws/install/dynamixel_sdk/include//dynamixel_sdk/protocol2_packet_handler.h
[0.566s] -- Up-to-date symlink: /home/robofei/ROS2/robotis_ws/install/dynamixel_sdk/lib/libdynamixel_sdk.so
[0.566s] -- Up-to-date symlink: /home/robofei/ROS2/robotis_ws/install/dynamixel_sdk/share/dynamixel_sdk/environment/library_path.sh
[0.567s] -- Up-to-date symlink: /home/robofei/ROS2/robotis_ws/install/dynamixel_sdk/share/dynamixel_sdk/environment/library_path.dsv
[0.567s] -- Up-to-date symlink: /home/robofei/ROS2/robotis_ws/install/dynamixel_sdk/share/ament_index/resource_index/package_run_dependencies/dynamixel_sdk
[0.567s] -- Up-to-date symlink: /home/robofei/ROS2/robotis_ws/install/dynamixel_sdk/share/ament_index/resource_index/parent_prefix_path/dynamixel_sdk
[0.568s] -- Up-to-date symlink: /home/robofei/ROS2/robotis_ws/install/dynamixel_sdk/share/dynamixel_sdk/environment/ament_prefix_path.sh
[0.568s] -- Up-to-date symlink: /home/robofei/ROS2/robotis_ws/install/dynamixel_sdk/share/dynamixel_sdk/environment/ament_prefix_path.dsv
[0.568s] -- Up-to-date symlink: /home/robofei/ROS2/robotis_ws/install/dynamixel_sdk/share/dynamixel_sdk/environment/path.sh
[0.569s] -- Up-to-date symlink: /home/robofei/ROS2/robotis_ws/install/dynamixel_sdk/share/dynamixel_sdk/environment/path.dsv
[0.569s] -- Up-to-date symlink: /home/robofei/ROS2/robotis_ws/install/dynamixel_sdk/share/dynamixel_sdk/local_setup.bash
[0.569s] -- Up-to-date symlink: /home/robofei/ROS2/robotis_ws/install/dynamixel_sdk/share/dynamixel_sdk/local_setup.sh
[0.570s] -- Up-to-date symlink: /home/robofei/ROS2/robotis_ws/install/dynamixel_sdk/share/dynamixel_sdk/local_setup.zsh
[0.570s] -- Up-to-date symlink: /home/robofei/ROS2/robotis_ws/install/dynamixel_sdk/share/dynamixel_sdk/local_setup.dsv
[0.570s] -- Up-to-date symlink: /home/robofei/ROS2/robotis_ws/install/dynamixel_sdk/share/dynamixel_sdk/package.dsv
[0.571s] -- Up-to-date symlink: /home/robofei/ROS2/robotis_ws/install/dynamixel_sdk/share/ament_index/resource_index/packages/dynamixel_sdk
[0.571s] -- Up-to-date symlink: /home/robofei/ROS2/robotis_ws/install/dynamixel_sdk/share/dynamixel_sdk/cmake/ament_cmake_export_include_directories-extras.cmake
[0.571s] -- Up-to-date symlink: /home/robofei/ROS2/robotis_ws/install/dynamixel_sdk/share/dynamixel_sdk/cmake/ament_cmake_export_libraries-extras.cmake
[0.572s] -- Up-to-date symlink: /home/robofei/ROS2/robotis_ws/install/dynamixel_sdk/share/dynamixel_sdk/cmake/dynamixel_sdkConfig.cmake
[0.572s] -- Up-to-date symlink: /home/robofei/ROS2/robotis_ws/install/dynamixel_sdk/share/dynamixel_sdk/cmake/dynamixel_sdkConfig-version.cmake
[0.572s] -- Up-to-date symlink: /home/robofei/ROS2/robotis_ws/install/dynamixel_sdk/share/dynamixel_sdk/package.xml
[0.576s] Invoked command in '/home/robofei/ROS2/robotis_ws/build/dynamixel_sdk' returned '0': CMAKE_PREFIX_PATH=/opt/ros/foxy /usr/bin/cmake --install /home/robofei/ROS2/robotis_ws/build/dynamixel_sdk
