[0.324s] Invoking command in '/home/robofei/Downloads/GC/build/messages': CMAKE_PREFIX_PATH=${CMAKE_PREFIX_PATH}:/home/robofei/Downloads/GC/install/controller:/opt/ros/foxy /usr/bin/cmake --build /home/robofei/Downloads/GC/build/messages -- -j4 -l4
[0.406s] [  3%] Built target messages__cpp
[0.412s] [ 12%] Built target messages__rosidl_generator_c
[0.460s] [ 22%] Built target messages__rosidl_typesupport_cpp
[0.466s] [ 32%] Built target messages__rosidl_typesupport_introspection_cpp
[0.525s] [ 41%] Built target messages__rosidl_typesupport_fastrtps_cpp
[0.544s] [ 51%] Built target messages__rosidl_typesupport_introspection_c
[0.553s] [ 61%] Built target messages__rosidl_typesupport_c
[0.578s] [ 70%] Built target messages__rosidl_typesupport_fastrtps_c
[0.607s] [ 70%] Built target messages
[0.641s] [ 74%] Built target messages__py
[0.685s] [ 80%] Built target messages__python
[0.733s] [ 87%] Built target messages__rosidl_typesupport_fastrtps_c__pyext
[0.733s] [ 93%] Built target messages__rosidl_typesupport_introspection_c__pyext
[0.747s] [100%] Built target messages__rosidl_typesupport_c__pyext
[0.765s] Invoked command in '/home/robofei/Downloads/GC/build/messages' returned '0': CMAKE_PREFIX_PATH=${CMAKE_PREFIX_PATH}:/home/robofei/Downloads/GC/install/controller:/opt/ros/foxy /usr/bin/cmake --build /home/robofei/Downloads/GC/build/messages -- -j4 -l4
[0.880s] Invoking command in '/home/robofei/Downloads/GC/build/messages': CMAKE_PREFIX_PATH=${CMAKE_PREFIX_PATH}:/home/robofei/Downloads/GC/install/controller:/opt/ros/foxy /usr/bin/cmake --install /home/robofei/Downloads/GC/build/messages
[0.896s] -- Install configuration: ""
[0.896s] -- Up-to-date: /home/robofei/Downloads/GC/install/messages/share/ament_index/resource_index/rosidl_interfaces/messages
[0.896s] -- Up-to-date: /home/robofei/Downloads/GC/install/messages/include/messages
[0.897s] -- Up-to-date: /home/robofei/Downloads/GC/install/messages/include/messages/msg
[0.897s] -- Up-to-date: /home/robofei/Downloads/GC/install/messages/include/messages/msg/detail
[0.898s] -- Up-to-date: /home/robofei/Downloads/GC/install/messages/include/messages/msg/detail/humanoid_league_msgs__struct.h
[0.898s] -- Up-to-date: /home/robofei/Downloads/GC/install/messages/include/messages/msg/detail/humanoid_league_msgs__functions.h
[0.898s] -- Up-to-date: /home/robofei/Downloads/GC/install/messages/include/messages/msg/detail/humanoid_league_msgs__functions.c
[0.898s] -- Up-to-date: /home/robofei/Downloads/GC/install/messages/include/messages/msg/detail/humanoid_league_msgs__type_support.h
[0.899s] -- Up-to-date: /home/robofei/Downloads/GC/install/messages/include/messages/msg/rosidl_generator_c__visibility_control.h
[0.899s] -- Up-to-date: /home/robofei/Downloads/GC/install/messages/include/messages/msg/humanoid_league_msgs.h
[0.900s] -- Up-to-date: /home/robofei/Downloads/GC/install/messages/share/messages/environment/library_path.sh
[0.900s] -- Up-to-date: /home/robofei/Downloads/GC/install/messages/share/messages/environment/library_path.dsv
[0.900s] -- Up-to-date: /home/robofei/Downloads/GC/install/messages/lib/libmessages__rosidl_generator_c.so
[0.901s] -- Up-to-date: /home/robofei/Downloads/GC/install/messages/include/messages
[0.901s] -- Up-to-date: /home/robofei/Downloads/GC/install/messages/include/messages/msg
[0.901s] -- Up-to-date: /home/robofei/Downloads/GC/install/messages/include/messages/msg/detail
[0.902s] -- Up-to-date: /home/robofei/Downloads/GC/install/messages/include/messages/msg/detail/humanoid_league_msgs__rosidl_typesupport_fastrtps_c.h
[0.902s] -- Up-to-date: /home/robofei/Downloads/GC/install/messages/include/messages/msg/rosidl_typesupport_fastrtps_c__visibility_control.h
[0.902s] -- Up-to-date: /home/robofei/Downloads/GC/install/messages/lib/libmessages__rosidl_typesupport_fastrtps_c.so
[0.902s] -- Up-to-date: /home/robofei/Downloads/GC/install/messages/include/messages
[0.903s] -- Up-to-date: /home/robofei/Downloads/GC/install/messages/include/messages/msg
[0.903s] -- Up-to-date: /home/robofei/Downloads/GC/install/messages/include/messages/msg/rosidl_typesupport_fastrtps_cpp__visibility_control.h
[0.903s] -- Up-to-date: /home/robofei/Downloads/GC/install/messages/include/messages/msg/detail
[0.903s] -- Up-to-date: /home/robofei/Downloads/GC/install/messages/include/messages/msg/detail/humanoid_league_msgs__rosidl_typesupport_fastrtps_cpp.hpp
[0.903s] -- Up-to-date: /home/robofei/Downloads/GC/install/messages/include/messages/msg/detail/dds_fastrtps
[0.904s] -- Up-to-date: /home/robofei/Downloads/GC/install/messages/lib/libmessages__rosidl_typesupport_fastrtps_cpp.so
[0.904s] -- Up-to-date: /home/robofei/Downloads/GC/install/messages/include/messages
[0.904s] -- Up-to-date: /home/robofei/Downloads/GC/install/messages/include/messages/msg
[0.904s] -- Up-to-date: /home/robofei/Downloads/GC/install/messages/include/messages/msg/detail
[0.905s] -- Up-to-date: /home/robofei/Downloads/GC/install/messages/include/messages/msg/detail/humanoid_league_msgs__type_support.c
[0.905s] -- Up-to-date: /home/robofei/Downloads/GC/install/messages/include/messages/msg/detail/humanoid_league_msgs__rosidl_typesupport_introspection_c.h
[0.905s] -- Up-to-date: /home/robofei/Downloads/GC/install/messages/include/messages/msg/rosidl_typesupport_introspection_c__visibility_control.h
[0.905s] -- Up-to-date: /home/robofei/Downloads/GC/install/messages/lib/libmessages__rosidl_typesupport_introspection_c.so
[0.905s] -- Up-to-date: /home/robofei/Downloads/GC/install/messages/lib/libmessages__rosidl_typesupport_c.so
[0.905s] -- Up-to-date: /home/robofei/Downloads/GC/install/messages/include/messages
[0.906s] -- Up-to-date: /home/robofei/Downloads/GC/install/messages/include/messages/msg
[0.906s] -- Up-to-date: /home/robofei/Downloads/GC/install/messages/include/messages/msg/detail
[0.906s] -- Up-to-date: /home/robofei/Downloads/GC/install/messages/include/messages/msg/detail/humanoid_league_msgs__struct.hpp
[0.906s] -- Up-to-date: /home/robofei/Downloads/GC/install/messages/include/messages/msg/detail/humanoid_league_msgs__traits.hpp
[0.906s] -- Up-to-date: /home/robofei/Downloads/GC/install/messages/include/messages/msg/detail/humanoid_league_msgs__builder.hpp
[0.906s] -- Up-to-date: /home/robofei/Downloads/GC/install/messages/include/messages/msg/humanoid_league_msgs.hpp
[0.907s] -- Up-to-date: /home/robofei/Downloads/GC/install/messages/include/messages
[0.907s] -- Up-to-date: /home/robofei/Downloads/GC/install/messages/include/messages/msg
[0.907s] -- Up-to-date: /home/robofei/Downloads/GC/install/messages/include/messages/msg/detail
[0.907s] -- Up-to-date: /home/robofei/Downloads/GC/install/messages/include/messages/msg/detail/humanoid_league_msgs__type_support.cpp
[0.908s] -- Up-to-date: /home/robofei/Downloads/GC/install/messages/include/messages/msg/detail/humanoid_league_msgs__rosidl_typesupport_introspection_cpp.hpp
[0.908s] -- Up-to-date: /home/robofei/Downloads/GC/install/messages/lib/libmessages__rosidl_typesupport_introspection_cpp.so
[0.908s] -- Up-to-date: /home/robofei/Downloads/GC/install/messages/lib/libmessages__rosidl_typesupport_cpp.so
[0.908s] -- Up-to-date: /home/robofei/Downloads/GC/install/messages/share/messages/environment/pythonpath.sh
[0.908s] -- Up-to-date: /home/robofei/Downloads/GC/install/messages/share/messages/environment/pythonpath.dsv
[0.908s] -- Up-to-date: /home/robofei/Downloads/GC/install/messages/lib/python3.8/site-packages/messages/__init__.py
[0.960s] -- Up-to-date: /home/robofei/Downloads/GC/install/messages/lib/python3.8/site-packages/messages/msg
[0.960s] -- Up-to-date: /home/robofei/Downloads/GC/install/messages/lib/python3.8/site-packages/messages/msg/_humanoid_league_msgs.py
[0.960s] -- Up-to-date: /home/robofei/Downloads/GC/install/messages/lib/python3.8/site-packages/messages/msg/_humanoid_league_msgs_s.c
[0.960s] -- Up-to-date: /home/robofei/Downloads/GC/install/messages/lib/python3.8/site-packages/messages/msg/__init__.py
[0.960s] -- Up-to-date: /home/robofei/Downloads/GC/install/messages/lib/python3.8/site-packages/messages/messages_s__rosidl_typesupport_fastrtps_c.cpython-38-x86_64-linux-gnu.so
[0.961s] -- Up-to-date: /home/robofei/Downloads/GC/install/messages/lib/python3.8/site-packages/messages/messages_s__rosidl_typesupport_introspection_c.cpython-38-x86_64-linux-gnu.so
[0.962s] -- Up-to-date: /home/robofei/Downloads/GC/install/messages/lib/python3.8/site-packages/messages/messages_s__rosidl_typesupport_c.cpython-38-x86_64-linux-gnu.so
[0.962s] -- Up-to-date: /home/robofei/Downloads/GC/install/messages/lib/libmessages__python.so
[0.963s] -- Up-to-date: /home/robofei/Downloads/GC/install/messages/share/messages/msg/HumanoidLeagueMsgs.idl
[0.963s] -- Up-to-date: /home/robofei/Downloads/GC/install/messages/share/messages/msg/HumanoidLeagueMsgs.msg
[0.963s] -- Up-to-date: /home/robofei/Downloads/GC/install/messages/share/ament_index/resource_index/package_run_dependencies/messages
[0.963s] -- Up-to-date: /home/robofei/Downloads/GC/install/messages/share/ament_index/resource_index/parent_prefix_path/messages
[0.964s] -- Up-to-date: /home/robofei/Downloads/GC/install/messages/share/messages/environment/ament_prefix_path.sh
[0.964s] -- Up-to-date: /home/robofei/Downloads/GC/install/messages/share/messages/environment/ament_prefix_path.dsv
[0.965s] -- Up-to-date: /home/robofei/Downloads/GC/install/messages/share/messages/environment/path.sh
[0.965s] -- Up-to-date: /home/robofei/Downloads/GC/install/messages/share/messages/environment/path.dsv
[0.965s] -- Up-to-date: /home/robofei/Downloads/GC/install/messages/share/messages/local_setup.bash
[0.965s] -- Up-to-date: /home/robofei/Downloads/GC/install/messages/share/messages/local_setup.sh
[0.965s] -- Up-to-date: /home/robofei/Downloads/GC/install/messages/share/messages/local_setup.zsh
[0.966s] -- Up-to-date: /home/robofei/Downloads/GC/install/messages/share/messages/local_setup.dsv
[0.966s] -- Installing: /home/robofei/Downloads/GC/install/messages/share/messages/package.dsv
[0.966s] -- Up-to-date: /home/robofei/Downloads/GC/install/messages/share/ament_index/resource_index/packages/messages
[0.966s] -- Up-to-date: /home/robofei/Downloads/GC/install/messages/share/messages/cmake/messages__rosidl_generator_cExport.cmake
[0.967s] -- Up-to-date: /home/robofei/Downloads/GC/install/messages/share/messages/cmake/messages__rosidl_generator_cExport-noconfig.cmake
[0.967s] -- Up-to-date: /home/robofei/Downloads/GC/install/messages/share/messages/cmake/messages__rosidl_typesupport_introspection_cExport.cmake
[0.967s] -- Up-to-date: /home/robofei/Downloads/GC/install/messages/share/messages/cmake/messages__rosidl_typesupport_introspection_cExport-noconfig.cmake
[0.967s] -- Up-to-date: /home/robofei/Downloads/GC/install/messages/share/messages/cmake/messages__rosidl_typesupport_cExport.cmake
[0.968s] -- Up-to-date: /home/robofei/Downloads/GC/install/messages/share/messages/cmake/messages__rosidl_typesupport_cExport-noconfig.cmake
[0.968s] -- Up-to-date: /home/robofei/Downloads/GC/install/messages/share/messages/cmake/messages__rosidl_generator_cppExport.cmake
[0.968s] -- Up-to-date: /home/robofei/Downloads/GC/install/messages/share/messages/cmake/messages__rosidl_typesupport_introspection_cppExport.cmake
[0.968s] -- Up-to-date: /home/robofei/Downloads/GC/install/messages/share/messages/cmake/messages__rosidl_typesupport_introspection_cppExport-noconfig.cmake
[0.968s] -- Up-to-date: /home/robofei/Downloads/GC/install/messages/share/messages/cmake/messages__rosidl_typesupport_cppExport.cmake
[0.968s] -- Up-to-date: /home/robofei/Downloads/GC/install/messages/share/messages/cmake/messages__rosidl_typesupport_cppExport-noconfig.cmake
[0.968s] -- Up-to-date: /home/robofei/Downloads/GC/install/messages/share/messages/cmake/rosidl_cmake-extras.cmake
[0.969s] -- Up-to-date: /home/robofei/Downloads/GC/install/messages/share/messages/cmake/ament_cmake_export_dependencies-extras.cmake
[0.969s] -- Up-to-date: /home/robofei/Downloads/GC/install/messages/share/messages/cmake/ament_cmake_export_libraries-extras.cmake
[0.970s] -- Up-to-date: /home/robofei/Downloads/GC/install/messages/share/messages/cmake/ament_cmake_export_targets-extras.cmake
[0.970s] -- Up-to-date: /home/robofei/Downloads/GC/install/messages/share/messages/cmake/ament_cmake_export_include_directories-extras.cmake
[0.972s] -- Up-to-date: /home/robofei/Downloads/GC/install/messages/share/messages/cmake/rosidl_cmake_export_typesupport_libraries-extras.cmake
[0.973s] -- Up-to-date: /home/robofei/Downloads/GC/install/messages/share/messages/cmake/rosidl_cmake_export_typesupport_targets-extras.cmake
[0.973s] -- Up-to-date: /home/robofei/Downloads/GC/install/messages/share/messages/cmake/messagesConfig.cmake
[0.973s] -- Up-to-date: /home/robofei/Downloads/GC/install/messages/share/messages/cmake/messagesConfig-version.cmake
[0.973s] -- Up-to-date: /home/robofei/Downloads/GC/install/messages/share/messages/package.xml
[0.973s] Invoked command in '/home/robofei/Downloads/GC/build/messages' returned '0': CMAKE_PREFIX_PATH=${CMAKE_PREFIX_PATH}:/home/robofei/Downloads/GC/install/controller:/opt/ros/foxy /usr/bin/cmake --install /home/robofei/Downloads/GC/build/messages
