[0.017s] Invoking command in '/home/robofei/ROS2/robotis_ws/build/dynamixel_sdk_examples': CMAKE_PREFIX_PATH=/home/robofei/ROS2/robotis_ws/install/dynamixel_sdk_custom_interfaces:/home/robofei/ROS2/robotis_ws/install/dynamixel_sdk:/home/robofei/ROS2/robotis_ws/install/dynamixel_sdk_examples:/opt/ros/foxy PYTHONPATH=/home/robofei/ROS2/robotis_ws/install/dynamixel_sdk_custom_interfaces/lib/python3.8/site-packages:/home/robofei/ROS2/robotis_ws/install/dynamixel_sdk_examples/lib/python3.8/site-packages:/opt/ros/foxy/lib/python3.8/site-packages /usr/bin/cmake --build /home/robofei/ROS2/robotis_ws/build/dynamixel_sdk_examples -- -j4 -l4
[0.063s] [35m[1mScanning dependencies of target minimal_pub[0m
[0.064s] [35m[1mScanning dependencies of target read_write_node[0m
[0.096s] [ 25%] [32mBuilding CXX object CMakeFiles/minimal_pub.dir/src/minimal_pub.cpp.o[0m
[0.096s] [ 50%] [32mBuilding CXX object CMakeFiles/read_write_node.dir/src/read_write_node.cpp.o[0m
[3.484s] [ 75%] [32m[1mLinking CXX executable minimal_pub[0m
[3.718s] [ 75%] Built target minimal_pub
[5.391s] [100%] [32m[1mLinking CXX executable read_write_node[0m
[5.658s] [100%] Built target read_write_node
[5.671s] Invoked command in '/home/robofei/ROS2/robotis_ws/build/dynamixel_sdk_examples' returned '0': CMAKE_PREFIX_PATH=/home/robofei/ROS2/robotis_ws/install/dynamixel_sdk_custom_interfaces:/home/robofei/ROS2/robotis_ws/install/dynamixel_sdk:/home/robofei/ROS2/robotis_ws/install/dynamixel_sdk_examples:/opt/ros/foxy PYTHONPATH=/home/robofei/ROS2/robotis_ws/install/dynamixel_sdk_custom_interfaces/lib/python3.8/site-packages:/home/robofei/ROS2/robotis_ws/install/dynamixel_sdk_examples/lib/python3.8/site-packages:/opt/ros/foxy/lib/python3.8/site-packages /usr/bin/cmake --build /home/robofei/ROS2/robotis_ws/build/dynamixel_sdk_examples -- -j4 -l4
[5.700s] Invoking command in '/home/robofei/ROS2/robotis_ws/build/dynamixel_sdk_examples': CMAKE_PREFIX_PATH=/home/robofei/ROS2/robotis_ws/install/dynamixel_sdk_custom_interfaces:/home/robofei/ROS2/robotis_ws/install/dynamixel_sdk:/home/robofei/ROS2/robotis_ws/install/dynamixel_sdk_examples:/opt/ros/foxy PYTHONPATH=/home/robofei/ROS2/robotis_ws/install/dynamixel_sdk_custom_interfaces/lib/python3.8/site-packages:/home/robofei/ROS2/robotis_ws/install/dynamixel_sdk_examples/lib/python3.8/site-packages:/opt/ros/foxy/lib/python3.8/site-packages /usr/bin/cmake --install /home/robofei/ROS2/robotis_ws/build/dynamixel_sdk_examples
[5.711s] -- Install configuration: ""
[5.711s] -- Execute custom install script
[5.712s] -- Up-to-date symlink: /home/robofei/ROS2/robotis_ws/install/dynamixel_sdk_examples/share/dynamixel_sdk_examples//launch/dynamixel_sdk_examples.launch.py
[5.712s] -- Up-to-date symlink: /home/robofei/ROS2/robotis_ws/install/dynamixel_sdk_examples/share/ament_index/resource_index/package_run_dependencies/dynamixel_sdk_examples
[5.712s] -- Up-to-date symlink: /home/robofei/ROS2/robotis_ws/install/dynamixel_sdk_examples/share/ament_index/resource_index/parent_prefix_path/dynamixel_sdk_examples
[5.713s] -- Up-to-date symlink: /home/robofei/ROS2/robotis_ws/install/dynamixel_sdk_examples/share/dynamixel_sdk_examples/environment/ament_prefix_path.sh
[5.713s] -- Up-to-date symlink: /home/robofei/ROS2/robotis_ws/install/dynamixel_sdk_examples/share/dynamixel_sdk_examples/environment/ament_prefix_path.dsv
[5.713s] -- Up-to-date symlink: /home/robofei/ROS2/robotis_ws/install/dynamixel_sdk_examples/share/dynamixel_sdk_examples/environment/path.sh
[5.714s] -- Up-to-date symlink: /home/robofei/ROS2/robotis_ws/install/dynamixel_sdk_examples/share/dynamixel_sdk_examples/environment/path.dsv
[5.714s] -- Up-to-date symlink: /home/robofei/ROS2/robotis_ws/install/dynamixel_sdk_examples/share/dynamixel_sdk_examples/local_setup.bash
[5.714s] -- Up-to-date symlink: /home/robofei/ROS2/robotis_ws/install/dynamixel_sdk_examples/share/dynamixel_sdk_examples/local_setup.sh
[5.715s] -- Up-to-date symlink: /home/robofei/ROS2/robotis_ws/install/dynamixel_sdk_examples/share/dynamixel_sdk_examples/local_setup.zsh
[5.715s] -- Up-to-date symlink: /home/robofei/ROS2/robotis_ws/install/dynamixel_sdk_examples/share/dynamixel_sdk_examples/local_setup.dsv
[5.715s] -- Symlinking: /home/robofei/ROS2/robotis_ws/install/dynamixel_sdk_examples/share/dynamixel_sdk_examples/package.dsv
[5.725s] -- Up-to-date symlink: /home/robofei/ROS2/robotis_ws/install/dynamixel_sdk_examples/share/ament_index/resource_index/packages/dynamixel_sdk_examples
[5.726s] -- Up-to-date symlink: /home/robofei/ROS2/robotis_ws/install/dynamixel_sdk_examples/share/dynamixel_sdk_examples/cmake/dynamixel_sdk_examplesConfig.cmake
[5.726s] -- Up-to-date symlink: /home/robofei/ROS2/robotis_ws/install/dynamixel_sdk_examples/share/dynamixel_sdk_examples/cmake/dynamixel_sdk_examplesConfig-version.cmake
[5.726s] -- Up-to-date symlink: /home/robofei/ROS2/robotis_ws/install/dynamixel_sdk_examples/share/dynamixel_sdk_examples/package.xml
[5.730s] Invoked command in '/home/robofei/ROS2/robotis_ws/build/dynamixel_sdk_examples' returned '0': CMAKE_PREFIX_PATH=/home/robofei/ROS2/robotis_ws/install/dynamixel_sdk_custom_interfaces:/home/robofei/ROS2/robotis_ws/install/dynamixel_sdk:/home/robofei/ROS2/robotis_ws/install/dynamixel_sdk_examples:/opt/ros/foxy PYTHONPATH=/home/robofei/ROS2/robotis_ws/install/dynamixel_sdk_custom_interfaces/lib/python3.8/site-packages:/home/robofei/ROS2/robotis_ws/install/dynamixel_sdk_examples/lib/python3.8/site-packages:/opt/ros/foxy/lib/python3.8/site-packages /usr/bin/cmake --install /home/robofei/ROS2/robotis_ws/build/dynamixel_sdk_examples
