[0.732s] Invoking command in '/home/amd/Downloads/GC/build/messages': CMAKE_PREFIX_PATH=${CMAKE_PREFIX_PATH}:/home/amd/Downloads/GC/install/controller:/opt/ros/foxy /usr/bin/cmake --build /home/amd/Downloads/GC/build/messages -- -j2 -l2
[1.012s] [  3%] Built target messages__cpp
[1.135s] [ 12%] Built target messages__rosidl_generator_c
[1.255s] [ 22%] Built target messages__rosidl_typesupport_cpp
[1.398s] [ 32%] Built target messages__rosidl_typesupport_fastrtps_cpp
[1.520s] [ 41%] Built target messages__rosidl_typesupport_introspection_cpp
[1.643s] [ 51%] Built target messages__rosidl_typesupport_introspection_c
[1.764s] [ 61%] Built target messages__rosidl_typesupport_c
[1.908s] [ 70%] Built target messages__rosidl_typesupport_fastrtps_c
[2.025s] [ 70%] Built target messages
[2.143s] [ 74%] Built target messages__py
[2.286s] [ 80%] Built target messages__python
[2.425s] [ 87%] Built target messages__rosidl_typesupport_c__pyext
[2.508s] [ 93%] Built target messages__rosidl_typesupport_introspection_c__pyext
[2.585s] [100%] Built target messages__rosidl_typesupport_fastrtps_c__pyext
[2.625s] Invoked command in '/home/amd/Downloads/GC/build/messages' returned '0': CMAKE_PREFIX_PATH=${CMAKE_PREFIX_PATH}:/home/amd/Downloads/GC/install/controller:/opt/ros/foxy /usr/bin/cmake --build /home/amd/Downloads/GC/build/messages -- -j2 -l2
[2.819s] Invoking command in '/home/amd/Downloads/GC/build/messages': CMAKE_PREFIX_PATH=${CMAKE_PREFIX_PATH}:/home/amd/Downloads/GC/install/controller:/opt/ros/foxy /usr/bin/cmake --install /home/amd/Downloads/GC/build/messages
[2.859s] -- Install configuration: ""
[2.860s] -- Up-to-date: /home/amd/Downloads/GC/install/messages/share/ament_index/resource_index/rosidl_interfaces/messages
[2.860s] -- Up-to-date: /home/amd/Downloads/GC/install/messages/include/messages
[2.860s] -- Up-to-date: /home/amd/Downloads/GC/install/messages/include/messages/msg
[2.860s] -- Up-to-date: /home/amd/Downloads/GC/install/messages/include/messages/msg/humanoid_league_msgs.h
[2.861s] -- Up-to-date: /home/amd/Downloads/GC/install/messages/include/messages/msg/rosidl_generator_c__visibility_control.h
[2.861s] -- Up-to-date: /home/amd/Downloads/GC/install/messages/include/messages/msg/detail
[2.861s] -- Up-to-date: /home/amd/Downloads/GC/install/messages/include/messages/msg/detail/humanoid_league_msgs__functions.c
[2.861s] -- Up-to-date: /home/amd/Downloads/GC/install/messages/include/messages/msg/detail/humanoid_league_msgs__functions.h
[2.862s] -- Up-to-date: /home/amd/Downloads/GC/install/messages/include/messages/msg/detail/humanoid_league_msgs__type_support.h
[2.862s] -- Up-to-date: /home/amd/Downloads/GC/install/messages/include/messages/msg/detail/humanoid_league_msgs__struct.h
[2.862s] -- Up-to-date: /home/amd/Downloads/GC/install/messages/share/messages/environment/library_path.sh
[2.862s] -- Up-to-date: /home/amd/Downloads/GC/install/messages/share/messages/environment/library_path.dsv
[2.863s] -- Up-to-date: /home/amd/Downloads/GC/install/messages/lib/libmessages__rosidl_generator_c.so
[2.863s] -- Up-to-date: /home/amd/Downloads/GC/install/messages/include/messages
[2.863s] -- Up-to-date: /home/amd/Downloads/GC/install/messages/include/messages/msg
[2.871s] -- Up-to-date: /home/amd/Downloads/GC/install/messages/include/messages/msg/rosidl_typesupport_fastrtps_c__visibility_control.h
[2.871s] -- Up-to-date: /home/amd/Downloads/GC/install/messages/include/messages/msg/detail
[2.872s] -- Up-to-date: /home/amd/Downloads/GC/install/messages/include/messages/msg/detail/humanoid_league_msgs__rosidl_typesupport_fastrtps_c.h
[2.872s] -- Up-to-date: /home/amd/Downloads/GC/install/messages/lib/libmessages__rosidl_typesupport_fastrtps_c.so
[2.872s] -- Up-to-date: /home/amd/Downloads/GC/install/messages/include/messages
[2.872s] -- Up-to-date: /home/amd/Downloads/GC/install/messages/include/messages/msg
[2.873s] -- Up-to-date: /home/amd/Downloads/GC/install/messages/include/messages/msg/rosidl_typesupport_fastrtps_cpp__visibility_control.h
[2.873s] -- Up-to-date: /home/amd/Downloads/GC/install/messages/include/messages/msg/detail
[2.881s] -- Up-to-date: /home/amd/Downloads/GC/install/messages/include/messages/msg/detail/humanoid_league_msgs__rosidl_typesupport_fastrtps_cpp.hpp
[2.881s] -- Up-to-date: /home/amd/Downloads/GC/install/messages/include/messages/msg/detail/dds_fastrtps
[2.881s] -- Up-to-date: /home/amd/Downloads/GC/install/messages/lib/libmessages__rosidl_typesupport_fastrtps_cpp.so
[2.881s] -- Up-to-date: /home/amd/Downloads/GC/install/messages/include/messages
[2.881s] -- Up-to-date: /home/amd/Downloads/GC/install/messages/include/messages/msg
[2.882s] -- Up-to-date: /home/amd/Downloads/GC/install/messages/include/messages/msg/rosidl_typesupport_introspection_c__visibility_control.h
[2.882s] -- Up-to-date: /home/amd/Downloads/GC/install/messages/include/messages/msg/detail
[2.882s] -- Up-to-date: /home/amd/Downloads/GC/install/messages/include/messages/msg/detail/humanoid_league_msgs__rosidl_typesupport_introspection_c.h
[2.882s] -- Up-to-date: /home/amd/Downloads/GC/install/messages/include/messages/msg/detail/humanoid_league_msgs__type_support.c
[2.882s] -- Up-to-date: /home/amd/Downloads/GC/install/messages/lib/libmessages__rosidl_typesupport_introspection_c.so
[2.883s] -- Up-to-date: /home/amd/Downloads/GC/install/messages/lib/libmessages__rosidl_typesupport_c.so
[2.883s] -- Up-to-date: /home/amd/Downloads/GC/install/messages/include/messages
[2.883s] -- Up-to-date: /home/amd/Downloads/GC/install/messages/include/messages/msg
[2.883s] -- Up-to-date: /home/amd/Downloads/GC/install/messages/include/messages/msg/humanoid_league_msgs.hpp
[2.883s] -- Up-to-date: /home/amd/Downloads/GC/install/messages/include/messages/msg/detail
[2.883s] -- Up-to-date: /home/amd/Downloads/GC/install/messages/include/messages/msg/detail/humanoid_league_msgs__traits.hpp
[2.887s] -- Up-to-date: /home/amd/Downloads/GC/install/messages/include/messages/msg/detail/humanoid_league_msgs__struct.hpp
[2.888s] -- Up-to-date: /home/amd/Downloads/GC/install/messages/include/messages/msg/detail/humanoid_league_msgs__builder.hpp
[2.888s] -- Up-to-date: /home/amd/Downloads/GC/install/messages/include/messages
[2.888s] -- Up-to-date: /home/amd/Downloads/GC/install/messages/include/messages/msg
[2.888s] -- Up-to-date: /home/amd/Downloads/GC/install/messages/include/messages/msg/detail
[2.888s] -- Up-to-date: /home/amd/Downloads/GC/install/messages/include/messages/msg/detail/humanoid_league_msgs__rosidl_typesupport_introspection_cpp.hpp
[2.889s] -- Up-to-date: /home/amd/Downloads/GC/install/messages/include/messages/msg/detail/humanoid_league_msgs__type_support.cpp
[2.889s] -- Up-to-date: /home/amd/Downloads/GC/install/messages/lib/libmessages__rosidl_typesupport_introspection_cpp.so
[2.889s] -- Up-to-date: /home/amd/Downloads/GC/install/messages/lib/libmessages__rosidl_typesupport_cpp.so
[2.897s] -- Up-to-date: /home/amd/Downloads/GC/install/messages/share/messages/environment/pythonpath.sh
[2.897s] -- Up-to-date: /home/amd/Downloads/GC/install/messages/share/messages/environment/pythonpath.dsv
[2.903s] -- Up-to-date: /home/amd/Downloads/GC/install/messages/lib/python3.8/site-packages/messages/__init__.py
[2.996s] -- Up-to-date: /home/amd/Downloads/GC/install/messages/lib/python3.8/site-packages/messages/msg
[2.996s] -- Up-to-date: /home/amd/Downloads/GC/install/messages/lib/python3.8/site-packages/messages/msg/_humanoid_league_msgs_s.c
[2.996s] -- Up-to-date: /home/amd/Downloads/GC/install/messages/lib/python3.8/site-packages/messages/msg/_humanoid_league_msgs.py
[2.996s] -- Up-to-date: /home/amd/Downloads/GC/install/messages/lib/python3.8/site-packages/messages/msg/__init__.py
[2.997s] -- Up-to-date: /home/amd/Downloads/GC/install/messages/lib/python3.8/site-packages/messages/messages_s__rosidl_typesupport_fastrtps_c.cpython-38-x86_64-linux-gnu.so
[3.001s] -- Up-to-date: /home/amd/Downloads/GC/install/messages/lib/python3.8/site-packages/messages/messages_s__rosidl_typesupport_introspection_c.cpython-38-x86_64-linux-gnu.so
[3.001s] -- Up-to-date: /home/amd/Downloads/GC/install/messages/lib/python3.8/site-packages/messages/messages_s__rosidl_typesupport_c.cpython-38-x86_64-linux-gnu.so
[3.006s] -- Up-to-date: /home/amd/Downloads/GC/install/messages/lib/libmessages__python.so
[3.007s] -- Up-to-date: /home/amd/Downloads/GC/install/messages/share/messages/msg/HumanoidLeagueMsgs.idl
[3.011s] -- Up-to-date: /home/amd/Downloads/GC/install/messages/share/messages/msg/HumanoidLeagueMsgs.msg
[3.011s] -- Up-to-date: /home/amd/Downloads/GC/install/messages/share/ament_index/resource_index/package_run_dependencies/messages
[3.011s] -- Up-to-date: /home/amd/Downloads/GC/install/messages/share/ament_index/resource_index/parent_prefix_path/messages
[3.011s] -- Up-to-date: /home/amd/Downloads/GC/install/messages/share/messages/environment/ament_prefix_path.sh
[3.012s] -- Up-to-date: /home/amd/Downloads/GC/install/messages/share/messages/environment/ament_prefix_path.dsv
[3.012s] -- Up-to-date: /home/amd/Downloads/GC/install/messages/share/messages/environment/path.sh
[3.012s] -- Up-to-date: /home/amd/Downloads/GC/install/messages/share/messages/environment/path.dsv
[3.012s] -- Up-to-date: /home/amd/Downloads/GC/install/messages/share/messages/local_setup.bash
[3.013s] -- Up-to-date: /home/amd/Downloads/GC/install/messages/share/messages/local_setup.sh
[3.013s] -- Up-to-date: /home/amd/Downloads/GC/install/messages/share/messages/local_setup.zsh
[3.013s] -- Up-to-date: /home/amd/Downloads/GC/install/messages/share/messages/local_setup.dsv
[3.013s] -- Installing: /home/amd/Downloads/GC/install/messages/share/messages/package.dsv
[3.013s] -- Up-to-date: /home/amd/Downloads/GC/install/messages/share/ament_index/resource_index/packages/messages
[3.013s] -- Up-to-date: /home/amd/Downloads/GC/install/messages/share/messages/cmake/messages__rosidl_generator_cExport.cmake
[3.014s] -- Up-to-date: /home/amd/Downloads/GC/install/messages/share/messages/cmake/messages__rosidl_generator_cExport-noconfig.cmake
[3.014s] -- Up-to-date: /home/amd/Downloads/GC/install/messages/share/messages/cmake/messages__rosidl_typesupport_introspection_cExport.cmake
[3.014s] -- Up-to-date: /home/amd/Downloads/GC/install/messages/share/messages/cmake/messages__rosidl_typesupport_introspection_cExport-noconfig.cmake
[3.014s] -- Up-to-date: /home/amd/Downloads/GC/install/messages/share/messages/cmake/messages__rosidl_typesupport_cExport.cmake
[3.014s] -- Up-to-date: /home/amd/Downloads/GC/install/messages/share/messages/cmake/messages__rosidl_typesupport_cExport-noconfig.cmake
[3.014s] -- Up-to-date: /home/amd/Downloads/GC/install/messages/share/messages/cmake/messages__rosidl_generator_cppExport.cmake
[3.014s] -- Up-to-date: /home/amd/Downloads/GC/install/messages/share/messages/cmake/messages__rosidl_typesupport_introspection_cppExport.cmake
[3.015s] -- Up-to-date: /home/amd/Downloads/GC/install/messages/share/messages/cmake/messages__rosidl_typesupport_introspection_cppExport-noconfig.cmake
[3.015s] -- Up-to-date: /home/amd/Downloads/GC/install/messages/share/messages/cmake/messages__rosidl_typesupport_cppExport.cmake
[3.015s] -- Up-to-date: /home/amd/Downloads/GC/install/messages/share/messages/cmake/messages__rosidl_typesupport_cppExport-noconfig.cmake
[3.016s] -- Up-to-date: /home/amd/Downloads/GC/install/messages/share/messages/cmake/rosidl_cmake-extras.cmake
[3.021s] -- Up-to-date: /home/amd/Downloads/GC/install/messages/share/messages/cmake/ament_cmake_export_dependencies-extras.cmake
[3.021s] -- Up-to-date: /home/amd/Downloads/GC/install/messages/share/messages/cmake/ament_cmake_export_libraries-extras.cmake
[3.022s] -- Up-to-date: /home/amd/Downloads/GC/install/messages/share/messages/cmake/ament_cmake_export_targets-extras.cmake
[3.022s] -- Up-to-date: /home/amd/Downloads/GC/install/messages/share/messages/cmake/ament_cmake_export_include_directories-extras.cmake
[3.022s] -- Up-to-date: /home/amd/Downloads/GC/install/messages/share/messages/cmake/rosidl_cmake_export_typesupport_libraries-extras.cmake
[3.022s] -- Up-to-date: /home/amd/Downloads/GC/install/messages/share/messages/cmake/rosidl_cmake_export_typesupport_targets-extras.cmake
[3.023s] -- Up-to-date: /home/amd/Downloads/GC/install/messages/share/messages/cmake/messagesConfig.cmake
[3.023s] -- Up-to-date: /home/amd/Downloads/GC/install/messages/share/messages/cmake/messagesConfig-version.cmake
[3.023s] -- Up-to-date: /home/amd/Downloads/GC/install/messages/share/messages/package.xml
[3.038s] Invoked command in '/home/amd/Downloads/GC/build/messages' returned '0': CMAKE_PREFIX_PATH=${CMAKE_PREFIX_PATH}:/home/amd/Downloads/GC/install/controller:/opt/ros/foxy /usr/bin/cmake --install /home/amd/Downloads/GC/build/messages
