[0.010s] Invoking command in '/home/robo/ROS2/um7/build/um7': CMAKE_PREFIX_PATH=/opt/ros/foxy /usr/bin/cmake --build /home/robo/ROS2/um7/build/um7 -- -j12 -l12
[0.030s] -- Found ament_cmake: 0.9.9 (/opt/ros/foxy/share/ament_cmake/cmake)
[0.046s] -- Using PYTHON_EXECUTABLE: /usr/bin/python3
[0.181s] -- Override CMake install command with custom implementation using symlinks instead of copying resources
[0.188s] -- Found rclcpp: 2.4.1 (/opt/ros/foxy/share/rclcpp/cmake)
[0.218s] -- Using all available rosidl_typesupport_c: rosidl_typesupport_fastrtps_c;rosidl_typesupport_introspection_c
[0.221s] -- Found rosidl_adapter: 1.2.1 (/opt/ros/foxy/share/rosidl_adapter/cmake)
[0.324s] -- Using all available rosidl_typesupport_cpp: rosidl_typesupport_fastrtps_cpp;rosidl_typesupport_introspection_cpp
[0.369s] -- Found rmw_implementation_cmake: 1.0.3 (/opt/ros/foxy/share/rmw_implementation_cmake/cmake)
[0.371s] -- Using RMW implementation 'rmw_fastrtps_cpp' as default
[0.502s] -- Found rclcpp_components: 2.4.1 (/opt/ros/foxy/share/rclcpp_components/cmake)
[0.552s] -- Found rosidl_default_generators: 1.0.1 (/opt/ros/foxy/share/rosidl_default_generators/cmake)
[0.567s] CMake Error at CMakeLists.txt:13 (find_package):
[0.567s]   By not providing "Findserial.cmake" in CMAKE_MODULE_PATH this project has
[0.567s]   asked CMake to find a package configuration file provided by "serial", but
[0.567s]   CMake did not find one.
[0.567s] 
[0.567s]   Could not find a package configuration file provided by "serial" with any
[0.567s]   of the following names:
[0.567s] 
[0.567s]     serialConfig.cmake
[0.568s]     serial-config.cmake
[0.568s] 
[0.568s]   Add the installation prefix of "serial" to CMAKE_PREFIX_PATH or set
[0.568s]   "serial_DIR" to a directory containing one of the above files.  If "serial"
[0.568s]   provides a separate development package or SDK, be sure it has been
[0.568s]   installed.
[0.568s] 
[0.568s] 
[0.568s] -- Configuring incomplete, errors occurred!
[0.568s] See also "/home/robo/ROS2/um7/build/um7/CMakeFiles/CMakeOutput.log".
[0.568s] See also "/home/robo/ROS2/um7/build/um7/CMakeFiles/CMakeError.log".
[0.573s] make: *** [Makefile:1021: cmake_check_build_system] Error 1
[0.575s] Invoked command in '/home/robo/ROS2/um7/build/um7' returned '2': CMAKE_PREFIX_PATH=/opt/ros/foxy /usr/bin/cmake --build /home/robo/ROS2/um7/build/um7 -- -j12 -l12
