[0.022s] Invoking command in '/home/robofei/Desktop/ROS2/robotis_ws/build/dynamixel_sdk_examples': CMAKE_PREFIX_PATH=/home/robofei/Desktop/ROS2/robotis_ws/install/dynamixel_sdk_custom_interfaces:/home/robofei/Desktop/ROS2/robotis_ws/install/dynamixel_sdk:/home/robofei/Desktop/ROS2/robotis_ws/install/dynamixel_sdk_examples:/opt/ros/foxy /usr/bin/cmake --build /home/robofei/Desktop/ROS2/robotis_ws/build/dynamixel_sdk_examples -- -j4 -l4
[0.103s] [ 33%] Built target only_one_motor
[0.105s] [ 66%] Built target minimal_pub
[0.110s] [100%] Built target read_write_node
[0.126s] Invoked command in '/home/robofei/Desktop/ROS2/robotis_ws/build/dynamixel_sdk_examples' returned '0': CMAKE_PREFIX_PATH=/home/robofei/Desktop/ROS2/robotis_ws/install/dynamixel_sdk_custom_interfaces:/home/robofei/Desktop/ROS2/robotis_ws/install/dynamixel_sdk:/home/robofei/Desktop/ROS2/robotis_ws/install/dynamixel_sdk_examples:/opt/ros/foxy /usr/bin/cmake --build /home/robofei/Desktop/ROS2/robotis_ws/build/dynamixel_sdk_examples -- -j4 -l4
[0.162s] Invoking command in '/home/robofei/Desktop/ROS2/robotis_ws/build/dynamixel_sdk_examples': CMAKE_PREFIX_PATH=/home/robofei/Desktop/ROS2/robotis_ws/install/dynamixel_sdk_custom_interfaces:/home/robofei/Desktop/ROS2/robotis_ws/install/dynamixel_sdk:/home/robofei/Desktop/ROS2/robotis_ws/install/dynamixel_sdk_examples:/opt/ros/foxy /usr/bin/cmake --install /home/robofei/Desktop/ROS2/robotis_ws/build/dynamixel_sdk_examples
[0.172s] -- Install configuration: ""
[0.172s] -- Execute custom install script
[0.173s] -- Up-to-date symlink: /home/robofei/Desktop/ROS2/robotis_ws/install/dynamixel_sdk_examples/lib/dynamixel_sdk_examples/read_write_node
[0.174s] -- Up-to-date symlink: /home/robofei/Desktop/ROS2/robotis_ws/install/dynamixel_sdk_examples/lib/dynamixel_sdk_examples/only_one_motor
[0.174s] -- Up-to-date symlink: /home/robofei/Desktop/ROS2/robotis_ws/install/dynamixel_sdk_examples/share/dynamixel_sdk_examples//launch/__pycache__/dynamixel_sdk_examples.launch.cpython-38.pyc
[0.175s] -- Up-to-date symlink: /home/robofei/Desktop/ROS2/robotis_ws/install/dynamixel_sdk_examples/share/dynamixel_sdk_examples//launch/dynamixel_sdk_examples.launch.py
[0.175s] -- Up-to-date symlink: /home/robofei/Desktop/ROS2/robotis_ws/install/dynamixel_sdk_examples/share/ament_index/resource_index/package_run_dependencies/dynamixel_sdk_examples
[0.176s] -- Up-to-date symlink: /home/robofei/Desktop/ROS2/robotis_ws/install/dynamixel_sdk_examples/share/ament_index/resource_index/parent_prefix_path/dynamixel_sdk_examples
[0.176s] -- Up-to-date symlink: /home/robofei/Desktop/ROS2/robotis_ws/install/dynamixel_sdk_examples/share/dynamixel_sdk_examples/environment/ament_prefix_path.sh
[0.177s] -- Up-to-date symlink: /home/robofei/Desktop/ROS2/robotis_ws/install/dynamixel_sdk_examples/share/dynamixel_sdk_examples/environment/ament_prefix_path.dsv
[0.178s] -- Up-to-date symlink: /home/robofei/Desktop/ROS2/robotis_ws/install/dynamixel_sdk_examples/share/dynamixel_sdk_examples/environment/path.sh
[0.178s] -- Up-to-date symlink: /home/robofei/Desktop/ROS2/robotis_ws/install/dynamixel_sdk_examples/share/dynamixel_sdk_examples/environment/path.dsv
[0.179s] -- Up-to-date symlink: /home/robofei/Desktop/ROS2/robotis_ws/install/dynamixel_sdk_examples/share/dynamixel_sdk_examples/local_setup.bash
[0.179s] -- Up-to-date symlink: /home/robofei/Desktop/ROS2/robotis_ws/install/dynamixel_sdk_examples/share/dynamixel_sdk_examples/local_setup.sh
[0.180s] -- Up-to-date symlink: /home/robofei/Desktop/ROS2/robotis_ws/install/dynamixel_sdk_examples/share/dynamixel_sdk_examples/local_setup.zsh
[0.180s] -- Up-to-date symlink: /home/robofei/Desktop/ROS2/robotis_ws/install/dynamixel_sdk_examples/share/dynamixel_sdk_examples/local_setup.dsv
[0.181s] -- Symlinking: /home/robofei/Desktop/ROS2/robotis_ws/install/dynamixel_sdk_examples/share/dynamixel_sdk_examples/package.dsv
[0.192s] -- Up-to-date symlink: /home/robofei/Desktop/ROS2/robotis_ws/install/dynamixel_sdk_examples/share/ament_index/resource_index/packages/dynamixel_sdk_examples
[0.192s] -- Up-to-date symlink: /home/robofei/Desktop/ROS2/robotis_ws/install/dynamixel_sdk_examples/share/dynamixel_sdk_examples/cmake/dynamixel_sdk_examplesConfig.cmake
[0.192s] -- Up-to-date symlink: /home/robofei/Desktop/ROS2/robotis_ws/install/dynamixel_sdk_examples/share/dynamixel_sdk_examples/cmake/dynamixel_sdk_examplesConfig-version.cmake
[0.193s] -- Up-to-date symlink: /home/robofei/Desktop/ROS2/robotis_ws/install/dynamixel_sdk_examples/share/dynamixel_sdk_examples/package.xml
[0.196s] Invoked command in '/home/robofei/Desktop/ROS2/robotis_ws/build/dynamixel_sdk_examples' returned '0': CMAKE_PREFIX_PATH=/home/robofei/Desktop/ROS2/robotis_ws/install/dynamixel_sdk_custom_interfaces:/home/robofei/Desktop/ROS2/robotis_ws/install/dynamixel_sdk:/home/robofei/Desktop/ROS2/robotis_ws/install/dynamixel_sdk_examples:/opt/ros/foxy /usr/bin/cmake --install /home/robofei/Desktop/ROS2/robotis_ws/build/dynamixel_sdk_examples
