[0.016s] Invoking command in '/home/robofei/ROS2/robotis_ws/build/dynamixel_sdk_examples': CMAKE_PREFIX_PATH=/home/robofei/ROS2/robotis_ws/install/dynamixel_sdk_custom_interfaces:/home/robofei/ROS2/robotis_ws/install/dynamixel_sdk:/home/robofei/ROS2/robotis_ws/install/dynamixel_sdk_examples:/opt/ros/foxy PYTHONPATH=/home/robofei/ROS2/robotis_ws/install/dynamixel_sdk_custom_interfaces/lib/python3.8/site-packages:/home/robofei/ROS2/robotis_ws/install/dynamixel_sdk_examples/lib/python3.8/site-packages:/opt/ros/foxy/lib/python3.8/site-packages /usr/bin/cmake --build /home/robofei/ROS2/robotis_ws/build/dynamixel_sdk_examples -- -j4 -l4
[0.071s] -- Found ament_cmake: 0.9.9 (/opt/ros/foxy/share/ament_cmake/cmake)
[0.100s] -- Using PYTHON_EXECUTABLE: /usr/bin/python3
[0.305s] -- Override CMake install command with custom implementation using symlinks instead of copying resources
[0.313s] -- Found dynamixel_sdk: 3.7.40 (/home/robofei/ROS2/robotis_ws/install/dynamixel_sdk/share/dynamixel_sdk/cmake)
[0.315s] -- Found dynamixel_sdk_custom_interfaces: 3.7.40 (/home/robofei/ROS2/robotis_ws/install/dynamixel_sdk_custom_interfaces/share/dynamixel_sdk_custom_interfaces/cmake)
[0.337s] -- Using all available rosidl_typesupport_c: rosidl_typesupport_fastrtps_c;rosidl_typesupport_introspection_c
[0.341s] -- Found rosidl_adapter: 1.2.1 (/opt/ros/foxy/share/rosidl_adapter/cmake)
[0.473s] -- Using all available rosidl_typesupport_cpp: rosidl_typesupport_fastrtps_cpp;rosidl_typesupport_introspection_cpp
[0.520s] -- Found rclcpp: 2.4.1 (/opt/ros/foxy/share/rclcpp/cmake)
[0.561s] -- Found rmw_implementation_cmake: 1.0.3 (/opt/ros/foxy/share/rmw_implementation_cmake/cmake)
[0.562s] -- Using RMW implementation 'rmw_fastrtps_cpp' as default
[0.726s] -- Found ament_lint_auto: 0.9.6 (/opt/ros/foxy/share/ament_lint_auto/cmake)
[0.799s] -- Added test 'copyright' to check source files copyright and LICENSE
[0.800s] -- Added test 'cppcheck' to perform static code analysis on C / C++ code
[0.800s] -- Configured cppcheck include dirs: /home/robofei/ROS2/robotis_ws/src/dynamixel_sdk_examples/include
[0.800s] -- Configured cppcheck exclude dirs and/or files: 
[0.801s] -- Added test 'cpplint' to check C / C++ code against the Google style
[0.801s] -- Configured cpplint exclude dirs and/or files: 
[0.802s] -- Added test 'flake8' to check Python code syntax and style conventions
[0.802s] -- Added test 'lint_cmake' to check CMake code style
[0.803s] -- Added test 'pep257' to check Python code against some of the style conventions in PEP 257
[0.804s] -- Added test 'uncrustify' to check C / C++ code style
[0.804s] -- Configured uncrustify additional arguments: 
[0.804s] -- Added test 'xmllint' to check XML markup files
[0.809s] -- Configuring done
[0.917s] -- Generating done
[0.921s] -- Build files have been written to: /home/robofei/ROS2/robotis_ws/build/dynamixel_sdk_examples
[0.955s] [35m[1mScanning dependencies of target minimal_publisher[0m
[0.977s] [ 50%] Built target read_write_node
[0.995s] [ 75%] [32mBuilding CXX object CMakeFiles/minimal_publisher.dir/src/minimal_pub.cpp.o[0m
[2.293s] [01m[K/home/robofei/ROS2/robotis_ws/src/dynamixel_sdk_examples/src/minimal_pub.cpp:[m[K In member function ‘[01m[Kvoid MinimalPublisher::timer_callback()[m[K’:
[2.293s] [01m[K/home/robofei/ROS2/robotis_ws/src/dynamixel_sdk_examples/src/minimal_pub.cpp:29:136:[m[K [01;31m[Kerror: [m[Kno match for ‘[01m[Koperator=[m[K’ (operand types are ‘[01m[Kdynamixel_sdk_custom_interfaces::msg::SetPosition_<std::allocator<void> >::_position_type[m[K’ {aka ‘[01m[Kstd::vector<int>[m[K’} and ‘[01m[K<brace-enclosed initializer list>[m[K’)
[2.293s]    29 | , 2593, 1024, 1024, 2593, 1024, 1024, 2593, 1024, 1024, 2593s[01;31m[K}[m[K;
[2.293s]       |                                                              [01;31m[K^[m[K
[2.293s] 
[2.293s] In file included from [01m[K/usr/include/c++/9/vector:72[m[K,
[2.293s]                  from [01m[K/opt/ros/foxy/include/rclcpp/executor.hpp:27[m[K,
[2.293s]                  from [01m[K/opt/ros/foxy/include/rclcpp/executors/multi_threaded_executor.hpp:26[m[K,
[2.294s]                  from [01m[K/opt/ros/foxy/include/rclcpp/executors.hpp:21[m[K,
[2.294s]                  from [01m[K/opt/ros/foxy/include/rclcpp/rclcpp.hpp:146[m[K,
[2.294s]                  from [01m[K/home/robofei/ROS2/robotis_ws/src/dynamixel_sdk_examples/src/minimal_pub.cpp:7[m[K:
[2.294s] [01m[K/usr/include/c++/9/bits/vector.tcc:198:5:[m[K [01;36m[Knote: [m[Kcandidate: ‘[01m[Kstd::vector<_Tp, _Alloc>& std::vector<_Tp, _Alloc>::operator=(const std::vector<_Tp, _Alloc>&) [with _Tp = int; _Alloc = std::allocator<int>][m[K’
[2.294s]   198 |     [01;36m[Kvector<_Tp, _Alloc>[m[K::
[2.294s]       |     [01;36m[K^~~~~~~~~~~~~~~~~~~[m[K
[2.294s] [01m[K/usr/include/c++/9/bits/vector.tcc:199:42:[m[K [01;36m[Knote: [m[K  no known conversion for argument 1 from ‘[01m[K<brace-enclosed initializer list>[m[K’ to ‘[01m[Kconst std::vector<int>&[m[K’
[2.294s]   199 |     operator=([01;36m[Kconst vector<_Tp, _Alloc>& __x[m[K)
[2.294s]       |               [01;36m[K~~~~~~~~~~~~~~~~~~~~~~~~~~~^~~[m[K
[2.294s] In file included from [01m[K/usr/include/c++/9/vector:67[m[K,
[2.294s]                  from [01m[K/opt/ros/foxy/include/rclcpp/executor.hpp:27[m[K,
[2.294s]                  from [01m[K/opt/ros/foxy/include/rclcpp/executors/multi_threaded_executor.hpp:26[m[K,
[2.294s]                  from [01m[K/opt/ros/foxy/include/rclcpp/executors.hpp:21[m[K,
[2.294s]                  from [01m[K/opt/ros/foxy/include/rclcpp/rclcpp.hpp:146[m[K,
[2.294s]                  from [01m[K/home/robofei/ROS2/robotis_ws/src/dynamixel_sdk_examples/src/minimal_pub.cpp:7[m[K:
[2.295s] [01m[K/usr/include/c++/9/bits/stl_vector.h:706:7:[m[K [01;36m[Knote: [m[Kcandidate: ‘[01m[Kstd::vector<_Tp, _Alloc>& std::vector<_Tp, _Alloc>::operator=(std::vector<_Tp, _Alloc>&&) [with _Tp = int; _Alloc = std::allocator<int>][m[K’
[2.295s]   706 |       [01;36m[Koperator[m[K=(vector&& __x) noexcept(_Alloc_traits::_S_nothrow_move())
[2.295s]       |       [01;36m[K^~~~~~~~[m[K
[2.295s] [01m[K/usr/include/c++/9/bits/stl_vector.h:706:26:[m[K [01;36m[Knote: [m[K  no known conversion for argument 1 from ‘[01m[K<brace-enclosed initializer list>[m[K’ to ‘[01m[Kstd::vector<int>&&[m[K’
[2.295s]   706 |       operator=([01;36m[Kvector&& __x[m[K) noexcept(_Alloc_traits::_S_nothrow_move())
[2.295s]       |                 [01;36m[K~~~~~~~~~^~~[m[K
[2.295s] [01m[K/usr/include/c++/9/bits/stl_vector.h:727:7:[m[K [01;36m[Knote: [m[Kcandidate: ‘[01m[Kstd::vector<_Tp, _Alloc>& std::vector<_Tp, _Alloc>::operator=(std::initializer_list<_Tp>) [with _Tp = int; _Alloc = std::allocator<int>][m[K’
[2.295s]   727 |       [01;36m[Koperator[m[K=(initializer_list<value_type> __l)
[2.295s]       |       [01;36m[K^~~~~~~~[m[K
[2.295s] [01m[K/usr/include/c++/9/bits/stl_vector.h:727:46:[m[K [01;36m[Knote: [m[K  no known conversion for argument 1 from ‘[01m[K<brace-enclosed initializer list>[m[K’ to ‘[01m[Kstd::initializer_list<int>[m[K’
[2.295s]   727 |       operator=([01;36m[Kinitializer_list<value_type> __l[m[K)
[2.295s]       |                 [01;36m[K~~~~~~~~~~~~~~~~~~~~~~~~~~~~~^~~[m[K
[3.211s] make[2]: *** [CMakeFiles/minimal_publisher.dir/build.make:63: CMakeFiles/minimal_publisher.dir/src/minimal_pub.cpp.o] Error 1
[3.211s] make[1]: *** [CMakeFiles/Makefile2:134: CMakeFiles/minimal_publisher.dir/all] Error 2
[3.211s] make: *** [Makefile:141: all] Error 2
[3.213s] Invoked command in '/home/robofei/ROS2/robotis_ws/build/dynamixel_sdk_examples' returned '2': CMAKE_PREFIX_PATH=/home/robofei/ROS2/robotis_ws/install/dynamixel_sdk_custom_interfaces:/home/robofei/ROS2/robotis_ws/install/dynamixel_sdk:/home/robofei/ROS2/robotis_ws/install/dynamixel_sdk_examples:/opt/ros/foxy PYTHONPATH=/home/robofei/ROS2/robotis_ws/install/dynamixel_sdk_custom_interfaces/lib/python3.8/site-packages:/home/robofei/ROS2/robotis_ws/install/dynamixel_sdk_examples/lib/python3.8/site-packages:/opt/ros/foxy/lib/python3.8/site-packages /usr/bin/cmake --build /home/robofei/ROS2/robotis_ws/build/dynamixel_sdk_examples -- -j4 -l4
