[0.826s] Invoking command in '/home/amd/Downloads/GC/build/messages': CMAKE_PREFIX_PATH=${CMAKE_PREFIX_PATH}:/home/amd/Downloads/GC/install/controller:/opt/ros/foxy /usr/bin/cmake --build /home/amd/Downloads/GC/build/messages -- -j2 -l2
[1.136s] [  3%] Built target messages__cpp
[1.261s] [ 12%] Built target messages__rosidl_generator_c
[1.355s] [ 22%] Built target messages__rosidl_typesupport_cpp
[1.444s] [ 32%] Built target messages__rosidl_typesupport_fastrtps_cpp
[1.508s] [ 41%] Built target messages__rosidl_typesupport_introspection_cpp
[1.594s] [ 51%] Built target messages__rosidl_typesupport_introspection_c
[1.673s] [ 61%] Built target messages__rosidl_typesupport_c
[1.757s] [ 70%] Built target messages__rosidl_typesupport_fastrtps_c
[1.823s] [ 70%] Built target messages
[1.907s] [ 74%] Built target messages__py
[2.008s] [ 80%] Built target messages__python
[2.116s] [ 87%] Built target messages__rosidl_typesupport_c__pyext
[2.229s] [ 93%] Built target messages__rosidl_typesupport_introspection_c__pyext
[2.323s] [100%] Built target messages__rosidl_typesupport_fastrtps_c__pyext
[2.380s] Invoked command in '/home/amd/Downloads/GC/build/messages' returned '0': CMAKE_PREFIX_PATH=${CMAKE_PREFIX_PATH}:/home/amd/Downloads/GC/install/controller:/opt/ros/foxy /usr/bin/cmake --build /home/amd/Downloads/GC/build/messages -- -j2 -l2
[2.782s] Invoking command in '/home/amd/Downloads/GC/build/messages': CMAKE_PREFIX_PATH=${CMAKE_PREFIX_PATH}:/home/amd/Downloads/GC/install/controller:/opt/ros/foxy /usr/bin/cmake --install /home/amd/Downloads/GC/build/messages
[2.814s] -- Install configuration: ""
[2.815s] -- Up-to-date: /home/amd/Downloads/GC/install/messages/share/ament_index/resource_index/rosidl_interfaces/messages
[2.815s] -- Up-to-date: /home/amd/Downloads/GC/install/messages/include/messages
[2.815s] -- Up-to-date: /home/amd/Downloads/GC/install/messages/include/messages/msg
[2.815s] -- Up-to-date: /home/amd/Downloads/GC/install/messages/include/messages/msg/humanoid_league_msgs.h
[2.816s] -- Up-to-date: /home/amd/Downloads/GC/install/messages/include/messages/msg/rosidl_generator_c__visibility_control.h
[2.816s] -- Up-to-date: /home/amd/Downloads/GC/install/messages/include/messages/msg/detail
[2.816s] -- Up-to-date: /home/amd/Downloads/GC/install/messages/include/messages/msg/detail/humanoid_league_msgs__functions.c
[2.816s] -- Up-to-date: /home/amd/Downloads/GC/install/messages/include/messages/msg/detail/humanoid_league_msgs__functions.h
[2.830s] -- Up-to-date: /home/amd/Downloads/GC/install/messages/include/messages/msg/detail/humanoid_league_msgs__type_support.h
[2.830s] -- Up-to-date: /home/amd/Downloads/GC/install/messages/include/messages/msg/detail/humanoid_league_msgs__struct.h
[2.830s] -- Up-to-date: /home/amd/Downloads/GC/install/messages/share/messages/environment/library_path.sh
[2.830s] -- Up-to-date: /home/amd/Downloads/GC/install/messages/share/messages/environment/library_path.dsv
[2.831s] -- Up-to-date: /home/amd/Downloads/GC/install/messages/lib/libmessages__rosidl_generator_c.so
[2.831s] -- Up-to-date: /home/amd/Downloads/GC/install/messages/include/messages
[2.831s] -- Up-to-date: /home/amd/Downloads/GC/install/messages/include/messages/msg
[2.831s] -- Up-to-date: /home/amd/Downloads/GC/install/messages/include/messages/msg/rosidl_typesupport_fastrtps_c__visibility_control.h
[2.831s] -- Up-to-date: /home/amd/Downloads/GC/install/messages/include/messages/msg/detail
[2.832s] -- Up-to-date: /home/amd/Downloads/GC/install/messages/include/messages/msg/detail/humanoid_league_msgs__rosidl_typesupport_fastrtps_c.h
[2.832s] -- Up-to-date: /home/amd/Downloads/GC/install/messages/lib/libmessages__rosidl_typesupport_fastrtps_c.so
[2.832s] -- Up-to-date: /home/amd/Downloads/GC/install/messages/include/messages
[2.841s] -- Up-to-date: /home/amd/Downloads/GC/install/messages/include/messages/msg
[2.841s] -- Up-to-date: /home/amd/Downloads/GC/install/messages/include/messages/msg/rosidl_typesupport_fastrtps_cpp__visibility_control.h
[2.841s] -- Up-to-date: /home/amd/Downloads/GC/install/messages/include/messages/msg/detail
[2.842s] -- Up-to-date: /home/amd/Downloads/GC/install/messages/include/messages/msg/detail/humanoid_league_msgs__rosidl_typesupport_fastrtps_cpp.hpp
[2.842s] -- Up-to-date: /home/amd/Downloads/GC/install/messages/include/messages/msg/detail/dds_fastrtps
[2.842s] -- Up-to-date: /home/amd/Downloads/GC/install/messages/lib/libmessages__rosidl_typesupport_fastrtps_cpp.so
[2.842s] -- Up-to-date: /home/amd/Downloads/GC/install/messages/include/messages
[2.842s] -- Up-to-date: /home/amd/Downloads/GC/install/messages/include/messages/msg
[2.843s] -- Up-to-date: /home/amd/Downloads/GC/install/messages/include/messages/msg/rosidl_typesupport_introspection_c__visibility_control.h
[2.854s] -- Up-to-date: /home/amd/Downloads/GC/install/messages/include/messages/msg/detail
[2.854s] -- Up-to-date: /home/amd/Downloads/GC/install/messages/include/messages/msg/detail/humanoid_league_msgs__rosidl_typesupport_introspection_c.h
[2.855s] -- Up-to-date: /home/amd/Downloads/GC/install/messages/include/messages/msg/detail/humanoid_league_msgs__type_support.c
[2.855s] -- Up-to-date: /home/amd/Downloads/GC/install/messages/lib/libmessages__rosidl_typesupport_introspection_c.so
[2.855s] -- Up-to-date: /home/amd/Downloads/GC/install/messages/lib/libmessages__rosidl_typesupport_c.so
[2.855s] -- Up-to-date: /home/amd/Downloads/GC/install/messages/include/messages
[2.856s] -- Up-to-date: /home/amd/Downloads/GC/install/messages/include/messages/msg
[2.859s] -- Up-to-date: /home/amd/Downloads/GC/install/messages/include/messages/msg/humanoid_league_msgs.hpp
[2.859s] -- Up-to-date: /home/amd/Downloads/GC/install/messages/include/messages/msg/detail
[2.859s] -- Up-to-date: /home/amd/Downloads/GC/install/messages/include/messages/msg/detail/humanoid_league_msgs__traits.hpp
[2.859s] -- Up-to-date: /home/amd/Downloads/GC/install/messages/include/messages/msg/detail/humanoid_league_msgs__struct.hpp
[2.860s] -- Up-to-date: /home/amd/Downloads/GC/install/messages/include/messages/msg/detail/humanoid_league_msgs__builder.hpp
[2.860s] -- Up-to-date: /home/amd/Downloads/GC/install/messages/include/messages
[2.860s] -- Up-to-date: /home/amd/Downloads/GC/install/messages/include/messages/msg
[2.860s] -- Up-to-date: /home/amd/Downloads/GC/install/messages/include/messages/msg/detail
[2.860s] -- Up-to-date: /home/amd/Downloads/GC/install/messages/include/messages/msg/detail/humanoid_league_msgs__rosidl_typesupport_introspection_cpp.hpp
[2.861s] -- Up-to-date: /home/amd/Downloads/GC/install/messages/include/messages/msg/detail/humanoid_league_msgs__type_support.cpp
[2.861s] -- Up-to-date: /home/amd/Downloads/GC/install/messages/lib/libmessages__rosidl_typesupport_introspection_cpp.so
[2.861s] -- Up-to-date: /home/amd/Downloads/GC/install/messages/lib/libmessages__rosidl_typesupport_cpp.so
[2.861s] -- Up-to-date: /home/amd/Downloads/GC/install/messages/share/messages/environment/pythonpath.sh
[2.861s] -- Up-to-date: /home/amd/Downloads/GC/install/messages/share/messages/environment/pythonpath.dsv
[2.871s] -- Up-to-date: /home/amd/Downloads/GC/install/messages/lib/python3.8/site-packages/messages/__init__.py
[2.965s] -- Up-to-date: /home/amd/Downloads/GC/install/messages/lib/python3.8/site-packages/messages/msg
[2.966s] -- Up-to-date: /home/amd/Downloads/GC/install/messages/lib/python3.8/site-packages/messages/msg/_humanoid_league_msgs_s.c
[2.966s] -- Up-to-date: /home/amd/Downloads/GC/install/messages/lib/python3.8/site-packages/messages/msg/_humanoid_league_msgs.py
[2.967s] -- Up-to-date: /home/amd/Downloads/GC/install/messages/lib/python3.8/site-packages/messages/msg/__init__.py
[2.967s] -- Up-to-date: /home/amd/Downloads/GC/install/messages/lib/python3.8/site-packages/messages/messages_s__rosidl_typesupport_fastrtps_c.cpython-38-x86_64-linux-gnu.so
[2.968s] -- Up-to-date: /home/amd/Downloads/GC/install/messages/lib/python3.8/site-packages/messages/messages_s__rosidl_typesupport_introspection_c.cpython-38-x86_64-linux-gnu.so
[2.968s] -- Up-to-date: /home/amd/Downloads/GC/install/messages/lib/python3.8/site-packages/messages/messages_s__rosidl_typesupport_c.cpython-38-x86_64-linux-gnu.so
[2.969s] -- Up-to-date: /home/amd/Downloads/GC/install/messages/lib/libmessages__python.so
[2.970s] -- Up-to-date: /home/amd/Downloads/GC/install/messages/share/messages/msg/HumanoidLeagueMsgs.idl
[2.972s] -- Up-to-date: /home/amd/Downloads/GC/install/messages/share/messages/msg/HumanoidLeagueMsgs.msg
[2.972s] -- Up-to-date: /home/amd/Downloads/GC/install/messages/share/ament_index/resource_index/package_run_dependencies/messages
[2.973s] -- Up-to-date: /home/amd/Downloads/GC/install/messages/share/ament_index/resource_index/parent_prefix_path/messages
[2.973s] -- Up-to-date: /home/amd/Downloads/GC/install/messages/share/messages/environment/ament_prefix_path.sh
[2.973s] -- Up-to-date: /home/amd/Downloads/GC/install/messages/share/messages/environment/ament_prefix_path.dsv
[2.973s] -- Up-to-date: /home/amd/Downloads/GC/install/messages/share/messages/environment/path.sh
[2.973s] -- Up-to-date: /home/amd/Downloads/GC/install/messages/share/messages/environment/path.dsv
[2.974s] -- Up-to-date: /home/amd/Downloads/GC/install/messages/share/messages/local_setup.bash
[2.994s] -- Up-to-date: /home/amd/Downloads/GC/install/messages/share/messages/local_setup.sh
[2.994s] -- Up-to-date: /home/amd/Downloads/GC/install/messages/share/messages/local_setup.zsh
[2.994s] -- Up-to-date: /home/amd/Downloads/GC/install/messages/share/messages/local_setup.dsv
[2.995s] -- Installing: /home/amd/Downloads/GC/install/messages/share/messages/package.dsv
[2.995s] -- Up-to-date: /home/amd/Downloads/GC/install/messages/share/ament_index/resource_index/packages/messages
[2.995s] -- Up-to-date: /home/amd/Downloads/GC/install/messages/share/messages/cmake/messages__rosidl_generator_cExport.cmake
[2.995s] -- Up-to-date: /home/amd/Downloads/GC/install/messages/share/messages/cmake/messages__rosidl_generator_cExport-noconfig.cmake
[2.995s] -- Up-to-date: /home/amd/Downloads/GC/install/messages/share/messages/cmake/messages__rosidl_typesupport_introspection_cExport.cmake
[2.995s] -- Up-to-date: /home/amd/Downloads/GC/install/messages/share/messages/cmake/messages__rosidl_typesupport_introspection_cExport-noconfig.cmake
[2.996s] -- Up-to-date: /home/amd/Downloads/GC/install/messages/share/messages/cmake/messages__rosidl_typesupport_cExport.cmake
[2.996s] -- Up-to-date: /home/amd/Downloads/GC/install/messages/share/messages/cmake/messages__rosidl_typesupport_cExport-noconfig.cmake
[2.996s] -- Up-to-date: /home/amd/Downloads/GC/install/messages/share/messages/cmake/messages__rosidl_generator_cppExport.cmake
[2.996s] -- Up-to-date: /home/amd/Downloads/GC/install/messages/share/messages/cmake/messages__rosidl_typesupport_introspection_cppExport.cmake
[2.996s] -- Up-to-date: /home/amd/Downloads/GC/install/messages/share/messages/cmake/messages__rosidl_typesupport_introspection_cppExport-noconfig.cmake
[2.996s] -- Up-to-date: /home/amd/Downloads/GC/install/messages/share/messages/cmake/messages__rosidl_typesupport_cppExport.cmake
[2.996s] -- Up-to-date: /home/amd/Downloads/GC/install/messages/share/messages/cmake/messages__rosidl_typesupport_cppExport-noconfig.cmake
[2.996s] -- Up-to-date: /home/amd/Downloads/GC/install/messages/share/messages/cmake/rosidl_cmake-extras.cmake
[2.997s] -- Up-to-date: /home/amd/Downloads/GC/install/messages/share/messages/cmake/ament_cmake_export_dependencies-extras.cmake
[2.997s] -- Up-to-date: /home/amd/Downloads/GC/install/messages/share/messages/cmake/ament_cmake_export_libraries-extras.cmake
[2.997s] -- Up-to-date: /home/amd/Downloads/GC/install/messages/share/messages/cmake/ament_cmake_export_targets-extras.cmake
[2.997s] -- Up-to-date: /home/amd/Downloads/GC/install/messages/share/messages/cmake/ament_cmake_export_include_directories-extras.cmake
[2.997s] -- Up-to-date: /home/amd/Downloads/GC/install/messages/share/messages/cmake/rosidl_cmake_export_typesupport_libraries-extras.cmake
[2.997s] -- Up-to-date: /home/amd/Downloads/GC/install/messages/share/messages/cmake/rosidl_cmake_export_typesupport_targets-extras.cmake
[2.997s] -- Up-to-date: /home/amd/Downloads/GC/install/messages/share/messages/cmake/messagesConfig.cmake
[2.998s] -- Up-to-date: /home/amd/Downloads/GC/install/messages/share/messages/cmake/messagesConfig-version.cmake
[2.998s] -- Up-to-date: /home/amd/Downloads/GC/install/messages/share/messages/package.xml
[2.998s] Invoked command in '/home/amd/Downloads/GC/build/messages' returned '0': CMAKE_PREFIX_PATH=${CMAKE_PREFIX_PATH}:/home/amd/Downloads/GC/install/controller:/opt/ros/foxy /usr/bin/cmake --install /home/amd/Downloads/GC/build/messages
