Performing C SOURCE FILE Test CMAKE_HAVE_LIBC_PTHREAD failed with the following output:
Change Dir: /home/robofei/robotis_ws/build/dynamixel_sdk_examples/CMakeFiles/CMakeTmp

Run Build Command(s):/usr/bin/make cmTC_b82bf/fast && /usr/bin/make -f CMakeFiles/cmTC_b82bf.dir/build.make CMakeFiles/cmTC_b82bf.dir/build
make[1]: Entering directory '/home/robofei/robotis_ws/build/dynamixel_sdk_examples/CMakeFiles/CMakeTmp'
Building C object CMakeFiles/cmTC_b82bf.dir/src.c.o
/usr/bin/cc   -DCMAKE_HAVE_LIBC_PTHREAD   -o CMakeFiles/cmTC_b82bf.dir/src.c.o   -c /home/robofei/robotis_ws/build/dynamixel_sdk_examples/CMakeFiles/CMakeTmp/src.c
Linking C executable cmTC_b82bf
/usr/bin/cmake -E cmake_link_script CMakeFiles/cmTC_b82bf.dir/link.txt --verbose=1
/usr/bin/cc  -DCMAKE_HAVE_LIBC_PTHREAD    CMakeFiles/cmTC_b82bf.dir/src.c.o  -o cmTC_b82bf 
/usr/bin/ld: CMakeFiles/cmTC_b82bf.dir/src.c.o: in function `main':
src.c:(.text+0x46): undefined reference to `pthread_create'
/usr/bin/ld: src.c:(.text+0x52): undefined reference to `pthread_detach'
/usr/bin/ld: src.c:(.text+0x63): undefined reference to `pthread_join'
collect2: error: ld returned 1 exit status
make[1]: *** [CMakeFiles/cmTC_b82bf.dir/build.make:87: cmTC_b82bf] Error 1
make[1]: Leaving directory '/home/robofei/robotis_ws/build/dynamixel_sdk_examples/CMakeFiles/CMakeTmp'
make: *** [Makefile:121: cmTC_b82bf/fast] Error 2


Source file was:
#include <pthread.h>

void* test_func(void* data)
{
  return data;
}

int main(void)
{
  pthread_t thread;
  pthread_create(&thread, NULL, test_func, NULL);
  pthread_detach(thread);
  pthread_join(thread, NULL);
  pthread_atfork(NULL, NULL, NULL);
  pthread_exit(NULL);

  return 0;
}

Determining if the function pthread_create exists in the pthreads failed with the following output:
Change Dir: /home/robofei/robotis_ws/build/dynamixel_sdk_examples/CMakeFiles/CMakeTmp

Run Build Command(s):/usr/bin/make cmTC_65b7b/fast && /usr/bin/make -f CMakeFiles/cmTC_65b7b.dir/build.make CMakeFiles/cmTC_65b7b.dir/build
make[1]: Entering directory '/home/robofei/robotis_ws/build/dynamixel_sdk_examples/CMakeFiles/CMakeTmp'
Building C object CMakeFiles/cmTC_65b7b.dir/CheckFunctionExists.c.o
/usr/bin/cc   -DCHECK_FUNCTION_EXISTS=pthread_create   -o CMakeFiles/cmTC_65b7b.dir/CheckFunctionExists.c.o   -c /usr/share/cmake-3.16/Modules/CheckFunctionExists.c
Linking C executable cmTC_65b7b
/usr/bin/cmake -E cmake_link_script CMakeFiles/cmTC_65b7b.dir/link.txt --verbose=1
/usr/bin/cc  -DCHECK_FUNCTION_EXISTS=pthread_create    CMakeFiles/cmTC_65b7b.dir/CheckFunctionExists.c.o  -o cmTC_65b7b  -lpthreads 
/usr/bin/ld: cannot find -lpthreads
collect2: error: ld returned 1 exit status
make[1]: *** [CMakeFiles/cmTC_65b7b.dir/build.make:87: cmTC_65b7b] Error 1
make[1]: Leaving directory '/home/robofei/robotis_ws/build/dynamixel_sdk_examples/CMakeFiles/CMakeTmp'
make: *** [Makefile:121: cmTC_65b7b/fast] Error 2



Performing C SOURCE FILE Test CMAKE_HAVE_LIBC_PTHREAD failed with the following output:
Change Dir: /home/robofei/ROS2/robotis_ws/build/dynamixel_sdk_examples/CMakeFiles/CMakeTmp

Run Build Command(s):/usr/bin/make cmTC_c9ead/fast && /usr/bin/make -f CMakeFiles/cmTC_c9ead.dir/build.make CMakeFiles/cmTC_c9ead.dir/build
make[1]: Entering directory '/home/robofei/ROS2/robotis_ws/build/dynamixel_sdk_examples/CMakeFiles/CMakeTmp'
Building C object CMakeFiles/cmTC_c9ead.dir/src.c.o
/usr/bin/cc   -DCMAKE_HAVE_LIBC_PTHREAD   -o CMakeFiles/cmTC_c9ead.dir/src.c.o   -c /home/robofei/ROS2/robotis_ws/build/dynamixel_sdk_examples/CMakeFiles/CMakeTmp/src.c
Linking C executable cmTC_c9ead
/usr/bin/cmake -E cmake_link_script CMakeFiles/cmTC_c9ead.dir/link.txt --verbose=1
/usr/bin/cc  -DCMAKE_HAVE_LIBC_PTHREAD    CMakeFiles/cmTC_c9ead.dir/src.c.o  -o cmTC_c9ead 
/usr/bin/ld: CMakeFiles/cmTC_c9ead.dir/src.c.o: in function `main':
src.c:(.text+0x46): undefined reference to `pthread_create'
/usr/bin/ld: src.c:(.text+0x52): undefined reference to `pthread_detach'
/usr/bin/ld: src.c:(.text+0x63): undefined reference to `pthread_join'
collect2: error: ld returned 1 exit status
make[1]: *** [CMakeFiles/cmTC_c9ead.dir/build.make:87: cmTC_c9ead] Error 1
make[1]: Leaving directory '/home/robofei/ROS2/robotis_ws/build/dynamixel_sdk_examples/CMakeFiles/CMakeTmp'
make: *** [Makefile:121: cmTC_c9ead/fast] Error 2


Source file was:
#include <pthread.h>

void* test_func(void* data)
{
  return data;
}

int main(void)
{
  pthread_t thread;
  pthread_create(&thread, NULL, test_func, NULL);
  pthread_detach(thread);
  pthread_join(thread, NULL);
  pthread_atfork(NULL, NULL, NULL);
  pthread_exit(NULL);

  return 0;
}

Determining if the function pthread_create exists in the pthreads failed with the following output:
Change Dir: /home/robofei/ROS2/robotis_ws/build/dynamixel_sdk_examples/CMakeFiles/CMakeTmp

Run Build Command(s):/usr/bin/make cmTC_cbf1b/fast && /usr/bin/make -f CMakeFiles/cmTC_cbf1b.dir/build.make CMakeFiles/cmTC_cbf1b.dir/build
make[1]: Entering directory '/home/robofei/ROS2/robotis_ws/build/dynamixel_sdk_examples/CMakeFiles/CMakeTmp'
Building C object CMakeFiles/cmTC_cbf1b.dir/CheckFunctionExists.c.o
/usr/bin/cc   -DCHECK_FUNCTION_EXISTS=pthread_create   -o CMakeFiles/cmTC_cbf1b.dir/CheckFunctionExists.c.o   -c /usr/share/cmake-3.16/Modules/CheckFunctionExists.c
Linking C executable cmTC_cbf1b
/usr/bin/cmake -E cmake_link_script CMakeFiles/cmTC_cbf1b.dir/link.txt --verbose=1
/usr/bin/cc  -DCHECK_FUNCTION_EXISTS=pthread_create    CMakeFiles/cmTC_cbf1b.dir/CheckFunctionExists.c.o  -o cmTC_cbf1b  -lpthreads 
/usr/bin/ld: cannot find -lpthreads
collect2: error: ld returned 1 exit status
make[1]: *** [CMakeFiles/cmTC_cbf1b.dir/build.make:87: cmTC_cbf1b] Error 1
make[1]: Leaving directory '/home/robofei/ROS2/robotis_ws/build/dynamixel_sdk_examples/CMakeFiles/CMakeTmp'
make: *** [Makefile:121: cmTC_cbf1b/fast] Error 2



Performing C SOURCE FILE Test CMAKE_HAVE_LIBC_PTHREAD failed with the following output:
Change Dir: /home/robofei/robotis_ws/build/dynamixel_sdk_examples/CMakeFiles/CMakeTmp

Run Build Command(s):/usr/bin/make cmTC_925bd/fast && /usr/bin/make -f CMakeFiles/cmTC_925bd.dir/build.make CMakeFiles/cmTC_925bd.dir/build
make[1]: Entering directory '/home/robofei/robotis_ws/build/dynamixel_sdk_examples/CMakeFiles/CMakeTmp'
Building C object CMakeFiles/cmTC_925bd.dir/src.c.o
/usr/bin/cc   -DCMAKE_HAVE_LIBC_PTHREAD   -o CMakeFiles/cmTC_925bd.dir/src.c.o   -c /home/robofei/robotis_ws/build/dynamixel_sdk_examples/CMakeFiles/CMakeTmp/src.c
Linking C executable cmTC_925bd
/usr/bin/cmake -E cmake_link_script CMakeFiles/cmTC_925bd.dir/link.txt --verbose=1
/usr/bin/cc  -DCMAKE_HAVE_LIBC_PTHREAD    CMakeFiles/cmTC_925bd.dir/src.c.o  -o cmTC_925bd 
/usr/bin/ld: CMakeFiles/cmTC_925bd.dir/src.c.o: in function `main':
src.c:(.text+0x46): undefined reference to `pthread_create'
/usr/bin/ld: src.c:(.text+0x52): undefined reference to `pthread_detach'
/usr/bin/ld: src.c:(.text+0x63): undefined reference to `pthread_join'
collect2: error: ld returned 1 exit status
make[1]: *** [CMakeFiles/cmTC_925bd.dir/build.make:87: cmTC_925bd] Error 1
make[1]: Leaving directory '/home/robofei/robotis_ws/build/dynamixel_sdk_examples/CMakeFiles/CMakeTmp'
make: *** [Makefile:121: cmTC_925bd/fast] Error 2


Source file was:
#include <pthread.h>

void* test_func(void* data)
{
  return data;
}

int main(void)
{
  pthread_t thread;
  pthread_create(&thread, NULL, test_func, NULL);
  pthread_detach(thread);
  pthread_join(thread, NULL);
  pthread_atfork(NULL, NULL, NULL);
  pthread_exit(NULL);

  return 0;
}

Determining if the function pthread_create exists in the pthreads failed with the following output:
Change Dir: /home/robofei/robotis_ws/build/dynamixel_sdk_examples/CMakeFiles/CMakeTmp

Run Build Command(s):/usr/bin/make cmTC_ffaab/fast && /usr/bin/make -f CMakeFiles/cmTC_ffaab.dir/build.make CMakeFiles/cmTC_ffaab.dir/build
make[1]: Entering directory '/home/robofei/robotis_ws/build/dynamixel_sdk_examples/CMakeFiles/CMakeTmp'
Building C object CMakeFiles/cmTC_ffaab.dir/CheckFunctionExists.c.o
/usr/bin/cc   -DCHECK_FUNCTION_EXISTS=pthread_create   -o CMakeFiles/cmTC_ffaab.dir/CheckFunctionExists.c.o   -c /usr/share/cmake-3.16/Modules/CheckFunctionExists.c
Linking C executable cmTC_ffaab
/usr/bin/cmake -E cmake_link_script CMakeFiles/cmTC_ffaab.dir/link.txt --verbose=1
/usr/bin/cc  -DCHECK_FUNCTION_EXISTS=pthread_create    CMakeFiles/cmTC_ffaab.dir/CheckFunctionExists.c.o  -o cmTC_ffaab  -lpthreads 
/usr/bin/ld: cannot find -lpthreads
collect2: error: ld returned 1 exit status
make[1]: *** [CMakeFiles/cmTC_ffaab.dir/build.make:87: cmTC_ffaab] Error 1
make[1]: Leaving directory '/home/robofei/robotis_ws/build/dynamixel_sdk_examples/CMakeFiles/CMakeTmp'
make: *** [Makefile:121: cmTC_ffaab/fast] Error 2



Performing C SOURCE FILE Test CMAKE_HAVE_LIBC_PTHREAD failed with the following output:
Change Dir: /home/robofei/ROS2/robotis_ws/build/dynamixel_sdk_examples/CMakeFiles/CMakeTmp

Run Build Command(s):/usr/bin/make cmTC_5edc1/fast && /usr/bin/make -f CMakeFiles/cmTC_5edc1.dir/build.make CMakeFiles/cmTC_5edc1.dir/build
make[1]: Entering directory '/home/robofei/ROS2/robotis_ws/build/dynamixel_sdk_examples/CMakeFiles/CMakeTmp'
Building C object CMakeFiles/cmTC_5edc1.dir/src.c.o
/usr/bin/cc   -DCMAKE_HAVE_LIBC_PTHREAD   -o CMakeFiles/cmTC_5edc1.dir/src.c.o   -c /home/robofei/ROS2/robotis_ws/build/dynamixel_sdk_examples/CMakeFiles/CMakeTmp/src.c
Linking C executable cmTC_5edc1
/usr/bin/cmake -E cmake_link_script CMakeFiles/cmTC_5edc1.dir/link.txt --verbose=1
/usr/bin/cc  -DCMAKE_HAVE_LIBC_PTHREAD    CMakeFiles/cmTC_5edc1.dir/src.c.o  -o cmTC_5edc1 
/usr/bin/ld: CMakeFiles/cmTC_5edc1.dir/src.c.o: in function `main':
src.c:(.text+0x46): undefined reference to `pthread_create'
/usr/bin/ld: src.c:(.text+0x52): undefined reference to `pthread_detach'
/usr/bin/ld: src.c:(.text+0x63): undefined reference to `pthread_join'
collect2: error: ld returned 1 exit status
make[1]: *** [CMakeFiles/cmTC_5edc1.dir/build.make:87: cmTC_5edc1] Error 1
make[1]: Leaving directory '/home/robofei/ROS2/robotis_ws/build/dynamixel_sdk_examples/CMakeFiles/CMakeTmp'
make: *** [Makefile:121: cmTC_5edc1/fast] Error 2


Source file was:
#include <pthread.h>

void* test_func(void* data)
{
  return data;
}

int main(void)
{
  pthread_t thread;
  pthread_create(&thread, NULL, test_func, NULL);
  pthread_detach(thread);
  pthread_join(thread, NULL);
  pthread_atfork(NULL, NULL, NULL);
  pthread_exit(NULL);

  return 0;
}

Determining if the function pthread_create exists in the pthreads failed with the following output:
Change Dir: /home/robofei/ROS2/robotis_ws/build/dynamixel_sdk_examples/CMakeFiles/CMakeTmp

Run Build Command(s):/usr/bin/make cmTC_683d2/fast && /usr/bin/make -f CMakeFiles/cmTC_683d2.dir/build.make CMakeFiles/cmTC_683d2.dir/build
make[1]: Entering directory '/home/robofei/ROS2/robotis_ws/build/dynamixel_sdk_examples/CMakeFiles/CMakeTmp'
Building C object CMakeFiles/cmTC_683d2.dir/CheckFunctionExists.c.o
/usr/bin/cc   -DCHECK_FUNCTION_EXISTS=pthread_create   -o CMakeFiles/cmTC_683d2.dir/CheckFunctionExists.c.o   -c /usr/share/cmake-3.16/Modules/CheckFunctionExists.c
Linking C executable cmTC_683d2
/usr/bin/cmake -E cmake_link_script CMakeFiles/cmTC_683d2.dir/link.txt --verbose=1
/usr/bin/cc  -DCHECK_FUNCTION_EXISTS=pthread_create    CMakeFiles/cmTC_683d2.dir/CheckFunctionExists.c.o  -o cmTC_683d2  -lpthreads 
/usr/bin/ld: cannot find -lpthreads
collect2: error: ld returned 1 exit status
make[1]: *** [CMakeFiles/cmTC_683d2.dir/build.make:87: cmTC_683d2] Error 1
make[1]: Leaving directory '/home/robofei/ROS2/robotis_ws/build/dynamixel_sdk_examples/CMakeFiles/CMakeTmp'
make: *** [Makefile:121: cmTC_683d2/fast] Error 2



Performing C SOURCE FILE Test CMAKE_HAVE_LIBC_PTHREAD failed with the following output:
Change Dir: /home/robofei/Music/robotis_ws/build/dynamixel_sdk_examples/CMakeFiles/CMakeTmp

Run Build Command(s):/usr/bin/make cmTC_5c73e/fast && /usr/bin/make -f CMakeFiles/cmTC_5c73e.dir/build.make CMakeFiles/cmTC_5c73e.dir/build
make[1]: Entering directory '/home/robofei/Music/robotis_ws/build/dynamixel_sdk_examples/CMakeFiles/CMakeTmp'
Building C object CMakeFiles/cmTC_5c73e.dir/src.c.o
/usr/bin/cc   -DCMAKE_HAVE_LIBC_PTHREAD   -o CMakeFiles/cmTC_5c73e.dir/src.c.o   -c /home/robofei/Music/robotis_ws/build/dynamixel_sdk_examples/CMakeFiles/CMakeTmp/src.c
Linking C executable cmTC_5c73e
/usr/bin/cmake -E cmake_link_script CMakeFiles/cmTC_5c73e.dir/link.txt --verbose=1
/usr/bin/cc  -DCMAKE_HAVE_LIBC_PTHREAD    CMakeFiles/cmTC_5c73e.dir/src.c.o  -o cmTC_5c73e 
/usr/bin/ld: CMakeFiles/cmTC_5c73e.dir/src.c.o: in function `main':
src.c:(.text+0x46): undefined reference to `pthread_create'
/usr/bin/ld: src.c:(.text+0x52): undefined reference to `pthread_detach'
/usr/bin/ld: src.c:(.text+0x63): undefined reference to `pthread_join'
collect2: error: ld returned 1 exit status
make[1]: *** [CMakeFiles/cmTC_5c73e.dir/build.make:87: cmTC_5c73e] Error 1
make[1]: Leaving directory '/home/robofei/Music/robotis_ws/build/dynamixel_sdk_examples/CMakeFiles/CMakeTmp'
make: *** [Makefile:121: cmTC_5c73e/fast] Error 2


Source file was:
#include <pthread.h>

void* test_func(void* data)
{
  return data;
}

int main(void)
{
  pthread_t thread;
  pthread_create(&thread, NULL, test_func, NULL);
  pthread_detach(thread);
  pthread_join(thread, NULL);
  pthread_atfork(NULL, NULL, NULL);
  pthread_exit(NULL);

  return 0;
}

Determining if the function pthread_create exists in the pthreads failed with the following output:
Change Dir: /home/robofei/Music/robotis_ws/build/dynamixel_sdk_examples/CMakeFiles/CMakeTmp

Run Build Command(s):/usr/bin/make cmTC_1820d/fast && /usr/bin/make -f CMakeFiles/cmTC_1820d.dir/build.make CMakeFiles/cmTC_1820d.dir/build
make[1]: Entering directory '/home/robofei/Music/robotis_ws/build/dynamixel_sdk_examples/CMakeFiles/CMakeTmp'
Building C object CMakeFiles/cmTC_1820d.dir/CheckFunctionExists.c.o
/usr/bin/cc   -DCHECK_FUNCTION_EXISTS=pthread_create   -o CMakeFiles/cmTC_1820d.dir/CheckFunctionExists.c.o   -c /usr/share/cmake-3.16/Modules/CheckFunctionExists.c
Linking C executable cmTC_1820d
/usr/bin/cmake -E cmake_link_script CMakeFiles/cmTC_1820d.dir/link.txt --verbose=1
/usr/bin/cc  -DCHECK_FUNCTION_EXISTS=pthread_create    CMakeFiles/cmTC_1820d.dir/CheckFunctionExists.c.o  -o cmTC_1820d  -lpthreads 
/usr/bin/ld: cannot find -lpthreads
collect2: error: ld returned 1 exit status
make[1]: *** [CMakeFiles/cmTC_1820d.dir/build.make:87: cmTC_1820d] Error 1
make[1]: Leaving directory '/home/robofei/Music/robotis_ws/build/dynamixel_sdk_examples/CMakeFiles/CMakeTmp'
make: *** [Makefile:121: cmTC_1820d/fast] Error 2



Performing C SOURCE FILE Test CMAKE_HAVE_LIBC_PTHREAD failed with the following output:
Change Dir: /home/robofei/ROS2/robotis_ws/build/dynamixel_sdk_examples/CMakeFiles/CMakeTmp

Run Build Command(s):/usr/bin/make cmTC_6e575/fast && /usr/bin/make -f CMakeFiles/cmTC_6e575.dir/build.make CMakeFiles/cmTC_6e575.dir/build
make[1]: Entering directory '/home/robofei/ROS2/robotis_ws/build/dynamixel_sdk_examples/CMakeFiles/CMakeTmp'
Building C object CMakeFiles/cmTC_6e575.dir/src.c.o
/usr/bin/cc   -DCMAKE_HAVE_LIBC_PTHREAD   -o CMakeFiles/cmTC_6e575.dir/src.c.o   -c /home/robofei/ROS2/robotis_ws/build/dynamixel_sdk_examples/CMakeFiles/CMakeTmp/src.c
Linking C executable cmTC_6e575
/usr/bin/cmake -E cmake_link_script CMakeFiles/cmTC_6e575.dir/link.txt --verbose=1
/usr/bin/cc  -DCMAKE_HAVE_LIBC_PTHREAD    CMakeFiles/cmTC_6e575.dir/src.c.o  -o cmTC_6e575 
/usr/bin/ld: CMakeFiles/cmTC_6e575.dir/src.c.o: in function `main':
src.c:(.text+0x46): undefined reference to `pthread_create'
/usr/bin/ld: src.c:(.text+0x52): undefined reference to `pthread_detach'
/usr/bin/ld: src.c:(.text+0x63): undefined reference to `pthread_join'
collect2: error: ld returned 1 exit status
make[1]: *** [CMakeFiles/cmTC_6e575.dir/build.make:87: cmTC_6e575] Error 1
make[1]: Leaving directory '/home/robofei/ROS2/robotis_ws/build/dynamixel_sdk_examples/CMakeFiles/CMakeTmp'
make: *** [Makefile:121: cmTC_6e575/fast] Error 2


Source file was:
#include <pthread.h>

void* test_func(void* data)
{
  return data;
}

int main(void)
{
  pthread_t thread;
  pthread_create(&thread, NULL, test_func, NULL);
  pthread_detach(thread);
  pthread_join(thread, NULL);
  pthread_atfork(NULL, NULL, NULL);
  pthread_exit(NULL);

  return 0;
}

Determining if the function pthread_create exists in the pthreads failed with the following output:
Change Dir: /home/robofei/ROS2/robotis_ws/build/dynamixel_sdk_examples/CMakeFiles/CMakeTmp

Run Build Command(s):/usr/bin/make cmTC_b5111/fast && /usr/bin/make -f CMakeFiles/cmTC_b5111.dir/build.make CMakeFiles/cmTC_b5111.dir/build
make[1]: Entering directory '/home/robofei/ROS2/robotis_ws/build/dynamixel_sdk_examples/CMakeFiles/CMakeTmp'
Building C object CMakeFiles/cmTC_b5111.dir/CheckFunctionExists.c.o
/usr/bin/cc   -DCHECK_FUNCTION_EXISTS=pthread_create   -o CMakeFiles/cmTC_b5111.dir/CheckFunctionExists.c.o   -c /usr/share/cmake-3.16/Modules/CheckFunctionExists.c
Linking C executable cmTC_b5111
/usr/bin/cmake -E cmake_link_script CMakeFiles/cmTC_b5111.dir/link.txt --verbose=1
/usr/bin/cc  -DCHECK_FUNCTION_EXISTS=pthread_create    CMakeFiles/cmTC_b5111.dir/CheckFunctionExists.c.o  -o cmTC_b5111  -lpthreads 
/usr/bin/ld: cannot find -lpthreads
collect2: error: ld returned 1 exit status
make[1]: *** [CMakeFiles/cmTC_b5111.dir/build.make:87: cmTC_b5111] Error 1
make[1]: Leaving directory '/home/robofei/ROS2/robotis_ws/build/dynamixel_sdk_examples/CMakeFiles/CMakeTmp'
make: *** [Makefile:121: cmTC_b5111/fast] Error 2



Performing C SOURCE FILE Test CMAKE_HAVE_LIBC_PTHREAD failed with the following output:
Change Dir: /home/robofei/ROS2/dynamixel/build/dynamixel_sdk_examples/CMakeFiles/CMakeTmp

Run Build Command(s):/usr/bin/make cmTC_8c1ae/fast && /usr/bin/make -f CMakeFiles/cmTC_8c1ae.dir/build.make CMakeFiles/cmTC_8c1ae.dir/build
make[1]: Entering directory '/home/robofei/ROS2/dynamixel/build/dynamixel_sdk_examples/CMakeFiles/CMakeTmp'
Building C object CMakeFiles/cmTC_8c1ae.dir/src.c.o
/usr/bin/cc   -DCMAKE_HAVE_LIBC_PTHREAD   -o CMakeFiles/cmTC_8c1ae.dir/src.c.o   -c /home/robofei/ROS2/dynamixel/build/dynamixel_sdk_examples/CMakeFiles/CMakeTmp/src.c
Linking C executable cmTC_8c1ae
/usr/bin/cmake -E cmake_link_script CMakeFiles/cmTC_8c1ae.dir/link.txt --verbose=1
/usr/bin/cc  -DCMAKE_HAVE_LIBC_PTHREAD    CMakeFiles/cmTC_8c1ae.dir/src.c.o  -o cmTC_8c1ae 
/usr/bin/ld: CMakeFiles/cmTC_8c1ae.dir/src.c.o: in function `main':
src.c:(.text+0x46): undefined reference to `pthread_create'
/usr/bin/ld: src.c:(.text+0x52): undefined reference to `pthread_detach'
/usr/bin/ld: src.c:(.text+0x63): undefined reference to `pthread_join'
collect2: error: ld returned 1 exit status
make[1]: *** [CMakeFiles/cmTC_8c1ae.dir/build.make:87: cmTC_8c1ae] Error 1
make[1]: Leaving directory '/home/robofei/ROS2/dynamixel/build/dynamixel_sdk_examples/CMakeFiles/CMakeTmp'
make: *** [Makefile:121: cmTC_8c1ae/fast] Error 2


Source file was:
#include <pthread.h>

void* test_func(void* data)
{
  return data;
}

int main(void)
{
  pthread_t thread;
  pthread_create(&thread, NULL, test_func, NULL);
  pthread_detach(thread);
  pthread_join(thread, NULL);
  pthread_atfork(NULL, NULL, NULL);
  pthread_exit(NULL);

  return 0;
}

Determining if the function pthread_create exists in the pthreads failed with the following output:
Change Dir: /home/robofei/ROS2/dynamixel/build/dynamixel_sdk_examples/CMakeFiles/CMakeTmp

Run Build Command(s):/usr/bin/make cmTC_3c0b0/fast && /usr/bin/make -f CMakeFiles/cmTC_3c0b0.dir/build.make CMakeFiles/cmTC_3c0b0.dir/build
make[1]: Entering directory '/home/robofei/ROS2/dynamixel/build/dynamixel_sdk_examples/CMakeFiles/CMakeTmp'
Building C object CMakeFiles/cmTC_3c0b0.dir/CheckFunctionExists.c.o
/usr/bin/cc   -DCHECK_FUNCTION_EXISTS=pthread_create   -o CMakeFiles/cmTC_3c0b0.dir/CheckFunctionExists.c.o   -c /usr/share/cmake-3.16/Modules/CheckFunctionExists.c
Linking C executable cmTC_3c0b0
/usr/bin/cmake -E cmake_link_script CMakeFiles/cmTC_3c0b0.dir/link.txt --verbose=1
/usr/bin/cc  -DCHECK_FUNCTION_EXISTS=pthread_create    CMakeFiles/cmTC_3c0b0.dir/CheckFunctionExists.c.o  -o cmTC_3c0b0  -lpthreads 
/usr/bin/ld: cannot find -lpthreads
collect2: error: ld returned 1 exit status
make[1]: *** [CMakeFiles/cmTC_3c0b0.dir/build.make:87: cmTC_3c0b0] Error 1
make[1]: Leaving directory '/home/robofei/ROS2/dynamixel/build/dynamixel_sdk_examples/CMakeFiles/CMakeTmp'
make: *** [Makefile:121: cmTC_3c0b0/fast] Error 2



Performing C SOURCE FILE Test CMAKE_HAVE_LIBC_PTHREAD failed with the following output:
Change Dir: /home/robofei/ROS2/robotis_ws/build/dynamixel_sdk_examples/CMakeFiles/CMakeTmp

Run Build Command(s):/usr/bin/make cmTC_17fe7/fast && /usr/bin/make -f CMakeFiles/cmTC_17fe7.dir/build.make CMakeFiles/cmTC_17fe7.dir/build
make[1]: Entering directory '/home/robofei/ROS2/robotis_ws/build/dynamixel_sdk_examples/CMakeFiles/CMakeTmp'
Building C object CMakeFiles/cmTC_17fe7.dir/src.c.o
/usr/bin/cc   -DCMAKE_HAVE_LIBC_PTHREAD   -o CMakeFiles/cmTC_17fe7.dir/src.c.o   -c /home/robofei/ROS2/robotis_ws/build/dynamixel_sdk_examples/CMakeFiles/CMakeTmp/src.c
Linking C executable cmTC_17fe7
/usr/bin/cmake -E cmake_link_script CMakeFiles/cmTC_17fe7.dir/link.txt --verbose=1
/usr/bin/cc  -DCMAKE_HAVE_LIBC_PTHREAD    CMakeFiles/cmTC_17fe7.dir/src.c.o  -o cmTC_17fe7 
/usr/bin/ld: CMakeFiles/cmTC_17fe7.dir/src.c.o: in function `main':
src.c:(.text+0x46): undefined reference to `pthread_create'
/usr/bin/ld: src.c:(.text+0x52): undefined reference to `pthread_detach'
/usr/bin/ld: src.c:(.text+0x63): undefined reference to `pthread_join'
collect2: error: ld returned 1 exit status
make[1]: *** [CMakeFiles/cmTC_17fe7.dir/build.make:87: cmTC_17fe7] Error 1
make[1]: Leaving directory '/home/robofei/ROS2/robotis_ws/build/dynamixel_sdk_examples/CMakeFiles/CMakeTmp'
make: *** [Makefile:121: cmTC_17fe7/fast] Error 2


Source file was:
#include <pthread.h>

void* test_func(void* data)
{
  return data;
}

int main(void)
{
  pthread_t thread;
  pthread_create(&thread, NULL, test_func, NULL);
  pthread_detach(thread);
  pthread_join(thread, NULL);
  pthread_atfork(NULL, NULL, NULL);
  pthread_exit(NULL);

  return 0;
}

Determining if the function pthread_create exists in the pthreads failed with the following output:
Change Dir: /home/robofei/ROS2/robotis_ws/build/dynamixel_sdk_examples/CMakeFiles/CMakeTmp

Run Build Command(s):/usr/bin/make cmTC_4243e/fast && /usr/bin/make -f CMakeFiles/cmTC_4243e.dir/build.make CMakeFiles/cmTC_4243e.dir/build
make[1]: Entering directory '/home/robofei/ROS2/robotis_ws/build/dynamixel_sdk_examples/CMakeFiles/CMakeTmp'
Building C object CMakeFiles/cmTC_4243e.dir/CheckFunctionExists.c.o
/usr/bin/cc   -DCHECK_FUNCTION_EXISTS=pthread_create   -o CMakeFiles/cmTC_4243e.dir/CheckFunctionExists.c.o   -c /usr/share/cmake-3.16/Modules/CheckFunctionExists.c
Linking C executable cmTC_4243e
/usr/bin/cmake -E cmake_link_script CMakeFiles/cmTC_4243e.dir/link.txt --verbose=1
/usr/bin/cc  -DCHECK_FUNCTION_EXISTS=pthread_create    CMakeFiles/cmTC_4243e.dir/CheckFunctionExists.c.o  -o cmTC_4243e  -lpthreads 
/usr/bin/ld: cannot find -lpthreads
collect2: error: ld returned 1 exit status
make[1]: *** [CMakeFiles/cmTC_4243e.dir/build.make:87: cmTC_4243e] Error 1
make[1]: Leaving directory '/home/robofei/ROS2/robotis_ws/build/dynamixel_sdk_examples/CMakeFiles/CMakeTmp'
make: *** [Makefile:121: cmTC_4243e/fast] Error 2



Performing C SOURCE FILE Test CMAKE_HAVE_LIBC_PTHREAD failed with the following output:
Change Dir: /home/robofei/ROS2/dynamixel/build/dynamixel_sdk_examples/CMakeFiles/CMakeTmp

Run Build Command(s):/usr/bin/make cmTC_2d518/fast && /usr/bin/make -f CMakeFiles/cmTC_2d518.dir/build.make CMakeFiles/cmTC_2d518.dir/build
make[1]: Entering directory '/home/robofei/ROS2/dynamixel/build/dynamixel_sdk_examples/CMakeFiles/CMakeTmp'
Building C object CMakeFiles/cmTC_2d518.dir/src.c.o
/usr/bin/cc   -DCMAKE_HAVE_LIBC_PTHREAD   -o CMakeFiles/cmTC_2d518.dir/src.c.o   -c /home/robofei/ROS2/dynamixel/build/dynamixel_sdk_examples/CMakeFiles/CMakeTmp/src.c
Linking C executable cmTC_2d518
/usr/bin/cmake -E cmake_link_script CMakeFiles/cmTC_2d518.dir/link.txt --verbose=1
/usr/bin/cc  -DCMAKE_HAVE_LIBC_PTHREAD    CMakeFiles/cmTC_2d518.dir/src.c.o  -o cmTC_2d518 
/usr/bin/ld: CMakeFiles/cmTC_2d518.dir/src.c.o: in function `main':
src.c:(.text+0x46): undefined reference to `pthread_create'
/usr/bin/ld: src.c:(.text+0x52): undefined reference to `pthread_detach'
/usr/bin/ld: src.c:(.text+0x63): undefined reference to `pthread_join'
collect2: error: ld returned 1 exit status
make[1]: *** [CMakeFiles/cmTC_2d518.dir/build.make:87: cmTC_2d518] Error 1
make[1]: Leaving directory '/home/robofei/ROS2/dynamixel/build/dynamixel_sdk_examples/CMakeFiles/CMakeTmp'
make: *** [Makefile:121: cmTC_2d518/fast] Error 2


Source file was:
#include <pthread.h>

void* test_func(void* data)
{
  return data;
}

int main(void)
{
  pthread_t thread;
  pthread_create(&thread, NULL, test_func, NULL);
  pthread_detach(thread);
  pthread_join(thread, NULL);
  pthread_atfork(NULL, NULL, NULL);
  pthread_exit(NULL);

  return 0;
}

Determining if the function pthread_create exists in the pthreads failed with the following output:
Change Dir: /home/robofei/ROS2/dynamixel/build/dynamixel_sdk_examples/CMakeFiles/CMakeTmp

Run Build Command(s):/usr/bin/make cmTC_ef806/fast && /usr/bin/make -f CMakeFiles/cmTC_ef806.dir/build.make CMakeFiles/cmTC_ef806.dir/build
make[1]: Entering directory '/home/robofei/ROS2/dynamixel/build/dynamixel_sdk_examples/CMakeFiles/CMakeTmp'
Building C object CMakeFiles/cmTC_ef806.dir/CheckFunctionExists.c.o
/usr/bin/cc   -DCHECK_FUNCTION_EXISTS=pthread_create   -o CMakeFiles/cmTC_ef806.dir/CheckFunctionExists.c.o   -c /usr/share/cmake-3.16/Modules/CheckFunctionExists.c
Linking C executable cmTC_ef806
/usr/bin/cmake -E cmake_link_script CMakeFiles/cmTC_ef806.dir/link.txt --verbose=1
/usr/bin/cc  -DCHECK_FUNCTION_EXISTS=pthread_create    CMakeFiles/cmTC_ef806.dir/CheckFunctionExists.c.o  -o cmTC_ef806  -lpthreads 
/usr/bin/ld: cannot find -lpthreads
collect2: error: ld returned 1 exit status
make[1]: *** [CMakeFiles/cmTC_ef806.dir/build.make:87: cmTC_ef806] Error 1
make[1]: Leaving directory '/home/robofei/ROS2/dynamixel/build/dynamixel_sdk_examples/CMakeFiles/CMakeTmp'
make: *** [Makefile:121: cmTC_ef806/fast] Error 2



Performing C SOURCE FILE Test CMAKE_HAVE_LIBC_PTHREAD failed with the following output:
Change Dir: /home/robofei/ROS2/robotis_ws/build/dynamixel_sdk_examples/CMakeFiles/CMakeTmp

Run Build Command(s):/usr/bin/make cmTC_e1955/fast && /usr/bin/make -f CMakeFiles/cmTC_e1955.dir/build.make CMakeFiles/cmTC_e1955.dir/build
make[1]: Entering directory '/home/robofei/ROS2/robotis_ws/build/dynamixel_sdk_examples/CMakeFiles/CMakeTmp'
Building C object CMakeFiles/cmTC_e1955.dir/src.c.o
/usr/bin/cc   -DCMAKE_HAVE_LIBC_PTHREAD   -o CMakeFiles/cmTC_e1955.dir/src.c.o   -c /home/robofei/ROS2/robotis_ws/build/dynamixel_sdk_examples/CMakeFiles/CMakeTmp/src.c
Linking C executable cmTC_e1955
/usr/bin/cmake -E cmake_link_script CMakeFiles/cmTC_e1955.dir/link.txt --verbose=1
/usr/bin/cc  -DCMAKE_HAVE_LIBC_PTHREAD    CMakeFiles/cmTC_e1955.dir/src.c.o  -o cmTC_e1955 
/usr/bin/ld: CMakeFiles/cmTC_e1955.dir/src.c.o: in function `main':
src.c:(.text+0x46): undefined reference to `pthread_create'
/usr/bin/ld: src.c:(.text+0x52): undefined reference to `pthread_detach'
/usr/bin/ld: src.c:(.text+0x63): undefined reference to `pthread_join'
collect2: error: ld returned 1 exit status
make[1]: *** [CMakeFiles/cmTC_e1955.dir/build.make:87: cmTC_e1955] Error 1
make[1]: Leaving directory '/home/robofei/ROS2/robotis_ws/build/dynamixel_sdk_examples/CMakeFiles/CMakeTmp'
make: *** [Makefile:121: cmTC_e1955/fast] Error 2


Source file was:
#include <pthread.h>

void* test_func(void* data)
{
  return data;
}

int main(void)
{
  pthread_t thread;
  pthread_create(&thread, NULL, test_func, NULL);
  pthread_detach(thread);
  pthread_join(thread, NULL);
  pthread_atfork(NULL, NULL, NULL);
  pthread_exit(NULL);

  return 0;
}

Determining if the function pthread_create exists in the pthreads failed with the following output:
Change Dir: /home/robofei/ROS2/robotis_ws/build/dynamixel_sdk_examples/CMakeFiles/CMakeTmp

Run Build Command(s):/usr/bin/make cmTC_7ccee/fast && /usr/bin/make -f CMakeFiles/cmTC_7ccee.dir/build.make CMakeFiles/cmTC_7ccee.dir/build
make[1]: Entering directory '/home/robofei/ROS2/robotis_ws/build/dynamixel_sdk_examples/CMakeFiles/CMakeTmp'
Building C object CMakeFiles/cmTC_7ccee.dir/CheckFunctionExists.c.o
/usr/bin/cc   -DCHECK_FUNCTION_EXISTS=pthread_create   -o CMakeFiles/cmTC_7ccee.dir/CheckFunctionExists.c.o   -c /usr/share/cmake-3.16/Modules/CheckFunctionExists.c
Linking C executable cmTC_7ccee
/usr/bin/cmake -E cmake_link_script CMakeFiles/cmTC_7ccee.dir/link.txt --verbose=1
/usr/bin/cc  -DCHECK_FUNCTION_EXISTS=pthread_create    CMakeFiles/cmTC_7ccee.dir/CheckFunctionExists.c.o  -o cmTC_7ccee  -lpthreads 
/usr/bin/ld: cannot find -lpthreads
collect2: error: ld returned 1 exit status
make[1]: *** [CMakeFiles/cmTC_7ccee.dir/build.make:87: cmTC_7ccee] Error 1
make[1]: Leaving directory '/home/robofei/ROS2/robotis_ws/build/dynamixel_sdk_examples/CMakeFiles/CMakeTmp'
make: *** [Makefile:121: cmTC_7ccee/fast] Error 2



Performing C SOURCE FILE Test CMAKE_HAVE_LIBC_PTHREAD failed with the following output:
Change Dir: /home/robofei/ROS2/robotis_ws/build/dynamixel_sdk_examples/CMakeFiles/CMakeTmp

Run Build Command(s):/usr/bin/make cmTC_c5c49/fast && /usr/bin/make -f CMakeFiles/cmTC_c5c49.dir/build.make CMakeFiles/cmTC_c5c49.dir/build
make[1]: Entering directory '/home/robofei/ROS2/robotis_ws/build/dynamixel_sdk_examples/CMakeFiles/CMakeTmp'
Building C object CMakeFiles/cmTC_c5c49.dir/src.c.o
/usr/bin/cc   -DCMAKE_HAVE_LIBC_PTHREAD   -o CMakeFiles/cmTC_c5c49.dir/src.c.o   -c /home/robofei/ROS2/robotis_ws/build/dynamixel_sdk_examples/CMakeFiles/CMakeTmp/src.c
Linking C executable cmTC_c5c49
/usr/bin/cmake -E cmake_link_script CMakeFiles/cmTC_c5c49.dir/link.txt --verbose=1
/usr/bin/cc  -DCMAKE_HAVE_LIBC_PTHREAD    CMakeFiles/cmTC_c5c49.dir/src.c.o  -o cmTC_c5c49 
/usr/bin/ld: CMakeFiles/cmTC_c5c49.dir/src.c.o: in function `main':
src.c:(.text+0x46): undefined reference to `pthread_create'
/usr/bin/ld: src.c:(.text+0x52): undefined reference to `pthread_detach'
/usr/bin/ld: src.c:(.text+0x63): undefined reference to `pthread_join'
collect2: error: ld returned 1 exit status
make[1]: *** [CMakeFiles/cmTC_c5c49.dir/build.make:87: cmTC_c5c49] Error 1
make[1]: Leaving directory '/home/robofei/ROS2/robotis_ws/build/dynamixel_sdk_examples/CMakeFiles/CMakeTmp'
make: *** [Makefile:121: cmTC_c5c49/fast] Error 2


Source file was:
#include <pthread.h>

void* test_func(void* data)
{
  return data;
}

int main(void)
{
  pthread_t thread;
  pthread_create(&thread, NULL, test_func, NULL);
  pthread_detach(thread);
  pthread_join(thread, NULL);
  pthread_atfork(NULL, NULL, NULL);
  pthread_exit(NULL);

  return 0;
}

Determining if the function pthread_create exists in the pthreads failed with the following output:
Change Dir: /home/robofei/ROS2/robotis_ws/build/dynamixel_sdk_examples/CMakeFiles/CMakeTmp

Run Build Command(s):/usr/bin/make cmTC_0acc5/fast && /usr/bin/make -f CMakeFiles/cmTC_0acc5.dir/build.make CMakeFiles/cmTC_0acc5.dir/build
make[1]: Entering directory '/home/robofei/ROS2/robotis_ws/build/dynamixel_sdk_examples/CMakeFiles/CMakeTmp'
Building C object CMakeFiles/cmTC_0acc5.dir/CheckFunctionExists.c.o
/usr/bin/cc   -DCHECK_FUNCTION_EXISTS=pthread_create   -o CMakeFiles/cmTC_0acc5.dir/CheckFunctionExists.c.o   -c /usr/share/cmake-3.16/Modules/CheckFunctionExists.c
Linking C executable cmTC_0acc5
/usr/bin/cmake -E cmake_link_script CMakeFiles/cmTC_0acc5.dir/link.txt --verbose=1
/usr/bin/cc  -DCHECK_FUNCTION_EXISTS=pthread_create    CMakeFiles/cmTC_0acc5.dir/CheckFunctionExists.c.o  -o cmTC_0acc5  -lpthreads 
/usr/bin/ld: cannot find -lpthreads
collect2: error: ld returned 1 exit status
make[1]: *** [CMakeFiles/cmTC_0acc5.dir/build.make:87: cmTC_0acc5] Error 1
make[1]: Leaving directory '/home/robofei/ROS2/robotis_ws/build/dynamixel_sdk_examples/CMakeFiles/CMakeTmp'
make: *** [Makefile:121: cmTC_0acc5/fast] Error 2



Performing C SOURCE FILE Test CMAKE_HAVE_LIBC_PTHREAD failed with the following output:
Change Dir: /home/robofei/ROS2/robotis_ws/build/dynamixel_sdk_examples/CMakeFiles/CMakeTmp

Run Build Command(s):/usr/bin/make cmTC_55c3d/fast && /usr/bin/make -f CMakeFiles/cmTC_55c3d.dir/build.make CMakeFiles/cmTC_55c3d.dir/build
make[1]: Entering directory '/home/robofei/ROS2/robotis_ws/build/dynamixel_sdk_examples/CMakeFiles/CMakeTmp'
Building C object CMakeFiles/cmTC_55c3d.dir/src.c.o
/usr/bin/cc   -DCMAKE_HAVE_LIBC_PTHREAD   -o CMakeFiles/cmTC_55c3d.dir/src.c.o   -c /home/robofei/ROS2/robotis_ws/build/dynamixel_sdk_examples/CMakeFiles/CMakeTmp/src.c
Linking C executable cmTC_55c3d
/usr/bin/cmake -E cmake_link_script CMakeFiles/cmTC_55c3d.dir/link.txt --verbose=1
/usr/bin/cc  -DCMAKE_HAVE_LIBC_PTHREAD    CMakeFiles/cmTC_55c3d.dir/src.c.o  -o cmTC_55c3d 
/usr/bin/ld: CMakeFiles/cmTC_55c3d.dir/src.c.o: in function `main':
src.c:(.text+0x46): undefined reference to `pthread_create'
/usr/bin/ld: src.c:(.text+0x52): undefined reference to `pthread_detach'
/usr/bin/ld: src.c:(.text+0x63): undefined reference to `pthread_join'
collect2: error: ld returned 1 exit status
make[1]: *** [CMakeFiles/cmTC_55c3d.dir/build.make:87: cmTC_55c3d] Error 1
make[1]: Leaving directory '/home/robofei/ROS2/robotis_ws/build/dynamixel_sdk_examples/CMakeFiles/CMakeTmp'
make: *** [Makefile:121: cmTC_55c3d/fast] Error 2


Source file was:
#include <pthread.h>

void* test_func(void* data)
{
  return data;
}

int main(void)
{
  pthread_t thread;
  pthread_create(&thread, NULL, test_func, NULL);
  pthread_detach(thread);
  pthread_join(thread, NULL);
  pthread_atfork(NULL, NULL, NULL);
  pthread_exit(NULL);

  return 0;
}

Determining if the function pthread_create exists in the pthreads failed with the following output:
Change Dir: /home/robofei/ROS2/robotis_ws/build/dynamixel_sdk_examples/CMakeFiles/CMakeTmp

Run Build Command(s):/usr/bin/make cmTC_e31e2/fast && /usr/bin/make -f CMakeFiles/cmTC_e31e2.dir/build.make CMakeFiles/cmTC_e31e2.dir/build
make[1]: Entering directory '/home/robofei/ROS2/robotis_ws/build/dynamixel_sdk_examples/CMakeFiles/CMakeTmp'
Building C object CMakeFiles/cmTC_e31e2.dir/CheckFunctionExists.c.o
/usr/bin/cc   -DCHECK_FUNCTION_EXISTS=pthread_create   -o CMakeFiles/cmTC_e31e2.dir/CheckFunctionExists.c.o   -c /usr/share/cmake-3.16/Modules/CheckFunctionExists.c
Linking C executable cmTC_e31e2
/usr/bin/cmake -E cmake_link_script CMakeFiles/cmTC_e31e2.dir/link.txt --verbose=1
/usr/bin/cc  -DCHECK_FUNCTION_EXISTS=pthread_create    CMakeFiles/cmTC_e31e2.dir/CheckFunctionExists.c.o  -o cmTC_e31e2  -lpthreads 
/usr/bin/ld: cannot find -lpthreads
collect2: error: ld returned 1 exit status
make[1]: *** [CMakeFiles/cmTC_e31e2.dir/build.make:87: cmTC_e31e2] Error 1
make[1]: Leaving directory '/home/robofei/ROS2/robotis_ws/build/dynamixel_sdk_examples/CMakeFiles/CMakeTmp'
make: *** [Makefile:121: cmTC_e31e2/fast] Error 2



