[0.068s] Invoking command in '/home/robofei/Music/robotis_ws/build/dynamixel_sdk': CMAKE_PREFIX_PATH=${CMAKE_PREFIX_PATH}:/opt/ros/foxy /usr/bin/cmake --build /home/robofei/Music/robotis_ws/build/dynamixel_sdk -- -j4 -l4
[0.153s] [100%] Built target dynamixel_sdk
[0.165s] Invoked command in '/home/robofei/Music/robotis_ws/build/dynamixel_sdk' returned '0': CMAKE_PREFIX_PATH=${CMAKE_PREFIX_PATH}:/opt/ros/foxy /usr/bin/cmake --build /home/robofei/Music/robotis_ws/build/dynamixel_sdk -- -j4 -l4
[0.232s] Invoking command in '/home/robofei/Music/robotis_ws/build/dynamixel_sdk': CMAKE_PREFIX_PATH=${CMAKE_PREFIX_PATH}:/opt/ros/foxy /usr/bin/cmake --install /home/robofei/Music/robotis_ws/build/dynamixel_sdk
[0.250s] -- Install configuration: ""
[0.251s] -- Execute custom install script
[0.252s] -- Up-to-date symlink: /home/robofei/Music/robotis_ws/install/dynamixel_sdk/include//dynamixel_sdk/dynamixel_sdk.h
[0.252s] -- Up-to-date symlink: /home/robofei/Music/robotis_ws/install/dynamixel_sdk/include//dynamixel_sdk/group_bulk_read.h
[0.253s] -- Up-to-date symlink: /home/robofei/Music/robotis_ws/install/dynamixel_sdk/include//dynamixel_sdk/group_bulk_write.h
[0.253s] -- Up-to-date symlink: /home/robofei/Music/robotis_ws/install/dynamixel_sdk/include//dynamixel_sdk/group_sync_read.h
[0.253s] -- Up-to-date symlink: /home/robofei/Music/robotis_ws/install/dynamixel_sdk/include//dynamixel_sdk/group_sync_write.h
[0.254s] -- Up-to-date symlink: /home/robofei/Music/robotis_ws/install/dynamixel_sdk/include//dynamixel_sdk/packet_handler.h
[0.254s] -- Up-to-date symlink: /home/robofei/Music/robotis_ws/install/dynamixel_sdk/include//dynamixel_sdk/port_handler.h
[0.254s] -- Up-to-date symlink: /home/robofei/Music/robotis_ws/install/dynamixel_sdk/include//dynamixel_sdk/port_handler_arduino.h
[0.255s] -- Up-to-date symlink: /home/robofei/Music/robotis_ws/install/dynamixel_sdk/include//dynamixel_sdk/port_handler_linux.h
[0.255s] -- Up-to-date symlink: /home/robofei/Music/robotis_ws/install/dynamixel_sdk/include//dynamixel_sdk/port_handler_mac.h
[0.255s] -- Up-to-date symlink: /home/robofei/Music/robotis_ws/install/dynamixel_sdk/include//dynamixel_sdk/port_handler_windows.h
[0.256s] -- Up-to-date symlink: /home/robofei/Music/robotis_ws/install/dynamixel_sdk/include//dynamixel_sdk/protocol1_packet_handler.h
[0.256s] -- Up-to-date symlink: /home/robofei/Music/robotis_ws/install/dynamixel_sdk/include//dynamixel_sdk/protocol2_packet_handler.h
[0.257s] -- Up-to-date symlink: /home/robofei/Music/robotis_ws/install/dynamixel_sdk/lib/libdynamixel_sdk.so
[0.258s] -- Up-to-date symlink: /home/robofei/Music/robotis_ws/install/dynamixel_sdk/share/dynamixel_sdk/environment/library_path.sh
[0.258s] -- Up-to-date symlink: /home/robofei/Music/robotis_ws/install/dynamixel_sdk/share/dynamixel_sdk/environment/library_path.dsv
[0.259s] -- Up-to-date symlink: /home/robofei/Music/robotis_ws/install/dynamixel_sdk/share/ament_index/resource_index/package_run_dependencies/dynamixel_sdk
[0.259s] -- Up-to-date symlink: /home/robofei/Music/robotis_ws/install/dynamixel_sdk/share/ament_index/resource_index/parent_prefix_path/dynamixel_sdk
[0.260s] -- Up-to-date symlink: /home/robofei/Music/robotis_ws/install/dynamixel_sdk/share/dynamixel_sdk/environment/ament_prefix_path.sh
[0.260s] -- Up-to-date symlink: /home/robofei/Music/robotis_ws/install/dynamixel_sdk/share/dynamixel_sdk/environment/ament_prefix_path.dsv
[0.261s] -- Up-to-date symlink: /home/robofei/Music/robotis_ws/install/dynamixel_sdk/share/dynamixel_sdk/environment/path.sh
[0.261s] -- Up-to-date symlink: /home/robofei/Music/robotis_ws/install/dynamixel_sdk/share/dynamixel_sdk/environment/path.dsv
[0.262s] -- Up-to-date symlink: /home/robofei/Music/robotis_ws/install/dynamixel_sdk/share/dynamixel_sdk/local_setup.bash
[0.262s] -- Up-to-date symlink: /home/robofei/Music/robotis_ws/install/dynamixel_sdk/share/dynamixel_sdk/local_setup.sh
[0.263s] -- Up-to-date symlink: /home/robofei/Music/robotis_ws/install/dynamixel_sdk/share/dynamixel_sdk/local_setup.zsh
[0.263s] -- Up-to-date symlink: /home/robofei/Music/robotis_ws/install/dynamixel_sdk/share/dynamixel_sdk/local_setup.dsv
[0.264s] -- Symlinking: /home/robofei/Music/robotis_ws/install/dynamixel_sdk/share/dynamixel_sdk/package.dsv
[0.280s] -- Up-to-date symlink: /home/robofei/Music/robotis_ws/install/dynamixel_sdk/share/ament_index/resource_index/packages/dynamixel_sdk
[0.280s] -- Up-to-date symlink: /home/robofei/Music/robotis_ws/install/dynamixel_sdk/share/dynamixel_sdk/cmake/ament_cmake_export_include_directories-extras.cmake
[0.281s] -- Up-to-date symlink: /home/robofei/Music/robotis_ws/install/dynamixel_sdk/share/dynamixel_sdk/cmake/ament_cmake_export_libraries-extras.cmake
[0.281s] -- Up-to-date symlink: /home/robofei/Music/robotis_ws/install/dynamixel_sdk/share/dynamixel_sdk/cmake/dynamixel_sdkConfig.cmake
[0.282s] -- Up-to-date symlink: /home/robofei/Music/robotis_ws/install/dynamixel_sdk/share/dynamixel_sdk/cmake/dynamixel_sdkConfig-version.cmake
[0.282s] -- Up-to-date symlink: /home/robofei/Music/robotis_ws/install/dynamixel_sdk/share/dynamixel_sdk/package.xml
[0.293s] Invoked command in '/home/robofei/Music/robotis_ws/build/dynamixel_sdk' returned '0': CMAKE_PREFIX_PATH=${CMAKE_PREFIX_PATH}:/opt/ros/foxy /usr/bin/cmake --install /home/robofei/Music/robotis_ws/build/dynamixel_sdk
