[0.147s] DEBUG:colcon:Command line arguments: ['/usr/bin/colcon', 'build', '--symlink-install']
[0.147s] DEBUG:colcon:Parsed command line arguments: Namespace(allow_overriding=[], ament_cmake_args=None, base_paths=['.'], build_base='build', catkin_cmake_args=None, catkin_skip_building_tests=False, cmake_args=None, cmake_clean_cache=False, cmake_clean_first=False, cmake_force_configure=False, cmake_target=None, cmake_target_skip_unavailable=False, continue_on_error=False, event_handlers=None, executor='parallel', ignore_user_meta=False, install_base='install', log_base=None, log_level=None, main=<bound method BuildVerb.main of <colcon_core.verb.build.BuildVerb object at 0x7f91ce8cdb20>>, merge_install=False, metas=['./colcon.meta'], packages_above=None, packages_above_and_dependencies=None, packages_above_depth=None, packages_end=None, packages_ignore=None, packages_ignore_regex=None, packages_select=None, packages_select_build_failed=False, packages_select_by_dep=None, packages_select_regex=None, packages_select_test_failures=False, packages_skip=None, packages_skip_build_finished=False, packages_skip_by_dep=None, packages_skip_regex=None, packages_skip_test_passed=False, packages_skip_up_to=None, packages_start=None, packages_up_to=None, packages_up_to_regex=None, parallel_workers=4, paths=None, symlink_install=True, test_result_base=None, verb_extension=<colcon_core.verb.build.BuildVerb object at 0x7f91ce8cdb20>, verb_name='build', verb_parser=<colcon_defaults.argument_parser.defaults.DefaultArgumentsDecorator object at 0x7f91ce8580d0>)
[0.152s] Level 1:colcon.colcon_core.package_discovery:discover_packages(colcon_meta) check parameters
[0.152s] Level 1:colcon.colcon_core.package_discovery:discover_packages(recursive) check parameters
[0.152s] Level 1:colcon.colcon_core.package_discovery:discover_packages(ignore) check parameters
[0.152s] Level 1:colcon.colcon_core.package_discovery:discover_packages(path) check parameters
[0.152s] Level 1:colcon.colcon_core.package_discovery:discover_packages(colcon_meta) discover
[0.152s] Level 1:colcon.colcon_core.package_discovery:discover_packages(recursive) discover
[0.152s] INFO:colcon.colcon_core.package_discovery:Crawling recursively for packages in '/home/robofei/ROS2/GC'
[0.152s] Level 1:colcon.colcon_core.package_identification:_identify(.) by extensions ['ignore', 'ignore_ament_install']
[0.152s] Level 1:colcon.colcon_core.package_identification:_identify(.) by extension 'ignore'
[0.152s] Level 1:colcon.colcon_core.package_identification:_identify(.) by extension 'ignore_ament_install'
[0.152s] Level 1:colcon.colcon_core.package_identification:_identify(.) by extensions ['colcon_pkg']
[0.152s] Level 1:colcon.colcon_core.package_identification:_identify(.) by extension 'colcon_pkg'
[0.152s] Level 1:colcon.colcon_core.package_identification:_identify(.) by extensions ['colcon_meta']
[0.152s] Level 1:colcon.colcon_core.package_identification:_identify(.) by extension 'colcon_meta'
[0.152s] Level 1:colcon.colcon_core.package_identification:_identify(.) by extensions ['ros']
[0.152s] Level 1:colcon.colcon_core.package_identification:_identify(.) by extension 'ros'
[0.164s] Level 1:colcon.colcon_core.package_identification:_identify(.) by extensions ['cmake', 'python']
[0.165s] Level 1:colcon.colcon_core.package_identification:_identify(.) by extension 'cmake'
[0.165s] Level 1:colcon.colcon_core.package_identification:_identify(.) by extension 'python'
[0.165s] Level 1:colcon.colcon_core.package_identification:_identify(.) by extensions ['python_setup_py']
[0.165s] Level 1:colcon.colcon_core.package_identification:_identify(.) by extension 'python_setup_py'
[0.165s] Level 1:colcon.colcon_core.package_identification:_identify(build) by extensions ['ignore', 'ignore_ament_install']
[0.165s] Level 1:colcon.colcon_core.package_identification:_identify(build) by extension 'ignore'
[0.165s] Level 1:colcon.colcon_core.package_identification:_identify(build) ignored
[0.165s] Level 1:colcon.colcon_core.package_identification:_identify(install) by extensions ['ignore', 'ignore_ament_install']
[0.165s] Level 1:colcon.colcon_core.package_identification:_identify(install) by extension 'ignore'
[0.165s] Level 1:colcon.colcon_core.package_identification:_identify(install) ignored
[0.165s] Level 1:colcon.colcon_core.package_identification:_identify(log) by extensions ['ignore', 'ignore_ament_install']
[0.166s] Level 1:colcon.colcon_core.package_identification:_identify(log) by extension 'ignore'
[0.166s] Level 1:colcon.colcon_core.package_identification:_identify(log) ignored
[0.166s] Level 1:colcon.colcon_core.package_identification:_identify(src) by extensions ['ignore', 'ignore_ament_install']
[0.166s] Level 1:colcon.colcon_core.package_identification:_identify(src) by extension 'ignore'
[0.166s] Level 1:colcon.colcon_core.package_identification:_identify(src) by extension 'ignore_ament_install'
[0.166s] Level 1:colcon.colcon_core.package_identification:_identify(src) by extensions ['colcon_pkg']
[0.166s] Level 1:colcon.colcon_core.package_identification:_identify(src) by extension 'colcon_pkg'
[0.166s] Level 1:colcon.colcon_core.package_identification:_identify(src) by extensions ['colcon_meta']
[0.166s] Level 1:colcon.colcon_core.package_identification:_identify(src) by extension 'colcon_meta'
[0.166s] Level 1:colcon.colcon_core.package_identification:_identify(src) by extensions ['ros']
[0.166s] Level 1:colcon.colcon_core.package_identification:_identify(src) by extension 'ros'
[0.166s] Level 1:colcon.colcon_core.package_identification:_identify(src) by extensions ['cmake', 'python']
[0.166s] Level 1:colcon.colcon_core.package_identification:_identify(src) by extension 'cmake'
[0.166s] Level 1:colcon.colcon_core.package_identification:_identify(src) by extension 'python'
[0.166s] Level 1:colcon.colcon_core.package_identification:_identify(src) by extensions ['python_setup_py']
[0.166s] Level 1:colcon.colcon_core.package_identification:_identify(src) by extension 'python_setup_py'
[0.166s] Level 1:colcon.colcon_core.package_identification:_identify(src/controller) by extensions ['ignore', 'ignore_ament_install']
[0.167s] Level 1:colcon.colcon_core.package_identification:_identify(src/controller) by extension 'ignore'
[0.167s] Level 1:colcon.colcon_core.package_identification:_identify(src/controller) by extension 'ignore_ament_install'
[0.167s] Level 1:colcon.colcon_core.package_identification:_identify(src/controller) by extensions ['colcon_pkg']
[0.167s] Level 1:colcon.colcon_core.package_identification:_identify(src/controller) by extension 'colcon_pkg'
[0.167s] Level 1:colcon.colcon_core.package_identification:_identify(src/controller) by extensions ['colcon_meta']
[0.167s] Level 1:colcon.colcon_core.package_identification:_identify(src/controller) by extension 'colcon_meta'
[0.167s] Level 1:colcon.colcon_core.package_identification:_identify(src/controller) by extensions ['ros']
[0.167s] Level 1:colcon.colcon_core.package_identification:_identify(src/controller) by extension 'ros'
[0.169s] DEBUG:colcon.colcon_core.package_identification:Package 'src/controller' with type 'ros.ament_python' and name 'controller'
[0.170s] Level 1:colcon.colcon_core.package_identification:_identify(src/messages) by extensions ['ignore', 'ignore_ament_install']
[0.170s] Level 1:colcon.colcon_core.package_identification:_identify(src/messages) by extension 'ignore'
[0.170s] Level 1:colcon.colcon_core.package_identification:_identify(src/messages) by extension 'ignore_ament_install'
[0.170s] Level 1:colcon.colcon_core.package_identification:_identify(src/messages) by extensions ['colcon_pkg']
[0.170s] Level 1:colcon.colcon_core.package_identification:_identify(src/messages) by extension 'colcon_pkg'
[0.170s] Level 1:colcon.colcon_core.package_identification:_identify(src/messages) by extensions ['colcon_meta']
[0.170s] Level 1:colcon.colcon_core.package_identification:_identify(src/messages) by extension 'colcon_meta'
[0.170s] Level 1:colcon.colcon_core.package_identification:_identify(src/messages) by extensions ['ros']
[0.170s] Level 1:colcon.colcon_core.package_identification:_identify(src/messages) by extension 'ros'
[0.170s] Level 1:colcon.colcon_core.package_identification:_identify(src/messages) by extensions ['cmake', 'python']
[0.170s] Level 1:colcon.colcon_core.package_identification:_identify(src/messages) by extension 'cmake'
[0.170s] Level 1:colcon.colcon_core.package_identification:_identify(src/messages) by extension 'python'
[0.170s] Level 1:colcon.colcon_core.package_identification:_identify(src/messages) by extensions ['python_setup_py']
[0.170s] Level 1:colcon.colcon_core.package_identification:_identify(src/messages) by extension 'python_setup_py'
[0.170s] Level 1:colcon.colcon_core.package_identification:_identify(src/messages/messages) by extensions ['ignore', 'ignore_ament_install']
[0.170s] Level 1:colcon.colcon_core.package_identification:_identify(src/messages/messages) by extension 'ignore'
[0.171s] Level 1:colcon.colcon_core.package_identification:_identify(src/messages/messages) by extension 'ignore_ament_install'
[0.171s] Level 1:colcon.colcon_core.package_identification:_identify(src/messages/messages) by extensions ['colcon_pkg']
[0.171s] Level 1:colcon.colcon_core.package_identification:_identify(src/messages/messages) by extension 'colcon_pkg'
[0.171s] Level 1:colcon.colcon_core.package_identification:_identify(src/messages/messages) by extensions ['colcon_meta']
[0.171s] Level 1:colcon.colcon_core.package_identification:_identify(src/messages/messages) by extension 'colcon_meta'
[0.171s] Level 1:colcon.colcon_core.package_identification:_identify(src/messages/messages) by extensions ['ros']
[0.171s] Level 1:colcon.colcon_core.package_identification:_identify(src/messages/messages) by extension 'ros'
[0.171s] DEBUG:colcon.colcon_core.package_identification:Package 'src/messages/messages' with type 'ros.ament_cmake' and name 'messages'
[0.171s] Level 1:colcon.colcon_core.package_discovery:discover_packages(recursive) using defaults
[0.171s] Level 1:colcon.colcon_core.package_discovery:discover_packages(ignore) discover
[0.171s] Level 1:colcon.colcon_core.package_discovery:discover_packages(ignore) using defaults
[0.171s] Level 1:colcon.colcon_core.package_discovery:discover_packages(path) discover
[0.171s] Level 1:colcon.colcon_core.package_discovery:discover_packages(path) using defaults
[0.190s] Level 5:colcon.colcon_core.verb:set package 'controller' build argument 'cmake_args' from command line to 'None'
[0.190s] Level 5:colcon.colcon_core.verb:set package 'controller' build argument 'cmake_target' from command line to 'None'
[0.190s] Level 5:colcon.colcon_core.verb:set package 'controller' build argument 'cmake_target_skip_unavailable' from command line to 'False'
[0.190s] Level 5:colcon.colcon_core.verb:set package 'controller' build argument 'cmake_clean_cache' from command line to 'False'
[0.190s] Level 5:colcon.colcon_core.verb:set package 'controller' build argument 'cmake_clean_first' from command line to 'False'
[0.190s] Level 5:colcon.colcon_core.verb:set package 'controller' build argument 'cmake_force_configure' from command line to 'False'
[0.190s] Level 5:colcon.colcon_core.verb:set package 'controller' build argument 'ament_cmake_args' from command line to 'None'
[0.190s] Level 5:colcon.colcon_core.verb:set package 'controller' build argument 'catkin_cmake_args' from command line to 'None'
[0.190s] Level 5:colcon.colcon_core.verb:set package 'controller' build argument 'catkin_skip_building_tests' from command line to 'False'
[0.190s] DEBUG:colcon.colcon_core.verb:Building package 'controller' with the following arguments: {'ament_cmake_args': None, 'build_base': '/home/robofei/ROS2/GC/build/controller', 'catkin_cmake_args': None, 'catkin_skip_building_tests': False, 'cmake_args': None, 'cmake_clean_cache': False, 'cmake_clean_first': False, 'cmake_force_configure': False, 'cmake_target': None, 'cmake_target_skip_unavailable': False, 'install_base': '/home/robofei/ROS2/GC/install/controller', 'merge_install': False, 'path': '/home/robofei/ROS2/GC/src/controller', 'symlink_install': True, 'test_result_base': None}
[0.191s] Level 5:colcon.colcon_core.verb:set package 'messages' build argument 'cmake_args' from command line to 'None'
[0.191s] Level 5:colcon.colcon_core.verb:set package 'messages' build argument 'cmake_target' from command line to 'None'
[0.191s] Level 5:colcon.colcon_core.verb:set package 'messages' build argument 'cmake_target_skip_unavailable' from command line to 'False'
[0.191s] Level 5:colcon.colcon_core.verb:set package 'messages' build argument 'cmake_clean_cache' from command line to 'False'
[0.191s] Level 5:colcon.colcon_core.verb:set package 'messages' build argument 'cmake_clean_first' from command line to 'False'
[0.191s] Level 5:colcon.colcon_core.verb:set package 'messages' build argument 'cmake_force_configure' from command line to 'False'
[0.191s] Level 5:colcon.colcon_core.verb:set package 'messages' build argument 'ament_cmake_args' from command line to 'None'
[0.191s] Level 5:colcon.colcon_core.verb:set package 'messages' build argument 'catkin_cmake_args' from command line to 'None'
[0.191s] Level 5:colcon.colcon_core.verb:set package 'messages' build argument 'catkin_skip_building_tests' from command line to 'False'
[0.191s] DEBUG:colcon.colcon_core.verb:Building package 'messages' with the following arguments: {'ament_cmake_args': None, 'build_base': '/home/robofei/ROS2/GC/build/messages', 'catkin_cmake_args': None, 'catkin_skip_building_tests': False, 'cmake_args': None, 'cmake_clean_cache': False, 'cmake_clean_first': False, 'cmake_force_configure': False, 'cmake_target': None, 'cmake_target_skip_unavailable': False, 'install_base': '/home/robofei/ROS2/GC/install/messages', 'merge_install': False, 'path': '/home/robofei/ROS2/GC/src/messages/messages', 'symlink_install': True, 'test_result_base': None}
[0.194s] INFO:colcon.colcon_core.executor:Executing jobs using 'parallel' executor
[0.197s] DEBUG:colcon.colcon_parallel_executor.executor.parallel:run_until_complete
[0.197s] INFO:colcon.colcon_ros.task.ament_python.build:Building ROS package in '/home/robofei/ROS2/GC/src/controller' with build type 'ament_python'
[0.197s] Level 1:colcon.colcon_core.shell:create_environment_hook('controller', 'ament_prefix_path')
[0.201s] INFO:colcon.colcon_core.plugin_system:Skipping extension 'colcon_core.shell.bat': Not used on non-Windows systems
[0.201s] INFO:colcon.colcon_core.shell:Creating environment hook '/home/robofei/ROS2/GC/install/controller/share/controller/hook/ament_prefix_path.ps1'
[0.201s] INFO:colcon.colcon_core.shell:Creating environment descriptor '/home/robofei/ROS2/GC/install/controller/share/controller/hook/ament_prefix_path.dsv'
[0.202s] INFO:colcon.colcon_core.shell:Creating environment hook '/home/robofei/ROS2/GC/install/controller/share/controller/hook/ament_prefix_path.sh'
[0.203s] INFO:colcon.colcon_core.shell:Skip shell extension 'powershell' for command environment: Not usable outside of PowerShell
[0.203s] DEBUG:colcon.colcon_core.shell:Skip shell extension 'dsv' for command environment
[0.207s] INFO:colcon.colcon_ros.task.ament_cmake.build:Building ROS package in '/home/robofei/ROS2/GC/src/messages/messages' with build type 'ament_cmake'
[0.208s] INFO:colcon.colcon_cmake.task.cmake.build:Building CMake package in '/home/robofei/ROS2/GC/src/messages/messages'
[0.209s] INFO:colcon.colcon_core.shell:Skip shell extension 'powershell' for command environment: Not usable outside of PowerShell
[0.209s] DEBUG:colcon.colcon_core.shell:Skip shell extension 'dsv' for command environment
[0.448s] INFO:colcon.colcon_core.task.python.build:Building Python package in '/home/robofei/ROS2/GC/src/controller'
[0.448s] INFO:colcon.colcon_core.shell:Skip shell extension 'powershell' for command environment: Not usable outside of PowerShell
[0.449s] DEBUG:colcon.colcon_core.shell:Skip shell extension 'dsv' for command environment
[0.456s] DEBUG:colcon.colcon_core.event_handler.log_command:Invoking command in '/home/robofei/ROS2/GC/build/messages': CMAKE_PREFIX_PATH=/opt/ros/foxy /usr/bin/cmake /home/robofei/ROS2/GC/src/messages/messages -DAMENT_CMAKE_SYMLINK_INSTALL=1 -DCMAKE_INSTALL_PREFIX=/home/robofei/ROS2/GC/install/messages
[0.921s] DEBUG:colcon.colcon_core.event_handler.log_command:Invoking command in '/home/robofei/ROS2/GC/build/controller': PYTHONPATH=/home/robofei/ROS2/GC/install/controller/lib/python3.8/site-packages:${PYTHONPATH} /usr/bin/python3 setup.py develop --prefix /home/robofei/ROS2/GC/install/controller --editable --build-directory /home/robofei/ROS2/GC/build/controller/build --no-deps install_data --install-dir /home/robofei/ROS2/GC/install/controller
[1.497s] Level 1:colcon.colcon_core.shell:create_environment_hook('controller', 'pythonpath_develop')
[1.498s] INFO:colcon.colcon_core.shell:Creating environment hook '/home/robofei/ROS2/GC/build/controller/share/controller/hook/pythonpath_develop.ps1'
[1.498s] DEBUG:colcon.colcon_core.event_handler.log_command:Invoked command in '/home/robofei/ROS2/GC/build/controller' returned '0': PYTHONPATH=/home/robofei/ROS2/GC/install/controller/lib/python3.8/site-packages:${PYTHONPATH} /usr/bin/python3 setup.py develop --prefix /home/robofei/ROS2/GC/install/controller --editable --build-directory /home/robofei/ROS2/GC/build/controller/build --no-deps install_data --install-dir /home/robofei/ROS2/GC/install/controller
[1.499s] INFO:colcon.colcon_core.shell:Creating environment descriptor '/home/robofei/ROS2/GC/build/controller/share/controller/hook/pythonpath_develop.dsv'
[1.499s] INFO:colcon.colcon_core.shell:Creating environment hook '/home/robofei/ROS2/GC/build/controller/share/controller/hook/pythonpath_develop.sh'
[1.504s] Level 1:colcon.colcon_core.environment:checking '/home/robofei/ROS2/GC/install/controller' for CMake module files
[1.504s] Level 1:colcon.colcon_core.environment:checking '/home/robofei/ROS2/GC/install/controller' for CMake config files
[1.505s] Level 1:colcon.colcon_core.environment:checking '/home/robofei/ROS2/GC/install/controller/lib'
[1.505s] Level 1:colcon.colcon_core.environment:checking '/home/robofei/ROS2/GC/install/controller/bin'
[1.505s] Level 1:colcon.colcon_core.environment:checking '/home/robofei/ROS2/GC/install/controller/lib/pkgconfig/controller.pc'
[1.505s] Level 1:colcon.colcon_core.environment:checking '/home/robofei/ROS2/GC/install/controller/lib/python3.8/site-packages'
[1.506s] Level 1:colcon.colcon_core.shell:create_environment_hook('controller', 'pythonpath')
[1.506s] INFO:colcon.colcon_core.shell:Creating environment hook '/home/robofei/ROS2/GC/install/controller/share/controller/hook/pythonpath.ps1'
[1.506s] INFO:colcon.colcon_core.shell:Creating environment descriptor '/home/robofei/ROS2/GC/install/controller/share/controller/hook/pythonpath.dsv'
[1.507s] INFO:colcon.colcon_core.shell:Creating environment hook '/home/robofei/ROS2/GC/install/controller/share/controller/hook/pythonpath.sh'
[1.507s] Level 1:colcon.colcon_core.environment:create_environment_scripts_only(controller)
[1.508s] INFO:colcon.colcon_core.shell:Creating package script '/home/robofei/ROS2/GC/install/controller/share/controller/package.ps1'
[1.509s] INFO:colcon.colcon_core.shell:Creating package descriptor '/home/robofei/ROS2/GC/install/controller/share/controller/package.dsv'
[1.510s] INFO:colcon.colcon_core.shell:Creating package script '/home/robofei/ROS2/GC/install/controller/share/controller/package.sh'
[1.510s] INFO:colcon.colcon_core.shell:Creating package script '/home/robofei/ROS2/GC/install/controller/share/controller/package.bash'
[1.511s] INFO:colcon.colcon_core.shell:Creating package script '/home/robofei/ROS2/GC/install/controller/share/controller/package.zsh'
[1.512s] Level 1:colcon.colcon_core.environment:create_file_with_runtime_dependencies(/home/robofei/ROS2/GC/install/controller/share/colcon-core/packages/controller)
[3.119s] DEBUG:colcon.colcon_core.event_handler.log_command:Invoked command in '/home/robofei/ROS2/GC/build/messages' returned '0': CMAKE_PREFIX_PATH=/opt/ros/foxy /usr/bin/cmake /home/robofei/ROS2/GC/src/messages/messages -DAMENT_CMAKE_SYMLINK_INSTALL=1 -DCMAKE_INSTALL_PREFIX=/home/robofei/ROS2/GC/install/messages
[3.122s] DEBUG:colcon.colcon_core.event_handler.log_command:Invoking command in '/home/robofei/ROS2/GC/build/messages': CMAKE_PREFIX_PATH=/opt/ros/foxy /usr/bin/cmake --build /home/robofei/ROS2/GC/build/messages -- -j4 -l4
[7.592s] DEBUG:colcon.colcon_core.event_handler.log_command:Invoked command in '/home/robofei/ROS2/GC/build/messages' returned '0': CMAKE_PREFIX_PATH=/opt/ros/foxy /usr/bin/cmake --build /home/robofei/ROS2/GC/build/messages -- -j4 -l4
[7.653s] DEBUG:colcon.colcon_core.event_handler.log_command:Invoking command in '/home/robofei/ROS2/GC/build/messages': CMAKE_PREFIX_PATH=/opt/ros/foxy /usr/bin/cmake --install /home/robofei/ROS2/GC/build/messages
[8.316s] Level 1:colcon.colcon_core.environment:create_environment_scripts_only(messages)
[8.317s] Level 1:colcon.colcon_core.environment:checking '/home/robofei/ROS2/GC/install/messages' for CMake module files
[8.318s] DEBUG:colcon.colcon_core.event_handler.log_command:Invoked command in '/home/robofei/ROS2/GC/build/messages' returned '0': CMAKE_PREFIX_PATH=/opt/ros/foxy /usr/bin/cmake --install /home/robofei/ROS2/GC/build/messages
[8.319s] Level 1:colcon.colcon_core.environment:checking '/home/robofei/ROS2/GC/install/messages' for CMake config files
[8.319s] Level 1:colcon.colcon_core.shell:create_environment_hook('messages', 'cmake_prefix_path')
[8.320s] INFO:colcon.colcon_core.shell:Creating environment hook '/home/robofei/ROS2/GC/install/messages/share/messages/hook/cmake_prefix_path.ps1'
[8.320s] INFO:colcon.colcon_core.shell:Creating environment descriptor '/home/robofei/ROS2/GC/install/messages/share/messages/hook/cmake_prefix_path.dsv'
[8.321s] INFO:colcon.colcon_core.shell:Creating environment hook '/home/robofei/ROS2/GC/install/messages/share/messages/hook/cmake_prefix_path.sh'
[8.321s] Level 1:colcon.colcon_core.environment:checking '/home/robofei/ROS2/GC/install/messages/lib'
[8.322s] Level 1:colcon.colcon_core.shell:create_environment_hook('messages', 'ld_library_path_lib')
[8.322s] INFO:colcon.colcon_core.shell:Creating environment hook '/home/robofei/ROS2/GC/install/messages/share/messages/hook/ld_library_path_lib.ps1'
[8.322s] INFO:colcon.colcon_core.shell:Creating environment descriptor '/home/robofei/ROS2/GC/install/messages/share/messages/hook/ld_library_path_lib.dsv'
[8.323s] INFO:colcon.colcon_core.shell:Creating environment hook '/home/robofei/ROS2/GC/install/messages/share/messages/hook/ld_library_path_lib.sh'
[8.323s] Level 1:colcon.colcon_core.environment:checking '/home/robofei/ROS2/GC/install/messages/bin'
[8.323s] Level 1:colcon.colcon_core.environment:checking '/home/robofei/ROS2/GC/install/messages/lib/pkgconfig/messages.pc'
[8.323s] Level 1:colcon.colcon_core.environment:checking '/home/robofei/ROS2/GC/install/messages/lib/python3.8/site-packages'
[8.323s] Level 1:colcon.colcon_core.shell:create_environment_hook('messages', 'pythonpath')
[8.324s] INFO:colcon.colcon_core.shell:Creating environment hook '/home/robofei/ROS2/GC/install/messages/share/messages/hook/pythonpath.ps1'
[8.324s] INFO:colcon.colcon_core.shell:Creating environment descriptor '/home/robofei/ROS2/GC/install/messages/share/messages/hook/pythonpath.dsv'
[8.324s] INFO:colcon.colcon_core.shell:Creating environment hook '/home/robofei/ROS2/GC/install/messages/share/messages/hook/pythonpath.sh'
[8.325s] INFO:colcon.colcon_core.shell:Creating package script '/home/robofei/ROS2/GC/install/messages/share/messages/package.ps1'
[8.326s] INFO:colcon.colcon_core.shell:Creating package descriptor '/home/robofei/ROS2/GC/install/messages/share/messages/package.dsv'
[8.326s] INFO:colcon.colcon_core.shell:Creating package script '/home/robofei/ROS2/GC/install/messages/share/messages/package.sh'
[8.327s] INFO:colcon.colcon_core.shell:Creating package script '/home/robofei/ROS2/GC/install/messages/share/messages/package.bash'
[8.327s] INFO:colcon.colcon_core.shell:Creating package script '/home/robofei/ROS2/GC/install/messages/share/messages/package.zsh'
[8.327s] Level 1:colcon.colcon_core.environment:create_file_with_runtime_dependencies(/home/robofei/ROS2/GC/install/messages/share/colcon-core/packages/messages)
[8.377s] Level 1:colcon.colcon_core.environment:create_environment_scripts_only(messages)
[8.378s] Level 1:colcon.colcon_core.environment:checking '/home/robofei/ROS2/GC/install/messages' for CMake module files
[8.379s] Level 1:colcon.colcon_core.environment:checking '/home/robofei/ROS2/GC/install/messages' for CMake config files
[8.379s] Level 1:colcon.colcon_core.shell:create_environment_hook('messages', 'cmake_prefix_path')
[8.380s] INFO:colcon.colcon_core.shell:Creating environment hook '/home/robofei/ROS2/GC/install/messages/share/messages/hook/cmake_prefix_path.ps1'
[8.380s] INFO:colcon.colcon_core.shell:Creating environment descriptor '/home/robofei/ROS2/GC/install/messages/share/messages/hook/cmake_prefix_path.dsv'
[8.381s] INFO:colcon.colcon_core.shell:Creating environment hook '/home/robofei/ROS2/GC/install/messages/share/messages/hook/cmake_prefix_path.sh'
[8.381s] Level 1:colcon.colcon_core.environment:checking '/home/robofei/ROS2/GC/install/messages/lib'
[8.381s] Level 1:colcon.colcon_core.shell:create_environment_hook('messages', 'ld_library_path_lib')
[8.382s] INFO:colcon.colcon_core.shell:Creating environment hook '/home/robofei/ROS2/GC/install/messages/share/messages/hook/ld_library_path_lib.ps1'
[8.382s] INFO:colcon.colcon_core.shell:Creating environment descriptor '/home/robofei/ROS2/GC/install/messages/share/messages/hook/ld_library_path_lib.dsv'
[8.383s] INFO:colcon.colcon_core.shell:Creating environment hook '/home/robofei/ROS2/GC/install/messages/share/messages/hook/ld_library_path_lib.sh'
[8.383s] Level 1:colcon.colcon_core.environment:checking '/home/robofei/ROS2/GC/install/messages/bin'
[8.383s] Level 1:colcon.colcon_core.environment:checking '/home/robofei/ROS2/GC/install/messages/lib/pkgconfig/messages.pc'
[8.383s] Level 1:colcon.colcon_core.environment:checking '/home/robofei/ROS2/GC/install/messages/lib/python3.8/site-packages'
[8.383s] Level 1:colcon.colcon_core.shell:create_environment_hook('messages', 'pythonpath')
[8.384s] INFO:colcon.colcon_core.shell:Creating environment hook '/home/robofei/ROS2/GC/install/messages/share/messages/hook/pythonpath.ps1'
[8.384s] INFO:colcon.colcon_core.shell:Creating environment descriptor '/home/robofei/ROS2/GC/install/messages/share/messages/hook/pythonpath.dsv'
[8.384s] INFO:colcon.colcon_core.shell:Creating environment hook '/home/robofei/ROS2/GC/install/messages/share/messages/hook/pythonpath.sh'
[8.385s] INFO:colcon.colcon_core.shell:Creating package script '/home/robofei/ROS2/GC/install/messages/share/messages/package.ps1'
[8.386s] INFO:colcon.colcon_core.shell:Creating package descriptor '/home/robofei/ROS2/GC/install/messages/share/messages/package.dsv'
[8.386s] INFO:colcon.colcon_core.shell:Creating package script '/home/robofei/ROS2/GC/install/messages/share/messages/package.sh'
[8.387s] INFO:colcon.colcon_core.shell:Creating package script '/home/robofei/ROS2/GC/install/messages/share/messages/package.bash'
[8.387s] INFO:colcon.colcon_core.shell:Creating package script '/home/robofei/ROS2/GC/install/messages/share/messages/package.zsh'
[8.388s] Level 1:colcon.colcon_core.environment:create_file_with_runtime_dependencies(/home/robofei/ROS2/GC/install/messages/share/colcon-core/packages/messages)
[8.389s] DEBUG:colcon.colcon_parallel_executor.executor.parallel:closing loop
[8.389s] DEBUG:colcon.colcon_parallel_executor.executor.parallel:loop closed
[8.389s] DEBUG:colcon.colcon_parallel_executor.executor.parallel:run_until_complete finished with '0'
[8.389s] DEBUG:colcon.colcon_core.event_reactor:joining thread
[8.395s] INFO:colcon.colcon_core.plugin_system:Skipping extension 'colcon_notification.desktop_notification.terminal_notifier': Not used on non-Darwin systems
[8.395s] INFO:colcon.colcon_core.plugin_system:Skipping extension 'colcon_notification.desktop_notification.win32': Not used on non-Windows systems
[8.395s] INFO:colcon.colcon_notification.desktop_notification:Sending desktop notification using 'notify2'
[8.411s] DEBUG:colcon.colcon_core.event_reactor:joined thread
[8.412s] INFO:colcon.colcon_core.shell:Creating prefix script '/home/robofei/ROS2/GC/install/local_setup.ps1'
[8.413s] INFO:colcon.colcon_core.shell:Creating prefix util module '/home/robofei/ROS2/GC/install/_local_setup_util_ps1.py'
[8.414s] INFO:colcon.colcon_core.shell:Creating prefix chain script '/home/robofei/ROS2/GC/install/setup.ps1'
[8.415s] INFO:colcon.colcon_core.shell:Creating prefix script '/home/robofei/ROS2/GC/install/local_setup.sh'
[8.416s] INFO:colcon.colcon_core.shell:Creating prefix util module '/home/robofei/ROS2/GC/install/_local_setup_util_sh.py'
[8.417s] INFO:colcon.colcon_core.shell:Creating prefix chain script '/home/robofei/ROS2/GC/install/setup.sh'
[8.418s] INFO:colcon.colcon_core.shell:Creating prefix script '/home/robofei/ROS2/GC/install/local_setup.bash'
[8.419s] INFO:colcon.colcon_core.shell:Creating prefix chain script '/home/robofei/ROS2/GC/install/setup.bash'
[8.420s] INFO:colcon.colcon_core.shell:Creating prefix script '/home/robofei/ROS2/GC/install/local_setup.zsh'
[8.421s] INFO:colcon.colcon_core.shell:Creating prefix chain script '/home/robofei/ROS2/GC/install/setup.zsh'
