[0.015s] Invoking command in '/home/robofei/ROS2/action/build/action': AMENT_PREFIX_PATH=/home/robofei/ROS2/action/install/dynamixel_sdk_custom_interfaces:/home/robofei/ROS2/action/install/dynamixel_sdk:${AMENT_PREFIX_PATH} CMAKE_PREFIX_PATH=/home/robofei/ROS2/action/install/dynamixel_sdk_custom_interfaces:/home/robofei/ROS2/action/install/dynamixel_sdk:/opt/ros/foxy LD_LIBRARY_PATH=/home/robofei/ROS2/action/install/dynamixel_sdk_custom_interfaces/lib:/home/robofei/ROS2/action/install/dynamixel_sdk/lib:${LD_LIBRARY_PATH} PYTHONPATH=/home/robofei/ROS2/action/install/dynamixel_sdk_custom_interfaces/lib/python3.8/site-packages:${PYTHONPATH} /usr/bin/cmake --build /home/robofei/ROS2/action/build/action -- -j4 -l4
[0.059s] [35m[1mScanning dependencies of target cmd_node[0m
[0.094s] [ 50%] [32mBuilding CXX object CMakeFiles/cmd_node.dir/src/cmd_process.cpp.o[0m
[0.421s] In file included from [01m[K/home/robofei/ROS2/action/src/dynamixel_sdk_examples/include/CM730.h:11[m[K,
[0.421s]                  from [01m[K/home/robofei/ROS2/action/src/dynamixel_sdk_examples/include/DARwIn.h:11[m[K,
[0.421s]                  from [01m[K/home/robofei/ROS2/action/src/dynamixel_sdk_examples/include/LinuxDARwIn.h:11[m[K,
[0.421s]                  from [01m[K/home/robofei/ROS2/action/src/dynamixel_sdk_examples/include/cmd_process.h:5[m[K,
[0.421s]                  from [01m[K/home/robofei/ROS2/action/src/dynamixel_sdk_examples/src/cmd_process.cpp:14[m[K:
[0.421s] [01m[K/home/robofei/ROS2/action/src/dynamixel_sdk_examples/include/MX28.h:22:29:[m[K [01;31m[Kerror: [m[K‘[01m[Kconstexpr[m[K’ needed for in-class initialization of static data member ‘[01m[Kconst double Robot::MX28::MIN_ANGLE[m[K’ of non-integral type [[01;31m[K-fpermissive[m[K]
[0.421s]    22 |         static const double [01;31m[KMIN_ANGLE[m[K = -150.0; // degree
[0.421s]       |                             [01;31m[K^~~~~~~~~[m[K
[0.421s] [01m[K/home/robofei/ROS2/action/src/dynamixel_sdk_examples/include/MX28.h:23:29:[m[K [01;31m[Kerror: [m[K‘[01m[Kconstexpr[m[K’ needed for in-class initialization of static data member ‘[01m[Kconst double Robot::MX28::MAX_ANGLE[m[K’ of non-integral type [[01;31m[K-fpermissive[m[K]
[0.421s]    23 |         static const double [01;31m[KMAX_ANGLE[m[K = 150.0; // degree
[0.421s]       |                             [01;31m[K^~~~~~~~~[m[K
[0.421s] [01m[K/home/robofei/ROS2/action/src/dynamixel_sdk_examples/include/MX28.h:24:29:[m[K [01;31m[Kerror: [m[K‘[01m[Kconstexpr[m[K’ needed for in-class initialization of static data member ‘[01m[Kconst double Robot::MX28::RATIO_VALUE2ANGLE[m[K’ of non-integral type [[01;31m[K-fpermissive[m[K]
[0.421s]    24 |         static const double [01;31m[KRATIO_VALUE2ANGLE[m[K = 0.293; // 300 / 1024
[0.421s]       |                             [01;31m[K^~~~~~~~~~~~~~~~~[m[K
[0.422s] [01m[K/home/robofei/ROS2/action/src/dynamixel_sdk_examples/include/MX28.h:25:29:[m[K [01;31m[Kerror: [m[K‘[01m[Kconstexpr[m[K’ needed for in-class initialization of static data member ‘[01m[Kconst double Robot::MX28::RATIO_ANGLE2VALUE[m[K’ of non-integral type [[01;31m[K-fpermissive[m[K]
[0.422s]    25 |         static const double [01;31m[KRATIO_ANGLE2VALUE[m[K = 3.413; // 1024 / 300
[0.422s]       |                             [01;31m[K^~~~~~~~~~~~~~~~~[m[K
[0.716s] In file included from [01m[K/home/robofei/ROS2/action/src/dynamixel_sdk_examples/src/cmd_process.cpp:11[m[K:
[0.716s] [01m[K/opt/ros/foxy/include/rcutils/types/char_array.h:41:10:[m[K [01;31m[Kerror: [m[Kexpected ‘[01m[K)[m[K’ before ‘[01m[K*[m[K’ token
[0.716s]    41 |   size_t [01;31m[Kbuffer_capacity[m[K;
[0.716s]       |          [01;31m[K^~~~~~~~~~~~~~~[m[K
[0.716s] [01m[K/opt/ros/foxy/include/rcutils/types/char_array.h:41:10:[m[K [01;31m[Kerror: [m[Kexpected ‘[01m[K)[m[K’ before ‘[01m[K*[m[K’ token
[0.716s] [01m[K/opt/ros/foxy/include/rcutils/types/char_array.h:74:10:[m[K [01;31m[Kerror: [m[Kexpected ‘[01m[K)[m[K’ before ‘[01m[K([m[K’ token
[0.717s]    74 |   size_t [01;31m[Kbuffer_capacity[m[K,
[0.717s]       |          [01;31m[K^~~~~~~~~~~~~~~[m[K
[0.717s] [01m[K/opt/ros/foxy/include/rcutils/types/char_array.h:74:10:[m[K [01;31m[Kerror: [m[Kexpected ‘[01m[K)[m[K’ before ‘[01m[K([m[K’ token
[0.717s] In file included from [01m[K/opt/ros/foxy/include/rcutils/types.h:24[m[K,
[0.717s]                  from [01m[K/opt/ros/foxy/include/rcutils/time.h:26[m[K,
[0.717s]                  from [01m[K/opt/ros/foxy/include/rcutils/logging.h:25[m[K,
[0.717s]                  from [01m[K/opt/ros/foxy/include/rmw/types.h:28[m[K,
[0.717s]                  from [01m[K/opt/ros/foxy/include/rcl/types.h:18[m[K,
[0.718s]                  from [01m[K/opt/ros/foxy/include/rcl/arguments.h:20[m[K,
[0.718s]                  from [01m[K/opt/ros/foxy/include/rcl/context.h:26[m[K,
[0.718s]                  from [01m[K/opt/ros/foxy/include/rcl/guard_condition.h:24[m[K,
[0.718s]                  from [01m[K/opt/ros/foxy/include/rclcpp/executor.hpp:29[m[K,
[0.718s]                  from [01m[K/opt/ros/foxy/include/rclcpp/executors/multi_threaded_executor.hpp:26[m[K,
[0.718s]                  from [01m[K/opt/ros/foxy/include/rclcpp/executors.hpp:21[m[K,
[0.718s]                  from [01m[K/opt/ros/foxy/include/rclcpp/rclcpp.hpp:146[m[K,
[0.718s]                  from [01m[K/home/robofei/ROS2/action/src/dynamixel_sdk_examples/src/cmd_process.cpp:20[m[K:
[0.718s] [01m[K/opt/ros/foxy/include/rcutils/types/char_array.h:72:24:[m[K [01;36m[Knote: [m[Kto match this ‘[01m[K([m[K’
[0.718s]    72 | rcutils_char_array_init[01;36m[K([m[K
[0.718s]       |                        [01;36m[K^[m[K
[0.718s] In file included from [01m[K/home/robofei/ROS2/action/src/dynamixel_sdk_examples/src/cmd_process.cpp:11[m[K:
[0.718s] [01m[K/opt/ros/foxy/include/rcutils/types/char_array.h:74:10:[m[K [01;31m[Kerror: [m[Kinitializer provided for function
[0.718s]    74 |   size_t [01;31m[Kbuffer_capacity[m[K,
[0.718s]       |          [01;31m[K^~~~~~~~~~~~~~~[m[K
[0.719s] [01m[K/opt/ros/foxy/include/rcutils/types/char_array.h:74:10:[m[K [01;31m[Kerror: [m[Kexpected ‘[01m[K,[m[K’ or ‘[01m[K;[m[K’ before ‘[01m[K->[m[K’ token
[0.719s]    74 |   size_t [01;31m[Kbuffer_capacity[m[K,
[0.719s]       |          [01;31m[K^~~~~~~~~~~~~~~[m[K
[0.719s] [01m[K/opt/ros/foxy/include/rcutils/types/uint8_array.h:33:10:[m[K [01;31m[Kerror: [m[Kexpected ‘[01m[K)[m[K’ before ‘[01m[K*[m[K’ token
[0.719s]    33 |   size_t [01;31m[Kbuffer_capacity[m[K;
[0.719s]       |          [01;31m[K^~~~~~~~~~~~~~~[m[K
[0.719s] [01m[K/opt/ros/foxy/include/rcutils/types/uint8_array.h:33:10:[m[K [01;31m[Kerror: [m[Kexpected ‘[01m[K)[m[K’ before ‘[01m[K*[m[K’ token
[0.719s] [01m[K/opt/ros/foxy/include/rcutils/types/uint8_array.h:65:10:[m[K [01;31m[Kerror: [m[Kexpected ‘[01m[K)[m[K’ before ‘[01m[K([m[K’ token
[0.719s]    65 |   size_t [01;31m[Kbuffer_capacity[m[K,
[0.719s]       |          [01;31m[K^~~~~~~~~~~~~~~[m[K
[0.719s] [01m[K/opt/ros/foxy/include/rcutils/types/uint8_array.h:65:10:[m[K [01;31m[Kerror: [m[Kexpected ‘[01m[K)[m[K’ before ‘[01m[K([m[K’ token
[0.719s] In file included from [01m[K/opt/ros/foxy/include/rcutils/types.h:29[m[K,
[0.719s]                  from [01m[K/opt/ros/foxy/include/rcutils/time.h:26[m[K,
[0.719s]                  from [01m[K/opt/ros/foxy/include/rcutils/logging.h:25[m[K,
[0.719s]                  from [01m[K/opt/ros/foxy/include/rmw/types.h:28[m[K,
[0.719s]                  from [01m[K/opt/ros/foxy/include/rcl/types.h:18[m[K,
[0.720s]                  from [01m[K/opt/ros/foxy/include/rcl/arguments.h:20[m[K,
[0.720s]                  from [01m[K/opt/ros/foxy/include/rcl/context.h:26[m[K,
[0.720s]                  from [01m[K/opt/ros/foxy/include/rcl/guard_condition.h:24[m[K,
[0.720s]                  from [01m[K/opt/ros/foxy/include/rclcpp/executor.hpp:29[m[K,
[0.720s]                  from [01m[K/opt/ros/foxy/include/rclcpp/executors/multi_threaded_executor.hpp:26[m[K,
[0.720s]                  from [01m[K/opt/ros/foxy/include/rclcpp/executors.hpp:21[m[K,
[0.720s]                  from [01m[K/opt/ros/foxy/include/rclcpp/rclcpp.hpp:146[m[K,
[0.720s]                  from [01m[K/home/robofei/ROS2/action/src/dynamixel_sdk_examples/src/cmd_process.cpp:20[m[K:
[0.720s] [01m[K/opt/ros/foxy/include/rcutils/types/uint8_array.h:63:25:[m[K [01;36m[Knote: [m[Kto match this ‘[01m[K([m[K’
[0.720s]    63 | rcutils_uint8_array_init[01;36m[K([m[K
[0.720s]       |                         [01;36m[K^[m[K
[0.720s] In file included from [01m[K/home/robofei/ROS2/action/src/dynamixel_sdk_examples/src/cmd_process.cpp:11[m[K:
[0.720s] [01m[K/opt/ros/foxy/include/rcutils/types/uint8_array.h:65:10:[m[K [01;31m[Kerror: [m[Kinitializer provided for function
[0.720s]    65 |   size_t [01;31m[Kbuffer_capacity[m[K,
[0.720s]       |          [01;31m[K^~~~~~~~~~~~~~~[m[K
[0.720s] [01m[K/opt/ros/foxy/include/rcutils/types/uint8_array.h:65:10:[m[K [01;31m[Kerror: [m[Kexpected ‘[01m[K,[m[K’ or ‘[01m[K;[m[K’ before ‘[01m[K->[m[K’ token
[0.721s]    65 |   size_t [01;31m[Kbuffer_capacity[m[K,
[0.721s]       |          [01;31m[K^~~~~~~~~~~~~~~[m[K
[1.440s] [01m[K/home/robofei/ROS2/action/src/dynamixel_sdk_examples/src/cmd_process.cpp:29:26:[m[K [01;35m[Kwarning: [m[Knon-ISO-standard escape sequence, '\e'
[1.440s]    29 | const std::string azul = [01;35m[K"\e[0;36m"[m[K;
[1.440s]       |                          [01;35m[K^~~~~~~~~~[m[K
[1.440s] [01m[K/home/robofei/ROS2/action/src/dynamixel_sdk_examples/src/cmd_process.cpp:30:27:[m[K [01;35m[Kwarning: [m[Knon-ISO-standard escape sequence, '\e'
[1.441s]    30 | const std::string azulE = [01;35m[K"\e[0;34m"[m[K;
[1.441s]       |                           [01;35m[K^~~~~~~~~~[m[K
[1.441s] [01m[K/home/robofei/ROS2/action/src/dynamixel_sdk_examples/src/cmd_process.cpp:31:27:[m[K [01;35m[Kwarning: [m[Knon-ISO-standard escape sequence, '\e'
[1.441s]    31 | const std::string amare = [01;35m[K"\e[0;33m"[m[K;
[1.441s]       |                           [01;35m[K^~~~~~~~~~[m[K
[1.441s] [01m[K/home/robofei/ROS2/action/src/dynamixel_sdk_examples/src/cmd_process.cpp:32:27:[m[K [01;35m[Kwarning: [m[Knon-ISO-standard escape sequence, '\e'
[1.441s]    32 | const std::string verde = [01;35m[K"\e[0;32m"[m[K;
[1.441s]       |                           [01;35m[K^~~~~~~~~~[m[K
[1.441s] [01m[K/home/robofei/ROS2/action/src/dynamixel_sdk_examples/src/cmd_process.cpp:33:25:[m[K [01;35m[Kwarning: [m[Knon-ISO-standard escape sequence, '\e'
[1.441s]    33 | const std::string red = [01;35m[K"\e[0;31m"[m[K;
[1.441s]       |                         [01;35m[K^~~~~~~~~~[m[K
[1.441s] [01m[K/home/robofei/ROS2/action/src/dynamixel_sdk_examples/src/cmd_process.cpp:34:26:[m[K [01;35m[Kwarning: [m[Knon-ISO-standard escape sequence, '\e'
[1.441s]    34 | const std::string gray = [01;35m[K"\e[0;37m"[m[K;
[1.441s]       |                          [01;35m[K^~~~~~~~~~[m[K
[1.441s] [01m[K/home/robofei/ROS2/action/src/dynamixel_sdk_examples/src/cmd_process.cpp:35:26:[m[K [01;35m[Kwarning: [m[Knon-ISO-standard escape sequence, '\e'
[1.441s]    35 | const std::string nulo = [01;35m[K"\e[0m"[m[K;
[1.442s]       |                          [01;35m[K^~~~~~~[m[K
[1.442s] [01m[K/home/robofei/ROS2/action/src/dynamixel_sdk_examples/src/cmd_process.cpp:37:27:[m[K [01;35m[Kwarning: [m[Knon-ISO-standard escape sequence, '\e'
[1.442s]    37 | const std::string Lazul = [01;35m[K"\e[96m"[m[K;
[1.442s]       |                           [01;35m[K^~~~~~~~[m[K
[1.442s] [01m[K/home/robofei/ROS2/action/src/dynamixel_sdk_examples/src/cmd_process.cpp:38:28:[m[K [01;35m[Kwarning: [m[Knon-ISO-standard escape sequence, '\e'
[1.442s]    38 | const std::string LazulE = [01;35m[K"\e[94m"[m[K;
[1.442s]       |                            [01;35m[K^~~~~~~~[m[K
[1.442s] [01m[K/home/robofei/ROS2/action/src/dynamixel_sdk_examples/src/cmd_process.cpp:39:28:[m[K [01;35m[Kwarning: [m[Knon-ISO-standard escape sequence, '\e'
[1.442s]    39 | const std::string Lamare = [01;35m[K"\e[93m"[m[K;
[1.442s]       |                            [01;35m[K^~~~~~~~[m[K
[1.442s] [01m[K/home/robofei/ROS2/action/src/dynamixel_sdk_examples/src/cmd_process.cpp:40:28:[m[K [01;35m[Kwarning: [m[Knon-ISO-standard escape sequence, '\e'
[1.442s]    40 | const std::string Lverde = [01;35m[K"\e[92m"[m[K;
[1.442s]       |                            [01;35m[K^~~~~~~~[m[K
[1.442s] [01m[K/home/robofei/ROS2/action/src/dynamixel_sdk_examples/src/cmd_process.cpp:41:26:[m[K [01;35m[Kwarning: [m[Knon-ISO-standard escape sequence, '\e'
[1.442s]    41 | const std::string Lred = [01;35m[K"\e[91m"[m[K;
[1.443s]       |                          [01;35m[K^~~~~~~~[m[K
[1.443s] [01m[K/home/robofei/ROS2/action/src/dynamixel_sdk_examples/src/cmd_process.cpp:42:27:[m[K [01;35m[Kwarning: [m[Knon-ISO-standard escape sequence, '\e'
[1.443s]    42 | const std::string Lgray = [01;35m[K"\e[97m"[m[K;
[1.443s]       |                           [01;35m[K^~~~~~~~[m[K
[1.446s] [01m[K/home/robofei/ROS2/action/src/dynamixel_sdk_examples/src/cmd_process.cpp:69:3:[m[K [01;31m[Kerror: [m[Knon-static data member declared with placeholder ‘[01m[Kauto[m[K’
[1.446s]    69 |   [01;31m[Kauto[m[K message = dynamixel_sdk_custom_interfaces::msg::SetPosition();
[1.446s]       |   [01;31m[K^~~~[m[K
[1.451s] [01m[K/home/robofei/ROS2/action/src/dynamixel_sdk_examples/src/cmd_process.cpp:[m[K In member function ‘[01m[Kvoid Action_Editor_Pub::DrawIntro()[m[K’:
[1.451s] [01m[K/home/robofei/ROS2/action/src/dynamixel_sdk_examples/src/cmd_process.cpp:319:9:[m[K [01;35m[Kwarning: [m[Knon-ISO-standard escape sequence, '\e'
[1.451s]   319 |  system([01;35m[K"printf '\e[8;27;80t'"[m[K);
[1.451s]       |         [01;35m[K^~~~~~~~~~~~~~~~~~~~~~[m[K
[1.455s] [01m[K/home/robofei/ROS2/action/src/dynamixel_sdk_examples/src/cmd_process.cpp:[m[K In member function ‘[01m[Kvoid Action_Editor_Pub::DrawStep(int)[m[K’:
[1.455s] [01m[K/home/robofei/ROS2/action/src/dynamixel_sdk_examples/src/cmd_process.cpp:478:25:[m[K [01;35m[Kwarning: [m[Ksuggest parentheses around ‘[01m[K+[m[K’ in operand of ‘[01m[K&[m[K’ [[01;35m[K-Wparentheses[m[K]
[1.455s]   478 |   if([01;35m[Kstep->position[id] + MotionManager::GetInstance()->m_Offset[id][m[K & Action::INVALID_BIT_MASK)
[1.455s]       |      [01;35m[K~~~~~~~~~~~~~~~~~~~^~~~~~~~~~~~~~~~~~~~~~~~~~~~~~~~~~~~~~~~~~~~[m[K
[1.455s] [01m[K/home/robofei/ROS2/action/src/dynamixel_sdk_examples/src/cmd_process.cpp:480:30:[m[K [01;35m[Kwarning: [m[Ksuggest parentheses around ‘[01m[K+[m[K’ in operand of ‘[01m[K&[m[K’ [[01;35m[K-Wparentheses[m[K]
[1.455s]   480 |   else if([01;35m[Kstep->position[id] + MotionManager::GetInstance()->m_Offset[id][m[K & Action::TORQUE_OFF_BIT_MASK)
[1.455s]       |           [01;35m[K~~~~~~~~~~~~~~~~~~~^~~~~~~~~~~~~~~~~~~~~~~~~~~~~~~~~~~~~~~~~~~~[m[K
[1.457s] [01m[K/home/robofei/ROS2/action/src/dynamixel_sdk_examples/src/cmd_process.cpp:[m[K In member function ‘[01m[Kvoid Action_Editor_Pub::SetValue(int)[m[K’:
[1.457s] [01m[K/home/robofei/ROS2/action/src/dynamixel_sdk_examples/src/cmd_process.cpp:720:21:[m[K [01;35m[Kwarning: [m[Kunused variable ‘[01m[Kerror[m[K’ [[01;35m[K-Wunused-variable[m[K]
[1.457s]   720 |                 int [01;35m[Kerror[m[K;
[1.457s]       |                     [01;35m[K^~~~~[m[K
[1.457s] [01m[K/home/robofei/ROS2/action/src/dynamixel_sdk_examples/src/cmd_process.cpp:785:41:[m[K [01;35m[Kwarning: [m[Ksuggest parentheses around ‘[01m[K+[m[K’ in operand of ‘[01m[K&[m[K’ [[01;35m[K-Wparentheses[m[K]
[1.457s]   785 |     if(!([01;35m[KPage.step[i].position[row + 1] + MotionManager::GetInstance()->m_Offset[row + 1][m[K & Action::INVALID_BIT_MASK))
[1.458s]       |          [01;35m[K~~~~~~~~~~~~~~~~~~~~~~~~~~~~~~~^~~~~~~~~~~~~~~~~~~~~~~~~~~~~~~~~~~~~~~~~~~~~~~~~[m[K
[1.458s] [01m[K/home/robofei/ROS2/action/src/dynamixel_sdk_examples/src/cmd_process.cpp:[m[K In member function ‘[01m[Kvoid Action_Editor_Pub::ToggleTorque()[m[K’:
[1.459s] [01m[K/home/robofei/ROS2/action/src/dynamixel_sdk_examples/src/cmd_process.cpp:888:6:[m[K [01;35m[Kwarning: [m[Kunused variable ‘[01m[Kid[m[K’ [[01;35m[K-Wunused-variable[m[K]
[1.459s]   888 |  int [01;35m[Kid[m[K = Row + 1;
[1.459s]       |      [01;35m[K^~[m[K
[1.460s] [01m[K/home/robofei/ROS2/action/src/dynamixel_sdk_examples/src/cmd_process.cpp:[m[K In member function ‘[01m[Kvoid Action_Editor_Pub::PlayCmd()[m[K’:
[1.460s] [01m[K/home/robofei/ROS2/action/src/dynamixel_sdk_examples/src/cmd_process.cpp:994:6:[m[K [01;35m[Kwarning: [m[Kunused variable ‘[01m[Kvalue[m[K’ [[01;35m[K-Wunused-variable[m[K]
[1.460s]   994 |  int [01;35m[Kvalue[m[K;
[1.461s]       |      [01;35m[K^~~~~[m[K
[1.461s] [01m[K/home/robofei/ROS2/action/src/dynamixel_sdk_examples/src/cmd_process.cpp:[m[K In member function ‘[01m[Kvoid Action_Editor_Pub::OnOffCmd(bool, int, int*)[m[K’:
[1.461s] [01m[K/home/robofei/ROS2/action/src/dynamixel_sdk_examples/src/cmd_process.cpp:1118:20:[m[K [01;35m[Kwarning: [m[Kunused parameter ‘[01m[Kon[m[K’ [[01;35m[K-Wunused-parameter[m[K]
[1.462s]  1118 | void OnOffCmd([01;35m[Kbool on[m[K, int num_param, int *list)
[1.462s]       |               [01;35m[K~~~~~^~[m[K
[1.462s] [01m[K/home/robofei/ROS2/action/src/dynamixel_sdk_examples/src/cmd_process.cpp:1118:28:[m[K [01;35m[Kwarning: [m[Kunused parameter ‘[01m[Knum_param[m[K’ [[01;35m[K-Wunused-parameter[m[K]
[1.462s]  1118 | void OnOffCmd(bool on, [01;35m[Kint num_param[m[K, int *list)
[1.462s]       |                        [01;35m[K~~~~^~~~~~~~~[m[K
[1.462s] [01m[K/home/robofei/ROS2/action/src/dynamixel_sdk_examples/src/cmd_process.cpp:1118:44:[m[K [01;35m[Kwarning: [m[Kunused parameter ‘[01m[Klist[m[K’ [[01;35m[K-Wunused-parameter[m[K]
[1.463s]  1118 | void OnOffCmd(bool on, int num_param, [01;35m[Kint *list[m[K)
[1.463s]       |                                       [01;35m[K~~~~~^~~~[m[K
[1.463s] [01m[K/home/robofei/ROS2/action/src/dynamixel_sdk_examples/src/cmd_process.cpp:[m[K In member function ‘[01m[Kvoid Action_Editor_Pub::WriteStepCmd(int)[m[K’:
[1.463s] [01m[K/home/robofei/ROS2/action/src/dynamixel_sdk_examples/src/cmd_process.cpp:1128:24:[m[K [01;35m[Kwarning: [m[Ksuggest parentheses around ‘[01m[K+[m[K’ in operand of ‘[01m[K&[m[K’ [[01;35m[K-Wparentheses[m[K]
[1.463s]  1128 |   if([01;35m[KStep.position[id] + MotionManager::GetInstance()->m_Offset[id][m[K & Action::TORQUE_OFF_BIT_MASK)
[1.463s]       |      [01;35m[K~~~~~~~~~~~~~~~~~~^~~~~~~~~~~~~~~~~~~~~~~~~~~~~~~~~~~~~~~~~~~~[m[K
[1.463s] [01m[K/home/robofei/ROS2/action/src/dynamixel_sdk_examples/src/cmd_process.cpp:[m[K In member function ‘[01m[Kvoid Action_Editor_Pub::InsertStepCmd(int)[m[K’:
[1.464s] [01m[K/home/robofei/ROS2/action/src/dynamixel_sdk_examples/src/cmd_process.cpp:1185:24:[m[K [01;35m[Kwarning: [m[Ksuggest parentheses around ‘[01m[K+[m[K’ in operand of ‘[01m[K&[m[K’ [[01;35m[K-Wparentheses[m[K]
[1.464s]  1185 |   if([01;35m[KStep.position[id] + MotionManager::GetInstance()->m_Offset[id][m[K & Action::TORQUE_OFF_BIT_MASK)
[1.464s]       |      [01;35m[K~~~~~~~~~~~~~~~~~~^~~~~~~~~~~~~~~~~~~~~~~~~~~~~~~~~~~~~~~~~~~~[m[K
[1.464s] [01m[K/home/robofei/ROS2/action/src/dynamixel_sdk_examples/src/cmd_process.cpp:[m[K In member function ‘[01m[Kvoid Action_Editor_Pub::GoCmd(int)[m[K’:
[1.465s] [01m[K/home/robofei/ROS2/action/src/dynamixel_sdk_examples/src/cmd_process.cpp:1311:36:[m[K [01;35m[Kwarning: [m[Ksuggest parentheses around ‘[01m[K+[m[K’ in operand of ‘[01m[K&[m[K’ [[01;35m[K-Wparentheses[m[K]
[1.465s]  1311 |   if([01;35m[KPage.step[index].position[id] + MotionManager::GetInstance()->m_Offset[id][m[K & Action::INVALID_BIT_MASK)
[1.465s]       |      [01;35m[K~~~~~~~~~~~~~~~~~~~~~~~~~~~~~~^~~~~~~~~~~~~~~~~~~~~~~~~~~~~~~~~~~~~~~~~~~~[m[K
[1.465s] [01m[K/home/robofei/ROS2/action/src/dynamixel_sdk_examples/src/cmd_process.cpp:1304:21:[m[K [01;35m[Kwarning: [m[Kunused variable ‘[01m[KwStartPosition[m[K’ [[01;35m[K-Wunused-variable[m[K]
[1.465s]  1304 |  int wGoalPosition, [01;35m[KwStartPosition[m[K;
[1.465s]       |                     [01;35m[K^~~~~~~~~~~~~~[m[K
[1.467s] [01m[K/home/robofei/ROS2/action/src/dynamixel_sdk_examples/src/cmd_process.cpp:[m[K In member function ‘[01m[Kvoid Action_Editor_Pub::NameCmd()[m[K’:
[1.467s] [01m[K/home/robofei/ROS2/action/src/dynamixel_sdk_examples/src/cmd_process.cpp:1371:2:[m[K [01;31m[Kerror: [m[K‘[01m[Kgets[m[K’ was not declared in this scope; did you mean ‘[01m[Kfgets[m[K’?
[1.468s]  1371 |  [01;31m[Kgets[m[K(name);
[1.468s]       |  [01;31m[K^~~~[m[K
[1.468s]       |  [32m[Kfgets[m[K
[2.315s] make[2]: *** [CMakeFiles/cmd_node.dir/build.make:63: CMakeFiles/cmd_node.dir/src/cmd_process.cpp.o] Error 1
[2.315s] make[1]: *** [CMakeFiles/Makefile2:78: CMakeFiles/cmd_node.dir/all] Error 2
[2.315s] make: *** [Makefile:141: all] Error 2
[2.319s] Invoked command in '/home/robofei/ROS2/action/build/action' returned '2': AMENT_PREFIX_PATH=/home/robofei/ROS2/action/install/dynamixel_sdk_custom_interfaces:/home/robofei/ROS2/action/install/dynamixel_sdk:${AMENT_PREFIX_PATH} CMAKE_PREFIX_PATH=/home/robofei/ROS2/action/install/dynamixel_sdk_custom_interfaces:/home/robofei/ROS2/action/install/dynamixel_sdk:/opt/ros/foxy LD_LIBRARY_PATH=/home/robofei/ROS2/action/install/dynamixel_sdk_custom_interfaces/lib:/home/robofei/ROS2/action/install/dynamixel_sdk/lib:${LD_LIBRARY_PATH} PYTHONPATH=/home/robofei/ROS2/action/install/dynamixel_sdk_custom_interfaces/lib/python3.8/site-packages:${PYTHONPATH} /usr/bin/cmake --build /home/robofei/ROS2/action/build/action -- -j4 -l4
