[35m[1mScanning dependencies of target decision[0m
[ 50%] Built target control
[ 75%] [32mBuilding CXX object CMakeFiles/decision.dir/src/dec.cpp.o[0m
[100%] [32m[1mLinking CXX executable decision[0m
[100%] Built target decision
-- Install configuration: ""
-- Execute custom install script
-- Up-to-date symlink: /home/robofei/ROS2/action/install/control/lib/control/control
-- Up-to-date symlink: /home/robofei/ROS2/action/install/control/share/ament_index/resource_index/package_run_dependencies/control
-- Up-to-date symlink: /home/robofei/ROS2/action/install/control/share/ament_index/resource_index/parent_prefix_path/control
-- Up-to-date symlink: /home/robofei/ROS2/action/install/control/share/control/environment/ament_prefix_path.sh
-- Up-to-date symlink: /home/robofei/ROS2/action/install/control/share/control/environment/ament_prefix_path.dsv
-- Up-to-date symlink: /home/robofei/ROS2/action/install/control/share/control/environment/path.sh
-- Up-to-date symlink: /home/robofei/ROS2/action/install/control/share/control/environment/path.dsv
-- Up-to-date symlink: /home/robofei/ROS2/action/install/control/share/control/local_setup.bash
-- Up-to-date symlink: /home/robofei/ROS2/action/install/control/share/control/local_setup.sh
-- Up-to-date symlink: /home/robofei/ROS2/action/install/control/share/control/local_setup.zsh
-- Up-to-date symlink: /home/robofei/ROS2/action/install/control/share/control/local_setup.dsv
-- Symlinking: /home/robofei/ROS2/action/install/control/share/control/package.dsv
-- Up-to-date symlink: /home/robofei/ROS2/action/install/control/share/ament_index/resource_index/packages/control
-- Up-to-date symlink: /home/robofei/ROS2/action/install/control/share/control/cmake/controlConfig.cmake
-- Up-to-date symlink: /home/robofei/ROS2/action/install/control/share/control/cmake/controlConfig-version.cmake
-- Up-to-date symlink: /home/robofei/ROS2/action/install/control/share/control/package.xml
