-- The C compiler identification is GNU 9.4.0
-- The CXX compiler identification is GNU 9.4.0
-- Check for working C compiler: /usr/bin/cc
-- Check for working C compiler: /usr/bin/cc -- works
-- Detecting C compiler ABI info
-- Detecting C compiler ABI info - done
-- Detecting C compile features
-- Detecting C compile features - done
-- Check for working CXX compiler: /usr/bin/c++
-- Check for working CXX compiler: /usr/bin/c++ -- works
-- Detecting CXX compiler ABI info
-- Detecting CXX compiler ABI info - done
-- Detecting CXX compile features
-- Detecting CXX compile features - done
-- Found ament_cmake: 0.9.9 (/opt/ros/foxy/share/ament_cmake/cmake)
-- Found PythonInterp: /usr/bin/python3 (found suitable version "3.8.10", minimum required is "3") 
-- Using PYTHON_EXECUTABLE: /usr/bin/python3
-- Override CMake install command with custom implementation using symlinks instead of copying resources
-- Found builtin_interfaces: 1.0.0 (/opt/ros/foxy/share/builtin_interfaces/cmake)
-- Using all available rosidl_typesupport_c: rosidl_typesupport_fastrtps_c;rosidl_typesupport_introspection_c
-- Found rosidl_adapter: 1.2.1 (/opt/ros/foxy/share/rosidl_adapter/cmake)
-- Found OpenSSL: /usr/lib/x86_64-linux-gnu/libcrypto.so (found version "1.1.1f")  
-- Found FastRTPS: /opt/ros/foxy/include  
-- Using all available rosidl_typesupport_cpp: rosidl_typesupport_fastrtps_cpp;rosidl_typesupport_introspection_cpp
-- Found rosidl_default_generators: 1.0.1 (/opt/ros/foxy/share/rosidl_default_generators/cmake)
-- Found std_msgs: 2.0.5 (/opt/ros/foxy/share/std_msgs/cmake)
-- Found PythonInterp: /usr/bin/python3 (found version "3.8.10") 
-- Found ament_cmake_ros: 0.9.2 (/opt/ros/foxy/share/ament_cmake_ros/cmake)
-- Using all available rosidl_typesupport_c: rosidl_typesupport_fastrtps_c;rosidl_typesupport_introspection_c
-- Using all available rosidl_typesupport_cpp: rosidl_typesupport_fastrtps_cpp;rosidl_typesupport_introspection_cpp
-- Found PythonInterp: /usr/bin/python3 (found suitable version "3.8.10", minimum required is "3.5") 
-- Found python_cmake_module: 0.8.1 (/opt/ros/foxy/share/python_cmake_module/cmake)
-- Found PythonLibs: /usr/lib/x86_64-linux-gnu/libpython3.8.so (found suitable version "3.8.10", minimum required is "3.5") 
-- Using PYTHON_EXECUTABLE: /usr/bin/python3
-- Using PYTHON_INCLUDE_DIRS: /usr/include/python3.8
-- Using PYTHON_LIBRARIES: /usr/lib/x86_64-linux-gnu/libpython3.8.so
-- Found PythonExtra: .so  
-- Configuring done
-- Generating done
-- Build files have been written to: /home/robofei/ROS2/build/custom_interfaces_vision
[35m[1mScanning dependencies of target custom_interfaces_vision__cpp[0m
[  2%] [34m[1mGenerating C code for ROS interfaces[0m
[  5%] [34m[1mGenerating C++ code for ROS interfaces[0m
[  5%] Built target custom_interfaces_vision__cpp
[35m[1mScanning dependencies of target custom_interfaces_vision__rosidl_generator_c[0m
[  7%] [34m[1mGenerating C++ introspection for ROS interfaces[0m
[ 10%] [34m[1mGenerating C++ type support dispatch for ROS interfaces[0m
[ 12%] [32mBuilding C object CMakeFiles/custom_interfaces_vision__rosidl_generator_c.dir/rosidl_generator_c/custom_interfaces_vision/msg/detail/set_position__functions.c.o[0m
[ 15%] [34m[1mGenerating C++ type support for eProsima Fast-RTPS[0m
[ 17%] [32mBuilding C object CMakeFiles/custom_interfaces_vision__rosidl_generator_c.dir/rosidl_generator_c/custom_interfaces_vision/msg/detail/humanoid_league_msgs__functions.c.o[0m
[ 20%] [32m[1mLinking C shared library libcustom_interfaces_vision__rosidl_generator_c.so[0m
[ 20%] Built target custom_interfaces_vision__rosidl_generator_c
[ 23%] [34m[1mGenerating C type support dispatch for ROS interfaces[0m
[ 25%] [34m[1mGenerating C introspection for ROS interfaces[0m
[35m[1mScanning dependencies of target custom_interfaces_vision__rosidl_typesupport_introspection_cpp[0m
[ 28%] [32mBuilding CXX object CMakeFiles/custom_interfaces_vision__rosidl_typesupport_introspection_cpp.dir/rosidl_typesupport_introspection_cpp/custom_interfaces_vision/msg/detail/set_position__type_support.cpp.o[0m
[ 30%] [32mBuilding CXX object CMakeFiles/custom_interfaces_vision__rosidl_typesupport_introspection_cpp.dir/rosidl_typesupport_introspection_cpp/custom_interfaces_vision/msg/detail/humanoid_league_msgs__type_support.cpp.o[0m
[35m[1mScanning dependencies of target custom_interfaces_vision__rosidl_typesupport_cpp[0m
[35m[1mScanning dependencies of target custom_interfaces_vision__rosidl_typesupport_introspection_c[0m
[ 33%] [32mBuilding CXX object CMakeFiles/custom_interfaces_vision__rosidl_typesupport_cpp.dir/rosidl_typesupport_cpp/custom_interfaces_vision/msg/set_position__type_support.cpp.o[0m
[ 35%] [32mBuilding C object CMakeFiles/custom_interfaces_vision__rosidl_typesupport_introspection_c.dir/rosidl_typesupport_introspection_c/custom_interfaces_vision/msg/detail/set_position__type_support.c.o[0m
[ 38%] [32mBuilding CXX object CMakeFiles/custom_interfaces_vision__rosidl_typesupport_cpp.dir/rosidl_typesupport_cpp/custom_interfaces_vision/msg/humanoid_league_msgs__type_support.cpp.o[0m
[ 41%] [32mBuilding C object CMakeFiles/custom_interfaces_vision__rosidl_typesupport_introspection_c.dir/rosidl_typesupport_introspection_c/custom_interfaces_vision/msg/detail/humanoid_league_msgs__type_support.c.o[0m
[ 43%] [32m[1mLinking C shared library libcustom_interfaces_vision__rosidl_typesupport_introspection_c.so[0m
[35m[1mScanning dependencies of target custom_interfaces_vision__rosidl_typesupport_fastrtps_cpp[0m
[ 46%] [32mBuilding CXX object CMakeFiles/custom_interfaces_vision__rosidl_typesupport_fastrtps_cpp.dir/rosidl_typesupport_fastrtps_cpp/custom_interfaces_vision/msg/detail/dds_fastrtps/set_position__type_support.cpp.o[0m
[35m[1mScanning dependencies of target custom_interfaces_vision__rosidl_typesupport_c[0m
[ 48%] [32mBuilding CXX object CMakeFiles/custom_interfaces_vision__rosidl_typesupport_fastrtps_cpp.dir/rosidl_typesupport_fastrtps_cpp/custom_interfaces_vision/msg/detail/dds_fastrtps/humanoid_league_msgs__type_support.cpp.o[0m
[ 48%] Built target custom_interfaces_vision__rosidl_typesupport_introspection_c
[ 51%] [32mBuilding CXX object CMakeFiles/custom_interfaces_vision__rosidl_typesupport_c.dir/rosidl_typesupport_c/custom_interfaces_vision/msg/set_position__type_support.cpp.o[0m
[ 53%] [32mBuilding CXX object CMakeFiles/custom_interfaces_vision__rosidl_typesupport_c.dir/rosidl_typesupport_c/custom_interfaces_vision/msg/humanoid_league_msgs__type_support.cpp.o[0m
[ 56%] [32m[1mLinking CXX shared library libcustom_interfaces_vision__rosidl_typesupport_c.so[0m
[ 56%] Built target custom_interfaces_vision__rosidl_typesupport_c
[ 58%] [32m[1mLinking CXX shared library libcustom_interfaces_vision__rosidl_typesupport_introspection_cpp.so[0m
[ 58%] Built target custom_interfaces_vision__rosidl_typesupport_introspection_cpp
[ 61%] [32m[1mLinking CXX shared library libcustom_interfaces_vision__rosidl_typesupport_cpp.so[0m
[ 61%] Built target custom_interfaces_vision__rosidl_typesupport_cpp
[ 64%] [32m[1mLinking CXX shared library libcustom_interfaces_vision__rosidl_typesupport_fastrtps_cpp.so[0m
[ 64%] Built target custom_interfaces_vision__rosidl_typesupport_fastrtps_cpp
[ 66%] [34m[1mGenerating C type support for eProsima Fast-RTPS[0m
[35m[1mScanning dependencies of target custom_interfaces_vision__rosidl_typesupport_fastrtps_c[0m
[ 69%] [32mBuilding CXX object CMakeFiles/custom_interfaces_vision__rosidl_typesupport_fastrtps_c.dir/rosidl_typesupport_fastrtps_c/custom_interfaces_vision/msg/detail/humanoid_league_msgs__type_support_c.cpp.o[0m
[ 71%] [32mBuilding CXX object CMakeFiles/custom_interfaces_vision__rosidl_typesupport_fastrtps_c.dir/rosidl_typesupport_fastrtps_c/custom_interfaces_vision/msg/detail/set_position__type_support_c.cpp.o[0m
[ 74%] [32m[1mLinking CXX shared library libcustom_interfaces_vision__rosidl_typesupport_fastrtps_c.so[0m
[ 74%] Built target custom_interfaces_vision__rosidl_typesupport_fastrtps_c
[35m[1mScanning dependencies of target custom_interfaces_vision[0m
[ 74%] Built target custom_interfaces_vision
[35m[1mScanning dependencies of target custom_interfaces_vision__py[0m
[ 76%] [34m[1mGenerating Python code for ROS interfaces[0m
[ 76%] Built target custom_interfaces_vision__py
[35m[1mScanning dependencies of target custom_interfaces_vision__python[0m
[ 79%] [32mBuilding C object CMakeFiles/custom_interfaces_vision__python.dir/rosidl_generator_py/custom_interfaces_vision/msg/_set_position_s.c.o[0m
[ 82%] [32mBuilding C object CMakeFiles/custom_interfaces_vision__python.dir/rosidl_generator_py/custom_interfaces_vision/msg/_humanoid_league_msgs_s.c.o[0m
[ 84%] [32m[1mLinking C shared library rosidl_generator_py/custom_interfaces_vision/libcustom_interfaces_vision__python.so[0m
[ 84%] Built target custom_interfaces_vision__python
[35m[1mScanning dependencies of target custom_interfaces_vision__rosidl_typesupport_introspection_c__pyext[0m
[35m[1mScanning dependencies of target custom_interfaces_vision__rosidl_typesupport_fastrtps_c__pyext[0m
[35m[1mScanning dependencies of target custom_interfaces_vision__rosidl_typesupport_c__pyext[0m
[ 87%] [32mBuilding C object CMakeFiles/custom_interfaces_vision__rosidl_typesupport_introspection_c__pyext.dir/rosidl_generator_py/custom_interfaces_vision/_custom_interfaces_vision_s.ep.rosidl_typesupport_introspection_c.c.o[0m
[ 89%] [32mBuilding C object CMakeFiles/custom_interfaces_vision__rosidl_typesupport_fastrtps_c__pyext.dir/rosidl_generator_py/custom_interfaces_vision/_custom_interfaces_vision_s.ep.rosidl_typesupport_fastrtps_c.c.o[0m
[ 92%] [32mBuilding C object CMakeFiles/custom_interfaces_vision__rosidl_typesupport_c__pyext.dir/rosidl_generator_py/custom_interfaces_vision/_custom_interfaces_vision_s.ep.rosidl_typesupport_c.c.o[0m
[ 97%] [32m[1mLinking C shared library rosidl_generator_py/custom_interfaces_vision/custom_interfaces_vision_s__rosidl_typesupport_introspection_c.cpython-38-x86_64-linux-gnu.so[0m
[ 97%] [32m[1mLinking C shared library rosidl_generator_py/custom_interfaces_vision/custom_interfaces_vision_s__rosidl_typesupport_c.cpython-38-x86_64-linux-gnu.so[0m
[100%] [32m[1mLinking CXX shared library rosidl_generator_py/custom_interfaces_vision/custom_interfaces_vision_s__rosidl_typesupport_fastrtps_c.cpython-38-x86_64-linux-gnu.so[0m
[100%] Built target custom_interfaces_vision__rosidl_typesupport_introspection_c__pyext
[100%] Built target custom_interfaces_vision__rosidl_typesupport_c__pyext
[100%] Built target custom_interfaces_vision__rosidl_typesupport_fastrtps_c__pyext
-- Install configuration: ""
-- Execute custom install script
-- Symlinking: /home/robofei/ROS2/install/custom_interfaces_vision/share/ament_index/resource_index/rosidl_interfaces/custom_interfaces_vision
-- Symlinking: /home/robofei/ROS2/install/custom_interfaces_vision/include/custom_interfaces_vision/msg/detail/humanoid_league_msgs__functions.h
-- Symlinking: /home/robofei/ROS2/install/custom_interfaces_vision/include/custom_interfaces_vision/msg/detail/humanoid_league_msgs__struct.h
-- Symlinking: /home/robofei/ROS2/install/custom_interfaces_vision/include/custom_interfaces_vision/msg/detail/humanoid_league_msgs__type_support.h
-- Symlinking: /home/robofei/ROS2/install/custom_interfaces_vision/include/custom_interfaces_vision/msg/detail/set_position__functions.h
-- Symlinking: /home/robofei/ROS2/install/custom_interfaces_vision/include/custom_interfaces_vision/msg/detail/set_position__struct.h
-- Symlinking: /home/robofei/ROS2/install/custom_interfaces_vision/include/custom_interfaces_vision/msg/detail/set_position__type_support.h
-- Symlinking: /home/robofei/ROS2/install/custom_interfaces_vision/include/custom_interfaces_vision/msg/humanoid_league_msgs.h
-- Symlinking: /home/robofei/ROS2/install/custom_interfaces_vision/include/custom_interfaces_vision/msg/rosidl_generator_c__visibility_control.h
-- Symlinking: /home/robofei/ROS2/install/custom_interfaces_vision/include/custom_interfaces_vision/msg/set_position.h
-- Symlinking: /home/robofei/ROS2/install/custom_interfaces_vision/share/custom_interfaces_vision/environment/library_path.sh
-- Symlinking: /home/robofei/ROS2/install/custom_interfaces_vision/share/custom_interfaces_vision/environment/library_path.dsv
-- Symlinking: /home/robofei/ROS2/install/custom_interfaces_vision/include/custom_interfaces_vision/msg/detail/humanoid_league_msgs__rosidl_typesupport_fastrtps_c.h
-- Symlinking: /home/robofei/ROS2/install/custom_interfaces_vision/include/custom_interfaces_vision/msg/detail/set_position__rosidl_typesupport_fastrtps_c.h
-- Symlinking: /home/robofei/ROS2/install/custom_interfaces_vision/include/custom_interfaces_vision/msg/rosidl_typesupport_fastrtps_c__visibility_control.h
-- Symlinking: /home/robofei/ROS2/install/custom_interfaces_vision/lib/libcustom_interfaces_vision__rosidl_typesupport_fastrtps_c.so
-- Symlinking: /home/robofei/ROS2/install/custom_interfaces_vision/include/custom_interfaces_vision/msg/detail/humanoid_league_msgs__rosidl_typesupport_fastrtps_cpp.hpp
-- Symlinking: /home/robofei/ROS2/install/custom_interfaces_vision/include/custom_interfaces_vision/msg/detail/set_position__rosidl_typesupport_fastrtps_cpp.hpp
-- Symlinking: /home/robofei/ROS2/install/custom_interfaces_vision/include/custom_interfaces_vision/msg/rosidl_typesupport_fastrtps_cpp__visibility_control.h
-- Symlinking: /home/robofei/ROS2/install/custom_interfaces_vision/lib/libcustom_interfaces_vision__rosidl_typesupport_fastrtps_cpp.so
-- Symlinking: /home/robofei/ROS2/install/custom_interfaces_vision/include/custom_interfaces_vision/msg/detail/humanoid_league_msgs__rosidl_typesupport_introspection_c.h
-- Symlinking: /home/robofei/ROS2/install/custom_interfaces_vision/include/custom_interfaces_vision/msg/detail/set_position__rosidl_typesupport_introspection_c.h
-- Symlinking: /home/robofei/ROS2/install/custom_interfaces_vision/include/custom_interfaces_vision/msg/rosidl_typesupport_introspection_c__visibility_control.h
-- Symlinking: /home/robofei/ROS2/install/custom_interfaces_vision/include/custom_interfaces_vision/msg/detail/humanoid_league_msgs__builder.hpp
-- Symlinking: /home/robofei/ROS2/install/custom_interfaces_vision/include/custom_interfaces_vision/msg/detail/humanoid_league_msgs__struct.hpp
-- Symlinking: /home/robofei/ROS2/install/custom_interfaces_vision/include/custom_interfaces_vision/msg/detail/humanoid_league_msgs__traits.hpp
-- Symlinking: /home/robofei/ROS2/install/custom_interfaces_vision/include/custom_interfaces_vision/msg/detail/set_position__builder.hpp
-- Symlinking: /home/robofei/ROS2/install/custom_interfaces_vision/include/custom_interfaces_vision/msg/detail/set_position__struct.hpp
-- Symlinking: /home/robofei/ROS2/install/custom_interfaces_vision/include/custom_interfaces_vision/msg/detail/set_position__traits.hpp
-- Symlinking: /home/robofei/ROS2/install/custom_interfaces_vision/include/custom_interfaces_vision/msg/humanoid_league_msgs.hpp
-- Symlinking: /home/robofei/ROS2/install/custom_interfaces_vision/include/custom_interfaces_vision/msg/set_position.hpp
-- Symlinking: /home/robofei/ROS2/install/custom_interfaces_vision/include/custom_interfaces_vision/msg/detail/humanoid_league_msgs__rosidl_typesupport_introspection_cpp.hpp
-- Symlinking: /home/robofei/ROS2/install/custom_interfaces_vision/include/custom_interfaces_vision/msg/detail/set_position__rosidl_typesupport_introspection_cpp.hpp
-- Symlinking: /home/robofei/ROS2/install/custom_interfaces_vision/share/custom_interfaces_vision/environment/pythonpath.sh
-- Symlinking: /home/robofei/ROS2/install/custom_interfaces_vision/share/custom_interfaces_vision/environment/pythonpath.dsv
-- Symlinking: /home/robofei/ROS2/install/custom_interfaces_vision/lib/python3.8/site-packages/custom_interfaces_vision/__init__.py
-- Symlinking: /home/robofei/ROS2/install/custom_interfaces_vision/lib/python3.8/site-packages/custom_interfaces_vision/msg/__init__.py
-- Symlinking: /home/robofei/ROS2/install/custom_interfaces_vision/lib/python3.8/site-packages/custom_interfaces_vision/msg/_humanoid_league_msgs.py
-- Symlinking: /home/robofei/ROS2/install/custom_interfaces_vision/lib/python3.8/site-packages/custom_interfaces_vision/msg/_set_position.py
-- Symlinking: /home/robofei/ROS2/install/custom_interfaces_vision/lib/python3.8/site-packages/custom_interfaces_vision/custom_interfaces_vision_s__rosidl_typesupport_fastrtps_c.cpython-38-x86_64-linux-gnu.so
-- Symlinking: /home/robofei/ROS2/install/custom_interfaces_vision/lib/python3.8/site-packages/custom_interfaces_vision/custom_interfaces_vision_s__rosidl_typesupport_introspection_c.cpython-38-x86_64-linux-gnu.so
-- Symlinking: /home/robofei/ROS2/install/custom_interfaces_vision/lib/python3.8/site-packages/custom_interfaces_vision/custom_interfaces_vision_s__rosidl_typesupport_c.cpython-38-x86_64-linux-gnu.so
-- Symlinking: /home/robofei/ROS2/install/custom_interfaces_vision/lib/libcustom_interfaces_vision__python.so
-- Symlinking: /home/robofei/ROS2/install/custom_interfaces_vision/share/custom_interfaces_vision/msg/SetPosition.idl
-- Symlinking: /home/robofei/ROS2/install/custom_interfaces_vision/share/custom_interfaces_vision/msg/HumanoidLeagueMsgs.idl
-- Symlinking: /home/robofei/ROS2/install/custom_interfaces_vision/share/custom_interfaces_vision/msg/SetPosition.msg
-- Symlinking: /home/robofei/ROS2/install/custom_interfaces_vision/share/custom_interfaces_vision/msg/HumanoidLeagueMsgs.msg
-- Symlinking: /home/robofei/ROS2/install/custom_interfaces_vision/share/ament_index/resource_index/package_run_dependencies/custom_interfaces_vision
-- Symlinking: /home/robofei/ROS2/install/custom_interfaces_vision/share/ament_index/resource_index/parent_prefix_path/custom_interfaces_vision
-- Symlinking: /home/robofei/ROS2/install/custom_interfaces_vision/share/custom_interfaces_vision/environment/ament_prefix_path.sh
-- Symlinking: /home/robofei/ROS2/install/custom_interfaces_vision/share/custom_interfaces_vision/environment/ament_prefix_path.dsv
-- Symlinking: /home/robofei/ROS2/install/custom_interfaces_vision/share/custom_interfaces_vision/environment/path.sh
-- Symlinking: /home/robofei/ROS2/install/custom_interfaces_vision/share/custom_interfaces_vision/environment/path.dsv
-- Symlinking: /home/robofei/ROS2/install/custom_interfaces_vision/share/custom_interfaces_vision/local_setup.bash
-- Symlinking: /home/robofei/ROS2/install/custom_interfaces_vision/share/custom_interfaces_vision/local_setup.sh
-- Symlinking: /home/robofei/ROS2/install/custom_interfaces_vision/share/custom_interfaces_vision/local_setup.zsh
-- Symlinking: /home/robofei/ROS2/install/custom_interfaces_vision/share/custom_interfaces_vision/local_setup.dsv
-- Symlinking: /home/robofei/ROS2/install/custom_interfaces_vision/share/custom_interfaces_vision/package.dsv
-- Symlinking: /home/robofei/ROS2/install/custom_interfaces_vision/share/ament_index/resource_index/packages/custom_interfaces_vision
-- Symlinking: /home/robofei/ROS2/install/custom_interfaces_vision/share/custom_interfaces_vision/cmake/rosidl_cmake-extras.cmake
-- Symlinking: /home/robofei/ROS2/install/custom_interfaces_vision/share/custom_interfaces_vision/cmake/ament_cmake_export_dependencies-extras.cmake
-- Symlinking: /home/robofei/ROS2/install/custom_interfaces_vision/share/custom_interfaces_vision/cmake/ament_cmake_export_libraries-extras.cmake
-- Symlinking: /home/robofei/ROS2/install/custom_interfaces_vision/share/custom_interfaces_vision/cmake/ament_cmake_export_targets-extras.cmake
-- Symlinking: /home/robofei/ROS2/install/custom_interfaces_vision/share/custom_interfaces_vision/cmake/ament_cmake_export_include_directories-extras.cmake
-- Symlinking: /home/robofei/ROS2/install/custom_interfaces_vision/share/custom_interfaces_vision/cmake/rosidl_cmake_export_typesupport_libraries-extras.cmake
-- Symlinking: /home/robofei/ROS2/install/custom_interfaces_vision/share/custom_interfaces_vision/cmake/rosidl_cmake_export_typesupport_targets-extras.cmake
-- Symlinking: /home/robofei/ROS2/install/custom_interfaces_vision/share/custom_interfaces_vision/cmake/custom_interfaces_visionConfig.cmake
-- Symlinking: /home/robofei/ROS2/install/custom_interfaces_vision/share/custom_interfaces_vision/cmake/custom_interfaces_visionConfig-version.cmake
-- Symlinking: /home/robofei/ROS2/install/custom_interfaces_vision/share/custom_interfaces_vision/package.xml
-- Installing: /home/robofei/ROS2/install/custom_interfaces_vision/lib/libcustom_interfaces_vision__rosidl_generator_c.so
-- Set runtime path of "/home/robofei/ROS2/install/custom_interfaces_vision/lib/libcustom_interfaces_vision__rosidl_generator_c.so" to ""
-- Installing: /home/robofei/ROS2/install/custom_interfaces_vision/lib/libcustom_interfaces_vision__rosidl_typesupport_introspection_c.so
-- Set runtime path of "/home/robofei/ROS2/install/custom_interfaces_vision/lib/libcustom_interfaces_vision__rosidl_typesupport_introspection_c.so" to ""
-- Installing: /home/robofei/ROS2/install/custom_interfaces_vision/lib/libcustom_interfaces_vision__rosidl_typesupport_c.so
-- Set runtime path of "/home/robofei/ROS2/install/custom_interfaces_vision/lib/libcustom_interfaces_vision__rosidl_typesupport_c.so" to ""
-- Installing: /home/robofei/ROS2/install/custom_interfaces_vision/lib/libcustom_interfaces_vision__rosidl_typesupport_introspection_cpp.so
-- Set runtime path of "/home/robofei/ROS2/install/custom_interfaces_vision/lib/libcustom_interfaces_vision__rosidl_typesupport_introspection_cpp.so" to ""
-- Installing: /home/robofei/ROS2/install/custom_interfaces_vision/lib/libcustom_interfaces_vision__rosidl_typesupport_cpp.so
-- Set runtime path of "/home/robofei/ROS2/install/custom_interfaces_vision/lib/libcustom_interfaces_vision__rosidl_typesupport_cpp.so" to ""
Compiling '/home/robofei/ROS2/install/custom_interfaces_vision/lib/python3.8/site-packages/custom_interfaces_vision/__init__.py'...
-- Installing: /home/robofei/ROS2/install/custom_interfaces_vision/share/custom_interfaces_vision/cmake/custom_interfaces_vision__rosidl_generator_cExport.cmake
-- Installing: /home/robofei/ROS2/install/custom_interfaces_vision/share/custom_interfaces_vision/cmake/custom_interfaces_vision__rosidl_generator_cExport-noconfig.cmake
-- Installing: /home/robofei/ROS2/install/custom_interfaces_vision/share/custom_interfaces_vision/cmake/custom_interfaces_vision__rosidl_typesupport_introspection_cExport.cmake
-- Installing: /home/robofei/ROS2/install/custom_interfaces_vision/share/custom_interfaces_vision/cmake/custom_interfaces_vision__rosidl_typesupport_introspection_cExport-noconfig.cmake
-- Installing: /home/robofei/ROS2/install/custom_interfaces_vision/share/custom_interfaces_vision/cmake/custom_interfaces_vision__rosidl_typesupport_cExport.cmake
-- Installing: /home/robofei/ROS2/install/custom_interfaces_vision/share/custom_interfaces_vision/cmake/custom_interfaces_vision__rosidl_typesupport_cExport-noconfig.cmake
-- Installing: /home/robofei/ROS2/install/custom_interfaces_vision/share/custom_interfaces_vision/cmake/custom_interfaces_vision__rosidl_generator_cppExport.cmake
-- Installing: /home/robofei/ROS2/install/custom_interfaces_vision/share/custom_interfaces_vision/cmake/custom_interfaces_vision__rosidl_typesupport_introspection_cppExport.cmake
-- Installing: /home/robofei/ROS2/install/custom_interfaces_vision/share/custom_interfaces_vision/cmake/custom_interfaces_vision__rosidl_typesupport_introspection_cppExport-noconfig.cmake
-- Installing: /home/robofei/ROS2/install/custom_interfaces_vision/share/custom_interfaces_vision/cmake/custom_interfaces_vision__rosidl_typesupport_cppExport.cmake
-- Installing: /home/robofei/ROS2/install/custom_interfaces_vision/share/custom_interfaces_vision/cmake/custom_interfaces_vision__rosidl_typesupport_cppExport-noconfig.cmake
