[1.001s] Invoking command in '/home/robofei/Downloads/GC/build/messages': CMAKE_PREFIX_PATH=${CMAKE_PREFIX_PATH}:/home/robofei/Downloads/GC/install/controller:/opt/ros/foxy /usr/bin/cmake --build /home/robofei/Downloads/GC/build/messages -- -j4 -l4
[1.205s] -- Found ament_cmake: 0.9.9 (/opt/ros/foxy/share/ament_cmake/cmake)
[1.301s] -- Found PythonInterp: /usr/bin/python3 (found suitable version "3.8.10", minimum required is "3") 
[1.302s] -- Using PYTHON_EXECUTABLE: /usr/bin/python3
[2.100s] -- Found rosidl_default_generators: 1.0.1 (/opt/ros/foxy/share/rosidl_default_generators/cmake)
[2.107s] -- Using all available rosidl_typesupport_c: rosidl_typesupport_fastrtps_c;rosidl_typesupport_introspection_c
[2.120s] -- Found rosidl_adapter: 1.2.1 (/opt/ros/foxy/share/rosidl_adapter/cmake)
[3.137s] -- Using all available rosidl_typesupport_cpp: rosidl_typesupport_fastrtps_cpp;rosidl_typesupport_introspection_cpp
[3.428s] -- Found PythonInterp: /usr/bin/python3 (found version "3.8.10") 
[3.727s] CMake Error at /opt/ros/foxy/share/rosidl_cmake/cmake/rosidl_generate_interfaces.cmake:162 (message):
[3.728s]   rosidl_generate_interfaces() the passed dependency 'builtin_interfaces' has
[3.728s]   not been found before using find_package()
[3.728s] Call Stack (most recent call first):
[3.729s]   CMakeLists.txt:22 (rosidl_generate_interfaces)
[3.729s] 
[3.729s] 
[3.733s] -- Configuring incomplete, errors occurred!
[3.733s] See also "/home/robofei/Downloads/GC/build/messages/CMakeFiles/CMakeOutput.log".
[3.753s] make: *** [Makefile:748: cmake_check_build_system] Error 1
[3.763s] Invoked command in '/home/robofei/Downloads/GC/build/messages' returned '2': CMAKE_PREFIX_PATH=${CMAKE_PREFIX_PATH}:/home/robofei/Downloads/GC/install/controller:/opt/ros/foxy /usr/bin/cmake --build /home/robofei/Downloads/GC/build/messages -- -j4 -l4
