[0.024s] Invoking command in '/home/robofei/ROS2/action/build/control': CMAKE_PREFIX_PATH=${CMAKE_PREFIX_PATH}:/opt/ros/foxy /usr/bin/cmake --build /home/robofei/ROS2/action/build/control -- -j4 -l4
[0.134s] -- Found ament_cmake: 0.9.9 (/opt/ros/foxy/share/ament_cmake/cmake)
[0.165s] -- Using PYTHON_EXECUTABLE: /usr/bin/python3
[0.361s] -- Override CMake install command with custom implementation using symlinks instead of copying resources
[0.385s] CMake Error at CMakeLists.txt:20 (find_package):
[0.385s]   By not providing "Finddynamixel_sdk_custom_interfaces.cmake" in
[0.385s]   CMAKE_MODULE_PATH this project has asked CMake to find a package
[0.385s]   configuration file provided by "dynamixel_sdk_custom_interfaces", but CMake
[0.385s]   did not find one.
[0.385s] 
[0.386s]   Could not find a package configuration file provided by
[0.386s]   "dynamixel_sdk_custom_interfaces" with any of the following names:
[0.386s] 
[0.386s]     dynamixel_sdk_custom_interfacesConfig.cmake
[0.386s]     dynamixel_sdk_custom_interfaces-config.cmake
[0.386s] 
[0.386s]   Add the installation prefix of "dynamixel_sdk_custom_interfaces" to
[0.386s]   CMAKE_PREFIX_PATH or set "dynamixel_sdk_custom_interfaces_DIR" to a
[0.387s]   directory containing one of the above files.  If
[0.387s]   "dynamixel_sdk_custom_interfaces" provides a separate development package
[0.387s]   or SDK, be sure it has been installed.
[0.387s] 
[0.387s] 
[0.387s] -- Configuring incomplete, errors occurred!
[0.387s] See also "/home/robofei/ROS2/action/build/control/CMakeFiles/CMakeOutput.log".
[0.387s] See also "/home/robofei/ROS2/action/build/control/CMakeFiles/CMakeError.log".
[0.388s] make: *** [Makefile:266: cmake_check_build_system] Error 1
[0.390s] Invoked command in '/home/robofei/ROS2/action/build/control' returned '2': CMAKE_PREFIX_PATH=${CMAKE_PREFIX_PATH}:/opt/ros/foxy /usr/bin/cmake --build /home/robofei/ROS2/action/build/control -- -j4 -l4
