[0.014s] Invoking command in '/home/robofei/ROS2/action/build/control': AMENT_PREFIX_PATH=/home/robofei/ROS2/action/install/custom_interfaces:${AMENT_PREFIX_PATH} CMAKE_PREFIX_PATH=/home/robofei/ROS2/action/install/custom_interfaces:/opt/ros/foxy LD_LIBRARY_PATH=/home/robofei/ROS2/action/install/custom_interfaces/lib:${LD_LIBRARY_PATH} PYTHONPATH=/home/robofei/ROS2/action/install/custom_interfaces/lib/python3.8/site-packages:${PYTHONPATH} /usr/bin/cmake --build /home/robofei/ROS2/action/build/control -- -j4 -l4
[0.040s] -- Found ament_cmake: 0.9.9 (/opt/ros/foxy/share/ament_cmake/cmake)
[0.065s] -- Using PYTHON_EXECUTABLE: /usr/bin/python3
[0.255s] -- Override CMake install command with custom implementation using symlinks instead of copying resources
[0.263s] -- Found custom_interfaces: 3.7.40 (/home/robofei/ROS2/action/install/custom_interfaces/share/custom_interfaces/cmake)
[0.287s] -- Using all available rosidl_typesupport_c: rosidl_typesupport_fastrtps_c;rosidl_typesupport_introspection_c
[0.290s] -- Found rosidl_adapter: 1.2.1 (/opt/ros/foxy/share/rosidl_adapter/cmake)
[0.422s] -- Using all available rosidl_typesupport_cpp: rosidl_typesupport_fastrtps_cpp;rosidl_typesupport_introspection_cpp
[0.469s] -- Found rclcpp: 2.4.1 (/opt/ros/foxy/share/rclcpp/cmake)
[0.510s] -- Found rmw_implementation_cmake: 1.0.3 (/opt/ros/foxy/share/rmw_implementation_cmake/cmake)
[0.512s] -- Using RMW implementation 'rmw_fastrtps_cpp' as default
[0.677s] -- Found ament_lint_auto: 0.9.6 (/opt/ros/foxy/share/ament_lint_auto/cmake)
[0.747s] -- Added test 'copyright' to check source files copyright and LICENSE
[0.753s] -- Added test 'cppcheck' to perform static code analysis on C / C++ code
[0.754s] -- Configured cppcheck include dirs: /home/robofei/ROS2/action/src/control/include;/home/robofei/ROS2/action/src/control/Framework;/home/robofei/ROS2/action/src/control/Linux
[0.754s] -- Configured cppcheck exclude dirs and/or files: 
[0.760s] -- Added test 'cpplint' to check C / C++ code against the Google style
[0.760s] -- Configured cpplint exclude dirs and/or files: 
[0.761s] -- Added test 'flake8' to check Python code syntax and style conventions
[0.762s] -- Added test 'lint_cmake' to check CMake code style
[0.764s] -- Added test 'pep257' to check Python code against some of the style conventions in PEP 257
[0.769s] -- Added test 'uncrustify' to check C / C++ code style
[0.769s] -- Configured uncrustify additional arguments: 
[0.770s] -- Added test 'xmllint' to check XML markup files
[0.774s] -- Configuring done
[0.786s] -- Generating done
[0.788s] -- Build files have been written to: /home/robofei/ROS2/action/build/control
[0.812s] [35m[1mScanning dependencies of target motion[0m
[0.814s] [35m[1mScanning dependencies of target control[0m
[0.970s] [ 25%] [32mBuilding CXX object CMakeFiles/control.dir/src/control.cpp.o[0m
[0.982s] [ 50%] [32mBuilding CXX object CMakeFiles/motion.dir/src/MotionManager.cpp.o[0m
[2.377s] [01m[K/home/robofei/ROS2/action/src/control/src/MotionManager.cpp:[m[K In member function ‘[01m[Kbool Robot::MotionManager::Initialize(bool)[m[K’:
[2.377s] [01m[K/home/robofei/ROS2/action/src/control/src/MotionManager.cpp:70:6:[m[K [01;35m[Kwarning: [m[Kunused variable ‘[01m[Kvalue[m[K’ [[01;35m[K-Wunused-variable[m[K]
[2.377s]    70 |  int [01;35m[Kvalue[m[K, error;
[2.377s]       |      [01;35m[K^~~~~[m[K
[2.378s] [01m[K/home/robofei/ROS2/action/src/control/src/MotionManager.cpp:70:13:[m[K [01;35m[Kwarning: [m[Kunused variable ‘[01m[Kerror[m[K’ [[01;35m[K-Wunused-variable[m[K]
[2.378s]    70 |  int value, [01;35m[Kerror[m[K;
[2.378s]       |             [01;35m[K^~~~~[m[K
[2.378s] [01m[K/home/robofei/ROS2/action/src/control/src/MotionManager.cpp:[m[K In member function ‘[01m[Kbool Robot::MotionManager::Reinitialize()[m[K’:
[2.378s] [01m[K/home/robofei/ROS2/action/src/control/src/MotionManager.cpp:128:6:[m[K [01;35m[Kwarning: [m[Kunused variable ‘[01m[Kvalue[m[K’ [[01;35m[K-Wunused-variable[m[K]
[2.378s]   128 |  int [01;35m[Kvalue[m[K, error;
[2.378s]       |      [01;35m[K^~~~~[m[K
[2.379s] [01m[K/home/robofei/ROS2/action/src/control/src/MotionManager.cpp:128:13:[m[K [01;35m[Kwarning: [m[Kunused variable ‘[01m[Kerror[m[K’ [[01;35m[K-Wunused-variable[m[K]
[2.379s]   128 |  int value, [01;35m[Kerror[m[K;
[2.379s]       |             [01;35m[K^~~~~[m[K
[2.380s] [01m[K/home/robofei/ROS2/action/src/control/src/MotionManager.cpp:[m[K At global scope:
[2.380s] [01m[K/home/robofei/ROS2/action/src/control/src/MotionManager.cpp:234:10:[m[K [01;31m[Kerror: [m[Kextra qualification ‘[01m[KMotionManager::[m[K’ on member ‘[01m[KProcess[m[K’ [[01;31m[K-fpermissive[m[K]
[2.380s]   234 |     void [01;31m[KMotionManager[m[K::Process()
[2.381s]       |          [01;31m[K^~~~~~~~~~~~~[m[K
[2.381s] [01m[K/home/robofei/ROS2/action/src/control/src/MotionManager.cpp:363:6:[m[K [01;31m[Kerror: [m[Kextra qualification ‘[01m[KMotionManager::[m[K’ on member ‘[01m[KAddModule[m[K’ [[01;31m[K-fpermissive[m[K]
[2.381s]   363 | void [01;31m[KMotionManager[m[K::AddModule(MotionModule *module)
[2.381s]       |      [01;31m[K^~~~~~~~~~~~~[m[K
[2.381s] [01m[K/home/robofei/ROS2/action/src/control/src/MotionManager.cpp:371:6:[m[K [01;31m[Kerror: [m[Kextra qualification ‘[01m[KMotionManager::[m[K’ on member ‘[01m[KRemoveModule[m[K’ [[01;31m[K-fpermissive[m[K]
[2.381s]   371 | void [01;31m[KMotionManager[m[K::RemoveModule(MotionModule *module)
[2.381s]       |      [01;31m[K^~~~~~~~~~~~~[m[K
[2.382s] [01m[K/home/robofei/ROS2/action/src/control/src/MotionManager.cpp:376:6:[m[K [01;31m[Kerror: [m[Kextra qualification ‘[01m[KMotionManager::[m[K’ on member ‘[01m[KSetJointDisable[m[K’ [[01;31m[K-fpermissive[m[K]
[2.382s]   376 | void [01;31m[KMotionManager[m[K::SetJointDisable(int index)
[2.382s]       |      [01;31m[K^~~~~~~~~~~~~[m[K
[2.382s] [01m[K/home/robofei/ROS2/action/src/control/src/MotionManager.cpp:436:6:[m[K [01;31m[Kerror: [m[Kextra qualification ‘[01m[KMotionManager::[m[K’ on member ‘[01m[KlogVoltage[m[K’ [[01;31m[K-fpermissive[m[K]
[2.382s]   436 | void [01;31m[KMotionManager[m[K::logVoltage(int voltage)
[2.382s]       |      [01;31m[K^~~~~~~~~~~~~[m[K
[2.382s] [01m[K/home/robofei/ROS2/action/src/control/src/MotionManager.cpp:453:6:[m[K [01;31m[Kerror: [m[Kextra qualification ‘[01m[KMotionManager::[m[K’ on member ‘[01m[KlogServo[m[K’ [[01;31m[K-fpermissive[m[K]
[2.382s]   453 | void [01;31m[KMotionManager[m[K::logServo()
[2.383s]       |      [01;31m[K^~~~~~~~~~~~~[m[K
[2.383s] [01m[K/home/robofei/ROS2/action/src/control/src/MotionManager.cpp:476:1:[m[K [01;31m[Kerror: [m[Kexpected ‘[01m[K}[m[K’ at end of input
[2.383s]   476 | [01;31m[K}[m[K
[2.383s]       | [01;31m[K^[m[K
[2.383s] [01m[K/home/robofei/ROS2/action/src/control/src/MotionManager.cpp:223:1:[m[K [01;36m[Knote: [m[Kto match this ‘[01m[K{[m[K’
[2.383s]   223 | [01;36m[K{[m[K
[2.383s]       | [01;36m[K^[m[K
[2.384s] [01m[K/home/robofei/ROS2/action/src/control/src/MotionManager.cpp:[m[K In constructor ‘[01m[KMotionManager::MotionManager()[m[K’:
[2.384s] [01m[K/home/robofei/ROS2/action/src/control/src/MotionManager.cpp:229:5:[m[K [01;31m[Kerror: [m[K‘[01m[Kpublisher_[m[K’ was not declared in this scope; did you mean ‘[01m[Krcl_publisher_t[m[K’?
[2.385s]   229 |     [01;31m[Kpublisher_[m[K = this->create_publisher<custom_interfaces::msg::SetPosition>("set_position", 10);
[2.385s]       |     [01;31m[K^~~~~~~~~~[m[K
[2.385s]       |     [32m[Krcl_publisher_t[m[K
[2.388s] [01m[K/home/robofei/ROS2/action/src/control/src/control.cpp:[m[K In constructor ‘[01m[KControl::Control()[m[K’:
[2.388s] [01m[K/home/robofei/ROS2/action/src/control/src/control.cpp:29:5:[m[K [01;31m[Kerror: [m[K‘[01m[Kstop_gait[m[K’ was not declared in this scope
[2.388s]    29 |     [01;31m[Kstop_gait[m[K = true;
[2.388s]       |     [01;31m[K^~~~~~~~~[m[K
[2.390s] [01m[K/home/robofei/ROS2/action/src/control/src/MotionManager.cpp:230:5:[m[K [01;31m[Kerror: [m[K‘[01m[Ktimer_[m[K’ was not declared in this scope; did you mean ‘[01m[Ktimer_t[m[K’?
[2.391s]   230 |     [01;31m[Ktimer_[m[K = this->create_wall_timer(
[2.391s]       |     [01;31m[K^~~~~~[m[K
[2.391s]       |     [32m[Ktimer_t[m[K
[2.391s] [01m[K/home/robofei/ROS2/action/src/control/src/MotionManager.cpp:231:7:[m[K [01;31m[Kerror: [m[Kunable to find numeric literal operator ‘[01m[Koperator""ms[m[K’
[2.391s]   231 |       [01;31m[K500ms[m[K, std::bind(&MotionManager::Process, this));
[2.391s]       |       [01;31m[K^~~~~[m[K
[2.401s] [01m[K/home/robofei/ROS2/action/src/control/src/control.cpp:35:7:[m[K [01;31m[Kerror: [m[K‘[01m[KgaitMove[m[K’ was not declared in this scope; did you mean ‘[01m[KGaitMove[m[K’?
[2.401s]    35 |       [01;31m[KgaitMove[m[K.walk_foward_fast(stop_gait, false);
[2.401s]       |       [01;31m[K^~~~~~~~[m[K
[2.401s]       |       [32m[KGaitMove[m[K
[2.402s] [01m[K/home/robofei/ROS2/action/src/control/src/MotionManager.cpp:[m[K In member function ‘[01m[Kvoid MotionManager::Process()[m[K’:
[2.402s] [01m[K/home/robofei/ROS2/action/src/control/src/MotionManager.cpp:242:12:[m[K [01;31m[Kerror: [m[K‘[01m[Km_ProcessEnable[m[K’ was not declared in this scope
[2.402s]   242 |         if([01;31m[Km_ProcessEnable[m[K == false || m_IsRunning == true)
[2.402s]       |            [01;31m[K^~~~~~~~~~~~~~~[m[K
[2.405s] [01m[K/home/robofei/ROS2/action/src/control/src/MotionManager.cpp:242:40:[m[K [01;31m[Kerror: [m[K‘[01m[Km_IsRunning[m[K’ was not declared in this scope
[2.405s]   242 |         if(m_ProcessEnable == false || [01;31m[Km_IsRunning[m[K == true)
[2.405s]       |                                        [01;31m[K^~~~~~~~~~~[m[K
[2.405s] [01m[K/home/robofei/ROS2/action/src/control/src/MotionManager.cpp:242:9:[m[K [01;35m[Kwarning: [m[Kthis ‘[01m[Kif[m[K’ clause does not guard... [[01;35m[K-Wmisleading-indentation[m[K]
[2.405s]   242 |         [01;35m[Kif[m[K(m_ProcessEnable == false || m_IsRunning == true)
[2.406s]       |         [01;35m[K^~[m[K
[2.406s] [01m[K/home/robofei/ROS2/action/src/control/src/MotionManager.cpp:245:13:[m[K [01;36m[Knote: [m[K...this statement, but the latter is misleadingly indented as if it were guarded by the ‘[01m[Kif[m[K’
[2.406s]   245 |             [01;36m[Km_IsRunning[m[K = true;
[2.406s]       |             [01;36m[K^~~~~~~~~~~[m[K
[2.408s] [01m[K/home/robofei/ROS2/action/src/control/src/MotionManager.cpp:245:13:[m[K [01;31m[Kerror: [m[K‘[01m[Km_IsRunning[m[K’ was not declared in this scope
[2.414s] [01m[K/home/robofei/ROS2/action/src/control/src/MotionManager.cpp:249:13:[m[K [01;31m[Kerror: [m[K‘[01m[Km_CalibrationStatus[m[K’ was not declared in this scope
[2.414s]   249 |             [01;31m[Km_CalibrationStatus[m[K = 1;
[2.414s]       |             [01;31m[K^~~~~~~~~~~~~~~~~~~[m[K
[2.414s] [01m[K/home/robofei/ROS2/action/src/control/src/control.cpp:[m[K In member function ‘[01m[Kvoid Control::timer_callback_goodbye()[m[K’:
[2.414s] [01m[K/home/robofei/ROS2/action/src/control/src/control.cpp:66:12:[m[K [01;35m[Kwarning: [m[Kunused variable ‘[01m[Kcount_[m[K’ [[01;35m[K-Wunused-variable[m[K]
[2.414s]    66 |     size_t [01;35m[Kcount_[m[K;
[2.414s]       |            [01;35m[K^~~~~~[m[K
[2.417s] [01m[K/home/robofei/ROS2/action/src/control/src/MotionManager.cpp:252:40:[m[K [01;31m[Kerror: [m[K‘[01m[Km_Enabled[m[K’ was not declared in this scope
[2.417s]   252 |         if(m_CalibrationStatus == 1 && [01;31m[Km_Enabled[m[K == true)
[2.417s]       |                                        [01;31m[K^~~~~~~~~[m[K
[2.420s] [01m[K/home/robofei/ROS2/action/src/control/src/MotionManager.cpp:270:95:[m[K [01;31m[Kerror: [m[K‘[01m[KgyroValFB[m[K’ was not declared in this scope
[2.420s]   270 | :FB_GYRO = (1.0 - GYRO_ALPHA) * MotionStatus::FB_GYRO + GYRO_ALPHA * [01;31m[KgyroValFB[m[K;
[2.420s]       |                                                                      [01;31m[K^~~~~~~~~[m[K
[2.420s] 
[2.423s] [01m[K/home/robofei/ROS2/action/src/control/src/MotionManager.cpp:271:95:[m[K [01;31m[Kerror: [m[K‘[01m[KgyroValRL[m[K’ was not declared in this scope
[2.423s]   271 | :RL_GYRO = (1.0 - GYRO_ALPHA) * MotionStatus::RL_GYRO + GYRO_ALPHA * [01;31m[KgyroValRL[m[K;
[2.423s]       |                                                                      [01;31m[K^~~~~~~~~[m[K
[2.423s] 
[2.426s] [01m[K/home/robofei/ROS2/action/src/control/src/MotionManager.cpp:297:12:[m[K [01;31m[Kerror: [m[K‘[01m[Km_Modules[m[K’ was not declared in this scope
[2.426s]   297 |         if([01;31m[Km_Modules[m[K.size() != 0)
[2.426s]       |            [01;31m[K^~~~~~~~~[m[K
[2.426s] [01m[K/home/robofei/ROS2/action/src/control/src/MotionManager.cpp:319:13:[m[K [01;31m[Kerror: [m[Kstorage size of ‘[01m[Kids[m[K’ isn’t known
[2.427s]   319 |         int [01;31m[Kids[m[K[];
[2.427s]       |             [01;31m[K^~~[m[K
[2.427s] [01m[K/home/robofei/ROS2/action/src/control/src/MotionManager.cpp:320:13:[m[K [01;31m[Kerror: [m[Kstorage size of ‘[01m[Kpos[m[K’ isn’t known
[2.427s]   320 |         int [01;31m[Kpos[m[K[];
[2.427s]       |             [01;31m[K^~~[m[K
[2.429s] [01m[K/home/robofei/ROS2/action/src/control/src/MotionManager.cpp:325:70:[m[K [01;31m[Kerror: [m[K‘[01m[Km_Offset[m[K’ was not declared in this scope
[2.429s]   325 |          pos[cont] = MotionStatus::m_CurrentJoints.GetValue(id) + [01;31m[Km_Offset[m[K[id];
[2.430s]       |                                                                   [01;31m[K^~~~~~~~[m[K
[2.430s] 
[2.433s] [01m[K/home/robofei/ROS2/action/src/control/src/MotionManager.cpp:333:16:[m[K [01;31m[Kerror: [m[K‘[01m[KDEBUG_PRINT[m[K’ was not declared in this scope
[2.433s]   333 |             if([01;31m[KDEBUG_PRINT[m[K == true)
[2.433s]       |                [01;31m[K^~~~~~~~~~~[m[K
[2.434s] [01m[K/home/robofei/ROS2/action/src/control/src/MotionManager.cpp:338:173:[m[K [01;31m[Kerror: [m[Kno match for ‘[01m[Koperator=[m[K’ (operand types are ‘[01m[Kcustom_interfaces::msg::SetPosition_<std::allocator<void> >::_id_type[m[K’ {aka ‘[01m[Kstd::vector<unsigned char, std::allocator<unsigned char> >[m[K’} and ‘[01m[K<brace-enclosed initializer list>[m[K’)
[2.434s]   338 | [10], ids[11], ids[12], ids[13], ids[14], ids[15], ids[16], ids[17][01;31m[K}[m[K;
[2.434s]       |                                                                    [01;31m[K^[m[K
[2.434s] 
[2.434s] In file included from [01m[K/usr/include/c++/9/vector:72[m[K,
[2.434s]                  from [01m[K/opt/ros/foxy/include/rclcpp/executor.hpp:27[m[K,
[2.434s]                  from [01m[K/opt/ros/foxy/include/rclcpp/executors/multi_threaded_executor.hpp:26[m[K,
[2.434s]                  from [01m[K/opt/ros/foxy/include/rclcpp/executors.hpp:21[m[K,
[2.435s]                  from [01m[K/opt/ros/foxy/include/rclcpp/rclcpp.hpp:146[m[K,
[2.435s]                  from [01m[K/home/robofei/ROS2/action/src/control/src/MotionManager.cpp:19[m[K:
[2.435s] [01m[K/usr/include/c++/9/bits/vector.tcc:198:5:[m[K [01;36m[Knote: [m[Kcandidate: ‘[01m[Kstd::vector<_Tp, _Alloc>& std::vector<_Tp, _Alloc>::operator=(const std::vector<_Tp, _Alloc>&) [with _Tp = unsigned char; _Alloc = std::allocator<unsigned char>][m[K’
[2.435s]   198 |     [01;36m[Kvector<_Tp, _Alloc>[m[K::
[2.435s]       |     [01;36m[K^~~~~~~~~~~~~~~~~~~[m[K
[2.435s] [01m[K/usr/include/c++/9/bits/vector.tcc:199:42:[m[K [01;36m[Knote: [m[K  no known conversion for argument 1 from ‘[01m[K<brace-enclosed initializer list>[m[K’ to ‘[01m[Kconst std::vector<unsigned char, std::allocator<unsigned char> >&[m[K’
[2.435s]   199 |     operator=([01;36m[Kconst vector<_Tp, _Alloc>& __x[m[K)
[2.436s]       |               [01;36m[K~~~~~~~~~~~~~~~~~~~~~~~~~~~^~~[m[K
[2.436s] In file included from [01m[K/usr/include/c++/9/vector:67[m[K,
[2.436s]                  from [01m[K/opt/ros/foxy/include/rclcpp/executor.hpp:27[m[K,
[2.436s]                  from [01m[K/opt/ros/foxy/include/rclcpp/executors/multi_threaded_executor.hpp:26[m[K,
[2.436s]                  from [01m[K/opt/ros/foxy/include/rclcpp/executors.hpp:21[m[K,
[2.436s]                  from [01m[K/opt/ros/foxy/include/rclcpp/rclcpp.hpp:146[m[K,
[2.436s]                  from [01m[K/home/robofei/ROS2/action/src/control/src/MotionManager.cpp:19[m[K:
[2.436s] [01m[K/usr/include/c++/9/bits/stl_vector.h:706:7:[m[K [01;36m[Knote: [m[Kcandidate: ‘[01m[Kstd::vector<_Tp, _Alloc>& std::vector<_Tp, _Alloc>::operator=(std::vector<_Tp, _Alloc>&&) [with _Tp = unsigned char; _Alloc = std::allocator<unsigned char>][m[K’
[2.437s]   706 |       [01;36m[Koperator[m[K=(vector&& __x) noexcept(_Alloc_traits::_S_nothrow_move())
[2.437s]       |       [01;36m[K^~~~~~~~[m[K
[2.437s] [01m[K/usr/include/c++/9/bits/stl_vector.h:706:26:[m[K [01;36m[Knote: [m[K  no known conversion for argument 1 from ‘[01m[K<brace-enclosed initializer list>[m[K’ to ‘[01m[Kstd::vector<unsigned char, std::allocator<unsigned char> >&&[m[K’
[2.437s]   706 |       operator=([01;36m[Kvector&& __x[m[K) noexcept(_Alloc_traits::_S_nothrow_move())
[2.437s]       |                 [01;36m[K~~~~~~~~~^~~[m[K
[2.437s] [01m[K/usr/include/c++/9/bits/stl_vector.h:727:7:[m[K [01;36m[Knote: [m[Kcandidate: ‘[01m[Kstd::vector<_Tp, _Alloc>& std::vector<_Tp, _Alloc>::operator=(std::initializer_list<_Tp>) [with _Tp = unsigned char; _Alloc = std::allocator<unsigned char>][m[K’
[2.438s]   727 |       [01;36m[Koperator[m[K=(initializer_list<value_type> __l)
[2.438s]       |       [01;36m[K^~~~~~~~[m[K
[2.438s] [01m[K/usr/include/c++/9/bits/stl_vector.h:727:46:[m[K [01;36m[Knote: [m[K  no known conversion for argument 1 from ‘[01m[K<brace-enclosed initializer list>[m[K’ to ‘[01m[Kstd::initializer_list<unsigned char>[m[K’
[2.438s]   727 |       operator=([01;36m[Kinitializer_list<value_type> __l[m[K)
[2.438s]       |                 [01;36m[K~~~~~~~~~~~~~~~~~~~~~~~~~~~~~^~~[m[K
[2.438s] [01m[K/home/robofei/ROS2/action/src/control/src/MotionManager.cpp:339:179:[m[K [01;31m[Kerror: [m[Kno match for ‘[01m[Koperator=[m[K’ (operand types are ‘[01m[Kcustom_interfaces::msg::SetPosition_<std::allocator<void> >::_position_type[m[K’ {aka ‘[01m[Kstd::vector<int>[m[K’} and ‘[01m[K<brace-enclosed initializer list>[m[K’)
[2.438s]   339 | pos[11], pos[12], pos[13], pos[14], pos[15], pos[16], pos[17][01;31m[K}[m[K;
[2.438s]       |                                                              [01;31m[K^[m[K
[2.439s] 
[2.439s] In file included from [01m[K/usr/include/c++/9/vector:72[m[K,
[2.439s]                  from [01m[K/opt/ros/foxy/include/rclcpp/executor.hpp:27[m[K,
[2.439s]                  from [01m[K/opt/ros/foxy/include/rclcpp/executors/multi_threaded_executor.hpp:26[m[K,
[2.439s]                  from [01m[K/opt/ros/foxy/include/rclcpp/executors.hpp:21[m[K,
[2.439s]                  from [01m[K/opt/ros/foxy/include/rclcpp/rclcpp.hpp:146[m[K,
[2.439s]                  from [01m[K/home/robofei/ROS2/action/src/control/src/MotionManager.cpp:19[m[K:
[2.439s] [01m[K/usr/include/c++/9/bits/vector.tcc:198:5:[m[K [01;36m[Knote: [m[Kcandidate: ‘[01m[Kstd::vector<_Tp, _Alloc>& std::vector<_Tp, _Alloc>::operator=(const std::vector<_Tp, _Alloc>&) [with _Tp = int; _Alloc = std::allocator<int>][m[K’
[2.440s]   198 |     [01;36m[Kvector<_Tp, _Alloc>[m[K::
[2.440s]       |     [01;36m[K^~~~~~~~~~~~~~~~~~~[m[K
[2.440s] [01m[K/usr/include/c++/9/bits/vector.tcc:199:42:[m[K [01;36m[Knote: [m[K  no known conversion for argument 1 from ‘[01m[K<brace-enclosed initializer list>[m[K’ to ‘[01m[Kconst std::vector<int>&[m[K’
[2.440s]   199 |     operator=([01;36m[Kconst vector<_Tp, _Alloc>& __x[m[K)
[2.440s]       |               [01;36m[K~~~~~~~~~~~~~~~~~~~~~~~~~~~^~~[m[K
[2.440s] In file included from [01m[K/usr/include/c++/9/vector:67[m[K,
[2.440s]                  from [01m[K/opt/ros/foxy/include/rclcpp/executor.hpp:27[m[K,
[2.440s]                  from [01m[K/opt/ros/foxy/include/rclcpp/executors/multi_threaded_executor.hpp:26[m[K,
[2.441s]                  from [01m[K/opt/ros/foxy/include/rclcpp/executors.hpp:21[m[K,
[2.441s]                  from [01m[K/opt/ros/foxy/include/rclcpp/rclcpp.hpp:146[m[K,
[2.441s]                  from [01m[K/home/robofei/ROS2/action/src/control/src/MotionManager.cpp:19[m[K:
[2.441s] [01m[K/usr/include/c++/9/bits/stl_vector.h:706:7:[m[K [01;36m[Knote: [m[Kcandidate: ‘[01m[Kstd::vector<_Tp, _Alloc>& std::vector<_Tp, _Alloc>::operator=(std::vector<_Tp, _Alloc>&&) [with _Tp = int; _Alloc = std::allocator<int>][m[K’
[2.441s]   706 |       [01;36m[Koperator[m[K=(vector&& __x) noexcept(_Alloc_traits::_S_nothrow_move())
[2.441s]       |       [01;36m[K^~~~~~~~[m[K
[2.441s] [01m[K/usr/include/c++/9/bits/stl_vector.h:706:26:[m[K [01;36m[Knote: [m[K  no known conversion for argument 1 from ‘[01m[K<brace-enclosed initializer list>[m[K’ to ‘[01m[Kstd::vector<int>&&[m[K’
[2.442s]   706 |       operator=([01;36m[Kvector&& __x[m[K) noexcept(_Alloc_traits::_S_nothrow_move())
[2.442s]       |                 [01;36m[K~~~~~~~~~^~~[m[K
[2.442s] [01m[K/usr/include/c++/9/bits/stl_vector.h:727:7:[m[K [01;36m[Knote: [m[Kcandidate: ‘[01m[Kstd::vector<_Tp, _Alloc>& std::vector<_Tp, _Alloc>::operator=(std::initializer_list<_Tp>) [with _Tp = int; _Alloc = std::allocator<int>][m[K’
[2.442s]   727 |       [01;36m[Koperator[m[K=(initializer_list<value_type> __l)
[2.442s]       |       [01;36m[K^~~~~~~~[m[K
[2.442s] [01m[K/usr/include/c++/9/bits/stl_vector.h:727:46:[m[K [01;36m[Knote: [m[K  no known conversion for argument 1 from ‘[01m[K<brace-enclosed initializer list>[m[K’ to ‘[01m[Kstd::initializer_list<int>[m[K’
[2.442s]   727 |       operator=([01;36m[Kinitializer_list<value_type> __l[m[K)
[2.443s]       |                 [01;36m[K~~~~~~~~~~~~~~~~~~~~~~~~~~~~~^~~[m[K
[2.443s] [01m[K/home/robofei/ROS2/action/src/control/src/MotionManager.cpp:344:12:[m[K [01;31m[Kerror: [m[K‘[01m[Km_torque_count[m[K’ was not declared in this scope
[2.443s]   344 |         if([01;31m[Km_torque_count[m[K != DEST_TORQUE && --m_torqueAdaptionCounter == 0)
[2.443s]       |            [01;31m[K^~~~~~~~~~~~~~[m[K
[2.443s] [01m[K/home/robofei/ROS2/action/src/control/src/MotionManager.cpp:344:47:[m[K [01;31m[Kerror: [m[K‘[01m[Km_torqueAdaptionCounter[m[K’ was not declared in this scope
[2.443s]   344 |         if(m_torque_count != DEST_TORQUE && --[01;31m[Km_torqueAdaptionCounter[m[K == 0)
[2.443s]       |                                               [01;31m[K^~~~~~~~~~~~~~~~~~~~~~~[m[K
[2.449s] [01m[K/home/robofei/ROS2/action/src/control/src/MotionManager.cpp:347:13:[m[K [01;31m[Kerror: [m[K‘[01m[KadaptTorqueToVoltage[m[K’ was not declared in this scope
[2.449s]   347 |             [01;31m[KadaptTorqueToVoltage[m[K();
[2.449s]       |             [01;31m[K^~~~~~~~~~~~~~~~~~~~[m[K
[2.449s] [01m[K/home/robofei/ROS2/action/src/control/src/MotionManager.cpp:315:13:[m[K [01;35m[Kwarning: [m[Kunused variable ‘[01m[Kparam[m[K’ [[01;35m[K-Wunused-variable[m[K]
[2.449s]   315 |         int [01;35m[Kparam[m[K[JointData::NUMBER_OF_JOINTS * MX28::PARAM_BYTES];
[2.449s]       |             [01;35m[K^~~~~[m[K
[2.449s] [01m[K/home/robofei/ROS2/action/src/control/src/MotionManager.cpp:316:13:[m[K [01;35m[Kwarning: [m[Kunused variable ‘[01m[Kn[m[K’ [[01;35m[K-Wunused-variable[m[K]
[2.449s]   316 |         int [01;35m[Kn[m[K = 0;
[2.450s]       |             [01;35m[K^[m[K
[2.450s] [01m[K/home/robofei/ROS2/action/src/control/src/MotionManager.cpp:317:13:[m[K [01;35m[Kwarning: [m[Kunused variable ‘[01m[Kjoint_num[m[K’ [[01;35m[K-Wunused-variable[m[K]
[2.450s]   317 |         int [01;35m[Kjoint_num[m[K = 0;
[2.450s]       |             [01;35m[K^~~~~~~~~[m[K
[2.456s] [01m[K/home/robofei/ROS2/action/src/control/src/MotionManager.cpp:[m[K In member function ‘[01m[Kvoid MotionManager::AddModule(Robot::MotionModule*)[m[K’:
[2.456s] [01m[K/home/robofei/ROS2/action/src/control/src/MotionManager.cpp:366:5:[m[K [01;31m[Kerror: [m[K‘[01m[Km_Modules[m[K’ was not declared in this scope; did you mean ‘[01m[Kmodule[m[K’?
[2.456s]   366 |     [01;31m[Km_Modules[m[K.push_back(module);
[2.456s]       |     [01;31m[K^~~~~~~~~[m[K
[2.457s]       |     [32m[Kmodule[m[K
[2.459s] [01m[K/home/robofei/ROS2/action/src/control/src/MotionManager.cpp:[m[K In member function ‘[01m[Kvoid MotionManager::RemoveModule(Robot::MotionModule*)[m[K’:
[2.459s] [01m[K/home/robofei/ROS2/action/src/control/src/MotionManager.cpp:373:2:[m[K [01;31m[Kerror: [m[K‘[01m[Km_Modules[m[K’ was not declared in this scope; did you mean ‘[01m[Kmodule[m[K’?
[2.459s]   373 |  [01;31m[Km_Modules[m[K.remove(module);
[2.459s]       |  [01;31m[K^~~~~~~~~[m[K
[2.459s]       |  [32m[Kmodule[m[K
[2.462s] [01m[K/home/robofei/ROS2/action/src/control/src/MotionManager.cpp:[m[K In member function ‘[01m[Kvoid MotionManager::SetJointDisable(int)[m[K’:
[2.462s] [01m[K/home/robofei/ROS2/action/src/control/src/MotionManager.cpp:378:8:[m[K [01;31m[Kerror: [m[K‘[01m[Km_Modules[m[K’ was not declared in this scope
[2.462s]   378 |     if([01;31m[Km_Modules[m[K.size() != 0)
[2.462s]       |        [01;31m[K^~~~~~~~~[m[K
[2.468s] [01m[K/home/robofei/ROS2/action/src/control/src/MotionManager.cpp:[m[K At global scope:
[2.468s] [01m[K/home/robofei/ROS2/action/src/control/src/MotionManager.cpp:476:1:[m[K [01;31m[Kerror: [m[Kexpected unqualified-id at end of input
[2.469s]   476 | [01;31m[K}[m[K
[2.469s]       | [01;31m[K^[m[K
[3.341s] make[2]: *** [CMakeFiles/motion.dir/build.make:63: CMakeFiles/motion.dir/src/MotionManager.cpp.o] Error 1
[3.341s] make[1]: *** [CMakeFiles/Makefile2:80: CMakeFiles/motion.dir/all] Error 2
[3.342s] make[1]: *** Waiting for unfinished jobs....
[4.093s] make[2]: *** [CMakeFiles/control.dir/build.make:63: CMakeFiles/control.dir/src/control.cpp.o] Error 1
[4.093s] make[1]: *** [CMakeFiles/Makefile2:107: CMakeFiles/control.dir/all] Error 2
[4.093s] make: *** [Makefile:141: all] Error 2
[4.097s] Invoked command in '/home/robofei/ROS2/action/build/control' returned '2': AMENT_PREFIX_PATH=/home/robofei/ROS2/action/install/custom_interfaces:${AMENT_PREFIX_PATH} CMAKE_PREFIX_PATH=/home/robofei/ROS2/action/install/custom_interfaces:/opt/ros/foxy LD_LIBRARY_PATH=/home/robofei/ROS2/action/install/custom_interfaces/lib:${LD_LIBRARY_PATH} PYTHONPATH=/home/robofei/ROS2/action/install/custom_interfaces/lib/python3.8/site-packages:${PYTHONPATH} /usr/bin/cmake --build /home/robofei/ROS2/action/build/control -- -j4 -l4
