[0.053s] Invoking command in '/home/robofei/ROS2/build/dynamixel_sdk': CMAKE_PREFIX_PATH=/opt/ros/foxy /usr/bin/cmake /home/robofei/ROS2/src/robotis_ws/src/dynamixel_sdk -DAMENT_CMAKE_SYMLINK_INSTALL=1 -DCMAKE_INSTALL_PREFIX=/home/robofei/ROS2/install/dynamixel_sdk
[0.592s] -- The C compiler identification is GNU 9.4.0
[0.592s] -- The CXX compiler identification is GNU 9.4.0
[0.593s] -- Check for working C compiler: /usr/bin/cc
[0.595s] -- Check for working C compiler: /usr/bin/cc -- works
[0.595s] -- Detecting C compiler ABI info
[0.689s] -- Detecting C compiler ABI info - done
[0.724s] -- Detecting C compile features
[0.738s] -- Detecting C compile features - done
[0.742s] -- Check for working CXX compiler: /usr/bin/c++
[0.864s] -- Check for working CXX compiler: /usr/bin/c++ -- works
[0.866s] -- Detecting CXX compiler ABI info
[1.033s] -- Detecting CXX compiler ABI info - done
[1.052s] -- Detecting CXX compile features
[1.053s] -- Detecting CXX compile features - done
[1.055s] -- Found ament_cmake: 0.9.9 (/opt/ros/foxy/share/ament_cmake/cmake)
[1.094s] -- Found PythonInterp: /usr/bin/python3 (found suitable version "3.8.10", minimum required is "3") 
[1.094s] -- Using PYTHON_EXECUTABLE: /usr/bin/python3
[1.409s] -- Override CMake install command with custom implementation using symlinks instead of copying resources
[1.555s] -- Configuring done
[1.562s] -- Generating done
[1.563s] -- Build files have been written to: /home/robofei/ROS2/build/dynamixel_sdk
[1.570s] Invoked command in '/home/robofei/ROS2/build/dynamixel_sdk' returned '0': CMAKE_PREFIX_PATH=/opt/ros/foxy /usr/bin/cmake /home/robofei/ROS2/src/robotis_ws/src/dynamixel_sdk -DAMENT_CMAKE_SYMLINK_INSTALL=1 -DCMAKE_INSTALL_PREFIX=/home/robofei/ROS2/install/dynamixel_sdk
[1.571s] Invoking command in '/home/robofei/ROS2/build/dynamixel_sdk': CMAKE_PREFIX_PATH=/opt/ros/foxy /usr/bin/cmake --build /home/robofei/ROS2/build/dynamixel_sdk -- -j8 -l8
[2.222s] [35m[1mScanning dependencies of target dynamixel_sdk[0m
[2.226s] [ 10%] [32mBuilding CXX object CMakeFiles/dynamixel_sdk.dir/src/dynamixel_sdk/protocol1_packet_handler.cpp.o[0m
[2.227s] [ 20%] [32mBuilding CXX object CMakeFiles/dynamixel_sdk.dir/src/dynamixel_sdk/packet_handler.cpp.o[0m
[2.227s] [ 30%] [32mBuilding CXX object CMakeFiles/dynamixel_sdk.dir/src/dynamixel_sdk/protocol2_packet_handler.cpp.o[0m
[2.227s] [ 40%] [32mBuilding CXX object CMakeFiles/dynamixel_sdk.dir/src/dynamixel_sdk/group_sync_read.cpp.o[0m
[2.227s] [ 50%] [32mBuilding CXX object CMakeFiles/dynamixel_sdk.dir/src/dynamixel_sdk/group_bulk_read.cpp.o[0m
[2.227s] [ 60%] [32mBuilding CXX object CMakeFiles/dynamixel_sdk.dir/src/dynamixel_sdk/group_sync_write.cpp.o[0m
[2.228s] [ 70%] [32mBuilding CXX object CMakeFiles/dynamixel_sdk.dir/src/dynamixel_sdk/group_bulk_write.cpp.o[0m
[2.228s] [ 80%] [32mBuilding CXX object CMakeFiles/dynamixel_sdk.dir/src/dynamixel_sdk/port_handler.cpp.o[0m
[2.229s] [ 90%] [32mBuilding CXX object CMakeFiles/dynamixel_sdk.dir/src/dynamixel_sdk/port_handler_linux.cpp.o[0m
[2.966s] [100%] [32m[1mLinking CXX shared library libdynamixel_sdk.so[0m
[3.083s] [100%] Built target dynamixel_sdk
[3.095s] Invoked command in '/home/robofei/ROS2/build/dynamixel_sdk' returned '0': CMAKE_PREFIX_PATH=/opt/ros/foxy /usr/bin/cmake --build /home/robofei/ROS2/build/dynamixel_sdk -- -j8 -l8
[3.136s] Invoking command in '/home/robofei/ROS2/build/dynamixel_sdk': CMAKE_PREFIX_PATH=/opt/ros/foxy /usr/bin/cmake --install /home/robofei/ROS2/build/dynamixel_sdk
[3.144s] -- Install configuration: ""
[3.145s] -- Execute custom install script
[3.145s] -- Symlinking: /home/robofei/ROS2/install/dynamixel_sdk/include//dynamixel_sdk/dynamixel_sdk.h
[3.156s] -- Symlinking: /home/robofei/ROS2/install/dynamixel_sdk/include//dynamixel_sdk/group_bulk_read.h
[3.163s] -- Symlinking: /home/robofei/ROS2/install/dynamixel_sdk/include//dynamixel_sdk/group_bulk_write.h
[3.170s] -- Symlinking: /home/robofei/ROS2/install/dynamixel_sdk/include//dynamixel_sdk/group_sync_read.h
[3.180s] -- Symlinking: /home/robofei/ROS2/install/dynamixel_sdk/include//dynamixel_sdk/group_sync_write.h
[3.190s] -- Symlinking: /home/robofei/ROS2/install/dynamixel_sdk/include//dynamixel_sdk/packet_handler.h
[3.202s] -- Symlinking: /home/robofei/ROS2/install/dynamixel_sdk/include//dynamixel_sdk/port_handler.h
[3.215s] -- Symlinking: /home/robofei/ROS2/install/dynamixel_sdk/include//dynamixel_sdk/port_handler_arduino.h
[3.226s] -- Symlinking: /home/robofei/ROS2/install/dynamixel_sdk/include//dynamixel_sdk/port_handler_linux.h
[3.237s] -- Symlinking: /home/robofei/ROS2/install/dynamixel_sdk/include//dynamixel_sdk/port_handler_mac.h
[3.250s] -- Symlinking: /home/robofei/ROS2/install/dynamixel_sdk/include//dynamixel_sdk/port_handler_windows.h
[3.260s] -- Symlinking: /home/robofei/ROS2/install/dynamixel_sdk/include//dynamixel_sdk/protocol1_packet_handler.h
[3.272s] -- Symlinking: /home/robofei/ROS2/install/dynamixel_sdk/include//dynamixel_sdk/protocol2_packet_handler.h
[3.286s] -- Symlinking: /home/robofei/ROS2/install/dynamixel_sdk/lib/libdynamixel_sdk.so
[3.298s] -- Symlinking: /home/robofei/ROS2/install/dynamixel_sdk/share/dynamixel_sdk/environment/library_path.sh
[3.311s] -- Symlinking: /home/robofei/ROS2/install/dynamixel_sdk/share/dynamixel_sdk/environment/library_path.dsv
[3.324s] -- Symlinking: /home/robofei/ROS2/install/dynamixel_sdk/share/ament_index/resource_index/package_run_dependencies/dynamixel_sdk
[3.337s] -- Symlinking: /home/robofei/ROS2/install/dynamixel_sdk/share/ament_index/resource_index/parent_prefix_path/dynamixel_sdk
[3.351s] -- Symlinking: /home/robofei/ROS2/install/dynamixel_sdk/share/dynamixel_sdk/environment/ament_prefix_path.sh
[3.366s] -- Symlinking: /home/robofei/ROS2/install/dynamixel_sdk/share/dynamixel_sdk/environment/ament_prefix_path.dsv
[3.381s] -- Symlinking: /home/robofei/ROS2/install/dynamixel_sdk/share/dynamixel_sdk/environment/path.sh
[3.395s] -- Symlinking: /home/robofei/ROS2/install/dynamixel_sdk/share/dynamixel_sdk/environment/path.dsv
[3.410s] -- Symlinking: /home/robofei/ROS2/install/dynamixel_sdk/share/dynamixel_sdk/local_setup.bash
[3.423s] -- Symlinking: /home/robofei/ROS2/install/dynamixel_sdk/share/dynamixel_sdk/local_setup.sh
[3.437s] -- Symlinking: /home/robofei/ROS2/install/dynamixel_sdk/share/dynamixel_sdk/local_setup.zsh
[3.450s] -- Symlinking: /home/robofei/ROS2/install/dynamixel_sdk/share/dynamixel_sdk/local_setup.dsv
[3.464s] -- Symlinking: /home/robofei/ROS2/install/dynamixel_sdk/share/dynamixel_sdk/package.dsv
[3.476s] -- Symlinking: /home/robofei/ROS2/install/dynamixel_sdk/share/ament_index/resource_index/packages/dynamixel_sdk
[3.490s] -- Symlinking: /home/robofei/ROS2/install/dynamixel_sdk/share/dynamixel_sdk/cmake/ament_cmake_export_include_directories-extras.cmake
[3.503s] -- Symlinking: /home/robofei/ROS2/install/dynamixel_sdk/share/dynamixel_sdk/cmake/ament_cmake_export_libraries-extras.cmake
[3.517s] -- Symlinking: /home/robofei/ROS2/install/dynamixel_sdk/share/dynamixel_sdk/cmake/dynamixel_sdkConfig.cmake
[3.530s] -- Symlinking: /home/robofei/ROS2/install/dynamixel_sdk/share/dynamixel_sdk/cmake/dynamixel_sdkConfig-version.cmake
[3.542s] -- Symlinking: /home/robofei/ROS2/install/dynamixel_sdk/share/dynamixel_sdk/package.xml
[3.560s] Invoked command in '/home/robofei/ROS2/build/dynamixel_sdk' returned '0': CMAKE_PREFIX_PATH=/opt/ros/foxy /usr/bin/cmake --install /home/robofei/ROS2/build/dynamixel_sdk
