[0.980s] Invoking command in '/home/amd/Downloads/GC/src/controller': PYTHONPATH=/home/amd/Downloads/GC/install/controller/lib/python3.8/site-packages:${PYTHONPATH} /usr/bin/python3 setup.py egg_info --egg-base ../../build/controller build --build-base /home/amd/Downloads/GC/build/controller/build install --prefix /home/amd/Downloads/GC/install/controller --record /home/amd/Downloads/GC/build/controller/install.log --single-version-externally-managed
[2.424s] running egg_info
[2.431s] writing ../../build/controller/controller.egg-info/PKG-INFO
[2.435s] writing dependency_links to ../../build/controller/controller.egg-info/dependency_links.txt
[2.437s] writing entry points to ../../build/controller/controller.egg-info/entry_points.txt
[2.438s] writing requirements to ../../build/controller/controller.egg-info/requires.txt
[2.440s] writing top-level names to ../../build/controller/controller.egg-info/top_level.txt
[2.678s] reading manifest file '../../build/controller/controller.egg-info/SOURCES.txt'
[2.685s] writing manifest file '../../build/controller/controller.egg-info/SOURCES.txt'
[2.685s] running build
[2.685s] running build_py
[2.685s] copying controller/receiver.py -> /home/amd/Downloads/GC/build/controller/build/lib/controller
[2.687s] running install
[2.690s] running install_lib
[2.697s] copying /home/amd/Downloads/GC/build/controller/build/lib/controller/receiver.py -> /home/amd/Downloads/GC/install/controller/lib/python3.8/site-packages/controller
[2.700s] byte-compiling /home/amd/Downloads/GC/install/controller/lib/python3.8/site-packages/controller/receiver.py to receiver.cpython-38.pyc
[2.715s] running install_data
[2.717s] running install_egg_info
[2.723s] removing '/home/amd/Downloads/GC/install/controller/lib/python3.8/site-packages/controller-0.0.0-py3.8.egg-info' (and everything under it)
[2.730s] Copying ../../build/controller/controller.egg-info to /home/amd/Downloads/GC/install/controller/lib/python3.8/site-packages/controller-0.0.0-py3.8.egg-info
[2.751s] running install_scripts
[2.833s] Installing talker script to /home/amd/Downloads/GC/install/controller/lib/controller
[2.834s] writing list of installed files to '/home/amd/Downloads/GC/build/controller/install.log'
[2.965s] Invoked command in '/home/amd/Downloads/GC/src/controller' returned '0': PYTHONPATH=/home/amd/Downloads/GC/install/controller/lib/python3.8/site-packages:${PYTHONPATH} /usr/bin/python3 setup.py egg_info --egg-base ../../build/controller build --build-base /home/amd/Downloads/GC/build/controller/build install --prefix /home/amd/Downloads/GC/install/controller --record /home/amd/Downloads/GC/build/controller/install.log --single-version-externally-managed
