[0.099s] Invoking command in '/home/robofei/ROS2/build/um7': CMAKE_PREFIX_PATH=/home/robofei/ROS2/install/serial:/home/robofei/ROS2/install/um7:/home/robofei/ROS2/install/control:/home/robofei/ROS2/install/dynamixel_sdk_examples:/home/robofei/ROS2/install/dynamixel_sdk_custom_interfaces:/home/robofei/ROS2/install/dynamixel_sdk:/home/robofei/ROS2/install/custom_interfaces_vision:/home/robofei/ROS2/install/custom_interfaces:/home/robofei/ROS2/install/vision_pkg:/home/robofei/ROS2/install/decision_pkg:/home/robofei/ROS2/install/controller:/opt/ros/foxy /usr/bin/cmake --build /home/robofei/ROS2/build/um7 -- -j8 -l8
[0.128s] [  8%] Built target um7__rosidl_generator_c
[0.128s] [ 10%] Built target um7__cpp
[0.159s] [ 16%] Built target um7_node
[0.171s] [ 24%] Built target um7__rosidl_typesupport_introspection_cpp
[0.175s] [ 32%] Built target um7__rosidl_typesupport_cpp
[0.176s] [ 48%] Built target um7__rosidl_typesupport_introspection_c
[0.177s] [ 48%] Built target um7__rosidl_typesupport_fastrtps_cpp
[0.182s] [ 56%] Built target um7__rosidl_typesupport_c
[0.213s] [ 64%] Built target um7__rosidl_typesupport_fastrtps_c
[0.245s] [ 64%] Built target um7
[0.268s] [ 67%] Built target um7__py
[0.290s] [ 78%] Built target um7_driver
[0.298s] [ 83%] Built target um7__python
[0.333s] [ 89%] Built target um7__rosidl_typesupport_c__pyext
[0.337s] [ 94%] Built target um7__rosidl_typesupport_introspection_c__pyext
[0.339s] [100%] Built target um7__rosidl_typesupport_fastrtps_c__pyext
[0.634s] Invoked command in '/home/robofei/ROS2/build/um7' returned '0': CMAKE_PREFIX_PATH=/home/robofei/ROS2/install/serial:/home/robofei/ROS2/install/um7:/home/robofei/ROS2/install/control:/home/robofei/ROS2/install/dynamixel_sdk_examples:/home/robofei/ROS2/install/dynamixel_sdk_custom_interfaces:/home/robofei/ROS2/install/dynamixel_sdk:/home/robofei/ROS2/install/custom_interfaces_vision:/home/robofei/ROS2/install/custom_interfaces:/home/robofei/ROS2/install/vision_pkg:/home/robofei/ROS2/install/decision_pkg:/home/robofei/ROS2/install/controller:/opt/ros/foxy /usr/bin/cmake --build /home/robofei/ROS2/build/um7 -- -j8 -l8
[0.740s] Invoking command in '/home/robofei/ROS2/build/um7': CMAKE_PREFIX_PATH=/home/robofei/ROS2/install/serial:/home/robofei/ROS2/install/um7:/home/robofei/ROS2/install/control:/home/robofei/ROS2/install/dynamixel_sdk_examples:/home/robofei/ROS2/install/dynamixel_sdk_custom_interfaces:/home/robofei/ROS2/install/dynamixel_sdk:/home/robofei/ROS2/install/custom_interfaces_vision:/home/robofei/ROS2/install/custom_interfaces:/home/robofei/ROS2/install/vision_pkg:/home/robofei/ROS2/install/decision_pkg:/home/robofei/ROS2/install/controller:/opt/ros/foxy /usr/bin/cmake --install /home/robofei/ROS2/build/um7
[0.758s] -- Install configuration: ""
[0.759s] -- Execute custom install script
[0.773s] -- Up-to-date symlink: /home/robofei/ROS2/install/um7/share/ament_index/resource_index/rosidl_interfaces/um7
[0.774s] -- Up-to-date symlink: /home/robofei/ROS2/install/um7/include/um7/msg/rosidl_generator_c__visibility_control.h
[0.774s] -- Up-to-date symlink: /home/robofei/ROS2/install/um7/include/um7/srv/detail/reset__functions.h
[0.774s] -- Up-to-date symlink: /home/robofei/ROS2/install/um7/include/um7/srv/detail/reset__struct.h
[0.774s] -- Up-to-date symlink: /home/robofei/ROS2/install/um7/include/um7/srv/detail/reset__type_support.h
[0.774s] -- Up-to-date symlink: /home/robofei/ROS2/install/um7/include/um7/srv/reset.h
[0.774s] -- Up-to-date symlink: /home/robofei/ROS2/install/um7/share/um7/environment/library_path.sh
[0.774s] -- Up-to-date symlink: /home/robofei/ROS2/install/um7/share/um7/environment/library_path.dsv
[0.775s] -- Up-to-date symlink: /home/robofei/ROS2/install/um7/include/um7/msg/rosidl_typesupport_fastrtps_c__visibility_control.h
[0.775s] -- Up-to-date symlink: /home/robofei/ROS2/install/um7/include/um7/srv/detail/reset__rosidl_typesupport_fastrtps_c.h
[0.775s] -- Up-to-date symlink: /home/robofei/ROS2/install/um7/lib/libum7__rosidl_typesupport_fastrtps_c.so
[0.775s] -- Up-to-date symlink: /home/robofei/ROS2/install/um7/include/um7/msg/rosidl_typesupport_fastrtps_cpp__visibility_control.h
[0.775s] -- Up-to-date symlink: /home/robofei/ROS2/install/um7/include/um7/srv/detail/reset__rosidl_typesupport_fastrtps_cpp.hpp
[0.775s] -- Up-to-date symlink: /home/robofei/ROS2/install/um7/lib/libum7__rosidl_typesupport_fastrtps_cpp.so
[0.775s] -- Up-to-date symlink: /home/robofei/ROS2/install/um7/include/um7/msg/rosidl_typesupport_introspection_c__visibility_control.h
[0.775s] -- Up-to-date symlink: /home/robofei/ROS2/install/um7/include/um7/srv/detail/reset__rosidl_typesupport_introspection_c.h
[0.776s] -- Up-to-date symlink: /home/robofei/ROS2/install/um7/include/um7/srv/detail/reset__builder.hpp
[0.778s] -- Up-to-date symlink: /home/robofei/ROS2/install/um7/include/um7/srv/detail/reset__struct.hpp
[0.778s] -- Up-to-date symlink: /home/robofei/ROS2/install/um7/include/um7/srv/detail/reset__traits.hpp
[0.779s] -- Up-to-date symlink: /home/robofei/ROS2/install/um7/include/um7/srv/reset.hpp
[0.780s] -- Up-to-date symlink: /home/robofei/ROS2/install/um7/include/um7/srv/detail/reset__rosidl_typesupport_introspection_cpp.hpp
[0.780s] -- Up-to-date symlink: /home/robofei/ROS2/install/um7/share/um7/environment/pythonpath.sh
[0.781s] -- Up-to-date symlink: /home/robofei/ROS2/install/um7/share/um7/environment/pythonpath.dsv
[0.781s] -- Up-to-date symlink: /home/robofei/ROS2/install/um7/lib/python3.8/site-packages/um7/__init__.py
[0.782s] -- Up-to-date symlink: /home/robofei/ROS2/install/um7/lib/python3.8/site-packages/um7/srv/__init__.py
[0.783s] -- Up-to-date symlink: /home/robofei/ROS2/install/um7/lib/python3.8/site-packages/um7/srv/_reset.py
[0.784s] -- Up-to-date symlink: /home/robofei/ROS2/install/um7/lib/python3.8/site-packages/um7/um7_s__rosidl_typesupport_fastrtps_c.cpython-38-x86_64-linux-gnu.so
[0.790s] -- Up-to-date symlink: /home/robofei/ROS2/install/um7/lib/python3.8/site-packages/um7/um7_s__rosidl_typesupport_introspection_c.cpython-38-x86_64-linux-gnu.so
[0.791s] -- Up-to-date symlink: /home/robofei/ROS2/install/um7/lib/python3.8/site-packages/um7/um7_s__rosidl_typesupport_c.cpython-38-x86_64-linux-gnu.so
[0.794s] -- Up-to-date symlink: /home/robofei/ROS2/install/um7/lib/libum7__python.so
[0.795s] -- Up-to-date symlink: /home/robofei/ROS2/install/um7/share/um7/srv/Reset.idl
[0.795s] -- Up-to-date symlink: /home/robofei/ROS2/install/um7/share/um7/srv/Reset.srv
[0.796s] -- Up-to-date symlink: /home/robofei/ROS2/install/um7/share/um7/srv/Reset_Request.msg
[0.797s] -- Up-to-date symlink: /home/robofei/ROS2/install/um7/share/um7/srv/Reset_Response.msg
[0.797s] -- Up-to-date symlink: /home/robofei/ROS2/install/um7/lib/um7/um7_node
[0.798s] -- Up-to-date symlink: /home/robofei/ROS2/install/um7/lib/libum7_driver.so
[0.798s] -- Up-to-date symlink: /home/robofei/ROS2/install/um7/share/ament_index/resource_index/package_run_dependencies/um7
[0.799s] -- Up-to-date symlink: /home/robofei/ROS2/install/um7/share/ament_index/resource_index/parent_prefix_path/um7
[0.800s] -- Up-to-date symlink: /home/robofei/ROS2/install/um7/share/um7/environment/ament_prefix_path.sh
[0.805s] -- Up-to-date symlink: /home/robofei/ROS2/install/um7/share/um7/environment/ament_prefix_path.dsv
[0.805s] -- Up-to-date symlink: /home/robofei/ROS2/install/um7/share/um7/environment/path.sh
[0.805s] -- Up-to-date symlink: /home/robofei/ROS2/install/um7/share/um7/environment/path.dsv
[0.806s] -- Up-to-date symlink: /home/robofei/ROS2/install/um7/share/um7/local_setup.bash
[0.806s] -- Up-to-date symlink: /home/robofei/ROS2/install/um7/share/um7/local_setup.sh
[0.806s] -- Up-to-date symlink: /home/robofei/ROS2/install/um7/share/um7/local_setup.zsh
[0.806s] -- Up-to-date symlink: /home/robofei/ROS2/install/um7/share/um7/local_setup.dsv
[0.806s] -- Symlinking: /home/robofei/ROS2/install/um7/share/um7/package.dsv
[0.819s] -- Up-to-date symlink: /home/robofei/ROS2/install/um7/share/ament_index/resource_index/packages/um7
[0.820s] -- Up-to-date symlink: /home/robofei/ROS2/install/um7/share/ament_index/resource_index/rclcpp_components/um7
[0.820s] -- Up-to-date symlink: /home/robofei/ROS2/install/um7/share/um7/cmake/rosidl_cmake-extras.cmake
[0.821s] -- Up-to-date symlink: /home/robofei/ROS2/install/um7/share/um7/cmake/ament_cmake_export_dependencies-extras.cmake
[0.821s] -- Up-to-date symlink: /home/robofei/ROS2/install/um7/share/um7/cmake/ament_cmake_export_libraries-extras.cmake
[0.822s] -- Up-to-date symlink: /home/robofei/ROS2/install/um7/share/um7/cmake/ament_cmake_export_targets-extras.cmake
[0.823s] -- Up-to-date symlink: /home/robofei/ROS2/install/um7/share/um7/cmake/ament_cmake_export_include_directories-extras.cmake
[0.823s] -- Up-to-date symlink: /home/robofei/ROS2/install/um7/share/um7/cmake/rosidl_cmake_export_typesupport_libraries-extras.cmake
[0.824s] -- Up-to-date symlink: /home/robofei/ROS2/install/um7/share/um7/cmake/rosidl_cmake_export_typesupport_targets-extras.cmake
[0.825s] -- Up-to-date symlink: /home/robofei/ROS2/install/um7/share/um7/cmake/um7Config.cmake
[0.825s] -- Up-to-date symlink: /home/robofei/ROS2/install/um7/share/um7/cmake/um7Config-version.cmake
[0.826s] -- Up-to-date symlink: /home/robofei/ROS2/install/um7/share/um7/package.xml
[0.827s] -- Up-to-date: /home/robofei/ROS2/install/um7/lib/libum7__rosidl_generator_c.so
[0.828s] -- Up-to-date: /home/robofei/ROS2/install/um7/lib/libum7__rosidl_typesupport_introspection_c.so
[0.830s] -- Up-to-date: /home/robofei/ROS2/install/um7/lib/libum7__rosidl_typesupport_c.so
[0.831s] -- Up-to-date: /home/robofei/ROS2/install/um7/lib/libum7__rosidl_typesupport_introspection_cpp.so
[0.832s] -- Up-to-date: /home/robofei/ROS2/install/um7/lib/libum7__rosidl_typesupport_cpp.so
[0.903s] -- Up-to-date: /home/robofei/ROS2/install/um7/share/um7/cmake/um7__rosidl_generator_cExport.cmake
[0.904s] -- Up-to-date: /home/robofei/ROS2/install/um7/share/um7/cmake/um7__rosidl_generator_cExport-noconfig.cmake
[0.904s] -- Up-to-date: /home/robofei/ROS2/install/um7/share/um7/cmake/um7__rosidl_typesupport_introspection_cExport.cmake
[0.904s] -- Up-to-date: /home/robofei/ROS2/install/um7/share/um7/cmake/um7__rosidl_typesupport_introspection_cExport-noconfig.cmake
[0.905s] -- Up-to-date: /home/robofei/ROS2/install/um7/share/um7/cmake/um7__rosidl_typesupport_cExport.cmake
[0.906s] -- Up-to-date: /home/robofei/ROS2/install/um7/share/um7/cmake/um7__rosidl_typesupport_cExport-noconfig.cmake
[0.906s] -- Up-to-date: /home/robofei/ROS2/install/um7/share/um7/cmake/um7__rosidl_generator_cppExport.cmake
[0.907s] -- Up-to-date: /home/robofei/ROS2/install/um7/share/um7/cmake/um7__rosidl_typesupport_introspection_cppExport.cmake
[0.907s] -- Up-to-date: /home/robofei/ROS2/install/um7/share/um7/cmake/um7__rosidl_typesupport_introspection_cppExport-noconfig.cmake
[0.908s] -- Up-to-date: /home/robofei/ROS2/install/um7/share/um7/cmake/um7__rosidl_typesupport_cppExport.cmake
[0.909s] -- Up-to-date: /home/robofei/ROS2/install/um7/share/um7/cmake/um7__rosidl_typesupport_cppExport-noconfig.cmake
[0.940s] Invoked command in '/home/robofei/ROS2/build/um7' returned '0': CMAKE_PREFIX_PATH=/home/robofei/ROS2/install/serial:/home/robofei/ROS2/install/um7:/home/robofei/ROS2/install/control:/home/robofei/ROS2/install/dynamixel_sdk_examples:/home/robofei/ROS2/install/dynamixel_sdk_custom_interfaces:/home/robofei/ROS2/install/dynamixel_sdk:/home/robofei/ROS2/install/custom_interfaces_vision:/home/robofei/ROS2/install/custom_interfaces:/home/robofei/ROS2/install/vision_pkg:/home/robofei/ROS2/install/decision_pkg:/home/robofei/ROS2/install/controller:/opt/ros/foxy /usr/bin/cmake --install /home/robofei/ROS2/build/um7
