[0.119s] Invoking command in '/home/robofei/ROS2/build/custom_interfaces_vision': CMAKE_PREFIX_PATH=${CMAKE_PREFIX_PATH}:/home/robofei/ROS2/install/vision_pkg:/home/robofei/ROS2/install/decision_pkg:/home/robofei/ROS2/install/controller:/opt/ros/foxy /usr/bin/cmake /home/robofei/ROS2/src/vision_pkg/src/custom_interfaces_vision -DAMENT_CMAKE_SYMLINK_INSTALL=1 -DCMAKE_INSTALL_PREFIX=/home/robofei/ROS2/install/custom_interfaces_vision
[0.630s] -- The C compiler identification is GNU 9.4.0
[0.961s] -- The CXX compiler identification is GNU 9.4.0
[0.978s] -- Check for working C compiler: /usr/bin/cc
[1.504s] -- Check for working C compiler: /usr/bin/cc -- works
[1.506s] -- Detecting C compiler ABI info
[2.060s] -- Detecting C compiler ABI info - done
[2.143s] -- Detecting C compile features
[2.144s] -- Detecting C compile features - done
[2.182s] -- Check for working CXX compiler: /usr/bin/c++
[2.859s] -- Check for working CXX compiler: /usr/bin/c++ -- works
[2.862s] -- Detecting CXX compiler ABI info
[3.560s] -- Detecting CXX compiler ABI info - done
[3.619s] -- Detecting CXX compile features
[3.621s] -- Detecting CXX compile features - done
[3.630s] -- Found ament_cmake: 0.9.9 (/opt/ros/foxy/share/ament_cmake/cmake)
[3.983s] -- Found PythonInterp: /usr/bin/python3 (found suitable version "3.8.10", minimum required is "3") 
[3.983s] -- Using PYTHON_EXECUTABLE: /usr/bin/python3
[5.633s] -- Override CMake install command with custom implementation using symlinks instead of copying resources
[5.833s] -- Found builtin_interfaces: 1.0.0 (/opt/ros/foxy/share/builtin_interfaces/cmake)
[5.986s] -- Using all available rosidl_typesupport_c: rosidl_typesupport_fastrtps_c;rosidl_typesupport_introspection_c
[6.020s] -- Found rosidl_adapter: 1.2.1 (/opt/ros/foxy/share/rosidl_adapter/cmake)
[6.738s] -- Found OpenSSL: /usr/lib/x86_64-linux-gnu/libcrypto.so (found version "1.1.1f")  
[6.944s] -- Found FastRTPS: /opt/ros/foxy/include  
[7.353s] -- Using all available rosidl_typesupport_cpp: rosidl_typesupport_fastrtps_cpp;rosidl_typesupport_introspection_cpp
[7.433s] -- Found rosidl_default_generators: 1.0.1 (/opt/ros/foxy/share/rosidl_default_generators/cmake)
[7.491s] -- Found std_msgs: 2.0.5 (/opt/ros/foxy/share/std_msgs/cmake)
[7.632s] -- Found PythonInterp: /usr/bin/python3 (found version "3.8.10") 
[8.649s] -- Found ament_cmake_ros: 0.9.2 (/opt/ros/foxy/share/ament_cmake_ros/cmake)
[9.222s] -- Using all available rosidl_typesupport_c: rosidl_typesupport_fastrtps_c;rosidl_typesupport_introspection_c
[9.494s] -- Using all available rosidl_typesupport_cpp: rosidl_typesupport_fastrtps_cpp;rosidl_typesupport_introspection_cpp
[9.604s] -- Found PythonInterp: /usr/bin/python3 (found suitable version "3.8.10", minimum required is "3.5") 
[9.608s] -- Found python_cmake_module: 0.8.1 (/opt/ros/foxy/share/python_cmake_module/cmake)
[9.711s] -- Found PythonLibs: /usr/lib/x86_64-linux-gnu/libpython3.8.so (found suitable version "3.8.10", minimum required is "3.5") 
[9.712s] -- Using PYTHON_EXECUTABLE: /usr/bin/python3
[9.713s] -- Using PYTHON_INCLUDE_DIRS: /usr/include/python3.8
[9.715s] -- Using PYTHON_LIBRARIES: /usr/lib/x86_64-linux-gnu/libpython3.8.so
[9.797s] -- Found PythonExtra: .so  
[10.059s] -- Configuring done
[10.283s] -- Generating done
[10.289s] -- Build files have been written to: /home/robofei/ROS2/build/custom_interfaces_vision
[10.357s] Invoked command in '/home/robofei/ROS2/build/custom_interfaces_vision' returned '0': CMAKE_PREFIX_PATH=${CMAKE_PREFIX_PATH}:/home/robofei/ROS2/install/vision_pkg:/home/robofei/ROS2/install/decision_pkg:/home/robofei/ROS2/install/controller:/opt/ros/foxy /usr/bin/cmake /home/robofei/ROS2/src/vision_pkg/src/custom_interfaces_vision -DAMENT_CMAKE_SYMLINK_INSTALL=1 -DCMAKE_INSTALL_PREFIX=/home/robofei/ROS2/install/custom_interfaces_vision
[10.363s] Invoking command in '/home/robofei/ROS2/build/custom_interfaces_vision': CMAKE_PREFIX_PATH=${CMAKE_PREFIX_PATH}:/home/robofei/ROS2/install/vision_pkg:/home/robofei/ROS2/install/decision_pkg:/home/robofei/ROS2/install/controller:/opt/ros/foxy /usr/bin/cmake --build /home/robofei/ROS2/build/custom_interfaces_vision -- -j4 -l4
[10.467s] [35m[1mScanning dependencies of target custom_interfaces_vision__cpp[0m
[10.493s] [  1%] [34m[1mGenerating C++ code for ROS interfaces[0m
[12.420s] [  1%] Built target custom_interfaces_vision__cpp
[12.447s] [  3%] [34m[1mGenerating C code for ROS interfaces[0m
[14.467s] [35m[1mScanning dependencies of target custom_interfaces_vision__rosidl_generator_c[0m
[14.496s] [  5%] [32mBuilding C object CMakeFiles/custom_interfaces_vision__rosidl_generator_c.dir/rosidl_generator_c/custom_interfaces_vision/msg/detail/set_position__functions.c.o[0m
[14.590s] [  7%] [32mBuilding C object CMakeFiles/custom_interfaces_vision__rosidl_generator_c.dir/rosidl_generator_c/custom_interfaces_vision/msg/detail/decision__functions.c.o[0m
[14.694s] [  9%] [32mBuilding C object CMakeFiles/custom_interfaces_vision__rosidl_generator_c.dir/rosidl_generator_c/custom_interfaces_vision/msg/detail/vision__functions.c.o[0m
[14.846s] [ 10%] [32mBuilding C object CMakeFiles/custom_interfaces_vision__rosidl_generator_c.dir/rosidl_generator_c/custom_interfaces_vision/msg/detail/humanoid_league_msgs__functions.c.o[0m
[14.942s] [ 12%] [32m[1mLinking C shared library libcustom_interfaces_vision__rosidl_generator_c.so[0m
[15.026s] [ 12%] Built target custom_interfaces_vision__rosidl_generator_c
[15.050s] [ 14%] [34m[1mGenerating C++ type support dispatch for ROS interfaces[0m
[16.372s] [35m[1mScanning dependencies of target custom_interfaces_vision__rosidl_typesupport_cpp[0m
[16.402s] [ 16%] [32mBuilding CXX object CMakeFiles/custom_interfaces_vision__rosidl_typesupport_cpp.dir/rosidl_typesupport_cpp/custom_interfaces_vision/msg/set_position__type_support.cpp.o[0m
[17.293s] [ 18%] [32mBuilding CXX object CMakeFiles/custom_interfaces_vision__rosidl_typesupport_cpp.dir/rosidl_typesupport_cpp/custom_interfaces_vision/msg/decision__type_support.cpp.o[0m
[18.057s] [ 20%] [32mBuilding CXX object CMakeFiles/custom_interfaces_vision__rosidl_typesupport_cpp.dir/rosidl_typesupport_cpp/custom_interfaces_vision/msg/vision__type_support.cpp.o[0m
[18.850s] [ 21%] [32mBuilding CXX object CMakeFiles/custom_interfaces_vision__rosidl_typesupport_cpp.dir/rosidl_typesupport_cpp/custom_interfaces_vision/msg/humanoid_league_msgs__type_support.cpp.o[0m
[19.611s] [ 23%] [32m[1mLinking CXX shared library libcustom_interfaces_vision__rosidl_typesupport_cpp.so[0m
[19.802s] [ 23%] Built target custom_interfaces_vision__rosidl_typesupport_cpp
[19.826s] [ 25%] [34m[1mGenerating C type support dispatch for ROS interfaces[0m
[21.345s] [35m[1mScanning dependencies of target custom_interfaces_vision__rosidl_typesupport_c[0m
[21.389s] [ 27%] [32mBuilding CXX object CMakeFiles/custom_interfaces_vision__rosidl_typesupport_c.dir/rosidl_typesupport_c/custom_interfaces_vision/msg/set_position__type_support.cpp.o[0m
[21.462s] [ 29%] [32mBuilding CXX object CMakeFiles/custom_interfaces_vision__rosidl_typesupport_c.dir/rosidl_typesupport_c/custom_interfaces_vision/msg/decision__type_support.cpp.o[0m
[21.540s] [ 30%] [32mBuilding CXX object CMakeFiles/custom_interfaces_vision__rosidl_typesupport_c.dir/rosidl_typesupport_c/custom_interfaces_vision/msg/vision__type_support.cpp.o[0m
[21.619s] [ 32%] [32mBuilding CXX object CMakeFiles/custom_interfaces_vision__rosidl_typesupport_c.dir/rosidl_typesupport_c/custom_interfaces_vision/msg/humanoid_league_msgs__type_support.cpp.o[0m
[21.698s] [ 34%] [32m[1mLinking CXX shared library libcustom_interfaces_vision__rosidl_typesupport_c.so[0m
[21.821s] [ 34%] Built target custom_interfaces_vision__rosidl_typesupport_c
[21.846s] [ 36%] [34m[1mGenerating C introspection for ROS interfaces[0m
[23.488s] [35m[1mScanning dependencies of target custom_interfaces_vision__rosidl_typesupport_introspection_c[0m
[23.518s] [ 38%] [32mBuilding C object CMakeFiles/custom_interfaces_vision__rosidl_typesupport_introspection_c.dir/rosidl_typesupport_introspection_c/custom_interfaces_vision/msg/detail/set_position__type_support.c.o[0m
[23.609s] [ 40%] [32mBuilding C object CMakeFiles/custom_interfaces_vision__rosidl_typesupport_introspection_c.dir/rosidl_typesupport_introspection_c/custom_interfaces_vision/msg/detail/decision__type_support.c.o[0m
[23.717s] [ 41%] [32mBuilding C object CMakeFiles/custom_interfaces_vision__rosidl_typesupport_introspection_c.dir/rosidl_typesupport_introspection_c/custom_interfaces_vision/msg/detail/vision__type_support.c.o[0m
[23.855s] [ 43%] [32mBuilding C object CMakeFiles/custom_interfaces_vision__rosidl_typesupport_introspection_c.dir/rosidl_typesupport_introspection_c/custom_interfaces_vision/msg/detail/humanoid_league_msgs__type_support.c.o[0m
[23.935s] [ 45%] [32m[1mLinking C shared library libcustom_interfaces_vision__rosidl_typesupport_introspection_c.so[0m
[24.015s] [ 45%] Built target custom_interfaces_vision__rosidl_typesupport_introspection_c
[24.037s] [ 47%] [34m[1mGenerating C++ type support for eProsima Fast-RTPS[0m
[25.761s] [35m[1mScanning dependencies of target custom_interfaces_vision__rosidl_typesupport_fastrtps_cpp[0m
[25.821s] [ 49%] [32mBuilding CXX object CMakeFiles/custom_interfaces_vision__rosidl_typesupport_fastrtps_cpp.dir/rosidl_typesupport_fastrtps_cpp/custom_interfaces_vision/msg/detail/dds_fastrtps/set_position__type_support.cpp.o[0m
[27.265s] [ 50%] [32mBuilding CXX object CMakeFiles/custom_interfaces_vision__rosidl_typesupport_fastrtps_cpp.dir/rosidl_typesupport_fastrtps_cpp/custom_interfaces_vision/msg/detail/dds_fastrtps/vision__type_support.cpp.o[0m
[28.427s] [ 52%] [32mBuilding CXX object CMakeFiles/custom_interfaces_vision__rosidl_typesupport_fastrtps_cpp.dir/rosidl_typesupport_fastrtps_cpp/custom_interfaces_vision/msg/detail/dds_fastrtps/humanoid_league_msgs__type_support.cpp.o[0m
[29.321s] [ 54%] [32mBuilding CXX object CMakeFiles/custom_interfaces_vision__rosidl_typesupport_fastrtps_cpp.dir/rosidl_typesupport_fastrtps_cpp/custom_interfaces_vision/msg/detail/dds_fastrtps/decision__type_support.cpp.o[0m
[30.154s] [ 56%] [32m[1mLinking CXX shared library libcustom_interfaces_vision__rosidl_typesupport_fastrtps_cpp.so[0m
[30.369s] [ 56%] Built target custom_interfaces_vision__rosidl_typesupport_fastrtps_cpp
[30.394s] [ 58%] [34m[1mGenerating C++ introspection for ROS interfaces[0m
[31.491s] [35m[1mScanning dependencies of target custom_interfaces_vision__rosidl_typesupport_introspection_cpp[0m
[31.522s] [ 60%] [32mBuilding CXX object CMakeFiles/custom_interfaces_vision__rosidl_typesupport_introspection_cpp.dir/rosidl_typesupport_introspection_cpp/custom_interfaces_vision/msg/detail/set_position__type_support.cpp.o[0m
[32.344s] [ 61%] [32mBuilding CXX object CMakeFiles/custom_interfaces_vision__rosidl_typesupport_introspection_cpp.dir/rosidl_typesupport_introspection_cpp/custom_interfaces_vision/msg/detail/vision__type_support.cpp.o[0m
[32.876s] [ 63%] [32mBuilding CXX object CMakeFiles/custom_interfaces_vision__rosidl_typesupport_introspection_cpp.dir/rosidl_typesupport_introspection_cpp/custom_interfaces_vision/msg/detail/humanoid_league_msgs__type_support.cpp.o[0m
[33.653s] [ 65%] [32mBuilding CXX object CMakeFiles/custom_interfaces_vision__rosidl_typesupport_introspection_cpp.dir/rosidl_typesupport_introspection_cpp/custom_interfaces_vision/msg/detail/decision__type_support.cpp.o[0m
[34.390s] [ 67%] [32m[1mLinking CXX shared library libcustom_interfaces_vision__rosidl_typesupport_introspection_cpp.so[0m
[34.576s] [ 67%] Built target custom_interfaces_vision__rosidl_typesupport_introspection_cpp
[34.602s] [ 69%] [34m[1mGenerating C type support for eProsima Fast-RTPS[0m
[36.249s] [35m[1mScanning dependencies of target custom_interfaces_vision__rosidl_typesupport_fastrtps_c[0m
[36.306s] [ 70%] [32mBuilding CXX object CMakeFiles/custom_interfaces_vision__rosidl_typesupport_fastrtps_c.dir/rosidl_typesupport_fastrtps_c/custom_interfaces_vision/msg/detail/set_position__type_support_c.cpp.o[0m
[37.155s] [ 72%] [32mBuilding CXX object CMakeFiles/custom_interfaces_vision__rosidl_typesupport_fastrtps_c.dir/rosidl_typesupport_fastrtps_c/custom_interfaces_vision/msg/detail/humanoid_league_msgs__type_support_c.cpp.o[0m
[38.099s] [ 74%] [32mBuilding CXX object CMakeFiles/custom_interfaces_vision__rosidl_typesupport_fastrtps_c.dir/rosidl_typesupport_fastrtps_c/custom_interfaces_vision/msg/detail/vision__type_support_c.cpp.o[0m
[38.988s] [ 76%] [32mBuilding CXX object CMakeFiles/custom_interfaces_vision__rosidl_typesupport_fastrtps_c.dir/rosidl_typesupport_fastrtps_c/custom_interfaces_vision/msg/detail/decision__type_support_c.cpp.o[0m
[39.927s] [ 78%] [32m[1mLinking CXX shared library libcustom_interfaces_vision__rosidl_typesupport_fastrtps_c.so[0m
[40.157s] [ 78%] Built target custom_interfaces_vision__rosidl_typesupport_fastrtps_c
[40.183s] [35m[1mScanning dependencies of target custom_interfaces_vision[0m
[40.206s] [ 78%] Built target custom_interfaces_vision
[40.229s] [35m[1mScanning dependencies of target custom_interfaces_vision__py[0m
[40.255s] [ 80%] [34m[1mGenerating Python code for ROS interfaces[0m
[43.558s] [ 80%] Built target custom_interfaces_vision__py
[43.583s] [35m[1mScanning dependencies of target custom_interfaces_vision__python[0m
[43.654s] [ 81%] [32mBuilding C object CMakeFiles/custom_interfaces_vision__python.dir/rosidl_generator_py/custom_interfaces_vision/msg/_set_position_s.c.o[0m
[43.947s] [ 83%] [32mBuilding C object CMakeFiles/custom_interfaces_vision__python.dir/rosidl_generator_py/custom_interfaces_vision/msg/_humanoid_league_msgs_s.c.o[0m
[44.239s] [ 85%] [32mBuilding C object CMakeFiles/custom_interfaces_vision__python.dir/rosidl_generator_py/custom_interfaces_vision/msg/_vision_s.c.o[0m
[44.484s] [ 87%] [32mBuilding C object CMakeFiles/custom_interfaces_vision__python.dir/rosidl_generator_py/custom_interfaces_vision/msg/_decision_s.c.o[0m
[44.713s] [ 89%] [32m[1mLinking C shared library rosidl_generator_py/custom_interfaces_vision/libcustom_interfaces_vision__python.so[0m
[44.831s] [ 89%] Built target custom_interfaces_vision__python
[44.856s] [35m[1mScanning dependencies of target custom_interfaces_vision__rosidl_typesupport_introspection_c__pyext[0m
[44.912s] [ 90%] [32mBuilding C object CMakeFiles/custom_interfaces_vision__rosidl_typesupport_introspection_c__pyext.dir/rosidl_generator_py/custom_interfaces_vision/_custom_interfaces_vision_s.ep.rosidl_typesupport_introspection_c.c.o[0m
[45.135s] [ 92%] [32m[1mLinking C shared library rosidl_generator_py/custom_interfaces_vision/custom_interfaces_vision_s__rosidl_typesupport_introspection_c.cpython-38-x86_64-linux-gnu.so[0m
[45.227s] [ 92%] Built target custom_interfaces_vision__rosidl_typesupport_introspection_c__pyext
[45.252s] [35m[1mScanning dependencies of target custom_interfaces_vision__rosidl_typesupport_c__pyext[0m
[45.359s] [ 94%] [32mBuilding C object CMakeFiles/custom_interfaces_vision__rosidl_typesupport_c__pyext.dir/rosidl_generator_py/custom_interfaces_vision/_custom_interfaces_vision_s.ep.rosidl_typesupport_c.c.o[0m
[45.608s] [ 96%] [32m[1mLinking C shared library rosidl_generator_py/custom_interfaces_vision/custom_interfaces_vision_s__rosidl_typesupport_c.cpython-38-x86_64-linux-gnu.so[0m
[45.711s] [ 96%] Built target custom_interfaces_vision__rosidl_typesupport_c__pyext
[45.736s] [35m[1mScanning dependencies of target custom_interfaces_vision__rosidl_typesupport_fastrtps_c__pyext[0m
[45.810s] [ 98%] [32mBuilding C object CMakeFiles/custom_interfaces_vision__rosidl_typesupport_fastrtps_c__pyext.dir/rosidl_generator_py/custom_interfaces_vision/_custom_interfaces_vision_s.ep.rosidl_typesupport_fastrtps_c.c.o[0m
[46.037s] [100%] [32m[1mLinking CXX shared library rosidl_generator_py/custom_interfaces_vision/custom_interfaces_vision_s__rosidl_typesupport_fastrtps_c.cpython-38-x86_64-linux-gnu.so[0m
[46.265s] [100%] Built target custom_interfaces_vision__rosidl_typesupport_fastrtps_c__pyext
[46.330s] Invoked command in '/home/robofei/ROS2/build/custom_interfaces_vision' returned '0': CMAKE_PREFIX_PATH=${CMAKE_PREFIX_PATH}:/home/robofei/ROS2/install/vision_pkg:/home/robofei/ROS2/install/decision_pkg:/home/robofei/ROS2/install/controller:/opt/ros/foxy /usr/bin/cmake --build /home/robofei/ROS2/build/custom_interfaces_vision -- -j4 -l4
[46.625s] Invoking command in '/home/robofei/ROS2/build/custom_interfaces_vision': CMAKE_PREFIX_PATH=${CMAKE_PREFIX_PATH}:/home/robofei/ROS2/install/vision_pkg:/home/robofei/ROS2/install/decision_pkg:/home/robofei/ROS2/install/controller:/opt/ros/foxy /usr/bin/cmake --install /home/robofei/ROS2/build/custom_interfaces_vision
[46.653s] -- Install configuration: ""
[46.655s] -- Execute custom install script
[46.656s] -- Symlinking: /home/robofei/ROS2/install/custom_interfaces_vision/share/ament_index/resource_index/rosidl_interfaces/custom_interfaces_vision
[46.678s] -- Symlinking: /home/robofei/ROS2/install/custom_interfaces_vision/include/custom_interfaces_vision/msg/decision.h
[46.702s] -- Symlinking: /home/robofei/ROS2/install/custom_interfaces_vision/include/custom_interfaces_vision/msg/detail/decision__functions.h
[46.725s] -- Symlinking: /home/robofei/ROS2/install/custom_interfaces_vision/include/custom_interfaces_vision/msg/detail/decision__struct.h
[46.746s] -- Symlinking: /home/robofei/ROS2/install/custom_interfaces_vision/include/custom_interfaces_vision/msg/detail/decision__type_support.h
[46.767s] -- Symlinking: /home/robofei/ROS2/install/custom_interfaces_vision/include/custom_interfaces_vision/msg/detail/humanoid_league_msgs__functions.h
[46.788s] -- Symlinking: /home/robofei/ROS2/install/custom_interfaces_vision/include/custom_interfaces_vision/msg/detail/humanoid_league_msgs__struct.h
[46.811s] -- Symlinking: /home/robofei/ROS2/install/custom_interfaces_vision/include/custom_interfaces_vision/msg/detail/humanoid_league_msgs__type_support.h
[46.831s] -- Symlinking: /home/robofei/ROS2/install/custom_interfaces_vision/include/custom_interfaces_vision/msg/detail/set_position__functions.h
[46.853s] -- Symlinking: /home/robofei/ROS2/install/custom_interfaces_vision/include/custom_interfaces_vision/msg/detail/set_position__struct.h
[46.873s] -- Symlinking: /home/robofei/ROS2/install/custom_interfaces_vision/include/custom_interfaces_vision/msg/detail/set_position__type_support.h
[46.893s] -- Symlinking: /home/robofei/ROS2/install/custom_interfaces_vision/include/custom_interfaces_vision/msg/detail/vision__functions.h
[46.917s] -- Symlinking: /home/robofei/ROS2/install/custom_interfaces_vision/include/custom_interfaces_vision/msg/detail/vision__struct.h
[46.939s] -- Symlinking: /home/robofei/ROS2/install/custom_interfaces_vision/include/custom_interfaces_vision/msg/detail/vision__type_support.h
[46.961s] -- Symlinking: /home/robofei/ROS2/install/custom_interfaces_vision/include/custom_interfaces_vision/msg/humanoid_league_msgs.h
[46.984s] -- Symlinking: /home/robofei/ROS2/install/custom_interfaces_vision/include/custom_interfaces_vision/msg/rosidl_generator_c__visibility_control.h
[47.007s] -- Symlinking: /home/robofei/ROS2/install/custom_interfaces_vision/include/custom_interfaces_vision/msg/set_position.h
[47.030s] -- Symlinking: /home/robofei/ROS2/install/custom_interfaces_vision/include/custom_interfaces_vision/msg/vision.h
[47.051s] -- Symlinking: /home/robofei/ROS2/install/custom_interfaces_vision/share/custom_interfaces_vision/environment/library_path.sh
[47.074s] -- Symlinking: /home/robofei/ROS2/install/custom_interfaces_vision/share/custom_interfaces_vision/environment/library_path.dsv
[47.098s] -- Symlinking: /home/robofei/ROS2/install/custom_interfaces_vision/include/custom_interfaces_vision/msg/detail/decision__rosidl_typesupport_fastrtps_c.h
[47.120s] -- Symlinking: /home/robofei/ROS2/install/custom_interfaces_vision/include/custom_interfaces_vision/msg/detail/humanoid_league_msgs__rosidl_typesupport_fastrtps_c.h
[47.141s] -- Symlinking: /home/robofei/ROS2/install/custom_interfaces_vision/include/custom_interfaces_vision/msg/detail/set_position__rosidl_typesupport_fastrtps_c.h
[47.166s] -- Symlinking: /home/robofei/ROS2/install/custom_interfaces_vision/include/custom_interfaces_vision/msg/detail/vision__rosidl_typesupport_fastrtps_c.h
[47.186s] -- Symlinking: /home/robofei/ROS2/install/custom_interfaces_vision/include/custom_interfaces_vision/msg/rosidl_typesupport_fastrtps_c__visibility_control.h
[47.208s] -- Symlinking: /home/robofei/ROS2/install/custom_interfaces_vision/lib/libcustom_interfaces_vision__rosidl_typesupport_fastrtps_c.so
[47.232s] -- Symlinking: /home/robofei/ROS2/install/custom_interfaces_vision/include/custom_interfaces_vision/msg/detail/decision__rosidl_typesupport_fastrtps_cpp.hpp
[47.254s] -- Symlinking: /home/robofei/ROS2/install/custom_interfaces_vision/include/custom_interfaces_vision/msg/detail/humanoid_league_msgs__rosidl_typesupport_fastrtps_cpp.hpp
[47.274s] -- Symlinking: /home/robofei/ROS2/install/custom_interfaces_vision/include/custom_interfaces_vision/msg/detail/set_position__rosidl_typesupport_fastrtps_cpp.hpp
[47.299s] -- Symlinking: /home/robofei/ROS2/install/custom_interfaces_vision/include/custom_interfaces_vision/msg/detail/vision__rosidl_typesupport_fastrtps_cpp.hpp
[47.323s] -- Symlinking: /home/robofei/ROS2/install/custom_interfaces_vision/include/custom_interfaces_vision/msg/rosidl_typesupport_fastrtps_cpp__visibility_control.h
[47.344s] -- Symlinking: /home/robofei/ROS2/install/custom_interfaces_vision/lib/libcustom_interfaces_vision__rosidl_typesupport_fastrtps_cpp.so
[47.366s] -- Symlinking: /home/robofei/ROS2/install/custom_interfaces_vision/include/custom_interfaces_vision/msg/detail/decision__rosidl_typesupport_introspection_c.h
[47.388s] -- Symlinking: /home/robofei/ROS2/install/custom_interfaces_vision/include/custom_interfaces_vision/msg/detail/humanoid_league_msgs__rosidl_typesupport_introspection_c.h
[47.414s] -- Symlinking: /home/robofei/ROS2/install/custom_interfaces_vision/include/custom_interfaces_vision/msg/detail/set_position__rosidl_typesupport_introspection_c.h
[47.436s] -- Symlinking: /home/robofei/ROS2/install/custom_interfaces_vision/include/custom_interfaces_vision/msg/detail/vision__rosidl_typesupport_introspection_c.h
[47.467s] -- Symlinking: /home/robofei/ROS2/install/custom_interfaces_vision/include/custom_interfaces_vision/msg/rosidl_typesupport_introspection_c__visibility_control.h
[47.500s] -- Symlinking: /home/robofei/ROS2/install/custom_interfaces_vision/include/custom_interfaces_vision/msg/decision.hpp
[47.525s] -- Symlinking: /home/robofei/ROS2/install/custom_interfaces_vision/include/custom_interfaces_vision/msg/detail/decision__builder.hpp
[47.546s] -- Symlinking: /home/robofei/ROS2/install/custom_interfaces_vision/include/custom_interfaces_vision/msg/detail/decision__struct.hpp
[47.567s] -- Symlinking: /home/robofei/ROS2/install/custom_interfaces_vision/include/custom_interfaces_vision/msg/detail/decision__traits.hpp
[47.589s] -- Symlinking: /home/robofei/ROS2/install/custom_interfaces_vision/include/custom_interfaces_vision/msg/detail/humanoid_league_msgs__builder.hpp
[47.610s] -- Symlinking: /home/robofei/ROS2/install/custom_interfaces_vision/include/custom_interfaces_vision/msg/detail/humanoid_league_msgs__struct.hpp
[47.633s] -- Symlinking: /home/robofei/ROS2/install/custom_interfaces_vision/include/custom_interfaces_vision/msg/detail/humanoid_league_msgs__traits.hpp
[47.660s] -- Symlinking: /home/robofei/ROS2/install/custom_interfaces_vision/include/custom_interfaces_vision/msg/detail/set_position__builder.hpp
[47.681s] -- Symlinking: /home/robofei/ROS2/install/custom_interfaces_vision/include/custom_interfaces_vision/msg/detail/set_position__struct.hpp
[47.702s] -- Symlinking: /home/robofei/ROS2/install/custom_interfaces_vision/include/custom_interfaces_vision/msg/detail/set_position__traits.hpp
[47.743s] -- Symlinking: /home/robofei/ROS2/install/custom_interfaces_vision/include/custom_interfaces_vision/msg/detail/vision__builder.hpp
[47.769s] -- Symlinking: /home/robofei/ROS2/install/custom_interfaces_vision/include/custom_interfaces_vision/msg/detail/vision__struct.hpp
[47.813s] -- Symlinking: /home/robofei/ROS2/install/custom_interfaces_vision/include/custom_interfaces_vision/msg/detail/vision__traits.hpp
[47.834s] -- Symlinking: /home/robofei/ROS2/install/custom_interfaces_vision/include/custom_interfaces_vision/msg/humanoid_league_msgs.hpp
[47.855s] -- Symlinking: /home/robofei/ROS2/install/custom_interfaces_vision/include/custom_interfaces_vision/msg/set_position.hpp
[47.876s] -- Symlinking: /home/robofei/ROS2/install/custom_interfaces_vision/include/custom_interfaces_vision/msg/vision.hpp
[47.899s] -- Symlinking: /home/robofei/ROS2/install/custom_interfaces_vision/include/custom_interfaces_vision/msg/detail/decision__rosidl_typesupport_introspection_cpp.hpp
[47.921s] -- Symlinking: /home/robofei/ROS2/install/custom_interfaces_vision/include/custom_interfaces_vision/msg/detail/humanoid_league_msgs__rosidl_typesupport_introspection_cpp.hpp
[47.944s] -- Symlinking: /home/robofei/ROS2/install/custom_interfaces_vision/include/custom_interfaces_vision/msg/detail/set_position__rosidl_typesupport_introspection_cpp.hpp
[47.964s] -- Symlinking: /home/robofei/ROS2/install/custom_interfaces_vision/include/custom_interfaces_vision/msg/detail/vision__rosidl_typesupport_introspection_cpp.hpp
[47.986s] -- Symlinking: /home/robofei/ROS2/install/custom_interfaces_vision/share/custom_interfaces_vision/environment/pythonpath.sh
[48.009s] -- Symlinking: /home/robofei/ROS2/install/custom_interfaces_vision/share/custom_interfaces_vision/environment/pythonpath.dsv
[48.031s] -- Symlinking: /home/robofei/ROS2/install/custom_interfaces_vision/lib/python3.8/site-packages/custom_interfaces_vision/__init__.py
[48.053s] -- Symlinking: /home/robofei/ROS2/install/custom_interfaces_vision/lib/python3.8/site-packages/custom_interfaces_vision/msg/__init__.py
[48.074s] -- Symlinking: /home/robofei/ROS2/install/custom_interfaces_vision/lib/python3.8/site-packages/custom_interfaces_vision/msg/_decision.py
[48.094s] -- Symlinking: /home/robofei/ROS2/install/custom_interfaces_vision/lib/python3.8/site-packages/custom_interfaces_vision/msg/_humanoid_league_msgs.py
[48.115s] -- Symlinking: /home/robofei/ROS2/install/custom_interfaces_vision/lib/python3.8/site-packages/custom_interfaces_vision/msg/_set_position.py
[48.137s] -- Symlinking: /home/robofei/ROS2/install/custom_interfaces_vision/lib/python3.8/site-packages/custom_interfaces_vision/msg/_vision.py
[48.161s] -- Symlinking: /home/robofei/ROS2/install/custom_interfaces_vision/lib/python3.8/site-packages/custom_interfaces_vision/custom_interfaces_vision_s__rosidl_typesupport_fastrtps_c.cpython-38-x86_64-linux-gnu.so
[48.181s] -- Symlinking: /home/robofei/ROS2/install/custom_interfaces_vision/lib/python3.8/site-packages/custom_interfaces_vision/custom_interfaces_vision_s__rosidl_typesupport_introspection_c.cpython-38-x86_64-linux-gnu.so
[48.204s] -- Symlinking: /home/robofei/ROS2/install/custom_interfaces_vision/lib/python3.8/site-packages/custom_interfaces_vision/custom_interfaces_vision_s__rosidl_typesupport_c.cpython-38-x86_64-linux-gnu.so
[48.226s] -- Symlinking: /home/robofei/ROS2/install/custom_interfaces_vision/lib/libcustom_interfaces_vision__python.so
[48.247s] -- Symlinking: /home/robofei/ROS2/install/custom_interfaces_vision/share/custom_interfaces_vision/msg/SetPosition.idl
[48.267s] -- Symlinking: /home/robofei/ROS2/install/custom_interfaces_vision/share/custom_interfaces_vision/msg/Decision.idl
[48.287s] -- Symlinking: /home/robofei/ROS2/install/custom_interfaces_vision/share/custom_interfaces_vision/msg/Vision.idl
[48.317s] -- Symlinking: /home/robofei/ROS2/install/custom_interfaces_vision/share/custom_interfaces_vision/msg/HumanoidLeagueMsgs.idl
[48.338s] -- Symlinking: /home/robofei/ROS2/install/custom_interfaces_vision/share/custom_interfaces_vision/msg/SetPosition.msg
[48.360s] -- Symlinking: /home/robofei/ROS2/install/custom_interfaces_vision/share/custom_interfaces_vision/msg/Decision.msg
[48.382s] -- Symlinking: /home/robofei/ROS2/install/custom_interfaces_vision/share/custom_interfaces_vision/msg/Vision.msg
[48.406s] -- Symlinking: /home/robofei/ROS2/install/custom_interfaces_vision/share/custom_interfaces_vision/msg/HumanoidLeagueMsgs.msg
[48.429s] -- Symlinking: /home/robofei/ROS2/install/custom_interfaces_vision/share/ament_index/resource_index/package_run_dependencies/custom_interfaces_vision
[48.453s] -- Symlinking: /home/robofei/ROS2/install/custom_interfaces_vision/share/ament_index/resource_index/parent_prefix_path/custom_interfaces_vision
[48.477s] -- Symlinking: /home/robofei/ROS2/install/custom_interfaces_vision/share/custom_interfaces_vision/environment/ament_prefix_path.sh
[48.506s] -- Symlinking: /home/robofei/ROS2/install/custom_interfaces_vision/share/custom_interfaces_vision/environment/ament_prefix_path.dsv
[48.531s] -- Symlinking: /home/robofei/ROS2/install/custom_interfaces_vision/share/custom_interfaces_vision/environment/path.sh
[48.556s] -- Symlinking: /home/robofei/ROS2/install/custom_interfaces_vision/share/custom_interfaces_vision/environment/path.dsv
[48.581s] -- Symlinking: /home/robofei/ROS2/install/custom_interfaces_vision/share/custom_interfaces_vision/local_setup.bash
[48.611s] -- Symlinking: /home/robofei/ROS2/install/custom_interfaces_vision/share/custom_interfaces_vision/local_setup.sh
[48.633s] -- Symlinking: /home/robofei/ROS2/install/custom_interfaces_vision/share/custom_interfaces_vision/local_setup.zsh
[48.663s] -- Symlinking: /home/robofei/ROS2/install/custom_interfaces_vision/share/custom_interfaces_vision/local_setup.dsv
[48.684s] -- Symlinking: /home/robofei/ROS2/install/custom_interfaces_vision/share/custom_interfaces_vision/package.dsv
[48.707s] -- Symlinking: /home/robofei/ROS2/install/custom_interfaces_vision/share/ament_index/resource_index/packages/custom_interfaces_vision
[48.729s] -- Symlinking: /home/robofei/ROS2/install/custom_interfaces_vision/share/custom_interfaces_vision/cmake/rosidl_cmake-extras.cmake
[48.751s] -- Symlinking: /home/robofei/ROS2/install/custom_interfaces_vision/share/custom_interfaces_vision/cmake/ament_cmake_export_dependencies-extras.cmake
[48.788s] -- Symlinking: /home/robofei/ROS2/install/custom_interfaces_vision/share/custom_interfaces_vision/cmake/ament_cmake_export_libraries-extras.cmake
[48.839s] -- Symlinking: /home/robofei/ROS2/install/custom_interfaces_vision/share/custom_interfaces_vision/cmake/ament_cmake_export_targets-extras.cmake
[48.885s] -- Symlinking: /home/robofei/ROS2/install/custom_interfaces_vision/share/custom_interfaces_vision/cmake/ament_cmake_export_include_directories-extras.cmake
[48.913s] -- Symlinking: /home/robofei/ROS2/install/custom_interfaces_vision/share/custom_interfaces_vision/cmake/rosidl_cmake_export_typesupport_libraries-extras.cmake
[48.936s] -- Symlinking: /home/robofei/ROS2/install/custom_interfaces_vision/share/custom_interfaces_vision/cmake/rosidl_cmake_export_typesupport_targets-extras.cmake
[48.959s] -- Symlinking: /home/robofei/ROS2/install/custom_interfaces_vision/share/custom_interfaces_vision/cmake/custom_interfaces_visionConfig.cmake
[48.982s] -- Symlinking: /home/robofei/ROS2/install/custom_interfaces_vision/share/custom_interfaces_vision/cmake/custom_interfaces_visionConfig-version.cmake
[49.006s] -- Symlinking: /home/robofei/ROS2/install/custom_interfaces_vision/share/custom_interfaces_vision/package.xml
[49.028s] -- Installing: /home/robofei/ROS2/install/custom_interfaces_vision/lib/libcustom_interfaces_vision__rosidl_generator_c.so
[49.030s] -- Set runtime path of "/home/robofei/ROS2/install/custom_interfaces_vision/lib/libcustom_interfaces_vision__rosidl_generator_c.so" to ""
[49.031s] -- Installing: /home/robofei/ROS2/install/custom_interfaces_vision/lib/libcustom_interfaces_vision__rosidl_typesupport_introspection_c.so
[49.032s] -- Set runtime path of "/home/robofei/ROS2/install/custom_interfaces_vision/lib/libcustom_interfaces_vision__rosidl_typesupport_introspection_c.so" to ""
[49.033s] -- Installing: /home/robofei/ROS2/install/custom_interfaces_vision/lib/libcustom_interfaces_vision__rosidl_typesupport_c.so
[49.034s] -- Set runtime path of "/home/robofei/ROS2/install/custom_interfaces_vision/lib/libcustom_interfaces_vision__rosidl_typesupport_c.so" to ""
[49.035s] -- Installing: /home/robofei/ROS2/install/custom_interfaces_vision/lib/libcustom_interfaces_vision__rosidl_typesupport_introspection_cpp.so
[49.037s] -- Set runtime path of "/home/robofei/ROS2/install/custom_interfaces_vision/lib/libcustom_interfaces_vision__rosidl_typesupport_introspection_cpp.so" to ""
[49.038s] -- Installing: /home/robofei/ROS2/install/custom_interfaces_vision/lib/libcustom_interfaces_vision__rosidl_typesupport_cpp.so
[49.039s] -- Set runtime path of "/home/robofei/ROS2/install/custom_interfaces_vision/lib/libcustom_interfaces_vision__rosidl_typesupport_cpp.so" to ""
[49.156s] Compiling '/home/robofei/ROS2/install/custom_interfaces_vision/lib/python3.8/site-packages/custom_interfaces_vision/__init__.py'...
[49.169s] -- Installing: /home/robofei/ROS2/install/custom_interfaces_vision/share/custom_interfaces_vision/cmake/custom_interfaces_vision__rosidl_generator_cExport.cmake
[49.169s] -- Installing: /home/robofei/ROS2/install/custom_interfaces_vision/share/custom_interfaces_vision/cmake/custom_interfaces_vision__rosidl_generator_cExport-noconfig.cmake
[49.170s] -- Installing: /home/robofei/ROS2/install/custom_interfaces_vision/share/custom_interfaces_vision/cmake/custom_interfaces_vision__rosidl_typesupport_introspection_cExport.cmake
[49.171s] -- Installing: /home/robofei/ROS2/install/custom_interfaces_vision/share/custom_interfaces_vision/cmake/custom_interfaces_vision__rosidl_typesupport_introspection_cExport-noconfig.cmake
[49.172s] -- Installing: /home/robofei/ROS2/install/custom_interfaces_vision/share/custom_interfaces_vision/cmake/custom_interfaces_vision__rosidl_typesupport_cExport.cmake
[49.174s] -- Installing: /home/robofei/ROS2/install/custom_interfaces_vision/share/custom_interfaces_vision/cmake/custom_interfaces_vision__rosidl_typesupport_cExport-noconfig.cmake
[49.175s] -- Installing: /home/robofei/ROS2/install/custom_interfaces_vision/share/custom_interfaces_vision/cmake/custom_interfaces_vision__rosidl_generator_cppExport.cmake
[49.176s] -- Installing: /home/robofei/ROS2/install/custom_interfaces_vision/share/custom_interfaces_vision/cmake/custom_interfaces_vision__rosidl_typesupport_introspection_cppExport.cmake
[49.177s] -- Installing: /home/robofei/ROS2/install/custom_interfaces_vision/share/custom_interfaces_vision/cmake/custom_interfaces_vision__rosidl_typesupport_introspection_cppExport-noconfig.cmake
[49.178s] -- Installing: /home/robofei/ROS2/install/custom_interfaces_vision/share/custom_interfaces_vision/cmake/custom_interfaces_vision__rosidl_typesupport_cppExport.cmake
[49.179s] -- Installing: /home/robofei/ROS2/install/custom_interfaces_vision/share/custom_interfaces_vision/cmake/custom_interfaces_vision__rosidl_typesupport_cppExport-noconfig.cmake
[49.191s] Invoked command in '/home/robofei/ROS2/build/custom_interfaces_vision' returned '0': CMAKE_PREFIX_PATH=${CMAKE_PREFIX_PATH}:/home/robofei/ROS2/install/vision_pkg:/home/robofei/ROS2/install/decision_pkg:/home/robofei/ROS2/install/controller:/opt/ros/foxy /usr/bin/cmake --install /home/robofei/ROS2/build/custom_interfaces_vision
