[0.051s] Invoking command in '/home/robofei/ROS2/build/serial': CMAKE_PREFIX_PATH=/opt/ros/foxy /usr/bin/cmake /home/robofei/ROS2/src/um7/serial-ros2 -DAMENT_CMAKE_SYMLINK_INSTALL=1 -DCMAKE_INSTALL_PREFIX=/home/robofei/ROS2/install/serial
[0.335s] -- The C compiler identification is GNU 9.4.0
[0.622s] -- The CXX compiler identification is GNU 9.4.0
[0.633s] -- Check for working C compiler: /usr/bin/cc
[0.792s] -- Check for working C compiler: /usr/bin/cc -- works
[0.794s] -- Detecting C compiler ABI info
[0.940s] -- Detecting C compiler ABI info - done
[0.986s] -- Detecting C compile features
[0.986s] -- Detecting C compile features - done
[0.993s] -- Check for working CXX compiler: /usr/bin/c++
[1.169s] -- Check for working CXX compiler: /usr/bin/c++ -- works
[1.172s] -- Detecting CXX compiler ABI info
[1.351s] -- Detecting CXX compiler ABI info - done
[1.379s] -- Detecting CXX compile features
[1.383s] -- Detecting CXX compile features - done
[1.390s] -- Found ament_cmake: 0.9.9 (/opt/ros/foxy/share/ament_cmake/cmake)
[1.459s] -- Found PythonInterp: /usr/bin/python3 (found suitable version "3.8.10", minimum required is "3") 
[1.459s] -- Using PYTHON_EXECUTABLE: /usr/bin/python3
[1.989s] -- Override CMake install command with custom implementation using symlinks instead of copying resources
[2.193s] -- Configuring done
[2.201s] -- Generating done
[2.203s] -- Build files have been written to: /home/robofei/ROS2/build/serial
[2.228s] Invoked command in '/home/robofei/ROS2/build/serial' returned '0': CMAKE_PREFIX_PATH=/opt/ros/foxy /usr/bin/cmake /home/robofei/ROS2/src/um7/serial-ros2 -DAMENT_CMAKE_SYMLINK_INSTALL=1 -DCMAKE_INSTALL_PREFIX=/home/robofei/ROS2/install/serial
[2.229s] Invoking command in '/home/robofei/ROS2/build/serial': CMAKE_PREFIX_PATH=/opt/ros/foxy /usr/bin/cmake --build /home/robofei/ROS2/build/serial -- -j4 -l4
[2.300s] [35m[1mScanning dependencies of target serial[0m
[2.330s] [ 25%] [32mBuilding CXX object CMakeFiles/serial.dir/src/serial.cc.o[0m
[2.332s] [ 50%] [32mBuilding CXX object CMakeFiles/serial.dir/src/impl/unix.cc.o[0m
[2.361s] [ 75%] [32mBuilding CXX object CMakeFiles/serial.dir/src/impl/list_ports/list_ports_linux.cc.o[0m
[4.785s] [100%] [32m[1mLinking CXX static library libserial.a[0m
[4.943s] [100%] Built target serial
[4.984s] Invoked command in '/home/robofei/ROS2/build/serial' returned '0': CMAKE_PREFIX_PATH=/opt/ros/foxy /usr/bin/cmake --build /home/robofei/ROS2/build/serial -- -j4 -l4
[5.430s] Invoking command in '/home/robofei/ROS2/build/serial': CMAKE_PREFIX_PATH=/opt/ros/foxy /usr/bin/cmake --install /home/robofei/ROS2/build/serial
[5.477s] -- Install configuration: ""
[5.478s] -- Execute custom install script
[5.482s] -- Symlinking: /home/robofei/ROS2/install/serial/share/serial/environment/library_path.sh
[5.518s] -- Symlinking: /home/robofei/ROS2/install/serial/share/serial/environment/library_path.dsv
[5.540s] -- Symlinking: /home/robofei/ROS2/install/serial/lib/libserial.a
[5.561s] -- Symlinking: /home/robofei/ROS2/install/serial/include/serial/serial.h
[5.597s] -- Symlinking: /home/robofei/ROS2/install/serial/include/serial/v8stdint.h
[5.626s] -- Symlinking: /home/robofei/ROS2/install/serial/share/ament_index/resource_index/package_run_dependencies/serial
[5.644s] -- Symlinking: /home/robofei/ROS2/install/serial/share/ament_index/resource_index/parent_prefix_path/serial
[5.664s] -- Symlinking: /home/robofei/ROS2/install/serial/share/serial/environment/ament_prefix_path.sh
[5.685s] -- Symlinking: /home/robofei/ROS2/install/serial/share/serial/environment/ament_prefix_path.dsv
[5.704s] -- Symlinking: /home/robofei/ROS2/install/serial/share/serial/environment/path.sh
[5.725s] -- Symlinking: /home/robofei/ROS2/install/serial/share/serial/environment/path.dsv
[5.743s] -- Symlinking: /home/robofei/ROS2/install/serial/share/serial/local_setup.bash
[5.762s] -- Symlinking: /home/robofei/ROS2/install/serial/share/serial/local_setup.sh
[5.780s] -- Symlinking: /home/robofei/ROS2/install/serial/share/serial/local_setup.zsh
[5.817s] -- Symlinking: /home/robofei/ROS2/install/serial/share/serial/local_setup.dsv
[5.845s] -- Symlinking: /home/robofei/ROS2/install/serial/share/serial/package.dsv
[5.873s] -- Symlinking: /home/robofei/ROS2/install/serial/share/ament_index/resource_index/packages/serial
[5.893s] -- Symlinking: /home/robofei/ROS2/install/serial/share/serial/cmake/ament_cmake_export_include_directories-extras.cmake
[5.915s] -- Symlinking: /home/robofei/ROS2/install/serial/share/serial/cmake/ament_cmake_export_libraries-extras.cmake
[5.942s] -- Symlinking: /home/robofei/ROS2/install/serial/share/serial/cmake/serialConfig.cmake
[5.986s] -- Symlinking: /home/robofei/ROS2/install/serial/share/serial/cmake/serialConfig-version.cmake
[6.027s] -- Symlinking: /home/robofei/ROS2/install/serial/share/serial/package.xml
[6.053s] Invoked command in '/home/robofei/ROS2/build/serial' returned '0': CMAKE_PREFIX_PATH=/opt/ros/foxy /usr/bin/cmake --install /home/robofei/ROS2/build/serial
