[0.196s] DEBUG:colcon:Command line arguments: ['/usr/bin/colcon', 'build', '--symlink-install']
[0.196s] DEBUG:colcon:Parsed command line arguments: Namespace(allow_overriding=[], ament_cmake_args=None, base_paths=['.'], build_base='build', catkin_cmake_args=None, catkin_skip_building_tests=False, cmake_args=None, cmake_clean_cache=False, cmake_clean_first=False, cmake_force_configure=False, cmake_target=None, cmake_target_skip_unavailable=False, continue_on_error=False, event_handlers=None, executor='parallel', ignore_user_meta=False, install_base='install', log_base=None, log_level=None, main=<bound method BuildVerb.main of <colcon_core.verb.build.BuildVerb object at 0x7f5b41f08e80>>, merge_install=False, metas=['./colcon.meta'], packages_above=None, packages_above_and_dependencies=None, packages_above_depth=None, packages_end=None, packages_ignore=None, packages_ignore_regex=None, packages_select=None, packages_select_build_failed=False, packages_select_by_dep=None, packages_select_regex=None, packages_select_test_failures=False, packages_skip=None, packages_skip_build_finished=False, packages_skip_by_dep=None, packages_skip_regex=None, packages_skip_test_passed=False, packages_skip_up_to=None, packages_start=None, packages_up_to=None, packages_up_to_regex=None, parallel_workers=4, paths=None, symlink_install=True, test_result_base=None, verb_extension=<colcon_core.verb.build.BuildVerb object at 0x7f5b41f08e80>, verb_name='build', verb_parser=<colcon_defaults.argument_parser.defaults.DefaultArgumentsDecorator object at 0x7f5b41f13430>)
[0.229s] Level 1:colcon.colcon_core.package_discovery:discover_packages(colcon_meta) check parameters
[0.229s] Level 1:colcon.colcon_core.package_discovery:discover_packages(recursive) check parameters
[0.229s] Level 1:colcon.colcon_core.package_discovery:discover_packages(ignore) check parameters
[0.229s] Level 1:colcon.colcon_core.package_discovery:discover_packages(path) check parameters
[0.229s] Level 1:colcon.colcon_core.package_discovery:discover_packages(colcon_meta) discover
[0.229s] Level 1:colcon.colcon_core.package_discovery:discover_packages(recursive) discover
[0.229s] INFO:colcon.colcon_core.package_discovery:Crawling recursively for packages in '/home/robofei/ROS2/um7'
[0.229s] Level 1:colcon.colcon_core.package_identification:_identify(.) by extensions ['ignore', 'ignore_ament_install']
[0.230s] Level 1:colcon.colcon_core.package_identification:_identify(.) by extension 'ignore'
[0.230s] Level 1:colcon.colcon_core.package_identification:_identify(.) by extension 'ignore_ament_install'
[0.230s] Level 1:colcon.colcon_core.package_identification:_identify(.) by extensions ['colcon_pkg']
[0.230s] Level 1:colcon.colcon_core.package_identification:_identify(.) by extension 'colcon_pkg'
[0.230s] Level 1:colcon.colcon_core.package_identification:_identify(.) by extensions ['colcon_meta']
[0.230s] Level 1:colcon.colcon_core.package_identification:_identify(.) by extension 'colcon_meta'
[0.230s] Level 1:colcon.colcon_core.package_identification:_identify(.) by extensions ['ros']
[0.230s] Level 1:colcon.colcon_core.package_identification:_identify(.) by extension 'ros'
[0.245s] Level 1:colcon.colcon_core.package_identification:_identify(.) by extensions ['cmake', 'python']
[0.245s] Level 1:colcon.colcon_core.package_identification:_identify(.) by extension 'cmake'
[0.245s] Level 1:colcon.colcon_core.package_identification:_identify(.) by extension 'python'
[0.245s] Level 1:colcon.colcon_core.package_identification:_identify(.) by extensions ['python_setup_py']
[0.245s] Level 1:colcon.colcon_core.package_identification:_identify(.) by extension 'python_setup_py'
[0.245s] Level 1:colcon.colcon_core.package_identification:_identify(build) by extensions ['ignore', 'ignore_ament_install']
[0.245s] Level 1:colcon.colcon_core.package_identification:_identify(build) by extension 'ignore'
[0.245s] Level 1:colcon.colcon_core.package_identification:_identify(build) ignored
[0.245s] Level 1:colcon.colcon_core.package_identification:_identify(include) by extensions ['ignore', 'ignore_ament_install']
[0.246s] Level 1:colcon.colcon_core.package_identification:_identify(include) by extension 'ignore'
[0.246s] Level 1:colcon.colcon_core.package_identification:_identify(include) by extension 'ignore_ament_install'
[0.246s] Level 1:colcon.colcon_core.package_identification:_identify(include) by extensions ['colcon_pkg']
[0.246s] Level 1:colcon.colcon_core.package_identification:_identify(include) by extension 'colcon_pkg'
[0.246s] Level 1:colcon.colcon_core.package_identification:_identify(include) by extensions ['colcon_meta']
[0.246s] Level 1:colcon.colcon_core.package_identification:_identify(include) by extension 'colcon_meta'
[0.246s] Level 1:colcon.colcon_core.package_identification:_identify(include) by extensions ['ros']
[0.246s] Level 1:colcon.colcon_core.package_identification:_identify(include) by extension 'ros'
[0.246s] Level 1:colcon.colcon_core.package_identification:_identify(include) by extensions ['cmake', 'python']
[0.246s] Level 1:colcon.colcon_core.package_identification:_identify(include) by extension 'cmake'
[0.246s] Level 1:colcon.colcon_core.package_identification:_identify(include) by extension 'python'
[0.246s] Level 1:colcon.colcon_core.package_identification:_identify(include) by extensions ['python_setup_py']
[0.246s] Level 1:colcon.colcon_core.package_identification:_identify(include) by extension 'python_setup_py'
[0.246s] Level 1:colcon.colcon_core.package_identification:_identify(include/serial) by extensions ['ignore', 'ignore_ament_install']
[0.247s] Level 1:colcon.colcon_core.package_identification:_identify(include/serial) by extension 'ignore'
[0.247s] Level 1:colcon.colcon_core.package_identification:_identify(include/serial) by extension 'ignore_ament_install'
[0.247s] Level 1:colcon.colcon_core.package_identification:_identify(include/serial) by extensions ['colcon_pkg']
[0.247s] Level 1:colcon.colcon_core.package_identification:_identify(include/serial) by extension 'colcon_pkg'
[0.247s] Level 1:colcon.colcon_core.package_identification:_identify(include/serial) by extensions ['colcon_meta']
[0.247s] Level 1:colcon.colcon_core.package_identification:_identify(include/serial) by extension 'colcon_meta'
[0.247s] Level 1:colcon.colcon_core.package_identification:_identify(include/serial) by extensions ['ros']
[0.247s] Level 1:colcon.colcon_core.package_identification:_identify(include/serial) by extension 'ros'
[0.247s] Level 1:colcon.colcon_core.package_identification:_identify(include/serial) by extensions ['cmake', 'python']
[0.247s] Level 1:colcon.colcon_core.package_identification:_identify(include/serial) by extension 'cmake'
[0.247s] Level 1:colcon.colcon_core.package_identification:_identify(include/serial) by extension 'python'
[0.247s] Level 1:colcon.colcon_core.package_identification:_identify(include/serial) by extensions ['python_setup_py']
[0.247s] Level 1:colcon.colcon_core.package_identification:_identify(include/serial) by extension 'python_setup_py'
[0.248s] Level 1:colcon.colcon_core.package_identification:_identify(include/um7) by extensions ['ignore', 'ignore_ament_install']
[0.248s] Level 1:colcon.colcon_core.package_identification:_identify(include/um7) by extension 'ignore'
[0.248s] Level 1:colcon.colcon_core.package_identification:_identify(include/um7) by extension 'ignore_ament_install'
[0.248s] Level 1:colcon.colcon_core.package_identification:_identify(include/um7) by extensions ['colcon_pkg']
[0.248s] Level 1:colcon.colcon_core.package_identification:_identify(include/um7) by extension 'colcon_pkg'
[0.248s] Level 1:colcon.colcon_core.package_identification:_identify(include/um7) by extensions ['colcon_meta']
[0.248s] Level 1:colcon.colcon_core.package_identification:_identify(include/um7) by extension 'colcon_meta'
[0.248s] Level 1:colcon.colcon_core.package_identification:_identify(include/um7) by extensions ['ros']
[0.248s] Level 1:colcon.colcon_core.package_identification:_identify(include/um7) by extension 'ros'
[0.248s] Level 1:colcon.colcon_core.package_identification:_identify(include/um7) by extensions ['cmake', 'python']
[0.248s] Level 1:colcon.colcon_core.package_identification:_identify(include/um7) by extension 'cmake'
[0.248s] Level 1:colcon.colcon_core.package_identification:_identify(include/um7) by extension 'python'
[0.248s] Level 1:colcon.colcon_core.package_identification:_identify(include/um7) by extensions ['python_setup_py']
[0.248s] Level 1:colcon.colcon_core.package_identification:_identify(include/um7) by extension 'python_setup_py'
[0.249s] Level 1:colcon.colcon_core.package_identification:_identify(install) by extensions ['ignore', 'ignore_ament_install']
[0.249s] Level 1:colcon.colcon_core.package_identification:_identify(install) by extension 'ignore'
[0.249s] Level 1:colcon.colcon_core.package_identification:_identify(install) ignored
[0.249s] Level 1:colcon.colcon_core.package_identification:_identify(log) by extensions ['ignore', 'ignore_ament_install']
[0.249s] Level 1:colcon.colcon_core.package_identification:_identify(log) by extension 'ignore'
[0.249s] Level 1:colcon.colcon_core.package_identification:_identify(log) ignored
[0.249s] Level 1:colcon.colcon_core.package_identification:_identify(serial-ros2) by extensions ['ignore', 'ignore_ament_install']
[0.249s] Level 1:colcon.colcon_core.package_identification:_identify(serial-ros2) by extension 'ignore'
[0.249s] Level 1:colcon.colcon_core.package_identification:_identify(serial-ros2) by extension 'ignore_ament_install'
[0.250s] Level 1:colcon.colcon_core.package_identification:_identify(serial-ros2) by extensions ['colcon_pkg']
[0.250s] Level 1:colcon.colcon_core.package_identification:_identify(serial-ros2) by extension 'colcon_pkg'
[0.250s] Level 1:colcon.colcon_core.package_identification:_identify(serial-ros2) by extensions ['colcon_meta']
[0.250s] Level 1:colcon.colcon_core.package_identification:_identify(serial-ros2) by extension 'colcon_meta'
[0.250s] Level 1:colcon.colcon_core.package_identification:_identify(serial-ros2) by extensions ['ros']
[0.250s] Level 1:colcon.colcon_core.package_identification:_identify(serial-ros2) by extension 'ros'
[0.253s] DEBUG:colcon.colcon_core.package_identification:Package 'serial-ros2' with type 'ros.ament_cmake' and name 'serial'
[0.253s] Level 1:colcon.colcon_core.package_identification:_identify(src) by extensions ['ignore', 'ignore_ament_install']
[0.253s] Level 1:colcon.colcon_core.package_identification:_identify(src) by extension 'ignore'
[0.254s] Level 1:colcon.colcon_core.package_identification:_identify(src) by extension 'ignore_ament_install'
[0.254s] Level 1:colcon.colcon_core.package_identification:_identify(src) by extensions ['colcon_pkg']
[0.254s] Level 1:colcon.colcon_core.package_identification:_identify(src) by extension 'colcon_pkg'
[0.254s] Level 1:colcon.colcon_core.package_identification:_identify(src) by extensions ['colcon_meta']
[0.254s] Level 1:colcon.colcon_core.package_identification:_identify(src) by extension 'colcon_meta'
[0.254s] Level 1:colcon.colcon_core.package_identification:_identify(src) by extensions ['ros']
[0.254s] Level 1:colcon.colcon_core.package_identification:_identify(src) by extension 'ros'
[0.255s] DEBUG:colcon.colcon_core.package_identification:Package 'src' with type 'ros.ament_cmake' and name 'um7'
[0.255s] Level 1:colcon.colcon_core.package_discovery:discover_packages(recursive) using defaults
[0.255s] Level 1:colcon.colcon_core.package_discovery:discover_packages(ignore) discover
[0.255s] Level 1:colcon.colcon_core.package_discovery:discover_packages(ignore) using defaults
[0.255s] Level 1:colcon.colcon_core.package_discovery:discover_packages(path) discover
[0.255s] Level 1:colcon.colcon_core.package_discovery:discover_packages(path) using defaults
[0.294s] Level 1:colcon.colcon_core.package_discovery:discover_packages(prefix_path) check parameters
[0.294s] Level 1:colcon.colcon_core.package_discovery:discover_packages(prefix_path) discover
[0.299s] DEBUG:colcon.colcon_installed_package_information.package_discovery:Found 256 installed packages in /opt/ros/foxy
[0.301s] Level 1:colcon.colcon_core.package_discovery:discover_packages(prefix_path) using defaults
[0.408s] Level 5:colcon.colcon_core.verb:set package 'serial' build argument 'cmake_args' from command line to 'None'
[0.408s] Level 5:colcon.colcon_core.verb:set package 'serial' build argument 'cmake_target' from command line to 'None'
[0.408s] Level 5:colcon.colcon_core.verb:set package 'serial' build argument 'cmake_target_skip_unavailable' from command line to 'False'
[0.408s] Level 5:colcon.colcon_core.verb:set package 'serial' build argument 'cmake_clean_cache' from command line to 'False'
[0.408s] Level 5:colcon.colcon_core.verb:set package 'serial' build argument 'cmake_clean_first' from command line to 'False'
[0.408s] Level 5:colcon.colcon_core.verb:set package 'serial' build argument 'cmake_force_configure' from command line to 'False'
[0.408s] Level 5:colcon.colcon_core.verb:set package 'serial' build argument 'ament_cmake_args' from command line to 'None'
[0.408s] Level 5:colcon.colcon_core.verb:set package 'serial' build argument 'catkin_cmake_args' from command line to 'None'
[0.408s] Level 5:colcon.colcon_core.verb:set package 'serial' build argument 'catkin_skip_building_tests' from command line to 'False'
[0.408s] DEBUG:colcon.colcon_core.verb:Building package 'serial' with the following arguments: {'ament_cmake_args': None, 'build_base': '/home/robofei/ROS2/um7/build/serial', 'catkin_cmake_args': None, 'catkin_skip_building_tests': False, 'cmake_args': None, 'cmake_clean_cache': False, 'cmake_clean_first': False, 'cmake_force_configure': False, 'cmake_target': None, 'cmake_target_skip_unavailable': False, 'install_base': '/home/robofei/ROS2/um7/install/serial', 'merge_install': False, 'path': '/home/robofei/ROS2/um7/serial-ros2', 'symlink_install': True, 'test_result_base': None}
[0.409s] Level 5:colcon.colcon_core.verb:set package 'um7' build argument 'cmake_args' from command line to 'None'
[0.410s] Level 5:colcon.colcon_core.verb:set package 'um7' build argument 'cmake_target' from command line to 'None'
[0.410s] Level 5:colcon.colcon_core.verb:set package 'um7' build argument 'cmake_target_skip_unavailable' from command line to 'False'
[0.410s] Level 5:colcon.colcon_core.verb:set package 'um7' build argument 'cmake_clean_cache' from command line to 'False'
[0.410s] Level 5:colcon.colcon_core.verb:set package 'um7' build argument 'cmake_clean_first' from command line to 'False'
[0.410s] Level 5:colcon.colcon_core.verb:set package 'um7' build argument 'cmake_force_configure' from command line to 'False'
[0.410s] Level 5:colcon.colcon_core.verb:set package 'um7' build argument 'ament_cmake_args' from command line to 'None'
[0.410s] Level 5:colcon.colcon_core.verb:set package 'um7' build argument 'catkin_cmake_args' from command line to 'None'
[0.410s] Level 5:colcon.colcon_core.verb:set package 'um7' build argument 'catkin_skip_building_tests' from command line to 'False'
[0.410s] DEBUG:colcon.colcon_core.verb:Building package 'um7' with the following arguments: {'ament_cmake_args': None, 'build_base': '/home/robofei/ROS2/um7/build/um7', 'catkin_cmake_args': None, 'catkin_skip_building_tests': False, 'cmake_args': None, 'cmake_clean_cache': False, 'cmake_clean_first': False, 'cmake_force_configure': False, 'cmake_target': None, 'cmake_target_skip_unavailable': False, 'install_base': '/home/robofei/ROS2/um7/install/um7', 'merge_install': False, 'path': '/home/robofei/ROS2/um7/src', 'symlink_install': True, 'test_result_base': None}
[0.411s] INFO:colcon.colcon_core.executor:Executing jobs using 'parallel' executor
[0.417s] DEBUG:colcon.colcon_parallel_executor.executor.parallel:run_until_complete
[0.417s] INFO:colcon.colcon_ros.task.ament_cmake.build:Building ROS package in '/home/robofei/ROS2/um7/serial-ros2' with build type 'ament_cmake'
[0.417s] INFO:colcon.colcon_cmake.task.cmake.build:Building CMake package in '/home/robofei/ROS2/um7/serial-ros2'
[0.424s] INFO:colcon.colcon_core.plugin_system:Skipping extension 'colcon_core.shell.bat': Not used on non-Windows systems
[0.424s] INFO:colcon.colcon_core.shell:Skip shell extension 'powershell' for command environment: Not usable outside of PowerShell
[0.424s] DEBUG:colcon.colcon_core.shell:Skip shell extension 'dsv' for command environment
[0.435s] DEBUG:colcon.colcon_core.event_handler.log_command:Invoking command in '/home/robofei/ROS2/um7/build/serial': CMAKE_PREFIX_PATH=/opt/ros/foxy /usr/bin/cmake /home/robofei/ROS2/um7/serial-ros2 -DAMENT_CMAKE_SYMLINK_INSTALL=1 -DCMAKE_INSTALL_PREFIX=/home/robofei/ROS2/um7/install/serial
[1.465s] DEBUG:colcon.colcon_core.event_handler.log_command:Invoked command in '/home/robofei/ROS2/um7/build/serial' returned '0': CMAKE_PREFIX_PATH=/opt/ros/foxy /usr/bin/cmake /home/robofei/ROS2/um7/serial-ros2 -DAMENT_CMAKE_SYMLINK_INSTALL=1 -DCMAKE_INSTALL_PREFIX=/home/robofei/ROS2/um7/install/serial
[1.470s] DEBUG:colcon.colcon_core.event_handler.log_command:Invoking command in '/home/robofei/ROS2/um7/build/serial': CMAKE_PREFIX_PATH=/opt/ros/foxy /usr/bin/cmake --build /home/robofei/ROS2/um7/build/serial -- -j4 -l4
[2.541s] DEBUG:colcon.colcon_core.event_handler.log_command:Invoked command in '/home/robofei/ROS2/um7/build/serial' returned '0': CMAKE_PREFIX_PATH=/opt/ros/foxy /usr/bin/cmake --build /home/robofei/ROS2/um7/build/serial -- -j4 -l4
[2.590s] DEBUG:colcon.colcon_core.event_handler.log_command:Invoking command in '/home/robofei/ROS2/um7/build/serial': CMAKE_PREFIX_PATH=/opt/ros/foxy /usr/bin/cmake --install /home/robofei/ROS2/um7/build/serial
[2.878s] Level 1:colcon.colcon_core.environment:create_environment_scripts_only(serial)
[2.881s] DEBUG:colcon.colcon_core.event_handler.log_command:Invoked command in '/home/robofei/ROS2/um7/build/serial' returned '0': CMAKE_PREFIX_PATH=/opt/ros/foxy /usr/bin/cmake --install /home/robofei/ROS2/um7/build/serial
[2.892s] Level 1:colcon.colcon_core.environment:checking '/home/robofei/ROS2/um7/install/serial' for CMake module files
[2.893s] Level 1:colcon.colcon_core.environment:checking '/home/robofei/ROS2/um7/install/serial' for CMake config files
[2.893s] Level 1:colcon.colcon_core.shell:create_environment_hook('serial', 'cmake_prefix_path')
[2.895s] INFO:colcon.colcon_core.shell:Creating environment hook '/home/robofei/ROS2/um7/install/serial/share/serial/hook/cmake_prefix_path.ps1'
[2.896s] INFO:colcon.colcon_core.shell:Creating environment descriptor '/home/robofei/ROS2/um7/install/serial/share/serial/hook/cmake_prefix_path.dsv'
[2.896s] INFO:colcon.colcon_core.shell:Creating environment hook '/home/robofei/ROS2/um7/install/serial/share/serial/hook/cmake_prefix_path.sh'
[2.897s] Level 1:colcon.colcon_core.environment:checking '/home/robofei/ROS2/um7/install/serial/lib'
[2.898s] Level 1:colcon.colcon_core.environment:checking '/home/robofei/ROS2/um7/install/serial/bin'
[2.898s] Level 1:colcon.colcon_core.environment:checking '/home/robofei/ROS2/um7/install/serial/lib/pkgconfig/serial.pc'
[2.898s] Level 1:colcon.colcon_core.environment:checking '/home/robofei/ROS2/um7/install/serial/lib/python3.8/site-packages'
[2.898s] Level 1:colcon.colcon_core.environment:checking '/home/robofei/ROS2/um7/install/serial/bin'
[2.900s] INFO:colcon.colcon_core.shell:Creating package script '/home/robofei/ROS2/um7/install/serial/share/serial/package.ps1'
[2.901s] INFO:colcon.colcon_core.shell:Creating package descriptor '/home/robofei/ROS2/um7/install/serial/share/serial/package.dsv'
[2.902s] INFO:colcon.colcon_core.shell:Creating package script '/home/robofei/ROS2/um7/install/serial/share/serial/package.sh'
[2.903s] INFO:colcon.colcon_core.shell:Creating package script '/home/robofei/ROS2/um7/install/serial/share/serial/package.bash'
[2.904s] INFO:colcon.colcon_core.shell:Creating package script '/home/robofei/ROS2/um7/install/serial/share/serial/package.zsh'
[2.904s] Level 1:colcon.colcon_core.environment:create_file_with_runtime_dependencies(/home/robofei/ROS2/um7/install/serial/share/colcon-core/packages/serial)
[2.941s] Level 1:colcon.colcon_core.environment:create_environment_scripts_only(serial)
[2.944s] Level 1:colcon.colcon_core.environment:checking '/home/robofei/ROS2/um7/install/serial' for CMake module files
[2.945s] Level 1:colcon.colcon_core.environment:checking '/home/robofei/ROS2/um7/install/serial' for CMake config files
[2.945s] Level 1:colcon.colcon_core.shell:create_environment_hook('serial', 'cmake_prefix_path')
[2.947s] INFO:colcon.colcon_core.shell:Creating environment hook '/home/robofei/ROS2/um7/install/serial/share/serial/hook/cmake_prefix_path.ps1'
[2.947s] INFO:colcon.colcon_core.shell:Creating environment descriptor '/home/robofei/ROS2/um7/install/serial/share/serial/hook/cmake_prefix_path.dsv'
[2.948s] INFO:colcon.colcon_core.shell:Creating environment hook '/home/robofei/ROS2/um7/install/serial/share/serial/hook/cmake_prefix_path.sh'
[2.949s] Level 1:colcon.colcon_core.environment:checking '/home/robofei/ROS2/um7/install/serial/lib'
[2.949s] Level 1:colcon.colcon_core.environment:checking '/home/robofei/ROS2/um7/install/serial/bin'
[2.949s] Level 1:colcon.colcon_core.environment:checking '/home/robofei/ROS2/um7/install/serial/lib/pkgconfig/serial.pc'
[2.949s] Level 1:colcon.colcon_core.environment:checking '/home/robofei/ROS2/um7/install/serial/lib/python3.8/site-packages'
[2.950s] Level 1:colcon.colcon_core.environment:checking '/home/robofei/ROS2/um7/install/serial/bin'
[2.952s] INFO:colcon.colcon_core.shell:Creating package script '/home/robofei/ROS2/um7/install/serial/share/serial/package.ps1'
[2.953s] INFO:colcon.colcon_core.shell:Creating package descriptor '/home/robofei/ROS2/um7/install/serial/share/serial/package.dsv'
[2.953s] INFO:colcon.colcon_core.shell:Creating package script '/home/robofei/ROS2/um7/install/serial/share/serial/package.sh'
[2.954s] INFO:colcon.colcon_core.shell:Creating package script '/home/robofei/ROS2/um7/install/serial/share/serial/package.bash'
[2.954s] INFO:colcon.colcon_core.shell:Creating package script '/home/robofei/ROS2/um7/install/serial/share/serial/package.zsh'
[2.955s] Level 1:colcon.colcon_core.environment:create_file_with_runtime_dependencies(/home/robofei/ROS2/um7/install/serial/share/colcon-core/packages/serial)
[2.955s] INFO:colcon.colcon_ros.task.ament_cmake.build:Building ROS package in '/home/robofei/ROS2/um7/src' with build type 'ament_cmake'
[2.956s] INFO:colcon.colcon_cmake.task.cmake.build:Building CMake package in '/home/robofei/ROS2/um7/src'
[2.957s] INFO:colcon.colcon_core.shell:Skip shell extension 'powershell' for command environment: Not usable outside of PowerShell
[2.958s] DEBUG:colcon.colcon_core.shell:Skip shell extension 'dsv' for command environment
[2.974s] DEBUG:colcon.colcon_core.event_handler.log_command:Invoking command in '/home/robofei/ROS2/um7/build/um7': AMENT_PREFIX_PATH=/home/robofei/ROS2/um7/install/serial:${AMENT_PREFIX_PATH} CMAKE_PREFIX_PATH=/home/robofei/ROS2/um7/install/serial:/opt/ros/foxy LD_LIBRARY_PATH=/home/robofei/ROS2/um7/install/serial/lib:${LD_LIBRARY_PATH} /usr/bin/cmake /home/robofei/ROS2/um7/src -DAMENT_CMAKE_SYMLINK_INSTALL=1 -DCMAKE_INSTALL_PREFIX=/home/robofei/ROS2/um7/install/um7
[5.810s] DEBUG:colcon.colcon_core.event_handler.log_command:Invoked command in '/home/robofei/ROS2/um7/build/um7' returned '1': AMENT_PREFIX_PATH=/home/robofei/ROS2/um7/install/serial:${AMENT_PREFIX_PATH} CMAKE_PREFIX_PATH=/home/robofei/ROS2/um7/install/serial:/opt/ros/foxy LD_LIBRARY_PATH=/home/robofei/ROS2/um7/install/serial/lib:${LD_LIBRARY_PATH} /usr/bin/cmake /home/robofei/ROS2/um7/src -DAMENT_CMAKE_SYMLINK_INSTALL=1 -DCMAKE_INSTALL_PREFIX=/home/robofei/ROS2/um7/install/um7
[5.826s] Level 1:colcon.colcon_core.environment:create_environment_scripts_only(um7)
[5.831s] Level 1:colcon.colcon_core.environment:checking '/home/robofei/ROS2/um7/install/um7' for CMake module files
[5.832s] Level 1:colcon.colcon_core.environment:checking '/home/robofei/ROS2/um7/install/um7' for CMake config files
[5.832s] Level 1:colcon.colcon_core.environment:checking '/home/robofei/ROS2/um7/install/um7/bin'
[5.832s] Level 1:colcon.colcon_core.environment:checking '/home/robofei/ROS2/um7/install/um7/lib/pkgconfig/um7.pc'
[5.833s] Level 1:colcon.colcon_core.environment:checking '/home/robofei/ROS2/um7/install/um7/lib/python3.8/site-packages'
[5.833s] Level 1:colcon.colcon_core.environment:checking '/home/robofei/ROS2/um7/install/um7/bin'
[5.836s] INFO:colcon.colcon_core.shell:Creating package script '/home/robofei/ROS2/um7/install/um7/share/um7/package.ps1'
[5.837s] INFO:colcon.colcon_core.shell:Creating package descriptor '/home/robofei/ROS2/um7/install/um7/share/um7/package.dsv'
[5.837s] INFO:colcon.colcon_core.shell:Creating package script '/home/robofei/ROS2/um7/install/um7/share/um7/package.sh'
[5.838s] INFO:colcon.colcon_core.shell:Creating package script '/home/robofei/ROS2/um7/install/um7/share/um7/package.bash'
[5.838s] INFO:colcon.colcon_core.shell:Creating package script '/home/robofei/ROS2/um7/install/um7/share/um7/package.zsh'
[5.838s] Level 1:colcon.colcon_core.environment:create_file_with_runtime_dependencies(/home/robofei/ROS2/um7/install/um7/share/colcon-core/packages/um7)
[5.849s] DEBUG:colcon.colcon_parallel_executor.executor.parallel:closing loop
[5.850s] DEBUG:colcon.colcon_parallel_executor.executor.parallel:loop closed
[5.850s] DEBUG:colcon.colcon_parallel_executor.executor.parallel:run_until_complete finished with '1'
[5.850s] DEBUG:colcon.colcon_core.event_reactor:joining thread
[5.866s] INFO:colcon.colcon_core.plugin_system:Skipping extension 'colcon_notification.desktop_notification.terminal_notifier': Not used on non-Darwin systems
[5.867s] INFO:colcon.colcon_core.plugin_system:Skipping extension 'colcon_notification.desktop_notification.win32': Not used on non-Windows systems
[5.867s] INFO:colcon.colcon_notification.desktop_notification:Sending desktop notification using 'notify2'
[5.887s] DEBUG:colcon.colcon_core.event_reactor:joined thread
[5.893s] INFO:colcon.colcon_core.shell:Creating prefix script '/home/robofei/ROS2/um7/install/local_setup.ps1'
[5.896s] INFO:colcon.colcon_core.shell:Creating prefix util module '/home/robofei/ROS2/um7/install/_local_setup_util_ps1.py'
[5.898s] INFO:colcon.colcon_core.shell:Creating prefix chain script '/home/robofei/ROS2/um7/install/setup.ps1'
[5.901s] INFO:colcon.colcon_core.shell:Creating prefix script '/home/robofei/ROS2/um7/install/local_setup.sh'
[5.901s] INFO:colcon.colcon_core.shell:Creating prefix util module '/home/robofei/ROS2/um7/install/_local_setup_util_sh.py'
[5.902s] INFO:colcon.colcon_core.shell:Creating prefix chain script '/home/robofei/ROS2/um7/install/setup.sh'
[5.904s] INFO:colcon.colcon_core.shell:Creating prefix script '/home/robofei/ROS2/um7/install/local_setup.bash'
[5.904s] INFO:colcon.colcon_core.shell:Creating prefix chain script '/home/robofei/ROS2/um7/install/setup.bash'
[5.906s] INFO:colcon.colcon_core.shell:Creating prefix script '/home/robofei/ROS2/um7/install/local_setup.zsh'
[5.907s] INFO:colcon.colcon_core.shell:Creating prefix chain script '/home/robofei/ROS2/um7/install/setup.zsh'
