[0.023s] Invoking command in '/home/robofei/ROS2/robotis_ws/build/dynamixel_sdk': CMAKE_PREFIX_PATH=${CMAKE_PREFIX_PATH}:/opt/ros/foxy /usr/bin/cmake /home/robofei/ROS2/robotis_ws/src/DynamixelSDK/dynamixel_sdk -DAMENT_CMAKE_SYMLINK_INSTALL=1 -DCMAKE_INSTALL_PREFIX=/home/robofei/ROS2/robotis_ws/install/dynamixel_sdk
[0.083s] -- The C compiler identification is GNU 9.4.0
[0.145s] -- The CXX compiler identification is GNU 9.4.0
[0.153s] -- Check for working C compiler: /usr/bin/cc
[0.230s] -- Check for working C compiler: /usr/bin/cc -- works
[0.231s] -- Detecting C compiler ABI info
[0.306s] -- Detecting C compiler ABI info - done
[0.324s] -- Detecting C compile features
[0.325s] -- Detecting C compile features - done
[0.329s] -- Check for working CXX compiler: /usr/bin/c++
[0.416s] -- Check for working CXX compiler: /usr/bin/c++ -- works
[0.418s] -- Detecting CXX compiler ABI info
[0.506s] -- Detecting CXX compiler ABI info - done
[0.523s] -- Detecting CXX compile features
[0.524s] -- Detecting CXX compile features - done
[0.527s] -- Found ament_cmake: 0.9.9 (/opt/ros/foxy/share/ament_cmake/cmake)
[0.553s] -- Found PythonInterp: /usr/bin/python3 (found suitable version "3.8.10", minimum required is "3") 
[0.553s] -- Using PYTHON_EXECUTABLE: /usr/bin/python3
[0.748s] -- Override CMake install command with custom implementation using symlinks instead of copying resources
[0.840s] -- Configuring done
[0.845s] -- Generating done
[0.846s] -- Build files have been written to: /home/robofei/ROS2/robotis_ws/build/dynamixel_sdk
[0.850s] Invoked command in '/home/robofei/ROS2/robotis_ws/build/dynamixel_sdk' returned '0': CMAKE_PREFIX_PATH=${CMAKE_PREFIX_PATH}:/opt/ros/foxy /usr/bin/cmake /home/robofei/ROS2/robotis_ws/src/DynamixelSDK/dynamixel_sdk -DAMENT_CMAKE_SYMLINK_INSTALL=1 -DCMAKE_INSTALL_PREFIX=/home/robofei/ROS2/robotis_ws/install/dynamixel_sdk
[0.853s] Invoking command in '/home/robofei/ROS2/robotis_ws/build/dynamixel_sdk': CMAKE_PREFIX_PATH=${CMAKE_PREFIX_PATH}:/opt/ros/foxy /usr/bin/cmake --build /home/robofei/ROS2/robotis_ws/build/dynamixel_sdk -- -j4 -l4
[0.895s] [35m[1mScanning dependencies of target dynamixel_sdk[0m
[0.913s] [ 20%] [32mBuilding CXX object CMakeFiles/dynamixel_sdk.dir/src/dynamixel_sdk/protocol2_packet_handler.cpp.o[0m
[0.913s] [ 20%] [32mBuilding CXX object CMakeFiles/dynamixel_sdk.dir/src/dynamixel_sdk/packet_handler.cpp.o[0m
[0.913s] [ 30%] [32mBuilding CXX object CMakeFiles/dynamixel_sdk.dir/src/dynamixel_sdk/protocol1_packet_handler.cpp.o[0m
[0.926s] [ 40%] [32mBuilding CXX object CMakeFiles/dynamixel_sdk.dir/src/dynamixel_sdk/group_sync_read.cpp.o[0m
[1.091s] [ 50%] [32mBuilding CXX object CMakeFiles/dynamixel_sdk.dir/src/dynamixel_sdk/group_sync_write.cpp.o[0m
[1.322s] [ 60%] [32mBuilding CXX object CMakeFiles/dynamixel_sdk.dir/src/dynamixel_sdk/group_bulk_read.cpp.o[0m
[1.422s] [ 70%] [32mBuilding CXX object CMakeFiles/dynamixel_sdk.dir/src/dynamixel_sdk/group_bulk_write.cpp.o[0m
[1.885s] [ 80%] [32mBuilding CXX object CMakeFiles/dynamixel_sdk.dir/src/dynamixel_sdk/port_handler.cpp.o[0m
[1.921s] [ 90%] [32mBuilding CXX object CMakeFiles/dynamixel_sdk.dir/src/dynamixel_sdk/port_handler_linux.cpp.o[0m
[2.319s] [100%] [32m[1mLinking CXX shared library libdynamixel_sdk.so[0m
[2.471s] [100%] Built target dynamixel_sdk
[2.487s] Invoked command in '/home/robofei/ROS2/robotis_ws/build/dynamixel_sdk' returned '0': CMAKE_PREFIX_PATH=${CMAKE_PREFIX_PATH}:/opt/ros/foxy /usr/bin/cmake --build /home/robofei/ROS2/robotis_ws/build/dynamixel_sdk -- -j4 -l4
[2.561s] Invoking command in '/home/robofei/ROS2/robotis_ws/build/dynamixel_sdk': CMAKE_PREFIX_PATH=${CMAKE_PREFIX_PATH}:/opt/ros/foxy /usr/bin/cmake --install /home/robofei/ROS2/robotis_ws/build/dynamixel_sdk
[2.573s] -- Install configuration: ""
[2.574s] -- Execute custom install script
[2.575s] -- Symlinking: /home/robofei/ROS2/robotis_ws/install/dynamixel_sdk/include//dynamixel_sdk/dynamixel_sdk.h
[2.589s] -- Symlinking: /home/robofei/ROS2/robotis_ws/install/dynamixel_sdk/include//dynamixel_sdk/group_bulk_read.h
[2.603s] -- Symlinking: /home/robofei/ROS2/robotis_ws/install/dynamixel_sdk/include//dynamixel_sdk/group_bulk_write.h
[2.617s] -- Symlinking: /home/robofei/ROS2/robotis_ws/install/dynamixel_sdk/include//dynamixel_sdk/group_sync_read.h
[2.631s] -- Symlinking: /home/robofei/ROS2/robotis_ws/install/dynamixel_sdk/include//dynamixel_sdk/group_sync_write.h
[2.645s] -- Symlinking: /home/robofei/ROS2/robotis_ws/install/dynamixel_sdk/include//dynamixel_sdk/packet_handler.h
[2.659s] -- Symlinking: /home/robofei/ROS2/robotis_ws/install/dynamixel_sdk/include//dynamixel_sdk/port_handler.h
[2.673s] -- Symlinking: /home/robofei/ROS2/robotis_ws/install/dynamixel_sdk/include//dynamixel_sdk/port_handler_arduino.h
[2.688s] -- Symlinking: /home/robofei/ROS2/robotis_ws/install/dynamixel_sdk/include//dynamixel_sdk/port_handler_linux.h
[2.702s] -- Symlinking: /home/robofei/ROS2/robotis_ws/install/dynamixel_sdk/include//dynamixel_sdk/port_handler_mac.h
[2.717s] -- Symlinking: /home/robofei/ROS2/robotis_ws/install/dynamixel_sdk/include//dynamixel_sdk/port_handler_windows.h
[2.731s] -- Symlinking: /home/robofei/ROS2/robotis_ws/install/dynamixel_sdk/include//dynamixel_sdk/protocol1_packet_handler.h
[2.741s] -- Symlinking: /home/robofei/ROS2/robotis_ws/install/dynamixel_sdk/include//dynamixel_sdk/protocol2_packet_handler.h
[2.756s] -- Symlinking: /home/robofei/ROS2/robotis_ws/install/dynamixel_sdk/lib/libdynamixel_sdk.so
[2.786s] -- Up-to-date symlink: /home/robofei/ROS2/robotis_ws/install/dynamixel_sdk/share/dynamixel_sdk/environment/library_path.sh
[2.787s] -- Symlinking: /home/robofei/ROS2/robotis_ws/install/dynamixel_sdk/share/dynamixel_sdk/environment/library_path.dsv
[2.810s] -- Symlinking: /home/robofei/ROS2/robotis_ws/install/dynamixel_sdk/share/ament_index/resource_index/package_run_dependencies/dynamixel_sdk
[2.844s] -- Symlinking: /home/robofei/ROS2/robotis_ws/install/dynamixel_sdk/share/ament_index/resource_index/parent_prefix_path/dynamixel_sdk
[2.872s] -- Up-to-date symlink: /home/robofei/ROS2/robotis_ws/install/dynamixel_sdk/share/dynamixel_sdk/environment/ament_prefix_path.sh
[2.873s] -- Symlinking: /home/robofei/ROS2/robotis_ws/install/dynamixel_sdk/share/dynamixel_sdk/environment/ament_prefix_path.dsv
[2.903s] -- Up-to-date symlink: /home/robofei/ROS2/robotis_ws/install/dynamixel_sdk/share/dynamixel_sdk/environment/path.sh
[2.904s] -- Symlinking: /home/robofei/ROS2/robotis_ws/install/dynamixel_sdk/share/dynamixel_sdk/environment/path.dsv
[2.933s] -- Symlinking: /home/robofei/ROS2/robotis_ws/install/dynamixel_sdk/share/dynamixel_sdk/local_setup.bash
[2.956s] -- Symlinking: /home/robofei/ROS2/robotis_ws/install/dynamixel_sdk/share/dynamixel_sdk/local_setup.sh
[2.989s] -- Symlinking: /home/robofei/ROS2/robotis_ws/install/dynamixel_sdk/share/dynamixel_sdk/local_setup.zsh
[3.015s] -- Symlinking: /home/robofei/ROS2/robotis_ws/install/dynamixel_sdk/share/dynamixel_sdk/local_setup.dsv
[3.043s] -- Symlinking: /home/robofei/ROS2/robotis_ws/install/dynamixel_sdk/share/dynamixel_sdk/package.dsv
[3.062s] -- Symlinking: /home/robofei/ROS2/robotis_ws/install/dynamixel_sdk/share/ament_index/resource_index/packages/dynamixel_sdk
[3.092s] -- Symlinking: /home/robofei/ROS2/robotis_ws/install/dynamixel_sdk/share/dynamixel_sdk/cmake/ament_cmake_export_include_directories-extras.cmake
[3.109s] -- Symlinking: /home/robofei/ROS2/robotis_ws/install/dynamixel_sdk/share/dynamixel_sdk/cmake/ament_cmake_export_libraries-extras.cmake
[3.137s] -- Symlinking: /home/robofei/ROS2/robotis_ws/install/dynamixel_sdk/share/dynamixel_sdk/cmake/dynamixel_sdkConfig.cmake
[3.155s] -- Symlinking: /home/robofei/ROS2/robotis_ws/install/dynamixel_sdk/share/dynamixel_sdk/cmake/dynamixel_sdkConfig-version.cmake
[3.169s] -- Symlinking: /home/robofei/ROS2/robotis_ws/install/dynamixel_sdk/share/dynamixel_sdk/package.xml
[3.206s] Invoked command in '/home/robofei/ROS2/robotis_ws/build/dynamixel_sdk' returned '0': CMAKE_PREFIX_PATH=${CMAKE_PREFIX_PATH}:/opt/ros/foxy /usr/bin/cmake --install /home/robofei/ROS2/robotis_ws/build/dynamixel_sdk
