[0.012s] Invoking command in '/home/robofei/ROS2/action/build/control': CMAKE_PREFIX_PATH=/home/robofei/ROS2/action/install/custom_interfaces:/home/robofei/ROS2/action/install/control:/opt/ros/foxy /usr/bin/cmake --build /home/robofei/ROS2/action/build/control -- -j4 -l4
[0.061s] [35m[1mScanning dependencies of target control[0m
[0.090s] [ 50%] [32mBuilding CXX object CMakeFiles/control.dir/src/control.cpp.o[0m
[5.885s] [100%] [32m[1mLinking CXX executable control[0m
[6.178s] [100%] Built target control
[6.191s] Invoked command in '/home/robofei/ROS2/action/build/control' returned '0': CMAKE_PREFIX_PATH=/home/robofei/ROS2/action/install/custom_interfaces:/home/robofei/ROS2/action/install/control:/opt/ros/foxy /usr/bin/cmake --build /home/robofei/ROS2/action/build/control -- -j4 -l4
[6.216s] Invoking command in '/home/robofei/ROS2/action/build/control': CMAKE_PREFIX_PATH=/home/robofei/ROS2/action/install/custom_interfaces:/home/robofei/ROS2/action/install/control:/opt/ros/foxy /usr/bin/cmake --install /home/robofei/ROS2/action/build/control
[6.227s] -- Install configuration: ""
[6.227s] -- Execute custom install script
[6.228s] -- Up-to-date symlink: /home/robofei/ROS2/action/install/control/lib/control/control
[6.228s] -- Up-to-date symlink: /home/robofei/ROS2/action/install/control/share/ament_index/resource_index/package_run_dependencies/control
[6.229s] -- Up-to-date symlink: /home/robofei/ROS2/action/install/control/share/ament_index/resource_index/parent_prefix_path/control
[6.229s] -- Up-to-date symlink: /home/robofei/ROS2/action/install/control/share/control/environment/ament_prefix_path.sh
[6.229s] -- Up-to-date symlink: /home/robofei/ROS2/action/install/control/share/control/environment/ament_prefix_path.dsv
[6.230s] -- Up-to-date symlink: /home/robofei/ROS2/action/install/control/share/control/environment/path.sh
[6.230s] -- Up-to-date symlink: /home/robofei/ROS2/action/install/control/share/control/environment/path.dsv
[6.231s] -- Up-to-date symlink: /home/robofei/ROS2/action/install/control/share/control/local_setup.bash
[6.231s] -- Up-to-date symlink: /home/robofei/ROS2/action/install/control/share/control/local_setup.sh
[6.232s] -- Up-to-date symlink: /home/robofei/ROS2/action/install/control/share/control/local_setup.zsh
[6.232s] -- Up-to-date symlink: /home/robofei/ROS2/action/install/control/share/control/local_setup.dsv
[6.232s] -- Symlinking: /home/robofei/ROS2/action/install/control/share/control/package.dsv
[6.242s] -- Up-to-date symlink: /home/robofei/ROS2/action/install/control/share/ament_index/resource_index/packages/control
[6.243s] -- Up-to-date symlink: /home/robofei/ROS2/action/install/control/share/control/cmake/controlConfig.cmake
[6.243s] -- Up-to-date symlink: /home/robofei/ROS2/action/install/control/share/control/cmake/controlConfig-version.cmake
[6.243s] -- Up-to-date symlink: /home/robofei/ROS2/action/install/control/share/control/package.xml
[6.247s] Invoked command in '/home/robofei/ROS2/action/build/control' returned '0': CMAKE_PREFIX_PATH=/home/robofei/ROS2/action/install/custom_interfaces:/home/robofei/ROS2/action/install/control:/opt/ros/foxy /usr/bin/cmake --install /home/robofei/ROS2/action/build/control
