[0.015s] Invoking command in '/home/robofei/ROS2/action/build/control': AMENT_PREFIX_PATH=/home/robofei/ROS2/action/install/custom_interfaces:${AMENT_PREFIX_PATH} CMAKE_PREFIX_PATH=/home/robofei/ROS2/action/install/custom_interfaces:/opt/ros/foxy LD_LIBRARY_PATH=/home/robofei/ROS2/action/install/custom_interfaces/lib:${LD_LIBRARY_PATH} PYTHONPATH=/home/robofei/ROS2/action/install/custom_interfaces/lib/python3.8/site-packages:${PYTHONPATH} /usr/bin/cmake --build /home/robofei/ROS2/action/build/control -- -j4 -l4
[0.058s] [35m[1mScanning dependencies of target control[0m
[0.088s] [ 50%] [32mBuilding CXX object CMakeFiles/control.dir/src/control.cpp.o[0m
[1.408s] [01m[K/home/robofei/ROS2/action/src/control/src/control.cpp:[m[K In member function ‘[01m[Kvoid Control::timer_callback_goodbye()[m[K’:
[1.408s] [01m[K/home/robofei/ROS2/action/src/control/src/control.cpp:67:12:[m[K [01;35m[Kwarning: [m[Kunused variable ‘[01m[Kcount_[m[K’ [[01;35m[K-Wunused-variable[m[K]
[1.408s]    67 |     size_t [01;35m[Kcount_[m[K;
[1.408s]       |            [01;35m[K^~~~~~[m[K
[5.584s] [100%] [32m[1mLinking CXX executable control[0m
[5.878s] [100%] Built target control
[5.890s] Invoked command in '/home/robofei/ROS2/action/build/control' returned '0': AMENT_PREFIX_PATH=/home/robofei/ROS2/action/install/custom_interfaces:${AMENT_PREFIX_PATH} CMAKE_PREFIX_PATH=/home/robofei/ROS2/action/install/custom_interfaces:/opt/ros/foxy LD_LIBRARY_PATH=/home/robofei/ROS2/action/install/custom_interfaces/lib:${LD_LIBRARY_PATH} PYTHONPATH=/home/robofei/ROS2/action/install/custom_interfaces/lib/python3.8/site-packages:${PYTHONPATH} /usr/bin/cmake --build /home/robofei/ROS2/action/build/control -- -j4 -l4
[5.917s] Invoking command in '/home/robofei/ROS2/action/build/control': AMENT_PREFIX_PATH=/home/robofei/ROS2/action/install/custom_interfaces:${AMENT_PREFIX_PATH} CMAKE_PREFIX_PATH=/home/robofei/ROS2/action/install/custom_interfaces:/opt/ros/foxy LD_LIBRARY_PATH=/home/robofei/ROS2/action/install/custom_interfaces/lib:${LD_LIBRARY_PATH} PYTHONPATH=/home/robofei/ROS2/action/install/custom_interfaces/lib/python3.8/site-packages:${PYTHONPATH} /usr/bin/cmake --install /home/robofei/ROS2/action/build/control
[5.926s] -- Install configuration: ""
[5.927s] -- Execute custom install script
[5.927s] -- Up-to-date symlink: /home/robofei/ROS2/action/install/control/lib/control/control
[5.928s] -- Up-to-date symlink: /home/robofei/ROS2/action/install/control/share/ament_index/resource_index/package_run_dependencies/control
[5.928s] -- Up-to-date symlink: /home/robofei/ROS2/action/install/control/share/ament_index/resource_index/parent_prefix_path/control
[5.929s] -- Up-to-date symlink: /home/robofei/ROS2/action/install/control/share/control/environment/ament_prefix_path.sh
[5.929s] -- Up-to-date symlink: /home/robofei/ROS2/action/install/control/share/control/environment/ament_prefix_path.dsv
[5.929s] -- Up-to-date symlink: /home/robofei/ROS2/action/install/control/share/control/environment/path.sh
[5.930s] -- Up-to-date symlink: /home/robofei/ROS2/action/install/control/share/control/environment/path.dsv
[5.930s] -- Up-to-date symlink: /home/robofei/ROS2/action/install/control/share/control/local_setup.bash
[5.931s] -- Up-to-date symlink: /home/robofei/ROS2/action/install/control/share/control/local_setup.sh
[5.931s] -- Up-to-date symlink: /home/robofei/ROS2/action/install/control/share/control/local_setup.zsh
[5.931s] -- Up-to-date symlink: /home/robofei/ROS2/action/install/control/share/control/local_setup.dsv
[5.932s] -- Symlinking: /home/robofei/ROS2/action/install/control/share/control/package.dsv
[5.941s] -- Up-to-date symlink: /home/robofei/ROS2/action/install/control/share/ament_index/resource_index/packages/control
[5.942s] -- Up-to-date symlink: /home/robofei/ROS2/action/install/control/share/control/cmake/controlConfig.cmake
[5.942s] -- Up-to-date symlink: /home/robofei/ROS2/action/install/control/share/control/cmake/controlConfig-version.cmake
[5.942s] -- Up-to-date symlink: /home/robofei/ROS2/action/install/control/share/control/package.xml
[5.946s] Invoked command in '/home/robofei/ROS2/action/build/control' returned '0': AMENT_PREFIX_PATH=/home/robofei/ROS2/action/install/custom_interfaces:${AMENT_PREFIX_PATH} CMAKE_PREFIX_PATH=/home/robofei/ROS2/action/install/custom_interfaces:/opt/ros/foxy LD_LIBRARY_PATH=/home/robofei/ROS2/action/install/custom_interfaces/lib:${LD_LIBRARY_PATH} PYTHONPATH=/home/robofei/ROS2/action/install/custom_interfaces/lib/python3.8/site-packages:${PYTHONPATH} /usr/bin/cmake --install /home/robofei/ROS2/action/build/control
