[0.117s] Invoking command in '/home/robofei/ROS2/build/control': CMAKE_PREFIX_PATH=/home/robofei/ROS2/install/serial:/home/robofei/ROS2/install/dynamixel_sdk_custom_interfaces:/home/robofei/ROS2/install/custom_interfaces_vision:/home/robofei/ROS2/install/um7:/home/robofei/ROS2/install/control:/home/robofei/ROS2/install/ros2_pkg:/home/robofei/ROS2/install/messages:/home/robofei/ROS2/install/dynamixel_sdk_examples:/home/robofei/ROS2/install/dynamixel_sdk:/home/robofei/ROS2/install/custom_interfaces:/home/robofei/ROS2/install/vision_pkg:/home/robofei/ROS2/install/decision_pkg:/home/robofei/ROS2/install/controller:/opt/ros/foxy LD_LIBRARY_PATH=/home/robofei/ROS2/install/dynamixel_sdk_custom_interfaces/lib:/home/robofei/ROS2/install/custom_interfaces_vision/lib:/home/robofei/ROS2/install/um7/lib:/home/robofei/ROS2/install/control/lib:/home/robofei/ROS2/install/serial/lib:/home/robofei/ROS2/install/messages/lib:/home/robofei/ROS2/install/dynamixel_sdk/lib:/home/robofei/ROS2/install/custom_interfaces/lib:/opt/ros/foxy/opt/yaml_cpp_vendor/lib:/opt/ros/foxy/opt/rviz_ogre_vendor/lib:/opt/ros/foxy/lib/x86_64-linux-gnu:/opt/ros/foxy/lib PYTHONPATH=/home/robofei/ROS2/install/dynamixel_sdk_custom_interfaces/lib/python3.8/site-packages:/home/robofei/ROS2/install/custom_interfaces_vision/lib/python3.8/site-packages:/home/robofei/ROS2/build/vision_pkg:/home/robofei/ROS2/install/vision_pkg/lib/python3.8/site-packages:/home/robofei/ROS2/install/um7/lib/python3.8/site-packages:/home/robofei/ROS2/install/messages/lib/python3.8/site-packages:/home/robofei/ROS2/build/decision_pkg:/home/robofei/ROS2/install/decision_pkg/lib/python3.8/site-packages:/home/robofei/ROS2/install/custom_interfaces/lib/python3.8/site-packages:/home/robofei/ROS2/build/controller:/home/robofei/ROS2/install/controller/lib/python3.8/site-packages:/home/robofei/models/research/slim:/home/robofei/models/research/object_detection/utils:/home/robofei/models/research:/opt/ros/foxy/lib/python3.8/site-packages:/home/robofei/models/research/slim:/home/robofei/models/research/object_detection/utils:/home/robofei/models/research /usr/bin/cmake --build /home/robofei/ROS2/build/control -- -j4 -l4
[0.485s] [35m[1mScanning dependencies of target motion[0m
[0.535s] [  8%] Built target gait_publisher
[0.564s] [ 17%] Built target control
[0.595s] [ 26%] Built target decision
[0.681s] [ 30%] [32mBuilding CXX object CMakeFiles/motion.dir/src/motion/MotionManager.cpp.o[0m
[7.149s] In file included from [01m[K/home/robofei/ROS2/src/walk_test/src/control/src/motion/MotionManager.cpp:25[m[K:
[7.150s] [01m[K/home/robofei/ROS2/src/walk_test/src/control/include/MotionManager.h:[m[K In constructor ‘[01m[KRobot::MotionManager::MotionManager(const rclcpp::NodeOptions&)[m[K’:
[7.151s] [01m[K/home/robofei/ROS2/src/walk_test/src/control/include/MotionManager.h:89:8:[m[K [01;35m[Kwarning: [m[K‘[01m[KRobot::MotionManager::DEBUG_PRINT[m[K’ will be initialized after [[01;35m[K-Wreorder[m[K]
[7.151s]    89 |   bool [01;35m[KDEBUG_PRINT[m[K;
[7.151s]       |        [01;35m[K^~~~~~~~~~~[m[K
[7.155s] [01m[K/home/robofei/ROS2/src/walk_test/src/control/src/motion/MotionManager.cpp:75:41:[m[K [01;35m[Kwarning: [m[K  base ‘[01m[Krclcpp::Node[m[K’ [[01;35m[K-Wreorder[m[K]
[7.155s]    75 |   rclcpp::Node("gait_publisher", options[01;35m[K)[m[K
[7.159s]       |                                         [01;35m[K^[m[K
[7.160s] [01m[K/home/robofei/ROS2/src/walk_test/src/control/src/motion/MotionManager.cpp:67:1:[m[K [01;35m[Kwarning: [m[K  when initialized here [[01;35m[K-Wreorder[m[K]
[7.160s]    67 | [01;35m[KMotionManager[m[K::MotionManager(const rclcpp::NodeOptions & options) :
[7.160s]       | [01;35m[K^~~~~~~~~~~~~[m[K
[7.244s] [01m[K/home/robofei/ROS2/src/walk_test/src/control/src/motion/MotionManager.cpp:[m[K In member function ‘[01m[Kvoid Robot::MotionManager::topic_callback(std::shared_ptr<sensor_msgs::msg::Imu_<std::allocator<void> > >) const[m[K’:
[7.244s] [01m[K/home/robofei/ROS2/src/walk_test/src/control/src/motion/MotionManager.cpp:116:15:[m[K [01;35m[Kwarning: [m[Kunused variable ‘[01m[KIMU_GYRO_X[m[K’ [[01;35m[K-Wunused-variable[m[K]
[7.245s]   116 |         float [01;35m[KIMU_GYRO_X[m[K = -imu_msg_->angular_velocity.x/10;
[7.245s]       |               [01;35m[K^~~~~~~~~~[m[K
[7.245s] [01m[K/home/robofei/ROS2/src/walk_test/src/control/src/motion/MotionManager.cpp:117:15:[m[K [01;35m[Kwarning: [m[Kunused variable ‘[01m[KIMU_GYRO_Y[m[K’ [[01;35m[K-Wunused-variable[m[K]
[7.245s]   117 |         float [01;35m[KIMU_GYRO_Y[m[K  = -imu_msg_->angular_velocity.y/10;
[7.246s]       |               [01;35m[K^~~~~~~~~~[m[K
[7.264s] [01m[K/home/robofei/ROS2/src/walk_test/src/control/src/motion/MotionManager.cpp:[m[K In member function ‘[01m[Kbool Robot::MotionManager::Initialize(bool)[m[K’:
[7.264s] [01m[K/home/robofei/ROS2/src/walk_test/src/control/src/motion/MotionManager.cpp:275:6:[m[K [01;35m[Kwarning: [m[Kunused variable ‘[01m[Kvalue[m[K’ [[01;35m[K-Wunused-variable[m[K]
[7.265s]   275 |  int [01;35m[Kvalue[m[K, error;
[7.265s]       |      [01;35m[K^~~~~[m[K
[7.265s] [01m[K/home/robofei/ROS2/src/walk_test/src/control/src/motion/MotionManager.cpp:275:13:[m[K [01;35m[Kwarning: [m[Kunused variable ‘[01m[Kerror[m[K’ [[01;35m[K-Wunused-variable[m[K]
[7.265s]   275 |  int value, [01;35m[Kerror[m[K;
[7.265s]       |             [01;35m[K^~~~~[m[K
[7.265s] [01m[K/home/robofei/ROS2/src/walk_test/src/control/src/motion/MotionManager.cpp:[m[K In member function ‘[01m[Kbool Robot::MotionManager::Reinitialize()[m[K’:
[7.266s] [01m[K/home/robofei/ROS2/src/walk_test/src/control/src/motion/MotionManager.cpp:361:6:[m[K [01;35m[Kwarning: [m[Kunused variable ‘[01m[Kvalue[m[K’ [[01;35m[K-Wunused-variable[m[K]
[7.266s]   361 |  int [01;35m[Kvalue[m[K, error;
[7.267s]       |      [01;35m[K^~~~~[m[K
[7.267s] [01m[K/home/robofei/ROS2/src/walk_test/src/control/src/motion/MotionManager.cpp:361:13:[m[K [01;35m[Kwarning: [m[Kunused variable ‘[01m[Kerror[m[K’ [[01;35m[K-Wunused-variable[m[K]
[7.267s]   361 |  int value, [01;35m[Kerror[m[K;
[7.267s]       |             [01;35m[K^~~~~[m[K
[7.295s] [01m[K/home/robofei/ROS2/src/walk_test/src/control/src/motion/MotionManager.cpp:[m[K In member function ‘[01m[Kvoid Robot::MotionManager::Process()[m[K’:
[7.295s] [01m[K/home/robofei/ROS2/src/walk_test/src/control/src/motion/MotionManager.cpp:530:5:[m[K [01;35m[Kwarning: [m[Kthis ‘[01m[Kif[m[K’ clause does not guard... [[01;35m[K-Wmisleading-indentation[m[K]
[7.295s]   530 |     [01;35m[Kif[m[K(MotionManager::GetInstance()->m_ProcessEnable == false || MotionManager::GetInstance()->m_IsRunning == true)
[7.295s]       |     [01;35m[K^~[m[K
[7.295s] [01m[K/home/robofei/ROS2/src/walk_test/src/control/src/motion/MotionManager.cpp:533:2:[m[K [01;36m[Knote: [m[K...this statement, but the latter is misleadingly indented as if it were guarded by the ‘[01m[Kif[m[K’
[7.295s]   533 |  [01;36m[KMotionManager[m[K::GetInstance()->m_IsRunning = true;
[7.295s]       |  [01;36m[K^~~~~~~~~~~~~[m[K
[7.316s] [01m[K/home/robofei/ROS2/src/walk_test/src/control/src/motion/MotionManager.cpp:590:7:[m[K [01;35m[Kwarning: [m[Kvariable ‘[01m[Kparam[m[K’ set but not used [[01;35m[K-Wunused-but-set-variable[m[K]
[7.316s]   590 |   int [01;35m[Kparam[m[K[JointData::NUMBER_OF_JOINTS * MX28::PARAM_BYTES];
[7.316s]       |       [01;35m[K^~~~~[m[K
[7.316s] [01m[K/home/robofei/ROS2/src/walk_test/src/control/src/motion/MotionManager.cpp:591:7:[m[K [01;35m[Kwarning: [m[Kunused variable ‘[01m[Kjoint_num[m[K’ [[01;35m[K-Wunused-variable[m[K]
[7.316s]   591 |   int [01;35m[Kjoint_num[m[K = 0;
[7.317s]       |       [01;35m[K^~~~~~~~~[m[K
[23.002s] [ 34%] [32m[1mLinking CXX shared library libmotion.so[0m
[23.972s] [100%] Built target motion
[23.997s] Invoked command in '/home/robofei/ROS2/build/control' returned '0': CMAKE_PREFIX_PATH=/home/robofei/ROS2/install/serial:/home/robofei/ROS2/install/dynamixel_sdk_custom_interfaces:/home/robofei/ROS2/install/custom_interfaces_vision:/home/robofei/ROS2/install/um7:/home/robofei/ROS2/install/control:/home/robofei/ROS2/install/ros2_pkg:/home/robofei/ROS2/install/messages:/home/robofei/ROS2/install/dynamixel_sdk_examples:/home/robofei/ROS2/install/dynamixel_sdk:/home/robofei/ROS2/install/custom_interfaces:/home/robofei/ROS2/install/vision_pkg:/home/robofei/ROS2/install/decision_pkg:/home/robofei/ROS2/install/controller:/opt/ros/foxy LD_LIBRARY_PATH=/home/robofei/ROS2/install/dynamixel_sdk_custom_interfaces/lib:/home/robofei/ROS2/install/custom_interfaces_vision/lib:/home/robofei/ROS2/install/um7/lib:/home/robofei/ROS2/install/control/lib:/home/robofei/ROS2/install/serial/lib:/home/robofei/ROS2/install/messages/lib:/home/robofei/ROS2/install/dynamixel_sdk/lib:/home/robofei/ROS2/install/custom_interfaces/lib:/opt/ros/foxy/opt/yaml_cpp_vendor/lib:/opt/ros/foxy/opt/rviz_ogre_vendor/lib:/opt/ros/foxy/lib/x86_64-linux-gnu:/opt/ros/foxy/lib PYTHONPATH=/home/robofei/ROS2/install/dynamixel_sdk_custom_interfaces/lib/python3.8/site-packages:/home/robofei/ROS2/install/custom_interfaces_vision/lib/python3.8/site-packages:/home/robofei/ROS2/build/vision_pkg:/home/robofei/ROS2/install/vision_pkg/lib/python3.8/site-packages:/home/robofei/ROS2/install/um7/lib/python3.8/site-packages:/home/robofei/ROS2/install/messages/lib/python3.8/site-packages:/home/robofei/ROS2/build/decision_pkg:/home/robofei/ROS2/install/decision_pkg/lib/python3.8/site-packages:/home/robofei/ROS2/install/custom_interfaces/lib/python3.8/site-packages:/home/robofei/ROS2/build/controller:/home/robofei/ROS2/install/controller/lib/python3.8/site-packages:/home/robofei/models/research/slim:/home/robofei/models/research/object_detection/utils:/home/robofei/models/research:/opt/ros/foxy/lib/python3.8/site-packages:/home/robofei/models/research/slim:/home/robofei/models/research/object_detection/utils:/home/robofei/models/research /usr/bin/cmake --build /home/robofei/ROS2/build/control -- -j4 -l4
[24.130s] Invoking command in '/home/robofei/ROS2/build/control': CMAKE_PREFIX_PATH=/home/robofei/ROS2/install/serial:/home/robofei/ROS2/install/dynamixel_sdk_custom_interfaces:/home/robofei/ROS2/install/custom_interfaces_vision:/home/robofei/ROS2/install/um7:/home/robofei/ROS2/install/control:/home/robofei/ROS2/install/ros2_pkg:/home/robofei/ROS2/install/messages:/home/robofei/ROS2/install/dynamixel_sdk_examples:/home/robofei/ROS2/install/dynamixel_sdk:/home/robofei/ROS2/install/custom_interfaces:/home/robofei/ROS2/install/vision_pkg:/home/robofei/ROS2/install/decision_pkg:/home/robofei/ROS2/install/controller:/opt/ros/foxy LD_LIBRARY_PATH=/home/robofei/ROS2/install/dynamixel_sdk_custom_interfaces/lib:/home/robofei/ROS2/install/custom_interfaces_vision/lib:/home/robofei/ROS2/install/um7/lib:/home/robofei/ROS2/install/control/lib:/home/robofei/ROS2/install/serial/lib:/home/robofei/ROS2/install/messages/lib:/home/robofei/ROS2/install/dynamixel_sdk/lib:/home/robofei/ROS2/install/custom_interfaces/lib:/opt/ros/foxy/opt/yaml_cpp_vendor/lib:/opt/ros/foxy/opt/rviz_ogre_vendor/lib:/opt/ros/foxy/lib/x86_64-linux-gnu:/opt/ros/foxy/lib PYTHONPATH=/home/robofei/ROS2/install/dynamixel_sdk_custom_interfaces/lib/python3.8/site-packages:/home/robofei/ROS2/install/custom_interfaces_vision/lib/python3.8/site-packages:/home/robofei/ROS2/build/vision_pkg:/home/robofei/ROS2/install/vision_pkg/lib/python3.8/site-packages:/home/robofei/ROS2/install/um7/lib/python3.8/site-packages:/home/robofei/ROS2/install/messages/lib/python3.8/site-packages:/home/robofei/ROS2/build/decision_pkg:/home/robofei/ROS2/install/decision_pkg/lib/python3.8/site-packages:/home/robofei/ROS2/install/custom_interfaces/lib/python3.8/site-packages:/home/robofei/ROS2/build/controller:/home/robofei/ROS2/install/controller/lib/python3.8/site-packages:/home/robofei/models/research/slim:/home/robofei/models/research/object_detection/utils:/home/robofei/models/research:/opt/ros/foxy/lib/python3.8/site-packages:/home/robofei/models/research/slim:/home/robofei/models/research/object_detection/utils:/home/robofei/models/research /usr/bin/cmake --install /home/robofei/ROS2/build/control
[24.161s] -- Install configuration: ""
[24.162s] -- Execute custom install script
[24.163s] -- Up-to-date symlink: /home/robofei/ROS2/install/control/lib/control/gait_publisher
[24.163s] -- Up-to-date symlink: /home/robofei/ROS2/install/control/lib/control/control
[24.163s] -- Up-to-date symlink: /home/robofei/ROS2/install/control/lib/control/decision
[24.163s] -- Up-to-date symlink: /home/robofei/ROS2/install/control/lib/libmotion.so
[24.164s] -- Up-to-date symlink: /home/robofei/ROS2/install/control/include//Action.h
[24.164s] -- Up-to-date symlink: /home/robofei/ROS2/install/control/include//AngleEstimator.h
[24.164s] -- Up-to-date symlink: /home/robofei/ROS2/install/control/include//DARwIn.h
[24.165s] -- Up-to-date symlink: /home/robofei/ROS2/install/control/include//FSR.h
[24.165s] -- Up-to-date symlink: /home/robofei/ROS2/install/control/include//GaitMove.hpp
[24.166s] -- Up-to-date symlink: /home/robofei/ROS2/install/control/include//JointData.h
[24.166s] -- Up-to-date symlink: /home/robofei/ROS2/install/control/include//Kinematics.h
[24.166s] -- Up-to-date symlink: /home/robofei/ROS2/install/control/include//LinuxActionScript.h
[24.166s] -- Up-to-date symlink: /home/robofei/ROS2/install/control/include//LinuxCM730.h
[24.167s] -- Up-to-date symlink: /home/robofei/ROS2/install/control/include//LinuxDARwIn.h
[24.167s] -- Up-to-date symlink: /home/robofei/ROS2/install/control/include//LinuxMotionTimer.h
[24.167s] -- Up-to-date symlink: /home/robofei/ROS2/install/control/include//LinuxNetwork.h
[24.167s] -- Up-to-date symlink: /home/robofei/ROS2/install/control/include//MX28.h
[24.168s] -- Up-to-date symlink: /home/robofei/ROS2/install/control/include//Matrix.h
[24.168s] -- Up-to-date symlink: /home/robofei/ROS2/install/control/include//MotionManager.h
[24.168s] -- Up-to-date symlink: /home/robofei/ROS2/install/control/include//MotionModule.h
[24.168s] -- Up-to-date symlink: /home/robofei/ROS2/install/control/include//MotionState.h
[24.168s] -- Up-to-date symlink: /home/robofei/ROS2/install/control/include//MotionStatus.h
[24.169s] -- Up-to-date symlink: /home/robofei/ROS2/install/control/include//Plane.h
[24.169s] -- Up-to-date symlink: /home/robofei/ROS2/install/control/include//Point.h
[24.169s] -- Up-to-date symlink: /home/robofei/ROS2/install/control/include//QuadraticStateTransform.h
[24.170s] -- Up-to-date symlink: /home/robofei/ROS2/install/control/include//RadonTransform.h
[24.170s] -- Up-to-date symlink: /home/robofei/ROS2/install/control/include//ReadConfig.hpp
[24.170s] -- Up-to-date symlink: /home/robofei/ROS2/install/control/include//RegionProps.h
[24.171s] -- Up-to-date symlink: /home/robofei/ROS2/install/control/include//Vector.h
[24.171s] -- Up-to-date symlink: /home/robofei/ROS2/install/control/include//Walking.h
[24.171s] -- Up-to-date symlink: /home/robofei/ROS2/install/control/include//cmd_process.h
[24.171s] -- Up-to-date symlink: /home/robofei/ROS2/install/control/include//minIni.h
[24.171s] -- Up-to-date symlink: /home/robofei/ROS2/install/control/share/control//launch/action.launch.py
[24.172s] -- Up-to-date symlink: /home/robofei/ROS2/install/control/share/ament_index/resource_index/package_run_dependencies/control
[24.172s] -- Up-to-date symlink: /home/robofei/ROS2/install/control/share/ament_index/resource_index/parent_prefix_path/control
[24.172s] -- Up-to-date symlink: /home/robofei/ROS2/install/control/share/control/environment/ament_prefix_path.sh
[24.173s] -- Up-to-date symlink: /home/robofei/ROS2/install/control/share/control/environment/ament_prefix_path.dsv
[24.173s] -- Up-to-date symlink: /home/robofei/ROS2/install/control/share/control/environment/path.sh
[24.173s] -- Up-to-date symlink: /home/robofei/ROS2/install/control/share/control/environment/path.dsv
[24.173s] -- Up-to-date symlink: /home/robofei/ROS2/install/control/share/control/local_setup.bash
[24.173s] -- Up-to-date symlink: /home/robofei/ROS2/install/control/share/control/local_setup.sh
[24.174s] -- Up-to-date symlink: /home/robofei/ROS2/install/control/share/control/local_setup.zsh
[24.174s] -- Up-to-date symlink: /home/robofei/ROS2/install/control/share/control/local_setup.dsv
[24.174s] -- Symlinking: /home/robofei/ROS2/install/control/share/control/package.dsv
[24.202s] -- Up-to-date symlink: /home/robofei/ROS2/install/control/share/ament_index/resource_index/packages/control
[24.202s] -- Up-to-date symlink: /home/robofei/ROS2/install/control/share/ament_index/resource_index/rclcpp_components/control
[24.202s] -- Up-to-date symlink: /home/robofei/ROS2/install/control/share/control/cmake/ament_cmake_export_dependencies-extras.cmake
[24.203s] -- Up-to-date symlink: /home/robofei/ROS2/install/control/share/control/cmake/controlConfig.cmake
[24.203s] -- Up-to-date symlink: /home/robofei/ROS2/install/control/share/control/cmake/controlConfig-version.cmake
[24.203s] -- Up-to-date symlink: /home/robofei/ROS2/install/control/share/control/package.xml
[24.211s] Invoked command in '/home/robofei/ROS2/build/control' returned '0': CMAKE_PREFIX_PATH=/home/robofei/ROS2/install/serial:/home/robofei/ROS2/install/dynamixel_sdk_custom_interfaces:/home/robofei/ROS2/install/custom_interfaces_vision:/home/robofei/ROS2/install/um7:/home/robofei/ROS2/install/control:/home/robofei/ROS2/install/ros2_pkg:/home/robofei/ROS2/install/messages:/home/robofei/ROS2/install/dynamixel_sdk_examples:/home/robofei/ROS2/install/dynamixel_sdk:/home/robofei/ROS2/install/custom_interfaces:/home/robofei/ROS2/install/vision_pkg:/home/robofei/ROS2/install/decision_pkg:/home/robofei/ROS2/install/controller:/opt/ros/foxy LD_LIBRARY_PATH=/home/robofei/ROS2/install/dynamixel_sdk_custom_interfaces/lib:/home/robofei/ROS2/install/custom_interfaces_vision/lib:/home/robofei/ROS2/install/um7/lib:/home/robofei/ROS2/install/control/lib:/home/robofei/ROS2/install/serial/lib:/home/robofei/ROS2/install/messages/lib:/home/robofei/ROS2/install/dynamixel_sdk/lib:/home/robofei/ROS2/install/custom_interfaces/lib:/opt/ros/foxy/opt/yaml_cpp_vendor/lib:/opt/ros/foxy/opt/rviz_ogre_vendor/lib:/opt/ros/foxy/lib/x86_64-linux-gnu:/opt/ros/foxy/lib PYTHONPATH=/home/robofei/ROS2/install/dynamixel_sdk_custom_interfaces/lib/python3.8/site-packages:/home/robofei/ROS2/install/custom_interfaces_vision/lib/python3.8/site-packages:/home/robofei/ROS2/build/vision_pkg:/home/robofei/ROS2/install/vision_pkg/lib/python3.8/site-packages:/home/robofei/ROS2/install/um7/lib/python3.8/site-packages:/home/robofei/ROS2/install/messages/lib/python3.8/site-packages:/home/robofei/ROS2/build/decision_pkg:/home/robofei/ROS2/install/decision_pkg/lib/python3.8/site-packages:/home/robofei/ROS2/install/custom_interfaces/lib/python3.8/site-packages:/home/robofei/ROS2/build/controller:/home/robofei/ROS2/install/controller/lib/python3.8/site-packages:/home/robofei/models/research/slim:/home/robofei/models/research/object_detection/utils:/home/robofei/models/research:/opt/ros/foxy/lib/python3.8/site-packages:/home/robofei/models/research/slim:/home/robofei/models/research/object_detection/utils:/home/robofei/models/research /usr/bin/cmake --install /home/robofei/ROS2/build/control
