[0.048s] Invoking command in '/home/robofei/ROS2/build/dynamixel_sdk_custom_interfaces': CMAKE_PREFIX_PATH=/opt/ros/foxy /usr/bin/cmake /home/robofei/ROS2/src/walk_test/src/dynamixel_sdk_custom_interfaces -DAMENT_CMAKE_SYMLINK_INSTALL=1 -DCMAKE_INSTALL_PREFIX=/home/robofei/ROS2/install/dynamixel_sdk_custom_interfaces
[0.642s] -- The C compiler identification is GNU 9.4.0
[0.642s] -- The CXX compiler identification is GNU 9.4.0
[0.642s] -- Check for working C compiler: /usr/bin/cc
[0.642s] -- Check for working C compiler: /usr/bin/cc -- works
[0.642s] -- Detecting C compiler ABI info
[0.642s] -- Detecting C compiler ABI info - done
[0.642s] -- Detecting C compile features
[0.642s] -- Detecting C compile features - done
[0.643s] -- Check for working CXX compiler: /usr/bin/c++
[0.643s] -- Check for working CXX compiler: /usr/bin/c++ -- works
[0.643s] -- Detecting CXX compiler ABI info
[0.643s] -- Detecting CXX compiler ABI info - done
[0.643s] -- Detecting CXX compile features
[0.643s] -- Detecting CXX compile features - done
[0.643s] -- Found ament_cmake: 0.9.9 (/opt/ros/foxy/share/ament_cmake/cmake)
[0.643s] -- Found PythonInterp: /usr/bin/python3 (found suitable version "3.8.10", minimum required is "3") 
[0.643s] -- Using PYTHON_EXECUTABLE: /usr/bin/python3
[0.817s] -- Override CMake install command with custom implementation using symlinks instead of copying resources
[0.859s] -- Found builtin_interfaces: 1.0.0 (/opt/ros/foxy/share/builtin_interfaces/cmake)
[0.904s] -- Using all available rosidl_typesupport_c: rosidl_typesupport_fastrtps_c;rosidl_typesupport_introspection_c
[0.916s] -- Found rosidl_adapter: 1.2.1 (/opt/ros/foxy/share/rosidl_adapter/cmake)
[1.032s] -- Found OpenSSL: /usr/lib/x86_64-linux-gnu/libcrypto.so (found version "1.1.1f")  
[1.066s] -- Found FastRTPS: /opt/ros/foxy/include  
[1.333s] -- Using all available rosidl_typesupport_cpp: rosidl_typesupport_fastrtps_cpp;rosidl_typesupport_introspection_cpp
[1.442s] -- Found rosidl_default_generators: 1.0.1 (/opt/ros/foxy/share/rosidl_default_generators/cmake)
[1.550s] -- Found PythonInterp: /usr/bin/python3 (found version "3.8.10") 
[1.960s] -- Found ament_cmake_ros: 0.9.2 (/opt/ros/foxy/share/ament_cmake_ros/cmake)
[2.332s] -- Using all available rosidl_typesupport_c: rosidl_typesupport_fastrtps_c;rosidl_typesupport_introspection_c
[2.360s] -- Using all available rosidl_typesupport_cpp: rosidl_typesupport_fastrtps_cpp;rosidl_typesupport_introspection_cpp
[2.390s] -- Found PythonInterp: /usr/bin/python3 (found suitable version "3.8.10", minimum required is "3.5") 
[2.392s] -- Found python_cmake_module: 0.8.1 (/opt/ros/foxy/share/python_cmake_module/cmake)
[2.433s] -- Found PythonLibs: /usr/lib/x86_64-linux-gnu/libpython3.8.so (found suitable version "3.8.10", minimum required is "3.5") 
[2.433s] -- Using PYTHON_EXECUTABLE: /usr/bin/python3
[2.433s] -- Using PYTHON_INCLUDE_DIRS: /usr/include/python3.8
[2.433s] -- Using PYTHON_LIBRARIES: /usr/lib/x86_64-linux-gnu/libpython3.8.so
[2.458s] -- Found PythonExtra: .so  
[2.573s] -- Configuring done
[2.657s] -- Generating done
[2.660s] -- Build files have been written to: /home/robofei/ROS2/build/dynamixel_sdk_custom_interfaces
[2.669s] Invoked command in '/home/robofei/ROS2/build/dynamixel_sdk_custom_interfaces' returned '0': CMAKE_PREFIX_PATH=/opt/ros/foxy /usr/bin/cmake /home/robofei/ROS2/src/walk_test/src/dynamixel_sdk_custom_interfaces -DAMENT_CMAKE_SYMLINK_INSTALL=1 -DCMAKE_INSTALL_PREFIX=/home/robofei/ROS2/install/dynamixel_sdk_custom_interfaces
[2.670s] Invoking command in '/home/robofei/ROS2/build/dynamixel_sdk_custom_interfaces': CMAKE_PREFIX_PATH=/opt/ros/foxy /usr/bin/cmake --build /home/robofei/ROS2/build/dynamixel_sdk_custom_interfaces -- -j8 -l8
[2.729s] [35m[1mScanning dependencies of target dynamixel_sdk_custom_interfaces__cpp[0m
[2.729s] [  1%] [34m[1mGenerating C code for ROS interfaces[0m
[2.749s] [  2%] [34m[1mGenerating C++ code for ROS interfaces[0m
[3.655s] [  2%] Built target dynamixel_sdk_custom_interfaces__cpp
[3.683s] [  4%] [34m[1mGenerating C++ introspection for ROS interfaces[0m
[3.689s] [  5%] [34m[1mGenerating C++ type support for eProsima Fast-RTPS[0m
[3.694s] [  7%] [34m[1mGenerating C++ type support dispatch for ROS interfaces[0m
[3.733s] [35m[1mScanning dependencies of target dynamixel_sdk_custom_interfaces__rosidl_generator_c[0m
[3.783s] [  8%] [32mBuilding C object CMakeFiles/dynamixel_sdk_custom_interfaces__rosidl_generator_c.dir/rosidl_generator_c/dynamixel_sdk_custom_interfaces/msg/detail/set_position_original__functions.c.o[0m
[3.803s] [  9%] [32mBuilding C object CMakeFiles/dynamixel_sdk_custom_interfaces__rosidl_generator_c.dir/rosidl_generator_c/dynamixel_sdk_custom_interfaces/msg/detail/set_position__functions.c.o[0m
[3.803s] [ 12%] [32mBuilding C object CMakeFiles/dynamixel_sdk_custom_interfaces__rosidl_generator_c.dir/rosidl_generator_c/dynamixel_sdk_custom_interfaces/msg/detail/decision__functions.c.o[0m
[3.808s] [ 14%] [32mBuilding C object CMakeFiles/dynamixel_sdk_custom_interfaces__rosidl_generator_c.dir/rosidl_generator_c/dynamixel_sdk_custom_interfaces/msg/detail/walk__functions.c.o[0m
[3.812s] [ 11%] [32mBuilding C object CMakeFiles/dynamixel_sdk_custom_interfaces__rosidl_generator_c.dir/rosidl_generator_c/dynamixel_sdk_custom_interfaces/msg/detail/param_walk__functions.c.o[0m
[3.942s] [ 15%] [32mBuilding C object CMakeFiles/dynamixel_sdk_custom_interfaces__rosidl_generator_c.dir/rosidl_generator_c/dynamixel_sdk_custom_interfaces/srv/detail/get_position__functions.c.o[0m
[4.058s] [ 16%] [32m[1mLinking C shared library libdynamixel_sdk_custom_interfaces__rosidl_generator_c.so[0m
[4.197s] [ 16%] Built target dynamixel_sdk_custom_interfaces__rosidl_generator_c
[4.258s] [ 18%] [34m[1mGenerating C introspection for ROS interfaces[0m
[4.259s] [ 19%] [34m[1mGenerating C type support dispatch for ROS interfaces[0m
[4.560s] [35m[1mScanning dependencies of target dynamixel_sdk_custom_interfaces__rosidl_typesupport_cpp[0m
[4.675s] [ 21%] [32mBuilding CXX object CMakeFiles/dynamixel_sdk_custom_interfaces__rosidl_typesupport_cpp.dir/rosidl_typesupport_cpp/dynamixel_sdk_custom_interfaces/msg/set_position__type_support.cpp.o[0m
[4.724s] [ 22%] [32mBuilding CXX object CMakeFiles/dynamixel_sdk_custom_interfaces__rosidl_typesupport_cpp.dir/rosidl_typesupport_cpp/dynamixel_sdk_custom_interfaces/msg/set_position_original__type_support.cpp.o[0m
[4.725s] [ 23%] [32mBuilding CXX object CMakeFiles/dynamixel_sdk_custom_interfaces__rosidl_typesupport_cpp.dir/rosidl_typesupport_cpp/dynamixel_sdk_custom_interfaces/msg/decision__type_support.cpp.o[0m
[4.725s] [ 25%] [32mBuilding CXX object CMakeFiles/dynamixel_sdk_custom_interfaces__rosidl_typesupport_cpp.dir/rosidl_typesupport_cpp/dynamixel_sdk_custom_interfaces/msg/walk__type_support.cpp.o[0m
[5.164s] [35m[1mScanning dependencies of target dynamixel_sdk_custom_interfaces__rosidl_typesupport_introspection_cpp[0m
[5.226s] [35m[1mScanning dependencies of target dynamixel_sdk_custom_interfaces__rosidl_typesupport_fastrtps_cpp[0m
[5.288s] [ 26%] [32mBuilding CXX object CMakeFiles/dynamixel_sdk_custom_interfaces__rosidl_typesupport_introspection_cpp.dir/rosidl_typesupport_introspection_cpp/dynamixel_sdk_custom_interfaces/msg/detail/set_position__type_support.cpp.o[0m
[5.338s] [ 28%] [32mBuilding CXX object CMakeFiles/dynamixel_sdk_custom_interfaces__rosidl_typesupport_fastrtps_cpp.dir/rosidl_typesupport_fastrtps_cpp/dynamixel_sdk_custom_interfaces/msg/detail/dds_fastrtps/set_position__type_support.cpp.o[0m
[5.722s] [ 29%] [32mBuilding CXX object CMakeFiles/dynamixel_sdk_custom_interfaces__rosidl_typesupport_fastrtps_cpp.dir/rosidl_typesupport_fastrtps_cpp/dynamixel_sdk_custom_interfaces/msg/detail/dds_fastrtps/set_position_original__type_support.cpp.o[0m
[5.975s] [35m[1mScanning dependencies of target dynamixel_sdk_custom_interfaces__rosidl_typesupport_c[0m
[6.063s] [ 30%] [32mBuilding CXX object CMakeFiles/dynamixel_sdk_custom_interfaces__rosidl_typesupport_c.dir/rosidl_typesupport_c/dynamixel_sdk_custom_interfaces/msg/set_position__type_support.cpp.o[0m
[6.084s] [ 32%] [32mBuilding CXX object CMakeFiles/dynamixel_sdk_custom_interfaces__rosidl_typesupport_cpp.dir/rosidl_typesupport_cpp/dynamixel_sdk_custom_interfaces/msg/param_walk__type_support.cpp.o[0m
[6.144s] [35m[1mScanning dependencies of target dynamixel_sdk_custom_interfaces__rosidl_typesupport_introspection_c[0m
[6.150s] [ 33%] [32mBuilding CXX object CMakeFiles/dynamixel_sdk_custom_interfaces__rosidl_typesupport_cpp.dir/rosidl_typesupport_cpp/dynamixel_sdk_custom_interfaces/srv/get_position__type_support.cpp.o[0m
[6.181s] [ 35%] [32mBuilding CXX object CMakeFiles/dynamixel_sdk_custom_interfaces__rosidl_typesupport_fastrtps_cpp.dir/rosidl_typesupport_fastrtps_cpp/dynamixel_sdk_custom_interfaces/msg/detail/dds_fastrtps/decision__type_support.cpp.o[0m
[6.224s] [ 36%] [32mBuilding CXX object CMakeFiles/dynamixel_sdk_custom_interfaces__rosidl_typesupport_c.dir/rosidl_typesupport_c/dynamixel_sdk_custom_interfaces/msg/set_position_original__type_support.cpp.o[0m
[6.234s] [ 38%] [32mBuilding C object CMakeFiles/dynamixel_sdk_custom_interfaces__rosidl_typesupport_introspection_c.dir/rosidl_typesupport_introspection_c/dynamixel_sdk_custom_interfaces/msg/detail/set_position__type_support.c.o[0m
[6.414s] [ 39%] [32mBuilding CXX object CMakeFiles/dynamixel_sdk_custom_interfaces__rosidl_typesupport_c.dir/rosidl_typesupport_c/dynamixel_sdk_custom_interfaces/msg/decision__type_support.cpp.o[0m
[6.454s] [ 40%] [32mBuilding C object CMakeFiles/dynamixel_sdk_custom_interfaces__rosidl_typesupport_introspection_c.dir/rosidl_typesupport_introspection_c/dynamixel_sdk_custom_interfaces/msg/detail/set_position_original__type_support.c.o[0m
[6.612s] [ 42%] [32mBuilding CXX object CMakeFiles/dynamixel_sdk_custom_interfaces__rosidl_typesupport_c.dir/rosidl_typesupport_c/dynamixel_sdk_custom_interfaces/msg/walk__type_support.cpp.o[0m
[6.652s] [ 43%] [32mBuilding C object CMakeFiles/dynamixel_sdk_custom_interfaces__rosidl_typesupport_introspection_c.dir/rosidl_typesupport_introspection_c/dynamixel_sdk_custom_interfaces/msg/detail/decision__type_support.c.o[0m
[6.856s] [ 45%] [32mBuilding CXX object CMakeFiles/dynamixel_sdk_custom_interfaces__rosidl_typesupport_c.dir/rosidl_typesupport_c/dynamixel_sdk_custom_interfaces/msg/param_walk__type_support.cpp.o[0m
[6.878s] [ 46%] [32mBuilding C object CMakeFiles/dynamixel_sdk_custom_interfaces__rosidl_typesupport_introspection_c.dir/rosidl_typesupport_introspection_c/dynamixel_sdk_custom_interfaces/msg/detail/walk__type_support.c.o[0m
[7.076s] [ 47%] [32mBuilding CXX object CMakeFiles/dynamixel_sdk_custom_interfaces__rosidl_typesupport_introspection_cpp.dir/rosidl_typesupport_introspection_cpp/dynamixel_sdk_custom_interfaces/msg/detail/set_position_original__type_support.cpp.o[0m
[7.104s] [ 49%] [32mBuilding C object CMakeFiles/dynamixel_sdk_custom_interfaces__rosidl_typesupport_introspection_c.dir/rosidl_typesupport_introspection_c/dynamixel_sdk_custom_interfaces/msg/detail/param_walk__type_support.c.o[0m
[7.112s] [ 50%] [32mBuilding CXX object CMakeFiles/dynamixel_sdk_custom_interfaces__rosidl_typesupport_c.dir/rosidl_typesupport_c/dynamixel_sdk_custom_interfaces/srv/get_position__type_support.cpp.o[0m
[7.245s] [ 52%] [32mBuilding C object CMakeFiles/dynamixel_sdk_custom_interfaces__rosidl_typesupport_introspection_c.dir/rosidl_typesupport_introspection_c/dynamixel_sdk_custom_interfaces/srv/detail/get_position__type_support.c.o[0m
[7.288s] [ 53%] [32m[1mLinking CXX shared library libdynamixel_sdk_custom_interfaces__rosidl_typesupport_c.so[0m
[7.341s] [ 54%] [32mBuilding CXX object CMakeFiles/dynamixel_sdk_custom_interfaces__rosidl_typesupport_introspection_cpp.dir/rosidl_typesupport_introspection_cpp/dynamixel_sdk_custom_interfaces/msg/detail/decision__type_support.cpp.o[0m
[7.492s] [ 56%] [32m[1mLinking C shared library libdynamixel_sdk_custom_interfaces__rosidl_typesupport_introspection_c.so[0m
[7.503s] [ 56%] Built target dynamixel_sdk_custom_interfaces__rosidl_typesupport_c
[7.566s] [ 57%] [32mBuilding CXX object CMakeFiles/dynamixel_sdk_custom_interfaces__rosidl_typesupport_fastrtps_cpp.dir/rosidl_typesupport_fastrtps_cpp/dynamixel_sdk_custom_interfaces/msg/detail/dds_fastrtps/walk__type_support.cpp.o[0m
[7.598s] [ 59%] [32mBuilding CXX object CMakeFiles/dynamixel_sdk_custom_interfaces__rosidl_typesupport_fastrtps_cpp.dir/rosidl_typesupport_fastrtps_cpp/dynamixel_sdk_custom_interfaces/msg/detail/dds_fastrtps/param_walk__type_support.cpp.o[0m
[7.668s] [ 60%] [32mBuilding CXX object CMakeFiles/dynamixel_sdk_custom_interfaces__rosidl_typesupport_fastrtps_cpp.dir/rosidl_typesupport_fastrtps_cpp/dynamixel_sdk_custom_interfaces/srv/detail/dds_fastrtps/get_position__type_support.cpp.o[0m
[7.685s] [ 60%] Built target dynamixel_sdk_custom_interfaces__rosidl_typesupport_introspection_c
[7.705s] [ 61%] [32mBuilding CXX object CMakeFiles/dynamixel_sdk_custom_interfaces__rosidl_typesupport_introspection_cpp.dir/rosidl_typesupport_introspection_cpp/dynamixel_sdk_custom_interfaces/msg/detail/walk__type_support.cpp.o[0m
[7.756s] [ 63%] [32m[1mLinking CXX shared library libdynamixel_sdk_custom_interfaces__rosidl_typesupport_cpp.so[0m
[7.851s] [ 64%] [32mBuilding CXX object CMakeFiles/dynamixel_sdk_custom_interfaces__rosidl_typesupport_introspection_cpp.dir/rosidl_typesupport_introspection_cpp/dynamixel_sdk_custom_interfaces/msg/detail/param_walk__type_support.cpp.o[0m
[7.904s] [ 66%] [32mBuilding CXX object CMakeFiles/dynamixel_sdk_custom_interfaces__rosidl_typesupport_introspection_cpp.dir/rosidl_typesupport_introspection_cpp/dynamixel_sdk_custom_interfaces/srv/detail/get_position__type_support.cpp.o[0m
[7.904s] [ 66%] Built target dynamixel_sdk_custom_interfaces__rosidl_typesupport_cpp
[8.489s] [ 67%] [32m[1mLinking CXX shared library libdynamixel_sdk_custom_interfaces__rosidl_typesupport_introspection_cpp.so[0m
[8.580s] [ 69%] [32m[1mLinking CXX shared library libdynamixel_sdk_custom_interfaces__rosidl_typesupport_fastrtps_cpp.so[0m
[8.634s] [ 69%] Built target dynamixel_sdk_custom_interfaces__rosidl_typesupport_introspection_cpp
[8.682s] [ 69%] Built target dynamixel_sdk_custom_interfaces__rosidl_typesupport_fastrtps_cpp
[8.691s] [ 70%] [34m[1mGenerating C type support for eProsima Fast-RTPS[0m
[9.693s] [35m[1mScanning dependencies of target dynamixel_sdk_custom_interfaces__rosidl_typesupport_fastrtps_c[0m
[9.777s] [ 71%] [32mBuilding CXX object CMakeFiles/dynamixel_sdk_custom_interfaces__rosidl_typesupport_fastrtps_c.dir/rosidl_typesupport_fastrtps_c/dynamixel_sdk_custom_interfaces/msg/detail/set_position__type_support_c.cpp.o[0m
[9.803s] [ 73%] [32mBuilding CXX object CMakeFiles/dynamixel_sdk_custom_interfaces__rosidl_typesupport_fastrtps_c.dir/rosidl_typesupport_fastrtps_c/dynamixel_sdk_custom_interfaces/msg/detail/set_position_original__type_support_c.cpp.o[0m
[9.818s] [ 74%] [32mBuilding CXX object CMakeFiles/dynamixel_sdk_custom_interfaces__rosidl_typesupport_fastrtps_c.dir/rosidl_typesupport_fastrtps_c/dynamixel_sdk_custom_interfaces/msg/detail/decision__type_support_c.cpp.o[0m
[9.840s] [ 76%] [32mBuilding CXX object CMakeFiles/dynamixel_sdk_custom_interfaces__rosidl_typesupport_fastrtps_c.dir/rosidl_typesupport_fastrtps_c/dynamixel_sdk_custom_interfaces/msg/detail/walk__type_support_c.cpp.o[0m
[9.856s] [ 78%] [32mBuilding CXX object CMakeFiles/dynamixel_sdk_custom_interfaces__rosidl_typesupport_fastrtps_c.dir/rosidl_typesupport_fastrtps_c/dynamixel_sdk_custom_interfaces/msg/detail/param_walk__type_support_c.cpp.o[0m
[9.868s] [ 78%] [32mBuilding CXX object CMakeFiles/dynamixel_sdk_custom_interfaces__rosidl_typesupport_fastrtps_c.dir/rosidl_typesupport_fastrtps_c/dynamixel_sdk_custom_interfaces/srv/detail/get_position__type_support_c.cpp.o[0m
[10.864s] [ 80%] [32m[1mLinking CXX shared library libdynamixel_sdk_custom_interfaces__rosidl_typesupport_fastrtps_c.so[0m
[11.006s] [ 80%] Built target dynamixel_sdk_custom_interfaces__rosidl_typesupport_fastrtps_c
[11.019s] [35m[1mScanning dependencies of target dynamixel_sdk_custom_interfaces[0m
[11.033s] [ 80%] Built target dynamixel_sdk_custom_interfaces
[11.047s] [35m[1mScanning dependencies of target dynamixel_sdk_custom_interfaces__py[0m
[11.062s] [ 81%] [34m[1mGenerating Python code for ROS interfaces[0m
[12.588s] [ 81%] Built target dynamixel_sdk_custom_interfaces__py
[12.605s] [35m[1mScanning dependencies of target dynamixel_sdk_custom_interfaces__python[0m
[12.661s] [ 83%] [32mBuilding C object CMakeFiles/dynamixel_sdk_custom_interfaces__python.dir/rosidl_generator_py/dynamixel_sdk_custom_interfaces/msg/_set_position_s.c.o[0m
[12.661s] [ 84%] [32mBuilding C object CMakeFiles/dynamixel_sdk_custom_interfaces__python.dir/rosidl_generator_py/dynamixel_sdk_custom_interfaces/msg/_decision_s.c.o[0m
[12.666s] [ 85%] [32mBuilding C object CMakeFiles/dynamixel_sdk_custom_interfaces__python.dir/rosidl_generator_py/dynamixel_sdk_custom_interfaces/msg/_param_walk_s.c.o[0m
[12.666s] [ 87%] [32mBuilding C object CMakeFiles/dynamixel_sdk_custom_interfaces__python.dir/rosidl_generator_py/dynamixel_sdk_custom_interfaces/msg/_set_position_original_s.c.o[0m
[12.672s] [ 88%] [32mBuilding C object CMakeFiles/dynamixel_sdk_custom_interfaces__python.dir/rosidl_generator_py/dynamixel_sdk_custom_interfaces/msg/_walk_s.c.o[0m
[12.685s] [ 90%] [32mBuilding C object CMakeFiles/dynamixel_sdk_custom_interfaces__python.dir/rosidl_generator_py/dynamixel_sdk_custom_interfaces/srv/_get_position_s.c.o[0m
[12.918s] [ 91%] [32m[1mLinking C shared library rosidl_generator_py/dynamixel_sdk_custom_interfaces/libdynamixel_sdk_custom_interfaces__python.so[0m
[13.006s] [ 91%] Built target dynamixel_sdk_custom_interfaces__python
[13.021s] [35m[1mScanning dependencies of target dynamixel_sdk_custom_interfaces__rosidl_typesupport_fastrtps_c__pyext[0m
[13.021s] [35m[1mScanning dependencies of target dynamixel_sdk_custom_interfaces__rosidl_typesupport_introspection_c__pyext[0m
[13.022s] [35m[1mScanning dependencies of target dynamixel_sdk_custom_interfaces__rosidl_typesupport_c__pyext[0m
[13.055s] [ 92%] [32mBuilding C object CMakeFiles/dynamixel_sdk_custom_interfaces__rosidl_typesupport_c__pyext.dir/rosidl_generator_py/dynamixel_sdk_custom_interfaces/_dynamixel_sdk_custom_interfaces_s.ep.rosidl_typesupport_c.c.o[0m
[13.055s] [ 94%] [32mBuilding C object CMakeFiles/dynamixel_sdk_custom_interfaces__rosidl_typesupport_introspection_c__pyext.dir/rosidl_generator_py/dynamixel_sdk_custom_interfaces/_dynamixel_sdk_custom_interfaces_s.ep.rosidl_typesupport_introspection_c.c.o[0m
[13.062s] [ 95%] [32mBuilding C object CMakeFiles/dynamixel_sdk_custom_interfaces__rosidl_typesupport_fastrtps_c__pyext.dir/rosidl_generator_py/dynamixel_sdk_custom_interfaces/_dynamixel_sdk_custom_interfaces_s.ep.rosidl_typesupport_fastrtps_c.c.o[0m
[13.220s] [ 98%] [32m[1mLinking C shared library rosidl_generator_py/dynamixel_sdk_custom_interfaces/dynamixel_sdk_custom_interfaces_s__rosidl_typesupport_c.cpython-38-x86_64-linux-gnu.so[0m
[13.220s] [ 98%] [32m[1mLinking C shared library rosidl_generator_py/dynamixel_sdk_custom_interfaces/dynamixel_sdk_custom_interfaces_s__rosidl_typesupport_introspection_c.cpython-38-x86_64-linux-gnu.so[0m
[13.228s] [100%] [32m[1mLinking CXX shared library rosidl_generator_py/dynamixel_sdk_custom_interfaces/dynamixel_sdk_custom_interfaces_s__rosidl_typesupport_fastrtps_c.cpython-38-x86_64-linux-gnu.so[0m
[13.277s] [100%] Built target dynamixel_sdk_custom_interfaces__rosidl_typesupport_introspection_c__pyext
[13.284s] [100%] Built target dynamixel_sdk_custom_interfaces__rosidl_typesupport_c__pyext
[13.324s] [100%] Built target dynamixel_sdk_custom_interfaces__rosidl_typesupport_fastrtps_c__pyext
[13.340s] Invoked command in '/home/robofei/ROS2/build/dynamixel_sdk_custom_interfaces' returned '0': CMAKE_PREFIX_PATH=/opt/ros/foxy /usr/bin/cmake --build /home/robofei/ROS2/build/dynamixel_sdk_custom_interfaces -- -j8 -l8
[13.517s] Invoking command in '/home/robofei/ROS2/build/dynamixel_sdk_custom_interfaces': CMAKE_PREFIX_PATH=/opt/ros/foxy /usr/bin/cmake --install /home/robofei/ROS2/build/dynamixel_sdk_custom_interfaces
[13.531s] -- Install configuration: ""
[13.532s] -- Execute custom install script
[13.532s] -- Symlinking: /home/robofei/ROS2/install/dynamixel_sdk_custom_interfaces/share/ament_index/resource_index/rosidl_interfaces/dynamixel_sdk_custom_interfaces
[13.549s] -- Symlinking: /home/robofei/ROS2/install/dynamixel_sdk_custom_interfaces/include/dynamixel_sdk_custom_interfaces/msg/decision.h
[13.563s] -- Symlinking: /home/robofei/ROS2/install/dynamixel_sdk_custom_interfaces/include/dynamixel_sdk_custom_interfaces/msg/detail/decision__functions.h
[13.579s] -- Symlinking: /home/robofei/ROS2/install/dynamixel_sdk_custom_interfaces/include/dynamixel_sdk_custom_interfaces/msg/detail/decision__struct.h
[13.589s] -- Symlinking: /home/robofei/ROS2/install/dynamixel_sdk_custom_interfaces/include/dynamixel_sdk_custom_interfaces/msg/detail/decision__type_support.h
[13.603s] -- Symlinking: /home/robofei/ROS2/install/dynamixel_sdk_custom_interfaces/include/dynamixel_sdk_custom_interfaces/msg/detail/param_walk__functions.h
[13.614s] -- Symlinking: /home/robofei/ROS2/install/dynamixel_sdk_custom_interfaces/include/dynamixel_sdk_custom_interfaces/msg/detail/param_walk__struct.h
[13.624s] -- Symlinking: /home/robofei/ROS2/install/dynamixel_sdk_custom_interfaces/include/dynamixel_sdk_custom_interfaces/msg/detail/param_walk__type_support.h
[13.633s] -- Symlinking: /home/robofei/ROS2/install/dynamixel_sdk_custom_interfaces/include/dynamixel_sdk_custom_interfaces/msg/detail/set_position__functions.h
[13.646s] -- Symlinking: /home/robofei/ROS2/install/dynamixel_sdk_custom_interfaces/include/dynamixel_sdk_custom_interfaces/msg/detail/set_position__struct.h
[13.658s] -- Symlinking: /home/robofei/ROS2/install/dynamixel_sdk_custom_interfaces/include/dynamixel_sdk_custom_interfaces/msg/detail/set_position__type_support.h
[13.667s] -- Symlinking: /home/robofei/ROS2/install/dynamixel_sdk_custom_interfaces/include/dynamixel_sdk_custom_interfaces/msg/detail/set_position_original__functions.h
[13.677s] -- Symlinking: /home/robofei/ROS2/install/dynamixel_sdk_custom_interfaces/include/dynamixel_sdk_custom_interfaces/msg/detail/set_position_original__struct.h
[13.685s] -- Symlinking: /home/robofei/ROS2/install/dynamixel_sdk_custom_interfaces/include/dynamixel_sdk_custom_interfaces/msg/detail/set_position_original__type_support.h
[13.692s] -- Symlinking: /home/robofei/ROS2/install/dynamixel_sdk_custom_interfaces/include/dynamixel_sdk_custom_interfaces/msg/detail/walk__functions.h
[13.700s] -- Symlinking: /home/robofei/ROS2/install/dynamixel_sdk_custom_interfaces/include/dynamixel_sdk_custom_interfaces/msg/detail/walk__struct.h
[13.712s] -- Symlinking: /home/robofei/ROS2/install/dynamixel_sdk_custom_interfaces/include/dynamixel_sdk_custom_interfaces/msg/detail/walk__type_support.h
[13.721s] -- Symlinking: /home/robofei/ROS2/install/dynamixel_sdk_custom_interfaces/include/dynamixel_sdk_custom_interfaces/msg/param_walk.h
[13.733s] -- Symlinking: /home/robofei/ROS2/install/dynamixel_sdk_custom_interfaces/include/dynamixel_sdk_custom_interfaces/msg/rosidl_generator_c__visibility_control.h
[13.741s] -- Symlinking: /home/robofei/ROS2/install/dynamixel_sdk_custom_interfaces/include/dynamixel_sdk_custom_interfaces/msg/set_position.h
[13.749s] -- Symlinking: /home/robofei/ROS2/install/dynamixel_sdk_custom_interfaces/include/dynamixel_sdk_custom_interfaces/msg/set_position_original.h
[13.758s] -- Symlinking: /home/robofei/ROS2/install/dynamixel_sdk_custom_interfaces/include/dynamixel_sdk_custom_interfaces/msg/walk.h
[13.766s] -- Symlinking: /home/robofei/ROS2/install/dynamixel_sdk_custom_interfaces/include/dynamixel_sdk_custom_interfaces/srv/detail/get_position__functions.h
[13.774s] -- Symlinking: /home/robofei/ROS2/install/dynamixel_sdk_custom_interfaces/include/dynamixel_sdk_custom_interfaces/srv/detail/get_position__struct.h
[13.783s] -- Symlinking: /home/robofei/ROS2/install/dynamixel_sdk_custom_interfaces/include/dynamixel_sdk_custom_interfaces/srv/detail/get_position__type_support.h
[13.791s] -- Symlinking: /home/robofei/ROS2/install/dynamixel_sdk_custom_interfaces/include/dynamixel_sdk_custom_interfaces/srv/get_position.h
[13.799s] -- Symlinking: /home/robofei/ROS2/install/dynamixel_sdk_custom_interfaces/share/dynamixel_sdk_custom_interfaces/environment/library_path.sh
[13.808s] -- Symlinking: /home/robofei/ROS2/install/dynamixel_sdk_custom_interfaces/share/dynamixel_sdk_custom_interfaces/environment/library_path.dsv
[13.816s] -- Symlinking: /home/robofei/ROS2/install/dynamixel_sdk_custom_interfaces/include/dynamixel_sdk_custom_interfaces/msg/detail/decision__rosidl_typesupport_fastrtps_c.h
[13.824s] -- Symlinking: /home/robofei/ROS2/install/dynamixel_sdk_custom_interfaces/include/dynamixel_sdk_custom_interfaces/msg/detail/param_walk__rosidl_typesupport_fastrtps_c.h
[13.832s] -- Symlinking: /home/robofei/ROS2/install/dynamixel_sdk_custom_interfaces/include/dynamixel_sdk_custom_interfaces/msg/detail/set_position__rosidl_typesupport_fastrtps_c.h
[13.840s] -- Symlinking: /home/robofei/ROS2/install/dynamixel_sdk_custom_interfaces/include/dynamixel_sdk_custom_interfaces/msg/detail/set_position_original__rosidl_typesupport_fastrtps_c.h
[13.848s] -- Symlinking: /home/robofei/ROS2/install/dynamixel_sdk_custom_interfaces/include/dynamixel_sdk_custom_interfaces/msg/detail/walk__rosidl_typesupport_fastrtps_c.h
[13.857s] -- Symlinking: /home/robofei/ROS2/install/dynamixel_sdk_custom_interfaces/include/dynamixel_sdk_custom_interfaces/msg/rosidl_typesupport_fastrtps_c__visibility_control.h
[13.865s] -- Symlinking: /home/robofei/ROS2/install/dynamixel_sdk_custom_interfaces/include/dynamixel_sdk_custom_interfaces/srv/detail/get_position__rosidl_typesupport_fastrtps_c.h
[13.874s] -- Symlinking: /home/robofei/ROS2/install/dynamixel_sdk_custom_interfaces/lib/libdynamixel_sdk_custom_interfaces__rosidl_typesupport_fastrtps_c.so
[13.883s] -- Symlinking: /home/robofei/ROS2/install/dynamixel_sdk_custom_interfaces/include/dynamixel_sdk_custom_interfaces/msg/detail/decision__rosidl_typesupport_fastrtps_cpp.hpp
[13.892s] -- Symlinking: /home/robofei/ROS2/install/dynamixel_sdk_custom_interfaces/include/dynamixel_sdk_custom_interfaces/msg/detail/param_walk__rosidl_typesupport_fastrtps_cpp.hpp
[13.903s] -- Symlinking: /home/robofei/ROS2/install/dynamixel_sdk_custom_interfaces/include/dynamixel_sdk_custom_interfaces/msg/detail/set_position__rosidl_typesupport_fastrtps_cpp.hpp
[13.909s] -- Symlinking: /home/robofei/ROS2/install/dynamixel_sdk_custom_interfaces/include/dynamixel_sdk_custom_interfaces/msg/detail/set_position_original__rosidl_typesupport_fastrtps_cpp.hpp
[13.918s] -- Symlinking: /home/robofei/ROS2/install/dynamixel_sdk_custom_interfaces/include/dynamixel_sdk_custom_interfaces/msg/detail/walk__rosidl_typesupport_fastrtps_cpp.hpp
[13.925s] -- Symlinking: /home/robofei/ROS2/install/dynamixel_sdk_custom_interfaces/include/dynamixel_sdk_custom_interfaces/msg/rosidl_typesupport_fastrtps_cpp__visibility_control.h
[13.933s] -- Symlinking: /home/robofei/ROS2/install/dynamixel_sdk_custom_interfaces/include/dynamixel_sdk_custom_interfaces/srv/detail/get_position__rosidl_typesupport_fastrtps_cpp.hpp
[13.942s] -- Symlinking: /home/robofei/ROS2/install/dynamixel_sdk_custom_interfaces/lib/libdynamixel_sdk_custom_interfaces__rosidl_typesupport_fastrtps_cpp.so
[13.951s] -- Symlinking: /home/robofei/ROS2/install/dynamixel_sdk_custom_interfaces/include/dynamixel_sdk_custom_interfaces/msg/detail/decision__rosidl_typesupport_introspection_c.h
[13.960s] -- Symlinking: /home/robofei/ROS2/install/dynamixel_sdk_custom_interfaces/include/dynamixel_sdk_custom_interfaces/msg/detail/param_walk__rosidl_typesupport_introspection_c.h
[13.968s] -- Symlinking: /home/robofei/ROS2/install/dynamixel_sdk_custom_interfaces/include/dynamixel_sdk_custom_interfaces/msg/detail/set_position__rosidl_typesupport_introspection_c.h
[13.977s] -- Symlinking: /home/robofei/ROS2/install/dynamixel_sdk_custom_interfaces/include/dynamixel_sdk_custom_interfaces/msg/detail/set_position_original__rosidl_typesupport_introspection_c.h
[13.985s] -- Symlinking: /home/robofei/ROS2/install/dynamixel_sdk_custom_interfaces/include/dynamixel_sdk_custom_interfaces/msg/detail/walk__rosidl_typesupport_introspection_c.h
[13.993s] -- Symlinking: /home/robofei/ROS2/install/dynamixel_sdk_custom_interfaces/include/dynamixel_sdk_custom_interfaces/msg/rosidl_typesupport_introspection_c__visibility_control.h
[14.004s] -- Symlinking: /home/robofei/ROS2/install/dynamixel_sdk_custom_interfaces/include/dynamixel_sdk_custom_interfaces/srv/detail/get_position__rosidl_typesupport_introspection_c.h
[14.012s] -- Symlinking: /home/robofei/ROS2/install/dynamixel_sdk_custom_interfaces/include/dynamixel_sdk_custom_interfaces/msg/decision.hpp
[14.020s] -- Symlinking: /home/robofei/ROS2/install/dynamixel_sdk_custom_interfaces/include/dynamixel_sdk_custom_interfaces/msg/detail/decision__builder.hpp
[14.029s] -- Symlinking: /home/robofei/ROS2/install/dynamixel_sdk_custom_interfaces/include/dynamixel_sdk_custom_interfaces/msg/detail/decision__struct.hpp
[14.038s] -- Symlinking: /home/robofei/ROS2/install/dynamixel_sdk_custom_interfaces/include/dynamixel_sdk_custom_interfaces/msg/detail/decision__traits.hpp
[14.046s] -- Symlinking: /home/robofei/ROS2/install/dynamixel_sdk_custom_interfaces/include/dynamixel_sdk_custom_interfaces/msg/detail/param_walk__builder.hpp
[14.055s] -- Symlinking: /home/robofei/ROS2/install/dynamixel_sdk_custom_interfaces/include/dynamixel_sdk_custom_interfaces/msg/detail/param_walk__struct.hpp
[14.063s] -- Symlinking: /home/robofei/ROS2/install/dynamixel_sdk_custom_interfaces/include/dynamixel_sdk_custom_interfaces/msg/detail/param_walk__traits.hpp
[14.072s] -- Symlinking: /home/robofei/ROS2/install/dynamixel_sdk_custom_interfaces/include/dynamixel_sdk_custom_interfaces/msg/detail/set_position__builder.hpp
[14.080s] -- Symlinking: /home/robofei/ROS2/install/dynamixel_sdk_custom_interfaces/include/dynamixel_sdk_custom_interfaces/msg/detail/set_position__struct.hpp
[14.089s] -- Symlinking: /home/robofei/ROS2/install/dynamixel_sdk_custom_interfaces/include/dynamixel_sdk_custom_interfaces/msg/detail/set_position__traits.hpp
[14.097s] -- Symlinking: /home/robofei/ROS2/install/dynamixel_sdk_custom_interfaces/include/dynamixel_sdk_custom_interfaces/msg/detail/set_position_original__builder.hpp
[14.105s] -- Symlinking: /home/robofei/ROS2/install/dynamixel_sdk_custom_interfaces/include/dynamixel_sdk_custom_interfaces/msg/detail/set_position_original__struct.hpp
[14.113s] -- Symlinking: /home/robofei/ROS2/install/dynamixel_sdk_custom_interfaces/include/dynamixel_sdk_custom_interfaces/msg/detail/set_position_original__traits.hpp
[14.121s] -- Symlinking: /home/robofei/ROS2/install/dynamixel_sdk_custom_interfaces/include/dynamixel_sdk_custom_interfaces/msg/detail/walk__builder.hpp
[14.130s] -- Symlinking: /home/robofei/ROS2/install/dynamixel_sdk_custom_interfaces/include/dynamixel_sdk_custom_interfaces/msg/detail/walk__struct.hpp
[14.138s] -- Symlinking: /home/robofei/ROS2/install/dynamixel_sdk_custom_interfaces/include/dynamixel_sdk_custom_interfaces/msg/detail/walk__traits.hpp
[14.146s] -- Symlinking: /home/robofei/ROS2/install/dynamixel_sdk_custom_interfaces/include/dynamixel_sdk_custom_interfaces/msg/param_walk.hpp
[14.154s] -- Symlinking: /home/robofei/ROS2/install/dynamixel_sdk_custom_interfaces/include/dynamixel_sdk_custom_interfaces/msg/set_position.hpp
[14.162s] -- Symlinking: /home/robofei/ROS2/install/dynamixel_sdk_custom_interfaces/include/dynamixel_sdk_custom_interfaces/msg/set_position_original.hpp
[14.170s] -- Symlinking: /home/robofei/ROS2/install/dynamixel_sdk_custom_interfaces/include/dynamixel_sdk_custom_interfaces/msg/walk.hpp
[14.179s] -- Symlinking: /home/robofei/ROS2/install/dynamixel_sdk_custom_interfaces/include/dynamixel_sdk_custom_interfaces/srv/detail/get_position__builder.hpp
[14.187s] -- Symlinking: /home/robofei/ROS2/install/dynamixel_sdk_custom_interfaces/include/dynamixel_sdk_custom_interfaces/srv/detail/get_position__struct.hpp
[14.196s] -- Symlinking: /home/robofei/ROS2/install/dynamixel_sdk_custom_interfaces/include/dynamixel_sdk_custom_interfaces/srv/detail/get_position__traits.hpp
[14.204s] -- Symlinking: /home/robofei/ROS2/install/dynamixel_sdk_custom_interfaces/include/dynamixel_sdk_custom_interfaces/srv/get_position.hpp
[14.215s] -- Symlinking: /home/robofei/ROS2/install/dynamixel_sdk_custom_interfaces/include/dynamixel_sdk_custom_interfaces/msg/detail/decision__rosidl_typesupport_introspection_cpp.hpp
[14.222s] -- Symlinking: /home/robofei/ROS2/install/dynamixel_sdk_custom_interfaces/include/dynamixel_sdk_custom_interfaces/msg/detail/param_walk__rosidl_typesupport_introspection_cpp.hpp
[14.230s] -- Symlinking: /home/robofei/ROS2/install/dynamixel_sdk_custom_interfaces/include/dynamixel_sdk_custom_interfaces/msg/detail/set_position__rosidl_typesupport_introspection_cpp.hpp
[14.239s] -- Symlinking: /home/robofei/ROS2/install/dynamixel_sdk_custom_interfaces/include/dynamixel_sdk_custom_interfaces/msg/detail/set_position_original__rosidl_typesupport_introspection_cpp.hpp
[14.247s] -- Symlinking: /home/robofei/ROS2/install/dynamixel_sdk_custom_interfaces/include/dynamixel_sdk_custom_interfaces/msg/detail/walk__rosidl_typesupport_introspection_cpp.hpp
[14.255s] -- Symlinking: /home/robofei/ROS2/install/dynamixel_sdk_custom_interfaces/include/dynamixel_sdk_custom_interfaces/srv/detail/get_position__rosidl_typesupport_introspection_cpp.hpp
[14.265s] -- Symlinking: /home/robofei/ROS2/install/dynamixel_sdk_custom_interfaces/share/dynamixel_sdk_custom_interfaces/environment/pythonpath.sh
[14.273s] -- Symlinking: /home/robofei/ROS2/install/dynamixel_sdk_custom_interfaces/share/dynamixel_sdk_custom_interfaces/environment/pythonpath.dsv
[14.282s] -- Symlinking: /home/robofei/ROS2/install/dynamixel_sdk_custom_interfaces/lib/python3.8/site-packages/dynamixel_sdk_custom_interfaces/__init__.py
[14.291s] -- Symlinking: /home/robofei/ROS2/install/dynamixel_sdk_custom_interfaces/lib/python3.8/site-packages/dynamixel_sdk_custom_interfaces/msg/__init__.py
[14.300s] -- Symlinking: /home/robofei/ROS2/install/dynamixel_sdk_custom_interfaces/lib/python3.8/site-packages/dynamixel_sdk_custom_interfaces/msg/_decision.py
[14.308s] -- Symlinking: /home/robofei/ROS2/install/dynamixel_sdk_custom_interfaces/lib/python3.8/site-packages/dynamixel_sdk_custom_interfaces/msg/_param_walk.py
[14.316s] -- Symlinking: /home/robofei/ROS2/install/dynamixel_sdk_custom_interfaces/lib/python3.8/site-packages/dynamixel_sdk_custom_interfaces/msg/_set_position.py
[14.325s] -- Symlinking: /home/robofei/ROS2/install/dynamixel_sdk_custom_interfaces/lib/python3.8/site-packages/dynamixel_sdk_custom_interfaces/msg/_set_position_original.py
[14.333s] -- Symlinking: /home/robofei/ROS2/install/dynamixel_sdk_custom_interfaces/lib/python3.8/site-packages/dynamixel_sdk_custom_interfaces/msg/_walk.py
[14.342s] -- Symlinking: /home/robofei/ROS2/install/dynamixel_sdk_custom_interfaces/lib/python3.8/site-packages/dynamixel_sdk_custom_interfaces/srv/__init__.py
[14.350s] -- Symlinking: /home/robofei/ROS2/install/dynamixel_sdk_custom_interfaces/lib/python3.8/site-packages/dynamixel_sdk_custom_interfaces/srv/_get_position.py
[14.359s] -- Symlinking: /home/robofei/ROS2/install/dynamixel_sdk_custom_interfaces/lib/python3.8/site-packages/dynamixel_sdk_custom_interfaces/dynamixel_sdk_custom_interfaces_s__rosidl_typesupport_fastrtps_c.cpython-38-x86_64-linux-gnu.so
[14.367s] -- Symlinking: /home/robofei/ROS2/install/dynamixel_sdk_custom_interfaces/lib/python3.8/site-packages/dynamixel_sdk_custom_interfaces/dynamixel_sdk_custom_interfaces_s__rosidl_typesupport_introspection_c.cpython-38-x86_64-linux-gnu.so
[14.376s] -- Symlinking: /home/robofei/ROS2/install/dynamixel_sdk_custom_interfaces/lib/python3.8/site-packages/dynamixel_sdk_custom_interfaces/dynamixel_sdk_custom_interfaces_s__rosidl_typesupport_c.cpython-38-x86_64-linux-gnu.so
[14.386s] -- Symlinking: /home/robofei/ROS2/install/dynamixel_sdk_custom_interfaces/lib/libdynamixel_sdk_custom_interfaces__python.so
[14.394s] -- Symlinking: /home/robofei/ROS2/install/dynamixel_sdk_custom_interfaces/share/dynamixel_sdk_custom_interfaces/msg/SetPosition.idl
[14.403s] -- Symlinking: /home/robofei/ROS2/install/dynamixel_sdk_custom_interfaces/share/dynamixel_sdk_custom_interfaces/msg/SetPositionOriginal.idl
[14.412s] -- Symlinking: /home/robofei/ROS2/install/dynamixel_sdk_custom_interfaces/share/dynamixel_sdk_custom_interfaces/msg/Decision.idl
[14.421s] -- Symlinking: /home/robofei/ROS2/install/dynamixel_sdk_custom_interfaces/share/dynamixel_sdk_custom_interfaces/msg/Walk.idl
[14.429s] -- Symlinking: /home/robofei/ROS2/install/dynamixel_sdk_custom_interfaces/share/dynamixel_sdk_custom_interfaces/msg/ParamWalk.idl
[14.438s] -- Symlinking: /home/robofei/ROS2/install/dynamixel_sdk_custom_interfaces/share/dynamixel_sdk_custom_interfaces/srv/GetPosition.idl
[14.447s] -- Symlinking: /home/robofei/ROS2/install/dynamixel_sdk_custom_interfaces/share/dynamixel_sdk_custom_interfaces/msg/SetPosition.msg
[14.456s] -- Symlinking: /home/robofei/ROS2/install/dynamixel_sdk_custom_interfaces/share/dynamixel_sdk_custom_interfaces/msg/SetPositionOriginal.msg
[14.464s] -- Symlinking: /home/robofei/ROS2/install/dynamixel_sdk_custom_interfaces/share/dynamixel_sdk_custom_interfaces/msg/Decision.msg
[14.473s] -- Symlinking: /home/robofei/ROS2/install/dynamixel_sdk_custom_interfaces/share/dynamixel_sdk_custom_interfaces/msg/Walk.msg
[14.482s] -- Symlinking: /home/robofei/ROS2/install/dynamixel_sdk_custom_interfaces/share/dynamixel_sdk_custom_interfaces/msg/ParamWalk.msg
[14.490s] -- Symlinking: /home/robofei/ROS2/install/dynamixel_sdk_custom_interfaces/share/dynamixel_sdk_custom_interfaces/srv/GetPosition.srv
[14.499s] -- Symlinking: /home/robofei/ROS2/install/dynamixel_sdk_custom_interfaces/share/dynamixel_sdk_custom_interfaces/srv/GetPosition_Request.msg
[14.508s] -- Symlinking: /home/robofei/ROS2/install/dynamixel_sdk_custom_interfaces/share/dynamixel_sdk_custom_interfaces/srv/GetPosition_Response.msg
[14.517s] -- Symlinking: /home/robofei/ROS2/install/dynamixel_sdk_custom_interfaces/share/ament_index/resource_index/package_run_dependencies/dynamixel_sdk_custom_interfaces
[14.526s] -- Symlinking: /home/robofei/ROS2/install/dynamixel_sdk_custom_interfaces/share/ament_index/resource_index/parent_prefix_path/dynamixel_sdk_custom_interfaces
[14.534s] -- Symlinking: /home/robofei/ROS2/install/dynamixel_sdk_custom_interfaces/share/dynamixel_sdk_custom_interfaces/environment/ament_prefix_path.sh
[14.542s] -- Symlinking: /home/robofei/ROS2/install/dynamixel_sdk_custom_interfaces/share/dynamixel_sdk_custom_interfaces/environment/ament_prefix_path.dsv
[14.551s] -- Symlinking: /home/robofei/ROS2/install/dynamixel_sdk_custom_interfaces/share/dynamixel_sdk_custom_interfaces/environment/path.sh
[14.559s] -- Symlinking: /home/robofei/ROS2/install/dynamixel_sdk_custom_interfaces/share/dynamixel_sdk_custom_interfaces/environment/path.dsv
[14.568s] -- Symlinking: /home/robofei/ROS2/install/dynamixel_sdk_custom_interfaces/share/dynamixel_sdk_custom_interfaces/local_setup.bash
[14.579s] -- Symlinking: /home/robofei/ROS2/install/dynamixel_sdk_custom_interfaces/share/dynamixel_sdk_custom_interfaces/local_setup.sh
[14.625s] -- Symlinking: /home/robofei/ROS2/install/dynamixel_sdk_custom_interfaces/share/dynamixel_sdk_custom_interfaces/local_setup.zsh
[14.636s] -- Symlinking: /home/robofei/ROS2/install/dynamixel_sdk_custom_interfaces/share/dynamixel_sdk_custom_interfaces/local_setup.dsv
[14.645s] -- Symlinking: /home/robofei/ROS2/install/dynamixel_sdk_custom_interfaces/share/dynamixel_sdk_custom_interfaces/package.dsv
[14.653s] -- Symlinking: /home/robofei/ROS2/install/dynamixel_sdk_custom_interfaces/share/ament_index/resource_index/packages/dynamixel_sdk_custom_interfaces
[14.662s] -- Symlinking: /home/robofei/ROS2/install/dynamixel_sdk_custom_interfaces/share/dynamixel_sdk_custom_interfaces/cmake/rosidl_cmake-extras.cmake
[14.670s] -- Symlinking: /home/robofei/ROS2/install/dynamixel_sdk_custom_interfaces/share/dynamixel_sdk_custom_interfaces/cmake/ament_cmake_export_dependencies-extras.cmake
[14.679s] -- Symlinking: /home/robofei/ROS2/install/dynamixel_sdk_custom_interfaces/share/dynamixel_sdk_custom_interfaces/cmake/ament_cmake_export_libraries-extras.cmake
[14.687s] -- Symlinking: /home/robofei/ROS2/install/dynamixel_sdk_custom_interfaces/share/dynamixel_sdk_custom_interfaces/cmake/ament_cmake_export_targets-extras.cmake
[14.696s] -- Symlinking: /home/robofei/ROS2/install/dynamixel_sdk_custom_interfaces/share/dynamixel_sdk_custom_interfaces/cmake/ament_cmake_export_include_directories-extras.cmake
[14.704s] -- Symlinking: /home/robofei/ROS2/install/dynamixel_sdk_custom_interfaces/share/dynamixel_sdk_custom_interfaces/cmake/rosidl_cmake_export_typesupport_libraries-extras.cmake
[14.713s] -- Symlinking: /home/robofei/ROS2/install/dynamixel_sdk_custom_interfaces/share/dynamixel_sdk_custom_interfaces/cmake/rosidl_cmake_export_typesupport_targets-extras.cmake
[14.721s] -- Symlinking: /home/robofei/ROS2/install/dynamixel_sdk_custom_interfaces/share/dynamixel_sdk_custom_interfaces/cmake/dynamixel_sdk_custom_interfacesConfig.cmake
[14.729s] -- Symlinking: /home/robofei/ROS2/install/dynamixel_sdk_custom_interfaces/share/dynamixel_sdk_custom_interfaces/cmake/dynamixel_sdk_custom_interfacesConfig-version.cmake
[14.738s] -- Symlinking: /home/robofei/ROS2/install/dynamixel_sdk_custom_interfaces/share/dynamixel_sdk_custom_interfaces/package.xml
[14.746s] -- Installing: /home/robofei/ROS2/install/dynamixel_sdk_custom_interfaces/lib/libdynamixel_sdk_custom_interfaces__rosidl_generator_c.so
[14.746s] -- Set runtime path of "/home/robofei/ROS2/install/dynamixel_sdk_custom_interfaces/lib/libdynamixel_sdk_custom_interfaces__rosidl_generator_c.so" to ""
[14.746s] -- Installing: /home/robofei/ROS2/install/dynamixel_sdk_custom_interfaces/lib/libdynamixel_sdk_custom_interfaces__rosidl_typesupport_introspection_c.so
[14.747s] -- Set runtime path of "/home/robofei/ROS2/install/dynamixel_sdk_custom_interfaces/lib/libdynamixel_sdk_custom_interfaces__rosidl_typesupport_introspection_c.so" to ""
[14.747s] -- Installing: /home/robofei/ROS2/install/dynamixel_sdk_custom_interfaces/lib/libdynamixel_sdk_custom_interfaces__rosidl_typesupport_c.so
[14.747s] -- Set runtime path of "/home/robofei/ROS2/install/dynamixel_sdk_custom_interfaces/lib/libdynamixel_sdk_custom_interfaces__rosidl_typesupport_c.so" to ""
[14.748s] -- Installing: /home/robofei/ROS2/install/dynamixel_sdk_custom_interfaces/lib/libdynamixel_sdk_custom_interfaces__rosidl_typesupport_introspection_cpp.so
[14.748s] -- Set runtime path of "/home/robofei/ROS2/install/dynamixel_sdk_custom_interfaces/lib/libdynamixel_sdk_custom_interfaces__rosidl_typesupport_introspection_cpp.so" to ""
[14.748s] -- Installing: /home/robofei/ROS2/install/dynamixel_sdk_custom_interfaces/lib/libdynamixel_sdk_custom_interfaces__rosidl_typesupport_cpp.so
[14.748s] -- Set runtime path of "/home/robofei/ROS2/install/dynamixel_sdk_custom_interfaces/lib/libdynamixel_sdk_custom_interfaces__rosidl_typesupport_cpp.so" to ""
[14.779s] Compiling '/home/robofei/ROS2/install/dynamixel_sdk_custom_interfaces/lib/python3.8/site-packages/dynamixel_sdk_custom_interfaces/__init__.py'...
[14.784s] -- Installing: /home/robofei/ROS2/install/dynamixel_sdk_custom_interfaces/share/dynamixel_sdk_custom_interfaces/cmake/dynamixel_sdk_custom_interfaces__rosidl_generator_cExport.cmake
[14.784s] -- Installing: /home/robofei/ROS2/install/dynamixel_sdk_custom_interfaces/share/dynamixel_sdk_custom_interfaces/cmake/dynamixel_sdk_custom_interfaces__rosidl_generator_cExport-noconfig.cmake
[14.784s] -- Installing: /home/robofei/ROS2/install/dynamixel_sdk_custom_interfaces/share/dynamixel_sdk_custom_interfaces/cmake/dynamixel_sdk_custom_interfaces__rosidl_typesupport_introspection_cExport.cmake
[14.784s] -- Installing: /home/robofei/ROS2/install/dynamixel_sdk_custom_interfaces/share/dynamixel_sdk_custom_interfaces/cmake/dynamixel_sdk_custom_interfaces__rosidl_typesupport_introspection_cExport-noconfig.cmake
[14.784s] -- Installing: /home/robofei/ROS2/install/dynamixel_sdk_custom_interfaces/share/dynamixel_sdk_custom_interfaces/cmake/dynamixel_sdk_custom_interfaces__rosidl_typesupport_cExport.cmake
[14.784s] -- Installing: /home/robofei/ROS2/install/dynamixel_sdk_custom_interfaces/share/dynamixel_sdk_custom_interfaces/cmake/dynamixel_sdk_custom_interfaces__rosidl_typesupport_cExport-noconfig.cmake
[14.785s] -- Installing: /home/robofei/ROS2/install/dynamixel_sdk_custom_interfaces/share/dynamixel_sdk_custom_interfaces/cmake/dynamixel_sdk_custom_interfaces__rosidl_generator_cppExport.cmake
[14.785s] -- Installing: /home/robofei/ROS2/install/dynamixel_sdk_custom_interfaces/share/dynamixel_sdk_custom_interfaces/cmake/dynamixel_sdk_custom_interfaces__rosidl_typesupport_introspection_cppExport.cmake
[14.785s] -- Installing: /home/robofei/ROS2/install/dynamixel_sdk_custom_interfaces/share/dynamixel_sdk_custom_interfaces/cmake/dynamixel_sdk_custom_interfaces__rosidl_typesupport_introspection_cppExport-noconfig.cmake
[14.785s] -- Installing: /home/robofei/ROS2/install/dynamixel_sdk_custom_interfaces/share/dynamixel_sdk_custom_interfaces/cmake/dynamixel_sdk_custom_interfaces__rosidl_typesupport_cppExport.cmake
[14.785s] -- Installing: /home/robofei/ROS2/install/dynamixel_sdk_custom_interfaces/share/dynamixel_sdk_custom_interfaces/cmake/dynamixel_sdk_custom_interfaces__rosidl_typesupport_cppExport-noconfig.cmake
[14.790s] Invoked command in '/home/robofei/ROS2/build/dynamixel_sdk_custom_interfaces' returned '0': CMAKE_PREFIX_PATH=/opt/ros/foxy /usr/bin/cmake --install /home/robofei/ROS2/build/dynamixel_sdk_custom_interfaces
