[01m[K/home/robofei/ROS2/action/src/control/src/control.cpp:[m[K In member function ‘[01m[Kvoid Control::topic_callback(std::shared_ptr<dynamixel_sdk_custom_interfaces::msg::Decision_<std::allocator<void> > >) const[m[K’:
[01m[K/home/robofei/ROS2/action/src/control/src/control.cpp:208:11:[m[K [01;31m[Kerror: [m[K‘[01m[KMotionManager[m[K’ has not been declared
  208 |           [01;31m[KMotionManager[m[K::GetInstance()->SetEnable(true);
      |           [01;31m[K^~~~~~~~~~~~~[m[K
[01m[K/home/robofei/ROS2/action/src/control/src/control.cpp:209:11:[m[K [01;31m[Kerror: [m[K‘[01m[KWalking[m[K’ has not been declared
  209 |           [01;31m[KWalking[m[K::GetInstance()->m_Joint.SetEnableBody(true);
      |           [01;31m[K^~~~~~~[m[K
[01m[K/home/robofei/ROS2/action/src/control/src/control.cpp:210:11:[m[K [01;31m[Kerror: [m[K‘[01m[KWalking[m[K’ has not been declared
  210 |           [01;31m[KWalking[m[K::GetInstance()->X_MOVE_AMPLITUDE = X_amplitude;
      |           [01;31m[K^~~~~~~[m[K
[01m[K/home/robofei/ROS2/action/src/control/src/control.cpp:210:54:[m[K [01;31m[Kerror: [m[K‘[01m[KX_amplitude[m[K’ was not declared in this scope
  210 |           Walking::GetInstance()->X_MOVE_AMPLITUDE = [01;31m[KX_amplitude[m[K;
      |                                                      [01;31m[K^~~~~~~~~~~[m[K
[01m[K/home/robofei/ROS2/action/src/control/src/control.cpp:211:11:[m[K [01;31m[Kerror: [m[K‘[01m[KWalking[m[K’ has not been declared
  211 |           [01;31m[KWalking[m[K::GetInstance()->Y_MOVE_AMPLITUDE = Y_amplitude;
      |           [01;31m[K^~~~~~~[m[K
[01m[K/home/robofei/ROS2/action/src/control/src/control.cpp:211:54:[m[K [01;31m[Kerror: [m[K‘[01m[KY_amplitude[m[K’ was not declared in this scope
  211 |           Walking::GetInstance()->Y_MOVE_AMPLITUDE = [01;31m[KY_amplitude[m[K;
      |                                                      [01;31m[K^~~~~~~~~~~[m[K
[01m[K/home/robofei/ROS2/action/src/control/src/control.cpp:212:11:[m[K [01;31m[Kerror: [m[K‘[01m[KWalking[m[K’ has not been declared
  212 |           [01;31m[KWalking[m[K::GetInstance()->A_MOVE_AMPLITUDE = A_amplitude;
      |           [01;31m[K^~~~~~~[m[K
[01m[K/home/robofei/ROS2/action/src/control/src/control.cpp:212:54:[m[K [01;31m[Kerror: [m[K‘[01m[KA_amplitude[m[K’ was not declared in this scope
  212 |           Walking::GetInstance()->A_MOVE_AMPLITUDE = [01;31m[KA_amplitude[m[K;
      |                                                      [01;31m[K^~~~~~~~~~~[m[K
[01m[K/home/robofei/ROS2/action/src/control/src/control.cpp:213:11:[m[K [01;31m[Kerror: [m[K‘[01m[KWalking[m[K’ has not been declared
  213 |           [01;31m[KWalking[m[K::GetInstance()->Start();
      |           [01;31m[K^~~~~~~[m[K
[01m[K/home/robofei/ROS2/action/src/control/src/control.cpp:215:13:[m[K [01;31m[Kerror: [m[K‘[01m[KWalking[m[K’ has not been declared
  215 |             [01;31m[KWalking[m[K::GetInstance()->Stop();
      |             [01;31m[K^~~~~~~[m[K
[01m[K/home/robofei/ROS2/action/src/control/src/control.cpp:216:13:[m[K [01;31m[Kerror: [m[K‘[01m[KWalking[m[K’ has not been declared
  216 |             [01;31m[KWalking[m[K::GetInstance()->m_Joint.SetEnableBody(false);
      |             [01;31m[K^~~~~~~[m[K
[01m[K/home/robofei/ROS2/action/src/control/src/control.cpp:[m[K In function ‘[01m[Kint main(int, char**)[m[K’:
[01m[K/home/robofei/ROS2/action/src/control/src/control.cpp:236:6:[m[K [01;31m[Kerror: [m[K‘[01m[KMotionManager[m[K’ has not been declared
  236 |   if([01;31m[KMotionManager[m[K::GetInstance()->Initialize() == false)
      |      [01;31m[K^~~~~~~~~~~~~[m[K
make[2]: *** [CMakeFiles/control.dir/build.make:63: CMakeFiles/control.dir/src/control.cpp.o] Error 1
make[1]: *** [CMakeFiles/Makefile2:107: CMakeFiles/control.dir/all] Error 2
make: *** [Makefile:141: all] Error 2
