[0.014s] Invoking command in '/home/robofei/ROS2/action/build/dynamixel_sdk_examples': AMENT_PREFIX_PATH=/home/robofei/ROS2/action/install/dynamixel_sdk_custom_interfaces:/home/robofei/ROS2/action/install/dynamixel_sdk:${AMENT_PREFIX_PATH} CMAKE_PREFIX_PATH=/home/robofei/ROS2/action/install/dynamixel_sdk_custom_interfaces:/home/robofei/ROS2/action/install/dynamixel_sdk:/opt/ros/foxy LD_LIBRARY_PATH=/home/robofei/ROS2/action/install/dynamixel_sdk_custom_interfaces/lib:/home/robofei/ROS2/action/install/dynamixel_sdk/lib:${LD_LIBRARY_PATH} PYTHONPATH=/home/robofei/ROS2/action/install/dynamixel_sdk_custom_interfaces/lib/python3.8/site-packages:${PYTHONPATH} /usr/bin/cmake --build /home/robofei/ROS2/action/build/dynamixel_sdk_examples -- -j4 -l4
[0.062s] [35m[1mScanning dependencies of target cmd_node[0m
[0.095s] [ 50%] [32mBuilding CXX object CMakeFiles/cmd_node.dir/src/cmd_process.cpp.o[0m
[0.143s] [01m[K/home/robofei/ROS2/action/src/dynamixel_sdk_examples/src/cmd_process.cpp:8:10:[m[K [01;35m[Kwarning: [m[Kmissing terminating " character
[0.143s]     8 | #include [01;35m[K"[m[Krcutils.h>
[0.143s]       |          [01;35m[K^[m[K
[0.143s] [01m[K/home/robofei/ROS2/action/src/dynamixel_sdk_examples/src/cmd_process.cpp:8:10:[m[K [01;31m[Kerror: [m[K#include expects "FILENAME" or <FILENAME>
[0.143s]     8 | #include [01;31m[K"rcutils.h>[m[K
[0.143s]       |          [01;31m[K^~~~~~~~~~~[m[K
[0.722s] In file included from [01m[K/home/robofei/ROS2/action/src/dynamixel_sdk_examples/src/cmd_process.cpp:9[m[K:
[0.722s] [01m[K/opt/ros/foxy/include/rcutils/types/char_array.h:41:10:[m[K [01;31m[Kerror: [m[Kexpected ‘[01m[K)[m[K’ before ‘[01m[K*[m[K’ token
[0.722s]    41 |   size_t [01;31m[Kbuffer_capacity[m[K;
[0.722s]       |          [01;31m[K^~~~~~~~~~~~~~~[m[K
[0.723s] [01m[K/opt/ros/foxy/include/rcutils/types/char_array.h:41:10:[m[K [01;31m[Kerror: [m[Kexpected ‘[01m[K)[m[K’ before ‘[01m[K*[m[K’ token
[0.723s] [01m[K/opt/ros/foxy/include/rcutils/types/char_array.h:74:10:[m[K [01;31m[Kerror: [m[Kexpected ‘[01m[K)[m[K’ before ‘[01m[K([m[K’ token
[0.723s]    74 |   size_t [01;31m[Kbuffer_capacity[m[K,
[0.723s]       |          [01;31m[K^~~~~~~~~~~~~~~[m[K
[0.723s] [01m[K/opt/ros/foxy/include/rcutils/types/char_array.h:74:10:[m[K [01;31m[Kerror: [m[Kexpected ‘[01m[K)[m[K’ before ‘[01m[K([m[K’ token
[0.723s] In file included from [01m[K/opt/ros/foxy/include/rcutils/types.h:24[m[K,
[0.723s]                  from [01m[K/opt/ros/foxy/include/rcutils/time.h:26[m[K,
[0.723s]                  from [01m[K/opt/ros/foxy/include/rcutils/logging.h:25[m[K,
[0.724s]                  from [01m[K/opt/ros/foxy/include/rmw/types.h:28[m[K,
[0.724s]                  from [01m[K/opt/ros/foxy/include/rcl/types.h:18[m[K,
[0.724s]                  from [01m[K/opt/ros/foxy/include/rcl/arguments.h:20[m[K,
[0.724s]                  from [01m[K/opt/ros/foxy/include/rcl/context.h:26[m[K,
[0.724s]                  from [01m[K/opt/ros/foxy/include/rcl/guard_condition.h:24[m[K,
[0.724s]                  from [01m[K/opt/ros/foxy/include/rclcpp/executor.hpp:29[m[K,
[0.724s]                  from [01m[K/opt/ros/foxy/include/rclcpp/executors/multi_threaded_executor.hpp:26[m[K,
[0.724s]                  from [01m[K/opt/ros/foxy/include/rclcpp/executors.hpp:21[m[K,
[0.724s]                  from [01m[K/opt/ros/foxy/include/rclcpp/rclcpp.hpp:146[m[K,
[0.724s]                  from [01m[K/home/robofei/ROS2/action/src/dynamixel_sdk_examples/src/cmd_process.cpp:18[m[K:
[0.724s] [01m[K/opt/ros/foxy/include/rcutils/types/char_array.h:72:24:[m[K [01;36m[Knote: [m[Kto match this ‘[01m[K([m[K’
[0.724s]    72 | rcutils_char_array_init[01;36m[K([m[K
[0.724s]       |                        [01;36m[K^[m[K
[0.724s] In file included from [01m[K/home/robofei/ROS2/action/src/dynamixel_sdk_examples/src/cmd_process.cpp:9[m[K:
[0.724s] [01m[K/opt/ros/foxy/include/rcutils/types/char_array.h:74:10:[m[K [01;31m[Kerror: [m[Kinitializer provided for function
[0.725s]    74 |   size_t [01;31m[Kbuffer_capacity[m[K,
[0.725s]       |          [01;31m[K^~~~~~~~~~~~~~~[m[K
[0.725s] [01m[K/opt/ros/foxy/include/rcutils/types/char_array.h:74:10:[m[K [01;31m[Kerror: [m[Kexpected ‘[01m[K,[m[K’ or ‘[01m[K;[m[K’ before ‘[01m[K->[m[K’ token
[0.725s]    74 |   size_t [01;31m[Kbuffer_capacity[m[K,
[0.725s]       |          [01;31m[K^~~~~~~~~~~~~~~[m[K
[0.725s] [01m[K/opt/ros/foxy/include/rcutils/types/uint8_array.h:33:10:[m[K [01;31m[Kerror: [m[Kexpected ‘[01m[K)[m[K’ before ‘[01m[K*[m[K’ token
[0.725s]    33 |   size_t [01;31m[Kbuffer_capacity[m[K;
[0.725s]       |          [01;31m[K^~~~~~~~~~~~~~~[m[K
[0.725s] [01m[K/opt/ros/foxy/include/rcutils/types/uint8_array.h:33:10:[m[K [01;31m[Kerror: [m[Kexpected ‘[01m[K)[m[K’ before ‘[01m[K*[m[K’ token
[0.725s] [01m[K/opt/ros/foxy/include/rcutils/types/uint8_array.h:65:10:[m[K [01;31m[Kerror: [m[Kexpected ‘[01m[K)[m[K’ before ‘[01m[K([m[K’ token
[0.725s]    65 |   size_t [01;31m[Kbuffer_capacity[m[K,
[0.725s]       |          [01;31m[K^~~~~~~~~~~~~~~[m[K
[0.725s] [01m[K/opt/ros/foxy/include/rcutils/types/uint8_array.h:65:10:[m[K [01;31m[Kerror: [m[Kexpected ‘[01m[K)[m[K’ before ‘[01m[K([m[K’ token
[0.725s] In file included from [01m[K/opt/ros/foxy/include/rcutils/types.h:29[m[K,
[0.725s]                  from [01m[K/opt/ros/foxy/include/rcutils/time.h:26[m[K,
[0.726s]                  from [01m[K/opt/ros/foxy/include/rcutils/logging.h:25[m[K,
[0.726s]                  from [01m[K/opt/ros/foxy/include/rmw/types.h:28[m[K,
[0.726s]                  from [01m[K/opt/ros/foxy/include/rcl/types.h:18[m[K,
[0.726s]                  from [01m[K/opt/ros/foxy/include/rcl/arguments.h:20[m[K,
[0.726s]                  from [01m[K/opt/ros/foxy/include/rcl/context.h:26[m[K,
[0.726s]                  from [01m[K/opt/ros/foxy/include/rcl/guard_condition.h:24[m[K,
[0.726s]                  from [01m[K/opt/ros/foxy/include/rclcpp/executor.hpp:29[m[K,
[0.726s]                  from [01m[K/opt/ros/foxy/include/rclcpp/executors/multi_threaded_executor.hpp:26[m[K,
[0.726s]                  from [01m[K/opt/ros/foxy/include/rclcpp/executors.hpp:21[m[K,
[0.726s]                  from [01m[K/opt/ros/foxy/include/rclcpp/rclcpp.hpp:146[m[K,
[0.726s]                  from [01m[K/home/robofei/ROS2/action/src/dynamixel_sdk_examples/src/cmd_process.cpp:18[m[K:
[0.726s] [01m[K/opt/ros/foxy/include/rcutils/types/uint8_array.h:63:25:[m[K [01;36m[Knote: [m[Kto match this ‘[01m[K([m[K’
[0.726s]    63 | rcutils_uint8_array_init[01;36m[K([m[K
[0.726s]       |                         [01;36m[K^[m[K
[0.726s] In file included from [01m[K/home/robofei/ROS2/action/src/dynamixel_sdk_examples/src/cmd_process.cpp:9[m[K:
[0.727s] [01m[K/opt/ros/foxy/include/rcutils/types/uint8_array.h:65:10:[m[K [01;31m[Kerror: [m[Kinitializer provided for function
[0.727s]    65 |   size_t [01;31m[Kbuffer_capacity[m[K,
[0.727s]       |          [01;31m[K^~~~~~~~~~~~~~~[m[K
[0.727s] [01m[K/opt/ros/foxy/include/rcutils/types/uint8_array.h:65:10:[m[K [01;31m[Kerror: [m[Kexpected ‘[01m[K,[m[K’ or ‘[01m[K;[m[K’ before ‘[01m[K->[m[K’ token
[0.727s]    65 |   size_t [01;31m[Kbuffer_capacity[m[K,
[0.727s]       |          [01;31m[K^~~~~~~~~~~~~~~[m[K
[1.455s] [01m[K/home/robofei/ROS2/action/src/dynamixel_sdk_examples/src/cmd_process.cpp:26:26:[m[K [01;35m[Kwarning: [m[Knon-ISO-standard escape sequence, '\e'
[1.456s]    26 | const std::string azul = [01;35m[K"\e[0;36m"[m[K;
[1.456s]       |                          [01;35m[K^~~~~~~~~~[m[K
[1.456s] [01m[K/home/robofei/ROS2/action/src/dynamixel_sdk_examples/src/cmd_process.cpp:27:27:[m[K [01;35m[Kwarning: [m[Knon-ISO-standard escape sequence, '\e'
[1.456s]    27 | const std::string azulE = [01;35m[K"\e[0;34m"[m[K;
[1.456s]       |                           [01;35m[K^~~~~~~~~~[m[K
[1.456s] [01m[K/home/robofei/ROS2/action/src/dynamixel_sdk_examples/src/cmd_process.cpp:28:27:[m[K [01;35m[Kwarning: [m[Knon-ISO-standard escape sequence, '\e'
[1.456s]    28 | const std::string amare = [01;35m[K"\e[0;33m"[m[K;
[1.456s]       |                           [01;35m[K^~~~~~~~~~[m[K
[1.456s] [01m[K/home/robofei/ROS2/action/src/dynamixel_sdk_examples/src/cmd_process.cpp:29:27:[m[K [01;35m[Kwarning: [m[Knon-ISO-standard escape sequence, '\e'
[1.456s]    29 | const std::string verde = [01;35m[K"\e[0;32m"[m[K;
[1.457s]       |                           [01;35m[K^~~~~~~~~~[m[K
[1.457s] [01m[K/home/robofei/ROS2/action/src/dynamixel_sdk_examples/src/cmd_process.cpp:30:25:[m[K [01;35m[Kwarning: [m[Knon-ISO-standard escape sequence, '\e'
[1.457s]    30 | const std::string red = [01;35m[K"\e[0;31m"[m[K;
[1.457s]       |                         [01;35m[K^~~~~~~~~~[m[K
[1.457s] [01m[K/home/robofei/ROS2/action/src/dynamixel_sdk_examples/src/cmd_process.cpp:31:26:[m[K [01;35m[Kwarning: [m[Knon-ISO-standard escape sequence, '\e'
[1.457s]    31 | const std::string gray = [01;35m[K"\e[0;37m"[m[K;
[1.457s]       |                          [01;35m[K^~~~~~~~~~[m[K
[1.457s] [01m[K/home/robofei/ROS2/action/src/dynamixel_sdk_examples/src/cmd_process.cpp:32:26:[m[K [01;35m[Kwarning: [m[Knon-ISO-standard escape sequence, '\e'
[1.457s]    32 | const std::string nulo = [01;35m[K"\e[0m"[m[K;
[1.457s]       |                          [01;35m[K^~~~~~~[m[K
[1.457s] [01m[K/home/robofei/ROS2/action/src/dynamixel_sdk_examples/src/cmd_process.cpp:34:27:[m[K [01;35m[Kwarning: [m[Knon-ISO-standard escape sequence, '\e'
[1.457s]    34 | const std::string Lazul = [01;35m[K"\e[96m"[m[K;
[1.457s]       |                           [01;35m[K^~~~~~~~[m[K
[1.457s] [01m[K/home/robofei/ROS2/action/src/dynamixel_sdk_examples/src/cmd_process.cpp:35:28:[m[K [01;35m[Kwarning: [m[Knon-ISO-standard escape sequence, '\e'
[1.457s]    35 | const std::string LazulE = [01;35m[K"\e[94m"[m[K;
[1.458s]       |                            [01;35m[K^~~~~~~~[m[K
[1.458s] [01m[K/home/robofei/ROS2/action/src/dynamixel_sdk_examples/src/cmd_process.cpp:36:28:[m[K [01;35m[Kwarning: [m[Knon-ISO-standard escape sequence, '\e'
[1.458s]    36 | const std::string Lamare = [01;35m[K"\e[93m"[m[K;
[1.458s]       |                            [01;35m[K^~~~~~~~[m[K
[1.458s] [01m[K/home/robofei/ROS2/action/src/dynamixel_sdk_examples/src/cmd_process.cpp:37:28:[m[K [01;35m[Kwarning: [m[Knon-ISO-standard escape sequence, '\e'
[1.458s]    37 | const std::string Lverde = [01;35m[K"\e[92m"[m[K;
[1.458s]       |                            [01;35m[K^~~~~~~~[m[K
[1.458s] [01m[K/home/robofei/ROS2/action/src/dynamixel_sdk_examples/src/cmd_process.cpp:38:26:[m[K [01;35m[Kwarning: [m[Knon-ISO-standard escape sequence, '\e'
[1.458s]    38 | const std::string Lred = [01;35m[K"\e[91m"[m[K;
[1.458s]       |                          [01;35m[K^~~~~~~~[m[K
[1.458s] [01m[K/home/robofei/ROS2/action/src/dynamixel_sdk_examples/src/cmd_process.cpp:39:27:[m[K [01;35m[Kwarning: [m[Knon-ISO-standard escape sequence, '\e'
[1.458s]    39 | const std::string Lgray = [01;35m[K"\e[97m"[m[K;
[1.458s]       |                           [01;35m[K^~~~~~~~[m[K
[1.463s] [01m[K/home/robofei/ROS2/action/src/dynamixel_sdk_examples/src/cmd_process.cpp:66:5:[m[K [01;31m[Kerror: [m[Knon-static data member declared with placeholder ‘[01m[Kauto[m[K’
[1.463s]    66 |     [01;31m[Kauto[m[K message = dynamixel_sdk_custom_interfaces::msg::SetPosition();
[1.463s]       |     [01;31m[K^~~~[m[K
[1.467s] [01m[K/home/robofei/ROS2/action/src/dynamixel_sdk_examples/src/cmd_process.cpp:[m[K In member function ‘[01m[Kvoid Action_Editor_Pub::DrawIntro()[m[K’:
[1.467s] [01m[K/home/robofei/ROS2/action/src/dynamixel_sdk_examples/src/cmd_process.cpp:315:10:[m[K [01;35m[Kwarning: [m[Knon-ISO-standard escape sequence, '\e'
[1.467s]   315 |   system([01;35m[K"printf '\e[8;27;80t'"[m[K);
[1.467s]       |          [01;35m[K^~~~~~~~~~~~~~~~~~~~~~[m[K
[1.471s] [01m[K/home/robofei/ROS2/action/src/dynamixel_sdk_examples/src/cmd_process.cpp:[m[K In member function ‘[01m[Kvoid Action_Editor_Pub::DrawStep(int)[m[K’:
[1.472s] [01m[K/home/robofei/ROS2/action/src/dynamixel_sdk_examples/src/cmd_process.cpp:474:26:[m[K [01;35m[Kwarning: [m[Ksuggest parentheses around ‘[01m[K+[m[K’ in operand of ‘[01m[K&[m[K’ [[01;35m[K-Wparentheses[m[K]
[1.472s]   474 |    if([01;35m[Kstep->position[id] + MotionManager::GetInstance()->m_Offset[id][m[K & Action::INVALID_BIT_MASK)
[1.472s]       |       [01;35m[K~~~~~~~~~~~~~~~~~~~^~~~~~~~~~~~~~~~~~~~~~~~~~~~~~~~~~~~~~~~~~~~[m[K
[1.472s] [01m[K/home/robofei/ROS2/action/src/dynamixel_sdk_examples/src/cmd_process.cpp:476:31:[m[K [01;35m[Kwarning: [m[Ksuggest parentheses around ‘[01m[K+[m[K’ in operand of ‘[01m[K&[m[K’ [[01;35m[K-Wparentheses[m[K]
[1.472s]   476 |    else if([01;35m[Kstep->position[id] + MotionManager::GetInstance()->m_Offset[id][m[K & Action::TORQUE_OFF_BIT_MASK)
[1.472s]       |            [01;35m[K~~~~~~~~~~~~~~~~~~~^~~~~~~~~~~~~~~~~~~~~~~~~~~~~~~~~~~~~~~~~~~~[m[K
[1.473s] [01m[K/home/robofei/ROS2/action/src/dynamixel_sdk_examples/src/cmd_process.cpp:[m[K In member function ‘[01m[Kvoid Action_Editor_Pub::SetValue(int)[m[K’:
[1.474s] [01m[K/home/robofei/ROS2/action/src/dynamixel_sdk_examples/src/cmd_process.cpp:716:10:[m[K [01;35m[Kwarning: [m[Kunused variable ‘[01m[Kerror[m[K’ [[01;35m[K-Wunused-variable[m[K]
[1.474s]   716 |      int [01;35m[Kerror[m[K;
[1.474s]       |          [01;35m[K^~~~~[m[K
[1.474s] [01m[K/home/robofei/ROS2/action/src/dynamixel_sdk_examples/src/cmd_process.cpp:781:42:[m[K [01;35m[Kwarning: [m[Ksuggest parentheses around ‘[01m[K+[m[K’ in operand of ‘[01m[K&[m[K’ [[01;35m[K-Wparentheses[m[K]
[1.474s]   781 |      if(!([01;35m[KPage.step[i].position[row + 1] + MotionManager::GetInstance()->m_Offset[row + 1][m[K & Action::INVALID_BIT_MASK))
[1.474s]       |           [01;35m[K~~~~~~~~~~~~~~~~~~~~~~~~~~~~~~~^~~~~~~~~~~~~~~~~~~~~~~~~~~~~~~~~~~~~~~~~~~~~~~~~[m[K
[1.475s] [01m[K/home/robofei/ROS2/action/src/dynamixel_sdk_examples/src/cmd_process.cpp:[m[K In member function ‘[01m[Kvoid Action_Editor_Pub::ToggleTorque()[m[K’:
[1.475s] [01m[K/home/robofei/ROS2/action/src/dynamixel_sdk_examples/src/cmd_process.cpp:884:7:[m[K [01;35m[Kwarning: [m[Kunused variable ‘[01m[Kid[m[K’ [[01;35m[K-Wunused-variable[m[K]
[1.475s]   884 |   int [01;35m[Kid[m[K = Row + 1;
[1.475s]       |       [01;35m[K^~[m[K
[1.477s] [01m[K/home/robofei/ROS2/action/src/dynamixel_sdk_examples/src/cmd_process.cpp:[m[K In member function ‘[01m[Kvoid Action_Editor_Pub::PlayCmd()[m[K’:
[1.477s] [01m[K/home/robofei/ROS2/action/src/dynamixel_sdk_examples/src/cmd_process.cpp:990:7:[m[K [01;35m[Kwarning: [m[Kunused variable ‘[01m[Kvalue[m[K’ [[01;35m[K-Wunused-variable[m[K]
[1.477s]   990 |   int [01;35m[Kvalue[m[K;
[1.477s]       |       [01;35m[K^~~~~[m[K
[1.478s] [01m[K/home/robofei/ROS2/action/src/dynamixel_sdk_examples/src/cmd_process.cpp:[m[K In member function ‘[01m[Kvoid Action_Editor_Pub::OnOffCmd(bool, int, int*)[m[K’:
[1.478s] [01m[K/home/robofei/ROS2/action/src/dynamixel_sdk_examples/src/cmd_process.cpp:1114:21:[m[K [01;35m[Kwarning: [m[Kunused parameter ‘[01m[Kon[m[K’ [[01;35m[K-Wunused-parameter[m[K]
[1.478s]  1114 |  void OnOffCmd([01;35m[Kbool on[m[K, int num_param, int *list)
[1.478s]       |                [01;35m[K~~~~~^~[m[K
[1.478s] [01m[K/home/robofei/ROS2/action/src/dynamixel_sdk_examples/src/cmd_process.cpp:1114:29:[m[K [01;35m[Kwarning: [m[Kunused parameter ‘[01m[Knum_param[m[K’ [[01;35m[K-Wunused-parameter[m[K]
[1.478s]  1114 |  void OnOffCmd(bool on, [01;35m[Kint num_param[m[K, int *list)
[1.478s]       |                         [01;35m[K~~~~^~~~~~~~~[m[K
[1.478s] [01m[K/home/robofei/ROS2/action/src/dynamixel_sdk_examples/src/cmd_process.cpp:1114:45:[m[K [01;35m[Kwarning: [m[Kunused parameter ‘[01m[Klist[m[K’ [[01;35m[K-Wunused-parameter[m[K]
[1.478s]  1114 |  void OnOffCmd(bool on, int num_param, [01;35m[Kint *list[m[K)
[1.478s]       |                                        [01;35m[K~~~~~^~~~[m[K
[1.478s] [01m[K/home/robofei/ROS2/action/src/dynamixel_sdk_examples/src/cmd_process.cpp:[m[K In member function ‘[01m[Kvoid Action_Editor_Pub::WriteStepCmd(int)[m[K’:
[1.478s] [01m[K/home/robofei/ROS2/action/src/dynamixel_sdk_examples/src/cmd_process.cpp:1124:25:[m[K [01;35m[Kwarning: [m[Ksuggest parentheses around ‘[01m[K+[m[K’ in operand of ‘[01m[K&[m[K’ [[01;35m[K-Wparentheses[m[K]
[1.479s]  1124 |    if([01;35m[KStep.position[id] + MotionManager::GetInstance()->m_Offset[id][m[K & Action::TORQUE_OFF_BIT_MASK)
[1.479s]       |       [01;35m[K~~~~~~~~~~~~~~~~~~^~~~~~~~~~~~~~~~~~~~~~~~~~~~~~~~~~~~~~~~~~~~[m[K
[1.479s] [01m[K/home/robofei/ROS2/action/src/dynamixel_sdk_examples/src/cmd_process.cpp:[m[K In member function ‘[01m[Kvoid Action_Editor_Pub::InsertStepCmd(int)[m[K’:
[1.479s] [01m[K/home/robofei/ROS2/action/src/dynamixel_sdk_examples/src/cmd_process.cpp:1181:25:[m[K [01;35m[Kwarning: [m[Ksuggest parentheses around ‘[01m[K+[m[K’ in operand of ‘[01m[K&[m[K’ [[01;35m[K-Wparentheses[m[K]
[1.479s]  1181 |    if([01;35m[KStep.position[id] + MotionManager::GetInstance()->m_Offset[id][m[K & Action::TORQUE_OFF_BIT_MASK)
[1.479s]       |       [01;35m[K~~~~~~~~~~~~~~~~~~^~~~~~~~~~~~~~~~~~~~~~~~~~~~~~~~~~~~~~~~~~~~[m[K
[1.480s] [01m[K/home/robofei/ROS2/action/src/dynamixel_sdk_examples/src/cmd_process.cpp:[m[K In member function ‘[01m[Kvoid Action_Editor_Pub::GoCmd(int)[m[K’:
[1.480s] [01m[K/home/robofei/ROS2/action/src/dynamixel_sdk_examples/src/cmd_process.cpp:1307:37:[m[K [01;35m[Kwarning: [m[Ksuggest parentheses around ‘[01m[K+[m[K’ in operand of ‘[01m[K&[m[K’ [[01;35m[K-Wparentheses[m[K]
[1.480s]  1307 |    if([01;35m[KPage.step[index].position[id] + MotionManager::GetInstance()->m_Offset[id][m[K & Action::INVALID_BIT_MASK)
[1.480s]       |       [01;35m[K~~~~~~~~~~~~~~~~~~~~~~~~~~~~~~^~~~~~~~~~~~~~~~~~~~~~~~~~~~~~~~~~~~~~~~~~~~[m[K
[1.480s] [01m[K/home/robofei/ROS2/action/src/dynamixel_sdk_examples/src/cmd_process.cpp:1300:22:[m[K [01;35m[Kwarning: [m[Kunused variable ‘[01m[KwStartPosition[m[K’ [[01;35m[K-Wunused-variable[m[K]
[1.480s]  1300 |   int wGoalPosition, [01;35m[KwStartPosition[m[K;
[1.480s]       |                      [01;35m[K^~~~~~~~~~~~~~[m[K
[2.336s] make[2]: *** [CMakeFiles/cmd_node.dir/build.make:63: CMakeFiles/cmd_node.dir/src/cmd_process.cpp.o] Error 1
[2.337s] make[1]: *** [CMakeFiles/Makefile2:78: CMakeFiles/cmd_node.dir/all] Error 2
[2.337s] make: *** [Makefile:141: all] Error 2
[2.339s] Invoked command in '/home/robofei/ROS2/action/build/dynamixel_sdk_examples' returned '2': AMENT_PREFIX_PATH=/home/robofei/ROS2/action/install/dynamixel_sdk_custom_interfaces:/home/robofei/ROS2/action/install/dynamixel_sdk:${AMENT_PREFIX_PATH} CMAKE_PREFIX_PATH=/home/robofei/ROS2/action/install/dynamixel_sdk_custom_interfaces:/home/robofei/ROS2/action/install/dynamixel_sdk:/opt/ros/foxy LD_LIBRARY_PATH=/home/robofei/ROS2/action/install/dynamixel_sdk_custom_interfaces/lib:/home/robofei/ROS2/action/install/dynamixel_sdk/lib:${LD_LIBRARY_PATH} PYTHONPATH=/home/robofei/ROS2/action/install/dynamixel_sdk_custom_interfaces/lib/python3.8/site-packages:${PYTHONPATH} /usr/bin/cmake --build /home/robofei/ROS2/action/build/dynamixel_sdk_examples -- -j4 -l4
