[0.328s] Invoking command in '/home/robofei/Downloads/GC/src/controller': PYTHONPATH=/home/robofei/Downloads/GC/install/controller/lib/python3.8/site-packages:${PYTHONPATH} /usr/bin/python3 setup.py egg_info --egg-base ../../build/controller build --build-base /home/robofei/Downloads/GC/build/controller/build install --prefix /home/robofei/Downloads/GC/install/controller --record /home/robofei/Downloads/GC/build/controller/install.log --single-version-externally-managed
[0.702s] running egg_info
[0.702s] writing ../../build/controller/controller.egg-info/PKG-INFO
[0.702s] writing dependency_links to ../../build/controller/controller.egg-info/dependency_links.txt
[0.702s] writing entry points to ../../build/controller/controller.egg-info/entry_points.txt
[0.702s] writing requirements to ../../build/controller/controller.egg-info/requires.txt
[0.703s] writing top-level names to ../../build/controller/controller.egg-info/top_level.txt
[0.758s] reading manifest file '../../build/controller/controller.egg-info/SOURCES.txt'
[0.759s] writing manifest file '../../build/controller/controller.egg-info/SOURCES.txt'
[0.760s] running build
[0.760s] running build_py
[0.760s] copying controller/receiver.py -> /home/robofei/Downloads/GC/build/controller/build/lib/controller
[0.760s] running install
[0.761s] running install_lib
[0.763s] copying /home/robofei/Downloads/GC/build/controller/build/lib/controller/receiver.py -> /home/robofei/Downloads/GC/install/controller/lib/python3.8/site-packages/controller
[0.764s] byte-compiling /home/robofei/Downloads/GC/install/controller/lib/python3.8/site-packages/controller/receiver.py to receiver.cpython-38.pyc
[0.766s] running install_data
[0.767s] running install_egg_info
[0.771s] removing '/home/robofei/Downloads/GC/install/controller/lib/python3.8/site-packages/controller-0.0.0-py3.8.egg-info' (and everything under it)
[0.771s] Copying ../../build/controller/controller.egg-info to /home/robofei/Downloads/GC/install/controller/lib/python3.8/site-packages/controller-0.0.0-py3.8.egg-info
[0.771s] running install_scripts
[0.795s] Installing talker script to /home/robofei/Downloads/GC/install/controller/lib/controller
[0.797s] writing list of installed files to '/home/robofei/Downloads/GC/build/controller/install.log'
[0.831s] Invoked command in '/home/robofei/Downloads/GC/src/controller' returned '0': PYTHONPATH=/home/robofei/Downloads/GC/install/controller/lib/python3.8/site-packages:${PYTHONPATH} /usr/bin/python3 setup.py egg_info --egg-base ../../build/controller build --build-base /home/robofei/Downloads/GC/build/controller/build install --prefix /home/robofei/Downloads/GC/install/controller --record /home/robofei/Downloads/GC/build/controller/install.log --single-version-externally-managed
