[0.299s] Invoking command in '/home/robofei/Downloads/GC/build/messages': CMAKE_PREFIX_PATH=${CMAKE_PREFIX_PATH}:/home/robofei/Downloads/GC/install/controller:/opt/ros/foxy /usr/bin/cmake --build /home/robofei/Downloads/GC/build/messages -- -j4 -l4
[0.373s] [  3%] Built target messages__cpp
[0.382s] [ 12%] Built target messages__rosidl_generator_c
[0.434s] [ 32%] Built target messages__rosidl_typesupport_fastrtps_cpp
[0.435s] [ 32%] Built target messages__rosidl_typesupport_cpp
[0.440s] [ 41%] Built target messages__rosidl_typesupport_introspection_cpp
[0.452s] [ 51%] Built target messages__rosidl_typesupport_introspection_c
[0.474s] [ 61%] Built target messages__rosidl_typesupport_c
[0.486s] [ 70%] Built target messages__rosidl_typesupport_fastrtps_c
[0.510s] [ 70%] Built target messages
[0.535s] [ 74%] Built target messages__py
[0.569s] [ 80%] Built target messages__python
[0.625s] [ 87%] Built target messages__rosidl_typesupport_introspection_c__pyext
[0.639s] [ 93%] Built target messages__rosidl_typesupport_c__pyext
[0.658s] [100%] Built target messages__rosidl_typesupport_fastrtps_c__pyext
[0.680s] Invoked command in '/home/robofei/Downloads/GC/build/messages' returned '0': CMAKE_PREFIX_PATH=${CMAKE_PREFIX_PATH}:/home/robofei/Downloads/GC/install/controller:/opt/ros/foxy /usr/bin/cmake --build /home/robofei/Downloads/GC/build/messages -- -j4 -l4
[0.783s] Invoking command in '/home/robofei/Downloads/GC/build/messages': CMAKE_PREFIX_PATH=${CMAKE_PREFIX_PATH}:/home/robofei/Downloads/GC/install/controller:/opt/ros/foxy /usr/bin/cmake --install /home/robofei/Downloads/GC/build/messages
[0.797s] -- Install configuration: ""
[0.798s] -- Up-to-date: /home/robofei/Downloads/GC/install/messages/share/ament_index/resource_index/rosidl_interfaces/messages
[0.798s] -- Up-to-date: /home/robofei/Downloads/GC/install/messages/include/messages
[0.798s] -- Up-to-date: /home/robofei/Downloads/GC/install/messages/include/messages/msg
[0.798s] -- Up-to-date: /home/robofei/Downloads/GC/install/messages/include/messages/msg/detail
[0.798s] -- Up-to-date: /home/robofei/Downloads/GC/install/messages/include/messages/msg/detail/humanoid_league_msgs__struct.h
[0.798s] -- Up-to-date: /home/robofei/Downloads/GC/install/messages/include/messages/msg/detail/humanoid_league_msgs__functions.h
[0.799s] -- Up-to-date: /home/robofei/Downloads/GC/install/messages/include/messages/msg/detail/humanoid_league_msgs__functions.c
[0.799s] -- Up-to-date: /home/robofei/Downloads/GC/install/messages/include/messages/msg/detail/humanoid_league_msgs__type_support.h
[0.799s] -- Up-to-date: /home/robofei/Downloads/GC/install/messages/include/messages/msg/rosidl_generator_c__visibility_control.h
[0.799s] -- Up-to-date: /home/robofei/Downloads/GC/install/messages/include/messages/msg/humanoid_league_msgs.h
[0.799s] -- Up-to-date: /home/robofei/Downloads/GC/install/messages/share/messages/environment/library_path.sh
[0.799s] -- Up-to-date: /home/robofei/Downloads/GC/install/messages/share/messages/environment/library_path.dsv
[0.800s] -- Up-to-date: /home/robofei/Downloads/GC/install/messages/lib/libmessages__rosidl_generator_c.so
[0.800s] -- Up-to-date: /home/robofei/Downloads/GC/install/messages/include/messages
[0.800s] -- Up-to-date: /home/robofei/Downloads/GC/install/messages/include/messages/msg
[0.800s] -- Up-to-date: /home/robofei/Downloads/GC/install/messages/include/messages/msg/detail
[0.801s] -- Up-to-date: /home/robofei/Downloads/GC/install/messages/include/messages/msg/detail/humanoid_league_msgs__rosidl_typesupport_fastrtps_c.h
[0.801s] -- Up-to-date: /home/robofei/Downloads/GC/install/messages/include/messages/msg/rosidl_typesupport_fastrtps_c__visibility_control.h
[0.801s] -- Up-to-date: /home/robofei/Downloads/GC/install/messages/lib/libmessages__rosidl_typesupport_fastrtps_c.so
[0.801s] -- Up-to-date: /home/robofei/Downloads/GC/install/messages/include/messages
[0.802s] -- Up-to-date: /home/robofei/Downloads/GC/install/messages/include/messages/msg
[0.803s] -- Up-to-date: /home/robofei/Downloads/GC/install/messages/include/messages/msg/rosidl_typesupport_fastrtps_cpp__visibility_control.h
[0.803s] -- Up-to-date: /home/robofei/Downloads/GC/install/messages/include/messages/msg/detail
[0.804s] -- Up-to-date: /home/robofei/Downloads/GC/install/messages/include/messages/msg/detail/humanoid_league_msgs__rosidl_typesupport_fastrtps_cpp.hpp
[0.804s] -- Up-to-date: /home/robofei/Downloads/GC/install/messages/include/messages/msg/detail/dds_fastrtps
[0.804s] -- Up-to-date: /home/robofei/Downloads/GC/install/messages/lib/libmessages__rosidl_typesupport_fastrtps_cpp.so
[0.804s] -- Up-to-date: /home/robofei/Downloads/GC/install/messages/include/messages
[0.804s] -- Up-to-date: /home/robofei/Downloads/GC/install/messages/include/messages/msg
[0.804s] -- Up-to-date: /home/robofei/Downloads/GC/install/messages/include/messages/msg/detail
[0.805s] -- Up-to-date: /home/robofei/Downloads/GC/install/messages/include/messages/msg/detail/humanoid_league_msgs__type_support.c
[0.805s] -- Up-to-date: /home/robofei/Downloads/GC/install/messages/include/messages/msg/detail/humanoid_league_msgs__rosidl_typesupport_introspection_c.h
[0.805s] -- Up-to-date: /home/robofei/Downloads/GC/install/messages/include/messages/msg/rosidl_typesupport_introspection_c__visibility_control.h
[0.805s] -- Up-to-date: /home/robofei/Downloads/GC/install/messages/lib/libmessages__rosidl_typesupport_introspection_c.so
[0.805s] -- Up-to-date: /home/robofei/Downloads/GC/install/messages/lib/libmessages__rosidl_typesupport_c.so
[0.805s] -- Up-to-date: /home/robofei/Downloads/GC/install/messages/include/messages
[0.806s] -- Up-to-date: /home/robofei/Downloads/GC/install/messages/include/messages/msg
[0.806s] -- Up-to-date: /home/robofei/Downloads/GC/install/messages/include/messages/msg/detail
[0.806s] -- Up-to-date: /home/robofei/Downloads/GC/install/messages/include/messages/msg/detail/humanoid_league_msgs__struct.hpp
[0.806s] -- Up-to-date: /home/robofei/Downloads/GC/install/messages/include/messages/msg/detail/humanoid_league_msgs__traits.hpp
[0.806s] -- Up-to-date: /home/robofei/Downloads/GC/install/messages/include/messages/msg/detail/humanoid_league_msgs__builder.hpp
[0.806s] -- Up-to-date: /home/robofei/Downloads/GC/install/messages/include/messages/msg/humanoid_league_msgs.hpp
[0.806s] -- Up-to-date: /home/robofei/Downloads/GC/install/messages/include/messages
[0.807s] -- Up-to-date: /home/robofei/Downloads/GC/install/messages/include/messages/msg
[0.807s] -- Up-to-date: /home/robofei/Downloads/GC/install/messages/include/messages/msg/detail
[0.807s] -- Up-to-date: /home/robofei/Downloads/GC/install/messages/include/messages/msg/detail/humanoid_league_msgs__type_support.cpp
[0.807s] -- Up-to-date: /home/robofei/Downloads/GC/install/messages/include/messages/msg/detail/humanoid_league_msgs__rosidl_typesupport_introspection_cpp.hpp
[0.815s] -- Up-to-date: /home/robofei/Downloads/GC/install/messages/lib/libmessages__rosidl_typesupport_introspection_cpp.so
[0.815s] -- Up-to-date: /home/robofei/Downloads/GC/install/messages/lib/libmessages__rosidl_typesupport_cpp.so
[0.815s] -- Up-to-date: /home/robofei/Downloads/GC/install/messages/share/messages/environment/pythonpath.sh
[0.815s] -- Up-to-date: /home/robofei/Downloads/GC/install/messages/share/messages/environment/pythonpath.dsv
[0.815s] -- Up-to-date: /home/robofei/Downloads/GC/install/messages/lib/python3.8/site-packages/messages/__init__.py
[0.858s] -- Up-to-date: /home/robofei/Downloads/GC/install/messages/lib/python3.8/site-packages/messages/msg
[0.858s] -- Up-to-date: /home/robofei/Downloads/GC/install/messages/lib/python3.8/site-packages/messages/msg/_humanoid_league_msgs.py
[0.858s] -- Up-to-date: /home/robofei/Downloads/GC/install/messages/lib/python3.8/site-packages/messages/msg/_humanoid_league_msgs_s.c
[0.859s] -- Up-to-date: /home/robofei/Downloads/GC/install/messages/lib/python3.8/site-packages/messages/msg/__init__.py
[0.859s] -- Up-to-date: /home/robofei/Downloads/GC/install/messages/lib/python3.8/site-packages/messages/messages_s__rosidl_typesupport_fastrtps_c.cpython-38-x86_64-linux-gnu.so
[0.860s] -- Up-to-date: /home/robofei/Downloads/GC/install/messages/lib/python3.8/site-packages/messages/messages_s__rosidl_typesupport_introspection_c.cpython-38-x86_64-linux-gnu.so
[0.862s] -- Up-to-date: /home/robofei/Downloads/GC/install/messages/lib/python3.8/site-packages/messages/messages_s__rosidl_typesupport_c.cpython-38-x86_64-linux-gnu.so
[0.862s] -- Up-to-date: /home/robofei/Downloads/GC/install/messages/lib/libmessages__python.so
[0.863s] -- Up-to-date: /home/robofei/Downloads/GC/install/messages/share/messages/msg/HumanoidLeagueMsgs.idl
[0.864s] -- Up-to-date: /home/robofei/Downloads/GC/install/messages/share/messages/msg/HumanoidLeagueMsgs.msg
[0.864s] -- Up-to-date: /home/robofei/Downloads/GC/install/messages/share/ament_index/resource_index/package_run_dependencies/messages
[0.864s] -- Up-to-date: /home/robofei/Downloads/GC/install/messages/share/ament_index/resource_index/parent_prefix_path/messages
[0.864s] -- Up-to-date: /home/robofei/Downloads/GC/install/messages/share/messages/environment/ament_prefix_path.sh
[0.864s] -- Up-to-date: /home/robofei/Downloads/GC/install/messages/share/messages/environment/ament_prefix_path.dsv
[0.865s] -- Up-to-date: /home/robofei/Downloads/GC/install/messages/share/messages/environment/path.sh
[0.865s] -- Up-to-date: /home/robofei/Downloads/GC/install/messages/share/messages/environment/path.dsv
[0.865s] -- Up-to-date: /home/robofei/Downloads/GC/install/messages/share/messages/local_setup.bash
[0.865s] -- Up-to-date: /home/robofei/Downloads/GC/install/messages/share/messages/local_setup.sh
[0.865s] -- Up-to-date: /home/robofei/Downloads/GC/install/messages/share/messages/local_setup.zsh
[0.866s] -- Up-to-date: /home/robofei/Downloads/GC/install/messages/share/messages/local_setup.dsv
[0.866s] -- Installing: /home/robofei/Downloads/GC/install/messages/share/messages/package.dsv
[0.866s] -- Up-to-date: /home/robofei/Downloads/GC/install/messages/share/ament_index/resource_index/packages/messages
[0.866s] -- Up-to-date: /home/robofei/Downloads/GC/install/messages/share/messages/cmake/messages__rosidl_generator_cExport.cmake
[0.866s] -- Up-to-date: /home/robofei/Downloads/GC/install/messages/share/messages/cmake/messages__rosidl_generator_cExport-noconfig.cmake
[0.867s] -- Up-to-date: /home/robofei/Downloads/GC/install/messages/share/messages/cmake/messages__rosidl_typesupport_introspection_cExport.cmake
[0.867s] -- Up-to-date: /home/robofei/Downloads/GC/install/messages/share/messages/cmake/messages__rosidl_typesupport_introspection_cExport-noconfig.cmake
[0.867s] -- Up-to-date: /home/robofei/Downloads/GC/install/messages/share/messages/cmake/messages__rosidl_typesupport_cExport.cmake
[0.867s] -- Up-to-date: /home/robofei/Downloads/GC/install/messages/share/messages/cmake/messages__rosidl_typesupport_cExport-noconfig.cmake
[0.867s] -- Up-to-date: /home/robofei/Downloads/GC/install/messages/share/messages/cmake/messages__rosidl_generator_cppExport.cmake
[0.867s] -- Up-to-date: /home/robofei/Downloads/GC/install/messages/share/messages/cmake/messages__rosidl_typesupport_introspection_cppExport.cmake
[0.867s] -- Up-to-date: /home/robofei/Downloads/GC/install/messages/share/messages/cmake/messages__rosidl_typesupport_introspection_cppExport-noconfig.cmake
[0.868s] -- Up-to-date: /home/robofei/Downloads/GC/install/messages/share/messages/cmake/messages__rosidl_typesupport_cppExport.cmake
[0.868s] -- Up-to-date: /home/robofei/Downloads/GC/install/messages/share/messages/cmake/messages__rosidl_typesupport_cppExport-noconfig.cmake
[0.868s] -- Up-to-date: /home/robofei/Downloads/GC/install/messages/share/messages/cmake/rosidl_cmake-extras.cmake
[0.868s] -- Up-to-date: /home/robofei/Downloads/GC/install/messages/share/messages/cmake/ament_cmake_export_dependencies-extras.cmake
[0.868s] -- Up-to-date: /home/robofei/Downloads/GC/install/messages/share/messages/cmake/ament_cmake_export_libraries-extras.cmake
[0.868s] -- Up-to-date: /home/robofei/Downloads/GC/install/messages/share/messages/cmake/ament_cmake_export_targets-extras.cmake
[0.869s] -- Up-to-date: /home/robofei/Downloads/GC/install/messages/share/messages/cmake/ament_cmake_export_include_directories-extras.cmake
[0.869s] -- Up-to-date: /home/robofei/Downloads/GC/install/messages/share/messages/cmake/rosidl_cmake_export_typesupport_libraries-extras.cmake
[0.869s] -- Up-to-date: /home/robofei/Downloads/GC/install/messages/share/messages/cmake/rosidl_cmake_export_typesupport_targets-extras.cmake
[0.870s] -- Up-to-date: /home/robofei/Downloads/GC/install/messages/share/messages/cmake/messagesConfig.cmake
[0.870s] -- Up-to-date: /home/robofei/Downloads/GC/install/messages/share/messages/cmake/messagesConfig-version.cmake
[0.880s] -- Up-to-date: /home/robofei/Downloads/GC/install/messages/share/messages/package.xml
[0.880s] Invoked command in '/home/robofei/Downloads/GC/build/messages' returned '0': CMAKE_PREFIX_PATH=${CMAKE_PREFIX_PATH}:/home/robofei/Downloads/GC/install/controller:/opt/ros/foxy /usr/bin/cmake --install /home/robofei/Downloads/GC/build/messages
