[0.252s] Invoking command in '/home/robofei/ROS2/action/build/custom_interfaces': CMAKE_PREFIX_PATH=/opt/ros/foxy /usr/bin/cmake --build /home/robofei/ROS2/action/build/custom_interfaces -- -j4 -l4
[1.158s] [  2%] Built target custom_interfaces__cpp
[1.257s] [ 12%] Built target custom_interfaces__rosidl_generator_c
[1.291s] [ 23%] Built target custom_interfaces__rosidl_typesupport_cpp
[1.291s] [ 34%] Built target custom_interfaces__rosidl_typesupport_introspection_cpp
[1.316s] [ 44%] Built target custom_interfaces__rosidl_typesupport_introspection_c
[1.318s] [ 55%] Built target custom_interfaces__rosidl_typesupport_c
[1.385s] [ 65%] Built target custom_interfaces__rosidl_typesupport_fastrtps_cpp
[1.481s] [ 76%] Built target custom_interfaces__rosidl_typesupport_fastrtps_c
[1.526s] [ 76%] Built target custom_interfaces
[1.632s] [ 78%] Built target custom_interfaces__py
[1.701s] [ 87%] Built target custom_interfaces__python
[1.778s] [ 91%] Built target custom_interfaces__rosidl_typesupport_c__pyext
[1.784s] [ 95%] Built target custom_interfaces__rosidl_typesupport_introspection_c__pyext
[1.785s] [100%] Built target custom_interfaces__rosidl_typesupport_fastrtps_c__pyext
[1.797s] Invoked command in '/home/robofei/ROS2/action/build/custom_interfaces' returned '0': CMAKE_PREFIX_PATH=/opt/ros/foxy /usr/bin/cmake --build /home/robofei/ROS2/action/build/custom_interfaces -- -j4 -l4
[1.890s] Invoking command in '/home/robofei/ROS2/action/build/custom_interfaces': CMAKE_PREFIX_PATH=/opt/ros/foxy /usr/bin/cmake --install /home/robofei/ROS2/action/build/custom_interfaces
[1.937s] -- Install configuration: ""
[1.954s] -- Execute custom install script
[1.992s] -- Up-to-date symlink: /home/robofei/ROS2/action/install/custom_interfaces/share/ament_index/resource_index/rosidl_interfaces/custom_interfaces
[2.045s] -- Up-to-date symlink: /home/robofei/ROS2/action/install/custom_interfaces/include/custom_interfaces/msg/decision.h
[2.046s] -- Up-to-date symlink: /home/robofei/ROS2/action/install/custom_interfaces/include/custom_interfaces/msg/detail/decision__functions.h
[2.055s] -- Up-to-date symlink: /home/robofei/ROS2/action/install/custom_interfaces/include/custom_interfaces/msg/detail/decision__struct.h
[2.057s] -- Up-to-date symlink: /home/robofei/ROS2/action/install/custom_interfaces/include/custom_interfaces/msg/detail/decision__type_support.h
[2.059s] -- Up-to-date symlink: /home/robofei/ROS2/action/install/custom_interfaces/include/custom_interfaces/msg/detail/set_position__functions.h
[2.060s] -- Up-to-date symlink: /home/robofei/ROS2/action/install/custom_interfaces/include/custom_interfaces/msg/detail/set_position__struct.h
[2.062s] -- Up-to-date symlink: /home/robofei/ROS2/action/install/custom_interfaces/include/custom_interfaces/msg/detail/set_position__type_support.h
[2.064s] -- Up-to-date symlink: /home/robofei/ROS2/action/install/custom_interfaces/include/custom_interfaces/msg/detail/set_position_sync__functions.h
[2.065s] -- Up-to-date symlink: /home/robofei/ROS2/action/install/custom_interfaces/include/custom_interfaces/msg/detail/set_position_sync__struct.h
[2.067s] -- Up-to-date symlink: /home/robofei/ROS2/action/install/custom_interfaces/include/custom_interfaces/msg/detail/set_position_sync__type_support.h
[2.068s] -- Up-to-date symlink: /home/robofei/ROS2/action/install/custom_interfaces/include/custom_interfaces/msg/rosidl_generator_c__visibility_control.h
[2.070s] -- Up-to-date symlink: /home/robofei/ROS2/action/install/custom_interfaces/include/custom_interfaces/msg/set_position.h
[2.071s] -- Up-to-date symlink: /home/robofei/ROS2/action/install/custom_interfaces/include/custom_interfaces/msg/set_position_sync.h
[2.073s] -- Up-to-date symlink: /home/robofei/ROS2/action/install/custom_interfaces/include/custom_interfaces/srv/detail/get_position__functions.h
[2.074s] -- Up-to-date symlink: /home/robofei/ROS2/action/install/custom_interfaces/include/custom_interfaces/srv/detail/get_position__struct.h
[2.075s] -- Up-to-date symlink: /home/robofei/ROS2/action/install/custom_interfaces/include/custom_interfaces/srv/detail/get_position__type_support.h
[2.077s] -- Up-to-date symlink: /home/robofei/ROS2/action/install/custom_interfaces/include/custom_interfaces/srv/get_position.h
[2.079s] -- Up-to-date symlink: /home/robofei/ROS2/action/install/custom_interfaces/share/custom_interfaces/environment/library_path.sh
[2.081s] -- Up-to-date symlink: /home/robofei/ROS2/action/install/custom_interfaces/share/custom_interfaces/environment/library_path.dsv
[2.087s] -- Up-to-date symlink: /home/robofei/ROS2/action/install/custom_interfaces/include/custom_interfaces/msg/detail/decision__rosidl_typesupport_fastrtps_c.h
[2.088s] -- Up-to-date symlink: /home/robofei/ROS2/action/install/custom_interfaces/include/custom_interfaces/msg/detail/set_position__rosidl_typesupport_fastrtps_c.h
[2.088s] -- Up-to-date symlink: /home/robofei/ROS2/action/install/custom_interfaces/include/custom_interfaces/msg/detail/set_position_sync__rosidl_typesupport_fastrtps_c.h
[2.089s] -- Up-to-date symlink: /home/robofei/ROS2/action/install/custom_interfaces/include/custom_interfaces/msg/rosidl_typesupport_fastrtps_c__visibility_control.h
[2.089s] -- Up-to-date symlink: /home/robofei/ROS2/action/install/custom_interfaces/include/custom_interfaces/srv/detail/get_position__rosidl_typesupport_fastrtps_c.h
[2.106s] -- Up-to-date symlink: /home/robofei/ROS2/action/install/custom_interfaces/lib/libcustom_interfaces__rosidl_typesupport_fastrtps_c.so
[2.108s] -- Up-to-date symlink: /home/robofei/ROS2/action/install/custom_interfaces/include/custom_interfaces/msg/detail/decision__rosidl_typesupport_fastrtps_cpp.hpp
[2.109s] -- Up-to-date symlink: /home/robofei/ROS2/action/install/custom_interfaces/include/custom_interfaces/msg/detail/set_position__rosidl_typesupport_fastrtps_cpp.hpp
[2.110s] -- Up-to-date symlink: /home/robofei/ROS2/action/install/custom_interfaces/include/custom_interfaces/msg/detail/set_position_sync__rosidl_typesupport_fastrtps_cpp.hpp
[2.110s] -- Up-to-date symlink: /home/robofei/ROS2/action/install/custom_interfaces/include/custom_interfaces/msg/rosidl_typesupport_fastrtps_cpp__visibility_control.h
[2.111s] -- Up-to-date symlink: /home/robofei/ROS2/action/install/custom_interfaces/include/custom_interfaces/srv/detail/get_position__rosidl_typesupport_fastrtps_cpp.hpp
[2.116s] -- Up-to-date symlink: /home/robofei/ROS2/action/install/custom_interfaces/lib/libcustom_interfaces__rosidl_typesupport_fastrtps_cpp.so
[2.130s] -- Up-to-date symlink: /home/robofei/ROS2/action/install/custom_interfaces/include/custom_interfaces/msg/detail/decision__rosidl_typesupport_introspection_c.h
[2.131s] -- Up-to-date symlink: /home/robofei/ROS2/action/install/custom_interfaces/include/custom_interfaces/msg/detail/set_position__rosidl_typesupport_introspection_c.h
[2.131s] -- Up-to-date symlink: /home/robofei/ROS2/action/install/custom_interfaces/include/custom_interfaces/msg/detail/set_position_sync__rosidl_typesupport_introspection_c.h
[2.132s] -- Up-to-date symlink: /home/robofei/ROS2/action/install/custom_interfaces/include/custom_interfaces/msg/rosidl_typesupport_introspection_c__visibility_control.h
[2.133s] -- Up-to-date symlink: /home/robofei/ROS2/action/install/custom_interfaces/include/custom_interfaces/srv/detail/get_position__rosidl_typesupport_introspection_c.h
[2.135s] -- Up-to-date symlink: /home/robofei/ROS2/action/install/custom_interfaces/include/custom_interfaces/msg/decision.hpp
[2.135s] -- Up-to-date symlink: /home/robofei/ROS2/action/install/custom_interfaces/include/custom_interfaces/msg/detail/decision__builder.hpp
[2.136s] -- Up-to-date symlink: /home/robofei/ROS2/action/install/custom_interfaces/include/custom_interfaces/msg/detail/decision__struct.hpp
[2.137s] -- Up-to-date symlink: /home/robofei/ROS2/action/install/custom_interfaces/include/custom_interfaces/msg/detail/decision__traits.hpp
[2.137s] -- Up-to-date symlink: /home/robofei/ROS2/action/install/custom_interfaces/include/custom_interfaces/msg/detail/set_position__builder.hpp
[2.138s] -- Up-to-date symlink: /home/robofei/ROS2/action/install/custom_interfaces/include/custom_interfaces/msg/detail/set_position__struct.hpp
[2.138s] -- Up-to-date symlink: /home/robofei/ROS2/action/install/custom_interfaces/include/custom_interfaces/msg/detail/set_position__traits.hpp
[2.139s] -- Up-to-date symlink: /home/robofei/ROS2/action/install/custom_interfaces/include/custom_interfaces/msg/detail/set_position_sync__builder.hpp
[2.140s] -- Up-to-date symlink: /home/robofei/ROS2/action/install/custom_interfaces/include/custom_interfaces/msg/detail/set_position_sync__struct.hpp
[2.140s] -- Up-to-date symlink: /home/robofei/ROS2/action/install/custom_interfaces/include/custom_interfaces/msg/detail/set_position_sync__traits.hpp
[2.141s] -- Up-to-date symlink: /home/robofei/ROS2/action/install/custom_interfaces/include/custom_interfaces/msg/set_position.hpp
[2.141s] -- Up-to-date symlink: /home/robofei/ROS2/action/install/custom_interfaces/include/custom_interfaces/msg/set_position_sync.hpp
[2.142s] -- Up-to-date symlink: /home/robofei/ROS2/action/install/custom_interfaces/include/custom_interfaces/srv/detail/get_position__builder.hpp
[2.142s] -- Up-to-date symlink: /home/robofei/ROS2/action/install/custom_interfaces/include/custom_interfaces/srv/detail/get_position__struct.hpp
[2.143s] -- Up-to-date symlink: /home/robofei/ROS2/action/install/custom_interfaces/include/custom_interfaces/srv/detail/get_position__traits.hpp
[2.144s] -- Up-to-date symlink: /home/robofei/ROS2/action/install/custom_interfaces/include/custom_interfaces/srv/get_position.hpp
[2.145s] -- Up-to-date symlink: /home/robofei/ROS2/action/install/custom_interfaces/include/custom_interfaces/msg/detail/decision__rosidl_typesupport_introspection_cpp.hpp
[2.146s] -- Up-to-date symlink: /home/robofei/ROS2/action/install/custom_interfaces/include/custom_interfaces/msg/detail/set_position__rosidl_typesupport_introspection_cpp.hpp
[2.147s] -- Up-to-date symlink: /home/robofei/ROS2/action/install/custom_interfaces/include/custom_interfaces/msg/detail/set_position_sync__rosidl_typesupport_introspection_cpp.hpp
[2.148s] -- Up-to-date symlink: /home/robofei/ROS2/action/install/custom_interfaces/include/custom_interfaces/srv/detail/get_position__rosidl_typesupport_introspection_cpp.hpp
[2.149s] -- Up-to-date symlink: /home/robofei/ROS2/action/install/custom_interfaces/share/custom_interfaces/environment/pythonpath.sh
[2.150s] -- Up-to-date symlink: /home/robofei/ROS2/action/install/custom_interfaces/share/custom_interfaces/environment/pythonpath.dsv
[2.151s] -- Up-to-date symlink: /home/robofei/ROS2/action/install/custom_interfaces/lib/python3.8/site-packages/custom_interfaces/__init__.py
[2.153s] -- Up-to-date symlink: /home/robofei/ROS2/action/install/custom_interfaces/lib/python3.8/site-packages/custom_interfaces/msg/__init__.py
[2.153s] -- Up-to-date symlink: /home/robofei/ROS2/action/install/custom_interfaces/lib/python3.8/site-packages/custom_interfaces/msg/_decision.py
[2.154s] -- Up-to-date symlink: /home/robofei/ROS2/action/install/custom_interfaces/lib/python3.8/site-packages/custom_interfaces/msg/_set_position.py
[2.155s] -- Up-to-date symlink: /home/robofei/ROS2/action/install/custom_interfaces/lib/python3.8/site-packages/custom_interfaces/msg/_set_position_sync.py
[2.156s] -- Up-to-date symlink: /home/robofei/ROS2/action/install/custom_interfaces/lib/python3.8/site-packages/custom_interfaces/srv/__init__.py
[2.157s] -- Up-to-date symlink: /home/robofei/ROS2/action/install/custom_interfaces/lib/python3.8/site-packages/custom_interfaces/srv/_get_position.py
[2.172s] -- Up-to-date symlink: /home/robofei/ROS2/action/install/custom_interfaces/lib/python3.8/site-packages/custom_interfaces/custom_interfaces_s__rosidl_typesupport_fastrtps_c.cpython-38-x86_64-linux-gnu.so
[2.176s] -- Up-to-date symlink: /home/robofei/ROS2/action/install/custom_interfaces/lib/python3.8/site-packages/custom_interfaces/custom_interfaces_s__rosidl_typesupport_introspection_c.cpython-38-x86_64-linux-gnu.so
[2.180s] -- Up-to-date symlink: /home/robofei/ROS2/action/install/custom_interfaces/lib/python3.8/site-packages/custom_interfaces/custom_interfaces_s__rosidl_typesupport_c.cpython-38-x86_64-linux-gnu.so
[2.183s] -- Up-to-date symlink: /home/robofei/ROS2/action/install/custom_interfaces/lib/libcustom_interfaces__python.so
[2.185s] -- Up-to-date symlink: /home/robofei/ROS2/action/install/custom_interfaces/share/custom_interfaces/msg/SetPosition.idl
[2.187s] -- Up-to-date symlink: /home/robofei/ROS2/action/install/custom_interfaces/share/custom_interfaces/msg/Decision.idl
[2.188s] -- Up-to-date symlink: /home/robofei/ROS2/action/install/custom_interfaces/share/custom_interfaces/srv/GetPosition.idl
[2.190s] -- Up-to-date symlink: /home/robofei/ROS2/action/install/custom_interfaces/share/custom_interfaces/msg/SetPosition.msg
[2.191s] -- Up-to-date symlink: /home/robofei/ROS2/action/install/custom_interfaces/share/custom_interfaces/msg/Decision.msg
[2.192s] -- Up-to-date symlink: /home/robofei/ROS2/action/install/custom_interfaces/share/custom_interfaces/srv/GetPosition.srv
[2.193s] -- Up-to-date symlink: /home/robofei/ROS2/action/install/custom_interfaces/share/custom_interfaces/srv/GetPosition_Request.msg
[2.194s] -- Up-to-date symlink: /home/robofei/ROS2/action/install/custom_interfaces/share/custom_interfaces/srv/GetPosition_Response.msg
[2.195s] -- Up-to-date symlink: /home/robofei/ROS2/action/install/custom_interfaces/share/ament_index/resource_index/package_run_dependencies/custom_interfaces
[2.196s] -- Up-to-date symlink: /home/robofei/ROS2/action/install/custom_interfaces/share/ament_index/resource_index/parent_prefix_path/custom_interfaces
[2.197s] -- Up-to-date symlink: /home/robofei/ROS2/action/install/custom_interfaces/share/custom_interfaces/environment/ament_prefix_path.sh
[2.198s] -- Up-to-date symlink: /home/robofei/ROS2/action/install/custom_interfaces/share/custom_interfaces/environment/ament_prefix_path.dsv
[2.198s] -- Up-to-date symlink: /home/robofei/ROS2/action/install/custom_interfaces/share/custom_interfaces/environment/path.sh
[2.199s] -- Up-to-date symlink: /home/robofei/ROS2/action/install/custom_interfaces/share/custom_interfaces/environment/path.dsv
[2.200s] -- Up-to-date symlink: /home/robofei/ROS2/action/install/custom_interfaces/share/custom_interfaces/local_setup.bash
[2.201s] -- Up-to-date symlink: /home/robofei/ROS2/action/install/custom_interfaces/share/custom_interfaces/local_setup.sh
[2.201s] -- Up-to-date symlink: /home/robofei/ROS2/action/install/custom_interfaces/share/custom_interfaces/local_setup.zsh
[2.202s] -- Up-to-date symlink: /home/robofei/ROS2/action/install/custom_interfaces/share/custom_interfaces/local_setup.dsv
[2.202s] -- Symlinking: /home/robofei/ROS2/action/install/custom_interfaces/share/custom_interfaces/package.dsv
[2.229s] -- Up-to-date symlink: /home/robofei/ROS2/action/install/custom_interfaces/share/ament_index/resource_index/packages/custom_interfaces
[2.230s] -- Up-to-date symlink: /home/robofei/ROS2/action/install/custom_interfaces/share/custom_interfaces/cmake/rosidl_cmake-extras.cmake
[2.231s] -- Up-to-date symlink: /home/robofei/ROS2/action/install/custom_interfaces/share/custom_interfaces/cmake/ament_cmake_export_dependencies-extras.cmake
[2.231s] -- Up-to-date symlink: /home/robofei/ROS2/action/install/custom_interfaces/share/custom_interfaces/cmake/ament_cmake_export_libraries-extras.cmake
[2.239s] -- Up-to-date symlink: /home/robofei/ROS2/action/install/custom_interfaces/share/custom_interfaces/cmake/ament_cmake_export_targets-extras.cmake
[2.240s] -- Up-to-date symlink: /home/robofei/ROS2/action/install/custom_interfaces/share/custom_interfaces/cmake/ament_cmake_export_include_directories-extras.cmake
[2.241s] -- Up-to-date symlink: /home/robofei/ROS2/action/install/custom_interfaces/share/custom_interfaces/cmake/rosidl_cmake_export_typesupport_libraries-extras.cmake
[2.242s] -- Up-to-date symlink: /home/robofei/ROS2/action/install/custom_interfaces/share/custom_interfaces/cmake/rosidl_cmake_export_typesupport_targets-extras.cmake
[2.242s] -- Up-to-date symlink: /home/robofei/ROS2/action/install/custom_interfaces/share/custom_interfaces/cmake/custom_interfacesConfig.cmake
[2.242s] -- Up-to-date symlink: /home/robofei/ROS2/action/install/custom_interfaces/share/custom_interfaces/cmake/custom_interfacesConfig-version.cmake
[2.243s] -- Up-to-date symlink: /home/robofei/ROS2/action/install/custom_interfaces/share/custom_interfaces/package.xml
[2.249s] -- Up-to-date: /home/robofei/ROS2/action/install/custom_interfaces/lib/libcustom_interfaces__rosidl_generator_c.so
[2.261s] -- Up-to-date: /home/robofei/ROS2/action/install/custom_interfaces/lib/libcustom_interfaces__rosidl_typesupport_introspection_c.so
[2.264s] -- Up-to-date: /home/robofei/ROS2/action/install/custom_interfaces/lib/libcustom_interfaces__rosidl_typesupport_c.so
[2.268s] -- Up-to-date: /home/robofei/ROS2/action/install/custom_interfaces/lib/libcustom_interfaces__rosidl_typesupport_introspection_cpp.so
[2.271s] -- Up-to-date: /home/robofei/ROS2/action/install/custom_interfaces/lib/libcustom_interfaces__rosidl_typesupport_cpp.so
[2.381s] -- Up-to-date: /home/robofei/ROS2/action/install/custom_interfaces/share/custom_interfaces/cmake/custom_interfaces__rosidl_generator_cExport.cmake
[2.381s] -- Up-to-date: /home/robofei/ROS2/action/install/custom_interfaces/share/custom_interfaces/cmake/custom_interfaces__rosidl_generator_cExport-noconfig.cmake
[2.381s] -- Up-to-date: /home/robofei/ROS2/action/install/custom_interfaces/share/custom_interfaces/cmake/custom_interfaces__rosidl_typesupport_introspection_cExport.cmake
[2.382s] -- Up-to-date: /home/robofei/ROS2/action/install/custom_interfaces/share/custom_interfaces/cmake/custom_interfaces__rosidl_typesupport_introspection_cExport-noconfig.cmake
[2.382s] -- Up-to-date: /home/robofei/ROS2/action/install/custom_interfaces/share/custom_interfaces/cmake/custom_interfaces__rosidl_typesupport_cExport.cmake
[2.382s] -- Up-to-date: /home/robofei/ROS2/action/install/custom_interfaces/share/custom_interfaces/cmake/custom_interfaces__rosidl_typesupport_cExport-noconfig.cmake
[2.382s] -- Up-to-date: /home/robofei/ROS2/action/install/custom_interfaces/share/custom_interfaces/cmake/custom_interfaces__rosidl_generator_cppExport.cmake
[2.383s] -- Up-to-date: /home/robofei/ROS2/action/install/custom_interfaces/share/custom_interfaces/cmake/custom_interfaces__rosidl_typesupport_introspection_cppExport.cmake
[2.383s] -- Up-to-date: /home/robofei/ROS2/action/install/custom_interfaces/share/custom_interfaces/cmake/custom_interfaces__rosidl_typesupport_introspection_cppExport-noconfig.cmake
[2.383s] -- Up-to-date: /home/robofei/ROS2/action/install/custom_interfaces/share/custom_interfaces/cmake/custom_interfaces__rosidl_typesupport_cppExport.cmake
[2.384s] -- Up-to-date: /home/robofei/ROS2/action/install/custom_interfaces/share/custom_interfaces/cmake/custom_interfaces__rosidl_typesupport_cppExport-noconfig.cmake
[2.401s] Invoked command in '/home/robofei/ROS2/action/build/custom_interfaces' returned '0': CMAKE_PREFIX_PATH=/opt/ros/foxy /usr/bin/cmake --install /home/robofei/ROS2/action/build/custom_interfaces
