[0.016s] Invoking command in '/home/robofei/ROS2/action/build/dynamixel_sdk_examples': AMENT_PREFIX_PATH=/home/robofei/ROS2/action/install/dynamixel_sdk_custom_interfaces:/home/robofei/ROS2/action/install/dynamixel_sdk:${AMENT_PREFIX_PATH} CMAKE_PREFIX_PATH=/home/robofei/ROS2/action/install/dynamixel_sdk_custom_interfaces:/home/robofei/ROS2/action/install/dynamixel_sdk:/opt/ros/foxy LD_LIBRARY_PATH=/home/robofei/ROS2/action/install/dynamixel_sdk_custom_interfaces/lib:/home/robofei/ROS2/action/install/dynamixel_sdk/lib:${LD_LIBRARY_PATH} PYTHONPATH=/home/robofei/ROS2/action/install/dynamixel_sdk_custom_interfaces/lib/python3.8/site-packages:${PYTHONPATH} /usr/bin/cmake --build /home/robofei/ROS2/action/build/dynamixel_sdk_examples -- -j4 -l4
[0.065s] [35m[1mScanning dependencies of target cmd_node[0m
[0.099s] [ 50%] [32mBuilding CXX object CMakeFiles/cmd_node.dir/src/cmd_process.cpp.o[0m
[0.733s] In file included from [01m[K/home/robofei/ROS2/action/src/dynamixel_sdk_examples/src/cmd_process.cpp:8[m[K:
[0.733s] [01m[K/opt/ros/foxy/include/rcutils/types/char_array.h:41:10:[m[K [01;31m[Kerror: [m[Kexpected ‘[01m[K)[m[K’ before ‘[01m[K*[m[K’ token
[0.733s]    41 |   size_t [01;31m[Kbuffer_capacity[m[K;
[0.733s]       |          [01;31m[K^~~~~~~~~~~~~~~[m[K
[0.733s] [01m[K/opt/ros/foxy/include/rcutils/types/char_array.h:41:10:[m[K [01;31m[Kerror: [m[Kexpected ‘[01m[K)[m[K’ before ‘[01m[K*[m[K’ token
[0.733s] [01m[K/opt/ros/foxy/include/rcutils/types/char_array.h:74:10:[m[K [01;31m[Kerror: [m[Kexpected ‘[01m[K)[m[K’ before ‘[01m[K([m[K’ token
[0.734s]    74 |   size_t [01;31m[Kbuffer_capacity[m[K,
[0.734s]       |          [01;31m[K^~~~~~~~~~~~~~~[m[K
[0.734s] [01m[K/opt/ros/foxy/include/rcutils/types/char_array.h:74:10:[m[K [01;31m[Kerror: [m[Kexpected ‘[01m[K)[m[K’ before ‘[01m[K([m[K’ token
[0.734s] In file included from [01m[K/opt/ros/foxy/include/rcutils/types.h:24[m[K,
[0.734s]                  from [01m[K/opt/ros/foxy/include/rcutils/time.h:26[m[K,
[0.734s]                  from [01m[K/opt/ros/foxy/include/rcutils/logging.h:25[m[K,
[0.734s]                  from [01m[K/opt/ros/foxy/include/rmw/types.h:28[m[K,
[0.734s]                  from [01m[K/opt/ros/foxy/include/rcl/types.h:18[m[K,
[0.734s]                  from [01m[K/opt/ros/foxy/include/rcl/arguments.h:20[m[K,
[0.734s]                  from [01m[K/opt/ros/foxy/include/rcl/context.h:26[m[K,
[0.734s]                  from [01m[K/opt/ros/foxy/include/rcl/guard_condition.h:24[m[K,
[0.734s]                  from [01m[K/opt/ros/foxy/include/rclcpp/executor.hpp:29[m[K,
[0.734s]                  from [01m[K/opt/ros/foxy/include/rclcpp/executors/multi_threaded_executor.hpp:26[m[K,
[0.734s]                  from [01m[K/opt/ros/foxy/include/rclcpp/executors.hpp:21[m[K,
[0.735s]                  from [01m[K/opt/ros/foxy/include/rclcpp/rclcpp.hpp:146[m[K,
[0.735s]                  from [01m[K/home/robofei/ROS2/action/src/dynamixel_sdk_examples/src/cmd_process.cpp:17[m[K:
[0.735s] [01m[K/opt/ros/foxy/include/rcutils/types/char_array.h:72:24:[m[K [01;36m[Knote: [m[Kto match this ‘[01m[K([m[K’
[0.735s]    72 | rcutils_char_array_init[01;36m[K([m[K
[0.735s]       |                        [01;36m[K^[m[K
[0.735s] In file included from [01m[K/home/robofei/ROS2/action/src/dynamixel_sdk_examples/src/cmd_process.cpp:8[m[K:
[0.735s] [01m[K/opt/ros/foxy/include/rcutils/types/char_array.h:74:10:[m[K [01;31m[Kerror: [m[Kinitializer provided for function
[0.735s]    74 |   size_t [01;31m[Kbuffer_capacity[m[K,
[0.735s]       |          [01;31m[K^~~~~~~~~~~~~~~[m[K
[0.735s] [01m[K/opt/ros/foxy/include/rcutils/types/char_array.h:74:10:[m[K [01;31m[Kerror: [m[Kexpected ‘[01m[K,[m[K’ or ‘[01m[K;[m[K’ before ‘[01m[K->[m[K’ token
[0.735s]    74 |   size_t [01;31m[Kbuffer_capacity[m[K,
[0.735s]       |          [01;31m[K^~~~~~~~~~~~~~~[m[K
[0.736s] [01m[K/opt/ros/foxy/include/rcutils/types/uint8_array.h:33:10:[m[K [01;31m[Kerror: [m[Kexpected ‘[01m[K)[m[K’ before ‘[01m[K*[m[K’ token
[0.736s]    33 |   size_t [01;31m[Kbuffer_capacity[m[K;
[0.736s]       |          [01;31m[K^~~~~~~~~~~~~~~[m[K
[0.736s] [01m[K/opt/ros/foxy/include/rcutils/types/uint8_array.h:33:10:[m[K [01;31m[Kerror: [m[Kexpected ‘[01m[K)[m[K’ before ‘[01m[K*[m[K’ token
[0.736s] [01m[K/opt/ros/foxy/include/rcutils/types/uint8_array.h:65:10:[m[K [01;31m[Kerror: [m[Kexpected ‘[01m[K)[m[K’ before ‘[01m[K([m[K’ token
[0.736s]    65 |   size_t [01;31m[Kbuffer_capacity[m[K,
[0.736s]       |          [01;31m[K^~~~~~~~~~~~~~~[m[K
[0.736s] [01m[K/opt/ros/foxy/include/rcutils/types/uint8_array.h:65:10:[m[K [01;31m[Kerror: [m[Kexpected ‘[01m[K)[m[K’ before ‘[01m[K([m[K’ token
[0.736s] In file included from [01m[K/opt/ros/foxy/include/rcutils/types.h:29[m[K,
[0.736s]                  from [01m[K/opt/ros/foxy/include/rcutils/time.h:26[m[K,
[0.736s]                  from [01m[K/opt/ros/foxy/include/rcutils/logging.h:25[m[K,
[0.736s]                  from [01m[K/opt/ros/foxy/include/rmw/types.h:28[m[K,
[0.736s]                  from [01m[K/opt/ros/foxy/include/rcl/types.h:18[m[K,
[0.736s]                  from [01m[K/opt/ros/foxy/include/rcl/arguments.h:20[m[K,
[0.736s]                  from [01m[K/opt/ros/foxy/include/rcl/context.h:26[m[K,
[0.736s]                  from [01m[K/opt/ros/foxy/include/rcl/guard_condition.h:24[m[K,
[0.737s]                  from [01m[K/opt/ros/foxy/include/rclcpp/executor.hpp:29[m[K,
[0.737s]                  from [01m[K/opt/ros/foxy/include/rclcpp/executors/multi_threaded_executor.hpp:26[m[K,
[0.737s]                  from [01m[K/opt/ros/foxy/include/rclcpp/executors.hpp:21[m[K,
[0.737s]                  from [01m[K/opt/ros/foxy/include/rclcpp/rclcpp.hpp:146[m[K,
[0.737s]                  from [01m[K/home/robofei/ROS2/action/src/dynamixel_sdk_examples/src/cmd_process.cpp:17[m[K:
[0.737s] [01m[K/opt/ros/foxy/include/rcutils/types/uint8_array.h:63:25:[m[K [01;36m[Knote: [m[Kto match this ‘[01m[K([m[K’
[0.737s]    63 | rcutils_uint8_array_init[01;36m[K([m[K
[0.737s]       |                         [01;36m[K^[m[K
[0.737s] In file included from [01m[K/home/robofei/ROS2/action/src/dynamixel_sdk_examples/src/cmd_process.cpp:8[m[K:
[0.737s] [01m[K/opt/ros/foxy/include/rcutils/types/uint8_array.h:65:10:[m[K [01;31m[Kerror: [m[Kinitializer provided for function
[0.738s]    65 |   size_t [01;31m[Kbuffer_capacity[m[K,
[0.738s]       |          [01;31m[K^~~~~~~~~~~~~~~[m[K
[0.738s] [01m[K/opt/ros/foxy/include/rcutils/types/uint8_array.h:65:10:[m[K [01;31m[Kerror: [m[Kexpected ‘[01m[K,[m[K’ or ‘[01m[K;[m[K’ before ‘[01m[K->[m[K’ token
[0.738s]    65 |   size_t [01;31m[Kbuffer_capacity[m[K,
[0.738s]       |          [01;31m[K^~~~~~~~~~~~~~~[m[K
[1.544s] [01m[K/home/robofei/ROS2/action/src/dynamixel_sdk_examples/src/cmd_process.cpp:25:26:[m[K [01;35m[Kwarning: [m[Knon-ISO-standard escape sequence, '\e'
[1.544s]    25 | const std::string azul = [01;35m[K"\e[0;36m"[m[K;
[1.544s]       |                          [01;35m[K^~~~~~~~~~[m[K
[1.544s] [01m[K/home/robofei/ROS2/action/src/dynamixel_sdk_examples/src/cmd_process.cpp:26:27:[m[K [01;35m[Kwarning: [m[Knon-ISO-standard escape sequence, '\e'
[1.545s]    26 | const std::string azulE = [01;35m[K"\e[0;34m"[m[K;
[1.545s]       |                           [01;35m[K^~~~~~~~~~[m[K
[1.545s] [01m[K/home/robofei/ROS2/action/src/dynamixel_sdk_examples/src/cmd_process.cpp:27:27:[m[K [01;35m[Kwarning: [m[Knon-ISO-standard escape sequence, '\e'
[1.545s]    27 | const std::string amare = [01;35m[K"\e[0;33m"[m[K;
[1.545s]       |                           [01;35m[K^~~~~~~~~~[m[K
[1.545s] [01m[K/home/robofei/ROS2/action/src/dynamixel_sdk_examples/src/cmd_process.cpp:28:27:[m[K [01;35m[Kwarning: [m[Knon-ISO-standard escape sequence, '\e'
[1.545s]    28 | const std::string verde = [01;35m[K"\e[0;32m"[m[K;
[1.545s]       |                           [01;35m[K^~~~~~~~~~[m[K
[1.545s] [01m[K/home/robofei/ROS2/action/src/dynamixel_sdk_examples/src/cmd_process.cpp:29:25:[m[K [01;35m[Kwarning: [m[Knon-ISO-standard escape sequence, '\e'
[1.545s]    29 | const std::string red = [01;35m[K"\e[0;31m"[m[K;
[1.545s]       |                         [01;35m[K^~~~~~~~~~[m[K
[1.546s] [01m[K/home/robofei/ROS2/action/src/dynamixel_sdk_examples/src/cmd_process.cpp:30:26:[m[K [01;35m[Kwarning: [m[Knon-ISO-standard escape sequence, '\e'
[1.546s]    30 | const std::string gray = [01;35m[K"\e[0;37m"[m[K;
[1.546s]       |                          [01;35m[K^~~~~~~~~~[m[K
[1.546s] [01m[K/home/robofei/ROS2/action/src/dynamixel_sdk_examples/src/cmd_process.cpp:31:26:[m[K [01;35m[Kwarning: [m[Knon-ISO-standard escape sequence, '\e'
[1.546s]    31 | const std::string nulo = [01;35m[K"\e[0m"[m[K;
[1.546s]       |                          [01;35m[K^~~~~~~[m[K
[1.546s] [01m[K/home/robofei/ROS2/action/src/dynamixel_sdk_examples/src/cmd_process.cpp:33:27:[m[K [01;35m[Kwarning: [m[Knon-ISO-standard escape sequence, '\e'
[1.546s]    33 | const std::string Lazul = [01;35m[K"\e[96m"[m[K;
[1.546s]       |                           [01;35m[K^~~~~~~~[m[K
[1.546s] [01m[K/home/robofei/ROS2/action/src/dynamixel_sdk_examples/src/cmd_process.cpp:34:28:[m[K [01;35m[Kwarning: [m[Knon-ISO-standard escape sequence, '\e'
[1.546s]    34 | const std::string LazulE = [01;35m[K"\e[94m"[m[K;
[1.546s]       |                            [01;35m[K^~~~~~~~[m[K
[1.546s] [01m[K/home/robofei/ROS2/action/src/dynamixel_sdk_examples/src/cmd_process.cpp:35:28:[m[K [01;35m[Kwarning: [m[Knon-ISO-standard escape sequence, '\e'
[1.546s]    35 | const std::string Lamare = [01;35m[K"\e[93m"[m[K;
[1.546s]       |                            [01;35m[K^~~~~~~~[m[K
[1.547s] [01m[K/home/robofei/ROS2/action/src/dynamixel_sdk_examples/src/cmd_process.cpp:36:28:[m[K [01;35m[Kwarning: [m[Knon-ISO-standard escape sequence, '\e'
[1.547s]    36 | const std::string Lverde = [01;35m[K"\e[92m"[m[K;
[1.547s]       |                            [01;35m[K^~~~~~~~[m[K
[1.547s] [01m[K/home/robofei/ROS2/action/src/dynamixel_sdk_examples/src/cmd_process.cpp:37:26:[m[K [01;35m[Kwarning: [m[Knon-ISO-standard escape sequence, '\e'
[1.547s]    37 | const std::string Lred = [01;35m[K"\e[91m"[m[K;
[1.547s]       |                          [01;35m[K^~~~~~~~[m[K
[1.547s] [01m[K/home/robofei/ROS2/action/src/dynamixel_sdk_examples/src/cmd_process.cpp:38:27:[m[K [01;35m[Kwarning: [m[Knon-ISO-standard escape sequence, '\e'
[1.547s]    38 | const std::string Lgray = [01;35m[K"\e[97m"[m[K;
[1.547s]       |                           [01;35m[K^~~~~~~~[m[K
[1.553s] [01m[K/home/robofei/ROS2/action/src/dynamixel_sdk_examples/src/cmd_process.cpp:[m[K In constructor ‘[01m[KAction_Editor_Pub::Action_Editor_Pub()[m[K’:
[1.553s] [01m[K/home/robofei/ROS2/action/src/dynamixel_sdk_examples/src/cmd_process.cpp:61:25:[m[K [01;31m[Kerror: [m[K‘[01m[KMinimalPublisher[m[K’ has not been declared
[1.553s]    61 |       500ms, std::bind(&[01;31m[KMinimalPublisher[m[K::timer_callback, this));
[1.554s]       |                         [01;31m[K^~~~~~~~~~~~~~~~[m[K
[1.554s] [01m[K/home/robofei/ROS2/action/src/dynamixel_sdk_examples/src/cmd_process.cpp:[m[K In member function ‘[01m[Kvoid Action_Editor_Pub::timer_callback()[m[K’:
[1.554s] [01m[K/home/robofei/ROS2/action/src/dynamixel_sdk_examples/src/cmd_process.cpp:69:2:[m[K [01;31m[Kerror: [m[Ka function-definition is not allowed here before ‘[01m[K{[m[K’ token
[1.554s]    69 |  [01;31m[K{[m[K
[1.554s]       |  [01;31m[K^[m[K
[1.554s] [01m[K/home/robofei/ROS2/action/src/dynamixel_sdk_examples/src/cmd_process.cpp:82:5:[m[K [01;31m[Kerror: [m[Ka function-definition is not allowed here before ‘[01m[K{[m[K’ token
[1.554s]    82 |     [01;31m[K{[m[K
[1.554s]       |     [01;31m[K^[m[K
[1.554s] [01m[K/home/robofei/ROS2/action/src/dynamixel_sdk_examples/src/cmd_process.cpp:109:2:[m[K [01;31m[Kerror: [m[Ka function-definition is not allowed here before ‘[01m[K{[m[K’ token
[1.554s]   109 |  [01;31m[K{[m[K
[1.554s]       |  [01;31m[K^[m[K
[1.555s] [01m[K/home/robofei/ROS2/action/src/dynamixel_sdk_examples/src/cmd_process.cpp:119:2:[m[K [01;31m[Kerror: [m[Ka function-definition is not allowed here before ‘[01m[K{[m[K’ token
[1.555s]   119 |  [01;31m[K{[m[K
[1.555s]       |  [01;31m[K^[m[K
[1.555s] [01m[K/home/robofei/ROS2/action/src/dynamixel_sdk_examples/src/cmd_process.cpp:124:2:[m[K [01;31m[Kerror: [m[Ka function-definition is not allowed here before ‘[01m[K{[m[K’ token
[1.555s]   124 |  [01;31m[K{[m[K
[1.555s]       |  [01;31m[K^[m[K
[1.555s] [01m[K/home/robofei/ROS2/action/src/dynamixel_sdk_examples/src/cmd_process.cpp:144:2:[m[K [01;31m[Kerror: [m[Ka function-definition is not allowed here before ‘[01m[K{[m[K’ token
[1.555s]   144 |  [01;31m[K{[m[K
[1.555s]       |  [01;31m[K^[m[K
[1.555s] [01m[K/home/robofei/ROS2/action/src/dynamixel_sdk_examples/src/cmd_process.cpp:160:2:[m[K [01;31m[Kerror: [m[Ka function-definition is not allowed here before ‘[01m[K{[m[K’ token
[1.555s]   160 |  [01;31m[K{[m[K
[1.555s]       |  [01;31m[K^[m[K
[1.555s] [01m[K/home/robofei/ROS2/action/src/dynamixel_sdk_examples/src/cmd_process.cpp:172:2:[m[K [01;31m[Kerror: [m[Ka function-definition is not allowed here before ‘[01m[K{[m[K’ token
[1.555s]   172 |  [01;31m[K{[m[K
[1.556s]       |  [01;31m[K^[m[K
[1.556s] [01m[K/home/robofei/ROS2/action/src/dynamixel_sdk_examples/src/cmd_process.cpp:186:2:[m[K [01;31m[Kerror: [m[Ka function-definition is not allowed here before ‘[01m[K{[m[K’ token
[1.556s]   186 |  [01;31m[K{[m[K
[1.556s]       |  [01;31m[K^[m[K
[1.556s] [01m[K/home/robofei/ROS2/action/src/dynamixel_sdk_examples/src/cmd_process.cpp:205:2:[m[K [01;31m[Kerror: [m[Ka function-definition is not allowed here before ‘[01m[K{[m[K’ token
[1.556s]   205 |  [01;31m[K{[m[K
[1.556s]       |  [01;31m[K^[m[K
[1.556s] [01m[K/home/robofei/ROS2/action/src/dynamixel_sdk_examples/src/cmd_process.cpp:251:2:[m[K [01;31m[Kerror: [m[Ka function-definition is not allowed here before ‘[01m[K{[m[K’ token
[1.556s]   251 |  [01;31m[K{[m[K
[1.556s]       |  [01;31m[K^[m[K
[1.556s] [01m[K/home/robofei/ROS2/action/src/dynamixel_sdk_examples/src/cmd_process.cpp:298:2:[m[K [01;31m[Kerror: [m[Ka function-definition is not allowed here before ‘[01m[K{[m[K’ token
[1.556s]   298 |  [01;31m[K{[m[K
[1.556s]       |  [01;31m[K^[m[K
[1.556s] [01m[K/home/robofei/ROS2/action/src/dynamixel_sdk_examples/src/cmd_process.cpp:327:2:[m[K [01;31m[Kerror: [m[Ka function-definition is not allowed here before ‘[01m[K{[m[K’ token
[1.556s]   327 |  [01;31m[K{[m[K
[1.556s]       |  [01;31m[K^[m[K
[1.557s] [01m[K/home/robofei/ROS2/action/src/dynamixel_sdk_examples/src/cmd_process.cpp:335:2:[m[K [01;31m[Kerror: [m[Ka function-definition is not allowed here before ‘[01m[K{[m[K’ token
[1.557s]   335 |  [01;31m[K{[m[K
[1.557s]       |  [01;31m[K^[m[K
[1.557s] [01m[K/home/robofei/ROS2/action/src/dynamixel_sdk_examples/src/cmd_process.cpp:419:2:[m[K [01;31m[Kerror: [m[Ka function-definition is not allowed here before ‘[01m[K{[m[K’ token
[1.557s]   419 |  [01;31m[K{[m[K
[1.557s]       |  [01;31m[K^[m[K
[1.557s] [01m[K/home/robofei/ROS2/action/src/dynamixel_sdk_examples/src/cmd_process.cpp:494:2:[m[K [01;31m[Kerror: [m[Ka function-definition is not allowed here before ‘[01m[K{[m[K’ token
[1.557s]   494 |  [01;31m[K{[m[K
[1.557s]       |  [01;31m[K^[m[K
[1.557s] [01m[K/home/robofei/ROS2/action/src/dynamixel_sdk_examples/src/cmd_process.cpp:551:2:[m[K [01;31m[Kerror: [m[Ka function-definition is not allowed here before ‘[01m[K{[m[K’ token
[1.557s]   551 |  [01;31m[K{[m[K
[1.557s]       |  [01;31m[K^[m[K
[1.557s] [01m[K/home/robofei/ROS2/action/src/dynamixel_sdk_examples/src/cmd_process.cpp:566:2:[m[K [01;31m[Kerror: [m[Ka function-definition is not allowed here before ‘[01m[K{[m[K’ token
[1.557s]   566 |  [01;31m[K{[m[K
[1.557s]       |  [01;31m[K^[m[K
[1.558s] [01m[K/home/robofei/ROS2/action/src/dynamixel_sdk_examples/src/cmd_process.cpp:571:2:[m[K [01;31m[Kerror: [m[Ka function-definition is not allowed here before ‘[01m[K{[m[K’ token
[1.558s]   571 |  [01;31m[K{[m[K
[1.558s]       |  [01;31m[K^[m[K
[1.558s] [01m[K/home/robofei/ROS2/action/src/dynamixel_sdk_examples/src/cmd_process.cpp:583:2:[m[K [01;31m[Kerror: [m[Ka function-definition is not allowed here before ‘[01m[K{[m[K’ token
[1.558s]   583 |  [01;31m[K{[m[K
[1.558s]       |  [01;31m[K^[m[K
[1.558s] [01m[K/home/robofei/ROS2/action/src/dynamixel_sdk_examples/src/cmd_process.cpp:588:2:[m[K [01;31m[Kerror: [m[Ka function-definition is not allowed here before ‘[01m[K{[m[K’ token
[1.558s]   588 |  [01;31m[K{[m[K
[1.558s]       |  [01;31m[K^[m[K
[1.558s] [01m[K/home/robofei/ROS2/action/src/dynamixel_sdk_examples/src/cmd_process.cpp:676:2:[m[K [01;31m[Kerror: [m[Ka function-definition is not allowed here before ‘[01m[K{[m[K’ token
[1.558s]   676 |  [01;31m[K{[m[K
[1.558s]       |  [01;31m[K^[m[K
[1.558s] [01m[K/home/robofei/ROS2/action/src/dynamixel_sdk_examples/src/cmd_process.cpp:880:2:[m[K [01;31m[Kerror: [m[Ka function-definition is not allowed here before ‘[01m[K{[m[K’ token
[1.558s]   880 |  [01;31m[K{[m[K
[1.558s]       |  [01;31m[K^[m[K
[1.558s] [01m[K/home/robofei/ROS2/action/src/dynamixel_sdk_examples/src/cmd_process.cpp:890:2:[m[K [01;31m[Kerror: [m[Ka function-definition is not allowed here before ‘[01m[K{[m[K’ token
[1.559s]   890 |  [01;31m[K{[m[K
[1.559s]       |  [01;31m[K^[m[K
[1.559s] [01m[K/home/robofei/ROS2/action/src/dynamixel_sdk_examples/src/cmd_process.cpp:899:2:[m[K [01;31m[Kerror: [m[Ka function-definition is not allowed here before ‘[01m[K{[m[K’ token
[1.559s]   899 |  [01;31m[K{[m[K
[1.559s]       |  [01;31m[K^[m[K
[1.559s] [01m[K/home/robofei/ROS2/action/src/dynamixel_sdk_examples/src/cmd_process.cpp:905:2:[m[K [01;31m[Kerror: [m[Ka function-definition is not allowed here before ‘[01m[K{[m[K’ token
[1.559s]   905 |  [01;31m[K{[m[K
[1.559s]       |  [01;31m[K^[m[K
[1.559s] [01m[K/home/robofei/ROS2/action/src/dynamixel_sdk_examples/src/cmd_process.cpp:945:2:[m[K [01;31m[Kerror: [m[Ka function-definition is not allowed here before ‘[01m[K{[m[K’ token
[1.559s]   945 |  [01;31m[K{[m[K
[1.559s]       |  [01;31m[K^[m[K
[1.559s] [01m[K/home/robofei/ROS2/action/src/dynamixel_sdk_examples/src/cmd_process.cpp:950:2:[m[K [01;31m[Kerror: [m[Ka function-definition is not allowed here before ‘[01m[K{[m[K’ token
[1.559s]   950 |  [01;31m[K{[m[K
[1.559s]       |  [01;31m[K^[m[K
[1.559s] [01m[K/home/robofei/ROS2/action/src/dynamixel_sdk_examples/src/cmd_process.cpp:955:2:[m[K [01;31m[Kerror: [m[Ka function-definition is not allowed here before ‘[01m[K{[m[K’ token
[1.560s]   955 |  [01;31m[K{[m[K
[1.560s]       |  [01;31m[K^[m[K
[1.560s] [01m[K/home/robofei/ROS2/action/src/dynamixel_sdk_examples/src/cmd_process.cpp:975:2:[m[K [01;31m[Kerror: [m[Ka function-definition is not allowed here before ‘[01m[K{[m[K’ token
[1.560s]   975 |  [01;31m[K{[m[K
[1.560s]       |  [01;31m[K^[m[K
[1.560s] [01m[K/home/robofei/ROS2/action/src/dynamixel_sdk_examples/src/cmd_process.cpp:982:2:[m[K [01;31m[Kerror: [m[Ka function-definition is not allowed here before ‘[01m[K{[m[K’ token
[1.560s]   982 |  [01;31m[K{[m[K
[1.560s]       |  [01;31m[K^[m[K
[1.560s] [01m[K/home/robofei/ROS2/action/src/dynamixel_sdk_examples/src/cmd_process.cpp:989:2:[m[K [01;31m[Kerror: [m[Ka function-definition is not allowed here before ‘[01m[K{[m[K’ token
[1.560s]   989 |  [01;31m[K{[m[K
[1.560s]       |  [01;31m[K^[m[K
[1.560s] [01m[K/home/robofei/ROS2/action/src/dynamixel_sdk_examples/src/cmd_process.cpp:1051:2:[m[K [01;31m[Kerror: [m[Ka function-definition is not allowed here before ‘[01m[K{[m[K’ token
[1.560s]  1051 |  [01;31m[K{[m[K
[1.560s]       |  [01;31m[K^[m[K
[1.560s] [01m[K/home/robofei/ROS2/action/src/dynamixel_sdk_examples/src/cmd_process.cpp:1115:2:[m[K [01;31m[Kerror: [m[Ka function-definition is not allowed here before ‘[01m[K{[m[K’ token
[1.560s]  1115 |  [01;31m[K{[m[K
[1.561s]       |  [01;31m[K^[m[K
[1.561s] [01m[K/home/robofei/ROS2/action/src/dynamixel_sdk_examples/src/cmd_process.cpp:1121:2:[m[K [01;31m[Kerror: [m[Ka function-definition is not allowed here before ‘[01m[K{[m[K’ token
[1.561s]  1121 |  [01;31m[K{[m[K
[1.561s]       |  [01;31m[K^[m[K
[1.561s] [01m[K/home/robofei/ROS2/action/src/dynamixel_sdk_examples/src/cmd_process.cpp:1139:2:[m[K [01;31m[Kerror: [m[Ka function-definition is not allowed here before ‘[01m[K{[m[K’ token
[1.561s]  1139 |  [01;31m[K{[m[K
[1.561s]       |  [01;31m[K^[m[K
[1.561s] [01m[K/home/robofei/ROS2/action/src/dynamixel_sdk_examples/src/cmd_process.cpp:1178:2:[m[K [01;31m[Kerror: [m[Ka function-definition is not allowed here before ‘[01m[K{[m[K’ token
[1.561s]  1178 |  [01;31m[K{[m[K
[1.561s]       |  [01;31m[K^[m[K
[1.562s] [01m[K/home/robofei/ROS2/action/src/dynamixel_sdk_examples/src/cmd_process.cpp:1219:2:[m[K [01;31m[Kerror: [m[Ka function-definition is not allowed here before ‘[01m[K{[m[K’ token
[1.562s]  1219 |  [01;31m[K{[m[K
[1.562s]       |  [01;31m[K^[m[K
[1.562s] [01m[K/home/robofei/ROS2/action/src/dynamixel_sdk_examples/src/cmd_process.cpp:1259:2:[m[K [01;31m[Kerror: [m[Ka function-definition is not allowed here before ‘[01m[K{[m[K’ token
[1.562s]  1259 |  [01;31m[K{[m[K
[1.562s]       |  [01;31m[K^[m[K
[1.562s] [01m[K/home/robofei/ROS2/action/src/dynamixel_sdk_examples/src/cmd_process.cpp:1273:2:[m[K [01;31m[Kerror: [m[Ka function-definition is not allowed here before ‘[01m[K{[m[K’ token
[1.562s]  1273 |  [01;31m[K{[m[K
[1.562s]       |  [01;31m[K^[m[K
[1.562s] [01m[K/home/robofei/ROS2/action/src/dynamixel_sdk_examples/src/cmd_process.cpp:1280:2:[m[K [01;31m[Kerror: [m[Ka function-definition is not allowed here before ‘[01m[K{[m[K’ token
[1.562s]  1280 |  [01;31m[K{[m[K
[1.562s]       |  [01;31m[K^[m[K
[1.563s] [01m[K/home/robofei/ROS2/action/src/dynamixel_sdk_examples/src/cmd_process.cpp:1331:2:[m[K [01;31m[Kerror: [m[Ka function-definition is not allowed here before ‘[01m[K{[m[K’ token
[1.563s]  1331 |  [01;31m[K{[m[K
[1.563s]       |  [01;31m[K^[m[K
[1.563s] [01m[K/home/robofei/ROS2/action/src/dynamixel_sdk_examples/src/cmd_process.cpp:1337:2:[m[K [01;31m[Kerror: [m[Ka function-definition is not allowed here before ‘[01m[K{[m[K’ token
[1.563s]  1337 |  [01;31m[K{[m[K
[1.563s]       |  [01;31m[K^[m[K
[1.563s] [01m[K/home/robofei/ROS2/action/src/dynamixel_sdk_examples/src/cmd_process.cpp:1343:2:[m[K [01;31m[Kerror: [m[Ka function-definition is not allowed here before ‘[01m[K{[m[K’ token
[1.563s]  1343 |  [01;31m[K{[m[K
[1.563s]       |  [01;31m[K^[m[K
[1.563s] [01m[K/home/robofei/ROS2/action/src/dynamixel_sdk_examples/src/cmd_process.cpp:1352:2:[m[K [01;31m[Kerror: [m[Ka function-definition is not allowed here before ‘[01m[K{[m[K’ token
[1.563s]  1352 |  [01;31m[K{[m[K
[1.563s]       |  [01;31m[K^[m[K
[1.563s] [01m[K/home/robofei/ROS2/action/src/dynamixel_sdk_examples/src/cmd_process.cpp:1362:2:[m[K [01;31m[Kerror: [m[Ka function-definition is not allowed here before ‘[01m[K{[m[K’ token
[1.563s]  1362 |  [01;31m[K{[m[K
[1.563s]       |  [01;31m[K^[m[K
[1.564s] [01m[K/home/robofei/ROS2/action/src/dynamixel_sdk_examples/src/cmd_process.cpp:107:17:[m[K [01;35m[Kwarning: [m[Kunused variable ‘[01m[Koldterm[m[K’ [[01;35m[K-Wunused-variable[m[K]
[1.564s]   107 |  struct termios [01;35m[Koldterm[m[K, new_term;
[1.564s]       |                 [01;35m[K^~~~~~~[m[K
[1.564s] [01m[K/home/robofei/ROS2/action/src/dynamixel_sdk_examples/src/cmd_process.cpp:107:26:[m[K [01;35m[Kwarning: [m[Kunused variable ‘[01m[Knew_term[m[K’ [[01;35m[K-Wunused-variable[m[K]
[1.564s]   107 |  struct termios oldterm, [01;35m[Knew_term[m[K;
[1.564s]       |                          [01;35m[K^~~~~~~~[m[K
[2.451s] make[2]: *** [CMakeFiles/cmd_node.dir/build.make:63: CMakeFiles/cmd_node.dir/src/cmd_process.cpp.o] Error 1
[2.451s] make[1]: *** [CMakeFiles/Makefile2:78: CMakeFiles/cmd_node.dir/all] Error 2
[2.451s] make: *** [Makefile:141: all] Error 2
[2.453s] Invoked command in '/home/robofei/ROS2/action/build/dynamixel_sdk_examples' returned '2': AMENT_PREFIX_PATH=/home/robofei/ROS2/action/install/dynamixel_sdk_custom_interfaces:/home/robofei/ROS2/action/install/dynamixel_sdk:${AMENT_PREFIX_PATH} CMAKE_PREFIX_PATH=/home/robofei/ROS2/action/install/dynamixel_sdk_custom_interfaces:/home/robofei/ROS2/action/install/dynamixel_sdk:/opt/ros/foxy LD_LIBRARY_PATH=/home/robofei/ROS2/action/install/dynamixel_sdk_custom_interfaces/lib:/home/robofei/ROS2/action/install/dynamixel_sdk/lib:${LD_LIBRARY_PATH} PYTHONPATH=/home/robofei/ROS2/action/install/dynamixel_sdk_custom_interfaces/lib/python3.8/site-packages:${PYTHONPATH} /usr/bin/cmake --build /home/robofei/ROS2/action/build/dynamixel_sdk_examples -- -j4 -l4
