[0.319s] Invoking command in '/home/robofei/ROS2/action/build/action': CMAKE_PREFIX_PATH=/opt/ros/foxy /usr/bin/cmake /home/robofei/ROS2/action -DCMAKE_INSTALL_PREFIX=/home/robofei/ROS2/action/install/action
[2.779s] -- The C compiler identification is GNU 9.3.0
[4.305s] -- The CXX compiler identification is GNU 9.3.0
[4.410s] -- Check for working C compiler: /usr/bin/cc
[4.613s] -- Check for working C compiler: /usr/bin/cc -- works
[4.615s] -- Detecting C compiler ABI info
[4.737s] -- Detecting C compiler ABI info - done
[4.750s] -- Detecting C compile features
[4.771s] -- Detecting C compile features - done
[4.784s] -- Check for working CXX compiler: /usr/bin/c++
[4.889s] -- Check for working CXX compiler: /usr/bin/c++ -- works
[4.891s] -- Detecting CXX compiler ABI info
[4.974s] -- Detecting CXX compiler ABI info - done
[4.987s] -- Detecting CXX compile features
[4.988s] -- Detecting CXX compile features - done
[5.183s] -- Found ament_cmake: 0.9.9 (/opt/ros/foxy/share/ament_cmake/cmake)
[5.349s] -- Found PythonInterp: /usr/bin/python3 (found suitable version "3.8.10", minimum required is "3") 
[5.349s] -- Using PYTHON_EXECUTABLE: /usr/bin/python3
[5.777s] -- Found dynamixel_sdk: 3.7.40 (/opt/ros/foxy/share/dynamixel_sdk/cmake)
[5.983s] CMake Error at CMakeLists.txt:21 (find_package):
[5.983s]   By not providing "Finddynamixel_sdk_custom_interfaces.cmake" in
[5.983s]   CMAKE_MODULE_PATH this project has asked CMake to find a package
[5.983s]   configuration file provided by "dynamixel_sdk_custom_interfaces", but CMake
[5.983s]   did not find one.
[5.983s] 
[5.983s]   Could not find a package configuration file provided by
[5.983s]   "dynamixel_sdk_custom_interfaces" with any of the following names:
[5.984s] 
[5.984s]     dynamixel_sdk_custom_interfacesConfig.cmake
[5.984s]     dynamixel_sdk_custom_interfaces-config.cmake
[5.984s] 
[5.984s]   Add the installation prefix of "dynamixel_sdk_custom_interfaces" to
[5.984s]   CMAKE_PREFIX_PATH or set "dynamixel_sdk_custom_interfaces_DIR" to a
[5.984s]   directory containing one of the above files.  If
[5.984s]   "dynamixel_sdk_custom_interfaces" provides a separate development package
[5.984s]   or SDK, be sure it has been installed.
[5.985s] 
[5.985s] 
[5.985s] -- Configuring incomplete, errors occurred!
[5.985s] See also "/home/robofei/ROS2/action/build/action/CMakeFiles/CMakeOutput.log".
[5.988s] Invoked command in '/home/robofei/ROS2/action/build/action' returned '1': CMAKE_PREFIX_PATH=/opt/ros/foxy /usr/bin/cmake /home/robofei/ROS2/action -DCMAKE_INSTALL_PREFIX=/home/robofei/ROS2/action/install/action
