[0.020s] Invoking command in '/home/robofei/ROS2/decision_pkg/build/messages': CMAKE_PREFIX_PATH=${CMAKE_PREFIX_PATH}:/home/robofei/ROS2/decision_pkg/install/decision_pkg:/opt/ros/foxy /usr/bin/cmake --build /home/robofei/ROS2/decision_pkg/build/messages -- -j4 -l4
[0.096s] [  6%] Built target messages__cpp
[0.096s] [ 12%] Built target messages__rosidl_generator_c
[0.149s] [ 22%] Built target messages__rosidl_typesupport_c
[0.157s] [ 32%] Built target messages__rosidl_typesupport_introspection_c
[0.188s] [ 41%] Built target messages__rosidl_typesupport_cpp
[0.199s] [ 51%] Built target messages__rosidl_typesupport_fastrtps_cpp
[0.201s] [ 61%] Built target messages__rosidl_typesupport_introspection_cpp
[0.230s] [ 70%] Built target messages__rosidl_typesupport_fastrtps_c
[0.252s] [ 70%] Built target messages
[0.275s] [ 74%] Built target messages__py
[0.318s] [ 80%] Built target messages__python
[0.360s] [ 87%] Built target messages__rosidl_typesupport_introspection_c__pyext
[0.361s] [100%] Built target messages__rosidl_typesupport_c__pyext
[0.361s] [100%] Built target messages__rosidl_typesupport_fastrtps_c__pyext
[0.375s] Invoked command in '/home/robofei/ROS2/decision_pkg/build/messages' returned '0': CMAKE_PREFIX_PATH=${CMAKE_PREFIX_PATH}:/home/robofei/ROS2/decision_pkg/install/decision_pkg:/opt/ros/foxy /usr/bin/cmake --build /home/robofei/ROS2/decision_pkg/build/messages -- -j4 -l4
[0.435s] Invoking command in '/home/robofei/ROS2/decision_pkg/build/messages': CMAKE_PREFIX_PATH=${CMAKE_PREFIX_PATH}:/home/robofei/ROS2/decision_pkg/install/decision_pkg:/opt/ros/foxy /usr/bin/cmake --install /home/robofei/ROS2/decision_pkg/build/messages
[0.445s] -- Install configuration: ""
[0.446s] -- Execute custom install script
[0.446s] -- Up-to-date symlink: /home/robofei/ROS2/decision_pkg/install/messages/share/ament_index/resource_index/rosidl_interfaces/messages
[0.447s] -- Up-to-date symlink: /home/robofei/ROS2/decision_pkg/install/messages/include/messages/msg/detail/humanoid_league_msgs__functions.h
[0.448s] -- Up-to-date symlink: /home/robofei/ROS2/decision_pkg/install/messages/include/messages/msg/detail/humanoid_league_msgs__struct.h
[0.448s] -- Up-to-date symlink: /home/robofei/ROS2/decision_pkg/install/messages/include/messages/msg/detail/humanoid_league_msgs__type_support.h
[0.448s] -- Up-to-date symlink: /home/robofei/ROS2/decision_pkg/install/messages/include/messages/msg/humanoid_league_msgs.h
[0.449s] -- Up-to-date symlink: /home/robofei/ROS2/decision_pkg/install/messages/include/messages/msg/rosidl_generator_c__visibility_control.h
[0.449s] -- Up-to-date symlink: /home/robofei/ROS2/decision_pkg/install/messages/share/messages/environment/library_path.sh
[0.449s] -- Up-to-date symlink: /home/robofei/ROS2/decision_pkg/install/messages/share/messages/environment/library_path.dsv
[0.450s] -- Up-to-date symlink: /home/robofei/ROS2/decision_pkg/install/messages/include/messages/msg/detail/humanoid_league_msgs__rosidl_typesupport_fastrtps_c.h
[0.451s] -- Up-to-date symlink: /home/robofei/ROS2/decision_pkg/install/messages/include/messages/msg/rosidl_typesupport_fastrtps_c__visibility_control.h
[0.451s] -- Up-to-date symlink: /home/robofei/ROS2/decision_pkg/install/messages/lib/libmessages__rosidl_typesupport_fastrtps_c.so
[0.452s] -- Up-to-date symlink: /home/robofei/ROS2/decision_pkg/install/messages/include/messages/msg/detail/humanoid_league_msgs__rosidl_typesupport_fastrtps_cpp.hpp
[0.453s] -- Up-to-date symlink: /home/robofei/ROS2/decision_pkg/install/messages/include/messages/msg/rosidl_typesupport_fastrtps_cpp__visibility_control.h
[0.453s] -- Up-to-date symlink: /home/robofei/ROS2/decision_pkg/install/messages/lib/libmessages__rosidl_typesupport_fastrtps_cpp.so
[0.454s] -- Up-to-date symlink: /home/robofei/ROS2/decision_pkg/install/messages/include/messages/msg/detail/humanoid_league_msgs__rosidl_typesupport_introspection_c.h
[0.454s] -- Up-to-date symlink: /home/robofei/ROS2/decision_pkg/install/messages/include/messages/msg/rosidl_typesupport_introspection_c__visibility_control.h
[0.455s] -- Up-to-date symlink: /home/robofei/ROS2/decision_pkg/install/messages/include/messages/msg/detail/humanoid_league_msgs__builder.hpp
[0.455s] -- Up-to-date symlink: /home/robofei/ROS2/decision_pkg/install/messages/include/messages/msg/detail/humanoid_league_msgs__struct.hpp
[0.456s] -- Up-to-date symlink: /home/robofei/ROS2/decision_pkg/install/messages/include/messages/msg/detail/humanoid_league_msgs__traits.hpp
[0.456s] -- Up-to-date symlink: /home/robofei/ROS2/decision_pkg/install/messages/include/messages/msg/humanoid_league_msgs.hpp
[0.457s] -- Up-to-date symlink: /home/robofei/ROS2/decision_pkg/install/messages/include/messages/msg/detail/humanoid_league_msgs__rosidl_typesupport_introspection_cpp.hpp
[0.457s] -- Up-to-date symlink: /home/robofei/ROS2/decision_pkg/install/messages/share/messages/environment/pythonpath.sh
[0.458s] -- Up-to-date symlink: /home/robofei/ROS2/decision_pkg/install/messages/share/messages/environment/pythonpath.dsv
[0.458s] -- Up-to-date symlink: /home/robofei/ROS2/decision_pkg/install/messages/lib/python3.8/site-packages/messages/__init__.py
[0.459s] -- Up-to-date symlink: /home/robofei/ROS2/decision_pkg/install/messages/lib/python3.8/site-packages/messages/msg/__init__.py
[0.459s] -- Up-to-date symlink: /home/robofei/ROS2/decision_pkg/install/messages/lib/python3.8/site-packages/messages/msg/_humanoid_league_msgs.py
[0.460s] -- Up-to-date symlink: /home/robofei/ROS2/decision_pkg/install/messages/lib/python3.8/site-packages/messages/messages_s__rosidl_typesupport_fastrtps_c.cpython-38-x86_64-linux-gnu.so
[0.460s] -- Up-to-date symlink: /home/robofei/ROS2/decision_pkg/install/messages/lib/python3.8/site-packages/messages/messages_s__rosidl_typesupport_introspection_c.cpython-38-x86_64-linux-gnu.so
[0.461s] -- Up-to-date symlink: /home/robofei/ROS2/decision_pkg/install/messages/lib/python3.8/site-packages/messages/messages_s__rosidl_typesupport_c.cpython-38-x86_64-linux-gnu.so
[0.462s] -- Up-to-date symlink: /home/robofei/ROS2/decision_pkg/install/messages/lib/libmessages__python.so
[0.462s] -- Up-to-date symlink: /home/robofei/ROS2/decision_pkg/install/messages/share/messages/msg/HumanoidLeagueMsgs.idl
[0.463s] -- Up-to-date symlink: /home/robofei/ROS2/decision_pkg/install/messages/share/messages/msg/HumanoidLeagueMsgs.msg
[0.463s] -- Up-to-date symlink: /home/robofei/ROS2/decision_pkg/install/messages/share/ament_index/resource_index/package_run_dependencies/messages
[0.464s] -- Up-to-date symlink: /home/robofei/ROS2/decision_pkg/install/messages/share/ament_index/resource_index/parent_prefix_path/messages
[0.464s] -- Up-to-date symlink: /home/robofei/ROS2/decision_pkg/install/messages/share/messages/environment/ament_prefix_path.sh
[0.464s] -- Up-to-date symlink: /home/robofei/ROS2/decision_pkg/install/messages/share/messages/environment/ament_prefix_path.dsv
[0.465s] -- Up-to-date symlink: /home/robofei/ROS2/decision_pkg/install/messages/share/messages/environment/path.sh
[0.465s] -- Up-to-date symlink: /home/robofei/ROS2/decision_pkg/install/messages/share/messages/environment/path.dsv
[0.466s] -- Up-to-date symlink: /home/robofei/ROS2/decision_pkg/install/messages/share/messages/local_setup.bash
[0.466s] -- Up-to-date symlink: /home/robofei/ROS2/decision_pkg/install/messages/share/messages/local_setup.sh
[0.467s] -- Up-to-date symlink: /home/robofei/ROS2/decision_pkg/install/messages/share/messages/local_setup.zsh
[0.467s] -- Up-to-date symlink: /home/robofei/ROS2/decision_pkg/install/messages/share/messages/local_setup.dsv
[0.467s] -- Symlinking: /home/robofei/ROS2/decision_pkg/install/messages/share/messages/package.dsv
[0.478s] -- Up-to-date symlink: /home/robofei/ROS2/decision_pkg/install/messages/share/ament_index/resource_index/packages/messages
[0.478s] -- Up-to-date symlink: /home/robofei/ROS2/decision_pkg/install/messages/share/messages/cmake/rosidl_cmake-extras.cmake
[0.478s] -- Up-to-date symlink: /home/robofei/ROS2/decision_pkg/install/messages/share/messages/cmake/ament_cmake_export_dependencies-extras.cmake
[0.479s] -- Up-to-date symlink: /home/robofei/ROS2/decision_pkg/install/messages/share/messages/cmake/ament_cmake_export_libraries-extras.cmake
[0.479s] -- Up-to-date symlink: /home/robofei/ROS2/decision_pkg/install/messages/share/messages/cmake/ament_cmake_export_targets-extras.cmake
[0.479s] -- Up-to-date symlink: /home/robofei/ROS2/decision_pkg/install/messages/share/messages/cmake/ament_cmake_export_include_directories-extras.cmake
[0.480s] -- Up-to-date symlink: /home/robofei/ROS2/decision_pkg/install/messages/share/messages/cmake/rosidl_cmake_export_typesupport_libraries-extras.cmake
[0.480s] -- Up-to-date symlink: /home/robofei/ROS2/decision_pkg/install/messages/share/messages/cmake/rosidl_cmake_export_typesupport_targets-extras.cmake
[0.481s] -- Up-to-date symlink: /home/robofei/ROS2/decision_pkg/install/messages/share/messages/cmake/messagesConfig.cmake
[0.481s] -- Up-to-date symlink: /home/robofei/ROS2/decision_pkg/install/messages/share/messages/cmake/messagesConfig-version.cmake
[0.481s] -- Up-to-date symlink: /home/robofei/ROS2/decision_pkg/install/messages/share/messages/package.xml
[0.482s] -- Up-to-date: /home/robofei/ROS2/decision_pkg/install/messages/lib/libmessages__rosidl_generator_c.so
[0.482s] -- Up-to-date: /home/robofei/ROS2/decision_pkg/install/messages/lib/libmessages__rosidl_typesupport_introspection_c.so
[0.483s] -- Up-to-date: /home/robofei/ROS2/decision_pkg/install/messages/lib/libmessages__rosidl_typesupport_c.so
[0.483s] -- Up-to-date: /home/robofei/ROS2/decision_pkg/install/messages/lib/libmessages__rosidl_typesupport_introspection_cpp.so
[0.484s] -- Up-to-date: /home/robofei/ROS2/decision_pkg/install/messages/lib/libmessages__rosidl_typesupport_cpp.so
[0.524s] -- Up-to-date: /home/robofei/ROS2/decision_pkg/install/messages/share/messages/cmake/messages__rosidl_generator_cExport.cmake
[0.525s] -- Up-to-date: /home/robofei/ROS2/decision_pkg/install/messages/share/messages/cmake/messages__rosidl_generator_cExport-noconfig.cmake
[0.525s] -- Up-to-date: /home/robofei/ROS2/decision_pkg/install/messages/share/messages/cmake/messages__rosidl_typesupport_introspection_cExport.cmake
[0.525s] -- Up-to-date: /home/robofei/ROS2/decision_pkg/install/messages/share/messages/cmake/messages__rosidl_typesupport_introspection_cExport-noconfig.cmake
[0.526s] -- Up-to-date: /home/robofei/ROS2/decision_pkg/install/messages/share/messages/cmake/messages__rosidl_typesupport_cExport.cmake
[0.526s] -- Up-to-date: /home/robofei/ROS2/decision_pkg/install/messages/share/messages/cmake/messages__rosidl_typesupport_cExport-noconfig.cmake
[0.526s] -- Up-to-date: /home/robofei/ROS2/decision_pkg/install/messages/share/messages/cmake/messages__rosidl_generator_cppExport.cmake
[0.526s] -- Up-to-date: /home/robofei/ROS2/decision_pkg/install/messages/share/messages/cmake/messages__rosidl_typesupport_introspection_cppExport.cmake
[0.526s] -- Up-to-date: /home/robofei/ROS2/decision_pkg/install/messages/share/messages/cmake/messages__rosidl_typesupport_introspection_cppExport-noconfig.cmake
[0.527s] -- Up-to-date: /home/robofei/ROS2/decision_pkg/install/messages/share/messages/cmake/messages__rosidl_typesupport_cppExport.cmake
[0.527s] -- Up-to-date: /home/robofei/ROS2/decision_pkg/install/messages/share/messages/cmake/messages__rosidl_typesupport_cppExport-noconfig.cmake
[0.530s] Invoked command in '/home/robofei/ROS2/decision_pkg/build/messages' returned '0': CMAKE_PREFIX_PATH=${CMAKE_PREFIX_PATH}:/home/robofei/ROS2/decision_pkg/install/decision_pkg:/opt/ros/foxy /usr/bin/cmake --install /home/robofei/ROS2/decision_pkg/build/messages
