[0.012s] Invoking command in '/home/robofei/ROS2/action/build/control': AMENT_PREFIX_PATH=/home/robofei/ROS2/action/install/dynamixel_sdk_custom_interfaces:${AMENT_PREFIX_PATH} CMAKE_PREFIX_PATH=/home/robofei/ROS2/action/install/dynamixel_sdk_custom_interfaces:/opt/ros/foxy LD_LIBRARY_PATH=/home/robofei/ROS2/action/install/dynamixel_sdk_custom_interfaces/lib:${LD_LIBRARY_PATH} PYTHONPATH=/home/robofei/ROS2/action/install/dynamixel_sdk_custom_interfaces/lib/python3.8/site-packages:${PYTHONPATH} /usr/bin/cmake --build /home/robofei/ROS2/action/build/control -- -j4 -l4
[0.058s] [35m[1mScanning dependencies of target control[0m
[0.089s] [ 50%] [32mBuilding CXX object CMakeFiles/control.dir/src/control.cpp.o[0m
[1.429s] [01m[K/home/robofei/ROS2/action/src/control/src/control.cpp:337:103:[m[K [01;31m[Kerror: [m[Kcannot define member function ‘[01m[KRobot::Walking::wsin[m[K’ within ‘[01m[KControl[m[K’
[1.429s]   337 | ble period, double period_shift, double mag, double mag_shift[01;31m[K)[m[K
[1.429s]       |                                                              [01;31m[K^[m[K
[1.429s] 
[1.429s] [01m[K/home/robofei/ROS2/action/src/control/src/control.cpp:342:96:[m[K [01;31m[Kerror: [m[Kcannot define member function ‘[01m[KRobot::Walking::computeIK[m[K’ within ‘[01m[KControl[m[K’
[1.429s]   342 | t, double x, double y, double z, double a, double b, double c[01;31m[K)[m[K
[1.430s]       |                                                              [01;31m[K^[m[K
[1.430s] 
[1.430s] [01m[K/home/robofei/ROS2/action/src/control/src/control.cpp:421:33:[m[K [01;31m[Kerror: [m[Kcannot define member function ‘[01m[KRobot::Walking::update_param_time[m[K’ within ‘[01m[KControl[m[K’
[1.430s]   421 | void Walking::update_param_time([01;31m[K)[m[K
[1.430s]       |                                 [01;31m[K^[m[K
[1.430s] [01m[K/home/robofei/ROS2/action/src/control/src/control.cpp:450:33:[m[K [01;31m[Kerror: [m[Kcannot define member function ‘[01m[KRobot::Walking::update_param_move[m[K’ within ‘[01m[KControl[m[K’
[1.430s]   450 | void Walking::update_param_move([01;31m[K)[m[K
[1.430s]       |                                 [01;31m[K^[m[K
[1.430s] [01m[K/home/robofei/ROS2/action/src/control/src/control.cpp:488:36:[m[K [01;31m[Kerror: [m[Kcannot define member function ‘[01m[KRobot::Walking::update_param_balance[m[K’ within ‘[01m[KControl[m[K’
[1.430s]   488 | void Walking::update_param_balance([01;31m[K)[m[K
[1.430s]       |                                    [01;31m[K^[m[K
[1.456s] [01m[K/home/robofei/ROS2/action/src/control/src/control.cpp:[m[K In member function ‘[01m[Kvoid Control::topic_callback(std::shared_ptr<dynamixel_sdk_custom_interfaces::msg::Decision_<std::allocator<void> > >) const[m[K’:
[1.457s] [01m[K/home/robofei/ROS2/action/src/control/src/control.cpp:70:14:[m[K [01;31m[Kerror: [m[K‘[01m[Km_Time[m[K’ was not declared in this scope; did you mean ‘[01m[Kmktime[m[K’?
[1.457s]    70 |           if([01;31m[Km_Time[m[K == 0)
[1.457s]       |              [01;31m[K^~~~~~[m[K
[1.457s]       |              [32m[Kmktime[m[K
[1.461s] [01m[K/home/robofei/ROS2/action/src/control/src/control.cpp:72:15:[m[K [01;31m[Kerror: [m[K‘[01m[Kupdate_param_time[m[K’ was not declared in this scope
[1.461s]    72 |               [01;31m[Kupdate_param_time[m[K();
[1.461s]       |               [01;31m[K^~~~~~~~~~~~~~~~~[m[K
[1.463s] [01m[K/home/robofei/ROS2/action/src/control/src/control.cpp:73:15:[m[K [01;31m[Kerror: [m[K‘[01m[Km_Phase[m[K’ was not declared in this scope
[1.463s]    73 |               [01;31m[Km_Phase[m[K = PHASE0;
[1.463s]       |               [01;31m[K^~~~~~~[m[K
[1.465s] [01m[K/home/robofei/ROS2/action/src/control/src/control.cpp:73:25:[m[K [01;31m[Kerror: [m[K‘[01m[KPHASE0[m[K’ was not declared in this scope
[1.465s]    73 |               m_Phase = [01;31m[KPHASE0[m[K;
[1.466s]       |                         [01;31m[K^~~~~~[m[K
[1.469s] [01m[K/home/robofei/ROS2/action/src/control/src/control.cpp:74:18:[m[K [01;31m[Kerror: [m[K‘[01m[Km_Ctrl_Running[m[K’ was not declared in this scope
[1.469s]    74 |               if([01;31m[Km_Ctrl_Running[m[K == false)
[1.469s]       |                  [01;31m[K^~~~~~~~~~~~~~[m[K
[1.474s] [01m[K/home/robofei/ROS2/action/src/control/src/control.cpp:76:22:[m[K [01;31m[Kerror: [m[K‘[01m[Km_X_Move_Amplitude[m[K’ was not declared in this scope
[1.474s]    76 |                   if([01;31m[Km_X_Move_Amplitude[m[K == 0 && m_Y_Move_Amplitude == 0 && m_A_Move_Amplitude == 0)
[1.474s]       |                      [01;31m[K^~~~~~~~~~~~~~~~~~[m[K
[1.479s] [01m[K/home/robofei/ROS2/action/src/control/src/control.cpp:76:49:[m[K [01;31m[Kerror: [m[K‘[01m[Km_Y_Move_Amplitude[m[K’ was not declared in this scope
[1.480s]    76 |                   if(m_X_Move_Amplitude == 0 && [01;31m[Km_Y_Move_Amplitude[m[K == 0 && m_A_Move_Amplitude == 0)
[1.480s]       |                                                 [01;31m[K^~~~~~~~~~~~~~~~~~[m[K
[1.486s] [01m[K/home/robofei/ROS2/action/src/control/src/control.cpp:76:76:[m[K [01;31m[Kerror: [m[K‘[01m[Km_A_Move_Amplitude[m[K’ was not declared in this scope
[1.486s]    76 |     if(m_X_Move_Amplitude == 0 && m_Y_Move_Amplitude == 0 && [01;31m[Km_A_Move_Amplitude[m[K == 0)
[1.486s]       |                                                              [01;31m[K^~~~~~~~~~~~~~~~~~[m[K
[1.486s] 
[1.491s] [01m[K/home/robofei/ROS2/action/src/control/src/control.cpp:78:23:[m[K [01;31m[Kerror: [m[K‘[01m[Km_Real_Running[m[K’ was not declared in this scope
[1.491s]    78 |                       [01;31m[Km_Real_Running[m[K = false;
[1.491s]       |                       [01;31m[K^~~~~~~~~~~~~~[m[K
[1.497s] [01m[K/home/robofei/ROS2/action/src/control/src/control.cpp:82:23:[m[K [01;31m[Kerror: [m[K‘[01m[KX_MOVE_AMPLITUDE[m[K’ was not declared in this scope
[1.497s]    82 |                       [01;31m[KX_MOVE_AMPLITUDE[m[K = 0;
[1.497s]       |                       [01;31m[K^~~~~~~~~~~~~~~~[m[K
[1.503s] [01m[K/home/robofei/ROS2/action/src/control/src/control.cpp:83:23:[m[K [01;31m[Kerror: [m[K‘[01m[KY_MOVE_AMPLITUDE[m[K’ was not declared in this scope
[1.503s]    83 |                       [01;31m[KY_MOVE_AMPLITUDE[m[K = 0;
[1.504s]       |                       [01;31m[K^~~~~~~~~~~~~~~~[m[K
[1.509s] [01m[K/home/robofei/ROS2/action/src/control/src/control.cpp:84:23:[m[K [01;31m[Kerror: [m[K‘[01m[KA_MOVE_AMPLITUDE[m[K’ was not declared in this scope
[1.509s]    84 |                       [01;31m[KA_MOVE_AMPLITUDE[m[K = 0;
[1.509s]       |                       [01;31m[K^~~~~~~~~~~~~~~~[m[K
[1.513s] [01m[K/home/robofei/ROS2/action/src/control/src/control.cpp:88:30:[m[K [01;31m[Kerror: [m[K‘[01m[Km_Phase_Time1[m[K’ was not declared in this scope
[1.513s]    88 |           else if(m_Time >= ([01;31m[Km_Phase_Time1[m[K - TIME_UNIT/2) && m_Time < (m_Phase_Time1 + TIME_UNIT/2))
[1.514s]       |                              [01;31m[K^~~~~~~~~~~~~[m[K
[1.519s] [01m[K/home/robofei/ROS2/action/src/control/src/control.cpp:90:15:[m[K [01;31m[Kerror: [m[K‘[01m[Kupdate_param_move[m[K’ was not declared in this scope
[1.519s]    90 |               [01;31m[Kupdate_param_move[m[K();
[1.519s]       |               [01;31m[K^~~~~~~~~~~~~~~~~[m[K
[1.522s] [01m[K/home/robofei/ROS2/action/src/control/src/control.cpp:91:15:[m[K [01;31m[Kerror: [m[K‘[01m[Km_Phase[m[K’ was not declared in this scope
[1.522s]    91 |               [01;31m[Km_Phase[m[K = PHASE1;
[1.522s]       |               [01;31m[K^~~~~~~[m[K
[1.525s] [01m[K/home/robofei/ROS2/action/src/control/src/control.cpp:91:25:[m[K [01;31m[Kerror: [m[K‘[01m[KPHASE1[m[K’ was not declared in this scope
[1.525s]    91 |               m_Phase = [01;31m[KPHASE1[m[K;
[1.525s]       |                         [01;31m[K^~~~~~[m[K
[1.531s] [01m[K/home/robofei/ROS2/action/src/control/src/control.cpp:93:30:[m[K [01;31m[Kerror: [m[K‘[01m[Km_Phase_Time2[m[K’ was not declared in this scope
[1.531s]    93 |           else if(m_Time >= ([01;31m[Km_Phase_Time2[m[K - TIME_UNIT/2) && m_Time < (m_Phase_Time2 + TIME_UNIT/2))
[1.531s]       |                              [01;31m[K^~~~~~~~~~~~~[m[K
[1.537s] [01m[K/home/robofei/ROS2/action/src/control/src/control.cpp:95:15:[m[K [01;31m[Kerror: [m[K‘[01m[Kupdate_param_time[m[K’ was not declared in this scope
[1.537s]    95 |               [01;31m[Kupdate_param_time[m[K();
[1.537s]       |               [01;31m[K^~~~~~~~~~~~~~~~~[m[K
[1.539s] [01m[K/home/robofei/ROS2/action/src/control/src/control.cpp:97:15:[m[K [01;31m[Kerror: [m[K‘[01m[Km_Phase[m[K’ was not declared in this scope
[1.539s]    97 |               [01;31m[Km_Phase[m[K = PHASE2;
[1.539s]       |               [01;31m[K^~~~~~~[m[K
[1.541s] [01m[K/home/robofei/ROS2/action/src/control/src/control.cpp:97:25:[m[K [01;31m[Kerror: [m[K‘[01m[KPHASE2[m[K’ was not declared in this scope
[1.542s]    97 |               m_Phase = [01;31m[KPHASE2[m[K;
[1.542s]       |                         [01;31m[K^~~~~~[m[K
[1.545s] [01m[K/home/robofei/ROS2/action/src/control/src/control.cpp:98:18:[m[K [01;31m[Kerror: [m[K‘[01m[Km_Ctrl_Running[m[K’ was not declared in this scope
[1.546s]    98 |               if([01;31m[Km_Ctrl_Running[m[K == false)
[1.546s]       |                  [01;31m[K^~~~~~~~~~~~~~[m[K
[1.551s] [01m[K/home/robofei/ROS2/action/src/control/src/control.cpp:100:22:[m[K [01;31m[Kerror: [m[K‘[01m[Km_X_Move_Amplitude[m[K’ was not declared in this scope
[1.551s]   100 |                   if([01;31m[Km_X_Move_Amplitude[m[K == 0 && m_Y_Move_Amplitude == 0 && m_A_Move_Amplitude == 0)
[1.551s]       |                      [01;31m[K^~~~~~~~~~~~~~~~~~[m[K
[1.557s] [01m[K/home/robofei/ROS2/action/src/control/src/control.cpp:100:49:[m[K [01;31m[Kerror: [m[K‘[01m[Km_Y_Move_Amplitude[m[K’ was not declared in this scope
[1.557s]   100 |                   if(m_X_Move_Amplitude == 0 && [01;31m[Km_Y_Move_Amplitude[m[K == 0 && m_A_Move_Amplitude == 0)
[1.557s]       |                                                 [01;31m[K^~~~~~~~~~~~~~~~~~[m[K
[1.562s] [01m[K/home/robofei/ROS2/action/src/control/src/control.cpp:100:76:[m[K [01;31m[Kerror: [m[K‘[01m[Km_A_Move_Amplitude[m[K’ was not declared in this scope
[1.562s]   100 |     if(m_X_Move_Amplitude == 0 && m_Y_Move_Amplitude == 0 && [01;31m[Km_A_Move_Amplitude[m[K == 0)
[1.563s]       |                                                              [01;31m[K^~~~~~~~~~~~~~~~~~[m[K
[1.563s] 
[1.567s] [01m[K/home/robofei/ROS2/action/src/control/src/control.cpp:102:23:[m[K [01;31m[Kerror: [m[K‘[01m[Km_Real_Running[m[K’ was not declared in this scope
[1.567s]   102 |                       [01;31m[Km_Real_Running[m[K = false;
[1.567s]       |                       [01;31m[K^~~~~~~~~~~~~~[m[K
[1.572s] [01m[K/home/robofei/ROS2/action/src/control/src/control.cpp:106:23:[m[K [01;31m[Kerror: [m[K‘[01m[KX_MOVE_AMPLITUDE[m[K’ was not declared in this scope
[1.572s]   106 |                       [01;31m[KX_MOVE_AMPLITUDE[m[K = 0;
[1.573s]       |                       [01;31m[K^~~~~~~~~~~~~~~~[m[K
[1.579s] [01m[K/home/robofei/ROS2/action/src/control/src/control.cpp:107:23:[m[K [01;31m[Kerror: [m[K‘[01m[KY_MOVE_AMPLITUDE[m[K’ was not declared in this scope
[1.579s]   107 |                       [01;31m[KY_MOVE_AMPLITUDE[m[K = 0;
[1.579s]       |                       [01;31m[K^~~~~~~~~~~~~~~~[m[K
[1.584s] [01m[K/home/robofei/ROS2/action/src/control/src/control.cpp:108:23:[m[K [01;31m[Kerror: [m[K‘[01m[KA_MOVE_AMPLITUDE[m[K’ was not declared in this scope
[1.584s]   108 |                       [01;31m[KA_MOVE_AMPLITUDE[m[K = 0;
[1.584s]       |                       [01;31m[K^~~~~~~~~~~~~~~~[m[K
[1.589s] [01m[K/home/robofei/ROS2/action/src/control/src/control.cpp:112:30:[m[K [01;31m[Kerror: [m[K‘[01m[Km_Phase_Time3[m[K’ was not declared in this scope
[1.589s]   112 |           else if(m_Time >= ([01;31m[Km_Phase_Time3[m[K - TIME_UNIT/2) && m_Time < (m_Phase_Time3 + TIME_UNIT/2))
[1.590s]       |                              [01;31m[K^~~~~~~~~~~~~[m[K
[1.594s] [01m[K/home/robofei/ROS2/action/src/control/src/control.cpp:114:15:[m[K [01;31m[Kerror: [m[K‘[01m[Kupdate_param_move[m[K’ was not declared in this scope
[1.594s]   114 |               [01;31m[Kupdate_param_move[m[K();
[1.594s]       |               [01;31m[K^~~~~~~~~~~~~~~~~[m[K
[1.597s] [01m[K/home/robofei/ROS2/action/src/control/src/control.cpp:115:15:[m[K [01;31m[Kerror: [m[K‘[01m[Km_Phase[m[K’ was not declared in this scope
[1.597s]   115 |               [01;31m[Km_Phase[m[K = PHASE3;
[1.597s]       |               [01;31m[K^~~~~~~[m[K
[1.599s] [01m[K/home/robofei/ROS2/action/src/control/src/control.cpp:115:25:[m[K [01;31m[Kerror: [m[K‘[01m[KPHASE3[m[K’ was not declared in this scope
[1.599s]   115 |               m_Phase = [01;31m[KPHASE3[m[K;
[1.599s]       |                         [01;31m[K^~~~~~[m[K
[1.606s] [01m[K/home/robofei/ROS2/action/src/control/src/control.cpp:117:11:[m[K [01;31m[Kerror: [m[K‘[01m[Kupdate_param_balance[m[K’ was not declared in this scope
[1.606s]   117 |           [01;31m[Kupdate_param_balance[m[K();
[1.606s]       |           [01;31m[K^~~~~~~~~~~~~~~~~~~~[m[K
[1.608s] [01m[K/home/robofei/ROS2/action/src/control/src/control.cpp:120:25:[m[K [01;31m[Kerror: [m[K‘[01m[Km_Time[m[K’ was not declared in this scope; did you mean ‘[01m[Kmktime[m[K’?
[1.608s]   120 |           x_swap = wsin([01;31m[Km_Time[m[K, m_X_Swap_PeriodTime, m_X_Swap_Phase_Shift, m_X_Swap_Amplitude, m_X_Swap_Amplitude_Shift);
[1.609s]       |                         [01;31m[K^~~~~~[m[K
[1.609s]       |                         [32m[Kmktime[m[K
[1.614s] [01m[K/home/robofei/ROS2/action/src/control/src/control.cpp:120:33:[m[K [01;31m[Kerror: [m[K‘[01m[Km_X_Swap_PeriodTime[m[K’ was not declared in this scope
[1.614s]   120 |           x_swap = wsin(m_Time, [01;31m[Km_X_Swap_PeriodTime[m[K, m_X_Swap_Phase_Shift, m_X_Swap_Amplitude, m_X_Swap_Amplitude_Shift);
[1.614s]       |                                 [01;31m[K^~~~~~~~~~~~~~~~~~~[m[K
[1.619s] [01m[K/home/robofei/ROS2/action/src/control/src/control.cpp:120:54:[m[K [01;31m[Kerror: [m[K‘[01m[Km_X_Swap_Phase_Shift[m[K’ was not declared in this scope
[1.619s]   120 |           x_swap = wsin(m_Time, m_X_Swap_PeriodTime, [01;31m[Km_X_Swap_Phase_Shift[m[K, m_X_Swap_Amplitude, m_X_Swap_Amplitude_Shift);
[1.620s]       |                                                      [01;31m[K^~~~~~~~~~~~~~~~~~~~[m[K
[1.624s] [01m[K/home/robofei/ROS2/action/src/control/src/control.cpp:120:76:[m[K [01;31m[Kerror: [m[K‘[01m[Km_X_Swap_Amplitude[m[K’ was not declared in this scope
[1.624s]   120 | ap = wsin(m_Time, m_X_Swap_PeriodTime, m_X_Swap_Phase_Shift, [01;31m[Km_X_Swap_Amplitude[m[K, m_X_Swap_Amplitude_Shift);
[1.624s]       |                                                              [01;31m[K^~~~~~~~~~~~~~~~~~[m[K
[1.624s] 
[1.631s] [01m[K/home/robofei/ROS2/action/src/control/src/control.cpp:120:96:[m[K [01;31m[Kerror: [m[K‘[01m[Km_X_Swap_Amplitude_Shift[m[K’ was not declared in this scope
[1.631s]   120 | X_Swap_PeriodTime, m_X_Swap_Phase_Shift, m_X_Swap_Amplitude, [01;31m[Km_X_Swap_Amplitude_Shift[m[K);
[1.631s]       |                                                              [01;31m[K^~~~~~~~~~~~~~~~~~~~~~~~[m[K
[1.631s] 
[1.632s] [01m[K/home/robofei/ROS2/action/src/control/src/control.cpp:120:20:[m[K [01;31m[Kerror: [m[K‘[01m[Kwsin[m[K’ was not declared in this scope; did you mean ‘[01m[Ksin[m[K’?
[1.632s]   120 |           x_swap = [01;31m[Kwsin[m[K(m_Time, m_X_Swap_PeriodTime, m_X_Swap_Phase_Shift, m_X_Swap_Amplitude, m_X_Swap_Amplitude_Shift);
[1.632s]       |                    [01;31m[K^~~~[m[K
[1.632s]       |                    [32m[Ksin[m[K
[1.637s] [01m[K/home/robofei/ROS2/action/src/control/src/control.cpp:121:33:[m[K [01;31m[Kerror: [m[K‘[01m[Km_Y_Swap_PeriodTime[m[K’ was not declared in this scope
[1.638s]   121 |           y_swap = wsin(m_Time, [01;31m[Km_Y_Swap_PeriodTime[m[K, m_Y_Swap_Phase_Shift, m_Y_Swap_Amplitude, m_Y_Swap_Amplitude_Shift);
[1.638s]       |                                 [01;31m[K^~~~~~~~~~~~~~~~~~~[m[K
[1.643s] [01m[K/home/robofei/ROS2/action/src/control/src/control.cpp:121:54:[m[K [01;31m[Kerror: [m[K‘[01m[Km_Y_Swap_Phase_Shift[m[K’ was not declared in this scope
[1.643s]   121 |           y_swap = wsin(m_Time, m_Y_Swap_PeriodTime, [01;31m[Km_Y_Swap_Phase_Shift[m[K, m_Y_Swap_Amplitude, m_Y_Swap_Amplitude_Shift);
[1.643s]       |                                                      [01;31m[K^~~~~~~~~~~~~~~~~~~~[m[K
[1.648s] [01m[K/home/robofei/ROS2/action/src/control/src/control.cpp:121:76:[m[K [01;31m[Kerror: [m[K‘[01m[Km_Y_Swap_Amplitude[m[K’ was not declared in this scope
[1.648s]   121 | ap = wsin(m_Time, m_Y_Swap_PeriodTime, m_Y_Swap_Phase_Shift, [01;31m[Km_Y_Swap_Amplitude[m[K, m_Y_Swap_Amplitude_Shift);
[1.648s]       |                                                              [01;31m[K^~~~~~~~~~~~~~~~~~[m[K
[1.648s] 
[1.654s] [01m[K/home/robofei/ROS2/action/src/control/src/control.cpp:121:96:[m[K [01;31m[Kerror: [m[K‘[01m[Km_Y_Swap_Amplitude_Shift[m[K’ was not declared in this scope
[1.654s]   121 | Y_Swap_PeriodTime, m_Y_Swap_Phase_Shift, m_Y_Swap_Amplitude, [01;31m[Km_Y_Swap_Amplitude_Shift[m[K);
[1.654s]       |                                                              [01;31m[K^~~~~~~~~~~~~~~~~~~~~~~~[m[K
[1.655s] 
[1.659s] [01m[K/home/robofei/ROS2/action/src/control/src/control.cpp:122:33:[m[K [01;31m[Kerror: [m[K‘[01m[Km_Z_Swap_PeriodTime[m[K’ was not declared in this scope
[1.659s]   122 |           z_swap = wsin(m_Time, [01;31m[Km_Z_Swap_PeriodTime[m[K, m_Z_Swap_Phase_Shift, m_Z_Swap_Amplitude, m_Z_Swap_Amplitude_Shift);
[1.659s]       |                                 [01;31m[K^~~~~~~~~~~~~~~~~~~[m[K
[1.665s] [01m[K/home/robofei/ROS2/action/src/control/src/control.cpp:122:54:[m[K [01;31m[Kerror: [m[K‘[01m[Km_Z_Swap_Phase_Shift[m[K’ was not declared in this scope
[1.665s]   122 |           z_swap = wsin(m_Time, m_Z_Swap_PeriodTime, [01;31m[Km_Z_Swap_Phase_Shift[m[K, m_Z_Swap_Amplitude, m_Z_Swap_Amplitude_Shift);
[1.665s]       |                                                      [01;31m[K^~~~~~~~~~~~~~~~~~~~[m[K
[1.671s] [01m[K/home/robofei/ROS2/action/src/control/src/control.cpp:122:76:[m[K [01;31m[Kerror: [m[K‘[01m[Km_Z_Swap_Amplitude[m[K’ was not declared in this scope
[1.671s]   122 | ap = wsin(m_Time, m_Z_Swap_PeriodTime, m_Z_Swap_Phase_Shift, [01;31m[Km_Z_Swap_Amplitude[m[K, m_Z_Swap_Amplitude_Shift);
[1.671s]       |                                                              [01;31m[K^~~~~~~~~~~~~~~~~~[m[K
[1.672s] 
[1.678s] [01m[K/home/robofei/ROS2/action/src/control/src/control.cpp:122:96:[m[K [01;31m[Kerror: [m[K‘[01m[Km_Z_Swap_Amplitude_Shift[m[K’ was not declared in this scope
[1.678s]   122 | Z_Swap_PeriodTime, m_Z_Swap_Phase_Shift, m_Z_Swap_Amplitude, [01;31m[Km_Z_Swap_Amplitude_Shift[m[K);
[1.678s]       |                                                              [01;31m[K^~~~~~~~~~~~~~~~~~~~~~~~[m[K
[1.678s] 
[1.684s] [01m[K/home/robofei/ROS2/action/src/control/src/control.cpp:127:24:[m[K [01;31m[Kerror: [m[K‘[01m[Km_SSP_Time_Start_L[m[K’ was not declared in this scope
[1.684s]   127 |           if(m_Time <= [01;31m[Km_SSP_Time_Start_L[m[K)
[1.684s]       |                        [01;31m[K^~~~~~~~~~~~~~~~~~[m[K
[1.690s] [01m[K/home/robofei/ROS2/action/src/control/src/control.cpp:129:51:[m[K [01;31m[Kerror: [m[K‘[01m[Km_X_Move_PeriodTime[m[K’ was not declared in this scope
[1.690s]   129 |               x_move_l = wsin(m_SSP_Time_Start_L, [01;31m[Km_X_Move_PeriodTime[m[K, m_X_Move_Phase_Shift + 2 * PI / m_X_Move_PeriodTime * m_SSP_Time_Start_L, m_X_Move_Amplitude, m_X_Move_Amplitude_Shift);
[1.691s]       |                                                   [01;31m[K^~~~~~~~~~~~~~~~~~~[m[K
[1.696s] [01m[K/home/robofei/ROS2/action/src/control/src/control.cpp:129:72:[m[K [01;31m[Kerror: [m[K‘[01m[Km_X_Move_Phase_Shift[m[K’ was not declared in this scope
[1.696s]   129 |     x_move_l = wsin(m_SSP_Time_Start_L, m_X_Move_PeriodTime, [01;31m[Km_X_Move_Phase_Shift[m[K + 2 * PI / m_X_Move_PeriodTime * m_SSP_Time_Start_L, m_X_Move_Amplitude, m_X_Move_Amplitude_Shift);
[1.696s]       |                                                              [01;31m[K^~~~~~~~~~~~~~~~~~~~[m[K
[1.696s] 
[1.697s] [01m[K/home/robofei/ROS2/action/src/control/src/control.cpp:129:99:[m[K [01;31m[Kerror: [m[K‘[01m[KPI[m[K’ was not declared in this scope
[1.697s]   129 | ime_Start_L, m_X_Move_PeriodTime, m_X_Move_Phase_Shift + 2 * [01;31m[KPI[m[K / m_X_Move_PeriodTime * m_SSP_Time_Start_L, m_X_Move_Amplitude, m_X_Move_Amplitude_Shift);
[1.697s]       |                                                              [01;31m[K^~[m[K
[1.698s] 
[1.702s] [01m[K/home/robofei/ROS2/action/src/control/src/control.cpp:129:146:[m[K [01;31m[Kerror: [m[K‘[01m[Km_X_Move_Amplitude[m[K’ was not declared in this scope
[1.703s]   129 | e_Shift + 2 * PI / m_X_Move_PeriodTime * m_SSP_Time_Start_L, [01;31m[Km_X_Move_Amplitude[m[K, m_X_Move_Amplitude_Shift);
[1.703s]       |                                                              [01;31m[K^~~~~~~~~~~~~~~~~~[m[K
[1.703s] 
[1.709s] [01m[K/home/robofei/ROS2/action/src/control/src/control.cpp:129:166:[m[K [01;31m[Kerror: [m[K‘[01m[Km_X_Move_Amplitude_Shift[m[K’ was not declared in this scope
[1.709s]   129 | _X_Move_PeriodTime * m_SSP_Time_Start_L, m_X_Move_Amplitude, [01;31m[Km_X_Move_Amplitude_Shift[m[K);
[1.709s]       |                                                              [01;31m[K^~~~~~~~~~~~~~~~~~~~~~~~[m[K
[1.709s] 
[1.714s] [01m[K/home/robofei/ROS2/action/src/control/src/control.cpp:130:51:[m[K [01;31m[Kerror: [m[K‘[01m[Km_Y_Move_PeriodTime[m[K’ was not declared in this scope
[1.714s]   130 |               y_move_l = wsin(m_SSP_Time_Start_L, [01;31m[Km_Y_Move_PeriodTime[m[K, m_Y_Move_Phase_Shift + 2 * PI / m_Y_Move_PeriodTime * m_SSP_Time_Start_L, m_Y_Move_Amplitude, m_Y_Move_Amplitude_Shift);
[1.714s]       |                                                   [01;31m[K^~~~~~~~~~~~~~~~~~~[m[K
[1.719s] [01m[K/home/robofei/ROS2/action/src/control/src/control.cpp:130:72:[m[K [01;31m[Kerror: [m[K‘[01m[Km_Y_Move_Phase_Shift[m[K’ was not declared in this scope
[1.719s]   130 |     y_move_l = wsin(m_SSP_Time_Start_L, m_Y_Move_PeriodTime, [01;31m[Km_Y_Move_Phase_Shift[m[K + 2 * PI / m_Y_Move_PeriodTime * m_SSP_Time_Start_L, m_Y_Move_Amplitude, m_Y_Move_Amplitude_Shift);
[1.720s]       |                                                              [01;31m[K^~~~~~~~~~~~~~~~~~~~[m[K
[1.720s] 
[1.724s] [01m[K/home/robofei/ROS2/action/src/control/src/control.cpp:130:146:[m[K [01;31m[Kerror: [m[K‘[01m[Km_Y_Move_Amplitude[m[K’ was not declared in this scope
[1.724s]   130 | e_Shift + 2 * PI / m_Y_Move_PeriodTime * m_SSP_Time_Start_L, [01;31m[Km_Y_Move_Amplitude[m[K, m_Y_Move_Amplitude_Shift);
[1.724s]       |                                                              [01;31m[K^~~~~~~~~~~~~~~~~~[m[K
[1.724s] 
[1.730s] [01m[K/home/robofei/ROS2/action/src/control/src/control.cpp:130:166:[m[K [01;31m[Kerror: [m[K‘[01m[Km_Y_Move_Amplitude_Shift[m[K’ was not declared in this scope
[1.730s]   130 | _Y_Move_PeriodTime * m_SSP_Time_Start_L, m_Y_Move_Amplitude, [01;31m[Km_Y_Move_Amplitude_Shift[m[K);
[1.731s]       |                                                              [01;31m[K^~~~~~~~~~~~~~~~~~~~~~~~[m[K
[1.731s] 
[1.736s] [01m[K/home/robofei/ROS2/action/src/control/src/control.cpp:131:51:[m[K [01;31m[Kerror: [m[K‘[01m[Km_Z_Move_PeriodTime[m[K’ was not declared in this scope
[1.736s]   131 |               z_move_l = wsin(m_SSP_Time_Start_L, [01;31m[Km_Z_Move_PeriodTime[m[K, m_Z_Move_Phase_Shift + 2 * PI / m_Z_Move_PeriodTime * m_SSP_Time_Start_L, m_Z_Move_Amplitude, m_Z_Move_Amplitude_Shift);
[1.736s]       |                                                   [01;31m[K^~~~~~~~~~~~~~~~~~~[m[K
[1.741s] [01m[K/home/robofei/ROS2/action/src/control/src/control.cpp:131:72:[m[K [01;31m[Kerror: [m[K‘[01m[Km_Z_Move_Phase_Shift[m[K’ was not declared in this scope
[1.741s]   131 |     z_move_l = wsin(m_SSP_Time_Start_L, m_Z_Move_PeriodTime, [01;31m[Km_Z_Move_Phase_Shift[m[K + 2 * PI / m_Z_Move_PeriodTime * m_SSP_Time_Start_L, m_Z_Move_Amplitude, m_Z_Move_Amplitude_Shift);
[1.742s]       |                                                              [01;31m[K^~~~~~~~~~~~~~~~~~~~[m[K
[1.742s] 
[1.746s] [01m[K/home/robofei/ROS2/action/src/control/src/control.cpp:131:146:[m[K [01;31m[Kerror: [m[K‘[01m[Km_Z_Move_Amplitude[m[K’ was not declared in this scope
[1.746s]   131 | e_Shift + 2 * PI / m_Z_Move_PeriodTime * m_SSP_Time_Start_L, [01;31m[Km_Z_Move_Amplitude[m[K, m_Z_Move_Amplitude_Shift);
[1.746s]       |                                                              [01;31m[K^~~~~~~~~~~~~~~~~~[m[K
[1.746s] 
[1.754s] [01m[K/home/robofei/ROS2/action/src/control/src/control.cpp:131:166:[m[K [01;31m[Kerror: [m[K‘[01m[Km_Z_Move_Amplitude_Shift[m[K’ was not declared in this scope
[1.754s]   131 | _Z_Move_PeriodTime * m_SSP_Time_Start_L, m_Z_Move_Amplitude, [01;31m[Km_Z_Move_Amplitude_Shift[m[K);
[1.754s]       |                                                              [01;31m[K^~~~~~~~~~~~~~~~~~~~~~~~[m[K
[1.754s] 
[1.761s] [01m[K/home/robofei/ROS2/action/src/control/src/control.cpp:132:51:[m[K [01;31m[Kerror: [m[K‘[01m[Km_A_Move_PeriodTime[m[K’ was not declared in this scope
[1.761s]   132 |               c_move_l = wsin(m_SSP_Time_Start_L, [01;31m[Km_A_Move_PeriodTime[m[K, m_A_Move_Phase_Shift + 2 * PI / m_A_Move_PeriodTime * m_SSP_Time_Start_L, m_A_Move_Amplitude, m_A_Move_Amplitude_Shift);
[1.761s]       |                                                   [01;31m[K^~~~~~~~~~~~~~~~~~~[m[K
[1.769s] [01m[K/home/robofei/ROS2/action/src/control/src/control.cpp:132:72:[m[K [01;31m[Kerror: [m[K‘[01m[Km_A_Move_Phase_Shift[m[K’ was not declared in this scope
[1.770s]   132 |     c_move_l = wsin(m_SSP_Time_Start_L, m_A_Move_PeriodTime, [01;31m[Km_A_Move_Phase_Shift[m[K + 2 * PI / m_A_Move_PeriodTime * m_SSP_Time_Start_L, m_A_Move_Amplitude, m_A_Move_Amplitude_Shift);
[1.770s]       |                                                              [01;31m[K^~~~~~~~~~~~~~~~~~~~[m[K
[1.770s] 
[1.774s] [01m[K/home/robofei/ROS2/action/src/control/src/control.cpp:132:146:[m[K [01;31m[Kerror: [m[K‘[01m[Km_A_Move_Amplitude[m[K’ was not declared in this scope
[1.774s]   132 | e_Shift + 2 * PI / m_A_Move_PeriodTime * m_SSP_Time_Start_L, [01;31m[Km_A_Move_Amplitude[m[K, m_A_Move_Amplitude_Shift);
[1.774s]       |                                                              [01;31m[K^~~~~~~~~~~~~~~~~~[m[K
[1.774s] 
[1.782s] [01m[K/home/robofei/ROS2/action/src/control/src/control.cpp:132:166:[m[K [01;31m[Kerror: [m[K‘[01m[Km_A_Move_Amplitude_Shift[m[K’ was not declared in this scope
[1.782s]   132 | _A_Move_PeriodTime * m_SSP_Time_Start_L, m_A_Move_Amplitude, [01;31m[Km_A_Move_Amplitude_Shift[m[K);
[1.782s]       |                                                              [01;31m[K^~~~~~~~~~~~~~~~~~~~~~~~[m[K
[1.782s] 
[1.788s] [01m[K/home/robofei/ROS2/action/src/control/src/control.cpp:135:31:[m[K [01;31m[Kerror: [m[K‘[01m[Km_SSP_Time_Start_R[m[K’ was not declared in this scope
[1.788s]   135 |               z_move_r = wsin([01;31m[Km_SSP_Time_Start_R[m[K, m_Z_Move_PeriodTime, m_Z_Move_Phase_Shift + 2 * PI / m_Z_Move_PeriodTime * m_SSP_Time_Start_R, m_Z_Move_Amplitude, m_Z_Move_Amplitude_Shift);
[1.788s]       |                               [01;31m[K^~~~~~~~~~~~~~~~~~[m[K
[1.793s] [01m[K/home/robofei/ROS2/action/src/control/src/control.cpp:140:29:[m[K [01;31m[Kerror: [m[K‘[01m[Km_SSP_Time_End_L[m[K’ was not declared in this scope
[1.793s]   140 |           else if(m_Time <= [01;31m[Km_SSP_Time_End_L[m[K)
[1.793s]       |                             [01;31m[K^~~~~~~~~~~~~~~~[m[K
[1.799s] [01m[K/home/robofei/ROS2/action/src/control/src/control.cpp:142:39:[m[K [01;31m[Kerror: [m[K‘[01m[Km_X_Move_PeriodTime[m[K’ was not declared in this scope
[1.799s]   142 |               x_move_l = wsin(m_Time, [01;31m[Km_X_Move_PeriodTime[m[K, m_X_Move_Phase_Shift + 2 * PI / m_X_Move_PeriodTime * m_SSP_Time_Start_L, m_X_Move_Amplitude, m_X_Move_Amplitude_Shift);
[1.799s]       |                                       [01;31m[K^~~~~~~~~~~~~~~~~~~[m[K
[1.805s] [01m[K/home/robofei/ROS2/action/src/control/src/control.cpp:142:60:[m[K [01;31m[Kerror: [m[K‘[01m[Km_X_Move_Phase_Shift[m[K’ was not declared in this scope
[1.805s]   142 |               x_move_l = wsin(m_Time, m_X_Move_PeriodTime, [01;31m[Km_X_Move_Phase_Shift[m[K + 2 * PI / m_X_Move_PeriodTime * m_SSP_Time_Start_L, m_X_Move_Amplitude, m_X_Move_Amplitude_Shift);
[1.805s]       |                                                            [01;31m[K^~~~~~~~~~~~~~~~~~~~[m[K
[1.806s] [01m[K/home/robofei/ROS2/action/src/control/src/control.cpp:142:87:[m[K [01;31m[Kerror: [m[K‘[01m[KPI[m[K’ was not declared in this scope
[1.807s]   142 | wsin(m_Time, m_X_Move_PeriodTime, m_X_Move_Phase_Shift + 2 * [01;31m[KPI[m[K / m_X_Move_PeriodTime * m_SSP_Time_Start_L, m_X_Move_Amplitude, m_X_Move_Amplitude_Shift);
[1.807s]       |                                                              [01;31m[K^~[m[K
[1.807s] 
[1.811s] [01m[K/home/robofei/ROS2/action/src/control/src/control.cpp:142:134:[m[K [01;31m[Kerror: [m[K‘[01m[Km_X_Move_Amplitude[m[K’ was not declared in this scope
[1.811s]   142 | e_Shift + 2 * PI / m_X_Move_PeriodTime * m_SSP_Time_Start_L, [01;31m[Km_X_Move_Amplitude[m[K, m_X_Move_Amplitude_Shift);
[1.811s]       |                                                              [01;31m[K^~~~~~~~~~~~~~~~~~[m[K
[1.811s] 
[1.819s] [01m[K/home/robofei/ROS2/action/src/control/src/control.cpp:142:154:[m[K [01;31m[Kerror: [m[K‘[01m[Km_X_Move_Amplitude_Shift[m[K’ was not declared in this scope
[1.819s]   142 | _X_Move_PeriodTime * m_SSP_Time_Start_L, m_X_Move_Amplitude, [01;31m[Km_X_Move_Amplitude_Shift[m[K);
[1.819s]       |                                                              [01;31m[K^~~~~~~~~~~~~~~~~~~~~~~~[m[K
[1.819s] 
[1.824s] [01m[K/home/robofei/ROS2/action/src/control/src/control.cpp:143:39:[m[K [01;31m[Kerror: [m[K‘[01m[Km_Y_Move_PeriodTime[m[K’ was not declared in this scope
[1.824s]   143 |               y_move_l = wsin(m_Time, [01;31m[Km_Y_Move_PeriodTime[m[K, m_Y_Move_Phase_Shift + 2 * PI / m_Y_Move_PeriodTime * m_SSP_Time_Start_L, m_Y_Move_Amplitude, m_Y_Move_Amplitude_Shift);
[1.824s]       |                                       [01;31m[K^~~~~~~~~~~~~~~~~~~[m[K
[1.830s] [01m[K/home/robofei/ROS2/action/src/control/src/control.cpp:143:60:[m[K [01;31m[Kerror: [m[K‘[01m[Km_Y_Move_Phase_Shift[m[K’ was not declared in this scope
[1.830s]   143 |               y_move_l = wsin(m_Time, m_Y_Move_PeriodTime, [01;31m[Km_Y_Move_Phase_Shift[m[K + 2 * PI / m_Y_Move_PeriodTime * m_SSP_Time_Start_L, m_Y_Move_Amplitude, m_Y_Move_Amplitude_Shift);
[1.831s]       |                                                            [01;31m[K^~~~~~~~~~~~~~~~~~~~[m[K
[1.836s] [01m[K/home/robofei/ROS2/action/src/control/src/control.cpp:143:134:[m[K [01;31m[Kerror: [m[K‘[01m[Km_Y_Move_Amplitude[m[K’ was not declared in this scope
[1.836s]   143 | e_Shift + 2 * PI / m_Y_Move_PeriodTime * m_SSP_Time_Start_L, [01;31m[Km_Y_Move_Amplitude[m[K, m_Y_Move_Amplitude_Shift);
[1.836s]       |                                                              [01;31m[K^~~~~~~~~~~~~~~~~~[m[K
[1.836s] 
[1.842s] [01m[K/home/robofei/ROS2/action/src/control/src/control.cpp:143:154:[m[K [01;31m[Kerror: [m[K‘[01m[Km_Y_Move_Amplitude_Shift[m[K’ was not declared in this scope
[1.842s]   143 | _Y_Move_PeriodTime * m_SSP_Time_Start_L, m_Y_Move_Amplitude, [01;31m[Km_Y_Move_Amplitude_Shift[m[K);
[1.842s]       |                                                              [01;31m[K^~~~~~~~~~~~~~~~~~~~~~~~[m[K
[1.842s] 
[1.847s] [01m[K/home/robofei/ROS2/action/src/control/src/control.cpp:144:39:[m[K [01;31m[Kerror: [m[K‘[01m[Km_Z_Move_PeriodTime[m[K’ was not declared in this scope
[1.847s]   144 |               z_move_l = wsin(m_Time, [01;31m[Km_Z_Move_PeriodTime[m[K, m_Z_Move_Phase_Shift + 2 * PI / m_Z_Move_PeriodTime * m_SSP_Time_Start_L, m_Z_Move_Amplitude, m_Z_Move_Amplitude_Shift);
[1.847s]       |                                       [01;31m[K^~~~~~~~~~~~~~~~~~~[m[K
[1.853s] [01m[K/home/robofei/ROS2/action/src/control/src/control.cpp:144:60:[m[K [01;31m[Kerror: [m[K‘[01m[Km_Z_Move_Phase_Shift[m[K’ was not declared in this scope
[1.853s]   144 |               z_move_l = wsin(m_Time, m_Z_Move_PeriodTime, [01;31m[Km_Z_Move_Phase_Shift[m[K + 2 * PI / m_Z_Move_PeriodTime * m_SSP_Time_Start_L, m_Z_Move_Amplitude, m_Z_Move_Amplitude_Shift);
[1.853s]       |                                                            [01;31m[K^~~~~~~~~~~~~~~~~~~~[m[K
[1.857s] [01m[K/home/robofei/ROS2/action/src/control/src/control.cpp:144:134:[m[K [01;31m[Kerror: [m[K‘[01m[Km_Z_Move_Amplitude[m[K’ was not declared in this scope
[1.857s]   144 | e_Shift + 2 * PI / m_Z_Move_PeriodTime * m_SSP_Time_Start_L, [01;31m[Km_Z_Move_Amplitude[m[K, m_Z_Move_Amplitude_Shift);
[1.857s]       |                                                              [01;31m[K^~~~~~~~~~~~~~~~~~[m[K
[1.857s] 
[1.863s] [01m[K/home/robofei/ROS2/action/src/control/src/control.cpp:144:154:[m[K [01;31m[Kerror: [m[K‘[01m[Km_Z_Move_Amplitude_Shift[m[K’ was not declared in this scope
[1.863s]   144 | _Z_Move_PeriodTime * m_SSP_Time_Start_L, m_Z_Move_Amplitude, [01;31m[Km_Z_Move_Amplitude_Shift[m[K);
[1.863s]       |                                                              [01;31m[K^~~~~~~~~~~~~~~~~~~~~~~~[m[K
[1.863s] 
[1.868s] [01m[K/home/robofei/ROS2/action/src/control/src/control.cpp:145:39:[m[K [01;31m[Kerror: [m[K‘[01m[Km_A_Move_PeriodTime[m[K’ was not declared in this scope
[1.868s]   145 |               c_move_l = wsin(m_Time, [01;31m[Km_A_Move_PeriodTime[m[K, m_A_Move_Phase_Shift + 2 * PI / m_A_Move_PeriodTime * m_SSP_Time_Start_L, m_A_Move_Amplitude, m_A_Move_Amplitude_Shift);
[1.868s]       |                                       [01;31m[K^~~~~~~~~~~~~~~~~~~[m[K
[1.873s] [01m[K/home/robofei/ROS2/action/src/control/src/control.cpp:145:60:[m[K [01;31m[Kerror: [m[K‘[01m[Km_A_Move_Phase_Shift[m[K’ was not declared in this scope
[1.873s]   145 |               c_move_l = wsin(m_Time, m_A_Move_PeriodTime, [01;31m[Km_A_Move_Phase_Shift[m[K + 2 * PI / m_A_Move_PeriodTime * m_SSP_Time_Start_L, m_A_Move_Amplitude, m_A_Move_Amplitude_Shift);
[1.874s]       |                                                            [01;31m[K^~~~~~~~~~~~~~~~~~~~[m[K
[1.878s] [01m[K/home/robofei/ROS2/action/src/control/src/control.cpp:145:134:[m[K [01;31m[Kerror: [m[K‘[01m[Km_A_Move_Amplitude[m[K’ was not declared in this scope
[1.878s]   145 | e_Shift + 2 * PI / m_A_Move_PeriodTime * m_SSP_Time_Start_L, [01;31m[Km_A_Move_Amplitude[m[K, m_A_Move_Amplitude_Shift);
[1.878s]       |                                                              [01;31m[K^~~~~~~~~~~~~~~~~~[m[K
[1.878s] 
[1.884s] [01m[K/home/robofei/ROS2/action/src/control/src/control.cpp:145:154:[m[K [01;31m[Kerror: [m[K‘[01m[Km_A_Move_Amplitude_Shift[m[K’ was not declared in this scope
[1.885s]   145 | _A_Move_PeriodTime * m_SSP_Time_Start_L, m_A_Move_Amplitude, [01;31m[Km_A_Move_Amplitude_Shift[m[K);
[1.885s]       |                                                              [01;31m[K^~~~~~~~~~~~~~~~~~~~~~~~[m[K
[1.885s] 
[1.889s] [01m[K/home/robofei/ROS2/action/src/control/src/control.cpp:148:31:[m[K [01;31m[Kerror: [m[K‘[01m[Km_SSP_Time_Start_R[m[K’ was not declared in this scope
[1.889s]   148 |               z_move_r = wsin([01;31m[Km_SSP_Time_Start_R[m[K, m_Z_Move_PeriodTime, m_Z_Move_Phase_Shift + 2 * PI / m_Z_Move_PeriodTime * m_SSP_Time_Start_R, m_Z_Move_Amplitude, m_Z_Move_Amplitude_Shift);
[1.889s]       |                               [01;31m[K^~~~~~~~~~~~~~~~~~[m[K
[1.893s] [01m[K/home/robofei/ROS2/action/src/control/src/control.cpp:150:141:[m[K [01;31m[Kerror: [m[K‘[01m[Km_Pelvis_Swing[m[K’ was not declared in this scope
[1.893s]   150 | e_Shift + 2 * PI / m_Z_Move_PeriodTime * m_SSP_Time_Start_L, [01;31m[Km_Pelvis_Swing[m[K / 2, m_Pelvis_Swing / 2);
[1.893s]       |                                                              [01;31m[K^~~~~~~~~~~~~~[m[K
[1.893s] 
[1.896s] [01m[K/home/robofei/ROS2/action/src/control/src/control.cpp:151:142:[m[K [01;31m[Kerror: [m[K‘[01m[Km_Pelvis_Offset[m[K’ was not declared in this scope
[1.896s]   151 | _Shift + 2 * PI / m_Z_Move_PeriodTime * m_SSP_Time_Start_L, -[01;31m[Km_Pelvis_Offset[m[K / 2, -m_Pelvis_Offset / 2);
[1.896s]       |                                                              [01;31m[K^~~~~~~~~~~~~~~[m[K
[1.896s] 
[1.901s] [01m[K/home/robofei/ROS2/action/src/control/src/control.cpp:153:29:[m[K [01;31m[Kerror: [m[K‘[01m[Km_SSP_Time_Start_R[m[K’ was not declared in this scope
[1.901s]   153 |           else if(m_Time <= [01;31m[Km_SSP_Time_Start_R[m[K)
[1.901s]       |                             [01;31m[K^~~~~~~~~~~~~~~~~~[m[K
[1.906s] [01m[K/home/robofei/ROS2/action/src/control/src/control.cpp:155:49:[m[K [01;31m[Kerror: [m[K‘[01m[Km_X_Move_PeriodTime[m[K’ was not declared in this scope
[1.906s]   155 |               x_move_l = wsin(m_SSP_Time_End_L, [01;31m[Km_X_Move_PeriodTime[m[K, m_X_Move_Phase_Shift + 2 * PI / m_X_Move_PeriodTime * m_SSP_Time_Start_L, m_X_Move_Amplitude, m_X_Move_Amplitude_Shift);
[1.906s]       |                                                 [01;31m[K^~~~~~~~~~~~~~~~~~~[m[K
[1.911s] [01m[K/home/robofei/ROS2/action/src/control/src/control.cpp:155:70:[m[K [01;31m[Kerror: [m[K‘[01m[Km_X_Move_Phase_Shift[m[K’ was not declared in this scope
[1.911s]   155 |       x_move_l = wsin(m_SSP_Time_End_L, m_X_Move_PeriodTime, [01;31m[Km_X_Move_Phase_Shift[m[K + 2 * PI / m_X_Move_PeriodTime * m_SSP_Time_Start_L, m_X_Move_Amplitude, m_X_Move_Amplitude_Shift);
[1.911s]       |                                                              [01;31m[K^~~~~~~~~~~~~~~~~~~~[m[K
[1.911s] 
[1.912s] [01m[K/home/robofei/ROS2/action/src/control/src/control.cpp:155:97:[m[K [01;31m[Kerror: [m[K‘[01m[KPI[m[K’ was not declared in this scope
[1.912s]   155 | _Time_End_L, m_X_Move_PeriodTime, m_X_Move_Phase_Shift + 2 * [01;31m[KPI[m[K / m_X_Move_PeriodTime * m_SSP_Time_Start_L, m_X_Move_Amplitude, m_X_Move_Amplitude_Shift);
[1.913s]       |                                                              [01;31m[K^~[m[K
[1.913s] 
[1.917s] [01m[K/home/robofei/ROS2/action/src/control/src/control.cpp:155:144:[m[K [01;31m[Kerror: [m[K‘[01m[Km_X_Move_Amplitude[m[K’ was not declared in this scope
[1.917s]   155 | e_Shift + 2 * PI / m_X_Move_PeriodTime * m_SSP_Time_Start_L, [01;31m[Km_X_Move_Amplitude[m[K, m_X_Move_Amplitude_Shift);
[1.918s]       |                                                              [01;31m[K^~~~~~~~~~~~~~~~~~[m[K
[1.918s] 
[1.923s] [01m[K/home/robofei/ROS2/action/src/control/src/control.cpp:155:164:[m[K [01;31m[Kerror: [m[K‘[01m[Km_X_Move_Amplitude_Shift[m[K’ was not declared in this scope
[1.924s]   155 | _X_Move_PeriodTime * m_SSP_Time_Start_L, m_X_Move_Amplitude, [01;31m[Km_X_Move_Amplitude_Shift[m[K);
[1.924s]       |                                                              [01;31m[K^~~~~~~~~~~~~~~~~~~~~~~~[m[K
[1.924s] 
[1.928s] [01m[K/home/robofei/ROS2/action/src/control/src/control.cpp:156:49:[m[K [01;31m[Kerror: [m[K‘[01m[Km_Y_Move_PeriodTime[m[K’ was not declared in this scope
[1.928s]   156 |               y_move_l = wsin(m_SSP_Time_End_L, [01;31m[Km_Y_Move_PeriodTime[m[K, m_Y_Move_Phase_Shift + 2 * PI / m_Y_Move_PeriodTime * m_SSP_Time_Start_L, m_Y_Move_Amplitude, m_Y_Move_Amplitude_Shift);
[1.929s]       |                                                 [01;31m[K^~~~~~~~~~~~~~~~~~~[m[K
[1.935s] [01m[K/home/robofei/ROS2/action/src/control/src/control.cpp:156:70:[m[K [01;31m[Kerror: [m[K‘[01m[Km_Y_Move_Phase_Shift[m[K’ was not declared in this scope
[1.935s]   156 |       y_move_l = wsin(m_SSP_Time_End_L, m_Y_Move_PeriodTime, [01;31m[Km_Y_Move_Phase_Shift[m[K + 2 * PI / m_Y_Move_PeriodTime * m_SSP_Time_Start_L, m_Y_Move_Amplitude, m_Y_Move_Amplitude_Shift);
[1.935s]       |                                                              [01;31m[K^~~~~~~~~~~~~~~~~~~~[m[K
[1.935s] 
[1.939s] [01m[K/home/robofei/ROS2/action/src/control/src/control.cpp:156:144:[m[K [01;31m[Kerror: [m[K‘[01m[Km_Y_Move_Amplitude[m[K’ was not declared in this scope
[1.940s]   156 | e_Shift + 2 * PI / m_Y_Move_PeriodTime * m_SSP_Time_Start_L, [01;31m[Km_Y_Move_Amplitude[m[K, m_Y_Move_Amplitude_Shift);
[1.940s]       |                                                              [01;31m[K^~~~~~~~~~~~~~~~~~[m[K
[1.940s] 
[1.946s] [01m[K/home/robofei/ROS2/action/src/control/src/control.cpp:156:164:[m[K [01;31m[Kerror: [m[K‘[01m[Km_Y_Move_Amplitude_Shift[m[K’ was not declared in this scope
[1.946s]   156 | _Y_Move_PeriodTime * m_SSP_Time_Start_L, m_Y_Move_Amplitude, [01;31m[Km_Y_Move_Amplitude_Shift[m[K);
[1.946s]       |                                                              [01;31m[K^~~~~~~~~~~~~~~~~~~~~~~~[m[K
[1.946s] 
[1.951s] [01m[K/home/robofei/ROS2/action/src/control/src/control.cpp:157:49:[m[K [01;31m[Kerror: [m[K‘[01m[Km_Z_Move_PeriodTime[m[K’ was not declared in this scope
[1.951s]   157 |               z_move_l = wsin(m_SSP_Time_End_L, [01;31m[Km_Z_Move_PeriodTime[m[K, m_Z_Move_Phase_Shift + 2 * PI / m_Z_Move_PeriodTime * m_SSP_Time_Start_L, m_Z_Move_Amplitude, m_Z_Move_Amplitude_Shift);
[1.951s]       |                                                 [01;31m[K^~~~~~~~~~~~~~~~~~~[m[K
[1.956s] [01m[K/home/robofei/ROS2/action/src/control/src/control.cpp:157:70:[m[K [01;31m[Kerror: [m[K‘[01m[Km_Z_Move_Phase_Shift[m[K’ was not declared in this scope
[1.956s]   157 |       z_move_l = wsin(m_SSP_Time_End_L, m_Z_Move_PeriodTime, [01;31m[Km_Z_Move_Phase_Shift[m[K + 2 * PI / m_Z_Move_PeriodTime * m_SSP_Time_Start_L, m_Z_Move_Amplitude, m_Z_Move_Amplitude_Shift);
[1.956s]       |                                                              [01;31m[K^~~~~~~~~~~~~~~~~~~~[m[K
[1.956s] 
[1.960s] [01m[K/home/robofei/ROS2/action/src/control/src/control.cpp:157:144:[m[K [01;31m[Kerror: [m[K‘[01m[Km_Z_Move_Amplitude[m[K’ was not declared in this scope
[1.961s]   157 | e_Shift + 2 * PI / m_Z_Move_PeriodTime * m_SSP_Time_Start_L, [01;31m[Km_Z_Move_Amplitude[m[K, m_Z_Move_Amplitude_Shift);
[1.961s]       |                                                              [01;31m[K^~~~~~~~~~~~~~~~~~[m[K
[1.961s] 
[1.967s] [01m[K/home/robofei/ROS2/action/src/control/src/control.cpp:157:164:[m[K [01;31m[Kerror: [m[K‘[01m[Km_Z_Move_Amplitude_Shift[m[K’ was not declared in this scope
[1.967s]   157 | _Z_Move_PeriodTime * m_SSP_Time_Start_L, m_Z_Move_Amplitude, [01;31m[Km_Z_Move_Amplitude_Shift[m[K);
[1.967s]       |                                                              [01;31m[K^~~~~~~~~~~~~~~~~~~~~~~~[m[K
[1.967s] 
[1.972s] [01m[K/home/robofei/ROS2/action/src/control/src/control.cpp:158:49:[m[K [01;31m[Kerror: [m[K‘[01m[Km_A_Move_PeriodTime[m[K’ was not declared in this scope
[1.972s]   158 |               c_move_l = wsin(m_SSP_Time_End_L, [01;31m[Km_A_Move_PeriodTime[m[K, m_A_Move_Phase_Shift + 2 * PI / m_A_Move_PeriodTime * m_SSP_Time_Start_L, m_A_Move_Amplitude, m_A_Move_Amplitude_Shift);
[1.972s]       |                                                 [01;31m[K^~~~~~~~~~~~~~~~~~~[m[K
[1.977s] [01m[K/home/robofei/ROS2/action/src/control/src/control.cpp:158:70:[m[K [01;31m[Kerror: [m[K‘[01m[Km_A_Move_Phase_Shift[m[K’ was not declared in this scope
[1.977s]   158 |       c_move_l = wsin(m_SSP_Time_End_L, m_A_Move_PeriodTime, [01;31m[Km_A_Move_Phase_Shift[m[K + 2 * PI / m_A_Move_PeriodTime * m_SSP_Time_Start_L, m_A_Move_Amplitude, m_A_Move_Amplitude_Shift);
[1.977s]       |                                                              [01;31m[K^~~~~~~~~~~~~~~~~~~~[m[K
[1.977s] 
[1.982s] [01m[K/home/robofei/ROS2/action/src/control/src/control.cpp:158:144:[m[K [01;31m[Kerror: [m[K‘[01m[Km_A_Move_Amplitude[m[K’ was not declared in this scope
[1.982s]   158 | e_Shift + 2 * PI / m_A_Move_PeriodTime * m_SSP_Time_Start_L, [01;31m[Km_A_Move_Amplitude[m[K, m_A_Move_Amplitude_Shift);
[1.982s]       |                                                              [01;31m[K^~~~~~~~~~~~~~~~~~[m[K
[1.982s] 
[1.988s] [01m[K/home/robofei/ROS2/action/src/control/src/control.cpp:158:164:[m[K [01;31m[Kerror: [m[K‘[01m[Km_A_Move_Amplitude_Shift[m[K’ was not declared in this scope
[1.989s]   158 | _A_Move_PeriodTime * m_SSP_Time_Start_L, m_A_Move_Amplitude, [01;31m[Km_A_Move_Amplitude_Shift[m[K);
[1.989s]       |                                                              [01;31m[K^~~~~~~~~~~~~~~~~~~~~~~~[m[K
[1.989s] 
[1.993s] [01m[K/home/robofei/ROS2/action/src/control/src/control.cpp:166:29:[m[K [01;31m[Kerror: [m[K‘[01m[Km_SSP_Time_End_R[m[K’ was not declared in this scope
[1.993s]   166 |           else if(m_Time <= [01;31m[Km_SSP_Time_End_R[m[K)
[1.993s]       |                             [01;31m[K^~~~~~~~~~~~~~~~[m[K
[1.998s] [01m[K/home/robofei/ROS2/action/src/control/src/control.cpp:168:39:[m[K [01;31m[Kerror: [m[K‘[01m[Km_X_Move_PeriodTime[m[K’ was not declared in this scope
[1.998s]   168 |               x_move_l = wsin(m_Time, [01;31m[Km_X_Move_PeriodTime[m[K, m_X_Move_Phase_Shift + 2 * PI / m_X_Move_PeriodTime * m_SSP_Time_Start_R + PI, m_X_Move_Amplitude, m_X_Move_Amplitude_Shift);
[1.998s]       |                                       [01;31m[K^~~~~~~~~~~~~~~~~~~[m[K
[2.004s] [01m[K/home/robofei/ROS2/action/src/control/src/control.cpp:168:60:[m[K [01;31m[Kerror: [m[K‘[01m[Km_X_Move_Phase_Shift[m[K’ was not declared in this scope
[2.004s]   168 |               x_move_l = wsin(m_Time, m_X_Move_PeriodTime, [01;31m[Km_X_Move_Phase_Shift[m[K + 2 * PI / m_X_Move_PeriodTime * m_SSP_Time_Start_R + PI, m_X_Move_Amplitude, m_X_Move_Amplitude_Shift);
[2.004s]       |                                                            [01;31m[K^~~~~~~~~~~~~~~~~~~~[m[K
[2.005s] [01m[K/home/robofei/ROS2/action/src/control/src/control.cpp:168:87:[m[K [01;31m[Kerror: [m[K‘[01m[KPI[m[K’ was not declared in this scope
[2.005s]   168 | wsin(m_Time, m_X_Move_PeriodTime, m_X_Move_Phase_Shift + 2 * [01;31m[KPI[m[K / m_X_Move_PeriodTime * m_SSP_Time_Start_R + PI, m_X_Move_Amplitude, m_X_Move_Amplitude_Shift);
[2.005s]       |                                                              [01;31m[K^~[m[K
[2.005s] 
[2.009s] [01m[K/home/robofei/ROS2/action/src/control/src/control.cpp:168:139:[m[K [01;31m[Kerror: [m[K‘[01m[Km_X_Move_Amplitude[m[K’ was not declared in this scope
[2.009s]   168 | ft + 2 * PI / m_X_Move_PeriodTime * m_SSP_Time_Start_R + PI, [01;31m[Km_X_Move_Amplitude[m[K, m_X_Move_Amplitude_Shift);
[2.009s]       |                                                              [01;31m[K^~~~~~~~~~~~~~~~~~[m[K
[2.009s] 
[2.016s] [01m[K/home/robofei/ROS2/action/src/control/src/control.cpp:168:159:[m[K [01;31m[Kerror: [m[K‘[01m[Km_X_Move_Amplitude_Shift[m[K’ was not declared in this scope
[2.016s]   168 | ve_PeriodTime * m_SSP_Time_Start_R + PI, m_X_Move_Amplitude, [01;31m[Km_X_Move_Amplitude_Shift[m[K);
[2.016s]       |                                                              [01;31m[K^~~~~~~~~~~~~~~~~~~~~~~~[m[K
[2.016s] 
[2.022s] [01m[K/home/robofei/ROS2/action/src/control/src/control.cpp:169:39:[m[K [01;31m[Kerror: [m[K‘[01m[Km_Y_Move_PeriodTime[m[K’ was not declared in this scope
[2.022s]   169 |               y_move_l = wsin(m_Time, [01;31m[Km_Y_Move_PeriodTime[m[K, m_Y_Move_Phase_Shift + 2 * PI / m_Y_Move_PeriodTime * m_SSP_Time_Start_R + PI, m_Y_Move_Amplitude, m_Y_Move_Amplitude_Shift);
[2.022s]       |                                       [01;31m[K^~~~~~~~~~~~~~~~~~~[m[K
[2.027s] [01m[K/home/robofei/ROS2/action/src/control/src/control.cpp:169:60:[m[K [01;31m[Kerror: [m[K‘[01m[Km_Y_Move_Phase_Shift[m[K’ was not declared in this scope
[2.027s]   169 |               y_move_l = wsin(m_Time, m_Y_Move_PeriodTime, [01;31m[Km_Y_Move_Phase_Shift[m[K + 2 * PI / m_Y_Move_PeriodTime * m_SSP_Time_Start_R + PI, m_Y_Move_Amplitude, m_Y_Move_Amplitude_Shift);
[2.027s]       |                                                            [01;31m[K^~~~~~~~~~~~~~~~~~~~[m[K
[2.033s] [01m[K/home/robofei/ROS2/action/src/control/src/control.cpp:169:139:[m[K [01;31m[Kerror: [m[K‘[01m[Km_Y_Move_Amplitude[m[K’ was not declared in this scope
[2.033s]   169 | ft + 2 * PI / m_Y_Move_PeriodTime * m_SSP_Time_Start_R + PI, [01;31m[Km_Y_Move_Amplitude[m[K, m_Y_Move_Amplitude_Shift);
[2.034s]       |                                                              [01;31m[K^~~~~~~~~~~~~~~~~~[m[K
[2.034s] 
[2.040s] [01m[K/home/robofei/ROS2/action/src/control/src/control.cpp:169:159:[m[K [01;31m[Kerror: [m[K‘[01m[Km_Y_Move_Amplitude_Shift[m[K’ was not declared in this scope
[2.040s]   169 | ve_PeriodTime * m_SSP_Time_Start_R + PI, m_Y_Move_Amplitude, [01;31m[Km_Y_Move_Amplitude_Shift[m[K);
[2.040s]       |                                                              [01;31m[K^~~~~~~~~~~~~~~~~~~~~~~~[m[K
[2.040s] 
[2.045s] [01m[K/home/robofei/ROS2/action/src/control/src/control.cpp:170:49:[m[K [01;31m[Kerror: [m[K‘[01m[Km_Z_Move_PeriodTime[m[K’ was not declared in this scope
[2.045s]   170 |               z_move_l = wsin(m_SSP_Time_End_L, [01;31m[Km_Z_Move_PeriodTime[m[K, m_Z_Move_Phase_Shift + 2 * PI / m_Z_Move_PeriodTime * m_SSP_Time_Start_L, m_Z_Move_Amplitude, m_Z_Move_Amplitude_Shift);
[2.045s]       |                                                 [01;31m[K^~~~~~~~~~~~~~~~~~~[m[K
[2.051s] [01m[K/home/robofei/ROS2/action/src/control/src/control.cpp:170:70:[m[K [01;31m[Kerror: [m[K‘[01m[Km_Z_Move_Phase_Shift[m[K’ was not declared in this scope
[2.051s]   170 |       z_move_l = wsin(m_SSP_Time_End_L, m_Z_Move_PeriodTime, [01;31m[Km_Z_Move_Phase_Shift[m[K + 2 * PI / m_Z_Move_PeriodTime * m_SSP_Time_Start_L, m_Z_Move_Amplitude, m_Z_Move_Amplitude_Shift);
[2.051s]       |                                                              [01;31m[K^~~~~~~~~~~~~~~~~~~~[m[K
[2.051s] 
[2.055s] [01m[K/home/robofei/ROS2/action/src/control/src/control.cpp:170:144:[m[K [01;31m[Kerror: [m[K‘[01m[Km_Z_Move_Amplitude[m[K’ was not declared in this scope
[2.055s]   170 | e_Shift + 2 * PI / m_Z_Move_PeriodTime * m_SSP_Time_Start_L, [01;31m[Km_Z_Move_Amplitude[m[K, m_Z_Move_Amplitude_Shift);
[2.055s]       |                                                              [01;31m[K^~~~~~~~~~~~~~~~~~[m[K
[2.055s] 
[2.061s] [01m[K/home/robofei/ROS2/action/src/control/src/control.cpp:170:164:[m[K [01;31m[Kerror: [m[K‘[01m[Km_Z_Move_Amplitude_Shift[m[K’ was not declared in this scope
[2.061s]   170 | _Z_Move_PeriodTime * m_SSP_Time_Start_L, m_Z_Move_Amplitude, [01;31m[Km_Z_Move_Amplitude_Shift[m[K);
[2.061s]       |                                                              [01;31m[K^~~~~~~~~~~~~~~~~~~~~~~~[m[K
[2.061s] 
[2.066s] [01m[K/home/robofei/ROS2/action/src/control/src/control.cpp:171:39:[m[K [01;31m[Kerror: [m[K‘[01m[Km_A_Move_PeriodTime[m[K’ was not declared in this scope
[2.066s]   171 |               c_move_l = wsin(m_Time, [01;31m[Km_A_Move_PeriodTime[m[K, m_A_Move_Phase_Shift + 2 * PI / m_A_Move_PeriodTime * m_SSP_Time_Start_R + PI, m_A_Move_Amplitude, m_A_Move_Amplitude_Shift);
[2.066s]       |                                       [01;31m[K^~~~~~~~~~~~~~~~~~~[m[K
[2.072s] [01m[K/home/robofei/ROS2/action/src/control/src/control.cpp:171:60:[m[K [01;31m[Kerror: [m[K‘[01m[Km_A_Move_Phase_Shift[m[K’ was not declared in this scope
[2.072s]   171 |               c_move_l = wsin(m_Time, m_A_Move_PeriodTime, [01;31m[Km_A_Move_Phase_Shift[m[K + 2 * PI / m_A_Move_PeriodTime * m_SSP_Time_Start_R + PI, m_A_Move_Amplitude, m_A_Move_Amplitude_Shift);
[2.072s]       |                                                            [01;31m[K^~~~~~~~~~~~~~~~~~~~[m[K
[2.076s] [01m[K/home/robofei/ROS2/action/src/control/src/control.cpp:171:139:[m[K [01;31m[Kerror: [m[K‘[01m[Km_A_Move_Amplitude[m[K’ was not declared in this scope
[2.076s]   171 | ft + 2 * PI / m_A_Move_PeriodTime * m_SSP_Time_Start_R + PI, [01;31m[Km_A_Move_Amplitude[m[K, m_A_Move_Amplitude_Shift);
[2.076s]       |                                                              [01;31m[K^~~~~~~~~~~~~~~~~~[m[K
[2.076s] 
[2.083s] [01m[K/home/robofei/ROS2/action/src/control/src/control.cpp:171:159:[m[K [01;31m[Kerror: [m[K‘[01m[Km_A_Move_Amplitude_Shift[m[K’ was not declared in this scope
[2.083s]   171 | ve_PeriodTime * m_SSP_Time_Start_R + PI, m_A_Move_Amplitude, [01;31m[Km_A_Move_Amplitude_Shift[m[K);
[2.083s]       |                                                              [01;31m[K^~~~~~~~~~~~~~~~~~~~~~~~[m[K
[2.083s] 
[2.086s] [01m[K/home/robofei/ROS2/action/src/control/src/control.cpp:176:141:[m[K [01;31m[Kerror: [m[K‘[01m[Km_Pelvis_Offset[m[K’ was not declared in this scope
[2.086s]   176 | e_Shift + 2 * PI / m_Z_Move_PeriodTime * m_SSP_Time_Start_R, [01;31m[Km_Pelvis_Offset[m[K / 2, m_Pelvis_Offset / 2);
[2.086s]       |                                                              [01;31m[K^~~~~~~~~~~~~~~[m[K
[2.087s] 
[2.090s] [01m[K/home/robofei/ROS2/action/src/control/src/control.cpp:177:142:[m[K [01;31m[Kerror: [m[K‘[01m[Km_Pelvis_Swing[m[K’ was not declared in this scope
[2.090s]   177 | _Shift + 2 * PI / m_Z_Move_PeriodTime * m_SSP_Time_Start_R, -[01;31m[Km_Pelvis_Swing[m[K / 2, -m_Pelvis_Swing / 2);
[2.090s]       |                                                              [01;31m[K^~~~~~~~~~~~~~[m[K
[2.090s] 
[2.095s] [01m[K/home/robofei/ROS2/action/src/control/src/control.cpp:181:49:[m[K [01;31m[Kerror: [m[K‘[01m[Km_X_Move_PeriodTime[m[K’ was not declared in this scope
[2.095s]   181 |               x_move_l = wsin(m_SSP_Time_End_R, [01;31m[Km_X_Move_PeriodTime[m[K, m_X_Move_Phase_Shift + 2 * PI / m_X_Move_PeriodTime * m_SSP_Time_Start_R + PI, m_X_Move_Amplitude, m_X_Move_Amplitude_Shift);
[2.095s]       |                                                 [01;31m[K^~~~~~~~~~~~~~~~~~~[m[K
[2.101s] [01m[K/home/robofei/ROS2/action/src/control/src/control.cpp:181:70:[m[K [01;31m[Kerror: [m[K‘[01m[Km_X_Move_Phase_Shift[m[K’ was not declared in this scope
[2.101s]   181 |       x_move_l = wsin(m_SSP_Time_End_R, m_X_Move_PeriodTime, [01;31m[Km_X_Move_Phase_Shift[m[K + 2 * PI / m_X_Move_PeriodTime * m_SSP_Time_Start_R + PI, m_X_Move_Amplitude, m_X_Move_Amplitude_Shift);
[2.101s]       |                                                              [01;31m[K^~~~~~~~~~~~~~~~~~~~[m[K
[2.101s] 
[2.102s] [01m[K/home/robofei/ROS2/action/src/control/src/control.cpp:181:97:[m[K [01;31m[Kerror: [m[K‘[01m[KPI[m[K’ was not declared in this scope
[2.102s]   181 | _Time_End_R, m_X_Move_PeriodTime, m_X_Move_Phase_Shift + 2 * [01;31m[KPI[m[K / m_X_Move_PeriodTime * m_SSP_Time_Start_R + PI, m_X_Move_Amplitude, m_X_Move_Amplitude_Shift);
[2.102s]       |                                                              [01;31m[K^~[m[K
[2.102s] 
[2.107s] [01m[K/home/robofei/ROS2/action/src/control/src/control.cpp:181:149:[m[K [01;31m[Kerror: [m[K‘[01m[Km_X_Move_Amplitude[m[K’ was not declared in this scope
[2.107s]   181 | ft + 2 * PI / m_X_Move_PeriodTime * m_SSP_Time_Start_R + PI, [01;31m[Km_X_Move_Amplitude[m[K, m_X_Move_Amplitude_Shift);
[2.107s]       |                                                              [01;31m[K^~~~~~~~~~~~~~~~~~[m[K
[2.107s] 
[2.113s] [01m[K/home/robofei/ROS2/action/src/control/src/control.cpp:181:169:[m[K [01;31m[Kerror: [m[K‘[01m[Km_X_Move_Amplitude_Shift[m[K’ was not declared in this scope
[2.113s]   181 | ve_PeriodTime * m_SSP_Time_Start_R + PI, m_X_Move_Amplitude, [01;31m[Km_X_Move_Amplitude_Shift[m[K);
[2.113s]       |                                                              [01;31m[K^~~~~~~~~~~~~~~~~~~~~~~~[m[K
[2.113s] 
[2.119s] [01m[K/home/robofei/ROS2/action/src/control/src/control.cpp:182:49:[m[K [01;31m[Kerror: [m[K‘[01m[Km_Y_Move_PeriodTime[m[K’ was not declared in this scope
[2.120s]   182 |               y_move_l = wsin(m_SSP_Time_End_R, [01;31m[Km_Y_Move_PeriodTime[m[K, m_Y_Move_Phase_Shift + 2 * PI / m_Y_Move_PeriodTime * m_SSP_Time_Start_R + PI, m_Y_Move_Amplitude, m_Y_Move_Amplitude_Shift);
[2.120s]       |                                                 [01;31m[K^~~~~~~~~~~~~~~~~~~[m[K
[2.125s] [01m[K/home/robofei/ROS2/action/src/control/src/control.cpp:182:70:[m[K [01;31m[Kerror: [m[K‘[01m[Km_Y_Move_Phase_Shift[m[K’ was not declared in this scope
[2.125s]   182 |       y_move_l = wsin(m_SSP_Time_End_R, m_Y_Move_PeriodTime, [01;31m[Km_Y_Move_Phase_Shift[m[K + 2 * PI / m_Y_Move_PeriodTime * m_SSP_Time_Start_R + PI, m_Y_Move_Amplitude, m_Y_Move_Amplitude_Shift);
[2.125s]       |                                                              [01;31m[K^~~~~~~~~~~~~~~~~~~~[m[K
[2.125s] 
[2.129s] [01m[K/home/robofei/ROS2/action/src/control/src/control.cpp:182:149:[m[K [01;31m[Kerror: [m[K‘[01m[Km_Y_Move_Amplitude[m[K’ was not declared in this scope
[2.130s]   182 | ft + 2 * PI / m_Y_Move_PeriodTime * m_SSP_Time_Start_R + PI, [01;31m[Km_Y_Move_Amplitude[m[K, m_Y_Move_Amplitude_Shift);
[2.130s]       |                                                              [01;31m[K^~~~~~~~~~~~~~~~~~[m[K
[2.130s] 
[2.136s] [01m[K/home/robofei/ROS2/action/src/control/src/control.cpp:182:169:[m[K [01;31m[Kerror: [m[K‘[01m[Km_Y_Move_Amplitude_Shift[m[K’ was not declared in this scope
[2.136s]   182 | ve_PeriodTime * m_SSP_Time_Start_R + PI, m_Y_Move_Amplitude, [01;31m[Km_Y_Move_Amplitude_Shift[m[K);
[2.137s]       |                                                              [01;31m[K^~~~~~~~~~~~~~~~~~~~~~~~[m[K
[2.137s] 
[2.141s] [01m[K/home/robofei/ROS2/action/src/control/src/control.cpp:183:49:[m[K [01;31m[Kerror: [m[K‘[01m[Km_Z_Move_PeriodTime[m[K’ was not declared in this scope
[2.141s]   183 |               z_move_l = wsin(m_SSP_Time_End_L, [01;31m[Km_Z_Move_PeriodTime[m[K, m_Z_Move_Phase_Shift + 2 * PI / m_Z_Move_PeriodTime * m_SSP_Time_Start_L, m_Z_Move_Amplitude, m_Z_Move_Amplitude_Shift);
[2.141s]       |                                                 [01;31m[K^~~~~~~~~~~~~~~~~~~[m[K
[2.146s] [01m[K/home/robofei/ROS2/action/src/control/src/control.cpp:183:70:[m[K [01;31m[Kerror: [m[K‘[01m[Km_Z_Move_Phase_Shift[m[K’ was not declared in this scope
[2.146s]   183 |       z_move_l = wsin(m_SSP_Time_End_L, m_Z_Move_PeriodTime, [01;31m[Km_Z_Move_Phase_Shift[m[K + 2 * PI / m_Z_Move_PeriodTime * m_SSP_Time_Start_L, m_Z_Move_Amplitude, m_Z_Move_Amplitude_Shift);
[2.147s]       |                                                              [01;31m[K^~~~~~~~~~~~~~~~~~~~[m[K
[2.147s] 
[2.152s] [01m[K/home/robofei/ROS2/action/src/control/src/control.cpp:183:144:[m[K [01;31m[Kerror: [m[K‘[01m[Km_Z_Move_Amplitude[m[K’ was not declared in this scope
[2.152s]   183 | e_Shift + 2 * PI / m_Z_Move_PeriodTime * m_SSP_Time_Start_L, [01;31m[Km_Z_Move_Amplitude[m[K, m_Z_Move_Amplitude_Shift);
[2.152s]       |                                                              [01;31m[K^~~~~~~~~~~~~~~~~~[m[K
[2.152s] 
[2.158s] [01m[K/home/robofei/ROS2/action/src/control/src/control.cpp:183:164:[m[K [01;31m[Kerror: [m[K‘[01m[Km_Z_Move_Amplitude_Shift[m[K’ was not declared in this scope
[2.158s]   183 | _Z_Move_PeriodTime * m_SSP_Time_Start_L, m_Z_Move_Amplitude, [01;31m[Km_Z_Move_Amplitude_Shift[m[K);
[2.158s]       |                                                              [01;31m[K^~~~~~~~~~~~~~~~~~~~~~~~[m[K
[2.158s] 
[2.163s] [01m[K/home/robofei/ROS2/action/src/control/src/control.cpp:184:49:[m[K [01;31m[Kerror: [m[K‘[01m[Km_A_Move_PeriodTime[m[K’ was not declared in this scope
[2.163s]   184 |               c_move_l = wsin(m_SSP_Time_End_R, [01;31m[Km_A_Move_PeriodTime[m[K, m_A_Move_Phase_Shift + 2 * PI / m_A_Move_PeriodTime * m_SSP_Time_Start_R + PI, m_A_Move_Amplitude, m_A_Move_Amplitude_Shift);
[2.163s]       |                                                 [01;31m[K^~~~~~~~~~~~~~~~~~~[m[K
[2.168s] [01m[K/home/robofei/ROS2/action/src/control/src/control.cpp:184:70:[m[K [01;31m[Kerror: [m[K‘[01m[Km_A_Move_Phase_Shift[m[K’ was not declared in this scope
[2.169s]   184 |       c_move_l = wsin(m_SSP_Time_End_R, m_A_Move_PeriodTime, [01;31m[Km_A_Move_Phase_Shift[m[K + 2 * PI / m_A_Move_PeriodTime * m_SSP_Time_Start_R + PI, m_A_Move_Amplitude, m_A_Move_Amplitude_Shift);
[2.169s]       |                                                              [01;31m[K^~~~~~~~~~~~~~~~~~~~[m[K
[2.169s] 
[2.173s] [01m[K/home/robofei/ROS2/action/src/control/src/control.cpp:184:149:[m[K [01;31m[Kerror: [m[K‘[01m[Km_A_Move_Amplitude[m[K’ was not declared in this scope
[2.173s]   184 | ft + 2 * PI / m_A_Move_PeriodTime * m_SSP_Time_Start_R + PI, [01;31m[Km_A_Move_Amplitude[m[K, m_A_Move_Amplitude_Shift);
[2.173s]       |                                                              [01;31m[K^~~~~~~~~~~~~~~~~~[m[K
[2.173s] 
[2.179s] [01m[K/home/robofei/ROS2/action/src/control/src/control.cpp:184:169:[m[K [01;31m[Kerror: [m[K‘[01m[Km_A_Move_Amplitude_Shift[m[K’ was not declared in this scope
[2.179s]   184 | ve_PeriodTime * m_SSP_Time_Start_R + PI, m_A_Move_Amplitude, [01;31m[Km_A_Move_Amplitude_Shift[m[K);
[2.179s]       |                                                              [01;31m[K^~~~~~~~~~~~~~~~~~~~~~~~[m[K
[2.179s] 
[2.183s] [01m[K/home/robofei/ROS2/action/src/control/src/control.cpp:198:39:[m[K [01;31m[Kerror: [m[K‘[01m[Km_X_Offset[m[K’ was not declared in this scope
[2.183s]   198 |           ep[0] = x_swap + x_move_r + [01;31m[Km_X_Offset[m[K;
[2.183s]       |                                       [01;31m[K^~~~~~~~~~[m[K
[2.185s] [01m[K/home/robofei/ROS2/action/src/control/src/control.cpp:199:39:[m[K [01;31m[Kerror: [m[K‘[01m[Km_Y_Offset[m[K’ was not declared in this scope
[2.185s]   199 |           ep[1] = y_swap + y_move_r - [01;31m[Km_Y_Offset[m[K / 2;
[2.186s]       |                                       [01;31m[K^~~~~~~~~~[m[K
[2.188s] [01m[K/home/robofei/ROS2/action/src/control/src/control.cpp:200:39:[m[K [01;31m[Kerror: [m[K‘[01m[Km_Z_Offset[m[K’ was not declared in this scope
[2.188s]   200 |           ep[2] = z_swap + z_move_r + [01;31m[Km_Z_Offset[m[K;
[2.188s]       |                                       [01;31m[K^~~~~~~~~~[m[K
[2.191s] [01m[K/home/robofei/ROS2/action/src/control/src/control.cpp:201:39:[m[K [01;31m[Kerror: [m[K‘[01m[Km_R_Offset[m[K’ was not declared in this scope
[2.191s]   201 |           ep[3] = a_swap + a_move_r - [01;31m[Km_R_Offset[m[K / 2;
[2.191s]       |                                       [01;31m[K^~~~~~~~~~[m[K
[2.193s] [01m[K/home/robofei/ROS2/action/src/control/src/control.cpp:202:39:[m[K [01;31m[Kerror: [m[K‘[01m[Km_P_Offset[m[K’ was not declared in this scope
[2.194s]   202 |           ep[4] = b_swap + b_move_r + [01;31m[Km_P_Offset[m[K;
[2.194s]       |                                       [01;31m[K^~~~~~~~~~[m[K
[2.196s] [01m[K/home/robofei/ROS2/action/src/control/src/control.cpp:203:39:[m[K [01;31m[Kerror: [m[K‘[01m[Km_A_Offset[m[K’ was not declared in this scope
[2.196s]   203 |           ep[5] = c_swap + c_move_r - [01;31m[Km_A_Offset[m[K / 2;
[2.196s]       |                                       [01;31m[K^~~~~~~~~~[m[K
[2.201s] [01m[K/home/robofei/ROS2/action/src/control/src/control.cpp:211:12:[m[K [01;31m[Kerror: [m[K‘[01m[KBALANCE_ENABLE[m[K’ was not declared in this scope
[2.201s]   211 |         if([01;31m[KBALANCE_ENABLE[m[K)
[2.201s]       |            [01;31m[K^~~~~~~~~~~~~~[m[K
[2.205s] [01m[K/home/robofei/ROS2/action/src/control/src/control.cpp:213:13:[m[K [01;31m[Kerror: [m[K‘[01m[Km_balance_fb_angle[m[K’ was not declared in this scope
[2.206s]   213 |             [01;31m[Km_balance_fb_angle[m[K = (1.0-BALANCE_ANGLE_SMOOTH_GAIN) * m_balance_fb_angle + BALANCE_ANGLE_SMOOTH_GAIN * MotionStatus::ANGLE_PITCH;
[2.206s]       |             [01;31m[K^~~~~~~~~~~~~~~~~~[m[K
[2.212s] [01m[K/home/robofei/ROS2/action/src/control/src/control.cpp:213:39:[m[K [01;31m[Kerror: [m[K‘[01m[KBALANCE_ANGLE_SMOOTH_GAIN[m[K’ was not declared in this scope
[2.212s]   213 |             m_balance_fb_angle = (1.0-[01;31m[KBALANCE_ANGLE_SMOOTH_GAIN[m[K) * m_balance_fb_angle + BALANCE_ANGLE_SMOOTH_GAIN * MotionStatus::ANGLE_PITCH;
[2.213s]       |                                       [01;31m[K^~~~~~~~~~~~~~~~~~~~~~~~~[m[K
[2.213s] [01m[K/home/robofei/ROS2/action/src/control/src/control.cpp:213:117:[m[K [01;31m[Kerror: [m[K‘[01m[KMotionStatus[m[K’ has not been declared
[2.213s]   213 | OTH_GAIN) * m_balance_fb_angle + BALANCE_ANGLE_SMOOTH_GAIN * [01;31m[KMotionStatus[m[K::ANGLE_PITCH;
[2.213s]       |                                                              [01;31m[K^~~~~~~~~~~~[m[K
[2.213s] 
[2.213s] [01m[K/home/robofei/ROS2/action/src/control/src/control.cpp:215:67:[m[K [01;31m[Kerror: [m[K‘[01m[KMotionStatus[m[K’ has not been declared
[2.213s]   215 |        double angleVel = -(250.0 / 512.0) * (M_PI / 180.0) * [01;31m[KMotionStatus[m[K::FB_GYRO;
[2.213s]       |                                                              [01;31m[K^~~~~~~~~~~~[m[K
[2.213s] 
[2.213s] [01m[K/home/robofei/ROS2/action/src/control/src/control.cpp:216:49:[m[K [01;31m[Kerror: [m[K‘[01m[KMotionStatus[m[K’ has not been declared
[2.213s]   216 |             double splineOffset = splineBalance([01;31m[KMotionStatus[m[K::ANGLE_PITCH, angleVel, BALANCE_ANGLE_GAIN);
[2.213s]       |                                                 [01;31m[K^~~~~~~~~~~~[m[K
[2.218s] [01m[K/home/robofei/ROS2/action/src/control/src/control.cpp:216:86:[m[K [01;31m[Kerror: [m[K‘[01m[KBALANCE_ANGLE_GAIN[m[K’ was not declared in this scope
[2.218s]   216 | eOffset = splineBalance(MotionStatus::ANGLE_PITCH, angleVel, [01;31m[KBALANCE_ANGLE_GAIN[m[K);
[2.218s]       |                                                              [01;31m[K^~~~~~~~~~~~~~~~~~[m[K
[2.218s] 
[2.221s] [01m[K/home/robofei/ROS2/action/src/control/src/control.cpp:216:35:[m[K [01;31m[Kerror: [m[K‘[01m[KsplineBalance[m[K’ was not declared in this scope
[2.221s]   216 |             double splineOffset = [01;31m[KsplineBalance[m[K(MotionStatus::ANGLE_PITCH, angleVel, BALANCE_ANGLE_GAIN);
[2.221s]       |                                   [01;31m[K^~~~~~~~~~~~~[m[K
[2.223s] [01m[K/home/robofei/ROS2/action/src/control/src/control.cpp:220:22:[m[K [01;31m[Kerror: [m[K‘[01m[KspeedAdj[m[K’ was not declared in this scope
[2.223s]   220 |             ep[0] -= [01;31m[KspeedAdj[m[K;
[2.224s]       |                      [01;31m[K^~~~~~~~[m[K
[2.228s] [01m[K/home/robofei/ROS2/action/src/control/src/control.cpp:225:24:[m[K [01;31m[Kerror: [m[K‘[01m[Km_SSP_Time_End_L[m[K’ was not declared in this scope
[2.228s]   225 |           if(m_Time <= [01;31m[Km_SSP_Time_End_L[m[K)
[2.228s]       |                        [01;31m[K^~~~~~~~~~~~~~~~[m[K
[2.232s] [01m[K/home/robofei/ROS2/action/src/control/src/control.cpp:227:15:[m[K [01;31m[Kerror: [m[K‘[01m[Km_Body_Swing_Y[m[K’ was not declared in this scope
[2.232s]   227 |               [01;31m[Km_Body_Swing_Y[m[K = -ep[7];
[2.232s]       |               [01;31m[K^~~~~~~~~~~~~~[m[K
[2.237s] [01m[K/home/robofei/ROS2/action/src/control/src/control.cpp:228:15:[m[K [01;31m[Kerror: [m[K‘[01m[Km_Body_Swing_Z[m[K’ was not declared in this scope
[2.237s]   228 |               [01;31m[Km_Body_Swing_Z[m[K = ep[8];
[2.237s]       |               [01;31m[K^~~~~~~~~~~~~~[m[K
[2.240s] [01m[K/home/robofei/ROS2/action/src/control/src/control.cpp:232:15:[m[K [01;31m[Kerror: [m[K‘[01m[Km_Body_Swing_Y[m[K’ was not declared in this scope
[2.240s]   232 |               [01;31m[Km_Body_Swing_Y[m[K = -ep[1];
[2.241s]       |               [01;31m[K^~~~~~~~~~~~~~[m[K
[2.244s] [01m[K/home/robofei/ROS2/action/src/control/src/control.cpp:233:15:[m[K [01;31m[Kerror: [m[K‘[01m[Km_Body_Swing_Z[m[K’ was not declared in this scope
[2.244s]   233 |               [01;31m[Km_Body_Swing_Z[m[K = ep[2];
[2.244s]       |               [01;31m[K^~~~~~~~~~~~~~[m[K
[2.248s] [01m[K/home/robofei/ROS2/action/src/control/src/control.cpp:235:9:[m[K [01;31m[Kerror: [m[K‘[01m[Km_Body_Swing_Z[m[K’ was not declared in this scope
[2.248s]   235 |         [01;31m[Km_Body_Swing_Z[m[K -= Kinematics::LEG_LENGTH;
[2.248s]       |         [01;31m[K^~~~~~~~~~~~~~[m[K
[2.248s] [01m[K/home/robofei/ROS2/action/src/control/src/control.cpp:235:27:[m[K [01;31m[Kerror: [m[K‘[01m[KKinematics[m[K’ has not been declared
[2.248s]   235 |         m_Body_Swing_Z -= [01;31m[KKinematics[m[K::LEG_LENGTH;
[2.249s]       |                           [01;31m[K^~~~~~~~~~[m[K
[2.254s] [01m[K/home/robofei/ROS2/action/src/control/src/control.cpp:238:14:[m[K [01;31m[Kerror: [m[K‘[01m[Km_X_Move_Amplitude[m[K’ was not declared in this scope
[2.254s]   238 |           if([01;31m[Km_X_Move_Amplitude[m[K == 0)
[2.254s]       |              [01;31m[K^~~~~~~~~~~~~~~~~~[m[K
[2.257s] [01m[K/home/robofei/ROS2/action/src/control/src/control.cpp:245:40:[m[K [01;31m[Kerror: [m[K‘[01m[Km_PeriodTime[m[K’ was not declared in this scope
[2.257s]   245 |               angle[12] = wsin(m_Time, [01;31m[Km_PeriodTime[m[K, PI * 1.5, -m_X_Move_Amplitude * m_Arm_Swing_Gain, 0);
[2.257s]       |                                        [01;31m[K^~~~~~~~~~~~[m[K
[2.258s] [01m[K/home/robofei/ROS2/action/src/control/src/control.cpp:245:54:[m[K [01;31m[Kerror: [m[K‘[01m[KPI[m[K’ was not declared in this scope
[2.258s]   245 |               angle[12] = wsin(m_Time, m_PeriodTime, [01;31m[KPI[m[K * 1.5, -m_X_Move_Amplitude * m_Arm_Swing_Gain, 0);
[2.258s]       |                                                      [01;31m[K^~[m[K
[2.262s] [01m[K/home/robofei/ROS2/action/src/control/src/control.cpp:245:86:[m[K [01;31m[Kerror: [m[K‘[01m[Km_Arm_Swing_Gain[m[K’ was not declared in this scope
[2.262s]   245 | = wsin(m_Time, m_PeriodTime, PI * 1.5, -m_X_Move_Amplitude * [01;31m[Km_Arm_Swing_Gain[m[K, 0);
[2.263s]       |                                                              [01;31m[K^~~~~~~~~~~~~~~~[m[K
[2.263s] 
[2.267s] [01m[K/home/robofei/ROS2/action/src/control/src/control.cpp:249:14:[m[K [01;31m[Kerror: [m[K‘[01m[Km_Real_Running[m[K’ was not declared in this scope
[2.267s]   249 |           if([01;31m[Km_Real_Running[m[K == true)
[2.267s]       |              [01;31m[K^~~~~~~~~~~~~~[m[K
[2.270s] [01m[K/home/robofei/ROS2/action/src/control/src/control.cpp:252:28:[m[K [01;31m[Kerror: [m[K‘[01m[Km_PeriodTime[m[K’ was not declared in this scope
[2.270s]   252 |               if(m_Time >= [01;31m[Km_PeriodTime[m[K)
[2.270s]       |                            [01;31m[K^~~~~~~~~~~~[m[K
[2.273s] [01m[K/home/robofei/ROS2/action/src/control/src/control.cpp:257:15:[m[K [01;31m[Kerror: [m[K‘[01m[KcomputeIK[m[K’ was not declared in this scope
[2.273s]   257 |           if(([01;31m[KcomputeIK[m[K(&angle[0], ep[0], ep[1], ep[2], ep[3], ep[4], ep[5]) == 1)
[2.273s]       |               [01;31m[K^~~~~~~~~[m[K
[2.274s] [01m[K/home/robofei/ROS2/action/src/control/src/control.cpp:261:39:[m[K [01;31m[Kerror: [m[K‘[01m[KPI[m[K’ was not declared in this scope
[2.274s]   261 |                   angle[i] *= 180.0 / [01;31m[KPI[m[K;
[2.274s]       |                                       [01;31m[K^~[m[K
[2.274s] [01m[K/home/robofei/ROS2/action/src/control/src/control.cpp:271:54:[m[K [01;31m[Kerror: [m[K‘[01m[KRATIO_ANGLE2VALUE[m[K’ is not a member of ‘[01m[KRobot::MX28[m[K’
[2.275s]   271 |           offset = (double)dir[i] * angle[i] * MX28::[01;31m[KRATIO_ANGLE2VALUE[m[K;
[2.275s]       |                                                      [01;31m[K^~~~~~~~~~~~~~~~~[m[K
[2.279s] [01m[K/home/robofei/ROS2/action/src/control/src/control.cpp:277:46:[m[K [01;31m[Kerror: [m[K‘[01m[KHIP_PITCH_OFFSET[m[K’ was not declared in this scope
[2.279s]   277 |                   offset -= (double)dir[i] * [01;31m[KHIP_PITCH_OFFSET[m[K * MX28::RATIO_ANGLE2VALUE;
[2.279s]       |                                              [01;31m[K^~~~~~~~~~~~~~~~[m[K
[2.279s] [01m[K/home/robofei/ROS2/action/src/control/src/control.cpp:277:71:[m[K [01;31m[Kerror: [m[K‘[01m[KRATIO_ANGLE2VALUE[m[K’ is not a member of ‘[01m[KRobot::MX28[m[K’
[2.279s]   277 |          offset -= (double)dir[i] * HIP_PITCH_OFFSET * MX28::[01;31m[KRATIO_ANGLE2VALUE[m[K;
[2.279s]       |                                                              [01;31m[K^~~~~~~~~~~~~~~~~[m[K
[2.279s] 
[2.283s] [01m[K/home/robofei/ROS2/action/src/control/src/control.cpp:283:14:[m[K [01;31m[Kerror: [m[K‘[01m[KBALANCE_ENABLE[m[K’ was not declared in this scope
[2.284s]   283 |           if([01;31m[KBALANCE_ENABLE[m[K == true)
[2.284s]       |              [01;31m[K^~~~~~~~~~~~~~[m[K
[2.284s] [01m[K/home/robofei/ROS2/action/src/control/src/control.cpp:285:30:[m[K [01;31m[Kerror: [m[K‘[01m[KMotionStatus[m[K’ has not been declared
[2.284s]   285 |           double rlGyroErr = [01;31m[KMotionStatus[m[K::RL_GYRO;
[2.284s]       |                              [01;31m[K^~~~~~~~~~~~[m[K
[2.284s] [01m[K/home/robofei/ROS2/action/src/control/src/control.cpp:286:30:[m[K [01;31m[Kerror: [m[K‘[01m[KMotionStatus[m[K’ has not been declared
[2.284s]   286 |           double fbGyroErr = [01;31m[KMotionStatus[m[K::FB_GYRO;
[2.284s]       |                              [01;31m[K^~~~~~~~~~~~[m[K
[2.290s] [01m[K/home/robofei/ROS2/action/src/control/src/control.cpp:288:51:[m[K [01;31m[Kerror: [m[K‘[01m[KBALANCE_HIP_ROLL_GAIN[m[K’ was not declared in this scope
[2.290s]   288 |               outValue[1] += dir[1] * rlGyroErr * [01;31m[KBALANCE_HIP_ROLL_GAIN[m[K; // R_HIP_ROLL
[2.291s]       |                                                   [01;31m[K^~~~~~~~~~~~~~~~~~~~~[m[K
[2.295s] [01m[K/home/robofei/ROS2/action/src/control/src/control.cpp:291:51:[m[K [01;31m[Kerror: [m[K‘[01m[KBALANCE_KNEE_GAIN[m[K’ was not declared in this scope
[2.295s]   291 |               outValue[3] -= dir[3] * fbGyroErr * [01;31m[KBALANCE_KNEE_GAIN[m[K; // R_KNEE
[2.295s]       |                                                   [01;31m[K^~~~~~~~~~~~~~~~~[m[K
[2.302s] [01m[K/home/robofei/ROS2/action/src/control/src/control.cpp:294:51:[m[K [01;31m[Kerror: [m[K‘[01m[KBALANCE_ANKLE_PITCH_GAIN[m[K’ was not declared in this scope
[2.302s]   294 |               outValue[4] -= dir[4] * fbGyroErr * [01;31m[KBALANCE_ANKLE_PITCH_GAIN[m[K; // R_ANKLE_PITCH
[2.303s]       |                                                   [01;31m[K^~~~~~~~~~~~~~~~~~~~~~~~[m[K
[2.309s] [01m[K/home/robofei/ROS2/action/src/control/src/control.cpp:297:51:[m[K [01;31m[Kerror: [m[K‘[01m[KBALANCE_ANKLE_ROLL_GAIN[m[K’ was not declared in this scope
[2.309s]   297 |               outValue[5] -= dir[5] * rlGyroErr * [01;31m[KBALANCE_ANKLE_ROLL_GAIN[m[K; // R_ANKLE_ROLL
[2.309s]       |                                                   [01;31m[K^~~~~~~~~~~~~~~~~~~~~~~[m[K
[2.311s] [01m[K/home/robofei/ROS2/action/src/control/src/control.cpp:316:13:[m[K [01;31m[Kerror: [m[K‘[01m[Km_Joint[m[K’ was not declared in this scope; did you mean ‘[01m[Ku_int[m[K’?
[2.311s]   316 |             [01;31m[Km_Joint[m[K.SetPGain(id, P_GAIN);
[2.311s]       |             [01;31m[K^~~~~~~[m[K
[2.312s]       |             [32m[Ku_int[m[K
[2.313s] [01m[K/home/robofei/ROS2/action/src/control/src/control.cpp:316:34:[m[K [01;31m[Kerror: [m[K‘[01m[KP_GAIN[m[K’ was not declared in this scope; did you mean ‘[01m[KEAGAIN[m[K’?
[2.313s]   316 |             m_Joint.SetPGain(id, [01;31m[KP_GAIN[m[K);
[2.313s]       |                                  [01;31m[K^~~~~~[m[K
[2.313s]       |                                  [32m[KEAGAIN[m[K
[2.316s] [01m[K/home/robofei/ROS2/action/src/control/src/control.cpp:317:36:[m[K [01;31m[Kerror: [m[K‘[01m[KI_GAIN[m[K’ was not declared in this scope; did you mean ‘[01m[KEAGAIN[m[K’?
[2.316s]   317 |               m_Joint.SetIGain(id, [01;31m[KI_GAIN[m[K);
[2.316s]       |                                    [01;31m[K^~~~~~[m[K
[2.316s]       |                                    [32m[KEAGAIN[m[K
[2.319s] [01m[K/home/robofei/ROS2/action/src/control/src/control.cpp:318:36:[m[K [01;31m[Kerror: [m[K‘[01m[KD_GAIN[m[K’ was not declared in this scope; did you mean ‘[01m[KEAGAIN[m[K’?
[2.320s]   318 |               m_Joint.SetDGain(id, [01;31m[KD_GAIN[m[K);
[2.320s]       |                                    [01;31m[K^~~~~~[m[K
[2.320s]       |                                    [32m[KEAGAIN[m[K
[2.327s] [01m[K/home/robofei/ROS2/action/src/control/src/control.cpp:323:41:[m[K [01;31m[Kerror: [m[K‘[01m[KID_R_SHOULDER_ROLL[m[K’ was not declared in this scope
[2.327s]   323 |         JointData::ID_L_SHOULDER_PITCH, [01;31m[KID_R_SHOULDER_ROLL[m[K, ID_L_SHOULDER_ROLL, ID_R_ELBOW, ID_L_ELBOW};
[2.327s]       |                                         [01;31m[K^~~~~~~~~~~~~~~~~~[m[K
[2.332s] [01m[K/home/robofei/ROS2/action/src/control/src/control.cpp:323:61:[m[K [01;31m[Kerror: [m[K‘[01m[KID_L_SHOULDER_ROLL[m[K’ was not declared in this scope
[2.332s]   323 |         JointData::ID_L_SHOULDER_PITCH, ID_R_SHOULDER_ROLL, [01;31m[KID_L_SHOULDER_ROLL[m[K, ID_R_ELBOW, ID_L_ELBOW};
[2.332s]       |                                                             [01;31m[K^~~~~~~~~~~~~~~~~~[m[K
[2.336s] [01m[K/home/robofei/ROS2/action/src/control/src/control.cpp:323:81:[m[K [01;31m[Kerror: [m[K‘[01m[KID_R_ELBOW[m[K’ was not declared in this scope
[2.336s]   323 | ID_L_SHOULDER_PITCH, ID_R_SHOULDER_ROLL, ID_L_SHOULDER_ROLL, [01;31m[KID_R_ELBOW[m[K, ID_L_ELBOW};
[2.336s]       |                                                              [01;31m[K^~~~~~~~~~[m[K
[2.336s] 
[2.341s] [01m[K/home/robofei/ROS2/action/src/control/src/control.cpp:323:93:[m[K [01;31m[Kerror: [m[K‘[01m[KID_L_ELBOW[m[K’ was not declared in this scope
[2.341s]   323 | R_PITCH, ID_R_SHOULDER_ROLL, ID_L_SHOULDER_ROLL, ID_R_ELBOW, [01;31m[KID_L_ELBOW[m[K};
[2.341s]       |                                                              [01;31m[K^~~~~~~~~~[m[K
[2.341s] 
[2.341s] [01m[K/home/robofei/ROS2/action/src/control/src/control.cpp:323:103:[m[K [01;31m[Kerror: [m[Kno match for ‘[01m[Koperator=[m[K’ (operand types are ‘[01m[Kdynamixel_sdk_custom_interfaces::msg::SetPosition_<std::allocator<void> >::_id_type[m[K’ {aka ‘[01m[Kstd::vector<unsigned char, std::allocator<unsigned char> >[m[K’} and ‘[01m[K<brace-enclosed initializer list>[m[K’)
[2.341s]   323 | TCH, ID_R_SHOULDER_ROLL, ID_L_SHOULDER_ROLL, ID_R_ELBOW, ID_L_ELBOW[01;31m[K}[m[K;
[2.341s]       |                                                                    [01;31m[K^[m[K
[2.342s] 
[2.342s] In file included from [01m[K/usr/include/c++/9/vector:72[m[K,
[2.342s]                  from [01m[K/opt/ros/foxy/include/rclcpp/executor.hpp:27[m[K,
[2.342s]                  from [01m[K/opt/ros/foxy/include/rclcpp/executors/multi_threaded_executor.hpp:26[m[K,
[2.342s]                  from [01m[K/opt/ros/foxy/include/rclcpp/executors.hpp:21[m[K,
[2.342s]                  from [01m[K/opt/ros/foxy/include/rclcpp/rclcpp.hpp:146[m[K,
[2.342s]                  from [01m[K/home/robofei/ROS2/action/src/control/src/control.cpp:8[m[K:
[2.342s] [01m[K/usr/include/c++/9/bits/vector.tcc:198:5:[m[K [01;36m[Knote: [m[Kcandidate: ‘[01m[Kstd::vector<_Tp, _Alloc>& std::vector<_Tp, _Alloc>::operator=(const std::vector<_Tp, _Alloc>&) [with _Tp = unsigned char; _Alloc = std::allocator<unsigned char>][m[K’
[2.342s]   198 |     [01;36m[Kvector<_Tp, _Alloc>[m[K::
[2.342s]       |     [01;36m[K^~~~~~~~~~~~~~~~~~~[m[K
[2.342s] [01m[K/usr/include/c++/9/bits/vector.tcc:199:42:[m[K [01;36m[Knote: [m[K  no known conversion for argument 1 from ‘[01m[K<brace-enclosed initializer list>[m[K’ to ‘[01m[Kconst std::vector<unsigned char, std::allocator<unsigned char> >&[m[K’
[2.342s]   199 |     operator=([01;36m[Kconst vector<_Tp, _Alloc>& __x[m[K)
[2.342s]       |               [01;36m[K~~~~~~~~~~~~~~~~~~~~~~~~~~~^~~[m[K
[2.342s] In file included from [01m[K/usr/include/c++/9/vector:67[m[K,
[2.343s]                  from [01m[K/opt/ros/foxy/include/rclcpp/executor.hpp:27[m[K,
[2.343s]                  from [01m[K/opt/ros/foxy/include/rclcpp/executors/multi_threaded_executor.hpp:26[m[K,
[2.343s]                  from [01m[K/opt/ros/foxy/include/rclcpp/executors.hpp:21[m[K,
[2.343s]                  from [01m[K/opt/ros/foxy/include/rclcpp/rclcpp.hpp:146[m[K,
[2.343s]                  from [01m[K/home/robofei/ROS2/action/src/control/src/control.cpp:8[m[K:
[2.343s] [01m[K/usr/include/c++/9/bits/stl_vector.h:706:7:[m[K [01;36m[Knote: [m[Kcandidate: ‘[01m[Kstd::vector<_Tp, _Alloc>& std::vector<_Tp, _Alloc>::operator=(std::vector<_Tp, _Alloc>&&) [with _Tp = unsigned char; _Alloc = std::allocator<unsigned char>][m[K’
[2.343s]   706 |       [01;36m[Koperator[m[K=(vector&& __x) noexcept(_Alloc_traits::_S_nothrow_move())
[2.343s]       |       [01;36m[K^~~~~~~~[m[K
[2.343s] [01m[K/usr/include/c++/9/bits/stl_vector.h:706:26:[m[K [01;36m[Knote: [m[K  no known conversion for argument 1 from ‘[01m[K<brace-enclosed initializer list>[m[K’ to ‘[01m[Kstd::vector<unsigned char, std::allocator<unsigned char> >&&[m[K’
[2.343s]   706 |       operator=([01;36m[Kvector&& __x[m[K) noexcept(_Alloc_traits::_S_nothrow_move())
[2.343s]       |                 [01;36m[K~~~~~~~~~^~~[m[K
[2.343s] [01m[K/usr/include/c++/9/bits/stl_vector.h:727:7:[m[K [01;36m[Knote: [m[Kcandidate: ‘[01m[Kstd::vector<_Tp, _Alloc>& std::vector<_Tp, _Alloc>::operator=(std::initializer_list<_Tp>) [with _Tp = unsigned char; _Alloc = std::allocator<unsigned char>][m[K’
[2.343s]   727 |       [01;36m[Koperator[m[K=(initializer_list<value_type> __l)
[2.343s]       |       [01;36m[K^~~~~~~~[m[K
[2.344s] [01m[K/usr/include/c++/9/bits/stl_vector.h:727:46:[m[K [01;36m[Knote: [m[K  no known conversion for argument 1 from ‘[01m[K<brace-enclosed initializer list>[m[K’ to ‘[01m[Kstd::initializer_list<unsigned char>[m[K’
[2.344s]   727 |       operator=([01;36m[Kinitializer_list<value_type> __l[m[K)
[2.344s]       |                 [01;36m[K~~~~~~~~~~~~~~~~~~~~~~~~~~~~~^~~[m[K
[4.033s] make[2]: *** [CMakeFiles/control.dir/build.make:63: CMakeFiles/control.dir/src/control.cpp.o] Error 1
[4.033s] make[1]: *** [CMakeFiles/Makefile2:78: CMakeFiles/control.dir/all] Error 2
[4.033s] make: *** [Makefile:141: all] Error 2
[4.036s] Invoked command in '/home/robofei/ROS2/action/build/control' returned '2': AMENT_PREFIX_PATH=/home/robofei/ROS2/action/install/dynamixel_sdk_custom_interfaces:${AMENT_PREFIX_PATH} CMAKE_PREFIX_PATH=/home/robofei/ROS2/action/install/dynamixel_sdk_custom_interfaces:/opt/ros/foxy LD_LIBRARY_PATH=/home/robofei/ROS2/action/install/dynamixel_sdk_custom_interfaces/lib:${LD_LIBRARY_PATH} PYTHONPATH=/home/robofei/ROS2/action/install/dynamixel_sdk_custom_interfaces/lib/python3.8/site-packages:${PYTHONPATH} /usr/bin/cmake --build /home/robofei/ROS2/action/build/control -- -j4 -l4
