[0.017s] Invoking command in '/home/robofei/ROS2/dynamixel/build/dynamixel_sdk': CMAKE_PREFIX_PATH=/opt/ros/foxy /usr/bin/cmake /home/robofei/ROS2/dynamixel/src/DynamixelSDK/dynamixel_sdk -DAMENT_CMAKE_SYMLINK_INSTALL=1 -DCMAKE_INSTALL_PREFIX=/home/robofei/ROS2/dynamixel/install/dynamixel_sdk
[0.080s] -- The C compiler identification is GNU 9.4.0
[0.144s] -- The CXX compiler identification is GNU 9.4.0
[0.151s] -- Check for working C compiler: /usr/bin/cc
[0.221s] -- Check for working C compiler: /usr/bin/cc -- works
[0.222s] -- Detecting C compiler ABI info
[0.293s] -- Detecting C compiler ABI info - done
[0.306s] -- Detecting C compile features
[0.306s] -- Detecting C compile features - done
[0.309s] -- Check for working CXX compiler: /usr/bin/c++
[0.393s] -- Check for working CXX compiler: /usr/bin/c++ -- works
[0.394s] -- Detecting CXX compiler ABI info
[0.479s] -- Detecting CXX compiler ABI info - done
[0.492s] -- Detecting CXX compile features
[0.493s] -- Detecting CXX compile features - done
[0.495s] -- Found ament_cmake: 0.9.9 (/opt/ros/foxy/share/ament_cmake/cmake)
[0.521s] -- Found PythonInterp: /usr/bin/python3 (found suitable version "3.8.10", minimum required is "3") 
[0.521s] -- Using PYTHON_EXECUTABLE: /usr/bin/python3
[0.714s] -- Override CMake install command with custom implementation using symlinks instead of copying resources
[0.805s] -- Configuring done
[0.812s] -- Generating done
[0.813s] -- Build files have been written to: /home/robofei/ROS2/dynamixel/build/dynamixel_sdk
[0.817s] Invoked command in '/home/robofei/ROS2/dynamixel/build/dynamixel_sdk' returned '0': CMAKE_PREFIX_PATH=/opt/ros/foxy /usr/bin/cmake /home/robofei/ROS2/dynamixel/src/DynamixelSDK/dynamixel_sdk -DAMENT_CMAKE_SYMLINK_INSTALL=1 -DCMAKE_INSTALL_PREFIX=/home/robofei/ROS2/dynamixel/install/dynamixel_sdk
[0.820s] Invoking command in '/home/robofei/ROS2/dynamixel/build/dynamixel_sdk': CMAKE_PREFIX_PATH=/opt/ros/foxy /usr/bin/cmake --build /home/robofei/ROS2/dynamixel/build/dynamixel_sdk -- -j4 -l4
[0.862s] [35m[1mScanning dependencies of target dynamixel_sdk[0m
[0.880s] [ 10%] [32mBuilding CXX object CMakeFiles/dynamixel_sdk.dir/src/dynamixel_sdk/protocol1_packet_handler.cpp.o[0m
[0.880s] [ 20%] [32mBuilding CXX object CMakeFiles/dynamixel_sdk.dir/src/dynamixel_sdk/packet_handler.cpp.o[0m
[0.881s] [ 30%] [32mBuilding CXX object CMakeFiles/dynamixel_sdk.dir/src/dynamixel_sdk/protocol2_packet_handler.cpp.o[0m
[0.892s] [ 40%] [32mBuilding CXX object CMakeFiles/dynamixel_sdk.dir/src/dynamixel_sdk/group_sync_read.cpp.o[0m
[1.057s] [ 50%] [32mBuilding CXX object CMakeFiles/dynamixel_sdk.dir/src/dynamixel_sdk/group_sync_write.cpp.o[0m
[1.271s] [ 60%] [32mBuilding CXX object CMakeFiles/dynamixel_sdk.dir/src/dynamixel_sdk/group_bulk_read.cpp.o[0m
[1.424s] [ 70%] [32mBuilding CXX object CMakeFiles/dynamixel_sdk.dir/src/dynamixel_sdk/group_bulk_write.cpp.o[0m
[1.702s] [ 80%] [32mBuilding CXX object CMakeFiles/dynamixel_sdk.dir/src/dynamixel_sdk/port_handler.cpp.o[0m
[1.751s] [ 90%] [32mBuilding CXX object CMakeFiles/dynamixel_sdk.dir/src/dynamixel_sdk/port_handler_linux.cpp.o[0m
[2.477s] [100%] [32m[1mLinking CXX shared library libdynamixel_sdk.so[0m
[2.629s] [100%] Built target dynamixel_sdk
[2.650s] Invoked command in '/home/robofei/ROS2/dynamixel/build/dynamixel_sdk' returned '0': CMAKE_PREFIX_PATH=/opt/ros/foxy /usr/bin/cmake --build /home/robofei/ROS2/dynamixel/build/dynamixel_sdk -- -j4 -l4
[2.734s] Invoking command in '/home/robofei/ROS2/dynamixel/build/dynamixel_sdk': CMAKE_PREFIX_PATH=/opt/ros/foxy /usr/bin/cmake --install /home/robofei/ROS2/dynamixel/build/dynamixel_sdk
[2.751s] -- Install configuration: ""
[2.752s] -- Execute custom install script
[2.753s] -- Symlinking: /home/robofei/ROS2/dynamixel/install/dynamixel_sdk/include//dynamixel_sdk/dynamixel_sdk.h
[2.770s] -- Symlinking: /home/robofei/ROS2/dynamixel/install/dynamixel_sdk/include//dynamixel_sdk/group_bulk_read.h
[2.786s] -- Symlinking: /home/robofei/ROS2/dynamixel/install/dynamixel_sdk/include//dynamixel_sdk/group_bulk_write.h
[2.800s] -- Symlinking: /home/robofei/ROS2/dynamixel/install/dynamixel_sdk/include//dynamixel_sdk/group_sync_read.h
[2.821s] -- Symlinking: /home/robofei/ROS2/dynamixel/install/dynamixel_sdk/include//dynamixel_sdk/group_sync_write.h
[2.836s] -- Symlinking: /home/robofei/ROS2/dynamixel/install/dynamixel_sdk/include//dynamixel_sdk/packet_handler.h
[2.848s] -- Symlinking: /home/robofei/ROS2/dynamixel/install/dynamixel_sdk/include//dynamixel_sdk/port_handler.h
[2.862s] -- Symlinking: /home/robofei/ROS2/dynamixel/install/dynamixel_sdk/include//dynamixel_sdk/port_handler_arduino.h
[2.880s] -- Symlinking: /home/robofei/ROS2/dynamixel/install/dynamixel_sdk/include//dynamixel_sdk/port_handler_linux.h
[2.925s] -- Symlinking: /home/robofei/ROS2/dynamixel/install/dynamixel_sdk/include//dynamixel_sdk/port_handler_mac.h
[2.960s] -- Symlinking: /home/robofei/ROS2/dynamixel/install/dynamixel_sdk/include//dynamixel_sdk/port_handler_windows.h
[2.993s] -- Symlinking: /home/robofei/ROS2/dynamixel/install/dynamixel_sdk/include//dynamixel_sdk/protocol1_packet_handler.h
[3.026s] -- Symlinking: /home/robofei/ROS2/dynamixel/install/dynamixel_sdk/include//dynamixel_sdk/protocol2_packet_handler.h
[3.061s] -- Symlinking: /home/robofei/ROS2/dynamixel/install/dynamixel_sdk/lib/libdynamixel_sdk.so
[3.109s] -- Up-to-date symlink: /home/robofei/ROS2/dynamixel/install/dynamixel_sdk/share/dynamixel_sdk/environment/library_path.sh
[3.110s] -- Symlinking: /home/robofei/ROS2/dynamixel/install/dynamixel_sdk/share/dynamixel_sdk/environment/library_path.dsv
[3.150s] -- Symlinking: /home/robofei/ROS2/dynamixel/install/dynamixel_sdk/share/ament_index/resource_index/package_run_dependencies/dynamixel_sdk
[3.196s] -- Symlinking: /home/robofei/ROS2/dynamixel/install/dynamixel_sdk/share/ament_index/resource_index/parent_prefix_path/dynamixel_sdk
[3.230s] -- Up-to-date symlink: /home/robofei/ROS2/dynamixel/install/dynamixel_sdk/share/dynamixel_sdk/environment/ament_prefix_path.sh
[3.231s] -- Symlinking: /home/robofei/ROS2/dynamixel/install/dynamixel_sdk/share/dynamixel_sdk/environment/ament_prefix_path.dsv
[3.253s] -- Up-to-date symlink: /home/robofei/ROS2/dynamixel/install/dynamixel_sdk/share/dynamixel_sdk/environment/path.sh
[3.254s] -- Symlinking: /home/robofei/ROS2/dynamixel/install/dynamixel_sdk/share/dynamixel_sdk/environment/path.dsv
[3.268s] -- Symlinking: /home/robofei/ROS2/dynamixel/install/dynamixel_sdk/share/dynamixel_sdk/local_setup.bash
[3.283s] -- Symlinking: /home/robofei/ROS2/dynamixel/install/dynamixel_sdk/share/dynamixel_sdk/local_setup.sh
[3.297s] -- Symlinking: /home/robofei/ROS2/dynamixel/install/dynamixel_sdk/share/dynamixel_sdk/local_setup.zsh
[3.312s] -- Symlinking: /home/robofei/ROS2/dynamixel/install/dynamixel_sdk/share/dynamixel_sdk/local_setup.dsv
[3.326s] -- Symlinking: /home/robofei/ROS2/dynamixel/install/dynamixel_sdk/share/dynamixel_sdk/package.dsv
[3.343s] -- Symlinking: /home/robofei/ROS2/dynamixel/install/dynamixel_sdk/share/ament_index/resource_index/packages/dynamixel_sdk
[3.359s] -- Symlinking: /home/robofei/ROS2/dynamixel/install/dynamixel_sdk/share/dynamixel_sdk/cmake/ament_cmake_export_include_directories-extras.cmake
[3.373s] -- Symlinking: /home/robofei/ROS2/dynamixel/install/dynamixel_sdk/share/dynamixel_sdk/cmake/ament_cmake_export_libraries-extras.cmake
[3.409s] -- Symlinking: /home/robofei/ROS2/dynamixel/install/dynamixel_sdk/share/dynamixel_sdk/cmake/dynamixel_sdkConfig.cmake
[3.445s] -- Symlinking: /home/robofei/ROS2/dynamixel/install/dynamixel_sdk/share/dynamixel_sdk/cmake/dynamixel_sdkConfig-version.cmake
[3.474s] -- Symlinking: /home/robofei/ROS2/dynamixel/install/dynamixel_sdk/share/dynamixel_sdk/package.xml
[3.500s] Invoked command in '/home/robofei/ROS2/dynamixel/build/dynamixel_sdk' returned '0': CMAKE_PREFIX_PATH=/opt/ros/foxy /usr/bin/cmake --install /home/robofei/ROS2/dynamixel/build/dynamixel_sdk
