[1.371s] Invoking command in '/home/robofei/ROS2/build/vision_pkg': PYTHONPATH=/home/robofei/ROS2/install/vision_pkg/lib/python3.8/site-packages:${PYTHONPATH} /usr/bin/python3 setup.py develop --prefix /home/robofei/ROS2/install/vision_pkg --editable --build-directory /home/robofei/ROS2/build/vision_pkg/build --no-deps install_data --install-dir /home/robofei/ROS2/install/vision_pkg
[2.174s] running develop
[2.368s] running egg_info
[2.368s] creating vision_pkg.egg-info
[2.369s] writing vision_pkg.egg-info/PKG-INFO
[2.369s] writing dependency_links to vision_pkg.egg-info/dependency_links.txt
[2.369s] writing entry points to vision_pkg.egg-info/entry_points.txt
[2.369s] writing requirements to vision_pkg.egg-info/requires.txt
[2.369s] writing top-level names to vision_pkg.egg-info/top_level.txt
[2.374s] writing manifest file 'vision_pkg.egg-info/SOURCES.txt'
[2.433s] reading manifest file 'vision_pkg.egg-info/SOURCES.txt'
[2.434s] writing manifest file 'vision_pkg.egg-info/SOURCES.txt'
[2.436s] running build_ext
[2.437s] Creating /home/robofei/ROS2/install/vision_pkg/lib/python3.8/site-packages/site.py
[2.441s] Creating /home/robofei/ROS2/install/vision_pkg/lib/python3.8/site-packages/vision-pkg.egg-link (link to .)
[2.442s] Installing vision script to /home/robofei/ROS2/install/vision_pkg/lib/vision_pkg
[2.442s] 
[2.442s] Installed /home/robofei/ROS2/build/vision_pkg
[2.443s] running install_data
[2.443s] creating /home/robofei/ROS2/install/vision_pkg/share/ament_index
[2.443s] creating /home/robofei/ROS2/install/vision_pkg/share/ament_index/resource_index
[2.443s] creating /home/robofei/ROS2/install/vision_pkg/share/ament_index/resource_index/packages
[2.443s] copying resource/vision_pkg -> /home/robofei/ROS2/install/vision_pkg/share/ament_index/resource_index/packages
[2.443s] copying package.xml -> /home/robofei/ROS2/install/vision_pkg/share/vision_pkg
[2.497s] Invoked command in '/home/robofei/ROS2/build/vision_pkg' returned '0': PYTHONPATH=/home/robofei/ROS2/install/vision_pkg/lib/python3.8/site-packages:${PYTHONPATH} /usr/bin/python3 setup.py develop --prefix /home/robofei/ROS2/install/vision_pkg --editable --build-directory /home/robofei/ROS2/build/vision_pkg/build --no-deps install_data --install-dir /home/robofei/ROS2/install/vision_pkg
