[0.013s] Invoking command in '/home/robofei/ROS2/action/build/control': CMAKE_PREFIX_PATH=/home/robofei/ROS2/action/install/custom_interfaces:/home/robofei/ROS2/action/install/control:/opt/ros/foxy /usr/bin/cmake --build /home/robofei/ROS2/action/build/control -- -j4 -l4
[0.066s] [35m[1mScanning dependencies of target minimal_publisher[0m
[0.100s] [ 50%] [32mBuilding CXX object CMakeFiles/minimal_publisher.dir/src/minimal_pub.cpp.o[0m
[2.304s] In file included from [01m[K/opt/ros/foxy/include/rclcpp/context.hpp:19[m[K,
[2.304s]                  from [01m[K/opt/ros/foxy/include/rclcpp/contexts/default_context.hpp:18[m[K,
[2.304s]                  from [01m[K/opt/ros/foxy/include/rclcpp/executor.hpp:32[m[K,
[2.305s]                  from [01m[K/opt/ros/foxy/include/rclcpp/executors/multi_threaded_executor.hpp:26[m[K,
[2.305s]                  from [01m[K/opt/ros/foxy/include/rclcpp/executors.hpp:21[m[K,
[2.305s]                  from [01m[K/opt/ros/foxy/include/rclcpp/rclcpp.hpp:146[m[K,
[2.305s]                  from [01m[K/home/robofei/ROS2/action/src/control/src/minimal_pub.cpp:7[m[K:
[2.305s] /usr/include/c++/9/functional: In instantiation of ‘[01m[Kstruct std::_Bind_check_arity<void (MinimalPublisher::*)()>[m[K’:
[2.305s] [01m[K/usr/include/c++/9/functional:787:12:[m[K   required from ‘[01m[Kstruct std::_Bind_helper<false, void (MinimalPublisher::*)()>[m[K’
[2.306s] [01m[K/usr/include/c++/9/functional:808:5:[m[K   required by substitution of ‘[01m[Ktemplate<class _Func, class ... _BoundArgs> typename std::_Bind_helper<std::__is_socketlike<_Func>::value, _Func, _BoundArgs ...>::type std::bind(_Func&&, _BoundArgs&& ...) [with _Func = void (MinimalPublisher::*)(); _BoundArgs = {}][m[K’
[2.306s] [01m[K/home/robofei/ROS2/action/src/control/src/minimal_pub.cpp:32:65:[m[K   required from here
[2.306s] [01m[K/usr/include/c++/9/functional:775:7:[m[K [01;31m[Kerror: [m[Kstatic assertion failed: Wrong number of arguments for pointer-to-member
[2.306s]   774 |       static_assert(_Varargs::[01;31m[Kvalue[m[K
[2.306s]       |                               [01;31m[K~~~~~[m[K
[2.306s]   775 | [01;31m[K      ? sizeof...(_BoundArgs) >= _Arity::value + 1[m[K
[2.306s]       |       [01;31m[K^~~~~~~~~~~~~~~~~~~~~~~~~~~~~~~~~~~~~~~~~~~~[m[K
[2.306s]   776 | [01;31m[K      : sizeof...(_BoundArgs) == _Arity::value + 1[m[K,
[2.307s]       |       [01;31m[K~~~~~~~~~~~~~~~~~~~~~~~~~~~~~~~~~~~~~~~~~~~~[m[K
[2.307s] /usr/include/c++/9/functional: In substitution of ‘[01m[Ktemplate<class _Functor, class ... _Bound_args> template<class _Fn, class _CallArgs, class ... _BArgs> using _Res_type_impl = typename std::result_of<_Fn&(std::_Bind<_Functor(_Bound_args ...)>::_Mu_type<_BArgs, _CallArgs>&& ...)>::type [with _Fn = void (MinimalPublisher::*)(); _CallArgs = _CallArgs; _BArgs = {}; _Functor = void (MinimalPublisher::*)(); _Bound_args = {}][m[K’:
[2.307s] [01m[K/usr/include/c++/9/functional:447:8:[m[K   required from ‘[01m[Kstruct std::_Bind<void (MinimalPublisher::*())()>[m[K’
[2.307s] [01m[K/home/robofei/ROS2/action/src/control/src/minimal_pub.cpp:32:65:[m[K   required from here
[2.307s] [01m[K/usr/include/c++/9/functional:443:8:[m[K [01;31m[Kerror: [m[Kno type named ‘[01m[Ktype[m[K’ in ‘[01m[Kclass std::result_of<void (MinimalPublisher::*&())()>[m[K’
[2.307s]   443 |  using [01;31m[K_Res_type_impl[m[K
[2.307s]       |        [01;31m[K^~~~~~~~~~~~~~[m[K
[2.307s] /usr/include/c++/9/functional: In substitution of ‘[01m[Ktemplate<class _Functor, class ... _Bound_args> template<class _Fn, class _CallArgs, class ... _BArgs> using _Res_type_impl = typename std::result_of<_Fn&(std::_Bind<_Functor(_Bound_args ...)>::_Mu_type<_BArgs, _CallArgs>&& ...)>::type [with _Fn = void (MinimalPublisher::*)(); _CallArgs = std::tuple<_Tps ...>; _BArgs = {}; _Functor = void (MinimalPublisher::*)(); _Bound_args = {}][m[K’:
[2.308s] [01m[K/usr/include/c++/9/functional:447:8:[m[K   required by substitution of ‘[01m[Ktemplate<class _Functor, class ... _Bound_args> template<class _CallArgs> using _Res_type = std::_Bind<_Functor(_Bound_args ...)>::_Res_type_impl<_Functor, _CallArgs, _Bound_args ...> [with _CallArgs = std::tuple<_Tps ...>; _Functor = void (MinimalPublisher::*)(); _Bound_args = {}][m[K’
[2.308s] [01m[K/usr/include/c++/9/functional:480:2:[m[K   required from ‘[01m[Kstruct std::_Bind<void (MinimalPublisher::*())()>[m[K’
[2.308s] [01m[K/home/robofei/ROS2/action/src/control/src/minimal_pub.cpp:32:65:[m[K   required from here
[2.308s] [01m[K/usr/include/c++/9/functional:443:8:[m[K [01;31m[Kerror: [m[Kno type named ‘[01m[Ktype[m[K’ in ‘[01m[Kclass std::result_of<void (MinimalPublisher::*&())()>[m[K’
[2.309s] [01m[K/home/robofei/ROS2/action/src/control/src/minimal_pub.cpp:[m[K In member function ‘[01m[Kvoid MinimalPublisher::topic_callback(std::shared_ptr<custom_interfaces::msg::Decision_<std::allocator<void> > >) const[m[K’:
[2.309s] [01m[K/home/robofei/ROS2/action/src/control/src/minimal_pub.cpp:32:66:[m[K [01;31m[Kerror: [m[Kpassing ‘[01m[Kconst MinimalPublisher[m[K’ as ‘[01m[Kthis[m[K’ argument discards qualifiers [[01;31m[K-fpermissive[m[K]
[2.309s]    32 |       500ms, std::bind(&MinimalPublisher::timer_callback_goodbye)[01;31m[K)[m[K;
[2.309s]       |                                                                  [01;31m[K^[m[K
[2.309s] In file included from [01m[K/opt/ros/foxy/include/rclcpp/node.hpp:1224[m[K,
[2.309s]                  from [01m[K/opt/ros/foxy/include/rclcpp/executors/single_threaded_executor.hpp:28[m[K,
[2.310s]                  from [01m[K/opt/ros/foxy/include/rclcpp/executors.hpp:22[m[K,
[2.310s]                  from [01m[K/opt/ros/foxy/include/rclcpp/rclcpp.hpp:146[m[K,
[2.310s]                  from [01m[K/home/robofei/ROS2/action/src/control/src/minimal_pub.cpp:7[m[K:
[2.310s] [01m[K/opt/ros/foxy/include/rclcpp/node_impl.hpp:109:1:[m[K [01;36m[Knote: [m[K  in call to ‘[01m[Ktypename rclcpp::WallTimer<CallbackT>::SharedPtr rclcpp::Node::create_wall_timer(std::chrono::duration<_Rep1, _Period1>, CallbackT, rclcpp::CallbackGroup::SharedPtr) [with DurationRepT = long int; DurationT = std::ratio<1, 1000>; CallbackT = std::_Bind<void (MinimalPublisher::*())()>; typename rclcpp::WallTimer<CallbackT>::SharedPtr = std::shared_ptr<rclcpp::WallTimer<std::_Bind<void (MinimalPublisher::*())()>, 0> >; rclcpp::CallbackGroup::SharedPtr = std::shared_ptr<rclcpp::CallbackGroup>][m[K’
[2.310s]   109 | [01;36m[KNode[m[K::create_wall_timer(
[2.310s]       | [01;36m[K^~~~[m[K
[2.313s] [01m[K/home/robofei/ROS2/action/src/control/src/minimal_pub.cpp:32:66:[m[K [01;31m[Kerror: [m[Kno match for ‘[01m[Koperator=[m[K’ (operand types are ‘[01m[Kconst SharedPtr[m[K’ {aka ‘[01m[Kconst std::shared_ptr<rclcpp::TimerBase>[m[K’} and ‘[01m[Krclcpp::WallTimer<std::_Bind<void (MinimalPublisher::*())()>, 0>::SharedPtr[m[K’ {aka ‘[01m[Kstd::shared_ptr<rclcpp::WallTimer<std::_Bind<void (MinimalPublisher::*())()>, 0> >[m[K’})
[2.314s]    32 |       500ms, std::bind(&MinimalPublisher::timer_callback_goodbye)[01;31m[K)[m[K;
[2.314s]       |                                                                  [01;31m[K^[m[K
[2.314s] In file included from [01m[K/usr/include/c++/9/memory:81[m[K,
[2.314s]                  from [01m[K/home/robofei/ROS2/action/src/control/src/minimal_pub.cpp:4[m[K:
[2.314s] [01m[K/usr/include/c++/9/bits/shared_ptr.h:309:19:[m[K [01;36m[Knote: [m[Kcandidate: ‘[01m[Kstd::shared_ptr<_Tp>& std::shared_ptr<_Tp>::operator=(const std::shared_ptr<_Tp>&) [with _Tp = rclcpp::TimerBase][m[K’ <near match>
[2.314s]   309 |       shared_ptr& [01;36m[Koperator[m[K=(const shared_ptr&) noexcept = default;
[2.314s]       |                   [01;36m[K^~~~~~~~[m[K
[2.314s] [01m[K/usr/include/c++/9/bits/shared_ptr.h:309:19:[m[K [01;36m[Knote: [m[K  passing ‘[01m[Kconst SharedPtr*[m[K’ {aka ‘[01m[Kconst std::shared_ptr<rclcpp::TimerBase>*[m[K’} as ‘[01m[Kthis[m[K’ argument discards qualifiers
[2.315s] [01m[K/usr/include/c++/9/bits/shared_ptr.h:313:2:[m[K [01;36m[Knote: [m[Kcandidate: ‘[01m[Kstd::shared_ptr<_Tp>::_Assignable<const std::shared_ptr<_Yp>&> std::shared_ptr<_Tp>::operator=(const std::shared_ptr<_Yp>&) [with _Yp = rclcpp::WallTimer<std::_Bind<void (MinimalPublisher::*())()>, 0>; _Tp = rclcpp::TimerBase; std::shared_ptr<_Tp>::_Assignable<const std::shared_ptr<_Yp>&> = std::shared_ptr<rclcpp::TimerBase>&][m[K’ <near match>
[2.315s]   313 |  [01;36m[Koperator[m[K=(const shared_ptr<_Yp>& __r) noexcept
[2.315s]       |  [01;36m[K^~~~~~~~[m[K
[2.315s] [01m[K/usr/include/c++/9/bits/shared_ptr.h:313:2:[m[K [01;36m[Knote: [m[K  passing ‘[01m[Kconst SharedPtr*[m[K’ {aka ‘[01m[Kconst std::shared_ptr<rclcpp::TimerBase>*[m[K’} as ‘[01m[Kthis[m[K’ argument discards qualifiers
[2.315s] [01m[K/usr/include/c++/9/bits/shared_ptr.h:324:2:[m[K [01;36m[Knote: [m[Kcandidate: ‘[01m[Ktemplate<class _Yp> std::shared_ptr<_Tp>::_Assignable<std::auto_ptr<_Up> > std::shared_ptr<_Tp>::operator=(std::auto_ptr<_Up>&&) [with _Yp = _Yp; _Tp = rclcpp::TimerBase][m[K’
[2.315s]   324 |  [01;36m[Koperator[m[K=(auto_ptr<_Yp>&& __r)
[2.315s]       |  [01;36m[K^~~~~~~~[m[K
[2.315s] [01m[K/usr/include/c++/9/bits/shared_ptr.h:324:2:[m[K [01;36m[Knote: [m[K  template argument deduction/substitution failed:
[2.316s] [01m[K/home/robofei/ROS2/action/src/control/src/minimal_pub.cpp:32:66:[m[K [01;36m[Knote: [m[K  ‘[01m[Krclcpp::WallTimer<std::_Bind<void (MinimalPublisher::*())()>, 0>::SharedPtr[m[K’ {aka ‘[01m[Kstd::shared_ptr<rclcpp::WallTimer<std::_Bind<void (MinimalPublisher::*())()>, 0> >[m[K’} is not derived from ‘[01m[Kstd::auto_ptr<_Up>[m[K’
[2.316s]    32 |       500ms, std::bind(&MinimalPublisher::timer_callback_goodbye)[01;36m[K)[m[K;
[2.316s]       |                                                                  [01;36m[K^[m[K
[2.316s] In file included from [01m[K/usr/include/c++/9/memory:81[m[K,
[2.316s]                  from [01m[K/home/robofei/ROS2/action/src/control/src/minimal_pub.cpp:4[m[K:
[2.316s] [01m[K/usr/include/c++/9/bits/shared_ptr.h:333:7:[m[K [01;36m[Knote: [m[Kcandidate: ‘[01m[Kstd::shared_ptr<_Tp>& std::shared_ptr<_Tp>::operator=(std::shared_ptr<_Tp>&&) [with _Tp = rclcpp::TimerBase][m[K’ <near match>
[2.316s]   333 |       [01;36m[Koperator[m[K=(shared_ptr&& __r) noexcept
[2.317s]       |       [01;36m[K^~~~~~~~[m[K
[2.317s] [01m[K/usr/include/c++/9/bits/shared_ptr.h:333:7:[m[K [01;36m[Knote: [m[K  passing ‘[01m[Kconst SharedPtr*[m[K’ {aka ‘[01m[Kconst std::shared_ptr<rclcpp::TimerBase>*[m[K’} as ‘[01m[Kthis[m[K’ argument discards qualifiers
[2.317s] [01m[K/usr/include/c++/9/bits/shared_ptr.h:341:2:[m[K [01;36m[Knote: [m[Kcandidate: ‘[01m[Kstd::shared_ptr<_Tp>::_Assignable<std::shared_ptr<_Yp> > std::shared_ptr<_Tp>::operator=(std::shared_ptr<_Yp>&&) [with _Yp = rclcpp::WallTimer<std::_Bind<void (MinimalPublisher::*())()>, 0>; _Tp = rclcpp::TimerBase; std::shared_ptr<_Tp>::_Assignable<std::shared_ptr<_Yp> > = std::shared_ptr<rclcpp::TimerBase>&][m[K’ <near match>
[2.317s]   341 |  [01;36m[Koperator[m[K=(shared_ptr<_Yp>&& __r) noexcept
[2.317s]       |  [01;36m[K^~~~~~~~[m[K
[2.317s] [01m[K/usr/include/c++/9/bits/shared_ptr.h:341:2:[m[K [01;36m[Knote: [m[K  passing ‘[01m[Kconst SharedPtr*[m[K’ {aka ‘[01m[Kconst std::shared_ptr<rclcpp::TimerBase>*[m[K’} as ‘[01m[Kthis[m[K’ argument discards qualifiers
[2.317s] [01m[K/usr/include/c++/9/bits/shared_ptr.h:349:2:[m[K [01;36m[Knote: [m[Kcandidate: ‘[01m[Ktemplate<class _Yp, class _Del> std::shared_ptr<_Tp>::_Assignable<std::unique_ptr<_Up, _Ep> > std::shared_ptr<_Tp>::operator=(std::unique_ptr<_Up, _Ep>&&) [with _Yp = _Yp; _Del = _Del; _Tp = rclcpp::TimerBase][m[K’
[2.317s]   349 |  [01;36m[Koperator[m[K=(unique_ptr<_Yp, _Del>&& __r)
[2.318s]       |  [01;36m[K^~~~~~~~[m[K
[2.318s] [01m[K/usr/include/c++/9/bits/shared_ptr.h:349:2:[m[K [01;36m[Knote: [m[K  template argument deduction/substitution failed:
[2.318s] [01m[K/home/robofei/ROS2/action/src/control/src/minimal_pub.cpp:32:66:[m[K [01;36m[Knote: [m[K  ‘[01m[Krclcpp::WallTimer<std::_Bind<void (MinimalPublisher::*())()>, 0>::SharedPtr[m[K’ {aka ‘[01m[Kstd::shared_ptr<rclcpp::WallTimer<std::_Bind<void (MinimalPublisher::*())()>, 0> >[m[K’} is not derived from ‘[01m[Kstd::unique_ptr<_Tp, _Dp>[m[K’
[2.318s]    32 |       500ms, std::bind(&MinimalPublisher::timer_callback_goodbye)[01;36m[K)[m[K;
[2.318s]       |                                                                  [01;36m[K^[m[K
[4.251s] In file included from [01m[K/opt/ros/foxy/include/rclcpp/callback_group.hpp:27[m[K,
[4.252s]                  from [01m[K/opt/ros/foxy/include/rclcpp/any_executable.hpp:20[m[K,
[4.252s]                  from [01m[K/opt/ros/foxy/include/rclcpp/memory_strategy.hpp:24[m[K,
[4.252s]                  from [01m[K/opt/ros/foxy/include/rclcpp/memory_strategies.hpp:18[m[K,
[4.252s]                  from [01m[K/opt/ros/foxy/include/rclcpp/executor_options.hpp:20[m[K,
[4.252s]                  from [01m[K/opt/ros/foxy/include/rclcpp/executor.hpp:33[m[K,
[4.252s]                  from [01m[K/opt/ros/foxy/include/rclcpp/executors/multi_threaded_executor.hpp:26[m[K,
[4.252s]                  from [01m[K/opt/ros/foxy/include/rclcpp/executors.hpp:21[m[K,
[4.253s]                  from [01m[K/opt/ros/foxy/include/rclcpp/rclcpp.hpp:146[m[K,
[4.253s]                  from [01m[K/home/robofei/ROS2/action/src/control/src/minimal_pub.cpp:7[m[K:
[4.253s] /opt/ros/foxy/include/rclcpp/timer.hpp: In instantiation of ‘[01m[Kvoid rclcpp::GenericTimer<FunctorT, <anonymous> >::execute_callback_delegate() [with CallbackT = std::_Bind<void (MinimalPublisher::*())()>; typename std::enable_if<rclcpp::function_traits::same_arguments<CallbackT, std::function<void()> >::value>::type* <anonymous> = 0; FunctorT = std::_Bind<void (MinimalPublisher::*())()>; typename std::enable_if<(rclcpp::function_traits::same_arguments<FunctorT, std::function<void()> >::value || rclcpp::function_traits::same_arguments<FunctorT, std::function<void(rclcpp::TimerBase&)> >::value)>::type* <anonymous> = 0][m[K’:
[4.253s] [01m[K/opt/ros/foxy/include/rclcpp/timer.hpp:209:5:[m[K   required from ‘[01m[Kvoid rclcpp::GenericTimer<FunctorT, <anonymous> >::execute_callback() [with FunctorT = std::_Bind<void (MinimalPublisher::*())()>; typename std::enable_if<(rclcpp::function_traits::same_arguments<FunctorT, std::function<void()> >::value || rclcpp::function_traits::same_arguments<FunctorT, std::function<void(rclcpp::TimerBase&)> >::value)>::type* <anonymous> = 0][m[K’
[4.253s] [01m[K/opt/ros/foxy/include/rclcpp/timer.hpp:199:3:[m[K   required from here
[4.253s] [01m[K/opt/ros/foxy/include/rclcpp/timer.hpp:223:5:[m[K [01;31m[Kerror: [m[Kno match for call to ‘[01m[K(std::_Bind<void (MinimalPublisher::*())()>) ()[m[K’
[4.253s]   223 |     [01;31m[Kcallback_[m[K();
[4.253s]       |     [01;31m[K^~~~~~~~~[m[K
[4.254s] In file included from [01m[K/opt/ros/foxy/include/rclcpp/context.hpp:19[m[K,
[4.254s]                  from [01m[K/opt/ros/foxy/include/rclcpp/contexts/default_context.hpp:18[m[K,
[4.254s]                  from [01m[K/opt/ros/foxy/include/rclcpp/executor.hpp:32[m[K,
[4.254s]                  from [01m[K/opt/ros/foxy/include/rclcpp/executors/multi_threaded_executor.hpp:26[m[K,
[4.254s]                  from [01m[K/opt/ros/foxy/include/rclcpp/executors.hpp:21[m[K,
[4.254s]                  from [01m[K/opt/ros/foxy/include/rclcpp/rclcpp.hpp:146[m[K,
[4.254s]                  from [01m[K/home/robofei/ROS2/action/src/control/src/minimal_pub.cpp:7[m[K:
[4.254s] [01m[K/usr/include/c++/9/functional:480:2:[m[K [01;36m[Knote: [m[Kcandidate: ‘[01m[Ktemplate<class ... _Args, class _Result> _Result std::_Bind<_Functor(_Bound_args ...)>::operator()(_Args&& ...) [with _Args = {_Args ...}; _Result = _Result; _Functor = void (MinimalPublisher::*)(); _Bound_args = {}][m[K’
[4.255s]   480 |  [01;36m[Koperator[m[K()(_Args&&... __args)
[4.255s]       |  [01;36m[K^~~~~~~~[m[K
[4.255s] [01m[K/usr/include/c++/9/functional:480:2:[m[K [01;36m[Knote: [m[K  template argument deduction/substitution failed:
[4.255s] [01m[K/usr/include/c++/9/functional:491:2:[m[K [01;36m[Knote: [m[Kcandidate: ‘[01m[Ktemplate<class ... _Args, class _Result> _Result std::_Bind<_Functor(_Bound_args ...)>::operator()(_Args&& ...) const [with _Args = {_Args ...}; _Result = _Result; _Functor = void (MinimalPublisher::*)(); _Bound_args = {}][m[K’
[4.255s]   491 |  [01;36m[Koperator[m[K()(_Args&&... __args) const
[4.255s]       |  [01;36m[K^~~~~~~~[m[K
[4.255s] [01m[K/usr/include/c++/9/functional:491:2:[m[K [01;36m[Knote: [m[K  template argument deduction/substitution failed:
[4.256s] /usr/include/c++/9/functional: In substitution of ‘[01m[Ktemplate<class _Functor, class ... _Bound_args> template<class _Fn, class _CallArgs, class ... _BArgs> using _Res_type_impl = typename std::result_of<_Fn&(std::_Bind<_Functor(_Bound_args ...)>::_Mu_type<_BArgs, _CallArgs>&& ...)>::type [with _Fn = std::add_const<void (MinimalPublisher::*)()>::type; _CallArgs = std::tuple<>; _BArgs = {}; _Functor = void (MinimalPublisher::*)(); _Bound_args = {}][m[K’:
[4.256s] [01m[K/usr/include/c++/9/functional:454:8:[m[K   required by substitution of ‘[01m[Ktemplate<class _Functor, class ... _Bound_args> template<class _CallArgs, template<class _CallArgs, template<class> class __cv_quals> template<class _Functor, class ... _Bound_args> template<class> class __cv_quals> using _Res_type_cv = std::_Bind<_Functor(_Bound_args ...)>::_Res_type_impl<typename __cv_quals<typename std::enable_if<(bool)((std::tuple_size<_Tuple>::value + 1)), _Functor>::type>::type, _CallArgs, typename __cv_quals<_Bound_args>::type ...> [with _CallArgs = std::tuple<>; __cv_quals = std::add_const; _Functor = void (MinimalPublisher::*)(); _Bound_args = {}][m[K’
[4.256s] [01m[K/usr/include/c++/9/functional:489:9:[m[K   required from ‘[01m[Kvoid rclcpp::GenericTimer<FunctorT, <anonymous> >::execute_callback_delegate() [with CallbackT = std::_Bind<void (MinimalPublisher::*())()>; typename std::enable_if<rclcpp::function_traits::same_arguments<CallbackT, std::function<void()> >::value>::type* <anonymous> = 0; FunctorT = std::_Bind<void (MinimalPublisher::*())()>; typename std::enable_if<(rclcpp::function_traits::same_arguments<FunctorT, std::function<void()> >::value || rclcpp::function_traits::same_arguments<FunctorT, std::function<void(rclcpp::TimerBase&)> >::value)>::type* <anonymous> = 0][m[K’
[4.256s] [01m[K/opt/ros/foxy/include/rclcpp/timer.hpp:209:5:[m[K   required from ‘[01m[Kvoid rclcpp::GenericTimer<FunctorT, <anonymous> >::execute_callback() [with FunctorT = std::_Bind<void (MinimalPublisher::*())()>; typename std::enable_if<(rclcpp::function_traits::same_arguments<FunctorT, std::function<void()> >::value || rclcpp::function_traits::same_arguments<FunctorT, std::function<void(rclcpp::TimerBase&)> >::value)>::type* <anonymous> = 0][m[K’
[4.256s] [01m[K/opt/ros/foxy/include/rclcpp/timer.hpp:199:3:[m[K   required from here
[4.256s] [01m[K/usr/include/c++/9/functional:443:8:[m[K [01;31m[Kerror: [m[Kno type named ‘[01m[Ktype[m[K’ in ‘[01m[Kclass std::result_of<void (MinimalPublisher::* const&())()>[m[K’
[4.256s]   443 |  using [01;31m[K_Res_type_impl[m[K
[4.256s]       |        [01;31m[K^~~~~~~~~~~~~~[m[K
[4.257s] /opt/ros/foxy/include/rclcpp/timer.hpp: In instantiation of ‘[01m[Kvoid rclcpp::GenericTimer<FunctorT, <anonymous> >::execute_callback_delegate() [with CallbackT = std::_Bind<void (MinimalPublisher::*())()>; typename std::enable_if<rclcpp::function_traits::same_arguments<CallbackT, std::function<void()> >::value>::type* <anonymous> = 0; FunctorT = std::_Bind<void (MinimalPublisher::*())()>; typename std::enable_if<(rclcpp::function_traits::same_arguments<FunctorT, std::function<void()> >::value || rclcpp::function_traits::same_arguments<FunctorT, std::function<void(rclcpp::TimerBase&)> >::value)>::type* <anonymous> = 0][m[K’:
[4.257s] [01m[K/opt/ros/foxy/include/rclcpp/timer.hpp:209:5:[m[K   required from ‘[01m[Kvoid rclcpp::GenericTimer<FunctorT, <anonymous> >::execute_callback() [with FunctorT = std::_Bind<void (MinimalPublisher::*())()>; typename std::enable_if<(rclcpp::function_traits::same_arguments<FunctorT, std::function<void()> >::value || rclcpp::function_traits::same_arguments<FunctorT, std::function<void(rclcpp::TimerBase&)> >::value)>::type* <anonymous> = 0][m[K’
[4.257s] [01m[K/opt/ros/foxy/include/rclcpp/timer.hpp:199:3:[m[K   required from here
[4.257s] [01m[K/usr/include/c++/9/functional:509:2:[m[K [01;36m[Knote: [m[Kcandidate: ‘[01m[Ktemplate<class ... _Args, class _Result> _Result std::_Bind<_Functor(_Bound_args ...)>::operator()(_Args&& ...) volatile [with _Args = {_Args ...}; _Result = _Result; _Functor = void (MinimalPublisher::*)(); _Bound_args = {}][m[K’
[4.257s]   509 |  [01;36m[Koperator[m[K()(_Args&&... __args) volatile
[4.257s]       |  [01;36m[K^~~~~~~~[m[K
[4.257s] [01m[K/usr/include/c++/9/functional:509:2:[m[K [01;36m[Knote: [m[K  template argument deduction/substitution failed:
[4.257s] /usr/include/c++/9/functional: In substitution of ‘[01m[Ktemplate<class _Functor, class ... _Bound_args> template<class _Fn, class _CallArgs, class ... _BArgs> using _Res_type_impl = typename std::result_of<_Fn&(std::_Bind<_Functor(_Bound_args ...)>::_Mu_type<_BArgs, _CallArgs>&& ...)>::type [with _Fn = std::add_volatile<void (MinimalPublisher::*)()>::type; _CallArgs = std::tuple<>; _BArgs = {}; _Functor = void (MinimalPublisher::*)(); _Bound_args = {}][m[K’:
[4.258s] [01m[K/usr/include/c++/9/functional:454:8:[m[K   required by substitution of ‘[01m[Ktemplate<class _Functor, class ... _Bound_args> template<class _CallArgs, template<class _CallArgs, template<class> class __cv_quals> template<class _Functor, class ... _Bound_args> template<class> class __cv_quals> using _Res_type_cv = std::_Bind<_Functor(_Bound_args ...)>::_Res_type_impl<typename __cv_quals<typename std::enable_if<(bool)((std::tuple_size<_Tuple>::value + 1)), _Functor>::type>::type, _CallArgs, typename __cv_quals<_Bound_args>::type ...> [with _CallArgs = std::tuple<>; __cv_quals = std::add_volatile; _Functor = void (MinimalPublisher::*)(); _Bound_args = {}][m[K’
[4.258s] [01m[K/usr/include/c++/9/functional:506:9:[m[K   required from ‘[01m[Kvoid rclcpp::GenericTimer<FunctorT, <anonymous> >::execute_callback_delegate() [with CallbackT = std::_Bind<void (MinimalPublisher::*())()>; typename std::enable_if<rclcpp::function_traits::same_arguments<CallbackT, std::function<void()> >::value>::type* <anonymous> = 0; FunctorT = std::_Bind<void (MinimalPublisher::*())()>; typename std::enable_if<(rclcpp::function_traits::same_arguments<FunctorT, std::function<void()> >::value || rclcpp::function_traits::same_arguments<FunctorT, std::function<void(rclcpp::TimerBase&)> >::value)>::type* <anonymous> = 0][m[K’
[4.258s] [01m[K/opt/ros/foxy/include/rclcpp/timer.hpp:209:5:[m[K   required from ‘[01m[Kvoid rclcpp::GenericTimer<FunctorT, <anonymous> >::execute_callback() [with FunctorT = std::_Bind<void (MinimalPublisher::*())()>; typename std::enable_if<(rclcpp::function_traits::same_arguments<FunctorT, std::function<void()> >::value || rclcpp::function_traits::same_arguments<FunctorT, std::function<void(rclcpp::TimerBase&)> >::value)>::type* <anonymous> = 0][m[K’
[4.258s] [01m[K/opt/ros/foxy/include/rclcpp/timer.hpp:199:3:[m[K   required from here
[4.258s] [01m[K/usr/include/c++/9/functional:443:8:[m[K [01;31m[Kerror: [m[Kno type named ‘[01m[Ktype[m[K’ in ‘[01m[Kclass std::result_of<void (MinimalPublisher::* volatile&())()>[m[K’
[4.258s]   443 |  using [01;31m[K_Res_type_impl[m[K
[4.258s]       |        [01;31m[K^~~~~~~~~~~~~~[m[K
[4.259s] /opt/ros/foxy/include/rclcpp/timer.hpp: In instantiation of ‘[01m[Kvoid rclcpp::GenericTimer<FunctorT, <anonymous> >::execute_callback_delegate() [with CallbackT = std::_Bind<void (MinimalPublisher::*())()>; typename std::enable_if<rclcpp::function_traits::same_arguments<CallbackT, std::function<void()> >::value>::type* <anonymous> = 0; FunctorT = std::_Bind<void (MinimalPublisher::*())()>; typename std::enable_if<(rclcpp::function_traits::same_arguments<FunctorT, std::function<void()> >::value || rclcpp::function_traits::same_arguments<FunctorT, std::function<void(rclcpp::TimerBase&)> >::value)>::type* <anonymous> = 0][m[K’:
[4.259s] [01m[K/opt/ros/foxy/include/rclcpp/timer.hpp:209:5:[m[K   required from ‘[01m[Kvoid rclcpp::GenericTimer<FunctorT, <anonymous> >::execute_callback() [with FunctorT = std::_Bind<void (MinimalPublisher::*())()>; typename std::enable_if<(rclcpp::function_traits::same_arguments<FunctorT, std::function<void()> >::value || rclcpp::function_traits::same_arguments<FunctorT, std::function<void(rclcpp::TimerBase&)> >::value)>::type* <anonymous> = 0][m[K’
[4.259s] [01m[K/opt/ros/foxy/include/rclcpp/timer.hpp:199:3:[m[K   required from here
[4.259s] [01m[K/usr/include/c++/9/functional:521:2:[m[K [01;36m[Knote: [m[Kcandidate: ‘[01m[Ktemplate<class ... _Args, class _Result> _Result std::_Bind<_Functor(_Bound_args ...)>::operator()(_Args&& ...) const volatile [with _Args = {_Args ...}; _Result = _Result; _Functor = void (MinimalPublisher::*)(); _Bound_args = {}][m[K’
[4.259s]   521 |  [01;36m[Koperator[m[K()(_Args&&... __args) const volatile
[4.259s]       |  [01;36m[K^~~~~~~~[m[K
[4.259s] [01m[K/usr/include/c++/9/functional:521:2:[m[K [01;36m[Knote: [m[K  template argument deduction/substitution failed:
[4.259s] /usr/include/c++/9/functional: In substitution of ‘[01m[Ktemplate<class _Functor, class ... _Bound_args> template<class _Fn, class _CallArgs, class ... _BArgs> using _Res_type_impl = typename std::result_of<_Fn&(std::_Bind<_Functor(_Bound_args ...)>::_Mu_type<_BArgs, _CallArgs>&& ...)>::type [with _Fn = std::add_cv<void (MinimalPublisher::*)()>::type; _CallArgs = std::tuple<>; _BArgs = {}; _Functor = void (MinimalPublisher::*)(); _Bound_args = {}][m[K’:
[4.260s] [01m[K/usr/include/c++/9/functional:454:8:[m[K   required by substitution of ‘[01m[Ktemplate<class _Functor, class ... _Bound_args> template<class _CallArgs, template<class _CallArgs, template<class> class __cv_quals> template<class _Functor, class ... _Bound_args> template<class> class __cv_quals> using _Res_type_cv = std::_Bind<_Functor(_Bound_args ...)>::_Res_type_impl<typename __cv_quals<typename std::enable_if<(bool)((std::tuple_size<_Tuple>::value + 1)), _Functor>::type>::type, _CallArgs, typename __cv_quals<_Bound_args>::type ...> [with _CallArgs = std::tuple<>; __cv_quals = std::add_cv; _Functor = void (MinimalPublisher::*)(); _Bound_args = {}][m[K’
[4.260s] [01m[K/usr/include/c++/9/functional:518:9:[m[K   required from ‘[01m[Kvoid rclcpp::GenericTimer<FunctorT, <anonymous> >::execute_callback_delegate() [with CallbackT = std::_Bind<void (MinimalPublisher::*())()>; typename std::enable_if<rclcpp::function_traits::same_arguments<CallbackT, std::function<void()> >::value>::type* <anonymous> = 0; FunctorT = std::_Bind<void (MinimalPublisher::*())()>; typename std::enable_if<(rclcpp::function_traits::same_arguments<FunctorT, std::function<void()> >::value || rclcpp::function_traits::same_arguments<FunctorT, std::function<void(rclcpp::TimerBase&)> >::value)>::type* <anonymous> = 0][m[K’
[4.260s] [01m[K/opt/ros/foxy/include/rclcpp/timer.hpp:209:5:[m[K   required from ‘[01m[Kvoid rclcpp::GenericTimer<FunctorT, <anonymous> >::execute_callback() [with FunctorT = std::_Bind<void (MinimalPublisher::*())()>; typename std::enable_if<(rclcpp::function_traits::same_arguments<FunctorT, std::function<void()> >::value || rclcpp::function_traits::same_arguments<FunctorT, std::function<void(rclcpp::TimerBase&)> >::value)>::type* <anonymous> = 0][m[K’
[4.260s] [01m[K/opt/ros/foxy/include/rclcpp/timer.hpp:199:3:[m[K   required from here
[4.260s] [01m[K/usr/include/c++/9/functional:443:8:[m[K [01;31m[Kerror: [m[Kno type named ‘[01m[Ktype[m[K’ in ‘[01m[Kclass std::result_of<void (MinimalPublisher::* const volatile&())()>[m[K’
[4.260s]   443 |  using [01;31m[K_Res_type_impl[m[K
[4.260s]       |        [01;31m[K^~~~~~~~~~~~~~[m[K
[4.593s] make[2]: *** [CMakeFiles/minimal_publisher.dir/build.make:63: CMakeFiles/minimal_publisher.dir/src/minimal_pub.cpp.o] Error 1
[4.597s] make[1]: *** [CMakeFiles/Makefile2:105: CMakeFiles/minimal_publisher.dir/all] Error 2
[4.598s] make: *** [Makefile:141: all] Error 2
[4.624s] Invoked command in '/home/robofei/ROS2/action/build/control' returned '2': CMAKE_PREFIX_PATH=/home/robofei/ROS2/action/install/custom_interfaces:/home/robofei/ROS2/action/install/control:/opt/ros/foxy /usr/bin/cmake --build /home/robofei/ROS2/action/build/control -- -j4 -l4
