[0.213s] DEBUG:colcon:Command line arguments: ['/usr/bin/colcon', 'build', '--symlink-install']
[0.213s] DEBUG:colcon:Parsed command line arguments: Namespace(allow_overriding=[], ament_cmake_args=None, base_paths=['.'], build_base='build', catkin_cmake_args=None, catkin_skip_building_tests=False, cmake_args=None, cmake_clean_cache=False, cmake_clean_first=False, cmake_force_configure=False, cmake_target=None, cmake_target_skip_unavailable=False, continue_on_error=False, event_handlers=None, executor='parallel', ignore_user_meta=False, install_base='install', log_base=None, log_level=None, main=<bound method BuildVerb.main of <colcon_core.verb.build.BuildVerb object at 0x7f795a43adf0>>, merge_install=False, metas=['./colcon.meta'], packages_above=None, packages_above_and_dependencies=None, packages_above_depth=None, packages_end=None, packages_ignore=None, packages_ignore_regex=None, packages_select=None, packages_select_build_failed=False, packages_select_by_dep=None, packages_select_regex=None, packages_select_test_failures=False, packages_skip=None, packages_skip_build_finished=False, packages_skip_by_dep=None, packages_skip_regex=None, packages_skip_test_passed=False, packages_skip_up_to=None, packages_start=None, packages_up_to=None, packages_up_to_regex=None, parallel_workers=4, paths=None, symlink_install=True, test_result_base=None, verb_extension=<colcon_core.verb.build.BuildVerb object at 0x7f795a43adf0>, verb_name='build', verb_parser=<colcon_defaults.argument_parser.defaults.DefaultArgumentsDecorator object at 0x7f795a4443a0>)
[0.250s] Level 1:colcon.colcon_core.package_discovery:discover_packages(colcon_meta) check parameters
[0.250s] Level 1:colcon.colcon_core.package_discovery:discover_packages(recursive) check parameters
[0.250s] Level 1:colcon.colcon_core.package_discovery:discover_packages(ignore) check parameters
[0.250s] Level 1:colcon.colcon_core.package_discovery:discover_packages(path) check parameters
[0.250s] Level 1:colcon.colcon_core.package_discovery:discover_packages(colcon_meta) discover
[0.250s] Level 1:colcon.colcon_core.package_discovery:discover_packages(recursive) discover
[0.251s] INFO:colcon.colcon_core.package_discovery:Crawling recursively for packages in '/home/robofei/ROS2/um7'
[0.251s] Level 1:colcon.colcon_core.package_identification:_identify(.) by extensions ['ignore', 'ignore_ament_install']
[0.251s] Level 1:colcon.colcon_core.package_identification:_identify(.) by extension 'ignore'
[0.251s] Level 1:colcon.colcon_core.package_identification:_identify(.) by extension 'ignore_ament_install'
[0.251s] Level 1:colcon.colcon_core.package_identification:_identify(.) by extensions ['colcon_pkg']
[0.251s] Level 1:colcon.colcon_core.package_identification:_identify(.) by extension 'colcon_pkg'
[0.251s] Level 1:colcon.colcon_core.package_identification:_identify(.) by extensions ['colcon_meta']
[0.251s] Level 1:colcon.colcon_core.package_identification:_identify(.) by extension 'colcon_meta'
[0.251s] Level 1:colcon.colcon_core.package_identification:_identify(.) by extensions ['ros']
[0.251s] Level 1:colcon.colcon_core.package_identification:_identify(.) by extension 'ros'
[0.267s] Level 1:colcon.colcon_core.package_identification:_identify(.) by extensions ['cmake', 'python']
[0.267s] Level 1:colcon.colcon_core.package_identification:_identify(.) by extension 'cmake'
[0.267s] Level 1:colcon.colcon_core.package_identification:_identify(.) by extension 'python'
[0.267s] Level 1:colcon.colcon_core.package_identification:_identify(.) by extensions ['python_setup_py']
[0.267s] Level 1:colcon.colcon_core.package_identification:_identify(.) by extension 'python_setup_py'
[0.268s] Level 1:colcon.colcon_core.package_identification:_identify(build) by extensions ['ignore', 'ignore_ament_install']
[0.268s] Level 1:colcon.colcon_core.package_identification:_identify(build) by extension 'ignore'
[0.268s] Level 1:colcon.colcon_core.package_identification:_identify(build) ignored
[0.268s] Level 1:colcon.colcon_core.package_identification:_identify(install) by extensions ['ignore', 'ignore_ament_install']
[0.268s] Level 1:colcon.colcon_core.package_identification:_identify(install) by extension 'ignore'
[0.268s] Level 1:colcon.colcon_core.package_identification:_identify(install) ignored
[0.269s] Level 1:colcon.colcon_core.package_identification:_identify(log) by extensions ['ignore', 'ignore_ament_install']
[0.269s] Level 1:colcon.colcon_core.package_identification:_identify(log) by extension 'ignore'
[0.269s] Level 1:colcon.colcon_core.package_identification:_identify(log) ignored
[0.269s] Level 1:colcon.colcon_core.package_identification:_identify(serial-ros2) by extensions ['ignore', 'ignore_ament_install']
[0.269s] Level 1:colcon.colcon_core.package_identification:_identify(serial-ros2) by extension 'ignore'
[0.269s] Level 1:colcon.colcon_core.package_identification:_identify(serial-ros2) by extension 'ignore_ament_install'
[0.269s] Level 1:colcon.colcon_core.package_identification:_identify(serial-ros2) by extensions ['colcon_pkg']
[0.269s] Level 1:colcon.colcon_core.package_identification:_identify(serial-ros2) by extension 'colcon_pkg'
[0.269s] Level 1:colcon.colcon_core.package_identification:_identify(serial-ros2) by extensions ['colcon_meta']
[0.269s] Level 1:colcon.colcon_core.package_identification:_identify(serial-ros2) by extension 'colcon_meta'
[0.269s] Level 1:colcon.colcon_core.package_identification:_identify(serial-ros2) by extensions ['ros']
[0.270s] Level 1:colcon.colcon_core.package_identification:_identify(serial-ros2) by extension 'ros'
[0.273s] DEBUG:colcon.colcon_core.package_identification:Package 'serial-ros2' with type 'ros.ament_cmake' and name 'serial'
[0.273s] Level 1:colcon.colcon_core.package_identification:_identify(src) by extensions ['ignore', 'ignore_ament_install']
[0.273s] Level 1:colcon.colcon_core.package_identification:_identify(src) by extension 'ignore'
[0.273s] Level 1:colcon.colcon_core.package_identification:_identify(src) by extension 'ignore_ament_install'
[0.274s] Level 1:colcon.colcon_core.package_identification:_identify(src) by extensions ['colcon_pkg']
[0.274s] Level 1:colcon.colcon_core.package_identification:_identify(src) by extension 'colcon_pkg'
[0.274s] Level 1:colcon.colcon_core.package_identification:_identify(src) by extensions ['colcon_meta']
[0.274s] Level 1:colcon.colcon_core.package_identification:_identify(src) by extension 'colcon_meta'
[0.274s] Level 1:colcon.colcon_core.package_identification:_identify(src) by extensions ['ros']
[0.274s] Level 1:colcon.colcon_core.package_identification:_identify(src) by extension 'ros'
[0.275s] DEBUG:colcon.colcon_core.package_identification:Package 'src' with type 'ros.ament_cmake' and name 'um7'
[0.275s] Level 1:colcon.colcon_core.package_discovery:discover_packages(recursive) using defaults
[0.275s] Level 1:colcon.colcon_core.package_discovery:discover_packages(ignore) discover
[0.275s] Level 1:colcon.colcon_core.package_discovery:discover_packages(ignore) using defaults
[0.275s] Level 1:colcon.colcon_core.package_discovery:discover_packages(path) discover
[0.275s] Level 1:colcon.colcon_core.package_discovery:discover_packages(path) using defaults
[0.316s] Level 1:colcon.colcon_core.package_discovery:discover_packages(prefix_path) check parameters
[0.316s] Level 1:colcon.colcon_core.package_discovery:discover_packages(prefix_path) discover
[0.321s] DEBUG:colcon.colcon_installed_package_information.package_discovery:Found 256 installed packages in /opt/ros/foxy
[0.323s] Level 1:colcon.colcon_core.package_discovery:discover_packages(prefix_path) using defaults
[0.419s] Level 5:colcon.colcon_core.verb:set package 'serial' build argument 'cmake_args' from command line to 'None'
[0.419s] Level 5:colcon.colcon_core.verb:set package 'serial' build argument 'cmake_target' from command line to 'None'
[0.419s] Level 5:colcon.colcon_core.verb:set package 'serial' build argument 'cmake_target_skip_unavailable' from command line to 'False'
[0.419s] Level 5:colcon.colcon_core.verb:set package 'serial' build argument 'cmake_clean_cache' from command line to 'False'
[0.419s] Level 5:colcon.colcon_core.verb:set package 'serial' build argument 'cmake_clean_first' from command line to 'False'
[0.419s] Level 5:colcon.colcon_core.verb:set package 'serial' build argument 'cmake_force_configure' from command line to 'False'
[0.419s] Level 5:colcon.colcon_core.verb:set package 'serial' build argument 'ament_cmake_args' from command line to 'None'
[0.419s] Level 5:colcon.colcon_core.verb:set package 'serial' build argument 'catkin_cmake_args' from command line to 'None'
[0.419s] Level 5:colcon.colcon_core.verb:set package 'serial' build argument 'catkin_skip_building_tests' from command line to 'False'
[0.419s] DEBUG:colcon.colcon_core.verb:Building package 'serial' with the following arguments: {'ament_cmake_args': None, 'build_base': '/home/robofei/ROS2/um7/build/serial', 'catkin_cmake_args': None, 'catkin_skip_building_tests': False, 'cmake_args': None, 'cmake_clean_cache': False, 'cmake_clean_first': False, 'cmake_force_configure': False, 'cmake_target': None, 'cmake_target_skip_unavailable': False, 'install_base': '/home/robofei/ROS2/um7/install/serial', 'merge_install': False, 'path': '/home/robofei/ROS2/um7/serial-ros2', 'symlink_install': True, 'test_result_base': None}
[0.421s] Level 5:colcon.colcon_core.verb:set package 'um7' build argument 'cmake_args' from command line to 'None'
[0.421s] Level 5:colcon.colcon_core.verb:set package 'um7' build argument 'cmake_target' from command line to 'None'
[0.421s] Level 5:colcon.colcon_core.verb:set package 'um7' build argument 'cmake_target_skip_unavailable' from command line to 'False'
[0.421s] Level 5:colcon.colcon_core.verb:set package 'um7' build argument 'cmake_clean_cache' from command line to 'False'
[0.421s] Level 5:colcon.colcon_core.verb:set package 'um7' build argument 'cmake_clean_first' from command line to 'False'
[0.421s] Level 5:colcon.colcon_core.verb:set package 'um7' build argument 'cmake_force_configure' from command line to 'False'
[0.421s] Level 5:colcon.colcon_core.verb:set package 'um7' build argument 'ament_cmake_args' from command line to 'None'
[0.421s] Level 5:colcon.colcon_core.verb:set package 'um7' build argument 'catkin_cmake_args' from command line to 'None'
[0.421s] Level 5:colcon.colcon_core.verb:set package 'um7' build argument 'catkin_skip_building_tests' from command line to 'False'
[0.421s] DEBUG:colcon.colcon_core.verb:Building package 'um7' with the following arguments: {'ament_cmake_args': None, 'build_base': '/home/robofei/ROS2/um7/build/um7', 'catkin_cmake_args': None, 'catkin_skip_building_tests': False, 'cmake_args': None, 'cmake_clean_cache': False, 'cmake_clean_first': False, 'cmake_force_configure': False, 'cmake_target': None, 'cmake_target_skip_unavailable': False, 'install_base': '/home/robofei/ROS2/um7/install/um7', 'merge_install': False, 'path': '/home/robofei/ROS2/um7/src', 'symlink_install': True, 'test_result_base': None}
[0.422s] INFO:colcon.colcon_core.executor:Executing jobs using 'parallel' executor
[0.428s] DEBUG:colcon.colcon_parallel_executor.executor.parallel:run_until_complete
[0.428s] INFO:colcon.colcon_ros.task.ament_cmake.build:Building ROS package in '/home/robofei/ROS2/um7/serial-ros2' with build type 'ament_cmake'
[0.429s] INFO:colcon.colcon_cmake.task.cmake.build:Building CMake package in '/home/robofei/ROS2/um7/serial-ros2'
[0.435s] INFO:colcon.colcon_core.plugin_system:Skipping extension 'colcon_core.shell.bat': Not used on non-Windows systems
[0.435s] INFO:colcon.colcon_core.shell:Skip shell extension 'powershell' for command environment: Not usable outside of PowerShell
[0.435s] DEBUG:colcon.colcon_core.shell:Skip shell extension 'dsv' for command environment
[0.451s] DEBUG:colcon.colcon_core.event_handler.log_command:Invoking command in '/home/robofei/ROS2/um7/build/serial': CMAKE_PREFIX_PATH=/opt/ros/foxy /usr/bin/cmake --build /home/robofei/ROS2/um7/build/serial -- -j4 -l4
[0.532s] DEBUG:colcon.colcon_core.event_handler.log_command:Invoked command in '/home/robofei/ROS2/um7/build/serial' returned '0': CMAKE_PREFIX_PATH=/opt/ros/foxy /usr/bin/cmake --build /home/robofei/ROS2/um7/build/serial -- -j4 -l4
[0.585s] DEBUG:colcon.colcon_core.event_handler.log_command:Invoking command in '/home/robofei/ROS2/um7/build/serial': CMAKE_PREFIX_PATH=/opt/ros/foxy /usr/bin/cmake --install /home/robofei/ROS2/um7/build/serial
[0.620s] Level 1:colcon.colcon_core.environment:create_environment_scripts_only(serial)
[0.621s] DEBUG:colcon.colcon_core.event_handler.log_command:Invoked command in '/home/robofei/ROS2/um7/build/serial' returned '0': CMAKE_PREFIX_PATH=/opt/ros/foxy /usr/bin/cmake --install /home/robofei/ROS2/um7/build/serial
[0.632s] Level 1:colcon.colcon_core.environment:checking '/home/robofei/ROS2/um7/install/serial' for CMake module files
[0.633s] Level 1:colcon.colcon_core.environment:checking '/home/robofei/ROS2/um7/install/serial' for CMake config files
[0.633s] Level 1:colcon.colcon_core.shell:create_environment_hook('serial', 'cmake_prefix_path')
[0.635s] INFO:colcon.colcon_core.shell:Creating environment hook '/home/robofei/ROS2/um7/install/serial/share/serial/hook/cmake_prefix_path.ps1'
[0.636s] INFO:colcon.colcon_core.shell:Creating environment descriptor '/home/robofei/ROS2/um7/install/serial/share/serial/hook/cmake_prefix_path.dsv'
[0.637s] INFO:colcon.colcon_core.shell:Creating environment hook '/home/robofei/ROS2/um7/install/serial/share/serial/hook/cmake_prefix_path.sh'
[0.638s] Level 1:colcon.colcon_core.environment:checking '/home/robofei/ROS2/um7/install/serial/lib'
[0.638s] Level 1:colcon.colcon_core.environment:checking '/home/robofei/ROS2/um7/install/serial/bin'
[0.638s] Level 1:colcon.colcon_core.environment:checking '/home/robofei/ROS2/um7/install/serial/lib/pkgconfig/serial.pc'
[0.639s] Level 1:colcon.colcon_core.environment:checking '/home/robofei/ROS2/um7/install/serial/lib/python3.8/site-packages'
[0.639s] Level 1:colcon.colcon_core.environment:checking '/home/robofei/ROS2/um7/install/serial/bin'
[0.641s] INFO:colcon.colcon_core.shell:Creating package script '/home/robofei/ROS2/um7/install/serial/share/serial/package.ps1'
[0.642s] INFO:colcon.colcon_core.shell:Creating package descriptor '/home/robofei/ROS2/um7/install/serial/share/serial/package.dsv'
[0.643s] INFO:colcon.colcon_core.shell:Creating package script '/home/robofei/ROS2/um7/install/serial/share/serial/package.sh'
[0.644s] INFO:colcon.colcon_core.shell:Creating package script '/home/robofei/ROS2/um7/install/serial/share/serial/package.bash'
[0.645s] INFO:colcon.colcon_core.shell:Creating package script '/home/robofei/ROS2/um7/install/serial/share/serial/package.zsh'
[0.646s] Level 1:colcon.colcon_core.environment:create_file_with_runtime_dependencies(/home/robofei/ROS2/um7/install/serial/share/colcon-core/packages/serial)
[0.680s] Level 1:colcon.colcon_core.environment:create_environment_scripts_only(serial)
[0.683s] Level 1:colcon.colcon_core.environment:checking '/home/robofei/ROS2/um7/install/serial' for CMake module files
[0.684s] Level 1:colcon.colcon_core.environment:checking '/home/robofei/ROS2/um7/install/serial' for CMake config files
[0.684s] Level 1:colcon.colcon_core.shell:create_environment_hook('serial', 'cmake_prefix_path')
[0.687s] INFO:colcon.colcon_core.shell:Creating environment hook '/home/robofei/ROS2/um7/install/serial/share/serial/hook/cmake_prefix_path.ps1'
[0.688s] INFO:colcon.colcon_core.shell:Creating environment descriptor '/home/robofei/ROS2/um7/install/serial/share/serial/hook/cmake_prefix_path.dsv'
[0.689s] INFO:colcon.colcon_core.shell:Creating environment hook '/home/robofei/ROS2/um7/install/serial/share/serial/hook/cmake_prefix_path.sh'
[0.690s] Level 1:colcon.colcon_core.environment:checking '/home/robofei/ROS2/um7/install/serial/lib'
[0.690s] Level 1:colcon.colcon_core.environment:checking '/home/robofei/ROS2/um7/install/serial/bin'
[0.690s] Level 1:colcon.colcon_core.environment:checking '/home/robofei/ROS2/um7/install/serial/lib/pkgconfig/serial.pc'
[0.691s] Level 1:colcon.colcon_core.environment:checking '/home/robofei/ROS2/um7/install/serial/lib/python3.8/site-packages'
[0.691s] Level 1:colcon.colcon_core.environment:checking '/home/robofei/ROS2/um7/install/serial/bin'
[0.693s] INFO:colcon.colcon_core.shell:Creating package script '/home/robofei/ROS2/um7/install/serial/share/serial/package.ps1'
[0.694s] INFO:colcon.colcon_core.shell:Creating package descriptor '/home/robofei/ROS2/um7/install/serial/share/serial/package.dsv'
[0.694s] INFO:colcon.colcon_core.shell:Creating package script '/home/robofei/ROS2/um7/install/serial/share/serial/package.sh'
[0.695s] INFO:colcon.colcon_core.shell:Creating package script '/home/robofei/ROS2/um7/install/serial/share/serial/package.bash'
[0.695s] INFO:colcon.colcon_core.shell:Creating package script '/home/robofei/ROS2/um7/install/serial/share/serial/package.zsh'
[0.696s] Level 1:colcon.colcon_core.environment:create_file_with_runtime_dependencies(/home/robofei/ROS2/um7/install/serial/share/colcon-core/packages/serial)
[0.697s] INFO:colcon.colcon_ros.task.ament_cmake.build:Building ROS package in '/home/robofei/ROS2/um7/src' with build type 'ament_cmake'
[0.697s] INFO:colcon.colcon_cmake.task.cmake.build:Building CMake package in '/home/robofei/ROS2/um7/src'
[0.699s] INFO:colcon.colcon_core.shell:Skip shell extension 'powershell' for command environment: Not usable outside of PowerShell
[0.700s] DEBUG:colcon.colcon_core.shell:Skip shell extension 'dsv' for command environment
[0.719s] DEBUG:colcon.colcon_core.event_handler.log_command:Invoking command in '/home/robofei/ROS2/um7/build/um7': AMENT_PREFIX_PATH=/home/robofei/ROS2/um7/install/serial:${AMENT_PREFIX_PATH} CMAKE_PREFIX_PATH=/home/robofei/ROS2/um7/install/serial:/opt/ros/foxy LD_LIBRARY_PATH=/home/robofei/ROS2/um7/install/serial/lib:${LD_LIBRARY_PATH} /usr/bin/cmake --build /home/robofei/ROS2/um7/build/um7 -- -j4 -l4
[7.922s] DEBUG:colcon.colcon_core.event_handler.log_command:Invoked command in '/home/robofei/ROS2/um7/build/um7' returned '0': AMENT_PREFIX_PATH=/home/robofei/ROS2/um7/install/serial:${AMENT_PREFIX_PATH} CMAKE_PREFIX_PATH=/home/robofei/ROS2/um7/install/serial:/opt/ros/foxy LD_LIBRARY_PATH=/home/robofei/ROS2/um7/install/serial/lib:${LD_LIBRARY_PATH} /usr/bin/cmake --build /home/robofei/ROS2/um7/build/um7 -- -j4 -l4
[7.994s] DEBUG:colcon.colcon_core.event_handler.log_command:Invoking command in '/home/robofei/ROS2/um7/build/um7': AMENT_PREFIX_PATH=/home/robofei/ROS2/um7/install/serial:${AMENT_PREFIX_PATH} CMAKE_PREFIX_PATH=/home/robofei/ROS2/um7/install/serial:/opt/ros/foxy LD_LIBRARY_PATH=/home/robofei/ROS2/um7/install/serial/lib:${LD_LIBRARY_PATH} /usr/bin/cmake --install /home/robofei/ROS2/um7/build/um7
[8.780s] Level 1:colcon.colcon_core.environment:create_environment_scripts_only(um7)
[8.783s] Level 1:colcon.colcon_core.environment:checking '/home/robofei/ROS2/um7/install/um7' for CMake module files
[8.784s] DEBUG:colcon.colcon_core.event_handler.log_command:Invoked command in '/home/robofei/ROS2/um7/build/um7' returned '0': AMENT_PREFIX_PATH=/home/robofei/ROS2/um7/install/serial:${AMENT_PREFIX_PATH} CMAKE_PREFIX_PATH=/home/robofei/ROS2/um7/install/serial:/opt/ros/foxy LD_LIBRARY_PATH=/home/robofei/ROS2/um7/install/serial/lib:${LD_LIBRARY_PATH} /usr/bin/cmake --install /home/robofei/ROS2/um7/build/um7
[8.785s] Level 1:colcon.colcon_core.environment:checking '/home/robofei/ROS2/um7/install/um7' for CMake config files
[8.786s] Level 1:colcon.colcon_core.shell:create_environment_hook('um7', 'cmake_prefix_path')
[8.788s] INFO:colcon.colcon_core.shell:Creating environment hook '/home/robofei/ROS2/um7/install/um7/share/um7/hook/cmake_prefix_path.ps1'
[8.789s] INFO:colcon.colcon_core.shell:Creating environment descriptor '/home/robofei/ROS2/um7/install/um7/share/um7/hook/cmake_prefix_path.dsv'
[8.790s] INFO:colcon.colcon_core.shell:Creating environment hook '/home/robofei/ROS2/um7/install/um7/share/um7/hook/cmake_prefix_path.sh'
[8.791s] Level 1:colcon.colcon_core.environment:checking '/home/robofei/ROS2/um7/install/um7/lib'
[8.791s] Level 1:colcon.colcon_core.shell:create_environment_hook('um7', 'ld_library_path_lib')
[8.793s] INFO:colcon.colcon_core.shell:Creating environment hook '/home/robofei/ROS2/um7/install/um7/share/um7/hook/ld_library_path_lib.ps1'
[8.793s] INFO:colcon.colcon_core.shell:Creating environment descriptor '/home/robofei/ROS2/um7/install/um7/share/um7/hook/ld_library_path_lib.dsv'
[8.794s] INFO:colcon.colcon_core.shell:Creating environment hook '/home/robofei/ROS2/um7/install/um7/share/um7/hook/ld_library_path_lib.sh'
[8.794s] Level 1:colcon.colcon_core.environment:checking '/home/robofei/ROS2/um7/install/um7/bin'
[8.794s] Level 1:colcon.colcon_core.environment:checking '/home/robofei/ROS2/um7/install/um7/lib/pkgconfig/um7.pc'
[8.795s] Level 1:colcon.colcon_core.environment:checking '/home/robofei/ROS2/um7/install/um7/lib/python3.8/site-packages'
[8.795s] Level 1:colcon.colcon_core.shell:create_environment_hook('um7', 'pythonpath')
[8.797s] INFO:colcon.colcon_core.shell:Creating environment hook '/home/robofei/ROS2/um7/install/um7/share/um7/hook/pythonpath.ps1'
[8.797s] INFO:colcon.colcon_core.shell:Creating environment descriptor '/home/robofei/ROS2/um7/install/um7/share/um7/hook/pythonpath.dsv'
[8.798s] INFO:colcon.colcon_core.shell:Creating environment hook '/home/robofei/ROS2/um7/install/um7/share/um7/hook/pythonpath.sh'
[8.798s] Level 1:colcon.colcon_core.environment:checking '/home/robofei/ROS2/um7/install/um7/bin'
[8.801s] INFO:colcon.colcon_core.shell:Creating package script '/home/robofei/ROS2/um7/install/um7/share/um7/package.ps1'
[8.801s] INFO:colcon.colcon_core.shell:Creating package descriptor '/home/robofei/ROS2/um7/install/um7/share/um7/package.dsv'
[8.802s] INFO:colcon.colcon_core.shell:Creating package script '/home/robofei/ROS2/um7/install/um7/share/um7/package.sh'
[8.803s] INFO:colcon.colcon_core.shell:Creating package script '/home/robofei/ROS2/um7/install/um7/share/um7/package.bash'
[8.803s] INFO:colcon.colcon_core.shell:Creating package script '/home/robofei/ROS2/um7/install/um7/share/um7/package.zsh'
[8.804s] Level 1:colcon.colcon_core.environment:create_file_with_runtime_dependencies(/home/robofei/ROS2/um7/install/um7/share/colcon-core/packages/um7)
[8.888s] Level 1:colcon.colcon_core.environment:create_environment_scripts_only(um7)
[8.891s] Level 1:colcon.colcon_core.environment:checking '/home/robofei/ROS2/um7/install/um7' for CMake module files
[8.892s] Level 1:colcon.colcon_core.environment:checking '/home/robofei/ROS2/um7/install/um7' for CMake config files
[8.892s] Level 1:colcon.colcon_core.shell:create_environment_hook('um7', 'cmake_prefix_path')
[8.894s] INFO:colcon.colcon_core.shell:Creating environment hook '/home/robofei/ROS2/um7/install/um7/share/um7/hook/cmake_prefix_path.ps1'
[8.895s] INFO:colcon.colcon_core.shell:Creating environment descriptor '/home/robofei/ROS2/um7/install/um7/share/um7/hook/cmake_prefix_path.dsv'
[8.895s] INFO:colcon.colcon_core.shell:Creating environment hook '/home/robofei/ROS2/um7/install/um7/share/um7/hook/cmake_prefix_path.sh'
[8.896s] Level 1:colcon.colcon_core.environment:checking '/home/robofei/ROS2/um7/install/um7/lib'
[8.896s] Level 1:colcon.colcon_core.shell:create_environment_hook('um7', 'ld_library_path_lib')
[8.898s] INFO:colcon.colcon_core.shell:Creating environment hook '/home/robofei/ROS2/um7/install/um7/share/um7/hook/ld_library_path_lib.ps1'
[8.899s] INFO:colcon.colcon_core.shell:Creating environment descriptor '/home/robofei/ROS2/um7/install/um7/share/um7/hook/ld_library_path_lib.dsv'
[8.899s] INFO:colcon.colcon_core.shell:Creating environment hook '/home/robofei/ROS2/um7/install/um7/share/um7/hook/ld_library_path_lib.sh'
[8.900s] Level 1:colcon.colcon_core.environment:checking '/home/robofei/ROS2/um7/install/um7/bin'
[8.900s] Level 1:colcon.colcon_core.environment:checking '/home/robofei/ROS2/um7/install/um7/lib/pkgconfig/um7.pc'
[8.901s] Level 1:colcon.colcon_core.environment:checking '/home/robofei/ROS2/um7/install/um7/lib/python3.8/site-packages'
[8.901s] Level 1:colcon.colcon_core.shell:create_environment_hook('um7', 'pythonpath')
[8.902s] INFO:colcon.colcon_core.shell:Creating environment hook '/home/robofei/ROS2/um7/install/um7/share/um7/hook/pythonpath.ps1'
[8.903s] INFO:colcon.colcon_core.shell:Creating environment descriptor '/home/robofei/ROS2/um7/install/um7/share/um7/hook/pythonpath.dsv'
[8.904s] INFO:colcon.colcon_core.shell:Creating environment hook '/home/robofei/ROS2/um7/install/um7/share/um7/hook/pythonpath.sh'
[8.904s] Level 1:colcon.colcon_core.environment:checking '/home/robofei/ROS2/um7/install/um7/bin'
[8.907s] INFO:colcon.colcon_core.shell:Creating package script '/home/robofei/ROS2/um7/install/um7/share/um7/package.ps1'
[8.907s] INFO:colcon.colcon_core.shell:Creating package descriptor '/home/robofei/ROS2/um7/install/um7/share/um7/package.dsv'
[8.908s] INFO:colcon.colcon_core.shell:Creating package script '/home/robofei/ROS2/um7/install/um7/share/um7/package.sh'
[8.909s] INFO:colcon.colcon_core.shell:Creating package script '/home/robofei/ROS2/um7/install/um7/share/um7/package.bash'
[8.909s] INFO:colcon.colcon_core.shell:Creating package script '/home/robofei/ROS2/um7/install/um7/share/um7/package.zsh'
[8.910s] Level 1:colcon.colcon_core.environment:create_file_with_runtime_dependencies(/home/robofei/ROS2/um7/install/um7/share/colcon-core/packages/um7)
[8.911s] DEBUG:colcon.colcon_parallel_executor.executor.parallel:closing loop
[8.911s] DEBUG:colcon.colcon_parallel_executor.executor.parallel:loop closed
[8.912s] DEBUG:colcon.colcon_parallel_executor.executor.parallel:run_until_complete finished with '0'
[8.912s] DEBUG:colcon.colcon_core.event_reactor:joining thread
[8.926s] INFO:colcon.colcon_core.plugin_system:Skipping extension 'colcon_notification.desktop_notification.terminal_notifier': Not used on non-Darwin systems
[8.926s] INFO:colcon.colcon_core.plugin_system:Skipping extension 'colcon_notification.desktop_notification.win32': Not used on non-Windows systems
[8.926s] INFO:colcon.colcon_notification.desktop_notification:Sending desktop notification using 'notify2'
[8.951s] DEBUG:colcon.colcon_core.event_reactor:joined thread
[8.953s] INFO:colcon.colcon_core.shell:Creating prefix script '/home/robofei/ROS2/um7/install/local_setup.ps1'
[8.954s] INFO:colcon.colcon_core.shell:Creating prefix util module '/home/robofei/ROS2/um7/install/_local_setup_util_ps1.py'
[8.956s] INFO:colcon.colcon_core.shell:Creating prefix chain script '/home/robofei/ROS2/um7/install/setup.ps1'
[8.958s] INFO:colcon.colcon_core.shell:Creating prefix script '/home/robofei/ROS2/um7/install/local_setup.sh'
[8.959s] INFO:colcon.colcon_core.shell:Creating prefix util module '/home/robofei/ROS2/um7/install/_local_setup_util_sh.py'
[8.960s] INFO:colcon.colcon_core.shell:Creating prefix chain script '/home/robofei/ROS2/um7/install/setup.sh'
[8.963s] INFO:colcon.colcon_core.shell:Creating prefix script '/home/robofei/ROS2/um7/install/local_setup.bash'
[8.964s] INFO:colcon.colcon_core.shell:Creating prefix chain script '/home/robofei/ROS2/um7/install/setup.bash'
[8.967s] INFO:colcon.colcon_core.shell:Creating prefix script '/home/robofei/ROS2/um7/install/local_setup.zsh'
[8.968s] INFO:colcon.colcon_core.shell:Creating prefix chain script '/home/robofei/ROS2/um7/install/setup.zsh'
