[0.406s] Invoking command in '/home/robofei/ROS2/GC/build/messages': CMAKE_PREFIX_PATH=/opt/ros/foxy /usr/bin/cmake --build /home/robofei/ROS2/GC/build/messages -- -j4 -l4
[3.412s] [  3%] Built target messages__cpp
[4.195s] [ 12%] Built target messages__rosidl_generator_c
[4.789s] [ 22%] Built target messages__rosidl_typesupport_introspection_cpp
[5.189s] [ 32%] Built target messages__rosidl_typesupport_introspection_c
[5.627s] [ 41%] Built target messages__rosidl_typesupport_c
[6.126s] [ 51%] Built target messages__rosidl_typesupport_fastrtps_cpp
[6.598s] [ 61%] Built target messages__rosidl_typesupport_cpp
[7.072s] [ 70%] Built target messages__rosidl_typesupport_fastrtps_c
[7.320s] [ 70%] Built target messages
[7.561s] [ 74%] Built target messages__py
[7.717s] [ 80%] Built target messages__python
[7.792s] [ 87%] Built target messages__rosidl_typesupport_c__pyext
[7.833s] [ 93%] Built target messages__rosidl_typesupport_fastrtps_c__pyext
[7.863s] [100%] Built target messages__rosidl_typesupport_introspection_c__pyext
[7.875s] Invoked command in '/home/robofei/ROS2/GC/build/messages' returned '0': CMAKE_PREFIX_PATH=/opt/ros/foxy /usr/bin/cmake --build /home/robofei/ROS2/GC/build/messages -- -j4 -l4
[7.938s] Invoking command in '/home/robofei/ROS2/GC/build/messages': CMAKE_PREFIX_PATH=/opt/ros/foxy /usr/bin/cmake --install /home/robofei/ROS2/GC/build/messages
[7.983s] -- Install configuration: ""
[7.998s] -- Execute custom install script
[8.039s] -- Up-to-date symlink: /home/robofei/ROS2/GC/install/messages/share/ament_index/resource_index/rosidl_interfaces/messages
[8.099s] -- Up-to-date symlink: /home/robofei/ROS2/GC/install/messages/include/messages/msg/detail/humanoid_league_msgs__functions.h
[8.101s] -- Up-to-date symlink: /home/robofei/ROS2/GC/install/messages/include/messages/msg/detail/humanoid_league_msgs__struct.h
[8.103s] -- Up-to-date symlink: /home/robofei/ROS2/GC/install/messages/include/messages/msg/detail/humanoid_league_msgs__type_support.h
[8.132s] -- Up-to-date symlink: /home/robofei/ROS2/GC/install/messages/include/messages/msg/humanoid_league_msgs.h
[8.134s] -- Up-to-date symlink: /home/robofei/ROS2/GC/install/messages/include/messages/msg/rosidl_generator_c__visibility_control.h
[8.173s] -- Up-to-date symlink: /home/robofei/ROS2/GC/install/messages/share/messages/environment/library_path.sh
[8.175s] -- Up-to-date symlink: /home/robofei/ROS2/GC/install/messages/share/messages/environment/library_path.dsv
[8.180s] -- Up-to-date symlink: /home/robofei/ROS2/GC/install/messages/include/messages/msg/detail/humanoid_league_msgs__rosidl_typesupport_fastrtps_c.h
[8.210s] -- Up-to-date symlink: /home/robofei/ROS2/GC/install/messages/include/messages/msg/rosidl_typesupport_fastrtps_c__visibility_control.h
[8.247s] -- Up-to-date symlink: /home/robofei/ROS2/GC/install/messages/lib/libmessages__rosidl_typesupport_fastrtps_c.so
[8.253s] -- Up-to-date symlink: /home/robofei/ROS2/GC/install/messages/include/messages/msg/detail/humanoid_league_msgs__rosidl_typesupport_fastrtps_cpp.hpp
[8.264s] -- Up-to-date symlink: /home/robofei/ROS2/GC/install/messages/include/messages/msg/rosidl_typesupport_fastrtps_cpp__visibility_control.h
[8.265s] -- Up-to-date symlink: /home/robofei/ROS2/GC/install/messages/lib/libmessages__rosidl_typesupport_fastrtps_cpp.so
[8.267s] -- Up-to-date symlink: /home/robofei/ROS2/GC/install/messages/include/messages/msg/detail/humanoid_league_msgs__rosidl_typesupport_introspection_c.h
[8.268s] -- Up-to-date symlink: /home/robofei/ROS2/GC/install/messages/include/messages/msg/rosidl_typesupport_introspection_c__visibility_control.h
[8.270s] -- Up-to-date symlink: /home/robofei/ROS2/GC/install/messages/include/messages/msg/detail/humanoid_league_msgs__builder.hpp
[8.270s] -- Up-to-date symlink: /home/robofei/ROS2/GC/install/messages/include/messages/msg/detail/humanoid_league_msgs__struct.hpp
[8.271s] -- Up-to-date symlink: /home/robofei/ROS2/GC/install/messages/include/messages/msg/detail/humanoid_league_msgs__traits.hpp
[8.272s] -- Up-to-date symlink: /home/robofei/ROS2/GC/install/messages/include/messages/msg/humanoid_league_msgs.hpp
[8.273s] -- Up-to-date symlink: /home/robofei/ROS2/GC/install/messages/include/messages/msg/detail/humanoid_league_msgs__rosidl_typesupport_introspection_cpp.hpp
[8.274s] -- Up-to-date symlink: /home/robofei/ROS2/GC/install/messages/share/messages/environment/pythonpath.sh
[8.274s] -- Up-to-date symlink: /home/robofei/ROS2/GC/install/messages/share/messages/environment/pythonpath.dsv
[8.279s] -- Up-to-date symlink: /home/robofei/ROS2/GC/install/messages/lib/python3.8/site-packages/messages/__init__.py
[8.280s] -- Up-to-date symlink: /home/robofei/ROS2/GC/install/messages/lib/python3.8/site-packages/messages/msg/__init__.py
[8.281s] -- Up-to-date symlink: /home/robofei/ROS2/GC/install/messages/lib/python3.8/site-packages/messages/msg/_humanoid_league_msgs.py
[8.288s] -- Up-to-date symlink: /home/robofei/ROS2/GC/install/messages/lib/python3.8/site-packages/messages/messages_s__rosidl_typesupport_fastrtps_c.cpython-38-x86_64-linux-gnu.so
[8.289s] -- Up-to-date symlink: /home/robofei/ROS2/GC/install/messages/lib/python3.8/site-packages/messages/messages_s__rosidl_typesupport_introspection_c.cpython-38-x86_64-linux-gnu.so
[8.301s] -- Up-to-date symlink: /home/robofei/ROS2/GC/install/messages/lib/python3.8/site-packages/messages/messages_s__rosidl_typesupport_c.cpython-38-x86_64-linux-gnu.so
[8.302s] -- Up-to-date symlink: /home/robofei/ROS2/GC/install/messages/lib/libmessages__python.so
[8.302s] -- Up-to-date symlink: /home/robofei/ROS2/GC/install/messages/share/messages/msg/HumanoidLeagueMsgs.idl
[8.303s] -- Up-to-date symlink: /home/robofei/ROS2/GC/install/messages/share/messages/msg/HumanoidLeagueMsgs.msg
[8.304s] -- Up-to-date symlink: /home/robofei/ROS2/GC/install/messages/share/ament_index/resource_index/package_run_dependencies/messages
[8.305s] -- Up-to-date symlink: /home/robofei/ROS2/GC/install/messages/share/ament_index/resource_index/parent_prefix_path/messages
[8.321s] -- Up-to-date symlink: /home/robofei/ROS2/GC/install/messages/share/messages/environment/ament_prefix_path.sh
[8.322s] -- Up-to-date symlink: /home/robofei/ROS2/GC/install/messages/share/messages/environment/ament_prefix_path.dsv
[8.322s] -- Up-to-date symlink: /home/robofei/ROS2/GC/install/messages/share/messages/environment/path.sh
[8.323s] -- Up-to-date symlink: /home/robofei/ROS2/GC/install/messages/share/messages/environment/path.dsv
[8.324s] -- Up-to-date symlink: /home/robofei/ROS2/GC/install/messages/share/messages/local_setup.bash
[8.324s] -- Up-to-date symlink: /home/robofei/ROS2/GC/install/messages/share/messages/local_setup.sh
[8.325s] -- Up-to-date symlink: /home/robofei/ROS2/GC/install/messages/share/messages/local_setup.zsh
[8.326s] -- Up-to-date symlink: /home/robofei/ROS2/GC/install/messages/share/messages/local_setup.dsv
[8.326s] -- Symlinking: /home/robofei/ROS2/GC/install/messages/share/messages/package.dsv
[8.337s] -- Up-to-date symlink: /home/robofei/ROS2/GC/install/messages/share/ament_index/resource_index/packages/messages
[8.337s] -- Up-to-date symlink: /home/robofei/ROS2/GC/install/messages/share/messages/cmake/rosidl_cmake-extras.cmake
[8.338s] -- Up-to-date symlink: /home/robofei/ROS2/GC/install/messages/share/messages/cmake/ament_cmake_export_dependencies-extras.cmake
[8.338s] -- Up-to-date symlink: /home/robofei/ROS2/GC/install/messages/share/messages/cmake/ament_cmake_export_libraries-extras.cmake
[8.339s] -- Up-to-date symlink: /home/robofei/ROS2/GC/install/messages/share/messages/cmake/ament_cmake_export_targets-extras.cmake
[8.339s] -- Up-to-date symlink: /home/robofei/ROS2/GC/install/messages/share/messages/cmake/ament_cmake_export_include_directories-extras.cmake
[8.340s] -- Up-to-date symlink: /home/robofei/ROS2/GC/install/messages/share/messages/cmake/rosidl_cmake_export_typesupport_libraries-extras.cmake
[8.340s] -- Up-to-date symlink: /home/robofei/ROS2/GC/install/messages/share/messages/cmake/rosidl_cmake_export_typesupport_targets-extras.cmake
[8.341s] -- Up-to-date symlink: /home/robofei/ROS2/GC/install/messages/share/messages/cmake/messagesConfig.cmake
[8.341s] -- Up-to-date symlink: /home/robofei/ROS2/GC/install/messages/share/messages/cmake/messagesConfig-version.cmake
[8.341s] -- Up-to-date symlink: /home/robofei/ROS2/GC/install/messages/share/messages/package.xml
[8.358s] -- Up-to-date: /home/robofei/ROS2/GC/install/messages/lib/libmessages__rosidl_generator_c.so
[8.359s] -- Up-to-date: /home/robofei/ROS2/GC/install/messages/lib/libmessages__rosidl_typesupport_introspection_c.so
[8.363s] -- Up-to-date: /home/robofei/ROS2/GC/install/messages/lib/libmessages__rosidl_typesupport_c.so
[8.363s] -- Up-to-date: /home/robofei/ROS2/GC/install/messages/lib/libmessages__rosidl_typesupport_introspection_cpp.so
[8.375s] -- Up-to-date: /home/robofei/ROS2/GC/install/messages/lib/libmessages__rosidl_typesupport_cpp.so
[8.479s] -- Up-to-date: /home/robofei/ROS2/GC/install/messages/share/messages/cmake/messages__rosidl_generator_cExport.cmake
[8.479s] -- Up-to-date: /home/robofei/ROS2/GC/install/messages/share/messages/cmake/messages__rosidl_generator_cExport-noconfig.cmake
[8.486s] -- Up-to-date: /home/robofei/ROS2/GC/install/messages/share/messages/cmake/messages__rosidl_typesupport_introspection_cExport.cmake
[8.487s] -- Up-to-date: /home/robofei/ROS2/GC/install/messages/share/messages/cmake/messages__rosidl_typesupport_introspection_cExport-noconfig.cmake
[8.487s] -- Up-to-date: /home/robofei/ROS2/GC/install/messages/share/messages/cmake/messages__rosidl_typesupport_cExport.cmake
[8.487s] -- Up-to-date: /home/robofei/ROS2/GC/install/messages/share/messages/cmake/messages__rosidl_typesupport_cExport-noconfig.cmake
[8.488s] -- Up-to-date: /home/robofei/ROS2/GC/install/messages/share/messages/cmake/messages__rosidl_generator_cppExport.cmake
[8.494s] -- Up-to-date: /home/robofei/ROS2/GC/install/messages/share/messages/cmake/messages__rosidl_typesupport_introspection_cppExport.cmake
[8.494s] -- Up-to-date: /home/robofei/ROS2/GC/install/messages/share/messages/cmake/messages__rosidl_typesupport_introspection_cppExport-noconfig.cmake
[8.494s] -- Up-to-date: /home/robofei/ROS2/GC/install/messages/share/messages/cmake/messages__rosidl_typesupport_cppExport.cmake
[8.494s] -- Up-to-date: /home/robofei/ROS2/GC/install/messages/share/messages/cmake/messages__rosidl_typesupport_cppExport-noconfig.cmake
[8.855s] Invoked command in '/home/robofei/ROS2/GC/build/messages' returned '0': CMAKE_PREFIX_PATH=/opt/ros/foxy /usr/bin/cmake --install /home/robofei/ROS2/GC/build/messages
