[0.796s] Invoking command in '/home/amd/Downloads/GC/src/controller': PYTHONPATH=/home/amd/Downloads/GC/install/controller/lib/python3.8/site-packages:${PYTHONPATH} /usr/bin/python3 setup.py egg_info --egg-base ../../build/controller build --build-base /home/amd/Downloads/GC/build/controller/build install --prefix /home/amd/Downloads/GC/install/controller --record /home/amd/Downloads/GC/build/controller/install.log --single-version-externally-managed
[2.399s] running egg_info
[2.403s] writing ../../build/controller/controller.egg-info/PKG-INFO
[2.405s] writing dependency_links to ../../build/controller/controller.egg-info/dependency_links.txt
[2.406s] writing entry points to ../../build/controller/controller.egg-info/entry_points.txt
[2.412s] writing requirements to ../../build/controller/controller.egg-info/requires.txt
[2.416s] writing top-level names to ../../build/controller/controller.egg-info/top_level.txt
[2.586s] reading manifest file '../../build/controller/controller.egg-info/SOURCES.txt'
[2.591s] writing manifest file '../../build/controller/controller.egg-info/SOURCES.txt'
[2.592s] running build
[2.593s] running build_py
[2.596s] copying controller/receiver.py -> /home/amd/Downloads/GC/build/controller/build/lib/controller
[2.598s] running install
[2.601s] running install_lib
[2.605s] copying /home/amd/Downloads/GC/build/controller/build/lib/controller/receiver.py -> /home/amd/Downloads/GC/install/controller/lib/python3.8/site-packages/controller
[2.611s] byte-compiling /home/amd/Downloads/GC/install/controller/lib/python3.8/site-packages/controller/receiver.py to receiver.cpython-38.pyc
[2.620s] running install_data
[2.622s] running install_egg_info
[2.631s] removing '/home/amd/Downloads/GC/install/controller/lib/python3.8/site-packages/controller-0.0.0-py3.8.egg-info' (and everything under it)
[2.633s] Copying ../../build/controller/controller.egg-info to /home/amd/Downloads/GC/install/controller/lib/python3.8/site-packages/controller-0.0.0-py3.8.egg-info
[2.637s] running install_scripts
[2.743s] Installing talker script to /home/amd/Downloads/GC/install/controller/lib/controller
[2.747s] writing list of installed files to '/home/amd/Downloads/GC/build/controller/install.log'
[2.917s] Invoked command in '/home/amd/Downloads/GC/src/controller' returned '0': PYTHONPATH=/home/amd/Downloads/GC/install/controller/lib/python3.8/site-packages:${PYTHONPATH} /usr/bin/python3 setup.py egg_info --egg-base ../../build/controller build --build-base /home/amd/Downloads/GC/build/controller/build install --prefix /home/amd/Downloads/GC/install/controller --record /home/amd/Downloads/GC/build/controller/install.log --single-version-externally-managed
