[0.082s] Invoking command in '/home/robofei/ROS2/build/dynamixel_sdk_custom_interfaces': CMAKE_PREFIX_PATH=${CMAKE_PREFIX_PATH}:/home/robofei/ROS2/install/vision_pkg:/home/robofei/ROS2/install/decision_pkg:/home/robofei/ROS2/install/controller:/opt/ros/foxy /usr/bin/cmake --build /home/robofei/ROS2/build/dynamixel_sdk_custom_interfaces -- -j4 -l4
[0.308s] [ 11%] Built target dynamixel_sdk_custom_interfaces__rosidl_generator_c
[0.329s] [ 12%] Built target dynamixel_sdk_custom_interfaces__cpp
[0.515s] [ 23%] Built target dynamixel_sdk_custom_interfaces__rosidl_typesupport_fastrtps_cpp
[0.531s] [ 35%] Built target dynamixel_sdk_custom_interfaces__rosidl_typesupport_introspection_c
[0.556s] [ 46%] Built target dynamixel_sdk_custom_interfaces__rosidl_typesupport_c
[0.575s] [ 57%] Built target dynamixel_sdk_custom_interfaces__rosidl_typesupport_cpp
[0.596s] [ 69%] Built target dynamixel_sdk_custom_interfaces__rosidl_typesupport_introspection_cpp
[0.645s] [ 80%] Built target dynamixel_sdk_custom_interfaces__rosidl_typesupport_fastrtps_c
[0.699s] [ 80%] Built target dynamixel_sdk_custom_interfaces
[0.777s] [ 81%] Built target dynamixel_sdk_custom_interfaces__py
[0.919s] [ 91%] Built target dynamixel_sdk_custom_interfaces__python
[1.070s] [ 94%] Built target dynamixel_sdk_custom_interfaces__rosidl_typesupport_fastrtps_c__pyext
[1.087s] [ 97%] Built target dynamixel_sdk_custom_interfaces__rosidl_typesupport_introspection_c__pyext
[1.096s] [100%] Built target dynamixel_sdk_custom_interfaces__rosidl_typesupport_c__pyext
[1.743s] Invoked command in '/home/robofei/ROS2/build/dynamixel_sdk_custom_interfaces' returned '0': CMAKE_PREFIX_PATH=${CMAKE_PREFIX_PATH}:/home/robofei/ROS2/install/vision_pkg:/home/robofei/ROS2/install/decision_pkg:/home/robofei/ROS2/install/controller:/opt/ros/foxy /usr/bin/cmake --build /home/robofei/ROS2/build/dynamixel_sdk_custom_interfaces -- -j4 -l4
[2.386s] Invoking command in '/home/robofei/ROS2/build/dynamixel_sdk_custom_interfaces': CMAKE_PREFIX_PATH=${CMAKE_PREFIX_PATH}:/home/robofei/ROS2/install/vision_pkg:/home/robofei/ROS2/install/decision_pkg:/home/robofei/ROS2/install/controller:/opt/ros/foxy /usr/bin/cmake --install /home/robofei/ROS2/build/dynamixel_sdk_custom_interfaces
[2.410s] -- Install configuration: ""
[2.412s] -- Execute custom install script
[2.413s] -- Up-to-date symlink: /home/robofei/ROS2/install/dynamixel_sdk_custom_interfaces/share/ament_index/resource_index/rosidl_interfaces/dynamixel_sdk_custom_interfaces
[2.416s] -- Up-to-date symlink: /home/robofei/ROS2/install/dynamixel_sdk_custom_interfaces/include/dynamixel_sdk_custom_interfaces/msg/decision.h
[2.416s] -- Up-to-date symlink: /home/robofei/ROS2/install/dynamixel_sdk_custom_interfaces/include/dynamixel_sdk_custom_interfaces/msg/detail/decision__functions.h
[2.417s] -- Up-to-date symlink: /home/robofei/ROS2/install/dynamixel_sdk_custom_interfaces/include/dynamixel_sdk_custom_interfaces/msg/detail/decision__struct.h
[2.417s] -- Up-to-date symlink: /home/robofei/ROS2/install/dynamixel_sdk_custom_interfaces/include/dynamixel_sdk_custom_interfaces/msg/detail/decision__type_support.h
[2.419s] -- Up-to-date symlink: /home/robofei/ROS2/install/dynamixel_sdk_custom_interfaces/include/dynamixel_sdk_custom_interfaces/msg/detail/param_walk__functions.h
[2.426s] -- Up-to-date symlink: /home/robofei/ROS2/install/dynamixel_sdk_custom_interfaces/include/dynamixel_sdk_custom_interfaces/msg/detail/param_walk__struct.h
[2.426s] -- Up-to-date symlink: /home/robofei/ROS2/install/dynamixel_sdk_custom_interfaces/include/dynamixel_sdk_custom_interfaces/msg/detail/param_walk__type_support.h
[2.426s] -- Up-to-date symlink: /home/robofei/ROS2/install/dynamixel_sdk_custom_interfaces/include/dynamixel_sdk_custom_interfaces/msg/detail/set_position__functions.h
[2.427s] -- Up-to-date symlink: /home/robofei/ROS2/install/dynamixel_sdk_custom_interfaces/include/dynamixel_sdk_custom_interfaces/msg/detail/set_position__struct.h
[2.427s] -- Up-to-date symlink: /home/robofei/ROS2/install/dynamixel_sdk_custom_interfaces/include/dynamixel_sdk_custom_interfaces/msg/detail/set_position__type_support.h
[2.427s] -- Up-to-date symlink: /home/robofei/ROS2/install/dynamixel_sdk_custom_interfaces/include/dynamixel_sdk_custom_interfaces/msg/detail/set_position_original__functions.h
[2.427s] -- Up-to-date symlink: /home/robofei/ROS2/install/dynamixel_sdk_custom_interfaces/include/dynamixel_sdk_custom_interfaces/msg/detail/set_position_original__struct.h
[2.427s] -- Up-to-date symlink: /home/robofei/ROS2/install/dynamixel_sdk_custom_interfaces/include/dynamixel_sdk_custom_interfaces/msg/detail/set_position_original__type_support.h
[2.428s] -- Up-to-date symlink: /home/robofei/ROS2/install/dynamixel_sdk_custom_interfaces/include/dynamixel_sdk_custom_interfaces/msg/detail/walk__functions.h
[2.428s] -- Up-to-date symlink: /home/robofei/ROS2/install/dynamixel_sdk_custom_interfaces/include/dynamixel_sdk_custom_interfaces/msg/detail/walk__struct.h
[2.429s] -- Up-to-date symlink: /home/robofei/ROS2/install/dynamixel_sdk_custom_interfaces/include/dynamixel_sdk_custom_interfaces/msg/detail/walk__type_support.h
[2.429s] -- Up-to-date symlink: /home/robofei/ROS2/install/dynamixel_sdk_custom_interfaces/include/dynamixel_sdk_custom_interfaces/msg/param_walk.h
[2.429s] -- Up-to-date symlink: /home/robofei/ROS2/install/dynamixel_sdk_custom_interfaces/include/dynamixel_sdk_custom_interfaces/msg/rosidl_generator_c__visibility_control.h
[2.430s] -- Up-to-date symlink: /home/robofei/ROS2/install/dynamixel_sdk_custom_interfaces/include/dynamixel_sdk_custom_interfaces/msg/set_position.h
[2.430s] -- Up-to-date symlink: /home/robofei/ROS2/install/dynamixel_sdk_custom_interfaces/include/dynamixel_sdk_custom_interfaces/msg/set_position_original.h
[2.437s] -- Up-to-date symlink: /home/robofei/ROS2/install/dynamixel_sdk_custom_interfaces/include/dynamixel_sdk_custom_interfaces/msg/walk.h
[2.439s] -- Up-to-date symlink: /home/robofei/ROS2/install/dynamixel_sdk_custom_interfaces/include/dynamixel_sdk_custom_interfaces/srv/detail/get_position__functions.h
[2.440s] -- Up-to-date symlink: /home/robofei/ROS2/install/dynamixel_sdk_custom_interfaces/include/dynamixel_sdk_custom_interfaces/srv/detail/get_position__struct.h
[2.441s] -- Up-to-date symlink: /home/robofei/ROS2/install/dynamixel_sdk_custom_interfaces/include/dynamixel_sdk_custom_interfaces/srv/detail/get_position__type_support.h
[2.441s] -- Up-to-date symlink: /home/robofei/ROS2/install/dynamixel_sdk_custom_interfaces/include/dynamixel_sdk_custom_interfaces/srv/get_position.h
[2.441s] -- Up-to-date symlink: /home/robofei/ROS2/install/dynamixel_sdk_custom_interfaces/share/dynamixel_sdk_custom_interfaces/environment/library_path.sh
[2.441s] -- Up-to-date symlink: /home/robofei/ROS2/install/dynamixel_sdk_custom_interfaces/share/dynamixel_sdk_custom_interfaces/environment/library_path.dsv
[2.441s] -- Up-to-date symlink: /home/robofei/ROS2/install/dynamixel_sdk_custom_interfaces/include/dynamixel_sdk_custom_interfaces/msg/detail/decision__rosidl_typesupport_fastrtps_c.h
[2.443s] -- Up-to-date symlink: /home/robofei/ROS2/install/dynamixel_sdk_custom_interfaces/include/dynamixel_sdk_custom_interfaces/msg/detail/param_walk__rosidl_typesupport_fastrtps_c.h
[2.444s] -- Up-to-date symlink: /home/robofei/ROS2/install/dynamixel_sdk_custom_interfaces/include/dynamixel_sdk_custom_interfaces/msg/detail/set_position__rosidl_typesupport_fastrtps_c.h
[2.445s] -- Up-to-date symlink: /home/robofei/ROS2/install/dynamixel_sdk_custom_interfaces/include/dynamixel_sdk_custom_interfaces/msg/detail/set_position_original__rosidl_typesupport_fastrtps_c.h
[2.446s] -- Up-to-date symlink: /home/robofei/ROS2/install/dynamixel_sdk_custom_interfaces/include/dynamixel_sdk_custom_interfaces/msg/detail/walk__rosidl_typesupport_fastrtps_c.h
[2.447s] -- Up-to-date symlink: /home/robofei/ROS2/install/dynamixel_sdk_custom_interfaces/include/dynamixel_sdk_custom_interfaces/msg/rosidl_typesupport_fastrtps_c__visibility_control.h
[2.448s] -- Up-to-date symlink: /home/robofei/ROS2/install/dynamixel_sdk_custom_interfaces/include/dynamixel_sdk_custom_interfaces/srv/detail/get_position__rosidl_typesupport_fastrtps_c.h
[2.455s] -- Up-to-date symlink: /home/robofei/ROS2/install/dynamixel_sdk_custom_interfaces/lib/libdynamixel_sdk_custom_interfaces__rosidl_typesupport_fastrtps_c.so
[2.455s] -- Up-to-date symlink: /home/robofei/ROS2/install/dynamixel_sdk_custom_interfaces/include/dynamixel_sdk_custom_interfaces/msg/detail/decision__rosidl_typesupport_fastrtps_cpp.hpp
[2.458s] -- Up-to-date symlink: /home/robofei/ROS2/install/dynamixel_sdk_custom_interfaces/include/dynamixel_sdk_custom_interfaces/msg/detail/param_walk__rosidl_typesupport_fastrtps_cpp.hpp
[2.458s] -- Up-to-date symlink: /home/robofei/ROS2/install/dynamixel_sdk_custom_interfaces/include/dynamixel_sdk_custom_interfaces/msg/detail/set_position__rosidl_typesupport_fastrtps_cpp.hpp
[2.459s] -- Up-to-date symlink: /home/robofei/ROS2/install/dynamixel_sdk_custom_interfaces/include/dynamixel_sdk_custom_interfaces/msg/detail/set_position_original__rosidl_typesupport_fastrtps_cpp.hpp
[2.459s] -- Up-to-date symlink: /home/robofei/ROS2/install/dynamixel_sdk_custom_interfaces/include/dynamixel_sdk_custom_interfaces/msg/detail/walk__rosidl_typesupport_fastrtps_cpp.hpp
[2.460s] -- Up-to-date symlink: /home/robofei/ROS2/install/dynamixel_sdk_custom_interfaces/include/dynamixel_sdk_custom_interfaces/msg/rosidl_typesupport_fastrtps_cpp__visibility_control.h
[2.460s] -- Up-to-date symlink: /home/robofei/ROS2/install/dynamixel_sdk_custom_interfaces/include/dynamixel_sdk_custom_interfaces/srv/detail/get_position__rosidl_typesupport_fastrtps_cpp.hpp
[2.462s] -- Up-to-date symlink: /home/robofei/ROS2/install/dynamixel_sdk_custom_interfaces/lib/libdynamixel_sdk_custom_interfaces__rosidl_typesupport_fastrtps_cpp.so
[2.464s] -- Up-to-date symlink: /home/robofei/ROS2/install/dynamixel_sdk_custom_interfaces/include/dynamixel_sdk_custom_interfaces/msg/detail/decision__rosidl_typesupport_introspection_c.h
[2.465s] -- Up-to-date symlink: /home/robofei/ROS2/install/dynamixel_sdk_custom_interfaces/include/dynamixel_sdk_custom_interfaces/msg/detail/param_walk__rosidl_typesupport_introspection_c.h
[2.467s] -- Up-to-date symlink: /home/robofei/ROS2/install/dynamixel_sdk_custom_interfaces/include/dynamixel_sdk_custom_interfaces/msg/detail/set_position__rosidl_typesupport_introspection_c.h
[2.469s] -- Up-to-date symlink: /home/robofei/ROS2/install/dynamixel_sdk_custom_interfaces/include/dynamixel_sdk_custom_interfaces/msg/detail/set_position_original__rosidl_typesupport_introspection_c.h
[2.470s] -- Up-to-date symlink: /home/robofei/ROS2/install/dynamixel_sdk_custom_interfaces/include/dynamixel_sdk_custom_interfaces/msg/detail/walk__rosidl_typesupport_introspection_c.h
[2.470s] -- Up-to-date symlink: /home/robofei/ROS2/install/dynamixel_sdk_custom_interfaces/include/dynamixel_sdk_custom_interfaces/msg/rosidl_typesupport_introspection_c__visibility_control.h
[2.473s] -- Up-to-date symlink: /home/robofei/ROS2/install/dynamixel_sdk_custom_interfaces/include/dynamixel_sdk_custom_interfaces/srv/detail/get_position__rosidl_typesupport_introspection_c.h
[2.477s] -- Up-to-date symlink: /home/robofei/ROS2/install/dynamixel_sdk_custom_interfaces/include/dynamixel_sdk_custom_interfaces/msg/decision.hpp
[2.478s] -- Up-to-date symlink: /home/robofei/ROS2/install/dynamixel_sdk_custom_interfaces/include/dynamixel_sdk_custom_interfaces/msg/detail/decision__builder.hpp
[2.479s] -- Up-to-date symlink: /home/robofei/ROS2/install/dynamixel_sdk_custom_interfaces/include/dynamixel_sdk_custom_interfaces/msg/detail/decision__struct.hpp
[2.480s] -- Up-to-date symlink: /home/robofei/ROS2/install/dynamixel_sdk_custom_interfaces/include/dynamixel_sdk_custom_interfaces/msg/detail/decision__traits.hpp
[2.483s] -- Up-to-date symlink: /home/robofei/ROS2/install/dynamixel_sdk_custom_interfaces/include/dynamixel_sdk_custom_interfaces/msg/detail/param_walk__builder.hpp
[2.484s] -- Up-to-date symlink: /home/robofei/ROS2/install/dynamixel_sdk_custom_interfaces/include/dynamixel_sdk_custom_interfaces/msg/detail/param_walk__struct.hpp
[2.493s] -- Up-to-date symlink: /home/robofei/ROS2/install/dynamixel_sdk_custom_interfaces/include/dynamixel_sdk_custom_interfaces/msg/detail/param_walk__traits.hpp
[2.494s] -- Up-to-date symlink: /home/robofei/ROS2/install/dynamixel_sdk_custom_interfaces/include/dynamixel_sdk_custom_interfaces/msg/detail/set_position__builder.hpp
[2.494s] -- Up-to-date symlink: /home/robofei/ROS2/install/dynamixel_sdk_custom_interfaces/include/dynamixel_sdk_custom_interfaces/msg/detail/set_position__struct.hpp
[2.494s] -- Up-to-date symlink: /home/robofei/ROS2/install/dynamixel_sdk_custom_interfaces/include/dynamixel_sdk_custom_interfaces/msg/detail/set_position__traits.hpp
[2.495s] -- Up-to-date symlink: /home/robofei/ROS2/install/dynamixel_sdk_custom_interfaces/include/dynamixel_sdk_custom_interfaces/msg/detail/set_position_original__builder.hpp
[2.495s] -- Up-to-date symlink: /home/robofei/ROS2/install/dynamixel_sdk_custom_interfaces/include/dynamixel_sdk_custom_interfaces/msg/detail/set_position_original__struct.hpp
[2.495s] -- Up-to-date symlink: /home/robofei/ROS2/install/dynamixel_sdk_custom_interfaces/include/dynamixel_sdk_custom_interfaces/msg/detail/set_position_original__traits.hpp
[2.495s] -- Up-to-date symlink: /home/robofei/ROS2/install/dynamixel_sdk_custom_interfaces/include/dynamixel_sdk_custom_interfaces/msg/detail/walk__builder.hpp
[2.495s] -- Up-to-date symlink: /home/robofei/ROS2/install/dynamixel_sdk_custom_interfaces/include/dynamixel_sdk_custom_interfaces/msg/detail/walk__struct.hpp
[2.496s] -- Up-to-date symlink: /home/robofei/ROS2/install/dynamixel_sdk_custom_interfaces/include/dynamixel_sdk_custom_interfaces/msg/detail/walk__traits.hpp
[2.496s] -- Up-to-date symlink: /home/robofei/ROS2/install/dynamixel_sdk_custom_interfaces/include/dynamixel_sdk_custom_interfaces/msg/param_walk.hpp
[2.496s] -- Up-to-date symlink: /home/robofei/ROS2/install/dynamixel_sdk_custom_interfaces/include/dynamixel_sdk_custom_interfaces/msg/set_position.hpp
[2.497s] -- Up-to-date symlink: /home/robofei/ROS2/install/dynamixel_sdk_custom_interfaces/include/dynamixel_sdk_custom_interfaces/msg/set_position_original.hpp
[2.497s] -- Up-to-date symlink: /home/robofei/ROS2/install/dynamixel_sdk_custom_interfaces/include/dynamixel_sdk_custom_interfaces/msg/walk.hpp
[2.497s] -- Up-to-date symlink: /home/robofei/ROS2/install/dynamixel_sdk_custom_interfaces/include/dynamixel_sdk_custom_interfaces/srv/detail/get_position__builder.hpp
[2.497s] -- Up-to-date symlink: /home/robofei/ROS2/install/dynamixel_sdk_custom_interfaces/include/dynamixel_sdk_custom_interfaces/srv/detail/get_position__struct.hpp
[2.500s] -- Up-to-date symlink: /home/robofei/ROS2/install/dynamixel_sdk_custom_interfaces/include/dynamixel_sdk_custom_interfaces/srv/detail/get_position__traits.hpp
[2.501s] -- Up-to-date symlink: /home/robofei/ROS2/install/dynamixel_sdk_custom_interfaces/include/dynamixel_sdk_custom_interfaces/srv/get_position.hpp
[2.501s] -- Up-to-date symlink: /home/robofei/ROS2/install/dynamixel_sdk_custom_interfaces/include/dynamixel_sdk_custom_interfaces/msg/detail/decision__rosidl_typesupport_introspection_cpp.hpp
[2.502s] -- Up-to-date symlink: /home/robofei/ROS2/install/dynamixel_sdk_custom_interfaces/include/dynamixel_sdk_custom_interfaces/msg/detail/param_walk__rosidl_typesupport_introspection_cpp.hpp
[2.502s] -- Up-to-date symlink: /home/robofei/ROS2/install/dynamixel_sdk_custom_interfaces/include/dynamixel_sdk_custom_interfaces/msg/detail/set_position__rosidl_typesupport_introspection_cpp.hpp
[2.502s] -- Up-to-date symlink: /home/robofei/ROS2/install/dynamixel_sdk_custom_interfaces/include/dynamixel_sdk_custom_interfaces/msg/detail/set_position_original__rosidl_typesupport_introspection_cpp.hpp
[2.502s] -- Up-to-date symlink: /home/robofei/ROS2/install/dynamixel_sdk_custom_interfaces/include/dynamixel_sdk_custom_interfaces/msg/detail/walk__rosidl_typesupport_introspection_cpp.hpp
[2.503s] -- Up-to-date symlink: /home/robofei/ROS2/install/dynamixel_sdk_custom_interfaces/include/dynamixel_sdk_custom_interfaces/srv/detail/get_position__rosidl_typesupport_introspection_cpp.hpp
[2.504s] -- Up-to-date symlink: /home/robofei/ROS2/install/dynamixel_sdk_custom_interfaces/share/dynamixel_sdk_custom_interfaces/environment/pythonpath.sh
[2.505s] -- Up-to-date symlink: /home/robofei/ROS2/install/dynamixel_sdk_custom_interfaces/share/dynamixel_sdk_custom_interfaces/environment/pythonpath.dsv
[2.505s] -- Up-to-date symlink: /home/robofei/ROS2/install/dynamixel_sdk_custom_interfaces/lib/python3.8/site-packages/dynamixel_sdk_custom_interfaces/__init__.py
[2.506s] -- Up-to-date symlink: /home/robofei/ROS2/install/dynamixel_sdk_custom_interfaces/lib/python3.8/site-packages/dynamixel_sdk_custom_interfaces/msg/__init__.py
[2.506s] -- Up-to-date symlink: /home/robofei/ROS2/install/dynamixel_sdk_custom_interfaces/lib/python3.8/site-packages/dynamixel_sdk_custom_interfaces/msg/_decision.py
[2.506s] -- Up-to-date symlink: /home/robofei/ROS2/install/dynamixel_sdk_custom_interfaces/lib/python3.8/site-packages/dynamixel_sdk_custom_interfaces/msg/_param_walk.py
[2.506s] -- Up-to-date symlink: /home/robofei/ROS2/install/dynamixel_sdk_custom_interfaces/lib/python3.8/site-packages/dynamixel_sdk_custom_interfaces/msg/_set_position.py
[2.507s] -- Up-to-date symlink: /home/robofei/ROS2/install/dynamixel_sdk_custom_interfaces/lib/python3.8/site-packages/dynamixel_sdk_custom_interfaces/msg/_set_position_original.py
[2.507s] -- Up-to-date symlink: /home/robofei/ROS2/install/dynamixel_sdk_custom_interfaces/lib/python3.8/site-packages/dynamixel_sdk_custom_interfaces/msg/_walk.py
[2.507s] -- Up-to-date symlink: /home/robofei/ROS2/install/dynamixel_sdk_custom_interfaces/lib/python3.8/site-packages/dynamixel_sdk_custom_interfaces/srv/__init__.py
[2.519s] -- Up-to-date symlink: /home/robofei/ROS2/install/dynamixel_sdk_custom_interfaces/lib/python3.8/site-packages/dynamixel_sdk_custom_interfaces/srv/_get_position.py
[2.520s] -- Up-to-date symlink: /home/robofei/ROS2/install/dynamixel_sdk_custom_interfaces/lib/python3.8/site-packages/dynamixel_sdk_custom_interfaces/dynamixel_sdk_custom_interfaces_s__rosidl_typesupport_fastrtps_c.cpython-38-x86_64-linux-gnu.so
[2.520s] -- Up-to-date symlink: /home/robofei/ROS2/install/dynamixel_sdk_custom_interfaces/lib/python3.8/site-packages/dynamixel_sdk_custom_interfaces/dynamixel_sdk_custom_interfaces_s__rosidl_typesupport_introspection_c.cpython-38-x86_64-linux-gnu.so
[2.521s] -- Up-to-date symlink: /home/robofei/ROS2/install/dynamixel_sdk_custom_interfaces/lib/python3.8/site-packages/dynamixel_sdk_custom_interfaces/dynamixel_sdk_custom_interfaces_s__rosidl_typesupport_c.cpython-38-x86_64-linux-gnu.so
[2.521s] -- Up-to-date symlink: /home/robofei/ROS2/install/dynamixel_sdk_custom_interfaces/lib/libdynamixel_sdk_custom_interfaces__python.so
[2.521s] -- Up-to-date symlink: /home/robofei/ROS2/install/dynamixel_sdk_custom_interfaces/share/dynamixel_sdk_custom_interfaces/msg/SetPosition.idl
[2.521s] -- Up-to-date symlink: /home/robofei/ROS2/install/dynamixel_sdk_custom_interfaces/share/dynamixel_sdk_custom_interfaces/msg/SetPositionOriginal.idl
[2.521s] -- Up-to-date symlink: /home/robofei/ROS2/install/dynamixel_sdk_custom_interfaces/share/dynamixel_sdk_custom_interfaces/msg/Decision.idl
[2.522s] -- Up-to-date symlink: /home/robofei/ROS2/install/dynamixel_sdk_custom_interfaces/share/dynamixel_sdk_custom_interfaces/msg/Walk.idl
[2.522s] -- Up-to-date symlink: /home/robofei/ROS2/install/dynamixel_sdk_custom_interfaces/share/dynamixel_sdk_custom_interfaces/msg/ParamWalk.idl
[2.528s] -- Up-to-date symlink: /home/robofei/ROS2/install/dynamixel_sdk_custom_interfaces/share/dynamixel_sdk_custom_interfaces/srv/GetPosition.idl
[2.529s] -- Up-to-date symlink: /home/robofei/ROS2/install/dynamixel_sdk_custom_interfaces/share/dynamixel_sdk_custom_interfaces/msg/SetPosition.msg
[2.529s] -- Up-to-date symlink: /home/robofei/ROS2/install/dynamixel_sdk_custom_interfaces/share/dynamixel_sdk_custom_interfaces/msg/SetPositionOriginal.msg
[2.530s] -- Up-to-date symlink: /home/robofei/ROS2/install/dynamixel_sdk_custom_interfaces/share/dynamixel_sdk_custom_interfaces/msg/Decision.msg
[2.531s] -- Up-to-date symlink: /home/robofei/ROS2/install/dynamixel_sdk_custom_interfaces/share/dynamixel_sdk_custom_interfaces/msg/Walk.msg
[2.535s] -- Up-to-date symlink: /home/robofei/ROS2/install/dynamixel_sdk_custom_interfaces/share/dynamixel_sdk_custom_interfaces/msg/ParamWalk.msg
[2.536s] -- Up-to-date symlink: /home/robofei/ROS2/install/dynamixel_sdk_custom_interfaces/share/dynamixel_sdk_custom_interfaces/srv/GetPosition.srv
[2.537s] -- Up-to-date symlink: /home/robofei/ROS2/install/dynamixel_sdk_custom_interfaces/share/dynamixel_sdk_custom_interfaces/srv/GetPosition_Request.msg
[2.537s] -- Up-to-date symlink: /home/robofei/ROS2/install/dynamixel_sdk_custom_interfaces/share/dynamixel_sdk_custom_interfaces/srv/GetPosition_Response.msg
[2.538s] -- Up-to-date symlink: /home/robofei/ROS2/install/dynamixel_sdk_custom_interfaces/share/ament_index/resource_index/package_run_dependencies/dynamixel_sdk_custom_interfaces
[2.538s] -- Up-to-date symlink: /home/robofei/ROS2/install/dynamixel_sdk_custom_interfaces/share/ament_index/resource_index/parent_prefix_path/dynamixel_sdk_custom_interfaces
[2.551s] -- Up-to-date symlink: /home/robofei/ROS2/install/dynamixel_sdk_custom_interfaces/share/dynamixel_sdk_custom_interfaces/environment/ament_prefix_path.sh
[2.552s] -- Up-to-date symlink: /home/robofei/ROS2/install/dynamixel_sdk_custom_interfaces/share/dynamixel_sdk_custom_interfaces/environment/ament_prefix_path.dsv
[2.552s] -- Up-to-date symlink: /home/robofei/ROS2/install/dynamixel_sdk_custom_interfaces/share/dynamixel_sdk_custom_interfaces/environment/path.sh
[2.552s] -- Up-to-date symlink: /home/robofei/ROS2/install/dynamixel_sdk_custom_interfaces/share/dynamixel_sdk_custom_interfaces/environment/path.dsv
[2.552s] -- Up-to-date symlink: /home/robofei/ROS2/install/dynamixel_sdk_custom_interfaces/share/dynamixel_sdk_custom_interfaces/local_setup.bash
[2.553s] -- Up-to-date symlink: /home/robofei/ROS2/install/dynamixel_sdk_custom_interfaces/share/dynamixel_sdk_custom_interfaces/local_setup.sh
[2.553s] -- Up-to-date symlink: /home/robofei/ROS2/install/dynamixel_sdk_custom_interfaces/share/dynamixel_sdk_custom_interfaces/local_setup.zsh
[2.553s] -- Up-to-date symlink: /home/robofei/ROS2/install/dynamixel_sdk_custom_interfaces/share/dynamixel_sdk_custom_interfaces/local_setup.dsv
[2.553s] -- Symlinking: /home/robofei/ROS2/install/dynamixel_sdk_custom_interfaces/share/dynamixel_sdk_custom_interfaces/package.dsv
[2.566s] -- Up-to-date symlink: /home/robofei/ROS2/install/dynamixel_sdk_custom_interfaces/share/ament_index/resource_index/packages/dynamixel_sdk_custom_interfaces
[2.566s] -- Up-to-date symlink: /home/robofei/ROS2/install/dynamixel_sdk_custom_interfaces/share/dynamixel_sdk_custom_interfaces/cmake/rosidl_cmake-extras.cmake
[2.566s] -- Up-to-date symlink: /home/robofei/ROS2/install/dynamixel_sdk_custom_interfaces/share/dynamixel_sdk_custom_interfaces/cmake/ament_cmake_export_dependencies-extras.cmake
[2.566s] -- Up-to-date symlink: /home/robofei/ROS2/install/dynamixel_sdk_custom_interfaces/share/dynamixel_sdk_custom_interfaces/cmake/ament_cmake_export_libraries-extras.cmake
[2.567s] -- Up-to-date symlink: /home/robofei/ROS2/install/dynamixel_sdk_custom_interfaces/share/dynamixel_sdk_custom_interfaces/cmake/ament_cmake_export_targets-extras.cmake
[2.567s] -- Up-to-date symlink: /home/robofei/ROS2/install/dynamixel_sdk_custom_interfaces/share/dynamixel_sdk_custom_interfaces/cmake/ament_cmake_export_include_directories-extras.cmake
[2.568s] -- Up-to-date symlink: /home/robofei/ROS2/install/dynamixel_sdk_custom_interfaces/share/dynamixel_sdk_custom_interfaces/cmake/rosidl_cmake_export_typesupport_libraries-extras.cmake
[2.569s] -- Up-to-date symlink: /home/robofei/ROS2/install/dynamixel_sdk_custom_interfaces/share/dynamixel_sdk_custom_interfaces/cmake/rosidl_cmake_export_typesupport_targets-extras.cmake
[2.576s] -- Up-to-date symlink: /home/robofei/ROS2/install/dynamixel_sdk_custom_interfaces/share/dynamixel_sdk_custom_interfaces/cmake/dynamixel_sdk_custom_interfacesConfig.cmake
[2.577s] -- Up-to-date symlink: /home/robofei/ROS2/install/dynamixel_sdk_custom_interfaces/share/dynamixel_sdk_custom_interfaces/cmake/dynamixel_sdk_custom_interfacesConfig-version.cmake
[2.577s] -- Up-to-date symlink: /home/robofei/ROS2/install/dynamixel_sdk_custom_interfaces/share/dynamixel_sdk_custom_interfaces/package.xml
[2.577s] -- Up-to-date: /home/robofei/ROS2/install/dynamixel_sdk_custom_interfaces/lib/libdynamixel_sdk_custom_interfaces__rosidl_generator_c.so
[2.578s] -- Up-to-date: /home/robofei/ROS2/install/dynamixel_sdk_custom_interfaces/lib/libdynamixel_sdk_custom_interfaces__rosidl_typesupport_introspection_c.so
[2.578s] -- Up-to-date: /home/robofei/ROS2/install/dynamixel_sdk_custom_interfaces/lib/libdynamixel_sdk_custom_interfaces__rosidl_typesupport_c.so
[2.578s] -- Up-to-date: /home/robofei/ROS2/install/dynamixel_sdk_custom_interfaces/lib/libdynamixel_sdk_custom_interfaces__rosidl_typesupport_introspection_cpp.so
[2.578s] -- Up-to-date: /home/robofei/ROS2/install/dynamixel_sdk_custom_interfaces/lib/libdynamixel_sdk_custom_interfaces__rosidl_typesupport_cpp.so
[2.691s] -- Up-to-date: /home/robofei/ROS2/install/dynamixel_sdk_custom_interfaces/share/dynamixel_sdk_custom_interfaces/cmake/dynamixel_sdk_custom_interfaces__rosidl_generator_cExport.cmake
[2.692s] -- Up-to-date: /home/robofei/ROS2/install/dynamixel_sdk_custom_interfaces/share/dynamixel_sdk_custom_interfaces/cmake/dynamixel_sdk_custom_interfaces__rosidl_generator_cExport-noconfig.cmake
[2.693s] -- Up-to-date: /home/robofei/ROS2/install/dynamixel_sdk_custom_interfaces/share/dynamixel_sdk_custom_interfaces/cmake/dynamixel_sdk_custom_interfaces__rosidl_typesupport_introspection_cExport.cmake
[2.693s] -- Up-to-date: /home/robofei/ROS2/install/dynamixel_sdk_custom_interfaces/share/dynamixel_sdk_custom_interfaces/cmake/dynamixel_sdk_custom_interfaces__rosidl_typesupport_introspection_cExport-noconfig.cmake
[2.694s] -- Up-to-date: /home/robofei/ROS2/install/dynamixel_sdk_custom_interfaces/share/dynamixel_sdk_custom_interfaces/cmake/dynamixel_sdk_custom_interfaces__rosidl_typesupport_cExport.cmake
[2.694s] -- Up-to-date: /home/robofei/ROS2/install/dynamixel_sdk_custom_interfaces/share/dynamixel_sdk_custom_interfaces/cmake/dynamixel_sdk_custom_interfaces__rosidl_typesupport_cExport-noconfig.cmake
[2.694s] -- Up-to-date: /home/robofei/ROS2/install/dynamixel_sdk_custom_interfaces/share/dynamixel_sdk_custom_interfaces/cmake/dynamixel_sdk_custom_interfaces__rosidl_generator_cppExport.cmake
[2.695s] -- Up-to-date: /home/robofei/ROS2/install/dynamixel_sdk_custom_interfaces/share/dynamixel_sdk_custom_interfaces/cmake/dynamixel_sdk_custom_interfaces__rosidl_typesupport_introspection_cppExport.cmake
[2.695s] -- Up-to-date: /home/robofei/ROS2/install/dynamixel_sdk_custom_interfaces/share/dynamixel_sdk_custom_interfaces/cmake/dynamixel_sdk_custom_interfaces__rosidl_typesupport_introspection_cppExport-noconfig.cmake
[2.695s] -- Up-to-date: /home/robofei/ROS2/install/dynamixel_sdk_custom_interfaces/share/dynamixel_sdk_custom_interfaces/cmake/dynamixel_sdk_custom_interfaces__rosidl_typesupport_cppExport.cmake
[2.696s] -- Up-to-date: /home/robofei/ROS2/install/dynamixel_sdk_custom_interfaces/share/dynamixel_sdk_custom_interfaces/cmake/dynamixel_sdk_custom_interfaces__rosidl_typesupport_cppExport-noconfig.cmake
[2.700s] Invoked command in '/home/robofei/ROS2/build/dynamixel_sdk_custom_interfaces' returned '0': CMAKE_PREFIX_PATH=${CMAKE_PREFIX_PATH}:/home/robofei/ROS2/install/vision_pkg:/home/robofei/ROS2/install/decision_pkg:/home/robofei/ROS2/install/controller:/opt/ros/foxy /usr/bin/cmake --install /home/robofei/ROS2/build/dynamixel_sdk_custom_interfaces
