[35m[1mScanning dependencies of target minimal_publisher[0m
[ 50%] [32mBuilding CXX object CMakeFiles/minimal_publisher.dir/src/minimal_pub.cpp.o[0m
[01m[K/home/robofei/ROS2/action/src/control/src/minimal_pub.cpp:25:69:[m[K [01;31m[Kerror: [m[K‘[01m[KDecision[m[K’ is not a member of ‘[01m[Kcustom_interfaces::msg[m[K’
   25 | opic_callback(const std::shared_ptr<custom_interfaces::msg::[01;31m[KDecision[m[K> msg) const
      |                                                             [01;31m[K^~~~~~~~[m[K

[01m[K/home/robofei/ROS2/action/src/control/src/minimal_pub.cpp:25:69:[m[K [01;31m[Kerror: [m[K‘[01m[KDecision[m[K’ is not a member of ‘[01m[Kcustom_interfaces::msg[m[K’
[01m[K/home/robofei/ROS2/action/src/control/src/minimal_pub.cpp:25:77:[m[K [01;31m[Kerror: [m[Ktemplate argument 1 is invalid
   25 | ic_callback(const std::shared_ptr<custom_interfaces::msg::Decision[01;31m[K>[m[K msg) const
      |                                                                   [01;31m[K^[m[K

[01m[K/home/robofei/ROS2/action/src/control/src/minimal_pub.cpp:56:21:[m[K [01;31m[Kerror: [m[K‘[01m[Kdynamixel_sdk_custom_interfaces[m[K’ was not declared in this scope
   56 |   rclcpp::Publisher<[01;31m[Kdynamixel_sdk_custom_interfaces[m[K::msg::SetPosition>::SharedPtr publisher_;         // CHANGE
      |                     [01;31m[K^~~~~~~~~~~~~~~~~~~~~~~~~~~~~~~[m[K
[01m[K/home/robofei/ROS2/action/src/control/src/minimal_pub.cpp:56:70:[m[K [01;31m[Kerror: [m[Ktemplate argument 1 is invalid
   56 | :Publisher<dynamixel_sdk_custom_interfaces::msg::SetPosition[01;31m[K>[m[K::SharedPtr publisher_;         // CHANGE
      |                                                             [01;31m[K^[m[K

[01m[K/home/robofei/ROS2/action/src/control/src/minimal_pub.cpp:56:73:[m[K [01;31m[Kerror: [m[Kexpected ‘[01m[K;[m[K’ at end of member declaration
   56 | blisher<dynamixel_sdk_custom_interfaces::msg::SetPosition>::[01;31m[KSharedPtr[m[K publisher_;         // CHANGE
      |                                                             [01;31m[K^~~~~~~~~[m[K
      |                                                                      [32m[K;[m[K
[01m[K/home/robofei/ROS2/action/src/control/src/minimal_pub.cpp:56:83:[m[K [01;31m[Kerror: [m[K‘[01m[Kpublisher_[m[K’ does not name a type; did you mean ‘[01m[Krcl_publisher_t[m[K’?
   56 | namixel_sdk_custom_interfaces::msg::SetPosition>::SharedPtr [01;31m[Kpublisher_[m[K;         // CHANGE
      |                                                             [01;31m[K^~~~~~~~~~[m[K
      |                                                             [32m[Krcl_publisher_t[m[K
[01m[K/home/robofei/ROS2/action/src/control/src/minimal_pub.cpp:[m[K In constructor ‘[01m[KMinimalPublisher::MinimalPublisher()[m[K’:
[01m[K/home/robofei/ROS2/action/src/control/src/minimal_pub.cpp:18:5:[m[K [01;31m[Kerror: [m[K‘[01m[Ksubscription_[m[K’ was not declared in this scope; did you mean ‘[01m[Krcl_subscription_t[m[K’?
   18 |     [01;31m[Ksubscription_[m[K = this->create_subscription<custom_interfaces::msg::Decision>(
      |     [01;31m[K^~~~~~~~~~~~~[m[K
      |     [32m[Krcl_subscription_t[m[K
[01m[K/home/robofei/ROS2/action/src/control/src/minimal_pub.cpp:18:71:[m[K [01;31m[Kerror: [m[K‘[01m[KDecision[m[K’ is not a member of ‘[01m[Kcustom_interfaces::msg[m[K’
   18 |   subscription_ = this->create_subscription<custom_interfaces::msg::[01;31m[KDecision[m[K>(
      |                                                                     [01;31m[K^~~~~~~~[m[K

[01m[K/home/robofei/ROS2/action/src/control/src/minimal_pub.cpp:18:71:[m[K [01;31m[Kerror: [m[K‘[01m[KDecision[m[K’ is not a member of ‘[01m[Kcustom_interfaces::msg[m[K’
[01m[K/home/robofei/ROS2/action/src/control/src/minimal_pub.cpp:19:35:[m[K [01;31m[Kerror: [m[K‘[01m[KActionNode[m[K’ has not been declared
   19 |       "/decision", 10, std::bind(&[01;31m[KActionNode[m[K::topic_callback, this, _1));
      |                                   [01;31m[K^~~~~~~~~~[m[K
[01m[K/home/robofei/ROS2/action/src/control/src/minimal_pub.cpp:19:69:[m[K [01;31m[Kerror: [m[K‘[01m[K_1[m[K’ was not declared in this scope; did you mean ‘[01m[Kstd::placeholders::_1[m[K’?
   19 |       "/decision", 10, std::bind(&ActionNode::topic_callback, this, [01;31m[K_1[m[K));
      |                                                                     [01;31m[K^~[m[K
      |                                                                     [32m[Kstd::placeholders::_1[m[K
In file included from [01m[K/opt/ros/foxy/include/rclcpp/context.hpp:19[m[K,
                 from [01m[K/opt/ros/foxy/include/rclcpp/contexts/default_context.hpp:18[m[K,
                 from [01m[K/opt/ros/foxy/include/rclcpp/executor.hpp:32[m[K,
                 from [01m[K/opt/ros/foxy/include/rclcpp/executors/multi_threaded_executor.hpp:26[m[K,
                 from [01m[K/opt/ros/foxy/include/rclcpp/executors.hpp:21[m[K,
                 from [01m[K/opt/ros/foxy/include/rclcpp/rclcpp.hpp:146[m[K,
                 from [01m[K/home/robofei/ROS2/action/src/control/src/minimal_pub.cpp:7[m[K:
[01m[K/usr/include/c++/9/functional:211:34:[m[K [01;36m[Knote: [m[K‘[01m[Kstd::placeholders::_1[m[K’ declared here
  211 |     extern const _Placeholder<1> [01;36m[K_1[m[K;
      |                                  [01;36m[K^~[m[K
[01m[K/home/robofei/ROS2/action/src/control/src/minimal_pub.cpp:20:5:[m[K [01;31m[Kerror: [m[K‘[01m[Kpublisher_[m[K’ was not declared in this scope; did you mean ‘[01m[Krcl_publisher_t[m[K’?
   20 |     [01;31m[Kpublisher_[m[K = this->create_publisher<dynamixel_sdk_custom_interfaces::msg::SetPosition>("set_position", 10);    // CHANGE
      |     [01;31m[K^~~~~~~~~~[m[K
      |     [32m[Krcl_publisher_t[m[K
[01m[K/home/robofei/ROS2/action/src/control/src/minimal_pub.cpp:20:41:[m[K [01;31m[Kerror: [m[K‘[01m[Kdynamixel_sdk_custom_interfaces[m[K’ was not declared in this scope
   20 |     publisher_ = this->create_publisher<[01;31m[Kdynamixel_sdk_custom_interfaces[m[K::msg::SetPosition>("set_position", 10);    // CHANGE
      |                                         [01;31m[K^~~~~~~~~~~~~~~~~~~~~~~~~~~~~~~[m[K
[01m[K/home/robofei/ROS2/action/src/control/src/minimal_pub.cpp:20:24:[m[K [01;31m[Kerror: [m[Kparse error in template argument list
   20 |     publisher_ = this->[01;31m[Kcreate_publisher<dynamixel_sdk_custom_interfaces::msg::SetPosition>[m[K("set_position", 10);    // CHANGE
      |                        [01;31m[K^~~~~~~~~~~~~~~~~~~~~~~~~~~~~~~~~~~~~~~~~~~~~~~~~~~~~~~~~~~~~~~~~~~[m[K
[01m[K/home/robofei/ROS2/action/src/control/src/minimal_pub.cpp:20:110:[m[K [01;31m[Kerror: [m[Kno matching function for call to ‘[01m[KMinimalPublisher::create_publisher<<expression error> >(const char [13], int)[m[K’
   20 | xel_sdk_custom_interfaces::msg::SetPosition>("set_position", 10[01;31m[K)[m[K;    // CHANGE
      |                                                                [01;31m[K^[m[K

In file included from [01m[K/opt/ros/foxy/include/rclcpp/executors/single_threaded_executor.hpp:28[m[K,
                 from [01m[K/opt/ros/foxy/include/rclcpp/executors.hpp:22[m[K,
                 from [01m[K/opt/ros/foxy/include/rclcpp/rclcpp.hpp:146[m[K,
                 from [01m[K/home/robofei/ROS2/action/src/control/src/minimal_pub.cpp:7[m[K:
[01m[K/opt/ros/foxy/include/rclcpp/node.hpp:184:3:[m[K [01;36m[Knote: [m[Kcandidate: ‘[01m[Ktemplate<class MessageT, class AllocatorT, class PublisherT> std::shared_ptr<PublisherT> rclcpp::Node::create_publisher(const string&, const rclcpp::QoS&, const rclcpp::PublisherOptionsWithAllocator<AllocatorT>&)[m[K’
  184 |   [01;36m[Kcreate_publisher[m[K(
      |   [01;36m[K^~~~~~~~~~~~~~~~[m[K
[01m[K/opt/ros/foxy/include/rclcpp/node.hpp:184:3:[m[K [01;36m[Knote: [m[K  template argument deduction/substitution failed:
[01m[K/home/robofei/ROS2/action/src/control/src/minimal_pub.cpp:20:110:[m[K [01;31m[Kerror: [m[Ktemplate argument 1 is invalid
   20 | xel_sdk_custom_interfaces::msg::SetPosition>("set_position", 10[01;31m[K)[m[K;    // CHANGE
      |                                                                [01;31m[K^[m[K

[01m[K/home/robofei/ROS2/action/src/control/src/minimal_pub.cpp:[m[K In member function ‘[01m[Kvoid MinimalPublisher::topic_callback(int) const[m[K’:
[01m[K/home/robofei/ROS2/action/src/control/src/minimal_pub.cpp:27:27:[m[K [01;31m[Kerror: [m[Kbase operand of ‘[01m[K->[m[K’ is not a pointer
   27 |     uint8_t movement = msg[01;31m[K->[m[Kdecision;
      |                           [01;31m[K^~[m[K
[01m[K/home/robofei/ROS2/action/src/control/src/minimal_pub.cpp:30:72:[m[K [01;31m[Kerror: [m[Kpassing ‘[01m[Kconst MinimalPublisher[m[K’ as ‘[01m[Kthis[m[K’ argument discards qualifiers [[01;31m[K-fpermissive[m[K]
   30 |       500ms, std::bind(&MinimalPublisher::timer_callback_goodbye, this)[01;31m[K)[m[K;
      |                                                                        [01;31m[K^[m[K
In file included from [01m[K/opt/ros/foxy/include/rclcpp/node.hpp:1224[m[K,
                 from [01m[K/opt/ros/foxy/include/rclcpp/executors/single_threaded_executor.hpp:28[m[K,
                 from [01m[K/opt/ros/foxy/include/rclcpp/executors.hpp:22[m[K,
                 from [01m[K/opt/ros/foxy/include/rclcpp/rclcpp.hpp:146[m[K,
                 from [01m[K/home/robofei/ROS2/action/src/control/src/minimal_pub.cpp:7[m[K:
[01m[K/opt/ros/foxy/include/rclcpp/node_impl.hpp:109:1:[m[K [01;36m[Knote: [m[K  in call to ‘[01m[Ktypename rclcpp::WallTimer<CallbackT>::SharedPtr rclcpp::Node::create_wall_timer(std::chrono::duration<_Rep1, _Period1>, CallbackT, rclcpp::CallbackGroup::SharedPtr) [with DurationRepT = long int; DurationT = std::ratio<1, 1000>; CallbackT = std::_Bind<void (MinimalPublisher::*(const MinimalPublisher*))()>; typename rclcpp::WallTimer<CallbackT>::SharedPtr = std::shared_ptr<rclcpp::WallTimer<std::_Bind<void (MinimalPublisher::*(const MinimalPublisher*))()>, 0> >; rclcpp::CallbackGroup::SharedPtr = std::shared_ptr<rclcpp::CallbackGroup>][m[K’
  109 | [01;36m[KNode[m[K::create_wall_timer(
      | [01;36m[K^~~~[m[K
[01m[K/home/robofei/ROS2/action/src/control/src/minimal_pub.cpp:30:72:[m[K [01;31m[Kerror: [m[Kno match for ‘[01m[Koperator=[m[K’ (operand types are ‘[01m[Kconst SharedPtr[m[K’ {aka ‘[01m[Kconst std::shared_ptr<rclcpp::TimerBase>[m[K’} and ‘[01m[Krclcpp::WallTimer<std::_Bind<void (MinimalPublisher::*(const MinimalPublisher*))()>, 0>::SharedPtr[m[K’ {aka ‘[01m[Kstd::shared_ptr<rclcpp::WallTimer<std::_Bind<void (MinimalPublisher::*(const MinimalPublisher*))()>, 0> >[m[K’})
   30 |       500ms, std::bind(&MinimalPublisher::timer_callback_goodbye, this)[01;31m[K)[m[K;
      |                                                                        [01;31m[K^[m[K
In file included from [01m[K/usr/include/c++/9/memory:81[m[K,
                 from [01m[K/home/robofei/ROS2/action/src/control/src/minimal_pub.cpp:4[m[K:
[01m[K/usr/include/c++/9/bits/shared_ptr.h:309:19:[m[K [01;36m[Knote: [m[Kcandidate: ‘[01m[Kstd::shared_ptr<_Tp>& std::shared_ptr<_Tp>::operator=(const std::shared_ptr<_Tp>&) [with _Tp = rclcpp::TimerBase][m[K’ <near match>
  309 |       shared_ptr& [01;36m[Koperator[m[K=(const shared_ptr&) noexcept = default;
      |                   [01;36m[K^~~~~~~~[m[K
[01m[K/usr/include/c++/9/bits/shared_ptr.h:309:19:[m[K [01;36m[Knote: [m[K  passing ‘[01m[Kconst SharedPtr*[m[K’ {aka ‘[01m[Kconst std::shared_ptr<rclcpp::TimerBase>*[m[K’} as ‘[01m[Kthis[m[K’ argument discards qualifiers
[01m[K/usr/include/c++/9/bits/shared_ptr.h:313:2:[m[K [01;36m[Knote: [m[Kcandidate: ‘[01m[Kstd::shared_ptr<_Tp>::_Assignable<const std::shared_ptr<_Yp>&> std::shared_ptr<_Tp>::operator=(const std::shared_ptr<_Yp>&) [with _Yp = rclcpp::WallTimer<std::_Bind<void (MinimalPublisher::*(const MinimalPublisher*))()>, 0>; _Tp = rclcpp::TimerBase; std::shared_ptr<_Tp>::_Assignable<const std::shared_ptr<_Yp>&> = std::shared_ptr<rclcpp::TimerBase>&][m[K’ <near match>
  313 |  [01;36m[Koperator[m[K=(const shared_ptr<_Yp>& __r) noexcept
      |  [01;36m[K^~~~~~~~[m[K
[01m[K/usr/include/c++/9/bits/shared_ptr.h:313:2:[m[K [01;36m[Knote: [m[K  passing ‘[01m[Kconst SharedPtr*[m[K’ {aka ‘[01m[Kconst std::shared_ptr<rclcpp::TimerBase>*[m[K’} as ‘[01m[Kthis[m[K’ argument discards qualifiers
[01m[K/usr/include/c++/9/bits/shared_ptr.h:324:2:[m[K [01;36m[Knote: [m[Kcandidate: ‘[01m[Ktemplate<class _Yp> std::shared_ptr<_Tp>::_Assignable<std::auto_ptr<_Up> > std::shared_ptr<_Tp>::operator=(std::auto_ptr<_Up>&&) [with _Yp = _Yp; _Tp = rclcpp::TimerBase][m[K’
  324 |  [01;36m[Koperator[m[K=(auto_ptr<_Yp>&& __r)
      |  [01;36m[K^~~~~~~~[m[K
[01m[K/usr/include/c++/9/bits/shared_ptr.h:324:2:[m[K [01;36m[Knote: [m[K  template argument deduction/substitution failed:
[01m[K/home/robofei/ROS2/action/src/control/src/minimal_pub.cpp:30:72:[m[K [01;36m[Knote: [m[K  ‘[01m[Krclcpp::WallTimer<std::_Bind<void (MinimalPublisher::*(const MinimalPublisher*))()>, 0>::SharedPtr[m[K’ {aka ‘[01m[Kstd::shared_ptr<rclcpp::WallTimer<std::_Bind<void (MinimalPublisher::*(const MinimalPublisher*))()>, 0> >[m[K’} is not derived from ‘[01m[Kstd::auto_ptr<_Up>[m[K’
   30 |       500ms, std::bind(&MinimalPublisher::timer_callback_goodbye, this)[01;36m[K)[m[K;
      |                                                                        [01;36m[K^[m[K
In file included from [01m[K/usr/include/c++/9/memory:81[m[K,
                 from [01m[K/home/robofei/ROS2/action/src/control/src/minimal_pub.cpp:4[m[K:
[01m[K/usr/include/c++/9/bits/shared_ptr.h:333:7:[m[K [01;36m[Knote: [m[Kcandidate: ‘[01m[Kstd::shared_ptr<_Tp>& std::shared_ptr<_Tp>::operator=(std::shared_ptr<_Tp>&&) [with _Tp = rclcpp::TimerBase][m[K’ <near match>
  333 |       [01;36m[Koperator[m[K=(shared_ptr&& __r) noexcept
      |       [01;36m[K^~~~~~~~[m[K
[01m[K/usr/include/c++/9/bits/shared_ptr.h:333:7:[m[K [01;36m[Knote: [m[K  passing ‘[01m[Kconst SharedPtr*[m[K’ {aka ‘[01m[Kconst std::shared_ptr<rclcpp::TimerBase>*[m[K’} as ‘[01m[Kthis[m[K’ argument discards qualifiers
[01m[K/usr/include/c++/9/bits/shared_ptr.h:341:2:[m[K [01;36m[Knote: [m[Kcandidate: ‘[01m[Kstd::shared_ptr<_Tp>::_Assignable<std::shared_ptr<_Yp> > std::shared_ptr<_Tp>::operator=(std::shared_ptr<_Yp>&&) [with _Yp = rclcpp::WallTimer<std::_Bind<void (MinimalPublisher::*(const MinimalPublisher*))()>, 0>; _Tp = rclcpp::TimerBase; std::shared_ptr<_Tp>::_Assignable<std::shared_ptr<_Yp> > = std::shared_ptr<rclcpp::TimerBase>&][m[K’ <near match>
  341 |  [01;36m[Koperator[m[K=(shared_ptr<_Yp>&& __r) noexcept
      |  [01;36m[K^~~~~~~~[m[K
[01m[K/usr/include/c++/9/bits/shared_ptr.h:341:2:[m[K [01;36m[Knote: [m[K  passing ‘[01m[Kconst SharedPtr*[m[K’ {aka ‘[01m[Kconst std::shared_ptr<rclcpp::TimerBase>*[m[K’} as ‘[01m[Kthis[m[K’ argument discards qualifiers
[01m[K/usr/include/c++/9/bits/shared_ptr.h:349:2:[m[K [01;36m[Knote: [m[Kcandidate: ‘[01m[Ktemplate<class _Yp, class _Del> std::shared_ptr<_Tp>::_Assignable<std::unique_ptr<_Up, _Ep> > std::shared_ptr<_Tp>::operator=(std::unique_ptr<_Up, _Ep>&&) [with _Yp = _Yp; _Del = _Del; _Tp = rclcpp::TimerBase][m[K’
  349 |  [01;36m[Koperator[m[K=(unique_ptr<_Yp, _Del>&& __r)
      |  [01;36m[K^~~~~~~~[m[K
[01m[K/usr/include/c++/9/bits/shared_ptr.h:349:2:[m[K [01;36m[Knote: [m[K  template argument deduction/substitution failed:
[01m[K/home/robofei/ROS2/action/src/control/src/minimal_pub.cpp:30:72:[m[K [01;36m[Knote: [m[K  ‘[01m[Krclcpp::WallTimer<std::_Bind<void (MinimalPublisher::*(const MinimalPublisher*))()>, 0>::SharedPtr[m[K’ {aka ‘[01m[Kstd::shared_ptr<rclcpp::WallTimer<std::_Bind<void (MinimalPublisher::*(const MinimalPublisher*))()>, 0> >[m[K’} is not derived from ‘[01m[Kstd::unique_ptr<_Tp, _Dp>[m[K’
   30 |       500ms, std::bind(&MinimalPublisher::timer_callback_goodbye, this)[01;36m[K)[m[K;
      |                                                                        [01;36m[K^[m[K
[01m[K/home/robofei/ROS2/action/src/control/src/minimal_pub.cpp:[m[K In member function ‘[01m[Kvoid MinimalPublisher::timer_callback_goodbye()[m[K’:
[01m[K/home/robofei/ROS2/action/src/control/src/minimal_pub.cpp:36:20:[m[K [01;31m[Kerror: [m[K‘[01m[Kdynamixel_sdk_custom_interfaces[m[K’ has not been declared
   36 |     auto message = [01;31m[Kdynamixel_sdk_custom_interfaces[m[K::msg::SetPosition();
      |                    [01;31m[K^~~~~~~~~~~~~~~~~~~~~~~~~~~~~~~[m[K
[01m[K/home/robofei/ROS2/action/src/control/src/minimal_pub.cpp:40:9:[m[K [01;31m[Kerror: [m[K‘[01m[Kpublisher_[m[K’ was not declared in this scope; did you mean ‘[01m[Krcl_publisher_t[m[K’?
   40 |         [01;31m[Kpublisher_[m[K->publish(message);
      |         [01;31m[K^~~~~~~~~~[m[K
      |         [32m[Krcl_publisher_t[m[K
In file included from [01m[K/opt/ros/foxy/include/rclcpp/callback_group.hpp:27[m[K,
                 from [01m[K/opt/ros/foxy/include/rclcpp/any_executable.hpp:20[m[K,
                 from [01m[K/opt/ros/foxy/include/rclcpp/memory_strategy.hpp:24[m[K,
                 from [01m[K/opt/ros/foxy/include/rclcpp/memory_strategies.hpp:18[m[K,
                 from [01m[K/opt/ros/foxy/include/rclcpp/executor_options.hpp:20[m[K,
                 from [01m[K/opt/ros/foxy/include/rclcpp/executor.hpp:33[m[K,
                 from [01m[K/opt/ros/foxy/include/rclcpp/executors/multi_threaded_executor.hpp:26[m[K,
                 from [01m[K/opt/ros/foxy/include/rclcpp/executors.hpp:21[m[K,
                 from [01m[K/opt/ros/foxy/include/rclcpp/rclcpp.hpp:146[m[K,
                 from [01m[K/home/robofei/ROS2/action/src/control/src/minimal_pub.cpp:7[m[K:
/opt/ros/foxy/include/rclcpp/timer.hpp: In instantiation of ‘[01m[Kvoid rclcpp::GenericTimer<FunctorT, <anonymous> >::execute_callback_delegate() [with CallbackT = std::_Bind<void (MinimalPublisher::*(const MinimalPublisher*))()>; typename std::enable_if<rclcpp::function_traits::same_arguments<CallbackT, std::function<void()> >::value>::type* <anonymous> = 0; FunctorT = std::_Bind<void (MinimalPublisher::*(const MinimalPublisher*))()>; typename std::enable_if<(rclcpp::function_traits::same_arguments<FunctorT, std::function<void()> >::value || rclcpp::function_traits::same_arguments<FunctorT, std::function<void(rclcpp::TimerBase&)> >::value)>::type* <anonymous> = 0][m[K’:
[01m[K/opt/ros/foxy/include/rclcpp/timer.hpp:209:5:[m[K   required from ‘[01m[Kvoid rclcpp::GenericTimer<FunctorT, <anonymous> >::execute_callback() [with FunctorT = std::_Bind<void (MinimalPublisher::*(const MinimalPublisher*))()>; typename std::enable_if<(rclcpp::function_traits::same_arguments<FunctorT, std::function<void()> >::value || rclcpp::function_traits::same_arguments<FunctorT, std::function<void(rclcpp::TimerBase&)> >::value)>::type* <anonymous> = 0][m[K’
[01m[K/opt/ros/foxy/include/rclcpp/timer.hpp:199:3:[m[K   required from here
[01m[K/opt/ros/foxy/include/rclcpp/timer.hpp:223:5:[m[K [01;31m[Kerror: [m[Kno match for call to ‘[01m[K(std::_Bind<void (MinimalPublisher::*(const MinimalPublisher*))()>) ()[m[K’
  223 |     [01;31m[Kcallback_[m[K();
      |     [01;31m[K^~~~~~~~~[m[K
In file included from [01m[K/opt/ros/foxy/include/rclcpp/context.hpp:19[m[K,
                 from [01m[K/opt/ros/foxy/include/rclcpp/contexts/default_context.hpp:18[m[K,
                 from [01m[K/opt/ros/foxy/include/rclcpp/executor.hpp:32[m[K,
                 from [01m[K/opt/ros/foxy/include/rclcpp/executors/multi_threaded_executor.hpp:26[m[K,
                 from [01m[K/opt/ros/foxy/include/rclcpp/executors.hpp:21[m[K,
                 from [01m[K/opt/ros/foxy/include/rclcpp/rclcpp.hpp:146[m[K,
                 from [01m[K/home/robofei/ROS2/action/src/control/src/minimal_pub.cpp:7[m[K:
[01m[K/usr/include/c++/9/functional:480:2:[m[K [01;36m[Knote: [m[Kcandidate: ‘[01m[Ktemplate<class ... _Args, class _Result> _Result std::_Bind<_Functor(_Bound_args ...)>::operator()(_Args&& ...) [with _Args = {_Args ...}; _Result = _Result; _Functor = void (MinimalPublisher::*)(); _Bound_args = {const MinimalPublisher*}][m[K’
  480 |  [01;36m[Koperator[m[K()(_Args&&... __args)
      |  [01;36m[K^~~~~~~~[m[K
[01m[K/usr/include/c++/9/functional:480:2:[m[K [01;36m[Knote: [m[K  template argument deduction/substitution failed:
/usr/include/c++/9/functional: In substitution of ‘[01m[Ktemplate<class _Functor, class ... _Bound_args> template<class _Fn, class _CallArgs, class ... _BArgs> using _Res_type_impl = typename std::result_of<_Fn&(std::_Bind<_Functor(_Bound_args ...)>::_Mu_type<_BArgs, _CallArgs>&& ...)>::type [with _Fn = void (MinimalPublisher::*)(); _CallArgs = std::tuple<>; _BArgs = {const MinimalPublisher*}; _Functor = void (MinimalPublisher::*)(); _Bound_args = {const MinimalPublisher*}][m[K’:
[01m[K/usr/include/c++/9/functional:447:8:[m[K   required by substitution of ‘[01m[Ktemplate<class _Functor, class ... _Bound_args> template<class _CallArgs> using _Res_type = std::_Bind<_Functor(_Bound_args ...)>::_Res_type_impl<_Functor, _CallArgs, _Bound_args ...> [with _CallArgs = std::tuple<>; _Functor = void (MinimalPublisher::*)(); _Bound_args = {const MinimalPublisher*}][m[K’
[01m[K/usr/include/c++/9/functional:478:9:[m[K   required from ‘[01m[Kvoid rclcpp::GenericTimer<FunctorT, <anonymous> >::execute_callback_delegate() [with CallbackT = std::_Bind<void (MinimalPublisher::*(const MinimalPublisher*))()>; typename std::enable_if<rclcpp::function_traits::same_arguments<CallbackT, std::function<void()> >::value>::type* <anonymous> = 0; FunctorT = std::_Bind<void (MinimalPublisher::*(const MinimalPublisher*))()>; typename std::enable_if<(rclcpp::function_traits::same_arguments<FunctorT, std::function<void()> >::value || rclcpp::function_traits::same_arguments<FunctorT, std::function<void(rclcpp::TimerBase&)> >::value)>::type* <anonymous> = 0][m[K’
[01m[K/opt/ros/foxy/include/rclcpp/timer.hpp:209:5:[m[K   required from ‘[01m[Kvoid rclcpp::GenericTimer<FunctorT, <anonymous> >::execute_callback() [with FunctorT = std::_Bind<void (MinimalPublisher::*(const MinimalPublisher*))()>; typename std::enable_if<(rclcpp::function_traits::same_arguments<FunctorT, std::function<void()> >::value || rclcpp::function_traits::same_arguments<FunctorT, std::function<void(rclcpp::TimerBase&)> >::value)>::type* <anonymous> = 0][m[K’
[01m[K/opt/ros/foxy/include/rclcpp/timer.hpp:199:3:[m[K   required from here
[01m[K/usr/include/c++/9/functional:443:8:[m[K [01;31m[Kerror: [m[Kno type named ‘[01m[Ktype[m[K’ in ‘[01m[Kclass std::result_of<void (MinimalPublisher::*&(const MinimalPublisher*&))()>[m[K’
  443 |  using [01;31m[K_Res_type_impl[m[K
      |        [01;31m[K^~~~~~~~~~~~~~[m[K
/opt/ros/foxy/include/rclcpp/timer.hpp: In instantiation of ‘[01m[Kvoid rclcpp::GenericTimer<FunctorT, <anonymous> >::execute_callback_delegate() [with CallbackT = std::_Bind<void (MinimalPublisher::*(const MinimalPublisher*))()>; typename std::enable_if<rclcpp::function_traits::same_arguments<CallbackT, std::function<void()> >::value>::type* <anonymous> = 0; FunctorT = std::_Bind<void (MinimalPublisher::*(const MinimalPublisher*))()>; typename std::enable_if<(rclcpp::function_traits::same_arguments<FunctorT, std::function<void()> >::value || rclcpp::function_traits::same_arguments<FunctorT, std::function<void(rclcpp::TimerBase&)> >::value)>::type* <anonymous> = 0][m[K’:
[01m[K/opt/ros/foxy/include/rclcpp/timer.hpp:209:5:[m[K   required from ‘[01m[Kvoid rclcpp::GenericTimer<FunctorT, <anonymous> >::execute_callback() [with FunctorT = std::_Bind<void (MinimalPublisher::*(const MinimalPublisher*))()>; typename std::enable_if<(rclcpp::function_traits::same_arguments<FunctorT, std::function<void()> >::value || rclcpp::function_traits::same_arguments<FunctorT, std::function<void(rclcpp::TimerBase&)> >::value)>::type* <anonymous> = 0][m[K’
[01m[K/opt/ros/foxy/include/rclcpp/timer.hpp:199:3:[m[K   required from here
[01m[K/usr/include/c++/9/functional:491:2:[m[K [01;36m[Knote: [m[Kcandidate: ‘[01m[Ktemplate<class ... _Args, class _Result> _Result std::_Bind<_Functor(_Bound_args ...)>::operator()(_Args&& ...) const [with _Args = {_Args ...}; _Result = _Result; _Functor = void (MinimalPublisher::*)(); _Bound_args = {const MinimalPublisher*}][m[K’
  491 |  [01;36m[Koperator[m[K()(_Args&&... __args) const
      |  [01;36m[K^~~~~~~~[m[K
[01m[K/usr/include/c++/9/functional:491:2:[m[K [01;36m[Knote: [m[K  template argument deduction/substitution failed:
/usr/include/c++/9/functional: In substitution of ‘[01m[Ktemplate<class _Functor, class ... _Bound_args> template<class _Fn, class _CallArgs, class ... _BArgs> using _Res_type_impl = typename std::result_of<_Fn&(std::_Bind<_Functor(_Bound_args ...)>::_Mu_type<_BArgs, _CallArgs>&& ...)>::type [with _Fn = std::add_const<void (MinimalPublisher::*)()>::type; _CallArgs = std::tuple<>; _BArgs = {std::add_const<const MinimalPublisher*>::type}; _Functor = void (MinimalPublisher::*)(); _Bound_args = {const MinimalPublisher*}][m[K’:
[01m[K/usr/include/c++/9/functional:454:8:[m[K   required by substitution of ‘[01m[Ktemplate<class _Functor, class ... _Bound_args> template<class _CallArgs, template<class _CallArgs, template<class> class __cv_quals> template<class _Functor, class ... _Bound_args> template<class> class __cv_quals> using _Res_type_cv = std::_Bind<_Functor(_Bound_args ...)>::_Res_type_impl<typename __cv_quals<typename std::enable_if<(bool)((std::tuple_size<_Tuple>::value + 1)), _Functor>::type>::type, _CallArgs, typename __cv_quals<_Bound_args>::type ...> [with _CallArgs = std::tuple<>; __cv_quals = std::add_const; _Functor = void (MinimalPublisher::*)(); _Bound_args = {const MinimalPublisher*}][m[K’
[01m[K/usr/include/c++/9/functional:489:9:[m[K   required from ‘[01m[Kvoid rclcpp::GenericTimer<FunctorT, <anonymous> >::execute_callback_delegate() [with CallbackT = std::_Bind<void (MinimalPublisher::*(const MinimalPublisher*))()>; typename std::enable_if<rclcpp::function_traits::same_arguments<CallbackT, std::function<void()> >::value>::type* <anonymous> = 0; FunctorT = std::_Bind<void (MinimalPublisher::*(const MinimalPublisher*))()>; typename std::enable_if<(rclcpp::function_traits::same_arguments<FunctorT, std::function<void()> >::value || rclcpp::function_traits::same_arguments<FunctorT, std::function<void(rclcpp::TimerBase&)> >::value)>::type* <anonymous> = 0][m[K’
[01m[K/opt/ros/foxy/include/rclcpp/timer.hpp:209:5:[m[K   required from ‘[01m[Kvoid rclcpp::GenericTimer<FunctorT, <anonymous> >::execute_callback() [with FunctorT = std::_Bind<void (MinimalPublisher::*(const MinimalPublisher*))()>; typename std::enable_if<(rclcpp::function_traits::same_arguments<FunctorT, std::function<void()> >::value || rclcpp::function_traits::same_arguments<FunctorT, std::function<void(rclcpp::TimerBase&)> >::value)>::type* <anonymous> = 0][m[K’
[01m[K/opt/ros/foxy/include/rclcpp/timer.hpp:199:3:[m[K   required from here
[01m[K/usr/include/c++/9/functional:443:8:[m[K [01;31m[Kerror: [m[Kno type named ‘[01m[Ktype[m[K’ in ‘[01m[Kclass std::result_of<void (MinimalPublisher::* const&(const MinimalPublisher* const&))()>[m[K’
  443 |  using [01;31m[K_Res_type_impl[m[K
      |        [01;31m[K^~~~~~~~~~~~~~[m[K
/opt/ros/foxy/include/rclcpp/timer.hpp: In instantiation of ‘[01m[Kvoid rclcpp::GenericTimer<FunctorT, <anonymous> >::execute_callback_delegate() [with CallbackT = std::_Bind<void (MinimalPublisher::*(const MinimalPublisher*))()>; typename std::enable_if<rclcpp::function_traits::same_arguments<CallbackT, std::function<void()> >::value>::type* <anonymous> = 0; FunctorT = std::_Bind<void (MinimalPublisher::*(const MinimalPublisher*))()>; typename std::enable_if<(rclcpp::function_traits::same_arguments<FunctorT, std::function<void()> >::value || rclcpp::function_traits::same_arguments<FunctorT, std::function<void(rclcpp::TimerBase&)> >::value)>::type* <anonymous> = 0][m[K’:
[01m[K/opt/ros/foxy/include/rclcpp/timer.hpp:209:5:[m[K   required from ‘[01m[Kvoid rclcpp::GenericTimer<FunctorT, <anonymous> >::execute_callback() [with FunctorT = std::_Bind<void (MinimalPublisher::*(const MinimalPublisher*))()>; typename std::enable_if<(rclcpp::function_traits::same_arguments<FunctorT, std::function<void()> >::value || rclcpp::function_traits::same_arguments<FunctorT, std::function<void(rclcpp::TimerBase&)> >::value)>::type* <anonymous> = 0][m[K’
[01m[K/opt/ros/foxy/include/rclcpp/timer.hpp:199:3:[m[K   required from here
[01m[K/usr/include/c++/9/functional:509:2:[m[K [01;36m[Knote: [m[Kcandidate: ‘[01m[Ktemplate<class ... _Args, class _Result> _Result std::_Bind<_Functor(_Bound_args ...)>::operator()(_Args&& ...) volatile [with _Args = {_Args ...}; _Result = _Result; _Functor = void (MinimalPublisher::*)(); _Bound_args = {const MinimalPublisher*}][m[K’
  509 |  [01;36m[Koperator[m[K()(_Args&&... __args) volatile
      |  [01;36m[K^~~~~~~~[m[K
[01m[K/usr/include/c++/9/functional:509:2:[m[K [01;36m[Knote: [m[K  template argument deduction/substitution failed:
/usr/include/c++/9/functional: In substitution of ‘[01m[Ktemplate<class _Functor, class ... _Bound_args> template<class _Fn, class _CallArgs, class ... _BArgs> using _Res_type_impl = typename std::result_of<_Fn&(std::_Bind<_Functor(_Bound_args ...)>::_Mu_type<_BArgs, _CallArgs>&& ...)>::type [with _Fn = std::add_volatile<void (MinimalPublisher::*)()>::type; _CallArgs = std::tuple<>; _BArgs = {std::add_volatile<const MinimalPublisher*>::type}; _Functor = void (MinimalPublisher::*)(); _Bound_args = {const MinimalPublisher*}][m[K’:
[01m[K/usr/include/c++/9/functional:454:8:[m[K   required by substitution of ‘[01m[Ktemplate<class _Functor, class ... _Bound_args> template<class _CallArgs, template<class _CallArgs, template<class> class __cv_quals> template<class _Functor, class ... _Bound_args> template<class> class __cv_quals> using _Res_type_cv = std::_Bind<_Functor(_Bound_args ...)>::_Res_type_impl<typename __cv_quals<typename std::enable_if<(bool)((std::tuple_size<_Tuple>::value + 1)), _Functor>::type>::type, _CallArgs, typename __cv_quals<_Bound_args>::type ...> [with _CallArgs = std::tuple<>; __cv_quals = std::add_volatile; _Functor = void (MinimalPublisher::*)(); _Bound_args = {const MinimalPublisher*}][m[K’
[01m[K/usr/include/c++/9/functional:506:9:[m[K   required from ‘[01m[Kvoid rclcpp::GenericTimer<FunctorT, <anonymous> >::execute_callback_delegate() [with CallbackT = std::_Bind<void (MinimalPublisher::*(const MinimalPublisher*))()>; typename std::enable_if<rclcpp::function_traits::same_arguments<CallbackT, std::function<void()> >::value>::type* <anonymous> = 0; FunctorT = std::_Bind<void (MinimalPublisher::*(const MinimalPublisher*))()>; typename std::enable_if<(rclcpp::function_traits::same_arguments<FunctorT, std::function<void()> >::value || rclcpp::function_traits::same_arguments<FunctorT, std::function<void(rclcpp::TimerBase&)> >::value)>::type* <anonymous> = 0][m[K’
[01m[K/opt/ros/foxy/include/rclcpp/timer.hpp:209:5:[m[K   required from ‘[01m[Kvoid rclcpp::GenericTimer<FunctorT, <anonymous> >::execute_callback() [with FunctorT = std::_Bind<void (MinimalPublisher::*(const MinimalPublisher*))()>; typename std::enable_if<(rclcpp::function_traits::same_arguments<FunctorT, std::function<void()> >::value || rclcpp::function_traits::same_arguments<FunctorT, std::function<void(rclcpp::TimerBase&)> >::value)>::type* <anonymous> = 0][m[K’
[01m[K/opt/ros/foxy/include/rclcpp/timer.hpp:199:3:[m[K   required from here
[01m[K/usr/include/c++/9/functional:443:8:[m[K [01;31m[Kerror: [m[Kno type named ‘[01m[Ktype[m[K’ in ‘[01m[Kclass std::result_of<void (MinimalPublisher::* volatile&(const MinimalPublisher* volatile&))()>[m[K’
  443 |  using [01;31m[K_Res_type_impl[m[K
      |        [01;31m[K^~~~~~~~~~~~~~[m[K
/opt/ros/foxy/include/rclcpp/timer.hpp: In instantiation of ‘[01m[Kvoid rclcpp::GenericTimer<FunctorT, <anonymous> >::execute_callback_delegate() [with CallbackT = std::_Bind<void (MinimalPublisher::*(const MinimalPublisher*))()>; typename std::enable_if<rclcpp::function_traits::same_arguments<CallbackT, std::function<void()> >::value>::type* <anonymous> = 0; FunctorT = std::_Bind<void (MinimalPublisher::*(const MinimalPublisher*))()>; typename std::enable_if<(rclcpp::function_traits::same_arguments<FunctorT, std::function<void()> >::value || rclcpp::function_traits::same_arguments<FunctorT, std::function<void(rclcpp::TimerBase&)> >::value)>::type* <anonymous> = 0][m[K’:
[01m[K/opt/ros/foxy/include/rclcpp/timer.hpp:209:5:[m[K   required from ‘[01m[Kvoid rclcpp::GenericTimer<FunctorT, <anonymous> >::execute_callback() [with FunctorT = std::_Bind<void (MinimalPublisher::*(const MinimalPublisher*))()>; typename std::enable_if<(rclcpp::function_traits::same_arguments<FunctorT, std::function<void()> >::value || rclcpp::function_traits::same_arguments<FunctorT, std::function<void(rclcpp::TimerBase&)> >::value)>::type* <anonymous> = 0][m[K’
[01m[K/opt/ros/foxy/include/rclcpp/timer.hpp:199:3:[m[K   required from here
[01m[K/usr/include/c++/9/functional:521:2:[m[K [01;36m[Knote: [m[Kcandidate: ‘[01m[Ktemplate<class ... _Args, class _Result> _Result std::_Bind<_Functor(_Bound_args ...)>::operator()(_Args&& ...) const volatile [with _Args = {_Args ...}; _Result = _Result; _Functor = void (MinimalPublisher::*)(); _Bound_args = {const MinimalPublisher*}][m[K’
  521 |  [01;36m[Koperator[m[K()(_Args&&... __args) const volatile
      |  [01;36m[K^~~~~~~~[m[K
[01m[K/usr/include/c++/9/functional:521:2:[m[K [01;36m[Knote: [m[K  template argument deduction/substitution failed:
/usr/include/c++/9/functional: In substitution of ‘[01m[Ktemplate<class _Functor, class ... _Bound_args> template<class _Fn, class _CallArgs, class ... _BArgs> using _Res_type_impl = typename std::result_of<_Fn&(std::_Bind<_Functor(_Bound_args ...)>::_Mu_type<_BArgs, _CallArgs>&& ...)>::type [with _Fn = std::add_cv<void (MinimalPublisher::*)()>::type; _CallArgs = std::tuple<>; _BArgs = {std::add_cv<const MinimalPublisher*>::type}; _Functor = void (MinimalPublisher::*)(); _Bound_args = {const MinimalPublisher*}][m[K’:
[01m[K/usr/include/c++/9/functional:454:8:[m[K   required by substitution of ‘[01m[Ktemplate<class _Functor, class ... _Bound_args> template<class _CallArgs, template<class _CallArgs, template<class> class __cv_quals> template<class _Functor, class ... _Bound_args> template<class> class __cv_quals> using _Res_type_cv = std::_Bind<_Functor(_Bound_args ...)>::_Res_type_impl<typename __cv_quals<typename std::enable_if<(bool)((std::tuple_size<_Tuple>::value + 1)), _Functor>::type>::type, _CallArgs, typename __cv_quals<_Bound_args>::type ...> [with _CallArgs = std::tuple<>; __cv_quals = std::add_cv; _Functor = void (MinimalPublisher::*)(); _Bound_args = {const MinimalPublisher*}][m[K’
[01m[K/usr/include/c++/9/functional:518:9:[m[K   required from ‘[01m[Kvoid rclcpp::GenericTimer<FunctorT, <anonymous> >::execute_callback_delegate() [with CallbackT = std::_Bind<void (MinimalPublisher::*(const MinimalPublisher*))()>; typename std::enable_if<rclcpp::function_traits::same_arguments<CallbackT, std::function<void()> >::value>::type* <anonymous> = 0; FunctorT = std::_Bind<void (MinimalPublisher::*(const MinimalPublisher*))()>; typename std::enable_if<(rclcpp::function_traits::same_arguments<FunctorT, std::function<void()> >::value || rclcpp::function_traits::same_arguments<FunctorT, std::function<void(rclcpp::TimerBase&)> >::value)>::type* <anonymous> = 0][m[K’
[01m[K/opt/ros/foxy/include/rclcpp/timer.hpp:209:5:[m[K   required from ‘[01m[Kvoid rclcpp::GenericTimer<FunctorT, <anonymous> >::execute_callback() [with FunctorT = std::_Bind<void (MinimalPublisher::*(const MinimalPublisher*))()>; typename std::enable_if<(rclcpp::function_traits::same_arguments<FunctorT, std::function<void()> >::value || rclcpp::function_traits::same_arguments<FunctorT, std::function<void(rclcpp::TimerBase&)> >::value)>::type* <anonymous> = 0][m[K’
[01m[K/opt/ros/foxy/include/rclcpp/timer.hpp:199:3:[m[K   required from here
[01m[K/usr/include/c++/9/functional:443:8:[m[K [01;31m[Kerror: [m[Kno type named ‘[01m[Ktype[m[K’ in ‘[01m[Kclass std::result_of<void (MinimalPublisher::* const volatile&(const MinimalPublisher* const volatile&))()>[m[K’
  443 |  using [01;31m[K_Res_type_impl[m[K
      |        [01;31m[K^~~~~~~~~~~~~~[m[K
make[2]: *** [CMakeFiles/minimal_publisher.dir/build.make:63: CMakeFiles/minimal_publisher.dir/src/minimal_pub.cpp.o] Error 1
make[1]: *** [CMakeFiles/Makefile2:105: CMakeFiles/minimal_publisher.dir/all] Error 2
make: *** [Makefile:141: all] Error 2
