[0.060s] Invoking command in '/home/robofei/ROS2/build/serial': CMAKE_PREFIX_PATH=${CMAKE_PREFIX_PATH}:/home/robofei/ROS2/install/vision_pkg:/home/robofei/ROS2/install/decision_pkg:/home/robofei/ROS2/install/controller:/opt/ros/foxy /usr/bin/cmake --build /home/robofei/ROS2/build/serial -- -j8 -l8
[0.624s] [100%] Built target serial
[0.631s] Invoked command in '/home/robofei/ROS2/build/serial' returned '0': CMAKE_PREFIX_PATH=${CMAKE_PREFIX_PATH}:/home/robofei/ROS2/install/vision_pkg:/home/robofei/ROS2/install/decision_pkg:/home/robofei/ROS2/install/controller:/opt/ros/foxy /usr/bin/cmake --build /home/robofei/ROS2/build/serial -- -j8 -l8
[0.679s] Invoking command in '/home/robofei/ROS2/build/serial': CMAKE_PREFIX_PATH=${CMAKE_PREFIX_PATH}:/home/robofei/ROS2/install/vision_pkg:/home/robofei/ROS2/install/decision_pkg:/home/robofei/ROS2/install/controller:/opt/ros/foxy /usr/bin/cmake --install /home/robofei/ROS2/build/serial
[0.691s] -- Install configuration: ""
[0.692s] -- Execute custom install script
[0.693s] -- Up-to-date symlink: /home/robofei/ROS2/install/serial/share/serial/environment/library_path.sh
[0.693s] -- Up-to-date symlink: /home/robofei/ROS2/install/serial/share/serial/environment/library_path.dsv
[0.693s] -- Up-to-date symlink: /home/robofei/ROS2/install/serial/lib/libserial.a
[0.694s] -- Up-to-date symlink: /home/robofei/ROS2/install/serial/include/serial/serial.h
[0.695s] -- Up-to-date symlink: /home/robofei/ROS2/install/serial/include/serial/v8stdint.h
[0.695s] -- Up-to-date symlink: /home/robofei/ROS2/install/serial/share/ament_index/resource_index/package_run_dependencies/serial
[0.697s] -- Up-to-date symlink: /home/robofei/ROS2/install/serial/share/ament_index/resource_index/parent_prefix_path/serial
[0.698s] -- Up-to-date symlink: /home/robofei/ROS2/install/serial/share/serial/environment/ament_prefix_path.sh
[0.699s] -- Up-to-date symlink: /home/robofei/ROS2/install/serial/share/serial/environment/ament_prefix_path.dsv
[0.699s] -- Up-to-date symlink: /home/robofei/ROS2/install/serial/share/serial/environment/path.sh
[0.699s] -- Up-to-date symlink: /home/robofei/ROS2/install/serial/share/serial/environment/path.dsv
[0.699s] -- Up-to-date symlink: /home/robofei/ROS2/install/serial/share/serial/local_setup.bash
[0.699s] -- Up-to-date symlink: /home/robofei/ROS2/install/serial/share/serial/local_setup.sh
[0.700s] -- Up-to-date symlink: /home/robofei/ROS2/install/serial/share/serial/local_setup.zsh
[0.700s] -- Up-to-date symlink: /home/robofei/ROS2/install/serial/share/serial/local_setup.dsv
[0.700s] -- Symlinking: /home/robofei/ROS2/install/serial/share/serial/package.dsv
[0.716s] -- Up-to-date symlink: /home/robofei/ROS2/install/serial/share/ament_index/resource_index/packages/serial
[0.716s] -- Up-to-date symlink: /home/robofei/ROS2/install/serial/share/serial/cmake/ament_cmake_export_include_directories-extras.cmake
[0.716s] -- Up-to-date symlink: /home/robofei/ROS2/install/serial/share/serial/cmake/ament_cmake_export_libraries-extras.cmake
[0.717s] -- Up-to-date symlink: /home/robofei/ROS2/install/serial/share/serial/cmake/serialConfig.cmake
[0.717s] -- Up-to-date symlink: /home/robofei/ROS2/install/serial/share/serial/cmake/serialConfig-version.cmake
[0.717s] -- Up-to-date symlink: /home/robofei/ROS2/install/serial/share/serial/package.xml
[0.901s] Invoked command in '/home/robofei/ROS2/build/serial' returned '0': CMAKE_PREFIX_PATH=${CMAKE_PREFIX_PATH}:/home/robofei/ROS2/install/vision_pkg:/home/robofei/ROS2/install/decision_pkg:/home/robofei/ROS2/install/controller:/opt/ros/foxy /usr/bin/cmake --install /home/robofei/ROS2/build/serial
