[0.356s] DEBUG:colcon:Command line arguments: ['/usr/bin/colcon', 'build']
[0.356s] DEBUG:colcon:Parsed command line arguments: Namespace(ament_cmake_args=None, base_paths=['.'], build_base='build', catkin_cmake_args=None, catkin_skip_building_tests=False, cmake_args=None, cmake_clean_cache=False, cmake_clean_first=False, cmake_force_configure=False, cmake_target=None, cmake_target_skip_unavailable=False, continue_on_error=False, event_handlers=None, executor='parallel', ignore_user_meta=False, install_base='install', log_base=None, log_level=None, main=<bound method BuildVerb.main of <colcon_core.verb.build.BuildVerb object at 0x7f85a54e4490>>, merge_install=False, metas=['./colcon.meta'], packages_above=None, packages_above_and_dependencies=None, packages_above_depth=None, packages_end=None, packages_ignore=None, packages_ignore_regex=None, packages_select=None, packages_select_build_failed=False, packages_select_by_dep=None, packages_select_regex=None, packages_select_test_failures=False, packages_skip=None, packages_skip_build_finished=False, packages_skip_by_dep=None, packages_skip_regex=None, packages_skip_test_passed=False, packages_skip_up_to=None, packages_start=None, packages_up_to=None, packages_up_to_regex=None, parallel_workers=4, paths=None, symlink_install=False, test_result_base=None, verb_extension=<colcon_core.verb.build.BuildVerb object at 0x7f85a54e4490>, verb_name='build', verb_parser=<colcon_defaults.argument_parser.defaults.DefaultArgumentsDecorator object at 0x7f85a54e49d0>)
[0.364s] Level 1:colcon.colcon_core.package_discovery:discover_packages(colcon_meta) check parameters
[0.365s] Level 1:colcon.colcon_core.package_discovery:discover_packages(recursive) check parameters
[0.365s] Level 1:colcon.colcon_core.package_discovery:discover_packages(ignore) check parameters
[0.365s] Level 1:colcon.colcon_core.package_discovery:discover_packages(path) check parameters
[0.365s] Level 1:colcon.colcon_core.package_discovery:discover_packages(colcon_meta) discover
[0.365s] Level 1:colcon.colcon_core.package_discovery:discover_packages(recursive) discover
[0.365s] INFO:colcon.colcon_core.package_discovery:Crawling recursively for packages in '/home/robofei/Downloads/GC'
[0.365s] Level 1:colcon.colcon_core.package_identification:_identify(.) by extensions ['ignore', 'ignore_ament_install']
[0.365s] Level 1:colcon.colcon_core.package_identification:_identify(.) by extension 'ignore'
[0.365s] Level 1:colcon.colcon_core.package_identification:_identify(.) by extension 'ignore_ament_install'
[0.366s] Level 1:colcon.colcon_core.package_identification:_identify(.) by extensions ['colcon_pkg']
[0.366s] Level 1:colcon.colcon_core.package_identification:_identify(.) by extension 'colcon_pkg'
[0.366s] Level 1:colcon.colcon_core.package_identification:_identify(.) by extensions ['colcon_meta']
[0.366s] Level 1:colcon.colcon_core.package_identification:_identify(.) by extension 'colcon_meta'
[0.366s] Level 1:colcon.colcon_core.package_identification:_identify(.) by extensions ['ros']
[0.366s] Level 1:colcon.colcon_core.package_identification:_identify(.) by extension 'ros'
[0.382s] Level 1:colcon.colcon_core.package_identification:_identify(.) by extensions ['cmake', 'python']
[0.383s] Level 1:colcon.colcon_core.package_identification:_identify(.) by extension 'cmake'
[0.383s] Level 1:colcon.colcon_core.package_identification:_identify(.) by extension 'python'
[0.383s] Level 1:colcon.colcon_core.package_identification:_identify(.) by extensions ['python_setup_py']
[0.383s] Level 1:colcon.colcon_core.package_identification:_identify(.) by extension 'python_setup_py'
[0.383s] Level 1:colcon.colcon_core.package_identification:_identify(build) by extensions ['ignore', 'ignore_ament_install']
[0.383s] Level 1:colcon.colcon_core.package_identification:_identify(build) by extension 'ignore'
[0.383s] Level 1:colcon.colcon_core.package_identification:_identify(build) ignored
[0.384s] Level 1:colcon.colcon_core.package_identification:_identify(install) by extensions ['ignore', 'ignore_ament_install']
[0.384s] Level 1:colcon.colcon_core.package_identification:_identify(install) by extension 'ignore'
[0.384s] Level 1:colcon.colcon_core.package_identification:_identify(install) ignored
[0.384s] Level 1:colcon.colcon_core.package_identification:_identify(log) by extensions ['ignore', 'ignore_ament_install']
[0.384s] Level 1:colcon.colcon_core.package_identification:_identify(log) by extension 'ignore'
[0.384s] Level 1:colcon.colcon_core.package_identification:_identify(log) ignored
[0.384s] Level 1:colcon.colcon_core.package_identification:_identify(src) by extensions ['ignore', 'ignore_ament_install']
[0.385s] Level 1:colcon.colcon_core.package_identification:_identify(src) by extension 'ignore'
[0.385s] Level 1:colcon.colcon_core.package_identification:_identify(src) by extension 'ignore_ament_install'
[0.385s] Level 1:colcon.colcon_core.package_identification:_identify(src) by extensions ['colcon_pkg']
[0.385s] Level 1:colcon.colcon_core.package_identification:_identify(src) by extension 'colcon_pkg'
[0.385s] Level 1:colcon.colcon_core.package_identification:_identify(src) by extensions ['colcon_meta']
[0.385s] Level 1:colcon.colcon_core.package_identification:_identify(src) by extension 'colcon_meta'
[0.385s] Level 1:colcon.colcon_core.package_identification:_identify(src) by extensions ['ros']
[0.385s] Level 1:colcon.colcon_core.package_identification:_identify(src) by extension 'ros'
[0.385s] Level 1:colcon.colcon_core.package_identification:_identify(src) by extensions ['cmake', 'python']
[0.385s] Level 1:colcon.colcon_core.package_identification:_identify(src) by extension 'cmake'
[0.385s] Level 1:colcon.colcon_core.package_identification:_identify(src) by extension 'python'
[0.385s] Level 1:colcon.colcon_core.package_identification:_identify(src) by extensions ['python_setup_py']
[0.385s] Level 1:colcon.colcon_core.package_identification:_identify(src) by extension 'python_setup_py'
[0.386s] Level 1:colcon.colcon_core.package_identification:_identify(src/controller) by extensions ['ignore', 'ignore_ament_install']
[0.386s] Level 1:colcon.colcon_core.package_identification:_identify(src/controller) by extension 'ignore'
[0.386s] Level 1:colcon.colcon_core.package_identification:_identify(src/controller) by extension 'ignore_ament_install'
[0.386s] Level 1:colcon.colcon_core.package_identification:_identify(src/controller) by extensions ['colcon_pkg']
[0.386s] Level 1:colcon.colcon_core.package_identification:_identify(src/controller) by extension 'colcon_pkg'
[0.386s] Level 1:colcon.colcon_core.package_identification:_identify(src/controller) by extensions ['colcon_meta']
[0.386s] Level 1:colcon.colcon_core.package_identification:_identify(src/controller) by extension 'colcon_meta'
[0.386s] Level 1:colcon.colcon_core.package_identification:_identify(src/controller) by extensions ['ros']
[0.386s] Level 1:colcon.colcon_core.package_identification:_identify(src/controller) by extension 'ros'
[0.390s] DEBUG:colcon.colcon_core.package_identification:Package 'src/controller' with type 'ros.ament_python' and name 'controller'
[0.390s] Level 1:colcon.colcon_core.package_identification:_identify(src/messages) by extensions ['ignore', 'ignore_ament_install']
[0.390s] Level 1:colcon.colcon_core.package_identification:_identify(src/messages) by extension 'ignore'
[0.390s] Level 1:colcon.colcon_core.package_identification:_identify(src/messages) by extension 'ignore_ament_install'
[0.391s] Level 1:colcon.colcon_core.package_identification:_identify(src/messages) by extensions ['colcon_pkg']
[0.391s] Level 1:colcon.colcon_core.package_identification:_identify(src/messages) by extension 'colcon_pkg'
[0.391s] Level 1:colcon.colcon_core.package_identification:_identify(src/messages) by extensions ['colcon_meta']
[0.391s] Level 1:colcon.colcon_core.package_identification:_identify(src/messages) by extension 'colcon_meta'
[0.391s] Level 1:colcon.colcon_core.package_identification:_identify(src/messages) by extensions ['ros']
[0.391s] Level 1:colcon.colcon_core.package_identification:_identify(src/messages) by extension 'ros'
[0.391s] Level 1:colcon.colcon_core.package_identification:_identify(src/messages) by extensions ['cmake', 'python']
[0.391s] Level 1:colcon.colcon_core.package_identification:_identify(src/messages) by extension 'cmake'
[0.391s] Level 1:colcon.colcon_core.package_identification:_identify(src/messages) by extension 'python'
[0.391s] Level 1:colcon.colcon_core.package_identification:_identify(src/messages) by extensions ['python_setup_py']
[0.391s] Level 1:colcon.colcon_core.package_identification:_identify(src/messages) by extension 'python_setup_py'
[0.391s] Level 1:colcon.colcon_core.package_identification:_identify(src/messages/messages) by extensions ['ignore', 'ignore_ament_install']
[0.392s] Level 1:colcon.colcon_core.package_identification:_identify(src/messages/messages) by extension 'ignore'
[0.392s] Level 1:colcon.colcon_core.package_identification:_identify(src/messages/messages) by extension 'ignore_ament_install'
[0.392s] Level 1:colcon.colcon_core.package_identification:_identify(src/messages/messages) by extensions ['colcon_pkg']
[0.392s] Level 1:colcon.colcon_core.package_identification:_identify(src/messages/messages) by extension 'colcon_pkg'
[0.392s] Level 1:colcon.colcon_core.package_identification:_identify(src/messages/messages) by extensions ['colcon_meta']
[0.392s] Level 1:colcon.colcon_core.package_identification:_identify(src/messages/messages) by extension 'colcon_meta'
[0.392s] Level 1:colcon.colcon_core.package_identification:_identify(src/messages/messages) by extensions ['ros']
[0.392s] Level 1:colcon.colcon_core.package_identification:_identify(src/messages/messages) by extension 'ros'
[0.393s] DEBUG:colcon.colcon_core.package_identification:Package 'src/messages/messages' with type 'ros.ament_cmake' and name 'messages'
[0.393s] Level 1:colcon.colcon_core.package_discovery:discover_packages(recursive) using defaults
[0.393s] Level 1:colcon.colcon_core.package_discovery:discover_packages(ignore) discover
[0.393s] Level 1:colcon.colcon_core.package_discovery:discover_packages(ignore) using defaults
[0.393s] Level 1:colcon.colcon_core.package_discovery:discover_packages(path) discover
[0.394s] Level 1:colcon.colcon_core.package_discovery:discover_packages(path) using defaults
[0.418s] Level 5:colcon.colcon_core.verb:set package 'controller' build argument 'cmake_args' from command line to 'None'
[0.418s] Level 5:colcon.colcon_core.verb:set package 'controller' build argument 'cmake_target' from command line to 'None'
[0.418s] Level 5:colcon.colcon_core.verb:set package 'controller' build argument 'cmake_target_skip_unavailable' from command line to 'False'
[0.418s] Level 5:colcon.colcon_core.verb:set package 'controller' build argument 'cmake_clean_cache' from command line to 'False'
[0.418s] Level 5:colcon.colcon_core.verb:set package 'controller' build argument 'cmake_clean_first' from command line to 'False'
[0.418s] Level 5:colcon.colcon_core.verb:set package 'controller' build argument 'cmake_force_configure' from command line to 'False'
[0.418s] Level 5:colcon.colcon_core.verb:set package 'controller' build argument 'ament_cmake_args' from command line to 'None'
[0.418s] Level 5:colcon.colcon_core.verb:set package 'controller' build argument 'catkin_cmake_args' from command line to 'None'
[0.418s] Level 5:colcon.colcon_core.verb:set package 'controller' build argument 'catkin_skip_building_tests' from command line to 'False'
[0.418s] DEBUG:colcon.colcon_core.verb:Building package 'controller' with the following arguments: {'ament_cmake_args': None, 'build_base': '/home/robofei/Downloads/GC/build/controller', 'catkin_cmake_args': None, 'catkin_skip_building_tests': False, 'cmake_args': None, 'cmake_clean_cache': False, 'cmake_clean_first': False, 'cmake_force_configure': False, 'cmake_target': None, 'cmake_target_skip_unavailable': False, 'install_base': '/home/robofei/Downloads/GC/install/controller', 'merge_install': False, 'path': '/home/robofei/Downloads/GC/src/controller', 'symlink_install': False, 'test_result_base': None}
[0.421s] Level 5:colcon.colcon_core.verb:set package 'messages' build argument 'cmake_args' from command line to 'None'
[0.422s] Level 5:colcon.colcon_core.verb:set package 'messages' build argument 'cmake_target' from command line to 'None'
[0.422s] Level 5:colcon.colcon_core.verb:set package 'messages' build argument 'cmake_target_skip_unavailable' from command line to 'False'
[0.422s] Level 5:colcon.colcon_core.verb:set package 'messages' build argument 'cmake_clean_cache' from command line to 'False'
[0.422s] Level 5:colcon.colcon_core.verb:set package 'messages' build argument 'cmake_clean_first' from command line to 'False'
[0.422s] Level 5:colcon.colcon_core.verb:set package 'messages' build argument 'cmake_force_configure' from command line to 'False'
[0.422s] Level 5:colcon.colcon_core.verb:set package 'messages' build argument 'ament_cmake_args' from command line to 'None'
[0.422s] Level 5:colcon.colcon_core.verb:set package 'messages' build argument 'catkin_cmake_args' from command line to 'None'
[0.422s] Level 5:colcon.colcon_core.verb:set package 'messages' build argument 'catkin_skip_building_tests' from command line to 'False'
[0.422s] DEBUG:colcon.colcon_core.verb:Building package 'messages' with the following arguments: {'ament_cmake_args': None, 'build_base': '/home/robofei/Downloads/GC/build/messages', 'catkin_cmake_args': None, 'catkin_skip_building_tests': False, 'cmake_args': None, 'cmake_clean_cache': False, 'cmake_clean_first': False, 'cmake_force_configure': False, 'cmake_target': None, 'cmake_target_skip_unavailable': False, 'install_base': '/home/robofei/Downloads/GC/install/messages', 'merge_install': False, 'path': '/home/robofei/Downloads/GC/src/messages/messages', 'symlink_install': False, 'test_result_base': None}
[0.423s] INFO:colcon.colcon_core.executor:Executing jobs using 'parallel' executor
[0.426s] DEBUG:colcon.colcon_parallel_executor.executor.parallel:run_until_complete
[0.426s] INFO:colcon.colcon_ros.task.ament_python.build:Building ROS package in '/home/robofei/Downloads/GC/src/controller' with build type 'ament_python'
[0.427s] Level 1:colcon.colcon_core.shell:create_environment_hook('controller', 'ament_prefix_path')
[0.433s] INFO:colcon.colcon_core.plugin_system:Skipping extension 'colcon_core.shell.bat': Not used on non-Windows systems
[0.433s] INFO:colcon.colcon_core.shell:Creating environment hook '/home/robofei/Downloads/GC/install/controller/share/controller/hook/ament_prefix_path.ps1'
[0.434s] INFO:colcon.colcon_core.shell:Creating environment descriptor '/home/robofei/Downloads/GC/install/controller/share/controller/hook/ament_prefix_path.dsv'
[0.434s] INFO:colcon.colcon_core.shell:Creating environment hook '/home/robofei/Downloads/GC/install/controller/share/controller/hook/ament_prefix_path.sh'
[0.436s] INFO:colcon.colcon_core.shell:Skip shell extension 'powershell' for command environment: Not usable outside of PowerShell
[0.436s] DEBUG:colcon.colcon_core.shell:Skip shell extension 'dsv' for command environment
[0.439s] DEBUG:colcon.colcon_core.shell:Ignoring prefix path '/opt/ros/foxy'
[0.443s] INFO:colcon.colcon_ros.task.ament_cmake.build:Building ROS package in '/home/robofei/Downloads/GC/src/messages/messages' with build type 'ament_cmake'
[0.443s] INFO:colcon.colcon_cmake.task.cmake.build:Building CMake package in '/home/robofei/Downloads/GC/src/messages/messages'
[0.445s] INFO:colcon.colcon_core.shell:Skip shell extension 'powershell' for command environment: Not usable outside of PowerShell
[0.445s] DEBUG:colcon.colcon_core.shell:Skip shell extension 'dsv' for command environment
[0.448s] DEBUG:colcon.colcon_core.shell:Ignoring prefix path '/opt/ros/foxy'
[0.752s] INFO:colcon.colcon_core.task.python.build:Building Python package in '/home/robofei/Downloads/GC/src/controller'
[0.754s] INFO:colcon.colcon_core.shell:Skip shell extension 'powershell' for command environment: Not usable outside of PowerShell
[0.755s] DEBUG:colcon.colcon_core.shell:Skip shell extension 'dsv' for command environment
[0.758s] DEBUG:colcon.colcon_core.shell:Ignoring prefix path '/opt/ros/foxy'
[0.768s] DEBUG:colcon.colcon_core.event_handler.log_command:Invoking command in '/home/robofei/Downloads/GC/build/messages': CMAKE_PREFIX_PATH=${CMAKE_PREFIX_PATH}:/home/robofei/Downloads/GC/install/controller:/opt/ros/foxy /usr/bin/cmake --build /home/robofei/Downloads/GC/build/messages -- -j4 -l4
[0.780s] DEBUG:colcon.colcon_core.event_handler.log_command:Invoking command in '/home/robofei/Downloads/GC/src/controller': PYTHONPATH=/home/robofei/Downloads/GC/install/controller/lib/python3.8/site-packages:${PYTHONPATH} /usr/bin/python3 setup.py egg_info --egg-base ../../build/controller build --build-base /home/robofei/Downloads/GC/build/controller/build install --prefix /home/robofei/Downloads/GC/install/controller --record /home/robofei/Downloads/GC/build/controller/install.log --single-version-externally-managed
[1.208s] DEBUG:colcon.colcon_core.event_handler.log_command:Invoked command in '/home/robofei/Downloads/GC/build/messages' returned '0': CMAKE_PREFIX_PATH=${CMAKE_PREFIX_PATH}:/home/robofei/Downloads/GC/install/controller:/opt/ros/foxy /usr/bin/cmake --build /home/robofei/Downloads/GC/build/messages -- -j4 -l4
[1.291s] DEBUG:colcon.colcon_core.event_handler.log_command:Invoked command in '/home/robofei/Downloads/GC/src/controller' returned '0': PYTHONPATH=/home/robofei/Downloads/GC/install/controller/lib/python3.8/site-packages:${PYTHONPATH} /usr/bin/python3 setup.py egg_info --egg-base ../../build/controller build --build-base /home/robofei/Downloads/GC/build/controller/build install --prefix /home/robofei/Downloads/GC/install/controller --record /home/robofei/Downloads/GC/build/controller/install.log --single-version-externally-managed
[1.296s] Level 1:colcon.colcon_core.environment:checking '/home/robofei/Downloads/GC/install/controller' for CMake module files
[1.297s] Level 1:colcon.colcon_core.environment:checking '/home/robofei/Downloads/GC/install/controller' for CMake config files
[1.298s] Level 1:colcon.colcon_core.environment:checking '/home/robofei/Downloads/GC/install/controller/lib'
[1.298s] Level 1:colcon.colcon_core.environment:checking '/home/robofei/Downloads/GC/install/controller/bin'
[1.298s] Level 1:colcon.colcon_core.environment:checking '/home/robofei/Downloads/GC/install/controller/lib/pkgconfig/controller.pc'
[1.299s] Level 1:colcon.colcon_core.environment:checking '/home/robofei/Downloads/GC/install/controller/lib/python3.8/site-packages'
[1.299s] Level 1:colcon.colcon_core.shell:create_environment_hook('controller', 'pythonpath')
[1.300s] INFO:colcon.colcon_core.shell:Creating environment hook '/home/robofei/Downloads/GC/install/controller/share/controller/hook/pythonpath.ps1'
[1.301s] INFO:colcon.colcon_core.shell:Creating environment descriptor '/home/robofei/Downloads/GC/install/controller/share/controller/hook/pythonpath.dsv'
[1.301s] INFO:colcon.colcon_core.shell:Creating environment hook '/home/robofei/Downloads/GC/install/controller/share/controller/hook/pythonpath.sh'
[1.302s] Level 1:colcon.colcon_core.environment:create_environment_scripts_only(controller)
[1.303s] INFO:colcon.colcon_core.shell:Creating package script '/home/robofei/Downloads/GC/install/controller/share/controller/package.ps1'
[1.304s] INFO:colcon.colcon_core.shell:Creating package descriptor '/home/robofei/Downloads/GC/install/controller/share/controller/package.dsv'
[1.305s] INFO:colcon.colcon_core.shell:Creating package script '/home/robofei/Downloads/GC/install/controller/share/controller/package.sh'
[1.306s] INFO:colcon.colcon_core.shell:Creating package script '/home/robofei/Downloads/GC/install/controller/share/controller/package.bash'
[1.307s] INFO:colcon.colcon_core.shell:Creating package script '/home/robofei/Downloads/GC/install/controller/share/controller/package.zsh'
[1.308s] Level 1:colcon.colcon_core.environment:create_file_with_runtime_dependencies(/home/robofei/Downloads/GC/install/controller/share/colcon-core/packages/controller)
[1.324s] DEBUG:colcon.colcon_core.event_handler.log_command:Invoking command in '/home/robofei/Downloads/GC/build/messages': CMAKE_PREFIX_PATH=${CMAKE_PREFIX_PATH}:/home/robofei/Downloads/GC/install/controller:/opt/ros/foxy /usr/bin/cmake --install /home/robofei/Downloads/GC/build/messages
[1.414s] Level 1:colcon.colcon_core.environment:create_environment_scripts_only(messages)
[1.415s] Level 1:colcon.colcon_core.environment:checking '/home/robofei/Downloads/GC/install/messages' for CMake module files
[1.417s] DEBUG:colcon.colcon_core.event_handler.log_command:Invoked command in '/home/robofei/Downloads/GC/build/messages' returned '0': CMAKE_PREFIX_PATH=${CMAKE_PREFIX_PATH}:/home/robofei/Downloads/GC/install/controller:/opt/ros/foxy /usr/bin/cmake --install /home/robofei/Downloads/GC/build/messages
[1.418s] Level 1:colcon.colcon_core.environment:checking '/home/robofei/Downloads/GC/install/messages' for CMake config files
[1.418s] Level 1:colcon.colcon_core.shell:create_environment_hook('messages', 'cmake_prefix_path')
[1.419s] INFO:colcon.colcon_core.shell:Creating environment hook '/home/robofei/Downloads/GC/install/messages/share/messages/hook/cmake_prefix_path.ps1'
[1.420s] INFO:colcon.colcon_core.shell:Creating environment descriptor '/home/robofei/Downloads/GC/install/messages/share/messages/hook/cmake_prefix_path.dsv'
[1.420s] INFO:colcon.colcon_core.shell:Creating environment hook '/home/robofei/Downloads/GC/install/messages/share/messages/hook/cmake_prefix_path.sh'
[1.421s] Level 1:colcon.colcon_core.environment:checking '/home/robofei/Downloads/GC/install/messages/lib'
[1.421s] Level 1:colcon.colcon_core.shell:create_environment_hook('messages', 'ld_library_path_lib')
[1.422s] INFO:colcon.colcon_core.shell:Creating environment hook '/home/robofei/Downloads/GC/install/messages/share/messages/hook/ld_library_path_lib.ps1'
[1.422s] INFO:colcon.colcon_core.shell:Creating environment descriptor '/home/robofei/Downloads/GC/install/messages/share/messages/hook/ld_library_path_lib.dsv'
[1.422s] INFO:colcon.colcon_core.shell:Creating environment hook '/home/robofei/Downloads/GC/install/messages/share/messages/hook/ld_library_path_lib.sh'
[1.423s] Level 1:colcon.colcon_core.environment:checking '/home/robofei/Downloads/GC/install/messages/bin'
[1.423s] Level 1:colcon.colcon_core.environment:checking '/home/robofei/Downloads/GC/install/messages/lib/pkgconfig/messages.pc'
[1.423s] Level 1:colcon.colcon_core.environment:checking '/home/robofei/Downloads/GC/install/messages/lib/python3.8/site-packages'
[1.423s] Level 1:colcon.colcon_core.shell:create_environment_hook('messages', 'pythonpath')
[1.424s] INFO:colcon.colcon_core.shell:Creating environment hook '/home/robofei/Downloads/GC/install/messages/share/messages/hook/pythonpath.ps1'
[1.424s] INFO:colcon.colcon_core.shell:Creating environment descriptor '/home/robofei/Downloads/GC/install/messages/share/messages/hook/pythonpath.dsv'
[1.425s] INFO:colcon.colcon_core.shell:Creating environment hook '/home/robofei/Downloads/GC/install/messages/share/messages/hook/pythonpath.sh'
[1.426s] INFO:colcon.colcon_core.shell:Creating package script '/home/robofei/Downloads/GC/install/messages/share/messages/package.ps1'
[1.427s] INFO:colcon.colcon_core.shell:Creating package descriptor '/home/robofei/Downloads/GC/install/messages/share/messages/package.dsv'
[1.427s] INFO:colcon.colcon_core.shell:Creating package script '/home/robofei/Downloads/GC/install/messages/share/messages/package.sh'
[1.428s] INFO:colcon.colcon_core.shell:Creating package script '/home/robofei/Downloads/GC/install/messages/share/messages/package.bash'
[1.429s] INFO:colcon.colcon_core.shell:Creating package script '/home/robofei/Downloads/GC/install/messages/share/messages/package.zsh'
[1.430s] Level 1:colcon.colcon_core.environment:create_file_with_runtime_dependencies(/home/robofei/Downloads/GC/install/messages/share/colcon-core/packages/messages)
[1.497s] Level 1:colcon.colcon_core.environment:create_environment_scripts_only(messages)
[1.498s] Level 1:colcon.colcon_core.environment:checking '/home/robofei/Downloads/GC/install/messages' for CMake module files
[1.499s] Level 1:colcon.colcon_core.environment:checking '/home/robofei/Downloads/GC/install/messages' for CMake config files
[1.499s] Level 1:colcon.colcon_core.shell:create_environment_hook('messages', 'cmake_prefix_path')
[1.500s] INFO:colcon.colcon_core.shell:Creating environment hook '/home/robofei/Downloads/GC/install/messages/share/messages/hook/cmake_prefix_path.ps1'
[1.501s] INFO:colcon.colcon_core.shell:Creating environment descriptor '/home/robofei/Downloads/GC/install/messages/share/messages/hook/cmake_prefix_path.dsv'
[1.501s] INFO:colcon.colcon_core.shell:Creating environment hook '/home/robofei/Downloads/GC/install/messages/share/messages/hook/cmake_prefix_path.sh'
[1.502s] Level 1:colcon.colcon_core.environment:checking '/home/robofei/Downloads/GC/install/messages/lib'
[1.502s] Level 1:colcon.colcon_core.shell:create_environment_hook('messages', 'ld_library_path_lib')
[1.503s] INFO:colcon.colcon_core.shell:Creating environment hook '/home/robofei/Downloads/GC/install/messages/share/messages/hook/ld_library_path_lib.ps1'
[1.503s] INFO:colcon.colcon_core.shell:Creating environment descriptor '/home/robofei/Downloads/GC/install/messages/share/messages/hook/ld_library_path_lib.dsv'
[1.504s] INFO:colcon.colcon_core.shell:Creating environment hook '/home/robofei/Downloads/GC/install/messages/share/messages/hook/ld_library_path_lib.sh'
[1.504s] Level 1:colcon.colcon_core.environment:checking '/home/robofei/Downloads/GC/install/messages/bin'
[1.505s] Level 1:colcon.colcon_core.environment:checking '/home/robofei/Downloads/GC/install/messages/lib/pkgconfig/messages.pc'
[1.505s] Level 1:colcon.colcon_core.environment:checking '/home/robofei/Downloads/GC/install/messages/lib/python3.8/site-packages'
[1.505s] Level 1:colcon.colcon_core.shell:create_environment_hook('messages', 'pythonpath')
[1.505s] INFO:colcon.colcon_core.shell:Creating environment hook '/home/robofei/Downloads/GC/install/messages/share/messages/hook/pythonpath.ps1'
[1.506s] INFO:colcon.colcon_core.shell:Creating environment descriptor '/home/robofei/Downloads/GC/install/messages/share/messages/hook/pythonpath.dsv'
[1.506s] INFO:colcon.colcon_core.shell:Creating environment hook '/home/robofei/Downloads/GC/install/messages/share/messages/hook/pythonpath.sh'
[1.507s] INFO:colcon.colcon_core.shell:Creating package script '/home/robofei/Downloads/GC/install/messages/share/messages/package.ps1'
[1.508s] INFO:colcon.colcon_core.shell:Creating package descriptor '/home/robofei/Downloads/GC/install/messages/share/messages/package.dsv'
[1.509s] INFO:colcon.colcon_core.shell:Creating package script '/home/robofei/Downloads/GC/install/messages/share/messages/package.sh'
[1.509s] INFO:colcon.colcon_core.shell:Creating package script '/home/robofei/Downloads/GC/install/messages/share/messages/package.bash'
[1.510s] INFO:colcon.colcon_core.shell:Creating package script '/home/robofei/Downloads/GC/install/messages/share/messages/package.zsh'
[1.510s] Level 1:colcon.colcon_core.environment:create_file_with_runtime_dependencies(/home/robofei/Downloads/GC/install/messages/share/colcon-core/packages/messages)
[1.511s] DEBUG:colcon.colcon_parallel_executor.executor.parallel:closing loop
[1.511s] DEBUG:colcon.colcon_parallel_executor.executor.parallel:loop closed
[1.511s] DEBUG:colcon.colcon_parallel_executor.executor.parallel:run_until_complete finished with '0'
[1.512s] DEBUG:colcon.colcon_core.event_reactor:joining thread
[1.519s] INFO:colcon.colcon_core.plugin_system:Skipping extension 'colcon_notification.desktop_notification.terminal_notifier': Not used on non-Darwin systems
[1.519s] INFO:colcon.colcon_core.plugin_system:Skipping extension 'colcon_notification.desktop_notification.win32': Not used on non-Windows systems
[1.520s] INFO:colcon.colcon_notification.desktop_notification:Sending desktop notification using 'notify2'
[1.538s] DEBUG:colcon.colcon_core.event_reactor:joined thread
[1.539s] INFO:colcon.colcon_core.shell:Creating prefix script '/home/robofei/Downloads/GC/install/local_setup.ps1'
[1.540s] INFO:colcon.colcon_core.shell:Creating prefix util module '/home/robofei/Downloads/GC/install/_local_setup_util_ps1.py'
[1.542s] INFO:colcon.colcon_core.shell:Creating prefix chain script '/home/robofei/Downloads/GC/install/setup.ps1'
[1.545s] INFO:colcon.colcon_core.shell:Creating prefix script '/home/robofei/Downloads/GC/install/local_setup.sh'
[1.546s] INFO:colcon.colcon_core.shell:Creating prefix util module '/home/robofei/Downloads/GC/install/_local_setup_util_sh.py'
[1.547s] INFO:colcon.colcon_core.shell:Creating prefix chain script '/home/robofei/Downloads/GC/install/setup.sh'
[1.551s] INFO:colcon.colcon_core.shell:Creating prefix script '/home/robofei/Downloads/GC/install/local_setup.bash'
[1.552s] INFO:colcon.colcon_core.shell:Creating prefix chain script '/home/robofei/Downloads/GC/install/setup.bash'
[1.556s] INFO:colcon.colcon_core.shell:Creating prefix script '/home/robofei/Downloads/GC/install/local_setup.zsh'
[1.557s] INFO:colcon.colcon_core.shell:Creating prefix chain script '/home/robofei/Downloads/GC/install/setup.zsh'
