[2.025s] Invoking command in '/home/robofei/ROS2/build/controller': PYTHONPATH=/home/robofei/ROS2/install/controller/lib/python3.8/site-packages:${PYTHONPATH} /usr/bin/python3 setup.py develop --prefix /home/robofei/ROS2/install/controller --editable --build-directory /home/robofei/ROS2/build/controller/build --no-deps install_data --install-dir /home/robofei/ROS2/install/controller
[2.371s] running develop
[2.516s] running egg_info
[2.516s] creating controller.egg-info
[2.517s] writing controller.egg-info/PKG-INFO
[2.517s] writing dependency_links to controller.egg-info/dependency_links.txt
[2.517s] writing entry points to controller.egg-info/entry_points.txt
[2.517s] writing requirements to controller.egg-info/requires.txt
[2.517s] writing top-level names to controller.egg-info/top_level.txt
[2.518s] writing manifest file 'controller.egg-info/SOURCES.txt'
[2.552s] reading manifest file 'controller.egg-info/SOURCES.txt'
[2.553s] writing manifest file 'controller.egg-info/SOURCES.txt'
[2.554s] running build_ext
[2.555s] Creating /home/robofei/ROS2/install/controller/lib/python3.8/site-packages/site.py
[2.557s] Creating /home/robofei/ROS2/install/controller/lib/python3.8/site-packages/controller.egg-link (link to .)
[2.558s] Installing talker script to /home/robofei/ROS2/install/controller/lib/controller
[2.558s] 
[2.558s] Installed /home/robofei/ROS2/build/controller
[2.558s] running install_data
[2.559s] creating /home/robofei/ROS2/install/controller/share/ament_index
[2.559s] creating /home/robofei/ROS2/install/controller/share/ament_index/resource_index
[2.559s] creating /home/robofei/ROS2/install/controller/share/ament_index/resource_index/packages
[2.559s] copying resource/controller -> /home/robofei/ROS2/install/controller/share/ament_index/resource_index/packages
[2.559s] copying package.xml -> /home/robofei/ROS2/install/controller/share/controller
[2.608s] Invoked command in '/home/robofei/ROS2/build/controller' returned '0': PYTHONPATH=/home/robofei/ROS2/install/controller/lib/python3.8/site-packages:${PYTHONPATH} /usr/bin/python3 setup.py develop --prefix /home/robofei/ROS2/install/controller --editable --build-directory /home/robofei/ROS2/build/controller/build --no-deps install_data --install-dir /home/robofei/ROS2/install/controller
