[0.011s] Invoking command in '/home/robo/ROS2/robotis_ws/build/dynamixel_sdk_examples': CMAKE_PREFIX_PATH=/home/robo/ROS2/robotis_ws/install/dynamixel_sdk_custom_interfaces:/home/robo/ROS2/robotis_ws/install/dynamixel_sdk:/home/robo/ROS2/robotis_ws/install/dynamixel_sdk_examples:/opt/ros/foxy /usr/bin/cmake --build /home/robo/ROS2/robotis_ws/build/dynamixel_sdk_examples -- -j12 -l12
[0.043s] [35m[1mScanning dependencies of target read_write_node[0m
[0.056s] [ 33%] Built target only_one_motor
[0.056s] [ 66%] Built target minimal_pub
[0.065s] [ 83%] [32mBuilding CXX object CMakeFiles/read_write_node.dir/src/read_write_node.cpp.o[0m
[5.085s] [100%] [32m[1mLinking CXX executable read_write_node[0m
[5.313s] [100%] Built target read_write_node
[5.321s] Invoked command in '/home/robo/ROS2/robotis_ws/build/dynamixel_sdk_examples' returned '0': CMAKE_PREFIX_PATH=/home/robo/ROS2/robotis_ws/install/dynamixel_sdk_custom_interfaces:/home/robo/ROS2/robotis_ws/install/dynamixel_sdk:/home/robo/ROS2/robotis_ws/install/dynamixel_sdk_examples:/opt/ros/foxy /usr/bin/cmake --build /home/robo/ROS2/robotis_ws/build/dynamixel_sdk_examples -- -j12 -l12
[5.343s] Invoking command in '/home/robo/ROS2/robotis_ws/build/dynamixel_sdk_examples': CMAKE_PREFIX_PATH=/home/robo/ROS2/robotis_ws/install/dynamixel_sdk_custom_interfaces:/home/robo/ROS2/robotis_ws/install/dynamixel_sdk:/home/robo/ROS2/robotis_ws/install/dynamixel_sdk_examples:/opt/ros/foxy /usr/bin/cmake --install /home/robo/ROS2/robotis_ws/build/dynamixel_sdk_examples
[5.349s] -- Install configuration: ""
[5.350s] -- Execute custom install script
[5.350s] -- Up-to-date symlink: /home/robo/ROS2/robotis_ws/install/dynamixel_sdk_examples/lib/dynamixel_sdk_examples/read_write_node
[5.350s] -- Up-to-date symlink: /home/robo/ROS2/robotis_ws/install/dynamixel_sdk_examples/lib/dynamixel_sdk_examples/only_one_motor
[5.351s] -- Up-to-date symlink: /home/robo/ROS2/robotis_ws/install/dynamixel_sdk_examples/share/dynamixel_sdk_examples//launch/__pycache__/dynamixel_sdk_examples.launch.cpython-38.pyc
[5.351s] -- Up-to-date symlink: /home/robo/ROS2/robotis_ws/install/dynamixel_sdk_examples/share/dynamixel_sdk_examples//launch/dynamixel_sdk_examples.launch.py
[5.351s] -- Up-to-date symlink: /home/robo/ROS2/robotis_ws/install/dynamixel_sdk_examples/share/ament_index/resource_index/package_run_dependencies/dynamixel_sdk_examples
[5.351s] -- Up-to-date symlink: /home/robo/ROS2/robotis_ws/install/dynamixel_sdk_examples/share/ament_index/resource_index/parent_prefix_path/dynamixel_sdk_examples
[5.351s] -- Up-to-date symlink: /home/robo/ROS2/robotis_ws/install/dynamixel_sdk_examples/share/dynamixel_sdk_examples/environment/ament_prefix_path.sh
[5.352s] -- Up-to-date symlink: /home/robo/ROS2/robotis_ws/install/dynamixel_sdk_examples/share/dynamixel_sdk_examples/environment/ament_prefix_path.dsv
[5.352s] -- Up-to-date symlink: /home/robo/ROS2/robotis_ws/install/dynamixel_sdk_examples/share/dynamixel_sdk_examples/environment/path.sh
[5.352s] -- Up-to-date symlink: /home/robo/ROS2/robotis_ws/install/dynamixel_sdk_examples/share/dynamixel_sdk_examples/environment/path.dsv
[5.352s] -- Up-to-date symlink: /home/robo/ROS2/robotis_ws/install/dynamixel_sdk_examples/share/dynamixel_sdk_examples/local_setup.bash
[5.352s] -- Up-to-date symlink: /home/robo/ROS2/robotis_ws/install/dynamixel_sdk_examples/share/dynamixel_sdk_examples/local_setup.sh
[5.353s] -- Up-to-date symlink: /home/robo/ROS2/robotis_ws/install/dynamixel_sdk_examples/share/dynamixel_sdk_examples/local_setup.zsh
[5.353s] -- Up-to-date symlink: /home/robo/ROS2/robotis_ws/install/dynamixel_sdk_examples/share/dynamixel_sdk_examples/local_setup.dsv
[5.353s] -- Symlinking: /home/robo/ROS2/robotis_ws/install/dynamixel_sdk_examples/share/dynamixel_sdk_examples/package.dsv
[5.360s] -- Up-to-date symlink: /home/robo/ROS2/robotis_ws/install/dynamixel_sdk_examples/share/ament_index/resource_index/packages/dynamixel_sdk_examples
[5.360s] -- Up-to-date symlink: /home/robo/ROS2/robotis_ws/install/dynamixel_sdk_examples/share/dynamixel_sdk_examples/cmake/dynamixel_sdk_examplesConfig.cmake
[5.360s] -- Up-to-date symlink: /home/robo/ROS2/robotis_ws/install/dynamixel_sdk_examples/share/dynamixel_sdk_examples/cmake/dynamixel_sdk_examplesConfig-version.cmake
[5.361s] -- Up-to-date symlink: /home/robo/ROS2/robotis_ws/install/dynamixel_sdk_examples/share/dynamixel_sdk_examples/package.xml
[5.364s] Invoked command in '/home/robo/ROS2/robotis_ws/build/dynamixel_sdk_examples' returned '0': CMAKE_PREFIX_PATH=/home/robo/ROS2/robotis_ws/install/dynamixel_sdk_custom_interfaces:/home/robo/ROS2/robotis_ws/install/dynamixel_sdk:/home/robo/ROS2/robotis_ws/install/dynamixel_sdk_examples:/opt/ros/foxy /usr/bin/cmake --install /home/robo/ROS2/robotis_ws/build/dynamixel_sdk_examples
