[0.656s] Invoking command in '/home/robofei/Downloads/GC/src/controller': PYTHONPATH=/home/robofei/Downloads/GC/install/controller/lib/python3.8/site-packages:${PYTHONPATH} /usr/bin/python3 setup.py egg_info --egg-base ../../build/controller build --build-base /home/robofei/Downloads/GC/build/controller/build install --prefix /home/robofei/Downloads/GC/install/controller --record /home/robofei/Downloads/GC/build/controller/install.log --single-version-externally-managed
[1.293s] running egg_info
[1.294s] writing ../../build/controller/controller.egg-info/PKG-INFO
[1.294s] writing dependency_links to ../../build/controller/controller.egg-info/dependency_links.txt
[1.295s] writing entry points to ../../build/controller/controller.egg-info/entry_points.txt
[1.296s] writing requirements to ../../build/controller/controller.egg-info/requires.txt
[1.296s] writing top-level names to ../../build/controller/controller.egg-info/top_level.txt
[1.379s] reading manifest file '../../build/controller/controller.egg-info/SOURCES.txt'
[1.380s] writing manifest file '../../build/controller/controller.egg-info/SOURCES.txt'
[1.380s] running build
[1.380s] running build_py
[1.381s] running install
[1.382s] running install_lib
[1.392s] running install_data
[1.392s] running install_egg_info
[1.393s] removing '/home/robofei/Downloads/GC/install/controller/lib/python3.8/site-packages/controller-0.0.0-py3.8.egg-info' (and everything under it)
[1.393s] Copying ../../build/controller/controller.egg-info to /home/robofei/Downloads/GC/install/controller/lib/python3.8/site-packages/controller-0.0.0-py3.8.egg-info
[1.393s] running install_scripts
[1.431s] Installing talker script to /home/robofei/Downloads/GC/install/controller/lib/controller
[1.432s] writing list of installed files to '/home/robofei/Downloads/GC/build/controller/install.log'
[1.513s] Invoked command in '/home/robofei/Downloads/GC/src/controller' returned '0': PYTHONPATH=/home/robofei/Downloads/GC/install/controller/lib/python3.8/site-packages:${PYTHONPATH} /usr/bin/python3 setup.py egg_info --egg-base ../../build/controller build --build-base /home/robofei/Downloads/GC/build/controller/build install --prefix /home/robofei/Downloads/GC/install/controller --record /home/robofei/Downloads/GC/build/controller/install.log --single-version-externally-managed
