[0.068s] Invoking command in '/home/robofei/ROS2/action/build/custom_interfaces': CMAKE_PREFIX_PATH=/opt/ros/foxy /usr/bin/cmake --build /home/robofei/ROS2/action/build/custom_interfaces -- -j4 -l4
[0.233s] [  2%] Built target custom_interfaces__cpp
[0.238s] [ 12%] Built target custom_interfaces__rosidl_generator_c
[0.264s] [ 23%] Built target custom_interfaces__rosidl_typesupport_cpp
[0.296s] [ 34%] Built target custom_interfaces__rosidl_typesupport_introspection_cpp
[0.297s] [ 51%] Built target custom_interfaces__rosidl_typesupport_c
[0.297s] [ 55%] Built target custom_interfaces__rosidl_typesupport_introspection_c
[0.303s] [ 65%] Built target custom_interfaces__rosidl_typesupport_fastrtps_cpp
[0.351s] [ 76%] Built target custom_interfaces__rosidl_typesupport_fastrtps_c
[0.379s] [ 76%] Built target custom_interfaces
[0.425s] [ 78%] Built target custom_interfaces__py
[0.502s] [ 87%] Built target custom_interfaces__python
[0.564s] [ 91%] Built target custom_interfaces__rosidl_typesupport_c__pyext
[0.564s] [ 95%] Built target custom_interfaces__rosidl_typesupport_fastrtps_c__pyext
[0.578s] [100%] Built target custom_interfaces__rosidl_typesupport_introspection_c__pyext
[0.590s] Invoked command in '/home/robofei/ROS2/action/build/custom_interfaces' returned '0': CMAKE_PREFIX_PATH=/opt/ros/foxy /usr/bin/cmake --build /home/robofei/ROS2/action/build/custom_interfaces -- -j4 -l4
[0.682s] Invoking command in '/home/robofei/ROS2/action/build/custom_interfaces': CMAKE_PREFIX_PATH=/opt/ros/foxy /usr/bin/cmake --install /home/robofei/ROS2/action/build/custom_interfaces
[0.702s] -- Install configuration: ""
[0.717s] -- Execute custom install script
[0.731s] -- Up-to-date symlink: /home/robofei/ROS2/action/install/custom_interfaces/share/ament_index/resource_index/rosidl_interfaces/custom_interfaces
[0.739s] -- Up-to-date symlink: /home/robofei/ROS2/action/install/custom_interfaces/include/custom_interfaces/msg/decision.h
[0.741s] -- Up-to-date symlink: /home/robofei/ROS2/action/install/custom_interfaces/include/custom_interfaces/msg/detail/decision__functions.h
[0.750s] -- Up-to-date symlink: /home/robofei/ROS2/action/install/custom_interfaces/include/custom_interfaces/msg/detail/decision__struct.h
[0.752s] -- Up-to-date symlink: /home/robofei/ROS2/action/install/custom_interfaces/include/custom_interfaces/msg/detail/decision__type_support.h
[0.754s] -- Up-to-date symlink: /home/robofei/ROS2/action/install/custom_interfaces/include/custom_interfaces/msg/detail/set_position__functions.h
[0.756s] -- Up-to-date symlink: /home/robofei/ROS2/action/install/custom_interfaces/include/custom_interfaces/msg/detail/set_position__struct.h
[0.757s] -- Up-to-date symlink: /home/robofei/ROS2/action/install/custom_interfaces/include/custom_interfaces/msg/detail/set_position__type_support.h
[0.759s] -- Up-to-date symlink: /home/robofei/ROS2/action/install/custom_interfaces/include/custom_interfaces/msg/detail/set_position_sync__functions.h
[0.762s] -- Up-to-date symlink: /home/robofei/ROS2/action/install/custom_interfaces/include/custom_interfaces/msg/detail/set_position_sync__struct.h
[0.763s] -- Up-to-date symlink: /home/robofei/ROS2/action/install/custom_interfaces/include/custom_interfaces/msg/detail/set_position_sync__type_support.h
[0.764s] -- Up-to-date symlink: /home/robofei/ROS2/action/install/custom_interfaces/include/custom_interfaces/msg/rosidl_generator_c__visibility_control.h
[0.766s] -- Up-to-date symlink: /home/robofei/ROS2/action/install/custom_interfaces/include/custom_interfaces/msg/set_position.h
[0.767s] -- Up-to-date symlink: /home/robofei/ROS2/action/install/custom_interfaces/include/custom_interfaces/msg/set_position_sync.h
[0.769s] -- Up-to-date symlink: /home/robofei/ROS2/action/install/custom_interfaces/include/custom_interfaces/srv/detail/get_position__functions.h
[0.772s] -- Up-to-date symlink: /home/robofei/ROS2/action/install/custom_interfaces/include/custom_interfaces/srv/detail/get_position__struct.h
[0.773s] -- Up-to-date symlink: /home/robofei/ROS2/action/install/custom_interfaces/include/custom_interfaces/srv/detail/get_position__type_support.h
[0.774s] -- Up-to-date symlink: /home/robofei/ROS2/action/install/custom_interfaces/include/custom_interfaces/srv/get_position.h
[0.775s] -- Up-to-date symlink: /home/robofei/ROS2/action/install/custom_interfaces/share/custom_interfaces/environment/library_path.sh
[0.776s] -- Up-to-date symlink: /home/robofei/ROS2/action/install/custom_interfaces/share/custom_interfaces/environment/library_path.dsv
[0.783s] -- Up-to-date symlink: /home/robofei/ROS2/action/install/custom_interfaces/include/custom_interfaces/msg/detail/decision__rosidl_typesupport_fastrtps_c.h
[0.784s] -- Up-to-date symlink: /home/robofei/ROS2/action/install/custom_interfaces/include/custom_interfaces/msg/detail/set_position__rosidl_typesupport_fastrtps_c.h
[0.785s] -- Up-to-date symlink: /home/robofei/ROS2/action/install/custom_interfaces/include/custom_interfaces/msg/detail/set_position_sync__rosidl_typesupport_fastrtps_c.h
[0.786s] -- Up-to-date symlink: /home/robofei/ROS2/action/install/custom_interfaces/include/custom_interfaces/msg/rosidl_typesupport_fastrtps_c__visibility_control.h
[0.787s] -- Up-to-date symlink: /home/robofei/ROS2/action/install/custom_interfaces/include/custom_interfaces/srv/detail/get_position__rosidl_typesupport_fastrtps_c.h
[0.802s] -- Up-to-date symlink: /home/robofei/ROS2/action/install/custom_interfaces/lib/libcustom_interfaces__rosidl_typesupport_fastrtps_c.so
[0.804s] -- Up-to-date symlink: /home/robofei/ROS2/action/install/custom_interfaces/include/custom_interfaces/msg/detail/decision__rosidl_typesupport_fastrtps_cpp.hpp
[0.804s] -- Up-to-date symlink: /home/robofei/ROS2/action/install/custom_interfaces/include/custom_interfaces/msg/detail/set_position__rosidl_typesupport_fastrtps_cpp.hpp
[0.805s] -- Up-to-date symlink: /home/robofei/ROS2/action/install/custom_interfaces/include/custom_interfaces/msg/detail/set_position_sync__rosidl_typesupport_fastrtps_cpp.hpp
[0.806s] -- Up-to-date symlink: /home/robofei/ROS2/action/install/custom_interfaces/include/custom_interfaces/msg/rosidl_typesupport_fastrtps_cpp__visibility_control.h
[0.807s] -- Up-to-date symlink: /home/robofei/ROS2/action/install/custom_interfaces/include/custom_interfaces/srv/detail/get_position__rosidl_typesupport_fastrtps_cpp.hpp
[0.812s] -- Up-to-date symlink: /home/robofei/ROS2/action/install/custom_interfaces/lib/libcustom_interfaces__rosidl_typesupport_fastrtps_cpp.so
[0.826s] -- Up-to-date symlink: /home/robofei/ROS2/action/install/custom_interfaces/include/custom_interfaces/msg/detail/decision__rosidl_typesupport_introspection_c.h
[0.829s] -- Up-to-date symlink: /home/robofei/ROS2/action/install/custom_interfaces/include/custom_interfaces/msg/detail/set_position__rosidl_typesupport_introspection_c.h
[0.831s] -- Up-to-date symlink: /home/robofei/ROS2/action/install/custom_interfaces/include/custom_interfaces/msg/detail/set_position_sync__rosidl_typesupport_introspection_c.h
[0.833s] -- Up-to-date symlink: /home/robofei/ROS2/action/install/custom_interfaces/include/custom_interfaces/msg/rosidl_typesupport_introspection_c__visibility_control.h
[0.835s] -- Up-to-date symlink: /home/robofei/ROS2/action/install/custom_interfaces/include/custom_interfaces/srv/detail/get_position__rosidl_typesupport_introspection_c.h
[0.840s] -- Up-to-date symlink: /home/robofei/ROS2/action/install/custom_interfaces/include/custom_interfaces/msg/decision.hpp
[0.842s] -- Up-to-date symlink: /home/robofei/ROS2/action/install/custom_interfaces/include/custom_interfaces/msg/detail/decision__builder.hpp
[0.844s] -- Up-to-date symlink: /home/robofei/ROS2/action/install/custom_interfaces/include/custom_interfaces/msg/detail/decision__struct.hpp
[0.846s] -- Up-to-date symlink: /home/robofei/ROS2/action/install/custom_interfaces/include/custom_interfaces/msg/detail/decision__traits.hpp
[0.847s] -- Up-to-date symlink: /home/robofei/ROS2/action/install/custom_interfaces/include/custom_interfaces/msg/detail/set_position__builder.hpp
[0.848s] -- Up-to-date symlink: /home/robofei/ROS2/action/install/custom_interfaces/include/custom_interfaces/msg/detail/set_position__struct.hpp
[0.849s] -- Up-to-date symlink: /home/robofei/ROS2/action/install/custom_interfaces/include/custom_interfaces/msg/detail/set_position__traits.hpp
[0.850s] -- Up-to-date symlink: /home/robofei/ROS2/action/install/custom_interfaces/include/custom_interfaces/msg/detail/set_position_sync__builder.hpp
[0.851s] -- Up-to-date symlink: /home/robofei/ROS2/action/install/custom_interfaces/include/custom_interfaces/msg/detail/set_position_sync__struct.hpp
[0.852s] -- Up-to-date symlink: /home/robofei/ROS2/action/install/custom_interfaces/include/custom_interfaces/msg/detail/set_position_sync__traits.hpp
[0.852s] -- Up-to-date symlink: /home/robofei/ROS2/action/install/custom_interfaces/include/custom_interfaces/msg/set_position.hpp
[0.853s] -- Up-to-date symlink: /home/robofei/ROS2/action/install/custom_interfaces/include/custom_interfaces/msg/set_position_sync.hpp
[0.853s] -- Up-to-date symlink: /home/robofei/ROS2/action/install/custom_interfaces/include/custom_interfaces/srv/detail/get_position__builder.hpp
[0.854s] -- Up-to-date symlink: /home/robofei/ROS2/action/install/custom_interfaces/include/custom_interfaces/srv/detail/get_position__struct.hpp
[0.855s] -- Up-to-date symlink: /home/robofei/ROS2/action/install/custom_interfaces/include/custom_interfaces/srv/detail/get_position__traits.hpp
[0.855s] -- Up-to-date symlink: /home/robofei/ROS2/action/install/custom_interfaces/include/custom_interfaces/srv/get_position.hpp
[0.857s] -- Up-to-date symlink: /home/robofei/ROS2/action/install/custom_interfaces/include/custom_interfaces/msg/detail/decision__rosidl_typesupport_introspection_cpp.hpp
[0.857s] -- Up-to-date symlink: /home/robofei/ROS2/action/install/custom_interfaces/include/custom_interfaces/msg/detail/set_position__rosidl_typesupport_introspection_cpp.hpp
[0.858s] -- Up-to-date symlink: /home/robofei/ROS2/action/install/custom_interfaces/include/custom_interfaces/msg/detail/set_position_sync__rosidl_typesupport_introspection_cpp.hpp
[0.858s] -- Up-to-date symlink: /home/robofei/ROS2/action/install/custom_interfaces/include/custom_interfaces/srv/detail/get_position__rosidl_typesupport_introspection_cpp.hpp
[0.859s] -- Up-to-date symlink: /home/robofei/ROS2/action/install/custom_interfaces/share/custom_interfaces/environment/pythonpath.sh
[0.859s] -- Up-to-date symlink: /home/robofei/ROS2/action/install/custom_interfaces/share/custom_interfaces/environment/pythonpath.dsv
[0.860s] -- Up-to-date symlink: /home/robofei/ROS2/action/install/custom_interfaces/lib/python3.8/site-packages/custom_interfaces/__init__.py
[0.861s] -- Up-to-date symlink: /home/robofei/ROS2/action/install/custom_interfaces/lib/python3.8/site-packages/custom_interfaces/msg/__init__.py
[0.862s] -- Up-to-date symlink: /home/robofei/ROS2/action/install/custom_interfaces/lib/python3.8/site-packages/custom_interfaces/msg/_decision.py
[0.862s] -- Up-to-date symlink: /home/robofei/ROS2/action/install/custom_interfaces/lib/python3.8/site-packages/custom_interfaces/msg/_set_position.py
[0.863s] -- Up-to-date symlink: /home/robofei/ROS2/action/install/custom_interfaces/lib/python3.8/site-packages/custom_interfaces/msg/_set_position_sync.py
[0.863s] -- Up-to-date symlink: /home/robofei/ROS2/action/install/custom_interfaces/lib/python3.8/site-packages/custom_interfaces/srv/__init__.py
[0.864s] -- Up-to-date symlink: /home/robofei/ROS2/action/install/custom_interfaces/lib/python3.8/site-packages/custom_interfaces/srv/_get_position.py
[0.879s] -- Up-to-date symlink: /home/robofei/ROS2/action/install/custom_interfaces/lib/python3.8/site-packages/custom_interfaces/custom_interfaces_s__rosidl_typesupport_fastrtps_c.cpython-38-x86_64-linux-gnu.so
[0.882s] -- Up-to-date symlink: /home/robofei/ROS2/action/install/custom_interfaces/lib/python3.8/site-packages/custom_interfaces/custom_interfaces_s__rosidl_typesupport_introspection_c.cpython-38-x86_64-linux-gnu.so
[0.885s] -- Up-to-date symlink: /home/robofei/ROS2/action/install/custom_interfaces/lib/python3.8/site-packages/custom_interfaces/custom_interfaces_s__rosidl_typesupport_c.cpython-38-x86_64-linux-gnu.so
[0.887s] -- Up-to-date symlink: /home/robofei/ROS2/action/install/custom_interfaces/lib/libcustom_interfaces__python.so
[0.888s] -- Up-to-date symlink: /home/robofei/ROS2/action/install/custom_interfaces/share/custom_interfaces/msg/SetPosition.idl
[0.889s] -- Up-to-date symlink: /home/robofei/ROS2/action/install/custom_interfaces/share/custom_interfaces/msg/Decision.idl
[0.890s] -- Up-to-date symlink: /home/robofei/ROS2/action/install/custom_interfaces/share/custom_interfaces/srv/GetPosition.idl
[0.891s] -- Up-to-date symlink: /home/robofei/ROS2/action/install/custom_interfaces/share/custom_interfaces/msg/SetPosition.msg
[0.892s] -- Up-to-date symlink: /home/robofei/ROS2/action/install/custom_interfaces/share/custom_interfaces/msg/Decision.msg
[0.893s] -- Up-to-date symlink: /home/robofei/ROS2/action/install/custom_interfaces/share/custom_interfaces/srv/GetPosition.srv
[0.893s] -- Up-to-date symlink: /home/robofei/ROS2/action/install/custom_interfaces/share/custom_interfaces/srv/GetPosition_Request.msg
[0.894s] -- Up-to-date symlink: /home/robofei/ROS2/action/install/custom_interfaces/share/custom_interfaces/srv/GetPosition_Response.msg
[0.895s] -- Up-to-date symlink: /home/robofei/ROS2/action/install/custom_interfaces/share/ament_index/resource_index/package_run_dependencies/custom_interfaces
[0.896s] -- Up-to-date symlink: /home/robofei/ROS2/action/install/custom_interfaces/share/ament_index/resource_index/parent_prefix_path/custom_interfaces
[0.897s] -- Up-to-date symlink: /home/robofei/ROS2/action/install/custom_interfaces/share/custom_interfaces/environment/ament_prefix_path.sh
[0.897s] -- Up-to-date symlink: /home/robofei/ROS2/action/install/custom_interfaces/share/custom_interfaces/environment/ament_prefix_path.dsv
[0.898s] -- Up-to-date symlink: /home/robofei/ROS2/action/install/custom_interfaces/share/custom_interfaces/environment/path.sh
[0.899s] -- Up-to-date symlink: /home/robofei/ROS2/action/install/custom_interfaces/share/custom_interfaces/environment/path.dsv
[0.899s] -- Up-to-date symlink: /home/robofei/ROS2/action/install/custom_interfaces/share/custom_interfaces/local_setup.bash
[0.900s] -- Up-to-date symlink: /home/robofei/ROS2/action/install/custom_interfaces/share/custom_interfaces/local_setup.sh
[0.901s] -- Up-to-date symlink: /home/robofei/ROS2/action/install/custom_interfaces/share/custom_interfaces/local_setup.zsh
[0.901s] -- Up-to-date symlink: /home/robofei/ROS2/action/install/custom_interfaces/share/custom_interfaces/local_setup.dsv
[0.902s] -- Symlinking: /home/robofei/ROS2/action/install/custom_interfaces/share/custom_interfaces/package.dsv
[0.912s] -- Up-to-date symlink: /home/robofei/ROS2/action/install/custom_interfaces/share/ament_index/resource_index/packages/custom_interfaces
[0.913s] -- Up-to-date symlink: /home/robofei/ROS2/action/install/custom_interfaces/share/custom_interfaces/cmake/rosidl_cmake-extras.cmake
[0.913s] -- Up-to-date symlink: /home/robofei/ROS2/action/install/custom_interfaces/share/custom_interfaces/cmake/ament_cmake_export_dependencies-extras.cmake
[0.914s] -- Up-to-date symlink: /home/robofei/ROS2/action/install/custom_interfaces/share/custom_interfaces/cmake/ament_cmake_export_libraries-extras.cmake
[0.914s] -- Up-to-date symlink: /home/robofei/ROS2/action/install/custom_interfaces/share/custom_interfaces/cmake/ament_cmake_export_targets-extras.cmake
[0.915s] -- Up-to-date symlink: /home/robofei/ROS2/action/install/custom_interfaces/share/custom_interfaces/cmake/ament_cmake_export_include_directories-extras.cmake
[0.915s] -- Up-to-date symlink: /home/robofei/ROS2/action/install/custom_interfaces/share/custom_interfaces/cmake/rosidl_cmake_export_typesupport_libraries-extras.cmake
[0.916s] -- Up-to-date symlink: /home/robofei/ROS2/action/install/custom_interfaces/share/custom_interfaces/cmake/rosidl_cmake_export_typesupport_targets-extras.cmake
[0.916s] -- Up-to-date symlink: /home/robofei/ROS2/action/install/custom_interfaces/share/custom_interfaces/cmake/custom_interfacesConfig.cmake
[0.917s] -- Up-to-date symlink: /home/robofei/ROS2/action/install/custom_interfaces/share/custom_interfaces/cmake/custom_interfacesConfig-version.cmake
[0.917s] -- Up-to-date symlink: /home/robofei/ROS2/action/install/custom_interfaces/share/custom_interfaces/package.xml
[0.934s] -- Up-to-date: /home/robofei/ROS2/action/install/custom_interfaces/lib/libcustom_interfaces__rosidl_generator_c.so
[0.944s] -- Up-to-date: /home/robofei/ROS2/action/install/custom_interfaces/lib/libcustom_interfaces__rosidl_typesupport_introspection_c.so
[0.947s] -- Up-to-date: /home/robofei/ROS2/action/install/custom_interfaces/lib/libcustom_interfaces__rosidl_typesupport_c.so
[0.951s] -- Up-to-date: /home/robofei/ROS2/action/install/custom_interfaces/lib/libcustom_interfaces__rosidl_typesupport_introspection_cpp.so
[0.954s] -- Up-to-date: /home/robofei/ROS2/action/install/custom_interfaces/lib/libcustom_interfaces__rosidl_typesupport_cpp.so
[1.044s] -- Up-to-date: /home/robofei/ROS2/action/install/custom_interfaces/share/custom_interfaces/cmake/custom_interfaces__rosidl_generator_cExport.cmake
[1.045s] -- Up-to-date: /home/robofei/ROS2/action/install/custom_interfaces/share/custom_interfaces/cmake/custom_interfaces__rosidl_generator_cExport-noconfig.cmake
[1.046s] -- Up-to-date: /home/robofei/ROS2/action/install/custom_interfaces/share/custom_interfaces/cmake/custom_interfaces__rosidl_typesupport_introspection_cExport.cmake
[1.048s] -- Up-to-date: /home/robofei/ROS2/action/install/custom_interfaces/share/custom_interfaces/cmake/custom_interfaces__rosidl_typesupport_introspection_cExport-noconfig.cmake
[1.049s] -- Up-to-date: /home/robofei/ROS2/action/install/custom_interfaces/share/custom_interfaces/cmake/custom_interfaces__rosidl_typesupport_cExport.cmake
[1.050s] -- Up-to-date: /home/robofei/ROS2/action/install/custom_interfaces/share/custom_interfaces/cmake/custom_interfaces__rosidl_typesupport_cExport-noconfig.cmake
[1.051s] -- Up-to-date: /home/robofei/ROS2/action/install/custom_interfaces/share/custom_interfaces/cmake/custom_interfaces__rosidl_generator_cppExport.cmake
[1.053s] -- Up-to-date: /home/robofei/ROS2/action/install/custom_interfaces/share/custom_interfaces/cmake/custom_interfaces__rosidl_typesupport_introspection_cppExport.cmake
[1.054s] -- Up-to-date: /home/robofei/ROS2/action/install/custom_interfaces/share/custom_interfaces/cmake/custom_interfaces__rosidl_typesupport_introspection_cppExport-noconfig.cmake
[1.056s] -- Up-to-date: /home/robofei/ROS2/action/install/custom_interfaces/share/custom_interfaces/cmake/custom_interfaces__rosidl_typesupport_cppExport.cmake
[1.057s] -- Up-to-date: /home/robofei/ROS2/action/install/custom_interfaces/share/custom_interfaces/cmake/custom_interfaces__rosidl_typesupport_cppExport-noconfig.cmake
[1.084s] Invoked command in '/home/robofei/ROS2/action/build/custom_interfaces' returned '0': CMAKE_PREFIX_PATH=/opt/ros/foxy /usr/bin/cmake --install /home/robofei/ROS2/action/build/custom_interfaces
