[0.670s] Invoking command in '/home/robofei/Downloads/GC/src/controller': PYTHONPATH=/home/robofei/Downloads/GC/install/controller/lib/python3.8/site-packages:${PYTHONPATH} /usr/bin/python3 setup.py egg_info --egg-base ../../build/controller build --build-base /home/robofei/Downloads/GC/build/controller/build install --prefix /home/robofei/Downloads/GC/install/controller --record /home/robofei/Downloads/GC/build/controller/install.log --single-version-externally-managed
[1.555s] running egg_info
[1.558s] writing ../../build/controller/controller.egg-info/PKG-INFO
[1.560s] writing dependency_links to ../../build/controller/controller.egg-info/dependency_links.txt
[1.561s] writing entry points to ../../build/controller/controller.egg-info/entry_points.txt
[1.561s] writing requirements to ../../build/controller/controller.egg-info/requires.txt
[1.563s] writing top-level names to ../../build/controller/controller.egg-info/top_level.txt
[1.779s] reading manifest file '../../build/controller/controller.egg-info/SOURCES.txt'
[1.781s] writing manifest file '../../build/controller/controller.egg-info/SOURCES.txt'
[1.782s] running build
[1.782s] running build_py
[1.783s] running install
[1.785s] running install_lib
[1.788s] running install_data
[1.790s] running install_egg_info
[1.798s] removing '/home/robofei/Downloads/GC/install/controller/lib/python3.8/site-packages/controller-0.0.0-py3.8.egg-info' (and everything under it)
[1.800s] Copying ../../build/controller/controller.egg-info to /home/robofei/Downloads/GC/install/controller/lib/python3.8/site-packages/controller-0.0.0-py3.8.egg-info
[1.802s] running install_scripts
[1.858s] Installing talker script to /home/robofei/Downloads/GC/install/controller/lib/controller
[1.860s] writing list of installed files to '/home/robofei/Downloads/GC/build/controller/install.log'
[2.006s] Invoked command in '/home/robofei/Downloads/GC/src/controller' returned '0': PYTHONPATH=/home/robofei/Downloads/GC/install/controller/lib/python3.8/site-packages:${PYTHONPATH} /usr/bin/python3 setup.py egg_info --egg-base ../../build/controller build --build-base /home/robofei/Downloads/GC/build/controller/build install --prefix /home/robofei/Downloads/GC/install/controller --record /home/robofei/Downloads/GC/build/controller/install.log --single-version-externally-managed
