[1.038s] Invoking command in '/home/robofei/Downloads/GC/src/controller': PYTHONPATH=/home/robofei/Downloads/GC/install/controller/lib/python3.8/site-packages:${PYTHONPATH} /usr/bin/python3 setup.py egg_info --egg-base ../../build/controller build --build-base /home/robofei/Downloads/GC/build/controller/build install --prefix /home/robofei/Downloads/GC/install/controller --record /home/robofei/Downloads/GC/build/controller/install.log --single-version-externally-managed
[2.024s] running egg_info
[2.025s] writing ../../build/controller/controller.egg-info/PKG-INFO
[2.025s] writing dependency_links to ../../build/controller/controller.egg-info/dependency_links.txt
[2.026s] writing entry points to ../../build/controller/controller.egg-info/entry_points.txt
[2.026s] writing requirements to ../../build/controller/controller.egg-info/requires.txt
[2.026s] writing top-level names to ../../build/controller/controller.egg-info/top_level.txt
[2.125s] reading manifest file '../../build/controller/controller.egg-info/SOURCES.txt'
[2.127s] writing manifest file '../../build/controller/controller.egg-info/SOURCES.txt'
[2.127s] running build
[2.127s] running build_py
[2.128s] copying controller/receiver.py -> /home/robofei/Downloads/GC/build/controller/build/lib/controller
[2.128s] running install
[2.130s] running install_lib
[2.132s] copying /home/robofei/Downloads/GC/build/controller/build/lib/controller/receiver.py -> /home/robofei/Downloads/GC/install/controller/lib/python3.8/site-packages/controller
[2.135s] byte-compiling /home/robofei/Downloads/GC/install/controller/lib/python3.8/site-packages/controller/receiver.py to receiver.cpython-38.pyc
[2.138s] running install_data
[2.140s] running install_egg_info
[2.143s] removing '/home/robofei/Downloads/GC/install/controller/lib/python3.8/site-packages/controller-0.0.0-py3.8.egg-info' (and everything under it)
[2.144s] Copying ../../build/controller/controller.egg-info to /home/robofei/Downloads/GC/install/controller/lib/python3.8/site-packages/controller-0.0.0-py3.8.egg-info
[2.145s] running install_scripts
[2.184s] Installing talker script to /home/robofei/Downloads/GC/install/controller/lib/controller
[2.185s] writing list of installed files to '/home/robofei/Downloads/GC/build/controller/install.log'
[2.233s] Invoked command in '/home/robofei/Downloads/GC/src/controller' returned '0': PYTHONPATH=/home/robofei/Downloads/GC/install/controller/lib/python3.8/site-packages:${PYTHONPATH} /usr/bin/python3 setup.py egg_info --egg-base ../../build/controller build --build-base /home/robofei/Downloads/GC/build/controller/build install --prefix /home/robofei/Downloads/GC/install/controller --record /home/robofei/Downloads/GC/build/controller/install.log --single-version-externally-managed
