[0.353s] Invoking command in '/home/robofei/Downloads/GC/src/controller': PYTHONPATH=/home/robofei/Downloads/GC/install/controller/lib/python3.8/site-packages:${PYTHONPATH} /usr/bin/python3 setup.py egg_info --egg-base ../../build/controller build --build-base /home/robofei/Downloads/GC/build/controller/build install --prefix /home/robofei/Downloads/GC/install/controller --record /home/robofei/Downloads/GC/build/controller/install.log --single-version-externally-managed
[0.797s] running egg_info
[0.798s] writing ../../build/controller/controller.egg-info/PKG-INFO
[0.799s] writing dependency_links to ../../build/controller/controller.egg-info/dependency_links.txt
[0.799s] writing entry points to ../../build/controller/controller.egg-info/entry_points.txt
[0.799s] writing requirements to ../../build/controller/controller.egg-info/requires.txt
[0.800s] writing top-level names to ../../build/controller/controller.egg-info/top_level.txt
[0.931s] reading manifest file '../../build/controller/controller.egg-info/SOURCES.txt'
[0.933s] writing manifest file '../../build/controller/controller.egg-info/SOURCES.txt'
[0.933s] running build
[0.933s] running build_py
[0.933s] running install
[0.935s] running install_lib
[0.937s] running install_data
[0.938s] running install_egg_info
[0.944s] removing '/home/robofei/Downloads/GC/install/controller/lib/python3.8/site-packages/controller-0.0.0-py3.8.egg-info' (and everything under it)
[0.944s] Copying ../../build/controller/controller.egg-info to /home/robofei/Downloads/GC/install/controller/lib/python3.8/site-packages/controller-0.0.0-py3.8.egg-info
[0.944s] running install_scripts
[0.973s] Installing talker script to /home/robofei/Downloads/GC/install/controller/lib/controller
[0.974s] writing list of installed files to '/home/robofei/Downloads/GC/build/controller/install.log'
[1.014s] Invoked command in '/home/robofei/Downloads/GC/src/controller' returned '0': PYTHONPATH=/home/robofei/Downloads/GC/install/controller/lib/python3.8/site-packages:${PYTHONPATH} /usr/bin/python3 setup.py egg_info --egg-base ../../build/controller build --build-base /home/robofei/Downloads/GC/build/controller/build install --prefix /home/robofei/Downloads/GC/install/controller --record /home/robofei/Downloads/GC/build/controller/install.log --single-version-externally-managed
