[0.011s] Invoking command in '/home/robofei/ROS2/action/build/control': AMENT_PREFIX_PATH=/home/robofei/ROS2/action/install/custom_interfaces:${AMENT_PREFIX_PATH} CMAKE_PREFIX_PATH=/home/robofei/ROS2/action/install/custom_interfaces:/opt/ros/foxy LD_LIBRARY_PATH=/home/robofei/ROS2/action/install/custom_interfaces/lib:${LD_LIBRARY_PATH} PYTHONPATH=/home/robofei/ROS2/action/install/custom_interfaces/lib/python3.8/site-packages:${PYTHONPATH} /usr/bin/cmake --build /home/robofei/ROS2/action/build/control -- -j4 -l4
[0.080s] [ 50%] [32m[1mLinking CXX executable action_node[0m
[0.376s] /usr/bin/ld: CMakeFiles/action_node.dir/src/main.cpp.o: in function `main':
[0.377s] main.cpp:(.text+0x36f): undefined reference to `boost::program_options::options_description::m_default_line_length'
[0.377s] /usr/bin/ld: main.cpp:(.text+0x37a): undefined reference to `boost::program_options::options_description::m_default_line_length'
[0.377s] /usr/bin/ld: main.cpp:(.text+0x3c1): undefined reference to `boost::program_options::options_description::options_description(std::__cxx11::basic_string<char, std::char_traits<char>, std::allocator<char> > const&, unsigned int, unsigned int)'
[0.377s] /usr/bin/ld: main.cpp:(.text+0x3ee): undefined reference to `boost::program_options::options_description::add_options()'
[0.377s] /usr/bin/ld: main.cpp:(.text+0x412): undefined reference to `boost::program_options::options_description_easy_init::operator()(char const*, char const*)'
[0.377s] /usr/bin/ld: main.cpp:(.text+0x428): undefined reference to `boost::program_options::options_description_easy_init::operator()(char const*, char const*)'
[0.377s] /usr/bin/ld: main.cpp:(.text+0x43e): undefined reference to `boost::program_options::options_description_easy_init::operator()(char const*, char const*)'
[0.377s] /usr/bin/ld: main.cpp:(.text+0x454): undefined reference to `boost::program_options::options_description_easy_init::operator()(char const*, char const*)'
[0.378s] /usr/bin/ld: main.cpp:(.text+0x46a): undefined reference to `boost::program_options::options_description_easy_init::operator()(char const*, char const*)'
[0.378s] /usr/bin/ld: main.cpp:(.text+0x479): undefined reference to `boost::program_options::variables_map::variables_map()'
[0.378s] /usr/bin/ld: main.cpp:(.text+0x505): undefined reference to `boost::program_options::store(boost::program_options::basic_parsed_options<char> const&, boost::program_options::variables_map&, bool)'
[0.378s] /usr/bin/ld: main.cpp:(.text+0x532): undefined reference to `boost::program_options::notify(boost::program_options::variables_map&)'
[0.378s] /usr/bin/ld: main.cpp:(.text+0x54b): undefined reference to `GaitMove::GaitMove(minIni*)'
[0.378s] /usr/bin/ld: main.cpp:(.text+0x55a): undefined reference to `Robot::LinuxMotionTimer::LinuxMotionTimer()'
[0.378s] /usr/bin/ld: main.cpp:(.text+0x574): undefined reference to `Robot::LinuxMotionTimer::Initialize(Robot::MotionManager*)'
[0.378s] /usr/bin/ld: main.cpp:(.text+0x583): undefined reference to `Robot::LinuxMotionTimer::Start()'
[0.379s] /usr/bin/ld: main.cpp:(.text+0x6e3): undefined reference to `Robot::LinuxMotionTimer::~LinuxMotionTimer()'
[0.379s] /usr/bin/ld: main.cpp:(.text+0x87c): undefined reference to `Robot::LinuxMotionTimer::~LinuxMotionTimer()'
[0.379s] /usr/bin/ld: CMakeFiles/action_node.dir/src/main.cpp.o: in function `Robot::MotionManager::GetInstance()':
[0.379s] main.cpp:(.text._ZN5Robot13MotionManager11GetInstanceEv[_ZN5Robot13MotionManager11GetInstanceEv]+0xb): undefined reference to `Robot::MotionManager::m_UniqueInstance'
[0.379s] /usr/bin/ld: CMakeFiles/action_node.dir/src/main.cpp.o: in function `boost::program_options::basic_command_line_parser<char>::basic_command_line_parser(int, char const* const*)':
[0.379s] main.cpp:(.text._ZN5boost15program_options25basic_command_line_parserIcEC2EiPKPKc[_ZN5boost15program_options25basic_command_line_parserIcEC5EiPKPKc]+0x94): undefined reference to `boost::program_options::detail::cmdline::cmdline(std::vector<std::__cxx11::basic_string<char, std::char_traits<char>, std::allocator<char> >, std::allocator<std::__cxx11::basic_string<char, std::char_traits<char>, std::allocator<char> > > > const&)'
[0.379s] /usr/bin/ld: CMakeFiles/action_node.dir/src/main.cpp.o: in function `boost::program_options::basic_command_line_parser<char>::options(boost::program_options::options_description const&)':
[0.379s] main.cpp:(.text._ZN5boost15program_options25basic_command_line_parserIcE7optionsERKNS0_19options_descriptionE[_ZN5boost15program_options25basic_command_line_parserIcE7optionsERKNS0_19options_descriptionE]+0x23): undefined reference to `boost::program_options::detail::cmdline::set_options_description(boost::program_options::options_description const&)'
[0.379s] /usr/bin/ld: CMakeFiles/action_node.dir/src/main.cpp.o: in function `boost::program_options::basic_command_line_parser<char>::style(int)':
[0.379s] main.cpp:(.text._ZN5boost15program_options25basic_command_line_parserIcE5styleEi[_ZN5boost15program_options25basic_command_line_parserIcE5styleEi]+0x20): undefined reference to `boost::program_options::detail::cmdline::style(int)'
[0.380s] /usr/bin/ld: CMakeFiles/action_node.dir/src/main.cpp.o: in function `boost::program_options::basic_command_line_parser<char>::extra_parser(boost::function1<std::pair<std::__cxx11::basic_string<char, std::char_traits<char>, std::allocator<char> >, std::__cxx11::basic_string<char, std::char_traits<char>, std::allocator<char> > >, std::__cxx11::basic_string<char, std::char_traits<char>, std::allocator<char> > const&>)':
[0.380s] main.cpp:(.text._ZN5boost15program_options25basic_command_line_parserIcE12extra_parserENS_9function1ISt4pairINSt7__cxx1112basic_stringIcSt11char_traitsIcESaIcEEESA_ERKSA_EE[_ZN5boost15program_options25basic_command_line_parserIcE12extra_parserENS_9function1ISt4pairINSt7__cxx1112basic_stringIcSt11char_traitsIcESaIcEEESA_ERKSA_EE]+0x46): undefined reference to `boost::program_options::detail::cmdline::set_additional_parser(boost::function1<std::pair<std::__cxx11::basic_string<char, std::char_traits<char>, std::allocator<char> >, std::__cxx11::basic_string<char, std::char_traits<char>, std::allocator<char> > >, std::__cxx11::basic_string<char, std::char_traits<char>, std::allocator<char> > const&>)'
[0.380s] /usr/bin/ld: CMakeFiles/action_node.dir/src/main.cpp.o: in function `boost::program_options::basic_command_line_parser<char>::run()':
[0.380s] main.cpp:(.text._ZN5boost15program_options25basic_command_line_parserIcE3runEv[_ZN5boost15program_options25basic_command_line_parserIcE3runEv]+0x2c): undefined reference to `boost::program_options::detail::cmdline::get_canonical_option_prefix()'
[0.380s] /usr/bin/ld: main.cpp:(.text._ZN5boost15program_options25basic_command_line_parserIcE3runEv[_ZN5boost15program_options25basic_command_line_parserIcE3runEv]+0x58): undefined reference to `boost::program_options::detail::cmdline::run()'
[0.380s] /usr/bin/ld: CMakeFiles/action_node.dir/src/main.cpp.o: in function `std::vector<std::__cxx11::basic_string<char, std::char_traits<char>, std::allocator<char> >, std::allocator<std::__cxx11::basic_string<char, std::char_traits<char>, std::allocator<char> > > > boost::program_options::to_internal<std::__cxx11::basic_string<char, std::char_traits<char>, std::allocator<char> > >(std::vector<std::__cxx11::basic_string<char, std::char_traits<char>, std::allocator<char> >, std::allocator<std::__cxx11::basic_string<char, std::char_traits<char>, std::allocator<char> > > > const&)':
[0.380s] main.cpp:(.text._ZN5boost15program_options11to_internalINSt7__cxx1112basic_stringIcSt11char_traitsIcESaIcEEEEESt6vectorIS7_SaIS7_EERKS8_IT_SaISB_EE[_ZN5boost15program_options11to_internalINSt7__cxx1112basic_stringIcSt11char_traitsIcESaIcEEEEESt6vectorIS7_SaIS7_EERKS8_IT_SaISB_EE]+0x70): undefined reference to `boost::program_options::to_internal(std::__cxx11::basic_string<char, std::char_traits<char>, std::allocator<char> > const&)'
[0.380s] /usr/bin/ld: CMakeFiles/action_node.dir/src/main.cpp.o: in function `boost::program_options::variables_map::~variables_map()':
[0.380s] main.cpp:(.text._ZN5boost15program_options13variables_mapD2Ev[_ZN5boost15program_options13variables_mapD5Ev]+0x13): undefined reference to `vtable for boost::program_options::variables_map'
[0.380s] collect2: error: ld returned 1 exit status
[0.381s] make[2]: *** [CMakeFiles/action_node.dir/build.make:136: action_node] Error 1
[0.381s] make[1]: *** [CMakeFiles/Makefile2:78: CMakeFiles/action_node.dir/all] Error 2
[0.381s] make: *** [Makefile:141: all] Error 2
[0.385s] Invoked command in '/home/robofei/ROS2/action/build/control' returned '2': AMENT_PREFIX_PATH=/home/robofei/ROS2/action/install/custom_interfaces:${AMENT_PREFIX_PATH} CMAKE_PREFIX_PATH=/home/robofei/ROS2/action/install/custom_interfaces:/opt/ros/foxy LD_LIBRARY_PATH=/home/robofei/ROS2/action/install/custom_interfaces/lib:${LD_LIBRARY_PATH} PYTHONPATH=/home/robofei/ROS2/action/install/custom_interfaces/lib/python3.8/site-packages:${PYTHONPATH} /usr/bin/cmake --build /home/robofei/ROS2/action/build/control -- -j4 -l4
