[0.027s] Invoking command in '/home/robofei/ROS2/robotis_ws/build/dynamixel_sdk_custom_interfaces': CMAKE_PREFIX_PATH=/opt/ros/foxy /usr/bin/cmake --build /home/robofei/ROS2/robotis_ws/build/dynamixel_sdk_custom_interfaces -- -j4 -l4
[0.055s] -- Found ament_cmake: 0.9.9 (/opt/ros/foxy/share/ament_cmake/cmake)
[0.083s] -- Using PYTHON_EXECUTABLE: /usr/bin/python3
[0.306s] -- Override CMake install command with custom implementation using symlinks instead of copying resources
[0.314s] -- Found builtin_interfaces: 1.0.0 (/opt/ros/foxy/share/builtin_interfaces/cmake)
[0.337s] -- Using all available rosidl_typesupport_c: rosidl_typesupport_fastrtps_c;rosidl_typesupport_introspection_c
[0.341s] -- Found rosidl_adapter: 1.2.1 (/opt/ros/foxy/share/rosidl_adapter/cmake)
[0.471s] -- Using all available rosidl_typesupport_cpp: rosidl_typesupport_fastrtps_cpp;rosidl_typesupport_introspection_cpp
[0.497s] -- Found rosidl_default_generators: 1.0.1 (/opt/ros/foxy/share/rosidl_default_generators/cmake)
[0.531s] -- Found PythonInterp: /usr/bin/python3 (found version "3.8.10") 
[0.775s] CMake Error at /opt/ros/foxy/share/rosidl_adapter/cmake/rosidl_adapt_interfaces.cmake:60 (message):
[0.775s]   execute_process(/usr/bin/python3 -m rosidl_adapter --package-name
[0.775s]   dynamixel_sdk_custom_interfaces --arguments-file
[0.775s]   /home/robofei/ROS2/robotis_ws/build/dynamixel_sdk_custom_interfaces/rosidl_adapter__arguments__dynamixel_sdk_custom_interfaces.json
[0.775s]   --output-dir
[0.775s]   /home/robofei/ROS2/robotis_ws/build/dynamixel_sdk_custom_interfaces/rosidl_adapter/dynamixel_sdk_custom_interfaces
[0.775s]   --output-file
[0.775s]   /home/robofei/ROS2/robotis_ws/build/dynamixel_sdk_custom_interfaces/rosidl_adapter/dynamixel_sdk_custom_interfaces.idls)
[0.775s]   returned error code 1:
[0.775s] 
[0.775s]   Traceback (most recent call last):
[0.775s] 
[0.775s]     File "/usr/lib/python3.8/runpy.py", line 194, in _run_module_as_main
[0.776s]       return _run_code(code, main_globals, None,
[0.776s]     File "/usr/lib/python3.8/runpy.py", line 87, in _run_code
[0.776s]       exec(code, run_globals)
[0.776s]     File "/opt/ros/foxy/lib/python3.8/site-packages/rosidl_adapter/__main__.py", line 19, in <module>
[0.776s]       sys.exit(main())
[0.776s]     File "/opt/ros/foxy/lib/python3.8/site-packages/rosidl_adapter/main.py", line 53, in main
[0.776s]       abs_idl_file = convert_to_idl(
[0.776s]     File "/opt/ros/foxy/lib/python3.8/site-packages/rosidl_adapter/__init__.py", line 19, in convert_to_idl
[0.776s]       return convert_msg_to_idl(
[0.776s]     File "/opt/ros/foxy/lib/python3.8/site-packages/rosidl_adapter/msg/__init__.py", line 28, in convert_msg_to_idl
[0.776s]       msg = parse_message_string(package_name, input_file.stem, content)
[0.777s]     File "/opt/ros/foxy/lib/python3.8/site-packages/rosidl_adapter/parser.py", line 540, in parse_message_string
[0.777s]       msg = MessageSpecification(pkg_name, msg_name, fields, constants)
[0.777s]     File "/opt/ros/foxy/lib/python3.8/site-packages/rosidl_adapter/parser.py", line 387, in __init__
[0.777s]       self.base_type = BaseType(
[0.777s]     File "/opt/ros/foxy/lib/python3.8/site-packages/rosidl_adapter/parser.py", line 204, in __init__
[0.777s]       raise InvalidResourceName(
[0.777s] 
[0.777s]   rosidl_adapter.parser.InvalidResourceName: 'SetPosition_original' is an
[0.777s]   invalid message name.  It should have the pattern '^[A-Z][A-Za-z0-9]*$'
[0.777s] 
[0.777s] Call Stack (most recent call first):
[0.777s]   /opt/ros/foxy/share/rosidl_cmake/cmake/rosidl_generate_interfaces.cmake:130 (rosidl_adapt_interfaces)
[0.777s]   CMakeLists.txt:35 (rosidl_generate_interfaces)
[0.777s] 
[0.778s] 
[0.778s] -- Configuring incomplete, errors occurred!
[0.778s] See also "/home/robofei/ROS2/robotis_ws/build/dynamixel_sdk_custom_interfaces/CMakeFiles/CMakeOutput.log".
[0.782s] make: *** [Makefile:988: cmake_check_build_system] Error 1
[0.784s] Invoked command in '/home/robofei/ROS2/robotis_ws/build/dynamixel_sdk_custom_interfaces' returned '2': CMAKE_PREFIX_PATH=/opt/ros/foxy /usr/bin/cmake --build /home/robofei/ROS2/robotis_ws/build/dynamixel_sdk_custom_interfaces -- -j4 -l4
