[0.295s] Invoking command in '/home/robofei/Downloads/GC/build/messages': CMAKE_PREFIX_PATH=${CMAKE_PREFIX_PATH}:/home/robofei/Downloads/GC/install/controller:/opt/ros/foxy /usr/bin/cmake --build /home/robofei/Downloads/GC/build/messages -- -j4 -l4
[0.373s] [  3%] Built target messages__cpp
[0.376s] [ 12%] Built target messages__rosidl_generator_c
[0.406s] [ 22%] Built target messages__rosidl_typesupport_cpp
[0.412s] [ 32%] Built target messages__rosidl_typesupport_introspection_cpp
[0.440s] [ 41%] Built target messages__rosidl_typesupport_fastrtps_cpp
[0.441s] [ 51%] Built target messages__rosidl_typesupport_introspection_c
[0.444s] [ 61%] Built target messages__rosidl_typesupport_c
[0.478s] [ 70%] Built target messages__rosidl_typesupport_fastrtps_c
[0.501s] [ 70%] Built target messages
[0.531s] [ 74%] Built target messages__py
[0.561s] [ 80%] Built target messages__python
[0.604s] [ 87%] Built target messages__rosidl_typesupport_c__pyext
[0.615s] [ 93%] Built target messages__rosidl_typesupport_introspection_c__pyext
[0.617s] [100%] Built target messages__rosidl_typesupport_fastrtps_c__pyext
[0.631s] Invoked command in '/home/robofei/Downloads/GC/build/messages' returned '0': CMAKE_PREFIX_PATH=${CMAKE_PREFIX_PATH}:/home/robofei/Downloads/GC/install/controller:/opt/ros/foxy /usr/bin/cmake --build /home/robofei/Downloads/GC/build/messages -- -j4 -l4
[0.711s] Invoking command in '/home/robofei/Downloads/GC/build/messages': CMAKE_PREFIX_PATH=${CMAKE_PREFIX_PATH}:/home/robofei/Downloads/GC/install/controller:/opt/ros/foxy /usr/bin/cmake --install /home/robofei/Downloads/GC/build/messages
[0.723s] -- Install configuration: ""
[0.723s] -- Up-to-date: /home/robofei/Downloads/GC/install/messages/share/ament_index/resource_index/rosidl_interfaces/messages
[0.724s] -- Up-to-date: /home/robofei/Downloads/GC/install/messages/include/messages
[0.724s] -- Up-to-date: /home/robofei/Downloads/GC/install/messages/include/messages/msg
[0.724s] -- Up-to-date: /home/robofei/Downloads/GC/install/messages/include/messages/msg/detail
[0.724s] -- Up-to-date: /home/robofei/Downloads/GC/install/messages/include/messages/msg/detail/humanoid_league_msgs__struct.h
[0.724s] -- Up-to-date: /home/robofei/Downloads/GC/install/messages/include/messages/msg/detail/humanoid_league_msgs__functions.h
[0.724s] -- Up-to-date: /home/robofei/Downloads/GC/install/messages/include/messages/msg/detail/humanoid_league_msgs__functions.c
[0.725s] -- Up-to-date: /home/robofei/Downloads/GC/install/messages/include/messages/msg/detail/humanoid_league_msgs__type_support.h
[0.725s] -- Up-to-date: /home/robofei/Downloads/GC/install/messages/include/messages/msg/rosidl_generator_c__visibility_control.h
[0.725s] -- Up-to-date: /home/robofei/Downloads/GC/install/messages/include/messages/msg/humanoid_league_msgs.h
[0.725s] -- Up-to-date: /home/robofei/Downloads/GC/install/messages/share/messages/environment/library_path.sh
[0.725s] -- Up-to-date: /home/robofei/Downloads/GC/install/messages/share/messages/environment/library_path.dsv
[0.725s] -- Up-to-date: /home/robofei/Downloads/GC/install/messages/lib/libmessages__rosidl_generator_c.so
[0.725s] -- Up-to-date: /home/robofei/Downloads/GC/install/messages/include/messages
[0.725s] -- Up-to-date: /home/robofei/Downloads/GC/install/messages/include/messages/msg
[0.726s] -- Up-to-date: /home/robofei/Downloads/GC/install/messages/include/messages/msg/detail
[0.726s] -- Up-to-date: /home/robofei/Downloads/GC/install/messages/include/messages/msg/detail/humanoid_league_msgs__rosidl_typesupport_fastrtps_c.h
[0.726s] -- Up-to-date: /home/robofei/Downloads/GC/install/messages/include/messages/msg/rosidl_typesupport_fastrtps_c__visibility_control.h
[0.726s] -- Up-to-date: /home/robofei/Downloads/GC/install/messages/lib/libmessages__rosidl_typesupport_fastrtps_c.so
[0.726s] -- Up-to-date: /home/robofei/Downloads/GC/install/messages/include/messages
[0.726s] -- Up-to-date: /home/robofei/Downloads/GC/install/messages/include/messages/msg
[0.727s] -- Up-to-date: /home/robofei/Downloads/GC/install/messages/include/messages/msg/rosidl_typesupport_fastrtps_cpp__visibility_control.h
[0.727s] -- Up-to-date: /home/robofei/Downloads/GC/install/messages/include/messages/msg/detail
[0.727s] -- Up-to-date: /home/robofei/Downloads/GC/install/messages/include/messages/msg/detail/humanoid_league_msgs__rosidl_typesupport_fastrtps_cpp.hpp
[0.727s] -- Up-to-date: /home/robofei/Downloads/GC/install/messages/include/messages/msg/detail/dds_fastrtps
[0.727s] -- Up-to-date: /home/robofei/Downloads/GC/install/messages/lib/libmessages__rosidl_typesupport_fastrtps_cpp.so
[0.728s] -- Up-to-date: /home/robofei/Downloads/GC/install/messages/include/messages
[0.728s] -- Up-to-date: /home/robofei/Downloads/GC/install/messages/include/messages/msg
[0.728s] -- Up-to-date: /home/robofei/Downloads/GC/install/messages/include/messages/msg/detail
[0.728s] -- Up-to-date: /home/robofei/Downloads/GC/install/messages/include/messages/msg/detail/humanoid_league_msgs__type_support.c
[0.728s] -- Up-to-date: /home/robofei/Downloads/GC/install/messages/include/messages/msg/detail/humanoid_league_msgs__rosidl_typesupport_introspection_c.h
[0.728s] -- Up-to-date: /home/robofei/Downloads/GC/install/messages/include/messages/msg/rosidl_typesupport_introspection_c__visibility_control.h
[0.728s] -- Up-to-date: /home/robofei/Downloads/GC/install/messages/lib/libmessages__rosidl_typesupport_introspection_c.so
[0.729s] -- Up-to-date: /home/robofei/Downloads/GC/install/messages/lib/libmessages__rosidl_typesupport_c.so
[0.729s] -- Up-to-date: /home/robofei/Downloads/GC/install/messages/include/messages
[0.729s] -- Up-to-date: /home/robofei/Downloads/GC/install/messages/include/messages/msg
[0.729s] -- Up-to-date: /home/robofei/Downloads/GC/install/messages/include/messages/msg/detail
[0.729s] -- Up-to-date: /home/robofei/Downloads/GC/install/messages/include/messages/msg/detail/humanoid_league_msgs__struct.hpp
[0.729s] -- Up-to-date: /home/robofei/Downloads/GC/install/messages/include/messages/msg/detail/humanoid_league_msgs__traits.hpp
[0.730s] -- Up-to-date: /home/robofei/Downloads/GC/install/messages/include/messages/msg/detail/humanoid_league_msgs__builder.hpp
[0.732s] -- Up-to-date: /home/robofei/Downloads/GC/install/messages/include/messages/msg/humanoid_league_msgs.hpp
[0.732s] -- Up-to-date: /home/robofei/Downloads/GC/install/messages/include/messages
[0.732s] -- Up-to-date: /home/robofei/Downloads/GC/install/messages/include/messages/msg
[0.732s] -- Up-to-date: /home/robofei/Downloads/GC/install/messages/include/messages/msg/detail
[0.732s] -- Up-to-date: /home/robofei/Downloads/GC/install/messages/include/messages/msg/detail/humanoid_league_msgs__type_support.cpp
[0.732s] -- Up-to-date: /home/robofei/Downloads/GC/install/messages/include/messages/msg/detail/humanoid_league_msgs__rosidl_typesupport_introspection_cpp.hpp
[0.732s] -- Up-to-date: /home/robofei/Downloads/GC/install/messages/lib/libmessages__rosidl_typesupport_introspection_cpp.so
[0.733s] -- Up-to-date: /home/robofei/Downloads/GC/install/messages/lib/libmessages__rosidl_typesupport_cpp.so
[0.733s] -- Up-to-date: /home/robofei/Downloads/GC/install/messages/share/messages/environment/pythonpath.sh
[0.733s] -- Up-to-date: /home/robofei/Downloads/GC/install/messages/share/messages/environment/pythonpath.dsv
[0.733s] -- Up-to-date: /home/robofei/Downloads/GC/install/messages/lib/python3.8/site-packages/messages/__init__.py
[0.778s] -- Up-to-date: /home/robofei/Downloads/GC/install/messages/lib/python3.8/site-packages/messages/msg
[0.778s] -- Up-to-date: /home/robofei/Downloads/GC/install/messages/lib/python3.8/site-packages/messages/msg/_humanoid_league_msgs.py
[0.779s] -- Up-to-date: /home/robofei/Downloads/GC/install/messages/lib/python3.8/site-packages/messages/msg/_humanoid_league_msgs_s.c
[0.779s] -- Up-to-date: /home/robofei/Downloads/GC/install/messages/lib/python3.8/site-packages/messages/msg/__init__.py
[0.779s] -- Up-to-date: /home/robofei/Downloads/GC/install/messages/lib/python3.8/site-packages/messages/messages_s__rosidl_typesupport_fastrtps_c.cpython-38-x86_64-linux-gnu.so
[0.779s] -- Up-to-date: /home/robofei/Downloads/GC/install/messages/lib/python3.8/site-packages/messages/messages_s__rosidl_typesupport_introspection_c.cpython-38-x86_64-linux-gnu.so
[0.780s] -- Up-to-date: /home/robofei/Downloads/GC/install/messages/lib/python3.8/site-packages/messages/messages_s__rosidl_typesupport_c.cpython-38-x86_64-linux-gnu.so
[0.781s] -- Up-to-date: /home/robofei/Downloads/GC/install/messages/lib/libmessages__python.so
[0.781s] -- Up-to-date: /home/robofei/Downloads/GC/install/messages/share/messages/msg/HumanoidLeagueMsgs.idl
[0.781s] -- Up-to-date: /home/robofei/Downloads/GC/install/messages/share/messages/msg/HumanoidLeagueMsgs.msg
[0.781s] -- Up-to-date: /home/robofei/Downloads/GC/install/messages/share/ament_index/resource_index/package_run_dependencies/messages
[0.781s] -- Up-to-date: /home/robofei/Downloads/GC/install/messages/share/ament_index/resource_index/parent_prefix_path/messages
[0.782s] -- Up-to-date: /home/robofei/Downloads/GC/install/messages/share/messages/environment/ament_prefix_path.sh
[0.782s] -- Up-to-date: /home/robofei/Downloads/GC/install/messages/share/messages/environment/ament_prefix_path.dsv
[0.782s] -- Up-to-date: /home/robofei/Downloads/GC/install/messages/share/messages/environment/path.sh
[0.782s] -- Up-to-date: /home/robofei/Downloads/GC/install/messages/share/messages/environment/path.dsv
[0.782s] -- Up-to-date: /home/robofei/Downloads/GC/install/messages/share/messages/local_setup.bash
[0.782s] -- Up-to-date: /home/robofei/Downloads/GC/install/messages/share/messages/local_setup.sh
[0.783s] -- Up-to-date: /home/robofei/Downloads/GC/install/messages/share/messages/local_setup.zsh
[0.783s] -- Up-to-date: /home/robofei/Downloads/GC/install/messages/share/messages/local_setup.dsv
[0.783s] -- Installing: /home/robofei/Downloads/GC/install/messages/share/messages/package.dsv
[0.783s] -- Up-to-date: /home/robofei/Downloads/GC/install/messages/share/ament_index/resource_index/packages/messages
[0.783s] -- Up-to-date: /home/robofei/Downloads/GC/install/messages/share/messages/cmake/messages__rosidl_generator_cExport.cmake
[0.783s] -- Up-to-date: /home/robofei/Downloads/GC/install/messages/share/messages/cmake/messages__rosidl_generator_cExport-noconfig.cmake
[0.784s] -- Up-to-date: /home/robofei/Downloads/GC/install/messages/share/messages/cmake/messages__rosidl_typesupport_introspection_cExport.cmake
[0.784s] -- Up-to-date: /home/robofei/Downloads/GC/install/messages/share/messages/cmake/messages__rosidl_typesupport_introspection_cExport-noconfig.cmake
[0.784s] -- Up-to-date: /home/robofei/Downloads/GC/install/messages/share/messages/cmake/messages__rosidl_typesupport_cExport.cmake
[0.784s] -- Up-to-date: /home/robofei/Downloads/GC/install/messages/share/messages/cmake/messages__rosidl_typesupport_cExport-noconfig.cmake
[0.784s] -- Up-to-date: /home/robofei/Downloads/GC/install/messages/share/messages/cmake/messages__rosidl_generator_cppExport.cmake
[0.784s] -- Up-to-date: /home/robofei/Downloads/GC/install/messages/share/messages/cmake/messages__rosidl_typesupport_introspection_cppExport.cmake
[0.784s] -- Up-to-date: /home/robofei/Downloads/GC/install/messages/share/messages/cmake/messages__rosidl_typesupport_introspection_cppExport-noconfig.cmake
[0.784s] -- Up-to-date: /home/robofei/Downloads/GC/install/messages/share/messages/cmake/messages__rosidl_typesupport_cppExport.cmake
[0.784s] -- Up-to-date: /home/robofei/Downloads/GC/install/messages/share/messages/cmake/messages__rosidl_typesupport_cppExport-noconfig.cmake
[0.785s] -- Up-to-date: /home/robofei/Downloads/GC/install/messages/share/messages/cmake/rosidl_cmake-extras.cmake
[0.785s] -- Up-to-date: /home/robofei/Downloads/GC/install/messages/share/messages/cmake/ament_cmake_export_dependencies-extras.cmake
[0.785s] -- Up-to-date: /home/robofei/Downloads/GC/install/messages/share/messages/cmake/ament_cmake_export_libraries-extras.cmake
[0.785s] -- Up-to-date: /home/robofei/Downloads/GC/install/messages/share/messages/cmake/ament_cmake_export_targets-extras.cmake
[0.785s] -- Up-to-date: /home/robofei/Downloads/GC/install/messages/share/messages/cmake/ament_cmake_export_include_directories-extras.cmake
[0.785s] -- Up-to-date: /home/robofei/Downloads/GC/install/messages/share/messages/cmake/rosidl_cmake_export_typesupport_libraries-extras.cmake
[0.785s] -- Up-to-date: /home/robofei/Downloads/GC/install/messages/share/messages/cmake/rosidl_cmake_export_typesupport_targets-extras.cmake
[0.785s] -- Up-to-date: /home/robofei/Downloads/GC/install/messages/share/messages/cmake/messagesConfig.cmake
[0.785s] -- Up-to-date: /home/robofei/Downloads/GC/install/messages/share/messages/cmake/messagesConfig-version.cmake
[0.786s] -- Up-to-date: /home/robofei/Downloads/GC/install/messages/share/messages/package.xml
[0.789s] Invoked command in '/home/robofei/Downloads/GC/build/messages' returned '0': CMAKE_PREFIX_PATH=${CMAKE_PREFIX_PATH}:/home/robofei/Downloads/GC/install/controller:/opt/ros/foxy /usr/bin/cmake --install /home/robofei/Downloads/GC/build/messages
