[0.365s] Invoking command in '/home/robofei/Downloads/GC/build/messages': CMAKE_PREFIX_PATH=${CMAKE_PREFIX_PATH}:/home/robofei/Downloads/GC/install/controller:/opt/ros/foxy /usr/bin/cmake --build /home/robofei/Downloads/GC/build/messages -- -j4 -l4
[0.467s] -- Found ament_cmake: 0.9.9 (/opt/ros/foxy/share/ament_cmake/cmake)
[0.503s] -- Found PythonInterp: /usr/bin/python3 (found suitable version "3.8.10", minimum required is "3") 
[0.504s] -- Using PYTHON_EXECUTABLE: /usr/bin/python3
[0.789s] -- Found rosidl_default_generators: 1.0.1 (/opt/ros/foxy/share/rosidl_default_generators/cmake)
[0.793s] -- Using all available rosidl_typesupport_c: rosidl_typesupport_fastrtps_c;rosidl_typesupport_introspection_c
[0.801s] -- Found rosidl_adapter: 1.2.1 (/opt/ros/foxy/share/rosidl_adapter/cmake)
[1.125s] -- Using all available rosidl_typesupport_cpp: rosidl_typesupport_fastrtps_cpp;rosidl_typesupport_introspection_cpp
[1.189s] -- Found PythonInterp: /usr/bin/python3 (found version "3.8.10") 
[1.347s] -- Found ament_cmake_ros: 0.9.2 (/opt/ros/foxy/share/ament_cmake_ros/cmake)
[1.550s] -- Using all available rosidl_typesupport_c: rosidl_typesupport_fastrtps_c;rosidl_typesupport_introspection_c
[1.569s] -- Using all available rosidl_typesupport_cpp: rosidl_typesupport_fastrtps_cpp;rosidl_typesupport_introspection_cpp
[1.604s] -- Found PythonInterp: /usr/bin/python3 (found suitable version "3.8.10", minimum required is "3.5") 
[1.604s] -- Found python_cmake_module: 0.8.1 (/opt/ros/foxy/share/python_cmake_module/cmake)
[1.633s] -- Using PYTHON_EXECUTABLE: /usr/bin/python3
[1.633s] -- Using PYTHON_INCLUDE_DIRS: /usr/include/python3.8
[1.633s] -- Using PYTHON_LIBRARIES: /usr/lib/x86_64-linux-gnu/libpython3.8.so
[1.649s] -- Found ament_lint_auto: 0.9.6 (/opt/ros/foxy/share/ament_lint_auto/cmake)
[1.666s] -- Added test 'copyright' to check source files copyright and LICENSE
[1.667s] -- Added test 'lint_cmake' to check CMake code style
[1.667s] -- Added test 'xmllint' to check XML markup files
[1.672s] -- Configuring done
[1.708s] -- Generating done
[1.712s] -- Build files have been written to: /home/robofei/Downloads/GC/build/messages
[1.748s] [  3%] [34m[1mGenerating C code for ROS interfaces[0m
[1.780s] [  6%] [34m[1mGenerating C++ code for ROS interfaces[0m
[2.487s] [35m[1mScanning dependencies of target messages__rosidl_generator_c[0m
[2.503s] [  9%] [32mBuilding C object CMakeFiles/messages__rosidl_generator_c.dir/rosidl_generator_c/messages/msg/detail/humanoid_league_msgs__functions.c.o[0m
[2.553s] [ 12%] [32m[1mLinking C shared library libmessages__rosidl_generator_c.so[0m
[2.598s] [ 12%] Built target messages__rosidl_generator_c
[2.613s] [ 16%] [34m[1mGenerating C introspection for ROS interfaces[0m
[2.630s] [ 19%] [34m[1mGenerating C type support dispatch for ROS interfaces[0m
[2.859s] [ 19%] Built target messages__cpp
[2.892s] [ 22%] [34m[1mGenerating C++ type support for eProsima Fast-RTPS[0m
[2.934s] [ 25%] [34m[1mGenerating C++ type support dispatch for ROS interfaces[0m
[3.642s] [35m[1mScanning dependencies of target messages__rosidl_typesupport_introspection_c[0m
[3.681s] [ 29%] [32mBuilding C object CMakeFiles/messages__rosidl_typesupport_introspection_c.dir/rosidl_typesupport_introspection_c/messages/msg/detail/humanoid_league_msgs__type_support.c.o[0m
[3.783s] [35m[1mScanning dependencies of target messages__rosidl_typesupport_c[0m
[3.816s] [ 32%] [32mBuilding CXX object CMakeFiles/messages__rosidl_typesupport_c.dir/rosidl_typesupport_c/messages/msg/humanoid_league_msgs__type_support.cpp.o[0m
[3.816s] [ 35%] [32m[1mLinking C shared library libmessages__rosidl_typesupport_introspection_c.so[0m
[3.931s] [ 35%] Built target messages__rosidl_typesupport_introspection_c
[3.960s] [ 38%] [34m[1mGenerating C++ introspection for ROS interfaces[0m
[3.968s] [ 41%] [32m[1mLinking CXX shared library libmessages__rosidl_typesupport_c.so[0m
[4.059s] [35m[1mScanning dependencies of target messages__rosidl_typesupport_cpp[0m
[4.136s] [ 45%] [32mBuilding CXX object CMakeFiles/messages__rosidl_typesupport_cpp.dir/rosidl_typesupport_cpp/messages/msg/humanoid_league_msgs__type_support.cpp.o[0m
[4.199s] [ 45%] Built target messages__rosidl_typesupport_c
[4.324s] [35m[1mScanning dependencies of target messages__rosidl_typesupport_fastrtps_cpp[0m
[4.376s] [ 48%] [32mBuilding CXX object CMakeFiles/messages__rosidl_typesupport_fastrtps_cpp.dir/rosidl_typesupport_fastrtps_cpp/messages/msg/detail/dds_fastrtps/humanoid_league_msgs__type_support.cpp.o[0m
[4.749s] [ 51%] [32m[1mLinking CXX shared library libmessages__rosidl_typesupport_cpp.so[0m
[4.881s] [ 51%] Built target messages__rosidl_typesupport_cpp
[5.183s] [ 54%] [32m[1mLinking CXX shared library libmessages__rosidl_typesupport_fastrtps_cpp.so[0m
[5.258s] [35m[1mScanning dependencies of target messages__rosidl_typesupport_introspection_cpp[0m
[5.278s] [ 58%] [32mBuilding CXX object CMakeFiles/messages__rosidl_typesupport_introspection_cpp.dir/rosidl_typesupport_introspection_cpp/messages/msg/detail/humanoid_league_msgs__type_support.cpp.o[0m
[5.381s] [ 58%] Built target messages__rosidl_typesupport_fastrtps_cpp
[5.402s] [ 61%] [34m[1mGenerating C type support for eProsima Fast-RTPS[0m
[5.786s] [ 64%] [32m[1mLinking CXX shared library libmessages__rosidl_typesupport_introspection_cpp.so[0m
[5.959s] [ 64%] Built target messages__rosidl_typesupport_introspection_cpp
[6.051s] [35m[1mScanning dependencies of target messages__rosidl_typesupport_fastrtps_c[0m
[6.077s] [ 67%] [32mBuilding CXX object CMakeFiles/messages__rosidl_typesupport_fastrtps_c.dir/rosidl_typesupport_fastrtps_c/messages/msg/detail/humanoid_league_msgs__type_support_c.cpp.o[0m
[6.529s] [ 70%] [32m[1mLinking CXX shared library libmessages__rosidl_typesupport_fastrtps_c.so[0m
[6.653s] [ 70%] Built target messages__rosidl_typesupport_fastrtps_c
[6.678s] [ 70%] Built target messages
[6.715s] [ 74%] [34m[1mGenerating Python code for ROS interfaces[0m
[7.650s] [ 74%] Built target messages__py
[7.665s] [35m[1mScanning dependencies of target messages__python[0m
[7.684s] [ 77%] [32mBuilding C object CMakeFiles/messages__python.dir/rosidl_generator_py/messages/msg/_humanoid_league_msgs_s.c.o[0m
[7.807s] [ 80%] [32m[1mLinking C shared library rosidl_generator_py/messages/libmessages__python.so[0m
[7.868s] [ 80%] Built target messages__python
[7.890s] [35m[1mScanning dependencies of target messages__rosidl_typesupport_introspection_c__pyext[0m
[7.897s] [35m[1mScanning dependencies of target messages__rosidl_typesupport_fastrtps_c__pyext[0m
[7.901s] [35m[1mScanning dependencies of target messages__rosidl_typesupport_c__pyext[0m
[7.932s] [ 83%] [32mBuilding C object CMakeFiles/messages__rosidl_typesupport_c__pyext.dir/rosidl_generator_py/messages/_messages_s.ep.rosidl_typesupport_c.c.o[0m
[7.936s] [ 87%] [32mBuilding C object CMakeFiles/messages__rosidl_typesupport_introspection_c__pyext.dir/rosidl_generator_py/messages/_messages_s.ep.rosidl_typesupport_introspection_c.c.o[0m
[7.954s] [ 90%] [32mBuilding C object CMakeFiles/messages__rosidl_typesupport_fastrtps_c__pyext.dir/rosidl_generator_py/messages/_messages_s.ep.rosidl_typesupport_fastrtps_c.c.o[0m
[8.093s] [ 93%] [32m[1mLinking C shared library rosidl_generator_py/messages/messages_s__rosidl_typesupport_c.cpython-38-x86_64-linux-gnu.so[0m
[8.141s] [ 96%] [32m[1mLinking C shared library rosidl_generator_py/messages/messages_s__rosidl_typesupport_introspection_c.cpython-38-x86_64-linux-gnu.so[0m
[8.173s] [100%] [32m[1mLinking CXX shared library rosidl_generator_py/messages/messages_s__rosidl_typesupport_fastrtps_c.cpython-38-x86_64-linux-gnu.so[0m
[8.193s] [100%] Built target messages__rosidl_typesupport_c__pyext
[8.239s] [100%] Built target messages__rosidl_typesupport_introspection_c__pyext
[8.274s] [100%] Built target messages__rosidl_typesupport_fastrtps_c__pyext
[8.301s] Invoked command in '/home/robofei/Downloads/GC/build/messages' returned '0': CMAKE_PREFIX_PATH=${CMAKE_PREFIX_PATH}:/home/robofei/Downloads/GC/install/controller:/opt/ros/foxy /usr/bin/cmake --build /home/robofei/Downloads/GC/build/messages -- -j4 -l4
[8.380s] Invoking command in '/home/robofei/Downloads/GC/build/messages': CMAKE_PREFIX_PATH=${CMAKE_PREFIX_PATH}:/home/robofei/Downloads/GC/install/controller:/opt/ros/foxy /usr/bin/cmake --install /home/robofei/Downloads/GC/build/messages
[8.395s] -- Install configuration: ""
[8.395s] -- Up-to-date: /home/robofei/Downloads/GC/install/messages/share/ament_index/resource_index/rosidl_interfaces/messages
[8.395s] -- Up-to-date: /home/robofei/Downloads/GC/install/messages/include/messages
[8.395s] -- Up-to-date: /home/robofei/Downloads/GC/install/messages/include/messages/msg
[8.396s] -- Up-to-date: /home/robofei/Downloads/GC/install/messages/include/messages/msg/detail
[8.396s] -- Installing: /home/robofei/Downloads/GC/install/messages/include/messages/msg/detail/humanoid_league_msgs__struct.h
[8.396s] -- Installing: /home/robofei/Downloads/GC/install/messages/include/messages/msg/detail/humanoid_league_msgs__functions.h
[8.396s] -- Installing: /home/robofei/Downloads/GC/install/messages/include/messages/msg/detail/humanoid_league_msgs__functions.c
[8.396s] -- Installing: /home/robofei/Downloads/GC/install/messages/include/messages/msg/detail/humanoid_league_msgs__type_support.h
[8.396s] -- Up-to-date: /home/robofei/Downloads/GC/install/messages/include/messages/msg/rosidl_generator_c__visibility_control.h
[8.397s] -- Installing: /home/robofei/Downloads/GC/install/messages/include/messages/msg/humanoid_league_msgs.h
[8.397s] -- Up-to-date: /home/robofei/Downloads/GC/install/messages/share/messages/environment/library_path.sh
[8.397s] -- Installing: /home/robofei/Downloads/GC/install/messages/share/messages/environment/library_path.dsv
[8.397s] -- Installing: /home/robofei/Downloads/GC/install/messages/lib/libmessages__rosidl_generator_c.so
[8.397s] -- Set runtime path of "/home/robofei/Downloads/GC/install/messages/lib/libmessages__rosidl_generator_c.so" to ""
[8.398s] -- Up-to-date: /home/robofei/Downloads/GC/install/messages/include/messages
[8.398s] -- Up-to-date: /home/robofei/Downloads/GC/install/messages/include/messages/msg
[8.398s] -- Up-to-date: /home/robofei/Downloads/GC/install/messages/include/messages/msg/detail
[8.398s] -- Installing: /home/robofei/Downloads/GC/install/messages/include/messages/msg/detail/humanoid_league_msgs__rosidl_typesupport_fastrtps_c.h
[8.398s] -- Up-to-date: /home/robofei/Downloads/GC/install/messages/include/messages/msg/rosidl_typesupport_fastrtps_c__visibility_control.h
[8.398s] -- Installing: /home/robofei/Downloads/GC/install/messages/lib/libmessages__rosidl_typesupport_fastrtps_c.so
[8.399s] -- Set runtime path of "/home/robofei/Downloads/GC/install/messages/lib/libmessages__rosidl_typesupport_fastrtps_c.so" to ""
[8.399s] -- Up-to-date: /home/robofei/Downloads/GC/install/messages/include/messages
[8.399s] -- Up-to-date: /home/robofei/Downloads/GC/install/messages/include/messages/msg
[8.399s] -- Up-to-date: /home/robofei/Downloads/GC/install/messages/include/messages/msg/rosidl_typesupport_fastrtps_cpp__visibility_control.h
[8.399s] -- Up-to-date: /home/robofei/Downloads/GC/install/messages/include/messages/msg/detail
[8.399s] -- Installing: /home/robofei/Downloads/GC/install/messages/include/messages/msg/detail/humanoid_league_msgs__rosidl_typesupport_fastrtps_cpp.hpp
[8.400s] -- Up-to-date: /home/robofei/Downloads/GC/install/messages/include/messages/msg/detail/dds_fastrtps
[8.400s] -- Installing: /home/robofei/Downloads/GC/install/messages/lib/libmessages__rosidl_typesupport_fastrtps_cpp.so
[8.400s] -- Set runtime path of "/home/robofei/Downloads/GC/install/messages/lib/libmessages__rosidl_typesupport_fastrtps_cpp.so" to ""
[8.400s] -- Up-to-date: /home/robofei/Downloads/GC/install/messages/include/messages
[8.400s] -- Up-to-date: /home/robofei/Downloads/GC/install/messages/include/messages/msg
[8.401s] -- Up-to-date: /home/robofei/Downloads/GC/install/messages/include/messages/msg/detail
[8.401s] -- Installing: /home/robofei/Downloads/GC/install/messages/include/messages/msg/detail/humanoid_league_msgs__type_support.c
[8.401s] -- Installing: /home/robofei/Downloads/GC/install/messages/include/messages/msg/detail/humanoid_league_msgs__rosidl_typesupport_introspection_c.h
[8.401s] -- Up-to-date: /home/robofei/Downloads/GC/install/messages/include/messages/msg/rosidl_typesupport_introspection_c__visibility_control.h
[8.401s] -- Installing: /home/robofei/Downloads/GC/install/messages/lib/libmessages__rosidl_typesupport_introspection_c.so
[8.401s] -- Set runtime path of "/home/robofei/Downloads/GC/install/messages/lib/libmessages__rosidl_typesupport_introspection_c.so" to ""
[8.402s] -- Installing: /home/robofei/Downloads/GC/install/messages/lib/libmessages__rosidl_typesupport_c.so
[8.402s] -- Set runtime path of "/home/robofei/Downloads/GC/install/messages/lib/libmessages__rosidl_typesupport_c.so" to ""
[8.402s] -- Up-to-date: /home/robofei/Downloads/GC/install/messages/include/messages
[8.403s] -- Up-to-date: /home/robofei/Downloads/GC/install/messages/include/messages/msg
[8.403s] -- Up-to-date: /home/robofei/Downloads/GC/install/messages/include/messages/msg/detail
[8.403s] -- Installing: /home/robofei/Downloads/GC/install/messages/include/messages/msg/detail/humanoid_league_msgs__struct.hpp
[8.403s] -- Installing: /home/robofei/Downloads/GC/install/messages/include/messages/msg/detail/humanoid_league_msgs__traits.hpp
[8.406s] -- Installing: /home/robofei/Downloads/GC/install/messages/include/messages/msg/detail/humanoid_league_msgs__builder.hpp
[8.406s] -- Installing: /home/robofei/Downloads/GC/install/messages/include/messages/msg/humanoid_league_msgs.hpp
[8.406s] -- Up-to-date: /home/robofei/Downloads/GC/install/messages/include/messages
[8.406s] -- Up-to-date: /home/robofei/Downloads/GC/install/messages/include/messages/msg
[8.406s] -- Up-to-date: /home/robofei/Downloads/GC/install/messages/include/messages/msg/detail
[8.406s] -- Installing: /home/robofei/Downloads/GC/install/messages/include/messages/msg/detail/humanoid_league_msgs__type_support.cpp
[8.406s] -- Installing: /home/robofei/Downloads/GC/install/messages/include/messages/msg/detail/humanoid_league_msgs__rosidl_typesupport_introspection_cpp.hpp
[8.407s] -- Installing: /home/robofei/Downloads/GC/install/messages/lib/libmessages__rosidl_typesupport_introspection_cpp.so
[8.407s] -- Set runtime path of "/home/robofei/Downloads/GC/install/messages/lib/libmessages__rosidl_typesupport_introspection_cpp.so" to ""
[8.407s] -- Installing: /home/robofei/Downloads/GC/install/messages/lib/libmessages__rosidl_typesupport_cpp.so
[8.407s] -- Set runtime path of "/home/robofei/Downloads/GC/install/messages/lib/libmessages__rosidl_typesupport_cpp.so" to ""
[8.407s] -- Up-to-date: /home/robofei/Downloads/GC/install/messages/share/messages/environment/pythonpath.sh
[8.407s] -- Installing: /home/robofei/Downloads/GC/install/messages/share/messages/environment/pythonpath.dsv
[8.407s] -- Installing: /home/robofei/Downloads/GC/install/messages/lib/python3.8/site-packages/messages/__init__.py
[8.445s] Compiling '/home/robofei/Downloads/GC/install/messages/lib/python3.8/site-packages/messages/__init__.py'...
[8.450s] -- Up-to-date: /home/robofei/Downloads/GC/install/messages/lib/python3.8/site-packages/messages/msg
[8.451s] -- Installing: /home/robofei/Downloads/GC/install/messages/lib/python3.8/site-packages/messages/msg/_humanoid_league_msgs.py
[8.451s] -- Installing: /home/robofei/Downloads/GC/install/messages/lib/python3.8/site-packages/messages/msg/_humanoid_league_msgs_s.c
[8.451s] -- Installing: /home/robofei/Downloads/GC/install/messages/lib/python3.8/site-packages/messages/msg/__init__.py
[8.452s] -- Installing: /home/robofei/Downloads/GC/install/messages/lib/python3.8/site-packages/messages/messages_s__rosidl_typesupport_fastrtps_c.cpython-38-x86_64-linux-gnu.so
[8.453s] -- Set runtime path of "/home/robofei/Downloads/GC/install/messages/lib/python3.8/site-packages/messages/messages_s__rosidl_typesupport_fastrtps_c.cpython-38-x86_64-linux-gnu.so" to ""
[8.454s] -- Installing: /home/robofei/Downloads/GC/install/messages/lib/python3.8/site-packages/messages/messages_s__rosidl_typesupport_introspection_c.cpython-38-x86_64-linux-gnu.so
[8.455s] -- Set runtime path of "/home/robofei/Downloads/GC/install/messages/lib/python3.8/site-packages/messages/messages_s__rosidl_typesupport_introspection_c.cpython-38-x86_64-linux-gnu.so" to ""
[8.456s] -- Installing: /home/robofei/Downloads/GC/install/messages/lib/python3.8/site-packages/messages/messages_s__rosidl_typesupport_c.cpython-38-x86_64-linux-gnu.so
[8.457s] -- Set runtime path of "/home/robofei/Downloads/GC/install/messages/lib/python3.8/site-packages/messages/messages_s__rosidl_typesupport_c.cpython-38-x86_64-linux-gnu.so" to ""
[8.458s] -- Installing: /home/robofei/Downloads/GC/install/messages/lib/libmessages__python.so
[8.459s] -- Set runtime path of "/home/robofei/Downloads/GC/install/messages/lib/libmessages__python.so" to ""
[8.459s] -- Installing: /home/robofei/Downloads/GC/install/messages/share/messages/msg/HumanoidLeagueMsgs.idl
[8.459s] -- Installing: /home/robofei/Downloads/GC/install/messages/share/messages/msg/HumanoidLeagueMsgs.msg
[8.460s] -- Up-to-date: /home/robofei/Downloads/GC/install/messages/share/ament_index/resource_index/package_run_dependencies/messages
[8.460s] -- Up-to-date: /home/robofei/Downloads/GC/install/messages/share/ament_index/resource_index/parent_prefix_path/messages
[8.460s] -- Up-to-date: /home/robofei/Downloads/GC/install/messages/share/messages/environment/ament_prefix_path.sh
[8.460s] -- Installing: /home/robofei/Downloads/GC/install/messages/share/messages/environment/ament_prefix_path.dsv
[8.461s] -- Up-to-date: /home/robofei/Downloads/GC/install/messages/share/messages/environment/path.sh
[8.461s] -- Installing: /home/robofei/Downloads/GC/install/messages/share/messages/environment/path.dsv
[8.461s] -- Up-to-date: /home/robofei/Downloads/GC/install/messages/share/messages/local_setup.bash
[8.461s] -- Up-to-date: /home/robofei/Downloads/GC/install/messages/share/messages/local_setup.sh
[8.461s] -- Up-to-date: /home/robofei/Downloads/GC/install/messages/share/messages/local_setup.zsh
[8.461s] -- Installing: /home/robofei/Downloads/GC/install/messages/share/messages/local_setup.dsv
[8.462s] -- Installing: /home/robofei/Downloads/GC/install/messages/share/messages/package.dsv
[8.462s] -- Up-to-date: /home/robofei/Downloads/GC/install/messages/share/ament_index/resource_index/packages/messages
[8.462s] -- Up-to-date: /home/robofei/Downloads/GC/install/messages/share/messages/cmake/messages__rosidl_generator_cExport.cmake
[8.463s] -- Installing: /home/robofei/Downloads/GC/install/messages/share/messages/cmake/messages__rosidl_generator_cExport-noconfig.cmake
[8.463s] -- Up-to-date: /home/robofei/Downloads/GC/install/messages/share/messages/cmake/messages__rosidl_typesupport_introspection_cExport.cmake
[8.463s] -- Installing: /home/robofei/Downloads/GC/install/messages/share/messages/cmake/messages__rosidl_typesupport_introspection_cExport-noconfig.cmake
[8.464s] -- Up-to-date: /home/robofei/Downloads/GC/install/messages/share/messages/cmake/messages__rosidl_typesupport_cExport.cmake
[8.464s] -- Installing: /home/robofei/Downloads/GC/install/messages/share/messages/cmake/messages__rosidl_typesupport_cExport-noconfig.cmake
[8.465s] -- Up-to-date: /home/robofei/Downloads/GC/install/messages/share/messages/cmake/messages__rosidl_generator_cppExport.cmake
[8.465s] -- Up-to-date: /home/robofei/Downloads/GC/install/messages/share/messages/cmake/messages__rosidl_typesupport_introspection_cppExport.cmake
[8.465s] -- Installing: /home/robofei/Downloads/GC/install/messages/share/messages/cmake/messages__rosidl_typesupport_introspection_cppExport-noconfig.cmake
[8.466s] -- Up-to-date: /home/robofei/Downloads/GC/install/messages/share/messages/cmake/messages__rosidl_typesupport_cppExport.cmake
[8.466s] -- Installing: /home/robofei/Downloads/GC/install/messages/share/messages/cmake/messages__rosidl_typesupport_cppExport-noconfig.cmake
[8.466s] -- Up-to-date: /home/robofei/Downloads/GC/install/messages/share/messages/cmake/rosidl_cmake-extras.cmake
[8.466s] -- Up-to-date: /home/robofei/Downloads/GC/install/messages/share/messages/cmake/ament_cmake_export_dependencies-extras.cmake
[8.466s] -- Up-to-date: /home/robofei/Downloads/GC/install/messages/share/messages/cmake/ament_cmake_export_libraries-extras.cmake
[8.467s] -- Up-to-date: /home/robofei/Downloads/GC/install/messages/share/messages/cmake/ament_cmake_export_targets-extras.cmake
[8.467s] -- Up-to-date: /home/robofei/Downloads/GC/install/messages/share/messages/cmake/ament_cmake_export_include_directories-extras.cmake
[8.467s] -- Up-to-date: /home/robofei/Downloads/GC/install/messages/share/messages/cmake/rosidl_cmake_export_typesupport_libraries-extras.cmake
[8.468s] -- Up-to-date: /home/robofei/Downloads/GC/install/messages/share/messages/cmake/rosidl_cmake_export_typesupport_targets-extras.cmake
[8.468s] -- Up-to-date: /home/robofei/Downloads/GC/install/messages/share/messages/cmake/messagesConfig.cmake
[8.469s] -- Up-to-date: /home/robofei/Downloads/GC/install/messages/share/messages/cmake/messagesConfig-version.cmake
[8.469s] -- Up-to-date: /home/robofei/Downloads/GC/install/messages/share/messages/package.xml
[8.475s] Invoked command in '/home/robofei/Downloads/GC/build/messages' returned '0': CMAKE_PREFIX_PATH=${CMAKE_PREFIX_PATH}:/home/robofei/Downloads/GC/install/controller:/opt/ros/foxy /usr/bin/cmake --install /home/robofei/Downloads/GC/build/messages
