[35m[1mScanning dependencies of target action_node[0m
[ 50%] [32mBuilding CXX object CMakeFiles/action_node.dir/src/main.cpp.o[0m
[01m[K/home/robofei/ROS2/action/src/control/src/main.cpp:[m[K In member function ‘[01m[Kvoid ActionNode::topic_callback(std_msgs::msg::String_<std::allocator<void> >::SharedPtr) const[m[K’:
[01m[K/home/robofei/ROS2/action/src/control/src/main.cpp:76:9:[m[K [01;31m[Kerror: [m[K‘[01m[Kmovement[m[K’ was not declared in this scope
   76 |         [01;31m[Kmovement[m[K = msg->data.c_str();
      |         [01;31m[K^~~~~~~~[m[K
[01m[K/home/robofei/ROS2/action/src/control/src/main.cpp:83:28:[m[K [01;31m[Kerror: [m[K‘[01m[Klast_movement[m[K’ was not declared in this scope
   83 |             if(movement == [01;31m[Klast_movement[m[K)
      |                            [01;31m[K^~~~~~~~~~~~~[m[K
[01m[K/home/robofei/ROS2/action/src/control/src/main.cpp:84:17:[m[K [01;31m[Kerror: [m[K‘[01m[Ksame_moviment[m[K’ was not declared in this scope
   84 |                 [01;31m[Ksame_moviment[m[K = true;
      |                 [01;31m[K^~~~~~~~~~~~~[m[K
[01m[K/home/robofei/ROS2/action/src/control/src/main.cpp:87:17:[m[K [01;31m[Kerror: [m[K‘[01m[Ksame_moviment[m[K’ was not declared in this scope
   87 |                 [01;31m[Ksame_moviment[m[K = false;
      |                 [01;31m[K^~~~~~~~~~~~~[m[K
[01m[K/home/robofei/ROS2/action/src/control/src/main.cpp:89:17:[m[K [01;31m[Kerror: [m[K‘[01m[Kcount_read[m[K’ was not declared in this scope; did you mean ‘[01m[Kini_read[m[K’?
   89 |                 [01;31m[Kcount_read[m[K=0;
      |                 [01;31m[K^~~~~~~~~~[m[K
      |                 [32m[Kini_read[m[K
[01m[K/home/robofei/ROS2/action/src/control/src/main.cpp:196:13:[m[K [01;31m[Kerror: [m[K‘[01m[Kcount_read[m[K’ was not declared in this scope; did you mean ‘[01m[Kini_read[m[K’?
  196 |             [01;31m[Kcount_read[m[K++;
      |             [01;31m[K^~~~~~~~~~[m[K
      |             [32m[Kini_read[m[K
[01m[K/home/robofei/ROS2/action/src/control/src/main.cpp:197:51:[m[K [01;35m[Kwarning: [m[Knon-ISO-standard escape sequence, '\e'
  197 |             std::cout << "\rReading BlackBoard" <<[01;35m[K"[\e[38;5;82m"[m[K<< count_read<<"\e[0m] | Tempo ocioso"<<"[\e[38;5;82m"<< count_read*step_time/1000<<"s\e[0m]";
      |                                                   [01;35m[K^~~~~~~~~~~~~~[m[K
[01m[K/home/robofei/ROS2/action/src/control/src/main.cpp:197:80:[m[K [01;35m[Kwarning: [m[Knon-ISO-standard escape sequence, '\e'
  197 | out << "\rReading BlackBoard" <<"[\e[38;5;82m"<< count_read<<[01;35m[K"\e[0m] | Tempo ocioso"[m[K<<"[\e[38;5;82m"<< count_read*step_time/1000<<"s\e[0m]";
      |                                                              [01;35m[K^~~~~~~~~~~~~~~~~~~~~~~[m[K

[01m[K/home/robofei/ROS2/action/src/control/src/main.cpp:197:105:[m[K [01;35m[Kwarning: [m[Knon-ISO-standard escape sequence, '\e'
  197 | ard" <<"[\e[38;5;82m"<< count_read<<"\e[0m] | Tempo ocioso"<<[01;35m[K"[\e[38;5;82m"[m[K<< count_read*step_time/1000<<"s\e[0m]";
      |                                                              [01;35m[K^~~~~~~~~~~~~~[m[K

[01m[K/home/robofei/ROS2/action/src/control/src/main.cpp:197:133:[m[K [01;31m[Kerror: [m[K‘[01m[Kstep_time[m[K’ was not declared in this scope; did you mean ‘[01m[Kstrptime[m[K’?
  197 | t_read<<"\e[0m] | Tempo ocioso"<<"[\e[38;5;82m"<< count_read*[01;31m[Kstep_time[m[K/1000<<"s\e[0m]";
      |                                                              [01;31m[K^~~~~~~~~[m[K
      |                                                              [32m[Kstrptime[m[K
[01m[K/home/robofei/ROS2/action/src/control/src/main.cpp:197:149:[m[K [01;35m[Kwarning: [m[Knon-ISO-standard escape sequence, '\e'
  197 | "\e[0m] | Tempo ocioso"<<"[\e[38;5;82m"<< count_read*step_time/1000<<[01;35m[K"s\e[0m]"[m[K;
      |                                                                      [01;35m[K^~~~~~~~~[m[K

[01m[K/home/robofei/ROS2/action/src/control/src/main.cpp:[m[K In member function ‘[01m[Kvoid ActionNode::goodBye() const[m[K’:
[01m[K/home/robofei/ROS2/action/src/control/src/main.cpp:230:12:[m[K [01;35m[Kwarning: [m[Kunused variable ‘[01m[Kcount_[m[K’ [[01;35m[K-Wunused-variable[m[K]
  230 |     size_t [01;35m[Kcount_[m[K;
      |            [01;35m[K^~~~~~[m[K
[01m[K/home/robofei/ROS2/action/src/control/src/main.cpp:[m[K In function ‘[01m[Kvoid sighandler(int)[m[K’:
[01m[K/home/robofei/ROS2/action/src/control/src/main.cpp:257:21:[m[K [01;35m[Kwarning: [m[Kunused parameter ‘[01m[Ksig[m[K’ [[01;35m[K-Wunused-parameter[m[K]
  257 | void sighandler([01;35m[Kint sig[m[K)
      |                 [01;35m[K~~~~^~~[m[K
[01m[K/home/robofei/ROS2/action/src/control/src/main.cpp:[m[K In function ‘[01m[Kint main(int, char**)[m[K’:
[01m[K/home/robofei/ROS2/action/src/control/src/main.cpp:275:17:[m[K [01;35m[Kwarning: [m[Kunused variable ‘[01m[Kmovement[m[K’ [[01;35m[K-Wunused-variable[m[K]
  275 |     const char* [01;35m[Kmovement[m[K;
      |                 [01;35m[K^~~~~~~~[m[K
[01m[K/home/robofei/ROS2/action/src/control/src/main.cpp:276:17:[m[K [01;35m[Kwarning: [m[Kunused variable ‘[01m[Klast_movement[m[K’ [[01;35m[K-Wunused-variable[m[K]
  276 |     const char* [01;35m[Klast_movement[m[K;
      |                 [01;35m[K^~~~~~~~~~~~~[m[K
[01m[K/home/robofei/ROS2/action/src/control/src/main.cpp:278:10:[m[K [01;35m[Kwarning: [m[Kunused variable ‘[01m[Kstop_gait[m[K’ [[01;35m[K-Wunused-variable[m[K]
  278 |     bool [01;35m[Kstop_gait[m[K = true;
      |          [01;35m[K^~~~~~~~~[m[K
[01m[K/home/robofei/ROS2/action/src/control/src/main.cpp:279:11:[m[K [01;35m[Kwarning: [m[Kunused variable ‘[01m[KServoport[m[K’ [[01;35m[K-Wunused-variable[m[K]
  279 |     char *[01;35m[KServoport[m[K;
      |           [01;35m[K^~~~~~~~~[m[K
[01m[K/home/robofei/ROS2/action/src/control/src/main.cpp:280:9:[m[K [01;35m[Kwarning: [m[Kunused variable ‘[01m[Kvalue[m[K’ [[01;35m[K-Wunused-variable[m[K]
  280 |     int [01;35m[Kvalue[m[K;
      |         [01;35m[K^~~~~[m[K
[01m[K/home/robofei/ROS2/action/src/control/src/main.cpp:281:9:[m[K [01;35m[Kwarning: [m[Kunused variable ‘[01m[KidServo[m[K’ [[01;35m[K-Wunused-variable[m[K]
  281 |     int [01;35m[KidServo[m[K;
      |         [01;35m[K^~~~~~~[m[K
[01m[K/home/robofei/ROS2/action/src/control/src/main.cpp:282:10:[m[K [01;35m[Kwarning: [m[Kunused variable ‘[01m[Kflag_stop[m[K’ [[01;35m[K-Wunused-variable[m[K]
  282 |     bool [01;35m[Kflag_stop[m[K = 0;
      |          [01;35m[K^~~~~~~~~[m[K
[01m[K/home/robofei/ROS2/action/src/control/src/main.cpp:283:10:[m[K [01;35m[Kwarning: [m[Kunused variable ‘[01m[Ksame_moviment[m[K’ [[01;35m[K-Wunused-variable[m[K]
  283 |     bool [01;35m[Ksame_moviment[m[K = false;
      |          [01;35m[K^~~~~~~~~~~~~[m[K
[01m[K/home/robofei/ROS2/action/src/control/src/main.cpp:284:18:[m[K [01;35m[Kwarning: [m[Kunused variable ‘[01m[Kbuffer[m[K’ [[01;35m[K-Wunused-variable[m[K]
  284 |     unsigned int [01;35m[Kbuffer[m[K = 10000;
      |                  [01;35m[K^~~~~~[m[K
[01m[K/home/robofei/ROS2/action/src/control/src/main.cpp:285:18:[m[K [01;35m[Kwarning: [m[Kunused variable ‘[01m[Kcount_read[m[K’ [[01;35m[K-Wunused-variable[m[K]
  285 |     unsigned int [01;35m[Kcount_read[m[K=0;
      |                  [01;35m[K^~~~~~~~~~[m[K
[01m[K/home/robofei/ROS2/action/src/control/src/main.cpp:286:18:[m[K [01;35m[Kwarning: [m[Kunused variable ‘[01m[Kstep_time[m[K’ [[01;35m[K-Wunused-variable[m[K]
  286 |     unsigned int [01;35m[Kstep_time[m[K=20; // Determina a frequencia de leitura do blackboard
      |                  [01;35m[K^~~~~~~~~[m[K
make[2]: *** [CMakeFiles/action_node.dir/build.make:63: CMakeFiles/action_node.dir/src/main.cpp.o] Error 1
make[1]: *** [CMakeFiles/Makefile2:78: CMakeFiles/action_node.dir/all] Error 2
make: *** [Makefile:141: all] Error 2
