[0.127s] Invoking command in '/home/robofei/ROS2/build/um7': CMAKE_PREFIX_PATH=/home/robofei/ROS2/install/serial:/home/robofei/ROS2/install/um7:/home/robofei/ROS2/install/control:/home/robofei/ROS2/install/dynamixel_sdk_examples:/home/robofei/ROS2/install/dynamixel_sdk_custom_interfaces:/home/robofei/ROS2/install/dynamixel_sdk:/home/robofei/ROS2/install/custom_interfaces_vision:/home/robofei/ROS2/install/custom_interfaces:/home/robofei/ROS2/install/vision_pkg:/home/robofei/ROS2/install/decision_pkg:/home/robofei/ROS2/install/controller:/opt/ros/foxy /usr/bin/cmake --build /home/robofei/ROS2/build/um7 -- -j8 -l8
[0.167s] [  2%] Built target um7__cpp
[0.167s] [ 10%] Built target um7__rosidl_generator_c
[0.184s] [ 16%] Built target um7_node
[0.233s] [ 24%] Built target um7__rosidl_typesupport_introspection_cpp
[0.244s] [ 32%] Built target um7__rosidl_typesupport_introspection_c
[0.260s] [ 40%] Built target um7__rosidl_typesupport_cpp
[0.276s] [ 48%] Built target um7__rosidl_typesupport_c
[0.278s] [ 56%] Built target um7__rosidl_typesupport_fastrtps_cpp
[0.329s] [ 64%] Built target um7__rosidl_typesupport_fastrtps_c
[0.361s] [ 64%] Built target um7
[0.396s] [ 67%] Built target um7__py
[0.427s] [ 78%] Built target um7_driver
[0.433s] [ 83%] Built target um7__python
[0.482s] [ 94%] Built target um7__rosidl_typesupport_c__pyext
[0.483s] [ 94%] Built target um7__rosidl_typesupport_fastrtps_c__pyext
[0.488s] [100%] Built target um7__rosidl_typesupport_introspection_c__pyext
[0.856s] Invoked command in '/home/robofei/ROS2/build/um7' returned '0': CMAKE_PREFIX_PATH=/home/robofei/ROS2/install/serial:/home/robofei/ROS2/install/um7:/home/robofei/ROS2/install/control:/home/robofei/ROS2/install/dynamixel_sdk_examples:/home/robofei/ROS2/install/dynamixel_sdk_custom_interfaces:/home/robofei/ROS2/install/dynamixel_sdk:/home/robofei/ROS2/install/custom_interfaces_vision:/home/robofei/ROS2/install/custom_interfaces:/home/robofei/ROS2/install/vision_pkg:/home/robofei/ROS2/install/decision_pkg:/home/robofei/ROS2/install/controller:/opt/ros/foxy /usr/bin/cmake --build /home/robofei/ROS2/build/um7 -- -j8 -l8
[0.955s] Invoking command in '/home/robofei/ROS2/build/um7': CMAKE_PREFIX_PATH=/home/robofei/ROS2/install/serial:/home/robofei/ROS2/install/um7:/home/robofei/ROS2/install/control:/home/robofei/ROS2/install/dynamixel_sdk_examples:/home/robofei/ROS2/install/dynamixel_sdk_custom_interfaces:/home/robofei/ROS2/install/dynamixel_sdk:/home/robofei/ROS2/install/custom_interfaces_vision:/home/robofei/ROS2/install/custom_interfaces:/home/robofei/ROS2/install/vision_pkg:/home/robofei/ROS2/install/decision_pkg:/home/robofei/ROS2/install/controller:/opt/ros/foxy /usr/bin/cmake --install /home/robofei/ROS2/build/um7
[0.972s] -- Install configuration: ""
[0.973s] -- Execute custom install script
[0.974s] -- Up-to-date symlink: /home/robofei/ROS2/install/um7/share/ament_index/resource_index/rosidl_interfaces/um7
[0.976s] -- Up-to-date symlink: /home/robofei/ROS2/install/um7/include/um7/msg/rosidl_generator_c__visibility_control.h
[0.977s] -- Up-to-date symlink: /home/robofei/ROS2/install/um7/include/um7/srv/detail/reset__functions.h
[0.978s] -- Up-to-date symlink: /home/robofei/ROS2/install/um7/include/um7/srv/detail/reset__struct.h
[0.979s] -- Up-to-date symlink: /home/robofei/ROS2/install/um7/include/um7/srv/detail/reset__type_support.h
[0.980s] -- Up-to-date symlink: /home/robofei/ROS2/install/um7/include/um7/srv/reset.h
[0.981s] -- Up-to-date symlink: /home/robofei/ROS2/install/um7/share/um7/environment/library_path.sh
[0.983s] -- Up-to-date symlink: /home/robofei/ROS2/install/um7/share/um7/environment/library_path.dsv
[0.984s] -- Up-to-date symlink: /home/robofei/ROS2/install/um7/include/um7/msg/rosidl_typesupport_fastrtps_c__visibility_control.h
[0.986s] -- Up-to-date symlink: /home/robofei/ROS2/install/um7/include/um7/srv/detail/reset__rosidl_typesupport_fastrtps_c.h
[0.987s] -- Up-to-date symlink: /home/robofei/ROS2/install/um7/lib/libum7__rosidl_typesupport_fastrtps_c.so
[0.990s] -- Up-to-date symlink: /home/robofei/ROS2/install/um7/include/um7/msg/rosidl_typesupport_fastrtps_cpp__visibility_control.h
[0.991s] -- Up-to-date symlink: /home/robofei/ROS2/install/um7/include/um7/srv/detail/reset__rosidl_typesupport_fastrtps_cpp.hpp
[0.993s] -- Up-to-date symlink: /home/robofei/ROS2/install/um7/lib/libum7__rosidl_typesupport_fastrtps_cpp.so
[0.995s] -- Up-to-date symlink: /home/robofei/ROS2/install/um7/include/um7/msg/rosidl_typesupport_introspection_c__visibility_control.h
[0.996s] -- Up-to-date symlink: /home/robofei/ROS2/install/um7/include/um7/srv/detail/reset__rosidl_typesupport_introspection_c.h
[0.997s] -- Up-to-date symlink: /home/robofei/ROS2/install/um7/include/um7/srv/detail/reset__builder.hpp
[0.998s] -- Up-to-date symlink: /home/robofei/ROS2/install/um7/include/um7/srv/detail/reset__struct.hpp
[0.998s] -- Up-to-date symlink: /home/robofei/ROS2/install/um7/include/um7/srv/detail/reset__traits.hpp
[0.999s] -- Up-to-date symlink: /home/robofei/ROS2/install/um7/include/um7/srv/reset.hpp
[1.000s] -- Up-to-date symlink: /home/robofei/ROS2/install/um7/include/um7/srv/detail/reset__rosidl_typesupport_introspection_cpp.hpp
[1.002s] -- Up-to-date symlink: /home/robofei/ROS2/install/um7/share/um7/environment/pythonpath.sh
[1.002s] -- Up-to-date symlink: /home/robofei/ROS2/install/um7/share/um7/environment/pythonpath.dsv
[1.003s] -- Up-to-date symlink: /home/robofei/ROS2/install/um7/lib/python3.8/site-packages/um7/__init__.py
[1.004s] -- Up-to-date symlink: /home/robofei/ROS2/install/um7/lib/python3.8/site-packages/um7/srv/__init__.py
[1.004s] -- Up-to-date symlink: /home/robofei/ROS2/install/um7/lib/python3.8/site-packages/um7/srv/_reset.py
[1.007s] -- Up-to-date symlink: /home/robofei/ROS2/install/um7/lib/python3.8/site-packages/um7/um7_s__rosidl_typesupport_fastrtps_c.cpython-38-x86_64-linux-gnu.so
[1.008s] -- Up-to-date symlink: /home/robofei/ROS2/install/um7/lib/python3.8/site-packages/um7/um7_s__rosidl_typesupport_introspection_c.cpython-38-x86_64-linux-gnu.so
[1.009s] -- Up-to-date symlink: /home/robofei/ROS2/install/um7/lib/python3.8/site-packages/um7/um7_s__rosidl_typesupport_c.cpython-38-x86_64-linux-gnu.so
[1.011s] -- Up-to-date symlink: /home/robofei/ROS2/install/um7/lib/libum7__python.so
[1.012s] -- Up-to-date symlink: /home/robofei/ROS2/install/um7/share/um7/srv/Reset.idl
[1.013s] -- Up-to-date symlink: /home/robofei/ROS2/install/um7/share/um7/srv/Reset.srv
[1.014s] -- Up-to-date symlink: /home/robofei/ROS2/install/um7/share/um7/srv/Reset_Request.msg
[1.015s] -- Up-to-date symlink: /home/robofei/ROS2/install/um7/share/um7/srv/Reset_Response.msg
[1.017s] -- Up-to-date symlink: /home/robofei/ROS2/install/um7/lib/um7/um7_node
[1.018s] -- Up-to-date symlink: /home/robofei/ROS2/install/um7/lib/libum7_driver.so
[1.019s] -- Up-to-date symlink: /home/robofei/ROS2/install/um7/share/ament_index/resource_index/package_run_dependencies/um7
[1.019s] -- Up-to-date symlink: /home/robofei/ROS2/install/um7/share/ament_index/resource_index/parent_prefix_path/um7
[1.019s] -- Up-to-date symlink: /home/robofei/ROS2/install/um7/share/um7/environment/ament_prefix_path.sh
[1.020s] -- Up-to-date symlink: /home/robofei/ROS2/install/um7/share/um7/environment/ament_prefix_path.dsv
[1.021s] -- Up-to-date symlink: /home/robofei/ROS2/install/um7/share/um7/environment/path.sh
[1.021s] -- Up-to-date symlink: /home/robofei/ROS2/install/um7/share/um7/environment/path.dsv
[1.022s] -- Up-to-date symlink: /home/robofei/ROS2/install/um7/share/um7/local_setup.bash
[1.022s] -- Up-to-date symlink: /home/robofei/ROS2/install/um7/share/um7/local_setup.sh
[1.023s] -- Up-to-date symlink: /home/robofei/ROS2/install/um7/share/um7/local_setup.zsh
[1.023s] -- Up-to-date symlink: /home/robofei/ROS2/install/um7/share/um7/local_setup.dsv
[1.023s] -- Symlinking: /home/robofei/ROS2/install/um7/share/um7/package.dsv
[1.038s] -- Up-to-date symlink: /home/robofei/ROS2/install/um7/share/ament_index/resource_index/packages/um7
[1.039s] -- Up-to-date symlink: /home/robofei/ROS2/install/um7/share/ament_index/resource_index/rclcpp_components/um7
[1.039s] -- Up-to-date symlink: /home/robofei/ROS2/install/um7/share/um7/cmake/rosidl_cmake-extras.cmake
[1.047s] -- Up-to-date symlink: /home/robofei/ROS2/install/um7/share/um7/cmake/ament_cmake_export_dependencies-extras.cmake
[1.047s] -- Up-to-date symlink: /home/robofei/ROS2/install/um7/share/um7/cmake/ament_cmake_export_libraries-extras.cmake
[1.048s] -- Up-to-date symlink: /home/robofei/ROS2/install/um7/share/um7/cmake/ament_cmake_export_targets-extras.cmake
[1.048s] -- Up-to-date symlink: /home/robofei/ROS2/install/um7/share/um7/cmake/ament_cmake_export_include_directories-extras.cmake
[1.048s] -- Up-to-date symlink: /home/robofei/ROS2/install/um7/share/um7/cmake/rosidl_cmake_export_typesupport_libraries-extras.cmake
[1.048s] -- Up-to-date symlink: /home/robofei/ROS2/install/um7/share/um7/cmake/rosidl_cmake_export_typesupport_targets-extras.cmake
[1.048s] -- Up-to-date symlink: /home/robofei/ROS2/install/um7/share/um7/cmake/um7Config.cmake
[1.048s] -- Up-to-date symlink: /home/robofei/ROS2/install/um7/share/um7/cmake/um7Config-version.cmake
[1.048s] -- Up-to-date symlink: /home/robofei/ROS2/install/um7/share/um7/package.xml
[1.049s] -- Up-to-date: /home/robofei/ROS2/install/um7/lib/libum7__rosidl_generator_c.so
[1.049s] -- Up-to-date: /home/robofei/ROS2/install/um7/lib/libum7__rosidl_typesupport_introspection_c.so
[1.049s] -- Up-to-date: /home/robofei/ROS2/install/um7/lib/libum7__rosidl_typesupport_c.so
[1.049s] -- Up-to-date: /home/robofei/ROS2/install/um7/lib/libum7__rosidl_typesupport_introspection_cpp.so
[1.049s] -- Up-to-date: /home/robofei/ROS2/install/um7/lib/libum7__rosidl_typesupport_cpp.so
[1.129s] -- Up-to-date: /home/robofei/ROS2/install/um7/share/um7/cmake/um7__rosidl_generator_cExport.cmake
[1.129s] -- Up-to-date: /home/robofei/ROS2/install/um7/share/um7/cmake/um7__rosidl_generator_cExport-noconfig.cmake
[1.129s] -- Up-to-date: /home/robofei/ROS2/install/um7/share/um7/cmake/um7__rosidl_typesupport_introspection_cExport.cmake
[1.130s] -- Up-to-date: /home/robofei/ROS2/install/um7/share/um7/cmake/um7__rosidl_typesupport_introspection_cExport-noconfig.cmake
[1.130s] -- Up-to-date: /home/robofei/ROS2/install/um7/share/um7/cmake/um7__rosidl_typesupport_cExport.cmake
[1.130s] -- Up-to-date: /home/robofei/ROS2/install/um7/share/um7/cmake/um7__rosidl_typesupport_cExport-noconfig.cmake
[1.131s] -- Up-to-date: /home/robofei/ROS2/install/um7/share/um7/cmake/um7__rosidl_generator_cppExport.cmake
[1.131s] -- Up-to-date: /home/robofei/ROS2/install/um7/share/um7/cmake/um7__rosidl_typesupport_introspection_cppExport.cmake
[1.131s] -- Up-to-date: /home/robofei/ROS2/install/um7/share/um7/cmake/um7__rosidl_typesupport_introspection_cppExport-noconfig.cmake
[1.131s] -- Up-to-date: /home/robofei/ROS2/install/um7/share/um7/cmake/um7__rosidl_typesupport_cppExport.cmake
[1.131s] -- Up-to-date: /home/robofei/ROS2/install/um7/share/um7/cmake/um7__rosidl_typesupport_cppExport-noconfig.cmake
[1.139s] Invoked command in '/home/robofei/ROS2/build/um7' returned '0': CMAKE_PREFIX_PATH=/home/robofei/ROS2/install/serial:/home/robofei/ROS2/install/um7:/home/robofei/ROS2/install/control:/home/robofei/ROS2/install/dynamixel_sdk_examples:/home/robofei/ROS2/install/dynamixel_sdk_custom_interfaces:/home/robofei/ROS2/install/dynamixel_sdk:/home/robofei/ROS2/install/custom_interfaces_vision:/home/robofei/ROS2/install/custom_interfaces:/home/robofei/ROS2/install/vision_pkg:/home/robofei/ROS2/install/decision_pkg:/home/robofei/ROS2/install/controller:/opt/ros/foxy /usr/bin/cmake --install /home/robofei/ROS2/build/um7
