[0.154s] DEBUG:colcon:Command line arguments: ['/usr/bin/colcon', 'build', '--symlink-install']
[0.154s] DEBUG:colcon:Parsed command line arguments: Namespace(allow_overriding=[], ament_cmake_args=None, base_paths=['.'], build_base='build', catkin_cmake_args=None, catkin_skip_building_tests=False, cmake_args=None, cmake_clean_cache=False, cmake_clean_first=False, cmake_force_configure=False, cmake_target=None, cmake_target_skip_unavailable=False, continue_on_error=False, event_handlers=None, executor='parallel', ignore_user_meta=False, install_base='install', log_base=None, log_level=None, main=<bound method BuildVerb.main of <colcon_core.verb.build.BuildVerb object at 0x7f8e1189eaf0>>, merge_install=False, metas=['./colcon.meta'], packages_above=None, packages_above_and_dependencies=None, packages_above_depth=None, packages_end=None, packages_ignore=None, packages_ignore_regex=None, packages_select=None, packages_select_build_failed=False, packages_select_by_dep=None, packages_select_regex=None, packages_select_test_failures=False, packages_skip=None, packages_skip_build_finished=False, packages_skip_by_dep=None, packages_skip_regex=None, packages_skip_test_passed=False, packages_skip_up_to=None, packages_start=None, packages_up_to=None, packages_up_to_regex=None, parallel_workers=4, paths=None, symlink_install=True, test_result_base=None, verb_extension=<colcon_core.verb.build.BuildVerb object at 0x7f8e1189eaf0>, verb_name='build', verb_parser=<colcon_defaults.argument_parser.defaults.DefaultArgumentsDecorator object at 0x7f8e1182a0a0>)
[0.159s] Level 1:colcon.colcon_core.package_discovery:discover_packages(colcon_meta) check parameters
[0.159s] Level 1:colcon.colcon_core.package_discovery:discover_packages(recursive) check parameters
[0.159s] Level 1:colcon.colcon_core.package_discovery:discover_packages(ignore) check parameters
[0.159s] Level 1:colcon.colcon_core.package_discovery:discover_packages(path) check parameters
[0.159s] Level 1:colcon.colcon_core.package_discovery:discover_packages(colcon_meta) discover
[0.159s] Level 1:colcon.colcon_core.package_discovery:discover_packages(recursive) discover
[0.159s] INFO:colcon.colcon_core.package_discovery:Crawling recursively for packages in '/home/robofei/ROS2/action'
[0.159s] Level 1:colcon.colcon_core.package_identification:_identify(.) by extensions ['ignore', 'ignore_ament_install']
[0.160s] Level 1:colcon.colcon_core.package_identification:_identify(.) by extension 'ignore'
[0.160s] Level 1:colcon.colcon_core.package_identification:_identify(.) by extension 'ignore_ament_install'
[0.160s] Level 1:colcon.colcon_core.package_identification:_identify(.) by extensions ['colcon_pkg']
[0.160s] Level 1:colcon.colcon_core.package_identification:_identify(.) by extension 'colcon_pkg'
[0.160s] Level 1:colcon.colcon_core.package_identification:_identify(.) by extensions ['colcon_meta']
[0.160s] Level 1:colcon.colcon_core.package_identification:_identify(.) by extension 'colcon_meta'
[0.160s] Level 1:colcon.colcon_core.package_identification:_identify(.) by extensions ['ros']
[0.160s] Level 1:colcon.colcon_core.package_identification:_identify(.) by extension 'ros'
[0.173s] Level 1:colcon.colcon_core.package_identification:_identify(.) by extensions ['cmake', 'python']
[0.173s] Level 1:colcon.colcon_core.package_identification:_identify(.) by extension 'cmake'
[0.173s] Level 1:colcon.colcon_core.package_identification:_identify(.) by extension 'python'
[0.173s] Level 1:colcon.colcon_core.package_identification:_identify(.) by extensions ['python_setup_py']
[0.173s] Level 1:colcon.colcon_core.package_identification:_identify(.) by extension 'python_setup_py'
[0.173s] Level 1:colcon.colcon_core.package_identification:_identify(Data) by extensions ['ignore', 'ignore_ament_install']
[0.173s] Level 1:colcon.colcon_core.package_identification:_identify(Data) by extension 'ignore'
[0.173s] Level 1:colcon.colcon_core.package_identification:_identify(Data) by extension 'ignore_ament_install'
[0.173s] Level 1:colcon.colcon_core.package_identification:_identify(Data) by extensions ['colcon_pkg']
[0.173s] Level 1:colcon.colcon_core.package_identification:_identify(Data) by extension 'colcon_pkg'
[0.173s] Level 1:colcon.colcon_core.package_identification:_identify(Data) by extensions ['colcon_meta']
[0.173s] Level 1:colcon.colcon_core.package_identification:_identify(Data) by extension 'colcon_meta'
[0.173s] Level 1:colcon.colcon_core.package_identification:_identify(Data) by extensions ['ros']
[0.173s] Level 1:colcon.colcon_core.package_identification:_identify(Data) by extension 'ros'
[0.173s] Level 1:colcon.colcon_core.package_identification:_identify(Data) by extensions ['cmake', 'python']
[0.173s] Level 1:colcon.colcon_core.package_identification:_identify(Data) by extension 'cmake'
[0.173s] Level 1:colcon.colcon_core.package_identification:_identify(Data) by extension 'python'
[0.174s] Level 1:colcon.colcon_core.package_identification:_identify(Data) by extensions ['python_setup_py']
[0.174s] Level 1:colcon.colcon_core.package_identification:_identify(Data) by extension 'python_setup_py'
[0.174s] Level 1:colcon.colcon_core.package_identification:_identify(Framework) by extensions ['ignore', 'ignore_ament_install']
[0.174s] Level 1:colcon.colcon_core.package_identification:_identify(Framework) by extension 'ignore'
[0.174s] Level 1:colcon.colcon_core.package_identification:_identify(Framework) by extension 'ignore_ament_install'
[0.174s] Level 1:colcon.colcon_core.package_identification:_identify(Framework) by extensions ['colcon_pkg']
[0.174s] Level 1:colcon.colcon_core.package_identification:_identify(Framework) by extension 'colcon_pkg'
[0.174s] Level 1:colcon.colcon_core.package_identification:_identify(Framework) by extensions ['colcon_meta']
[0.174s] Level 1:colcon.colcon_core.package_identification:_identify(Framework) by extension 'colcon_meta'
[0.174s] Level 1:colcon.colcon_core.package_identification:_identify(Framework) by extensions ['ros']
[0.174s] Level 1:colcon.colcon_core.package_identification:_identify(Framework) by extension 'ros'
[0.174s] Level 1:colcon.colcon_core.package_identification:_identify(Framework) by extensions ['cmake', 'python']
[0.174s] Level 1:colcon.colcon_core.package_identification:_identify(Framework) by extension 'cmake'
[0.174s] Level 1:colcon.colcon_core.package_identification:_identify(Framework) by extension 'python'
[0.174s] Level 1:colcon.colcon_core.package_identification:_identify(Framework) by extensions ['python_setup_py']
[0.174s] Level 1:colcon.colcon_core.package_identification:_identify(Framework) by extension 'python_setup_py'
[0.174s] Level 1:colcon.colcon_core.package_identification:_identify(Framework/include) by extensions ['ignore', 'ignore_ament_install']
[0.175s] Level 1:colcon.colcon_core.package_identification:_identify(Framework/include) by extension 'ignore'
[0.175s] Level 1:colcon.colcon_core.package_identification:_identify(Framework/include) by extension 'ignore_ament_install'
[0.175s] Level 1:colcon.colcon_core.package_identification:_identify(Framework/include) by extensions ['colcon_pkg']
[0.175s] Level 1:colcon.colcon_core.package_identification:_identify(Framework/include) by extension 'colcon_pkg'
[0.175s] Level 1:colcon.colcon_core.package_identification:_identify(Framework/include) by extensions ['colcon_meta']
[0.175s] Level 1:colcon.colcon_core.package_identification:_identify(Framework/include) by extension 'colcon_meta'
[0.175s] Level 1:colcon.colcon_core.package_identification:_identify(Framework/include) by extensions ['ros']
[0.175s] Level 1:colcon.colcon_core.package_identification:_identify(Framework/include) by extension 'ros'
[0.175s] Level 1:colcon.colcon_core.package_identification:_identify(Framework/include) by extensions ['cmake', 'python']
[0.175s] Level 1:colcon.colcon_core.package_identification:_identify(Framework/include) by extension 'cmake'
[0.175s] Level 1:colcon.colcon_core.package_identification:_identify(Framework/include) by extension 'python'
[0.175s] Level 1:colcon.colcon_core.package_identification:_identify(Framework/include) by extensions ['python_setup_py']
[0.175s] Level 1:colcon.colcon_core.package_identification:_identify(Framework/include) by extension 'python_setup_py'
[0.175s] Level 1:colcon.colcon_core.package_identification:_identify(Framework/src) by extensions ['ignore', 'ignore_ament_install']
[0.175s] Level 1:colcon.colcon_core.package_identification:_identify(Framework/src) by extension 'ignore'
[0.175s] Level 1:colcon.colcon_core.package_identification:_identify(Framework/src) by extension 'ignore_ament_install'
[0.175s] Level 1:colcon.colcon_core.package_identification:_identify(Framework/src) by extensions ['colcon_pkg']
[0.175s] Level 1:colcon.colcon_core.package_identification:_identify(Framework/src) by extension 'colcon_pkg'
[0.175s] Level 1:colcon.colcon_core.package_identification:_identify(Framework/src) by extensions ['colcon_meta']
[0.176s] Level 1:colcon.colcon_core.package_identification:_identify(Framework/src) by extension 'colcon_meta'
[0.176s] Level 1:colcon.colcon_core.package_identification:_identify(Framework/src) by extensions ['ros']
[0.176s] Level 1:colcon.colcon_core.package_identification:_identify(Framework/src) by extension 'ros'
[0.176s] Level 1:colcon.colcon_core.package_identification:_identify(Framework/src) by extensions ['cmake', 'python']
[0.176s] Level 1:colcon.colcon_core.package_identification:_identify(Framework/src) by extension 'cmake'
[0.176s] Level 1:colcon.colcon_core.package_identification:_identify(Framework/src) by extension 'python'
[0.176s] Level 1:colcon.colcon_core.package_identification:_identify(Framework/src) by extensions ['python_setup_py']
[0.176s] Level 1:colcon.colcon_core.package_identification:_identify(Framework/src) by extension 'python_setup_py'
[0.176s] Level 1:colcon.colcon_core.package_identification:_identify(Framework/src/math) by extensions ['ignore', 'ignore_ament_install']
[0.176s] Level 1:colcon.colcon_core.package_identification:_identify(Framework/src/math) by extension 'ignore'
[0.176s] Level 1:colcon.colcon_core.package_identification:_identify(Framework/src/math) by extension 'ignore_ament_install'
[0.176s] Level 1:colcon.colcon_core.package_identification:_identify(Framework/src/math) by extensions ['colcon_pkg']
[0.176s] Level 1:colcon.colcon_core.package_identification:_identify(Framework/src/math) by extension 'colcon_pkg'
[0.176s] Level 1:colcon.colcon_core.package_identification:_identify(Framework/src/math) by extensions ['colcon_meta']
[0.176s] Level 1:colcon.colcon_core.package_identification:_identify(Framework/src/math) by extension 'colcon_meta'
[0.176s] Level 1:colcon.colcon_core.package_identification:_identify(Framework/src/math) by extensions ['ros']
[0.176s] Level 1:colcon.colcon_core.package_identification:_identify(Framework/src/math) by extension 'ros'
[0.176s] Level 1:colcon.colcon_core.package_identification:_identify(Framework/src/math) by extensions ['cmake', 'python']
[0.176s] Level 1:colcon.colcon_core.package_identification:_identify(Framework/src/math) by extension 'cmake'
[0.177s] Level 1:colcon.colcon_core.package_identification:_identify(Framework/src/math) by extension 'python'
[0.177s] Level 1:colcon.colcon_core.package_identification:_identify(Framework/src/math) by extensions ['python_setup_py']
[0.177s] Level 1:colcon.colcon_core.package_identification:_identify(Framework/src/math) by extension 'python_setup_py'
[0.177s] Level 1:colcon.colcon_core.package_identification:_identify(Framework/src/minIni) by extensions ['ignore', 'ignore_ament_install']
[0.177s] Level 1:colcon.colcon_core.package_identification:_identify(Framework/src/minIni) by extension 'ignore'
[0.177s] Level 1:colcon.colcon_core.package_identification:_identify(Framework/src/minIni) by extension 'ignore_ament_install'
[0.177s] Level 1:colcon.colcon_core.package_identification:_identify(Framework/src/minIni) by extensions ['colcon_pkg']
[0.177s] Level 1:colcon.colcon_core.package_identification:_identify(Framework/src/minIni) by extension 'colcon_pkg'
[0.177s] Level 1:colcon.colcon_core.package_identification:_identify(Framework/src/minIni) by extensions ['colcon_meta']
[0.177s] Level 1:colcon.colcon_core.package_identification:_identify(Framework/src/minIni) by extension 'colcon_meta'
[0.177s] Level 1:colcon.colcon_core.package_identification:_identify(Framework/src/minIni) by extensions ['ros']
[0.177s] Level 1:colcon.colcon_core.package_identification:_identify(Framework/src/minIni) by extension 'ros'
[0.177s] Level 1:colcon.colcon_core.package_identification:_identify(Framework/src/minIni) by extensions ['cmake', 'python']
[0.177s] Level 1:colcon.colcon_core.package_identification:_identify(Framework/src/minIni) by extension 'cmake'
[0.177s] Level 1:colcon.colcon_core.package_identification:_identify(Framework/src/minIni) by extension 'python'
[0.177s] Level 1:colcon.colcon_core.package_identification:_identify(Framework/src/minIni) by extensions ['python_setup_py']
[0.177s] Level 1:colcon.colcon_core.package_identification:_identify(Framework/src/minIni) by extension 'python_setup_py'
[0.177s] Level 1:colcon.colcon_core.package_identification:_identify(Framework/src/motion) by extensions ['ignore', 'ignore_ament_install']
[0.178s] Level 1:colcon.colcon_core.package_identification:_identify(Framework/src/motion) by extension 'ignore'
[0.178s] Level 1:colcon.colcon_core.package_identification:_identify(Framework/src/motion) by extension 'ignore_ament_install'
[0.178s] Level 1:colcon.colcon_core.package_identification:_identify(Framework/src/motion) by extensions ['colcon_pkg']
[0.178s] Level 1:colcon.colcon_core.package_identification:_identify(Framework/src/motion) by extension 'colcon_pkg'
[0.178s] Level 1:colcon.colcon_core.package_identification:_identify(Framework/src/motion) by extensions ['colcon_meta']
[0.178s] Level 1:colcon.colcon_core.package_identification:_identify(Framework/src/motion) by extension 'colcon_meta'
[0.178s] Level 1:colcon.colcon_core.package_identification:_identify(Framework/src/motion) by extensions ['ros']
[0.178s] Level 1:colcon.colcon_core.package_identification:_identify(Framework/src/motion) by extension 'ros'
[0.178s] Level 1:colcon.colcon_core.package_identification:_identify(Framework/src/motion) by extensions ['cmake', 'python']
[0.178s] Level 1:colcon.colcon_core.package_identification:_identify(Framework/src/motion) by extension 'cmake'
[0.178s] Level 1:colcon.colcon_core.package_identification:_identify(Framework/src/motion) by extension 'python'
[0.178s] Level 1:colcon.colcon_core.package_identification:_identify(Framework/src/motion) by extensions ['python_setup_py']
[0.178s] Level 1:colcon.colcon_core.package_identification:_identify(Framework/src/motion) by extension 'python_setup_py'
[0.178s] Level 1:colcon.colcon_core.package_identification:_identify(Framework/src/motion/modules) by extensions ['ignore', 'ignore_ament_install']
[0.178s] Level 1:colcon.colcon_core.package_identification:_identify(Framework/src/motion/modules) by extension 'ignore'
[0.178s] Level 1:colcon.colcon_core.package_identification:_identify(Framework/src/motion/modules) by extension 'ignore_ament_install'
[0.178s] Level 1:colcon.colcon_core.package_identification:_identify(Framework/src/motion/modules) by extensions ['colcon_pkg']
[0.178s] Level 1:colcon.colcon_core.package_identification:_identify(Framework/src/motion/modules) by extension 'colcon_pkg'
[0.179s] Level 1:colcon.colcon_core.package_identification:_identify(Framework/src/motion/modules) by extensions ['colcon_meta']
[0.179s] Level 1:colcon.colcon_core.package_identification:_identify(Framework/src/motion/modules) by extension 'colcon_meta'
[0.179s] Level 1:colcon.colcon_core.package_identification:_identify(Framework/src/motion/modules) by extensions ['ros']
[0.179s] Level 1:colcon.colcon_core.package_identification:_identify(Framework/src/motion/modules) by extension 'ros'
[0.179s] Level 1:colcon.colcon_core.package_identification:_identify(Framework/src/motion/modules) by extensions ['cmake', 'python']
[0.179s] Level 1:colcon.colcon_core.package_identification:_identify(Framework/src/motion/modules) by extension 'cmake'
[0.179s] Level 1:colcon.colcon_core.package_identification:_identify(Framework/src/motion/modules) by extension 'python'
[0.179s] Level 1:colcon.colcon_core.package_identification:_identify(Framework/src/motion/modules) by extensions ['python_setup_py']
[0.179s] Level 1:colcon.colcon_core.package_identification:_identify(Framework/src/motion/modules) by extension 'python_setup_py'
[0.179s] Level 1:colcon.colcon_core.package_identification:_identify(GUIcontrol) by extensions ['ignore', 'ignore_ament_install']
[0.179s] Level 1:colcon.colcon_core.package_identification:_identify(GUIcontrol) by extension 'ignore'
[0.179s] Level 1:colcon.colcon_core.package_identification:_identify(GUIcontrol) by extension 'ignore_ament_install'
[0.179s] Level 1:colcon.colcon_core.package_identification:_identify(GUIcontrol) by extensions ['colcon_pkg']
[0.179s] Level 1:colcon.colcon_core.package_identification:_identify(GUIcontrol) by extension 'colcon_pkg'
[0.179s] Level 1:colcon.colcon_core.package_identification:_identify(GUIcontrol) by extensions ['colcon_meta']
[0.179s] Level 1:colcon.colcon_core.package_identification:_identify(GUIcontrol) by extension 'colcon_meta'
[0.179s] Level 1:colcon.colcon_core.package_identification:_identify(GUIcontrol) by extensions ['ros']
[0.180s] Level 1:colcon.colcon_core.package_identification:_identify(GUIcontrol) by extension 'ros'
[0.180s] Level 1:colcon.colcon_core.package_identification:_identify(GUIcontrol) by extensions ['cmake', 'python']
[0.180s] Level 1:colcon.colcon_core.package_identification:_identify(GUIcontrol) by extension 'cmake'
[0.180s] Level 1:colcon.colcon_core.package_identification:_identify(GUIcontrol) by extension 'python'
[0.180s] Level 1:colcon.colcon_core.package_identification:_identify(GUIcontrol) by extensions ['python_setup_py']
[0.180s] Level 1:colcon.colcon_core.package_identification:_identify(GUIcontrol) by extension 'python_setup_py'
[0.180s] Level 1:colcon.colcon_core.package_identification:_identify(Linux) by extensions ['ignore', 'ignore_ament_install']
[0.180s] Level 1:colcon.colcon_core.package_identification:_identify(Linux) by extension 'ignore'
[0.180s] Level 1:colcon.colcon_core.package_identification:_identify(Linux) by extension 'ignore_ament_install'
[0.180s] Level 1:colcon.colcon_core.package_identification:_identify(Linux) by extensions ['colcon_pkg']
[0.180s] Level 1:colcon.colcon_core.package_identification:_identify(Linux) by extension 'colcon_pkg'
[0.180s] Level 1:colcon.colcon_core.package_identification:_identify(Linux) by extensions ['colcon_meta']
[0.180s] Level 1:colcon.colcon_core.package_identification:_identify(Linux) by extension 'colcon_meta'
[0.180s] Level 1:colcon.colcon_core.package_identification:_identify(Linux) by extensions ['ros']
[0.180s] Level 1:colcon.colcon_core.package_identification:_identify(Linux) by extension 'ros'
[0.180s] Level 1:colcon.colcon_core.package_identification:_identify(Linux) by extensions ['cmake', 'python']
[0.180s] Level 1:colcon.colcon_core.package_identification:_identify(Linux) by extension 'cmake'
[0.181s] Level 1:colcon.colcon_core.package_identification:_identify(Linux) by extension 'python'
[0.181s] Level 1:colcon.colcon_core.package_identification:_identify(Linux) by extensions ['python_setup_py']
[0.181s] Level 1:colcon.colcon_core.package_identification:_identify(Linux) by extension 'python_setup_py'
[0.181s] Level 1:colcon.colcon_core.package_identification:_identify(Linux/ServoTool-master) by extensions ['ignore', 'ignore_ament_install']
[0.181s] Level 1:colcon.colcon_core.package_identification:_identify(Linux/ServoTool-master) by extension 'ignore'
[0.181s] Level 1:colcon.colcon_core.package_identification:_identify(Linux/ServoTool-master) by extension 'ignore_ament_install'
[0.181s] Level 1:colcon.colcon_core.package_identification:_identify(Linux/ServoTool-master) by extensions ['colcon_pkg']
[0.181s] Level 1:colcon.colcon_core.package_identification:_identify(Linux/ServoTool-master) by extension 'colcon_pkg'
[0.181s] Level 1:colcon.colcon_core.package_identification:_identify(Linux/ServoTool-master) by extensions ['colcon_meta']
[0.181s] Level 1:colcon.colcon_core.package_identification:_identify(Linux/ServoTool-master) by extension 'colcon_meta'
[0.181s] Level 1:colcon.colcon_core.package_identification:_identify(Linux/ServoTool-master) by extensions ['ros']
[0.181s] Level 1:colcon.colcon_core.package_identification:_identify(Linux/ServoTool-master) by extension 'ros'
[0.181s] Level 1:colcon.colcon_core.package_identification:_identify(Linux/ServoTool-master) by extensions ['cmake', 'python']
[0.181s] Level 1:colcon.colcon_core.package_identification:_identify(Linux/ServoTool-master) by extension 'cmake'
[0.181s] Level 1:colcon.colcon_core.package_identification:_identify(Linux/ServoTool-master) by extension 'python'
[0.181s] Level 1:colcon.colcon_core.package_identification:_identify(Linux/ServoTool-master) by extensions ['python_setup_py']
[0.181s] Level 1:colcon.colcon_core.package_identification:_identify(Linux/ServoTool-master) by extension 'python_setup_py'
[0.182s] Level 1:colcon.colcon_core.package_identification:_identify(Linux/ServoTool-master/res) by extensions ['ignore', 'ignore_ament_install']
[0.182s] Level 1:colcon.colcon_core.package_identification:_identify(Linux/ServoTool-master/res) by extension 'ignore'
[0.182s] Level 1:colcon.colcon_core.package_identification:_identify(Linux/ServoTool-master/res) by extension 'ignore_ament_install'
[0.182s] Level 1:colcon.colcon_core.package_identification:_identify(Linux/ServoTool-master/res) by extensions ['colcon_pkg']
[0.182s] Level 1:colcon.colcon_core.package_identification:_identify(Linux/ServoTool-master/res) by extension 'colcon_pkg'
[0.182s] Level 1:colcon.colcon_core.package_identification:_identify(Linux/ServoTool-master/res) by extensions ['colcon_meta']
[0.182s] Level 1:colcon.colcon_core.package_identification:_identify(Linux/ServoTool-master/res) by extension 'colcon_meta'
[0.182s] Level 1:colcon.colcon_core.package_identification:_identify(Linux/ServoTool-master/res) by extensions ['ros']
[0.182s] Level 1:colcon.colcon_core.package_identification:_identify(Linux/ServoTool-master/res) by extension 'ros'
[0.182s] Level 1:colcon.colcon_core.package_identification:_identify(Linux/ServoTool-master/res) by extensions ['cmake', 'python']
[0.182s] Level 1:colcon.colcon_core.package_identification:_identify(Linux/ServoTool-master/res) by extension 'cmake'
[0.182s] Level 1:colcon.colcon_core.package_identification:_identify(Linux/ServoTool-master/res) by extension 'python'
[0.182s] Level 1:colcon.colcon_core.package_identification:_identify(Linux/ServoTool-master/res) by extensions ['python_setup_py']
[0.182s] Level 1:colcon.colcon_core.package_identification:_identify(Linux/ServoTool-master/res) by extension 'python_setup_py'
[0.182s] Level 1:colcon.colcon_core.package_identification:_identify(Linux/ServoTool-master/src) by extensions ['ignore', 'ignore_ament_install']
[0.182s] Level 1:colcon.colcon_core.package_identification:_identify(Linux/ServoTool-master/src) by extension 'ignore'
[0.183s] Level 1:colcon.colcon_core.package_identification:_identify(Linux/ServoTool-master/src) by extension 'ignore_ament_install'
[0.183s] Level 1:colcon.colcon_core.package_identification:_identify(Linux/ServoTool-master/src) by extensions ['colcon_pkg']
[0.183s] Level 1:colcon.colcon_core.package_identification:_identify(Linux/ServoTool-master/src) by extension 'colcon_pkg'
[0.183s] Level 1:colcon.colcon_core.package_identification:_identify(Linux/ServoTool-master/src) by extensions ['colcon_meta']
[0.183s] Level 1:colcon.colcon_core.package_identification:_identify(Linux/ServoTool-master/src) by extension 'colcon_meta'
[0.183s] Level 1:colcon.colcon_core.package_identification:_identify(Linux/ServoTool-master/src) by extensions ['ros']
[0.183s] Level 1:colcon.colcon_core.package_identification:_identify(Linux/ServoTool-master/src) by extension 'ros'
[0.183s] Level 1:colcon.colcon_core.package_identification:_identify(Linux/ServoTool-master/src) by extensions ['cmake', 'python']
[0.183s] Level 1:colcon.colcon_core.package_identification:_identify(Linux/ServoTool-master/src) by extension 'cmake'
[0.183s] Level 1:colcon.colcon_core.package_identification:_identify(Linux/ServoTool-master/src) by extension 'python'
[0.183s] Level 1:colcon.colcon_core.package_identification:_identify(Linux/ServoTool-master/src) by extensions ['python_setup_py']
[0.183s] Level 1:colcon.colcon_core.package_identification:_identify(Linux/ServoTool-master/src) by extension 'python_setup_py'
[0.183s] Level 1:colcon.colcon_core.package_identification:_identify(Linux/ServoTool-master/src/common) by extensions ['ignore', 'ignore_ament_install']
[0.183s] Level 1:colcon.colcon_core.package_identification:_identify(Linux/ServoTool-master/src/common) by extension 'ignore'
[0.183s] Level 1:colcon.colcon_core.package_identification:_identify(Linux/ServoTool-master/src/common) by extension 'ignore_ament_install'
[0.183s] Level 1:colcon.colcon_core.package_identification:_identify(Linux/ServoTool-master/src/common) by extensions ['colcon_pkg']
[0.183s] Level 1:colcon.colcon_core.package_identification:_identify(Linux/ServoTool-master/src/common) by extension 'colcon_pkg'
[0.183s] Level 1:colcon.colcon_core.package_identification:_identify(Linux/ServoTool-master/src/common) by extensions ['colcon_meta']
[0.183s] Level 1:colcon.colcon_core.package_identification:_identify(Linux/ServoTool-master/src/common) by extension 'colcon_meta'
[0.184s] Level 1:colcon.colcon_core.package_identification:_identify(Linux/ServoTool-master/src/common) by extensions ['ros']
[0.184s] Level 1:colcon.colcon_core.package_identification:_identify(Linux/ServoTool-master/src/common) by extension 'ros'
[0.184s] Level 1:colcon.colcon_core.package_identification:_identify(Linux/ServoTool-master/src/common) by extensions ['cmake', 'python']
[0.184s] Level 1:colcon.colcon_core.package_identification:_identify(Linux/ServoTool-master/src/common) by extension 'cmake'
[0.184s] Level 1:colcon.colcon_core.package_identification:_identify(Linux/ServoTool-master/src/common) by extension 'python'
[0.184s] Level 1:colcon.colcon_core.package_identification:_identify(Linux/ServoTool-master/src/common) by extensions ['python_setup_py']
[0.184s] Level 1:colcon.colcon_core.package_identification:_identify(Linux/ServoTool-master/src/common) by extension 'python_setup_py'
[0.184s] Level 1:colcon.colcon_core.package_identification:_identify(Linux/build_Framework) by extensions ['ignore', 'ignore_ament_install']
[0.184s] Level 1:colcon.colcon_core.package_identification:_identify(Linux/build_Framework) by extension 'ignore'
[0.184s] Level 1:colcon.colcon_core.package_identification:_identify(Linux/build_Framework) by extension 'ignore_ament_install'
[0.184s] Level 1:colcon.colcon_core.package_identification:_identify(Linux/build_Framework) by extensions ['colcon_pkg']
[0.184s] Level 1:colcon.colcon_core.package_identification:_identify(Linux/build_Framework) by extension 'colcon_pkg'
[0.184s] Level 1:colcon.colcon_core.package_identification:_identify(Linux/build_Framework) by extensions ['colcon_meta']
[0.184s] Level 1:colcon.colcon_core.package_identification:_identify(Linux/build_Framework) by extension 'colcon_meta'
[0.184s] Level 1:colcon.colcon_core.package_identification:_identify(Linux/build_Framework) by extensions ['ros']
[0.184s] Level 1:colcon.colcon_core.package_identification:_identify(Linux/build_Framework) by extension 'ros'
[0.184s] Level 1:colcon.colcon_core.package_identification:_identify(Linux/build_Framework) by extensions ['cmake', 'python']
[0.184s] Level 1:colcon.colcon_core.package_identification:_identify(Linux/build_Framework) by extension 'cmake'
[0.184s] Level 1:colcon.colcon_core.package_identification:_identify(Linux/build_Framework) by extension 'python'
[0.185s] Level 1:colcon.colcon_core.package_identification:_identify(Linux/build_Framework) by extensions ['python_setup_py']
[0.185s] Level 1:colcon.colcon_core.package_identification:_identify(Linux/build_Framework) by extension 'python_setup_py'
[0.185s] Level 1:colcon.colcon_core.package_identification:_identify(Linux/device) by extensions ['ignore', 'ignore_ament_install']
[0.185s] Level 1:colcon.colcon_core.package_identification:_identify(Linux/device) by extension 'ignore'
[0.185s] Level 1:colcon.colcon_core.package_identification:_identify(Linux/device) by extension 'ignore_ament_install'
[0.185s] Level 1:colcon.colcon_core.package_identification:_identify(Linux/device) by extensions ['colcon_pkg']
[0.185s] Level 1:colcon.colcon_core.package_identification:_identify(Linux/device) by extension 'colcon_pkg'
[0.185s] Level 1:colcon.colcon_core.package_identification:_identify(Linux/device) by extensions ['colcon_meta']
[0.185s] Level 1:colcon.colcon_core.package_identification:_identify(Linux/device) by extension 'colcon_meta'
[0.185s] Level 1:colcon.colcon_core.package_identification:_identify(Linux/device) by extensions ['ros']
[0.185s] Level 1:colcon.colcon_core.package_identification:_identify(Linux/device) by extension 'ros'
[0.185s] Level 1:colcon.colcon_core.package_identification:_identify(Linux/device) by extensions ['cmake', 'python']
[0.185s] Level 1:colcon.colcon_core.package_identification:_identify(Linux/device) by extension 'cmake'
[0.185s] Level 1:colcon.colcon_core.package_identification:_identify(Linux/device) by extension 'python'
[0.185s] Level 1:colcon.colcon_core.package_identification:_identify(Linux/device) by extensions ['python_setup_py']
[0.185s] Level 1:colcon.colcon_core.package_identification:_identify(Linux/device) by extension 'python_setup_py'
[0.185s] Level 1:colcon.colcon_core.package_identification:_identify(Linux/include) by extensions ['ignore', 'ignore_ament_install']
[0.185s] Level 1:colcon.colcon_core.package_identification:_identify(Linux/include) by extension 'ignore'
[0.186s] Level 1:colcon.colcon_core.package_identification:_identify(Linux/include) by extension 'ignore_ament_install'
[0.186s] Level 1:colcon.colcon_core.package_identification:_identify(Linux/include) by extensions ['colcon_pkg']
[0.186s] Level 1:colcon.colcon_core.package_identification:_identify(Linux/include) by extension 'colcon_pkg'
[0.186s] Level 1:colcon.colcon_core.package_identification:_identify(Linux/include) by extensions ['colcon_meta']
[0.186s] Level 1:colcon.colcon_core.package_identification:_identify(Linux/include) by extension 'colcon_meta'
[0.186s] Level 1:colcon.colcon_core.package_identification:_identify(Linux/include) by extensions ['ros']
[0.186s] Level 1:colcon.colcon_core.package_identification:_identify(Linux/include) by extension 'ros'
[0.186s] Level 1:colcon.colcon_core.package_identification:_identify(Linux/include) by extensions ['cmake', 'python']
[0.186s] Level 1:colcon.colcon_core.package_identification:_identify(Linux/include) by extension 'cmake'
[0.186s] Level 1:colcon.colcon_core.package_identification:_identify(Linux/include) by extension 'python'
[0.186s] Level 1:colcon.colcon_core.package_identification:_identify(Linux/include) by extensions ['python_setup_py']
[0.186s] Level 1:colcon.colcon_core.package_identification:_identify(Linux/include) by extension 'python_setup_py'
[0.186s] Level 1:colcon.colcon_core.package_identification:_identify(Linux/lib) by extensions ['ignore', 'ignore_ament_install']
[0.186s] Level 1:colcon.colcon_core.package_identification:_identify(Linux/lib) by extension 'ignore'
[0.186s] Level 1:colcon.colcon_core.package_identification:_identify(Linux/lib) by extension 'ignore_ament_install'
[0.186s] Level 1:colcon.colcon_core.package_identification:_identify(Linux/lib) by extensions ['colcon_pkg']
[0.186s] Level 1:colcon.colcon_core.package_identification:_identify(Linux/lib) by extension 'colcon_pkg'
[0.186s] Level 1:colcon.colcon_core.package_identification:_identify(Linux/lib) by extensions ['colcon_meta']
[0.186s] Level 1:colcon.colcon_core.package_identification:_identify(Linux/lib) by extension 'colcon_meta'
[0.187s] Level 1:colcon.colcon_core.package_identification:_identify(Linux/lib) by extensions ['ros']
[0.187s] Level 1:colcon.colcon_core.package_identification:_identify(Linux/lib) by extension 'ros'
[0.187s] Level 1:colcon.colcon_core.package_identification:_identify(Linux/lib) by extensions ['cmake', 'python']
[0.187s] Level 1:colcon.colcon_core.package_identification:_identify(Linux/lib) by extension 'cmake'
[0.187s] Level 1:colcon.colcon_core.package_identification:_identify(Linux/lib) by extension 'python'
[0.187s] Level 1:colcon.colcon_core.package_identification:_identify(Linux/lib) by extensions ['python_setup_py']
[0.187s] Level 1:colcon.colcon_core.package_identification:_identify(Linux/lib) by extension 'python_setup_py'
[0.187s] Level 1:colcon.colcon_core.package_identification:_identify(Linux/project) by extensions ['ignore', 'ignore_ament_install']
[0.187s] Level 1:colcon.colcon_core.package_identification:_identify(Linux/project) by extension 'ignore'
[0.187s] Level 1:colcon.colcon_core.package_identification:_identify(Linux/project) by extension 'ignore_ament_install'
[0.187s] Level 1:colcon.colcon_core.package_identification:_identify(Linux/project) by extensions ['colcon_pkg']
[0.187s] Level 1:colcon.colcon_core.package_identification:_identify(Linux/project) by extension 'colcon_pkg'
[0.187s] Level 1:colcon.colcon_core.package_identification:_identify(Linux/project) by extensions ['colcon_meta']
[0.187s] Level 1:colcon.colcon_core.package_identification:_identify(Linux/project) by extension 'colcon_meta'
[0.187s] Level 1:colcon.colcon_core.package_identification:_identify(Linux/project) by extensions ['ros']
[0.187s] Level 1:colcon.colcon_core.package_identification:_identify(Linux/project) by extension 'ros'
[0.187s] Level 1:colcon.colcon_core.package_identification:_identify(Linux/project) by extensions ['cmake', 'python']
[0.187s] Level 1:colcon.colcon_core.package_identification:_identify(Linux/project) by extension 'cmake'
[0.187s] Level 1:colcon.colcon_core.package_identification:_identify(Linux/project) by extension 'python'
[0.188s] Level 1:colcon.colcon_core.package_identification:_identify(Linux/project) by extensions ['python_setup_py']
[0.188s] Level 1:colcon.colcon_core.package_identification:_identify(Linux/project) by extension 'python_setup_py'
[0.188s] Level 1:colcon.colcon_core.package_identification:_identify(Linux/project/action_editor) by extensions ['ignore', 'ignore_ament_install']
[0.188s] Level 1:colcon.colcon_core.package_identification:_identify(Linux/project/action_editor) by extension 'ignore'
[0.188s] Level 1:colcon.colcon_core.package_identification:_identify(Linux/project/action_editor) by extension 'ignore_ament_install'
[0.188s] Level 1:colcon.colcon_core.package_identification:_identify(Linux/project/action_editor) by extensions ['colcon_pkg']
[0.188s] Level 1:colcon.colcon_core.package_identification:_identify(Linux/project/action_editor) by extension 'colcon_pkg'
[0.188s] Level 1:colcon.colcon_core.package_identification:_identify(Linux/project/action_editor) by extensions ['colcon_meta']
[0.188s] Level 1:colcon.colcon_core.package_identification:_identify(Linux/project/action_editor) by extension 'colcon_meta'
[0.188s] Level 1:colcon.colcon_core.package_identification:_identify(Linux/project/action_editor) by extensions ['ros']
[0.188s] Level 1:colcon.colcon_core.package_identification:_identify(Linux/project/action_editor) by extension 'ros'
[0.188s] Level 1:colcon.colcon_core.package_identification:_identify(Linux/project/action_editor) by extensions ['cmake', 'python']
[0.188s] Level 1:colcon.colcon_core.package_identification:_identify(Linux/project/action_editor) by extension 'cmake'
[0.188s] Level 1:colcon.colcon_core.package_identification:_identify(Linux/project/action_editor) by extension 'python'
[0.188s] Level 1:colcon.colcon_core.package_identification:_identify(Linux/project/action_editor) by extensions ['python_setup_py']
[0.188s] Level 1:colcon.colcon_core.package_identification:_identify(Linux/project/action_editor) by extension 'python_setup_py'
[0.188s] Level 1:colcon.colcon_core.package_identification:_identify(Linux/project/control) by extensions ['ignore', 'ignore_ament_install']
[0.189s] Level 1:colcon.colcon_core.package_identification:_identify(Linux/project/control) by extension 'ignore'
[0.189s] Level 1:colcon.colcon_core.package_identification:_identify(Linux/project/control) by extension 'ignore_ament_install'
[0.189s] Level 1:colcon.colcon_core.package_identification:_identify(Linux/project/control) by extensions ['colcon_pkg']
[0.189s] Level 1:colcon.colcon_core.package_identification:_identify(Linux/project/control) by extension 'colcon_pkg'
[0.189s] Level 1:colcon.colcon_core.package_identification:_identify(Linux/project/control) by extensions ['colcon_meta']
[0.189s] Level 1:colcon.colcon_core.package_identification:_identify(Linux/project/control) by extension 'colcon_meta'
[0.189s] Level 1:colcon.colcon_core.package_identification:_identify(Linux/project/control) by extensions ['ros']
[0.189s] Level 1:colcon.colcon_core.package_identification:_identify(Linux/project/control) by extension 'ros'
[0.189s] Level 1:colcon.colcon_core.package_identification:_identify(Linux/project/control) by extensions ['cmake', 'python']
[0.189s] Level 1:colcon.colcon_core.package_identification:_identify(Linux/project/control) by extension 'cmake'
[0.189s] Level 1:colcon.colcon_core.package_identification:_identify(Linux/project/control) by extension 'python'
[0.189s] Level 1:colcon.colcon_core.package_identification:_identify(Linux/project/control) by extensions ['python_setup_py']
[0.189s] Level 1:colcon.colcon_core.package_identification:_identify(Linux/project/control) by extension 'python_setup_py'
[0.189s] Level 1:colcon.colcon_core.package_identification:_identify(build) by extensions ['ignore', 'ignore_ament_install']
[0.189s] Level 1:colcon.colcon_core.package_identification:_identify(build) by extension 'ignore'
[0.189s] Level 1:colcon.colcon_core.package_identification:_identify(build) ignored
[0.189s] Level 1:colcon.colcon_core.package_identification:_identify(install) by extensions ['ignore', 'ignore_ament_install']
[0.190s] Level 1:colcon.colcon_core.package_identification:_identify(install) by extension 'ignore'
[0.190s] Level 1:colcon.colcon_core.package_identification:_identify(install) ignored
[0.190s] Level 1:colcon.colcon_core.package_identification:_identify(log) by extensions ['ignore', 'ignore_ament_install']
[0.190s] Level 1:colcon.colcon_core.package_identification:_identify(log) by extension 'ignore'
[0.190s] Level 1:colcon.colcon_core.package_identification:_identify(log) ignored
[0.190s] Level 1:colcon.colcon_core.package_identification:_identify(src) by extensions ['ignore', 'ignore_ament_install']
[0.190s] Level 1:colcon.colcon_core.package_identification:_identify(src) by extension 'ignore'
[0.190s] Level 1:colcon.colcon_core.package_identification:_identify(src) by extension 'ignore_ament_install'
[0.190s] Level 1:colcon.colcon_core.package_identification:_identify(src) by extensions ['colcon_pkg']
[0.190s] Level 1:colcon.colcon_core.package_identification:_identify(src) by extension 'colcon_pkg'
[0.190s] Level 1:colcon.colcon_core.package_identification:_identify(src) by extensions ['colcon_meta']
[0.190s] Level 1:colcon.colcon_core.package_identification:_identify(src) by extension 'colcon_meta'
[0.190s] Level 1:colcon.colcon_core.package_identification:_identify(src) by extensions ['ros']
[0.190s] Level 1:colcon.colcon_core.package_identification:_identify(src) by extension 'ros'
[0.190s] Level 1:colcon.colcon_core.package_identification:_identify(src) by extensions ['cmake', 'python']
[0.190s] Level 1:colcon.colcon_core.package_identification:_identify(src) by extension 'cmake'
[0.191s] Level 1:colcon.colcon_core.package_identification:_identify(src) by extension 'python'
[0.191s] Level 1:colcon.colcon_core.package_identification:_identify(src) by extensions ['python_setup_py']
[0.191s] Level 1:colcon.colcon_core.package_identification:_identify(src) by extension 'python_setup_py'
[0.191s] Level 1:colcon.colcon_core.package_identification:_identify(src/dynamixel_sdk) by extensions ['ignore', 'ignore_ament_install']
[0.191s] Level 1:colcon.colcon_core.package_identification:_identify(src/dynamixel_sdk) by extension 'ignore'
[0.191s] Level 1:colcon.colcon_core.package_identification:_identify(src/dynamixel_sdk) by extension 'ignore_ament_install'
[0.191s] Level 1:colcon.colcon_core.package_identification:_identify(src/dynamixel_sdk) by extensions ['colcon_pkg']
[0.191s] Level 1:colcon.colcon_core.package_identification:_identify(src/dynamixel_sdk) by extension 'colcon_pkg'
[0.191s] Level 1:colcon.colcon_core.package_identification:_identify(src/dynamixel_sdk) by extensions ['colcon_meta']
[0.191s] Level 1:colcon.colcon_core.package_identification:_identify(src/dynamixel_sdk) by extension 'colcon_meta'
[0.191s] Level 1:colcon.colcon_core.package_identification:_identify(src/dynamixel_sdk) by extensions ['ros']
[0.191s] Level 1:colcon.colcon_core.package_identification:_identify(src/dynamixel_sdk) by extension 'ros'
[0.194s] DEBUG:colcon.colcon_core.package_identification:Package 'src/dynamixel_sdk' with type 'ros.ament_cmake' and name 'dynamixel_sdk'
[0.194s] Level 1:colcon.colcon_core.package_identification:_identify(src/dynamixel_sdk_custom_interfaces) by extensions ['ignore', 'ignore_ament_install']
[0.194s] Level 1:colcon.colcon_core.package_identification:_identify(src/dynamixel_sdk_custom_interfaces) by extension 'ignore'
[0.194s] Level 1:colcon.colcon_core.package_identification:_identify(src/dynamixel_sdk_custom_interfaces) by extension 'ignore_ament_install'
[0.194s] Level 1:colcon.colcon_core.package_identification:_identify(src/dynamixel_sdk_custom_interfaces) by extensions ['colcon_pkg']
[0.194s] Level 1:colcon.colcon_core.package_identification:_identify(src/dynamixel_sdk_custom_interfaces) by extension 'colcon_pkg'
[0.194s] Level 1:colcon.colcon_core.package_identification:_identify(src/dynamixel_sdk_custom_interfaces) by extensions ['colcon_meta']
[0.194s] Level 1:colcon.colcon_core.package_identification:_identify(src/dynamixel_sdk_custom_interfaces) by extension 'colcon_meta'
[0.194s] Level 1:colcon.colcon_core.package_identification:_identify(src/dynamixel_sdk_custom_interfaces) by extensions ['ros']
[0.194s] Level 1:colcon.colcon_core.package_identification:_identify(src/dynamixel_sdk_custom_interfaces) by extension 'ros'
[0.195s] DEBUG:colcon.colcon_core.package_identification:Package 'src/dynamixel_sdk_custom_interfaces' with type 'ros.ament_cmake' and name 'dynamixel_sdk_custom_interfaces'
[0.195s] Level 1:colcon.colcon_core.package_identification:_identify(src/dynamixel_sdk_examples) by extensions ['ignore', 'ignore_ament_install']
[0.195s] Level 1:colcon.colcon_core.package_identification:_identify(src/dynamixel_sdk_examples) by extension 'ignore'
[0.195s] Level 1:colcon.colcon_core.package_identification:_identify(src/dynamixel_sdk_examples) by extension 'ignore_ament_install'
[0.195s] Level 1:colcon.colcon_core.package_identification:_identify(src/dynamixel_sdk_examples) by extensions ['colcon_pkg']
[0.195s] Level 1:colcon.colcon_core.package_identification:_identify(src/dynamixel_sdk_examples) by extension 'colcon_pkg'
[0.195s] Level 1:colcon.colcon_core.package_identification:_identify(src/dynamixel_sdk_examples) by extensions ['colcon_meta']
[0.195s] Level 1:colcon.colcon_core.package_identification:_identify(src/dynamixel_sdk_examples) by extension 'colcon_meta'
[0.195s] Level 1:colcon.colcon_core.package_identification:_identify(src/dynamixel_sdk_examples) by extensions ['ros']
[0.195s] Level 1:colcon.colcon_core.package_identification:_identify(src/dynamixel_sdk_examples) by extension 'ros'
[0.197s] DEBUG:colcon.colcon_core.package_identification:Package 'src/dynamixel_sdk_examples' with type 'ros.ament_cmake' and name 'action'
[0.197s] Level 1:colcon.colcon_core.package_discovery:discover_packages(recursive) using defaults
[0.197s] Level 1:colcon.colcon_core.package_discovery:discover_packages(ignore) discover
[0.197s] Level 1:colcon.colcon_core.package_discovery:discover_packages(ignore) using defaults
[0.197s] Level 1:colcon.colcon_core.package_discovery:discover_packages(path) discover
[0.197s] Level 1:colcon.colcon_core.package_discovery:discover_packages(path) using defaults
[0.216s] Level 5:colcon.colcon_core.verb:set package 'dynamixel_sdk' build argument 'cmake_args' from command line to 'None'
[0.217s] Level 5:colcon.colcon_core.verb:set package 'dynamixel_sdk' build argument 'cmake_target' from command line to 'None'
[0.217s] Level 5:colcon.colcon_core.verb:set package 'dynamixel_sdk' build argument 'cmake_target_skip_unavailable' from command line to 'False'
[0.217s] Level 5:colcon.colcon_core.verb:set package 'dynamixel_sdk' build argument 'cmake_clean_cache' from command line to 'False'
[0.217s] Level 5:colcon.colcon_core.verb:set package 'dynamixel_sdk' build argument 'cmake_clean_first' from command line to 'False'
[0.217s] Level 5:colcon.colcon_core.verb:set package 'dynamixel_sdk' build argument 'cmake_force_configure' from command line to 'False'
[0.217s] Level 5:colcon.colcon_core.verb:set package 'dynamixel_sdk' build argument 'ament_cmake_args' from command line to 'None'
[0.217s] Level 5:colcon.colcon_core.verb:set package 'dynamixel_sdk' build argument 'catkin_cmake_args' from command line to 'None'
[0.217s] Level 5:colcon.colcon_core.verb:set package 'dynamixel_sdk' build argument 'catkin_skip_building_tests' from command line to 'False'
[0.217s] DEBUG:colcon.colcon_core.verb:Building package 'dynamixel_sdk' with the following arguments: {'ament_cmake_args': None, 'build_base': '/home/robofei/ROS2/action/build/dynamixel_sdk', 'catkin_cmake_args': None, 'catkin_skip_building_tests': False, 'cmake_args': None, 'cmake_clean_cache': False, 'cmake_clean_first': False, 'cmake_force_configure': False, 'cmake_target': None, 'cmake_target_skip_unavailable': False, 'install_base': '/home/robofei/ROS2/action/install/dynamixel_sdk', 'merge_install': False, 'path': '/home/robofei/ROS2/action/src/dynamixel_sdk', 'symlink_install': True, 'test_result_base': None}
[0.217s] Level 5:colcon.colcon_core.verb:set package 'dynamixel_sdk_custom_interfaces' build argument 'cmake_args' from command line to 'None'
[0.218s] Level 5:colcon.colcon_core.verb:set package 'dynamixel_sdk_custom_interfaces' build argument 'cmake_target' from command line to 'None'
[0.218s] Level 5:colcon.colcon_core.verb:set package 'dynamixel_sdk_custom_interfaces' build argument 'cmake_target_skip_unavailable' from command line to 'False'
[0.218s] Level 5:colcon.colcon_core.verb:set package 'dynamixel_sdk_custom_interfaces' build argument 'cmake_clean_cache' from command line to 'False'
[0.218s] Level 5:colcon.colcon_core.verb:set package 'dynamixel_sdk_custom_interfaces' build argument 'cmake_clean_first' from command line to 'False'
[0.218s] Level 5:colcon.colcon_core.verb:set package 'dynamixel_sdk_custom_interfaces' build argument 'cmake_force_configure' from command line to 'False'
[0.218s] Level 5:colcon.colcon_core.verb:set package 'dynamixel_sdk_custom_interfaces' build argument 'ament_cmake_args' from command line to 'None'
[0.218s] Level 5:colcon.colcon_core.verb:set package 'dynamixel_sdk_custom_interfaces' build argument 'catkin_cmake_args' from command line to 'None'
[0.218s] Level 5:colcon.colcon_core.verb:set package 'dynamixel_sdk_custom_interfaces' build argument 'catkin_skip_building_tests' from command line to 'False'
[0.218s] DEBUG:colcon.colcon_core.verb:Building package 'dynamixel_sdk_custom_interfaces' with the following arguments: {'ament_cmake_args': None, 'build_base': '/home/robofei/ROS2/action/build/dynamixel_sdk_custom_interfaces', 'catkin_cmake_args': None, 'catkin_skip_building_tests': False, 'cmake_args': None, 'cmake_clean_cache': False, 'cmake_clean_first': False, 'cmake_force_configure': False, 'cmake_target': None, 'cmake_target_skip_unavailable': False, 'install_base': '/home/robofei/ROS2/action/install/dynamixel_sdk_custom_interfaces', 'merge_install': False, 'path': '/home/robofei/ROS2/action/src/dynamixel_sdk_custom_interfaces', 'symlink_install': True, 'test_result_base': None}
[0.218s] Level 5:colcon.colcon_core.verb:set package 'action' build argument 'cmake_args' from command line to 'None'
[0.219s] Level 5:colcon.colcon_core.verb:set package 'action' build argument 'cmake_target' from command line to 'None'
[0.219s] Level 5:colcon.colcon_core.verb:set package 'action' build argument 'cmake_target_skip_unavailable' from command line to 'False'
[0.219s] Level 5:colcon.colcon_core.verb:set package 'action' build argument 'cmake_clean_cache' from command line to 'False'
[0.219s] Level 5:colcon.colcon_core.verb:set package 'action' build argument 'cmake_clean_first' from command line to 'False'
[0.219s] Level 5:colcon.colcon_core.verb:set package 'action' build argument 'cmake_force_configure' from command line to 'False'
[0.219s] Level 5:colcon.colcon_core.verb:set package 'action' build argument 'ament_cmake_args' from command line to 'None'
[0.219s] Level 5:colcon.colcon_core.verb:set package 'action' build argument 'catkin_cmake_args' from command line to 'None'
[0.219s] Level 5:colcon.colcon_core.verb:set package 'action' build argument 'catkin_skip_building_tests' from command line to 'False'
[0.219s] DEBUG:colcon.colcon_core.verb:Building package 'action' with the following arguments: {'ament_cmake_args': None, 'build_base': '/home/robofei/ROS2/action/build/action', 'catkin_cmake_args': None, 'catkin_skip_building_tests': False, 'cmake_args': None, 'cmake_clean_cache': False, 'cmake_clean_first': False, 'cmake_force_configure': False, 'cmake_target': None, 'cmake_target_skip_unavailable': False, 'install_base': '/home/robofei/ROS2/action/install/action', 'merge_install': False, 'path': '/home/robofei/ROS2/action/src/dynamixel_sdk_examples', 'symlink_install': True, 'test_result_base': None}
[0.222s] WARNING:colcon.colcon_core.verb:Some selected packages are already built in one or more underlay workspaces:
	'dynamixel_sdk' is in: /opt/ros/foxy
If a package in a merged underlay workspace is overridden and it installs headers, then all packages in the overlay must sort their include directories by workspace order. Failure to do so may result in build failures or undefined behavior at run time.
If the overridden package is used by another package in any underlay, then the overriding package in the overlay must be API and ABI compatible or undefined behavior at run time may occur.

If you understand the risks and want to override a package anyways, add the following to the command line:
	--allow-overriding dynamixel_sdk

This may be promoted to an error in a future release of colcon-core.
[0.222s] INFO:colcon.colcon_core.executor:Executing jobs using 'parallel' executor
[0.225s] DEBUG:colcon.colcon_parallel_executor.executor.parallel:run_until_complete
[0.225s] INFO:colcon.colcon_ros.task.ament_cmake.build:Building ROS package in '/home/robofei/ROS2/action/src/dynamixel_sdk' with build type 'ament_cmake'
[0.225s] INFO:colcon.colcon_cmake.task.cmake.build:Building CMake package in '/home/robofei/ROS2/action/src/dynamixel_sdk'
[0.229s] INFO:colcon.colcon_core.plugin_system:Skipping extension 'colcon_core.shell.bat': Not used on non-Windows systems
[0.229s] INFO:colcon.colcon_core.shell:Skip shell extension 'powershell' for command environment: Not usable outside of PowerShell
[0.229s] DEBUG:colcon.colcon_core.shell:Skip shell extension 'dsv' for command environment
[0.234s] INFO:colcon.colcon_ros.task.ament_cmake.build:Building ROS package in '/home/robofei/ROS2/action/src/dynamixel_sdk_custom_interfaces' with build type 'ament_cmake'
[0.234s] INFO:colcon.colcon_cmake.task.cmake.build:Building CMake package in '/home/robofei/ROS2/action/src/dynamixel_sdk_custom_interfaces'
[0.235s] INFO:colcon.colcon_core.shell:Skip shell extension 'powershell' for command environment: Not usable outside of PowerShell
[0.235s] DEBUG:colcon.colcon_core.shell:Skip shell extension 'dsv' for command environment
[0.249s] DEBUG:colcon.colcon_core.event_handler.log_command:Invoking command in '/home/robofei/ROS2/action/build/dynamixel_sdk': CMAKE_PREFIX_PATH=/opt/ros/foxy /usr/bin/cmake --build /home/robofei/ROS2/action/build/dynamixel_sdk -- -j4 -l4
[0.263s] DEBUG:colcon.colcon_core.event_handler.log_command:Invoking command in '/home/robofei/ROS2/action/build/dynamixel_sdk_custom_interfaces': CMAKE_PREFIX_PATH=/opt/ros/foxy /usr/bin/cmake --build /home/robofei/ROS2/action/build/dynamixel_sdk_custom_interfaces -- -j4 -l4
[0.331s] DEBUG:colcon.colcon_core.event_handler.log_command:Invoked command in '/home/robofei/ROS2/action/build/dynamixel_sdk' returned '0': CMAKE_PREFIX_PATH=/opt/ros/foxy /usr/bin/cmake --build /home/robofei/ROS2/action/build/dynamixel_sdk -- -j4 -l4
[0.428s] DEBUG:colcon.colcon_core.event_handler.log_command:Invoking command in '/home/robofei/ROS2/action/build/dynamixel_sdk': CMAKE_PREFIX_PATH=/opt/ros/foxy /usr/bin/cmake --install /home/robofei/ROS2/action/build/dynamixel_sdk
[0.464s] Level 1:colcon.colcon_core.environment:create_environment_scripts_only(dynamixel_sdk)
[0.465s] DEBUG:colcon.colcon_core.event_handler.log_command:Invoked command in '/home/robofei/ROS2/action/build/dynamixel_sdk' returned '0': CMAKE_PREFIX_PATH=/opt/ros/foxy /usr/bin/cmake --install /home/robofei/ROS2/action/build/dynamixel_sdk
[0.470s] Level 1:colcon.colcon_core.environment:checking '/home/robofei/ROS2/action/install/dynamixel_sdk' for CMake module files
[0.470s] Level 1:colcon.colcon_core.environment:checking '/home/robofei/ROS2/action/install/dynamixel_sdk' for CMake config files
[0.471s] Level 1:colcon.colcon_core.shell:create_environment_hook('dynamixel_sdk', 'cmake_prefix_path')
[0.471s] INFO:colcon.colcon_core.shell:Creating environment hook '/home/robofei/ROS2/action/install/dynamixel_sdk/share/dynamixel_sdk/hook/cmake_prefix_path.ps1'
[0.472s] INFO:colcon.colcon_core.shell:Creating environment descriptor '/home/robofei/ROS2/action/install/dynamixel_sdk/share/dynamixel_sdk/hook/cmake_prefix_path.dsv'
[0.473s] INFO:colcon.colcon_core.shell:Creating environment hook '/home/robofei/ROS2/action/install/dynamixel_sdk/share/dynamixel_sdk/hook/cmake_prefix_path.sh'
[0.474s] Level 1:colcon.colcon_core.environment:checking '/home/robofei/ROS2/action/install/dynamixel_sdk/lib'
[0.474s] Level 1:colcon.colcon_core.shell:create_environment_hook('dynamixel_sdk', 'ld_library_path_lib')
[0.474s] INFO:colcon.colcon_core.shell:Creating environment hook '/home/robofei/ROS2/action/install/dynamixel_sdk/share/dynamixel_sdk/hook/ld_library_path_lib.ps1'
[0.475s] INFO:colcon.colcon_core.shell:Creating environment descriptor '/home/robofei/ROS2/action/install/dynamixel_sdk/share/dynamixel_sdk/hook/ld_library_path_lib.dsv'
[0.475s] INFO:colcon.colcon_core.shell:Creating environment hook '/home/robofei/ROS2/action/install/dynamixel_sdk/share/dynamixel_sdk/hook/ld_library_path_lib.sh'
[0.476s] Level 1:colcon.colcon_core.environment:checking '/home/robofei/ROS2/action/install/dynamixel_sdk/bin'
[0.476s] Level 1:colcon.colcon_core.environment:checking '/home/robofei/ROS2/action/install/dynamixel_sdk/lib/pkgconfig/dynamixel_sdk.pc'
[0.476s] Level 1:colcon.colcon_core.environment:checking '/home/robofei/ROS2/action/install/dynamixel_sdk/lib/python3.8/site-packages'
[0.476s] INFO:colcon.colcon_core.shell:Creating package script '/home/robofei/ROS2/action/install/dynamixel_sdk/share/dynamixel_sdk/package.ps1'
[0.477s] INFO:colcon.colcon_core.shell:Creating package descriptor '/home/robofei/ROS2/action/install/dynamixel_sdk/share/dynamixel_sdk/package.dsv'
[0.478s] INFO:colcon.colcon_core.shell:Creating package script '/home/robofei/ROS2/action/install/dynamixel_sdk/share/dynamixel_sdk/package.sh'
[0.479s] INFO:colcon.colcon_core.shell:Creating package script '/home/robofei/ROS2/action/install/dynamixel_sdk/share/dynamixel_sdk/package.bash'
[0.479s] INFO:colcon.colcon_core.shell:Creating package script '/home/robofei/ROS2/action/install/dynamixel_sdk/share/dynamixel_sdk/package.zsh'
[0.481s] Level 1:colcon.colcon_core.environment:create_file_with_runtime_dependencies(/home/robofei/ROS2/action/install/dynamixel_sdk/share/colcon-core/packages/dynamixel_sdk)
[0.539s] Level 1:colcon.colcon_core.environment:create_environment_scripts_only(dynamixel_sdk)
[0.541s] Level 1:colcon.colcon_core.environment:checking '/home/robofei/ROS2/action/install/dynamixel_sdk' for CMake module files
[0.542s] Level 1:colcon.colcon_core.environment:checking '/home/robofei/ROS2/action/install/dynamixel_sdk' for CMake config files
[0.543s] Level 1:colcon.colcon_core.shell:create_environment_hook('dynamixel_sdk', 'cmake_prefix_path')
[0.544s] INFO:colcon.colcon_core.shell:Creating environment hook '/home/robofei/ROS2/action/install/dynamixel_sdk/share/dynamixel_sdk/hook/cmake_prefix_path.ps1'
[0.544s] INFO:colcon.colcon_core.shell:Creating environment descriptor '/home/robofei/ROS2/action/install/dynamixel_sdk/share/dynamixel_sdk/hook/cmake_prefix_path.dsv'
[0.545s] INFO:colcon.colcon_core.shell:Creating environment hook '/home/robofei/ROS2/action/install/dynamixel_sdk/share/dynamixel_sdk/hook/cmake_prefix_path.sh'
[0.545s] Level 1:colcon.colcon_core.environment:checking '/home/robofei/ROS2/action/install/dynamixel_sdk/lib'
[0.545s] Level 1:colcon.colcon_core.shell:create_environment_hook('dynamixel_sdk', 'ld_library_path_lib')
[0.546s] INFO:colcon.colcon_core.shell:Creating environment hook '/home/robofei/ROS2/action/install/dynamixel_sdk/share/dynamixel_sdk/hook/ld_library_path_lib.ps1'
[0.547s] INFO:colcon.colcon_core.shell:Creating environment descriptor '/home/robofei/ROS2/action/install/dynamixel_sdk/share/dynamixel_sdk/hook/ld_library_path_lib.dsv'
[0.547s] INFO:colcon.colcon_core.shell:Creating environment hook '/home/robofei/ROS2/action/install/dynamixel_sdk/share/dynamixel_sdk/hook/ld_library_path_lib.sh'
[0.548s] Level 1:colcon.colcon_core.environment:checking '/home/robofei/ROS2/action/install/dynamixel_sdk/bin'
[0.548s] Level 1:colcon.colcon_core.environment:checking '/home/robofei/ROS2/action/install/dynamixel_sdk/lib/pkgconfig/dynamixel_sdk.pc'
[0.548s] Level 1:colcon.colcon_core.environment:checking '/home/robofei/ROS2/action/install/dynamixel_sdk/lib/python3.8/site-packages'
[0.548s] INFO:colcon.colcon_core.shell:Creating package script '/home/robofei/ROS2/action/install/dynamixel_sdk/share/dynamixel_sdk/package.ps1'
[0.549s] INFO:colcon.colcon_core.shell:Creating package descriptor '/home/robofei/ROS2/action/install/dynamixel_sdk/share/dynamixel_sdk/package.dsv'
[0.550s] INFO:colcon.colcon_core.shell:Creating package script '/home/robofei/ROS2/action/install/dynamixel_sdk/share/dynamixel_sdk/package.sh'
[0.551s] INFO:colcon.colcon_core.shell:Creating package script '/home/robofei/ROS2/action/install/dynamixel_sdk/share/dynamixel_sdk/package.bash'
[0.551s] INFO:colcon.colcon_core.shell:Creating package script '/home/robofei/ROS2/action/install/dynamixel_sdk/share/dynamixel_sdk/package.zsh'
[0.552s] Level 1:colcon.colcon_core.environment:create_file_with_runtime_dependencies(/home/robofei/ROS2/action/install/dynamixel_sdk/share/colcon-core/packages/dynamixel_sdk)
[0.566s] DEBUG:colcon.colcon_core.event_handler.log_command:Invoked command in '/home/robofei/ROS2/action/build/dynamixel_sdk_custom_interfaces' returned '0': CMAKE_PREFIX_PATH=/opt/ros/foxy /usr/bin/cmake --build /home/robofei/ROS2/action/build/dynamixel_sdk_custom_interfaces -- -j4 -l4
[0.634s] DEBUG:colcon.colcon_core.event_handler.log_command:Invoking command in '/home/robofei/ROS2/action/build/dynamixel_sdk_custom_interfaces': CMAKE_PREFIX_PATH=/opt/ros/foxy /usr/bin/cmake --install /home/robofei/ROS2/action/build/dynamixel_sdk_custom_interfaces
[0.727s] Level 1:colcon.colcon_core.environment:create_environment_scripts_only(dynamixel_sdk_custom_interfaces)
[0.728s] Level 1:colcon.colcon_core.environment:checking '/home/robofei/ROS2/action/install/dynamixel_sdk_custom_interfaces' for CMake module files
[0.728s] DEBUG:colcon.colcon_core.event_handler.log_command:Invoked command in '/home/robofei/ROS2/action/build/dynamixel_sdk_custom_interfaces' returned '0': CMAKE_PREFIX_PATH=/opt/ros/foxy /usr/bin/cmake --install /home/robofei/ROS2/action/build/dynamixel_sdk_custom_interfaces
[0.729s] Level 1:colcon.colcon_core.environment:checking '/home/robofei/ROS2/action/install/dynamixel_sdk_custom_interfaces' for CMake config files
[0.730s] Level 1:colcon.colcon_core.shell:create_environment_hook('dynamixel_sdk_custom_interfaces', 'cmake_prefix_path')
[0.730s] INFO:colcon.colcon_core.shell:Creating environment hook '/home/robofei/ROS2/action/install/dynamixel_sdk_custom_interfaces/share/dynamixel_sdk_custom_interfaces/hook/cmake_prefix_path.ps1'
[0.731s] INFO:colcon.colcon_core.shell:Creating environment descriptor '/home/robofei/ROS2/action/install/dynamixel_sdk_custom_interfaces/share/dynamixel_sdk_custom_interfaces/hook/cmake_prefix_path.dsv'
[0.732s] INFO:colcon.colcon_core.shell:Creating environment hook '/home/robofei/ROS2/action/install/dynamixel_sdk_custom_interfaces/share/dynamixel_sdk_custom_interfaces/hook/cmake_prefix_path.sh'
[0.733s] Level 1:colcon.colcon_core.environment:checking '/home/robofei/ROS2/action/install/dynamixel_sdk_custom_interfaces/lib'
[0.733s] Level 1:colcon.colcon_core.shell:create_environment_hook('dynamixel_sdk_custom_interfaces', 'ld_library_path_lib')
[0.734s] INFO:colcon.colcon_core.shell:Creating environment hook '/home/robofei/ROS2/action/install/dynamixel_sdk_custom_interfaces/share/dynamixel_sdk_custom_interfaces/hook/ld_library_path_lib.ps1'
[0.734s] INFO:colcon.colcon_core.shell:Creating environment descriptor '/home/robofei/ROS2/action/install/dynamixel_sdk_custom_interfaces/share/dynamixel_sdk_custom_interfaces/hook/ld_library_path_lib.dsv'
[0.734s] INFO:colcon.colcon_core.shell:Creating environment hook '/home/robofei/ROS2/action/install/dynamixel_sdk_custom_interfaces/share/dynamixel_sdk_custom_interfaces/hook/ld_library_path_lib.sh'
[0.735s] Level 1:colcon.colcon_core.environment:checking '/home/robofei/ROS2/action/install/dynamixel_sdk_custom_interfaces/bin'
[0.735s] Level 1:colcon.colcon_core.environment:checking '/home/robofei/ROS2/action/install/dynamixel_sdk_custom_interfaces/lib/pkgconfig/dynamixel_sdk_custom_interfaces.pc'
[0.735s] Level 1:colcon.colcon_core.environment:checking '/home/robofei/ROS2/action/install/dynamixel_sdk_custom_interfaces/lib/python3.8/site-packages'
[0.735s] Level 1:colcon.colcon_core.shell:create_environment_hook('dynamixel_sdk_custom_interfaces', 'pythonpath')
[0.736s] INFO:colcon.colcon_core.shell:Creating environment hook '/home/robofei/ROS2/action/install/dynamixel_sdk_custom_interfaces/share/dynamixel_sdk_custom_interfaces/hook/pythonpath.ps1'
[0.736s] INFO:colcon.colcon_core.shell:Creating environment descriptor '/home/robofei/ROS2/action/install/dynamixel_sdk_custom_interfaces/share/dynamixel_sdk_custom_interfaces/hook/pythonpath.dsv'
[0.736s] INFO:colcon.colcon_core.shell:Creating environment hook '/home/robofei/ROS2/action/install/dynamixel_sdk_custom_interfaces/share/dynamixel_sdk_custom_interfaces/hook/pythonpath.sh'
[0.737s] INFO:colcon.colcon_core.shell:Creating package script '/home/robofei/ROS2/action/install/dynamixel_sdk_custom_interfaces/share/dynamixel_sdk_custom_interfaces/package.ps1'
[0.738s] INFO:colcon.colcon_core.shell:Creating package descriptor '/home/robofei/ROS2/action/install/dynamixel_sdk_custom_interfaces/share/dynamixel_sdk_custom_interfaces/package.dsv'
[0.738s] INFO:colcon.colcon_core.shell:Creating package script '/home/robofei/ROS2/action/install/dynamixel_sdk_custom_interfaces/share/dynamixel_sdk_custom_interfaces/package.sh'
[0.739s] INFO:colcon.colcon_core.shell:Creating package script '/home/robofei/ROS2/action/install/dynamixel_sdk_custom_interfaces/share/dynamixel_sdk_custom_interfaces/package.bash'
[0.739s] INFO:colcon.colcon_core.shell:Creating package script '/home/robofei/ROS2/action/install/dynamixel_sdk_custom_interfaces/share/dynamixel_sdk_custom_interfaces/package.zsh'
[0.739s] Level 1:colcon.colcon_core.environment:create_file_with_runtime_dependencies(/home/robofei/ROS2/action/install/dynamixel_sdk_custom_interfaces/share/colcon-core/packages/dynamixel_sdk_custom_interfaces)
[0.807s] Level 1:colcon.colcon_core.environment:create_environment_scripts_only(dynamixel_sdk_custom_interfaces)
[0.808s] Level 1:colcon.colcon_core.environment:checking '/home/robofei/ROS2/action/install/dynamixel_sdk_custom_interfaces' for CMake module files
[0.808s] Level 1:colcon.colcon_core.environment:checking '/home/robofei/ROS2/action/install/dynamixel_sdk_custom_interfaces' for CMake config files
[0.809s] Level 1:colcon.colcon_core.shell:create_environment_hook('dynamixel_sdk_custom_interfaces', 'cmake_prefix_path')
[0.809s] INFO:colcon.colcon_core.shell:Creating environment hook '/home/robofei/ROS2/action/install/dynamixel_sdk_custom_interfaces/share/dynamixel_sdk_custom_interfaces/hook/cmake_prefix_path.ps1'
[0.810s] INFO:colcon.colcon_core.shell:Creating environment descriptor '/home/robofei/ROS2/action/install/dynamixel_sdk_custom_interfaces/share/dynamixel_sdk_custom_interfaces/hook/cmake_prefix_path.dsv'
[0.810s] INFO:colcon.colcon_core.shell:Creating environment hook '/home/robofei/ROS2/action/install/dynamixel_sdk_custom_interfaces/share/dynamixel_sdk_custom_interfaces/hook/cmake_prefix_path.sh'
[0.811s] Level 1:colcon.colcon_core.environment:checking '/home/robofei/ROS2/action/install/dynamixel_sdk_custom_interfaces/lib'
[0.811s] Level 1:colcon.colcon_core.shell:create_environment_hook('dynamixel_sdk_custom_interfaces', 'ld_library_path_lib')
[0.811s] INFO:colcon.colcon_core.shell:Creating environment hook '/home/robofei/ROS2/action/install/dynamixel_sdk_custom_interfaces/share/dynamixel_sdk_custom_interfaces/hook/ld_library_path_lib.ps1'
[0.812s] INFO:colcon.colcon_core.shell:Creating environment descriptor '/home/robofei/ROS2/action/install/dynamixel_sdk_custom_interfaces/share/dynamixel_sdk_custom_interfaces/hook/ld_library_path_lib.dsv'
[0.812s] INFO:colcon.colcon_core.shell:Creating environment hook '/home/robofei/ROS2/action/install/dynamixel_sdk_custom_interfaces/share/dynamixel_sdk_custom_interfaces/hook/ld_library_path_lib.sh'
[0.812s] Level 1:colcon.colcon_core.environment:checking '/home/robofei/ROS2/action/install/dynamixel_sdk_custom_interfaces/bin'
[0.813s] Level 1:colcon.colcon_core.environment:checking '/home/robofei/ROS2/action/install/dynamixel_sdk_custom_interfaces/lib/pkgconfig/dynamixel_sdk_custom_interfaces.pc'
[0.813s] Level 1:colcon.colcon_core.environment:checking '/home/robofei/ROS2/action/install/dynamixel_sdk_custom_interfaces/lib/python3.8/site-packages'
[0.813s] Level 1:colcon.colcon_core.shell:create_environment_hook('dynamixel_sdk_custom_interfaces', 'pythonpath')
[0.814s] INFO:colcon.colcon_core.shell:Creating environment hook '/home/robofei/ROS2/action/install/dynamixel_sdk_custom_interfaces/share/dynamixel_sdk_custom_interfaces/hook/pythonpath.ps1'
[0.814s] INFO:colcon.colcon_core.shell:Creating environment descriptor '/home/robofei/ROS2/action/install/dynamixel_sdk_custom_interfaces/share/dynamixel_sdk_custom_interfaces/hook/pythonpath.dsv'
[0.815s] INFO:colcon.colcon_core.shell:Creating environment hook '/home/robofei/ROS2/action/install/dynamixel_sdk_custom_interfaces/share/dynamixel_sdk_custom_interfaces/hook/pythonpath.sh'
[0.816s] INFO:colcon.colcon_core.shell:Creating package script '/home/robofei/ROS2/action/install/dynamixel_sdk_custom_interfaces/share/dynamixel_sdk_custom_interfaces/package.ps1'
[0.817s] INFO:colcon.colcon_core.shell:Creating package descriptor '/home/robofei/ROS2/action/install/dynamixel_sdk_custom_interfaces/share/dynamixel_sdk_custom_interfaces/package.dsv'
[0.818s] INFO:colcon.colcon_core.shell:Creating package script '/home/robofei/ROS2/action/install/dynamixel_sdk_custom_interfaces/share/dynamixel_sdk_custom_interfaces/package.sh'
[0.818s] INFO:colcon.colcon_core.shell:Creating package script '/home/robofei/ROS2/action/install/dynamixel_sdk_custom_interfaces/share/dynamixel_sdk_custom_interfaces/package.bash'
[0.819s] INFO:colcon.colcon_core.shell:Creating package script '/home/robofei/ROS2/action/install/dynamixel_sdk_custom_interfaces/share/dynamixel_sdk_custom_interfaces/package.zsh'
[0.819s] Level 1:colcon.colcon_core.environment:create_file_with_runtime_dependencies(/home/robofei/ROS2/action/install/dynamixel_sdk_custom_interfaces/share/colcon-core/packages/dynamixel_sdk_custom_interfaces)
[0.819s] INFO:colcon.colcon_ros.task.ament_cmake.build:Building ROS package in '/home/robofei/ROS2/action/src/dynamixel_sdk_examples' with build type 'ament_cmake'
[0.820s] INFO:colcon.colcon_cmake.task.cmake.build:Building CMake package in '/home/robofei/ROS2/action/src/dynamixel_sdk_examples'
[0.820s] INFO:colcon.colcon_core.shell:Skip shell extension 'powershell' for command environment: Not usable outside of PowerShell
[0.820s] DEBUG:colcon.colcon_core.shell:Skip shell extension 'dsv' for command environment
[0.838s] DEBUG:colcon.colcon_core.event_handler.log_command:Invoking command in '/home/robofei/ROS2/action/build/action': AMENT_PREFIX_PATH=/home/robofei/ROS2/action/install/dynamixel_sdk_custom_interfaces:/home/robofei/ROS2/action/install/dynamixel_sdk:${AMENT_PREFIX_PATH} CMAKE_PREFIX_PATH=/home/robofei/ROS2/action/install/dynamixel_sdk_custom_interfaces:/home/robofei/ROS2/action/install/dynamixel_sdk:/opt/ros/foxy LD_LIBRARY_PATH=/home/robofei/ROS2/action/install/dynamixel_sdk_custom_interfaces/lib:/home/robofei/ROS2/action/install/dynamixel_sdk/lib:${LD_LIBRARY_PATH} PYTHONPATH=/home/robofei/ROS2/action/install/dynamixel_sdk_custom_interfaces/lib/python3.8/site-packages:${PYTHONPATH} /usr/bin/cmake --build /home/robofei/ROS2/action/build/action -- -j4 -l4
[3.350s] DEBUG:colcon.colcon_core.event_handler.log_command:Invoked command in '/home/robofei/ROS2/action/build/action' returned '2': AMENT_PREFIX_PATH=/home/robofei/ROS2/action/install/dynamixel_sdk_custom_interfaces:/home/robofei/ROS2/action/install/dynamixel_sdk:${AMENT_PREFIX_PATH} CMAKE_PREFIX_PATH=/home/robofei/ROS2/action/install/dynamixel_sdk_custom_interfaces:/home/robofei/ROS2/action/install/dynamixel_sdk:/opt/ros/foxy LD_LIBRARY_PATH=/home/robofei/ROS2/action/install/dynamixel_sdk_custom_interfaces/lib:/home/robofei/ROS2/action/install/dynamixel_sdk/lib:${LD_LIBRARY_PATH} PYTHONPATH=/home/robofei/ROS2/action/install/dynamixel_sdk_custom_interfaces/lib/python3.8/site-packages:${PYTHONPATH} /usr/bin/cmake --build /home/robofei/ROS2/action/build/action -- -j4 -l4
[3.375s] Level 1:colcon.colcon_core.environment:create_environment_scripts_only(action)
[3.376s] Level 1:colcon.colcon_core.environment:checking '/home/robofei/ROS2/action/install/action' for CMake module files
[3.377s] Level 1:colcon.colcon_core.environment:checking '/home/robofei/ROS2/action/install/action' for CMake config files
[3.377s] Level 1:colcon.colcon_core.environment:checking '/home/robofei/ROS2/action/install/action/bin'
[3.377s] Level 1:colcon.colcon_core.environment:checking '/home/robofei/ROS2/action/install/action/lib/pkgconfig/action.pc'
[3.377s] Level 1:colcon.colcon_core.environment:checking '/home/robofei/ROS2/action/install/action/lib/python3.8/site-packages'
[3.378s] INFO:colcon.colcon_core.shell:Creating package script '/home/robofei/ROS2/action/install/action/share/action/package.ps1'
[3.379s] INFO:colcon.colcon_core.shell:Creating package descriptor '/home/robofei/ROS2/action/install/action/share/action/package.dsv'
[3.379s] INFO:colcon.colcon_core.shell:Creating package script '/home/robofei/ROS2/action/install/action/share/action/package.sh'
[3.379s] INFO:colcon.colcon_core.shell:Creating package script '/home/robofei/ROS2/action/install/action/share/action/package.bash'
[3.380s] INFO:colcon.colcon_core.shell:Creating package script '/home/robofei/ROS2/action/install/action/share/action/package.zsh'
[3.380s] Level 1:colcon.colcon_core.environment:create_file_with_runtime_dependencies(/home/robofei/ROS2/action/install/action/share/colcon-core/packages/action)
[3.391s] DEBUG:colcon.colcon_parallel_executor.executor.parallel:closing loop
[3.391s] DEBUG:colcon.colcon_parallel_executor.executor.parallel:loop closed
[3.391s] DEBUG:colcon.colcon_parallel_executor.executor.parallel:run_until_complete finished with '2'
[3.391s] DEBUG:colcon.colcon_core.event_reactor:joining thread
[3.399s] INFO:colcon.colcon_core.plugin_system:Skipping extension 'colcon_notification.desktop_notification.terminal_notifier': Not used on non-Darwin systems
[3.399s] INFO:colcon.colcon_core.plugin_system:Skipping extension 'colcon_notification.desktop_notification.win32': Not used on non-Windows systems
[3.399s] INFO:colcon.colcon_notification.desktop_notification:Sending desktop notification using 'notify2'
[3.414s] DEBUG:colcon.colcon_core.event_reactor:joined thread
[3.415s] INFO:colcon.colcon_core.shell:Creating prefix script '/home/robofei/ROS2/action/install/local_setup.ps1'
[3.417s] INFO:colcon.colcon_core.shell:Creating prefix util module '/home/robofei/ROS2/action/install/_local_setup_util_ps1.py'
[3.419s] INFO:colcon.colcon_core.shell:Creating prefix chain script '/home/robofei/ROS2/action/install/setup.ps1'
[3.420s] INFO:colcon.colcon_core.shell:Creating prefix script '/home/robofei/ROS2/action/install/local_setup.sh'
[3.420s] INFO:colcon.colcon_core.shell:Creating prefix util module '/home/robofei/ROS2/action/install/_local_setup_util_sh.py'
[3.421s] INFO:colcon.colcon_core.shell:Creating prefix chain script '/home/robofei/ROS2/action/install/setup.sh'
[3.422s] INFO:colcon.colcon_core.shell:Creating prefix script '/home/robofei/ROS2/action/install/local_setup.bash'
[3.423s] INFO:colcon.colcon_core.shell:Creating prefix chain script '/home/robofei/ROS2/action/install/setup.bash'
[3.424s] INFO:colcon.colcon_core.shell:Creating prefix script '/home/robofei/ROS2/action/install/local_setup.zsh'
[3.425s] INFO:colcon.colcon_core.shell:Creating prefix chain script '/home/robofei/ROS2/action/install/setup.zsh'
