[0.205s] DEBUG:colcon:Command line arguments: ['/usr/bin/colcon', 'build', '--symlink-install']
[0.206s] DEBUG:colcon:Parsed command line arguments: Namespace(allow_overriding=[], ament_cmake_args=None, base_paths=['.'], build_base='build', catkin_cmake_args=None, catkin_skip_building_tests=False, cmake_args=None, cmake_clean_cache=False, cmake_clean_first=False, cmake_force_configure=False, cmake_target=None, cmake_target_skip_unavailable=False, continue_on_error=False, event_handlers=None, executor='parallel', ignore_user_meta=False, install_base='install', log_base=None, log_level=None, main=<bound method BuildVerb.main of <colcon_core.verb.build.BuildVerb object at 0x7f3e0df887f0>>, merge_install=False, metas=['./colcon.meta'], packages_above=None, packages_above_and_dependencies=None, packages_above_depth=None, packages_end=None, packages_ignore=None, packages_ignore_regex=None, packages_select=None, packages_select_build_failed=False, packages_select_by_dep=None, packages_select_regex=None, packages_select_test_failures=False, packages_skip=None, packages_skip_build_finished=False, packages_skip_by_dep=None, packages_skip_regex=None, packages_skip_test_passed=False, packages_skip_up_to=None, packages_start=None, packages_up_to=None, packages_up_to_regex=None, parallel_workers=4, paths=None, symlink_install=True, test_result_base=None, verb_extension=<colcon_core.verb.build.BuildVerb object at 0x7f3e0df887f0>, verb_name='build', verb_parser=<colcon_defaults.argument_parser.defaults.DefaultArgumentsDecorator object at 0x7f3e0df924f0>)
[0.239s] Level 1:colcon.colcon_core.package_discovery:discover_packages(colcon_meta) check parameters
[0.239s] Level 1:colcon.colcon_core.package_discovery:discover_packages(recursive) check parameters
[0.239s] Level 1:colcon.colcon_core.package_discovery:discover_packages(ignore) check parameters
[0.239s] Level 1:colcon.colcon_core.package_discovery:discover_packages(path) check parameters
[0.239s] Level 1:colcon.colcon_core.package_discovery:discover_packages(colcon_meta) discover
[0.239s] Level 1:colcon.colcon_core.package_discovery:discover_packages(recursive) discover
[0.239s] INFO:colcon.colcon_core.package_discovery:Crawling recursively for packages in '/home/robofei/ROS2/um7'
[0.240s] Level 1:colcon.colcon_core.package_identification:_identify(.) by extensions ['ignore', 'ignore_ament_install']
[0.240s] Level 1:colcon.colcon_core.package_identification:_identify(.) by extension 'ignore'
[0.240s] Level 1:colcon.colcon_core.package_identification:_identify(.) by extension 'ignore_ament_install'
[0.240s] Level 1:colcon.colcon_core.package_identification:_identify(.) by extensions ['colcon_pkg']
[0.240s] Level 1:colcon.colcon_core.package_identification:_identify(.) by extension 'colcon_pkg'
[0.240s] Level 1:colcon.colcon_core.package_identification:_identify(.) by extensions ['colcon_meta']
[0.240s] Level 1:colcon.colcon_core.package_identification:_identify(.) by extension 'colcon_meta'
[0.240s] Level 1:colcon.colcon_core.package_identification:_identify(.) by extensions ['ros']
[0.240s] Level 1:colcon.colcon_core.package_identification:_identify(.) by extension 'ros'
[0.255s] Level 1:colcon.colcon_core.package_identification:_identify(.) by extensions ['cmake', 'python']
[0.255s] Level 1:colcon.colcon_core.package_identification:_identify(.) by extension 'cmake'
[0.255s] Level 1:colcon.colcon_core.package_identification:_identify(.) by extension 'python'
[0.255s] Level 1:colcon.colcon_core.package_identification:_identify(.) by extensions ['python_setup_py']
[0.255s] Level 1:colcon.colcon_core.package_identification:_identify(.) by extension 'python_setup_py'
[0.256s] Level 1:colcon.colcon_core.package_identification:_identify(build) by extensions ['ignore', 'ignore_ament_install']
[0.256s] Level 1:colcon.colcon_core.package_identification:_identify(build) by extension 'ignore'
[0.256s] Level 1:colcon.colcon_core.package_identification:_identify(build) ignored
[0.256s] Level 1:colcon.colcon_core.package_identification:_identify(install) by extensions ['ignore', 'ignore_ament_install']
[0.256s] Level 1:colcon.colcon_core.package_identification:_identify(install) by extension 'ignore'
[0.256s] Level 1:colcon.colcon_core.package_identification:_identify(install) ignored
[0.256s] Level 1:colcon.colcon_core.package_identification:_identify(log) by extensions ['ignore', 'ignore_ament_install']
[0.257s] Level 1:colcon.colcon_core.package_identification:_identify(log) by extension 'ignore'
[0.257s] Level 1:colcon.colcon_core.package_identification:_identify(log) ignored
[0.257s] Level 1:colcon.colcon_core.package_identification:_identify(serial-ros2) by extensions ['ignore', 'ignore_ament_install']
[0.257s] Level 1:colcon.colcon_core.package_identification:_identify(serial-ros2) by extension 'ignore'
[0.257s] Level 1:colcon.colcon_core.package_identification:_identify(serial-ros2) by extension 'ignore_ament_install'
[0.257s] Level 1:colcon.colcon_core.package_identification:_identify(serial-ros2) by extensions ['colcon_pkg']
[0.257s] Level 1:colcon.colcon_core.package_identification:_identify(serial-ros2) by extension 'colcon_pkg'
[0.257s] Level 1:colcon.colcon_core.package_identification:_identify(serial-ros2) by extensions ['colcon_meta']
[0.257s] Level 1:colcon.colcon_core.package_identification:_identify(serial-ros2) by extension 'colcon_meta'
[0.257s] Level 1:colcon.colcon_core.package_identification:_identify(serial-ros2) by extensions ['ros']
[0.258s] Level 1:colcon.colcon_core.package_identification:_identify(serial-ros2) by extension 'ros'
[0.261s] DEBUG:colcon.colcon_core.package_identification:Package 'serial-ros2' with type 'ros.ament_cmake' and name 'serial'
[0.261s] Level 1:colcon.colcon_core.package_identification:_identify(src) by extensions ['ignore', 'ignore_ament_install']
[0.261s] Level 1:colcon.colcon_core.package_identification:_identify(src) by extension 'ignore'
[0.262s] Level 1:colcon.colcon_core.package_identification:_identify(src) by extension 'ignore_ament_install'
[0.262s] Level 1:colcon.colcon_core.package_identification:_identify(src) by extensions ['colcon_pkg']
[0.262s] Level 1:colcon.colcon_core.package_identification:_identify(src) by extension 'colcon_pkg'
[0.262s] Level 1:colcon.colcon_core.package_identification:_identify(src) by extensions ['colcon_meta']
[0.262s] Level 1:colcon.colcon_core.package_identification:_identify(src) by extension 'colcon_meta'
[0.262s] Level 1:colcon.colcon_core.package_identification:_identify(src) by extensions ['ros']
[0.262s] Level 1:colcon.colcon_core.package_identification:_identify(src) by extension 'ros'
[0.263s] DEBUG:colcon.colcon_core.package_identification:Package 'src' with type 'ros.ament_cmake' and name 'um7'
[0.263s] Level 1:colcon.colcon_core.package_discovery:discover_packages(recursive) using defaults
[0.263s] Level 1:colcon.colcon_core.package_discovery:discover_packages(ignore) discover
[0.263s] Level 1:colcon.colcon_core.package_discovery:discover_packages(ignore) using defaults
[0.263s] Level 1:colcon.colcon_core.package_discovery:discover_packages(path) discover
[0.263s] Level 1:colcon.colcon_core.package_discovery:discover_packages(path) using defaults
[0.306s] Level 1:colcon.colcon_core.package_discovery:discover_packages(prefix_path) check parameters
[0.306s] Level 1:colcon.colcon_core.package_discovery:discover_packages(prefix_path) discover
[0.309s] WARNING:colcon.colcon_ros.prefix_path.ament:The path '/home/robofei/ROS2/um7/install/um7' in the environment variable AMENT_PREFIX_PATH doesn't exist
[0.309s] WARNING:colcon.colcon_ros.prefix_path.ament:The path '/home/robofei/ROS2/um7/install/serial' in the environment variable AMENT_PREFIX_PATH doesn't exist
[0.309s] WARNING:colcon.colcon_ros.prefix_path.catkin:The path '/home/robofei/ROS2/um7/install/um7' in the environment variable CMAKE_PREFIX_PATH doesn't exist
[0.309s] WARNING:colcon.colcon_ros.prefix_path.catkin:The path '/home/robofei/ROS2/um7/install/serial' in the environment variable CMAKE_PREFIX_PATH doesn't exist
[0.311s] DEBUG:colcon.colcon_installed_package_information.package_discovery:Found 0 installed packages in /home/robofei/ROS2/um7/install
[0.314s] DEBUG:colcon.colcon_installed_package_information.package_discovery:Found 256 installed packages in /opt/ros/foxy
[0.316s] Level 1:colcon.colcon_core.package_discovery:discover_packages(prefix_path) using defaults
[0.430s] Level 5:colcon.colcon_core.verb:set package 'serial' build argument 'cmake_args' from command line to 'None'
[0.431s] Level 5:colcon.colcon_core.verb:set package 'serial' build argument 'cmake_target' from command line to 'None'
[0.431s] Level 5:colcon.colcon_core.verb:set package 'serial' build argument 'cmake_target_skip_unavailable' from command line to 'False'
[0.431s] Level 5:colcon.colcon_core.verb:set package 'serial' build argument 'cmake_clean_cache' from command line to 'False'
[0.431s] Level 5:colcon.colcon_core.verb:set package 'serial' build argument 'cmake_clean_first' from command line to 'False'
[0.431s] Level 5:colcon.colcon_core.verb:set package 'serial' build argument 'cmake_force_configure' from command line to 'False'
[0.431s] Level 5:colcon.colcon_core.verb:set package 'serial' build argument 'ament_cmake_args' from command line to 'None'
[0.431s] Level 5:colcon.colcon_core.verb:set package 'serial' build argument 'catkin_cmake_args' from command line to 'None'
[0.431s] Level 5:colcon.colcon_core.verb:set package 'serial' build argument 'catkin_skip_building_tests' from command line to 'False'
[0.431s] DEBUG:colcon.colcon_core.verb:Building package 'serial' with the following arguments: {'ament_cmake_args': None, 'build_base': '/home/robofei/ROS2/um7/build/serial', 'catkin_cmake_args': None, 'catkin_skip_building_tests': False, 'cmake_args': None, 'cmake_clean_cache': False, 'cmake_clean_first': False, 'cmake_force_configure': False, 'cmake_target': None, 'cmake_target_skip_unavailable': False, 'install_base': '/home/robofei/ROS2/um7/install/serial', 'merge_install': False, 'path': '/home/robofei/ROS2/um7/serial-ros2', 'symlink_install': True, 'test_result_base': None}
[0.432s] Level 5:colcon.colcon_core.verb:set package 'um7' build argument 'cmake_args' from command line to 'None'
[0.432s] Level 5:colcon.colcon_core.verb:set package 'um7' build argument 'cmake_target' from command line to 'None'
[0.432s] Level 5:colcon.colcon_core.verb:set package 'um7' build argument 'cmake_target_skip_unavailable' from command line to 'False'
[0.432s] Level 5:colcon.colcon_core.verb:set package 'um7' build argument 'cmake_clean_cache' from command line to 'False'
[0.432s] Level 5:colcon.colcon_core.verb:set package 'um7' build argument 'cmake_clean_first' from command line to 'False'
[0.432s] Level 5:colcon.colcon_core.verb:set package 'um7' build argument 'cmake_force_configure' from command line to 'False'
[0.433s] Level 5:colcon.colcon_core.verb:set package 'um7' build argument 'ament_cmake_args' from command line to 'None'
[0.433s] Level 5:colcon.colcon_core.verb:set package 'um7' build argument 'catkin_cmake_args' from command line to 'None'
[0.433s] Level 5:colcon.colcon_core.verb:set package 'um7' build argument 'catkin_skip_building_tests' from command line to 'False'
[0.433s] DEBUG:colcon.colcon_core.verb:Building package 'um7' with the following arguments: {'ament_cmake_args': None, 'build_base': '/home/robofei/ROS2/um7/build/um7', 'catkin_cmake_args': None, 'catkin_skip_building_tests': False, 'cmake_args': None, 'cmake_clean_cache': False, 'cmake_clean_first': False, 'cmake_force_configure': False, 'cmake_target': None, 'cmake_target_skip_unavailable': False, 'install_base': '/home/robofei/ROS2/um7/install/um7', 'merge_install': False, 'path': '/home/robofei/ROS2/um7/src', 'symlink_install': True, 'test_result_base': None}
[0.434s] INFO:colcon.colcon_core.executor:Executing jobs using 'parallel' executor
[0.439s] DEBUG:colcon.colcon_parallel_executor.executor.parallel:run_until_complete
[0.439s] INFO:colcon.colcon_ros.task.ament_cmake.build:Building ROS package in '/home/robofei/ROS2/um7/serial-ros2' with build type 'ament_cmake'
[0.440s] INFO:colcon.colcon_cmake.task.cmake.build:Building CMake package in '/home/robofei/ROS2/um7/serial-ros2'
[0.446s] INFO:colcon.colcon_core.plugin_system:Skipping extension 'colcon_core.shell.bat': Not used on non-Windows systems
[0.447s] INFO:colcon.colcon_core.shell:Skip shell extension 'powershell' for command environment: Not usable outside of PowerShell
[0.447s] DEBUG:colcon.colcon_core.shell:Skip shell extension 'dsv' for command environment
[0.460s] DEBUG:colcon.colcon_core.event_handler.log_command:Invoking command in '/home/robofei/ROS2/um7/build/serial': CMAKE_PREFIX_PATH=${CMAKE_PREFIX_PATH}:/opt/ros/foxy /usr/bin/cmake /home/robofei/ROS2/um7/serial-ros2 -DAMENT_CMAKE_SYMLINK_INSTALL=1 -DCMAKE_INSTALL_PREFIX=/home/robofei/ROS2/um7/install/serial
[1.485s] DEBUG:colcon.colcon_core.event_handler.log_command:Invoked command in '/home/robofei/ROS2/um7/build/serial' returned '0': CMAKE_PREFIX_PATH=${CMAKE_PREFIX_PATH}:/opt/ros/foxy /usr/bin/cmake /home/robofei/ROS2/um7/serial-ros2 -DAMENT_CMAKE_SYMLINK_INSTALL=1 -DCMAKE_INSTALL_PREFIX=/home/robofei/ROS2/um7/install/serial
[1.489s] DEBUG:colcon.colcon_core.event_handler.log_command:Invoking command in '/home/robofei/ROS2/um7/build/serial': CMAKE_PREFIX_PATH=${CMAKE_PREFIX_PATH}:/opt/ros/foxy /usr/bin/cmake --build /home/robofei/ROS2/um7/build/serial -- -j4 -l4
[2.527s] DEBUG:colcon.colcon_core.event_handler.log_command:Invoked command in '/home/robofei/ROS2/um7/build/serial' returned '0': CMAKE_PREFIX_PATH=${CMAKE_PREFIX_PATH}:/opt/ros/foxy /usr/bin/cmake --build /home/robofei/ROS2/um7/build/serial -- -j4 -l4
[2.582s] DEBUG:colcon.colcon_core.event_handler.log_command:Invoking command in '/home/robofei/ROS2/um7/build/serial': CMAKE_PREFIX_PATH=${CMAKE_PREFIX_PATH}:/opt/ros/foxy /usr/bin/cmake --install /home/robofei/ROS2/um7/build/serial
[2.865s] Level 1:colcon.colcon_core.environment:create_environment_scripts_only(serial)
[2.866s] DEBUG:colcon.colcon_core.event_handler.log_command:Invoked command in '/home/robofei/ROS2/um7/build/serial' returned '0': CMAKE_PREFIX_PATH=${CMAKE_PREFIX_PATH}:/opt/ros/foxy /usr/bin/cmake --install /home/robofei/ROS2/um7/build/serial
[2.873s] Level 1:colcon.colcon_core.environment:checking '/home/robofei/ROS2/um7/install/serial' for CMake module files
[2.874s] Level 1:colcon.colcon_core.environment:checking '/home/robofei/ROS2/um7/install/serial' for CMake config files
[2.874s] Level 1:colcon.colcon_core.shell:create_environment_hook('serial', 'cmake_prefix_path')
[2.876s] INFO:colcon.colcon_core.shell:Creating environment hook '/home/robofei/ROS2/um7/install/serial/share/serial/hook/cmake_prefix_path.ps1'
[2.877s] INFO:colcon.colcon_core.shell:Creating environment descriptor '/home/robofei/ROS2/um7/install/serial/share/serial/hook/cmake_prefix_path.dsv'
[2.878s] INFO:colcon.colcon_core.shell:Creating environment hook '/home/robofei/ROS2/um7/install/serial/share/serial/hook/cmake_prefix_path.sh'
[2.879s] Level 1:colcon.colcon_core.environment:checking '/home/robofei/ROS2/um7/install/serial/lib'
[2.880s] Level 1:colcon.colcon_core.environment:checking '/home/robofei/ROS2/um7/install/serial/bin'
[2.880s] Level 1:colcon.colcon_core.environment:checking '/home/robofei/ROS2/um7/install/serial/lib/pkgconfig/serial.pc'
[2.880s] Level 1:colcon.colcon_core.environment:checking '/home/robofei/ROS2/um7/install/serial/lib/python3.8/site-packages'
[2.880s] Level 1:colcon.colcon_core.environment:checking '/home/robofei/ROS2/um7/install/serial/bin'
[2.882s] INFO:colcon.colcon_core.shell:Creating package script '/home/robofei/ROS2/um7/install/serial/share/serial/package.ps1'
[2.883s] INFO:colcon.colcon_core.shell:Creating package descriptor '/home/robofei/ROS2/um7/install/serial/share/serial/package.dsv'
[2.884s] INFO:colcon.colcon_core.shell:Creating package script '/home/robofei/ROS2/um7/install/serial/share/serial/package.sh'
[2.885s] INFO:colcon.colcon_core.shell:Creating package script '/home/robofei/ROS2/um7/install/serial/share/serial/package.bash'
[2.886s] INFO:colcon.colcon_core.shell:Creating package script '/home/robofei/ROS2/um7/install/serial/share/serial/package.zsh'
[2.887s] Level 1:colcon.colcon_core.environment:create_file_with_runtime_dependencies(/home/robofei/ROS2/um7/install/serial/share/colcon-core/packages/serial)
[2.924s] Level 1:colcon.colcon_core.environment:create_environment_scripts_only(serial)
[2.927s] Level 1:colcon.colcon_core.environment:checking '/home/robofei/ROS2/um7/install/serial' for CMake module files
[2.928s] Level 1:colcon.colcon_core.environment:checking '/home/robofei/ROS2/um7/install/serial' for CMake config files
[2.928s] Level 1:colcon.colcon_core.shell:create_environment_hook('serial', 'cmake_prefix_path')
[2.930s] INFO:colcon.colcon_core.shell:Creating environment hook '/home/robofei/ROS2/um7/install/serial/share/serial/hook/cmake_prefix_path.ps1'
[2.931s] INFO:colcon.colcon_core.shell:Creating environment descriptor '/home/robofei/ROS2/um7/install/serial/share/serial/hook/cmake_prefix_path.dsv'
[2.932s] INFO:colcon.colcon_core.shell:Creating environment hook '/home/robofei/ROS2/um7/install/serial/share/serial/hook/cmake_prefix_path.sh'
[2.933s] Level 1:colcon.colcon_core.environment:checking '/home/robofei/ROS2/um7/install/serial/lib'
[2.933s] Level 1:colcon.colcon_core.environment:checking '/home/robofei/ROS2/um7/install/serial/bin'
[2.934s] Level 1:colcon.colcon_core.environment:checking '/home/robofei/ROS2/um7/install/serial/lib/pkgconfig/serial.pc'
[2.934s] Level 1:colcon.colcon_core.environment:checking '/home/robofei/ROS2/um7/install/serial/lib/python3.8/site-packages'
[2.934s] Level 1:colcon.colcon_core.environment:checking '/home/robofei/ROS2/um7/install/serial/bin'
[2.936s] INFO:colcon.colcon_core.shell:Creating package script '/home/robofei/ROS2/um7/install/serial/share/serial/package.ps1'
[2.937s] INFO:colcon.colcon_core.shell:Creating package descriptor '/home/robofei/ROS2/um7/install/serial/share/serial/package.dsv'
[2.938s] INFO:colcon.colcon_core.shell:Creating package script '/home/robofei/ROS2/um7/install/serial/share/serial/package.sh'
[2.938s] INFO:colcon.colcon_core.shell:Creating package script '/home/robofei/ROS2/um7/install/serial/share/serial/package.bash'
[2.939s] INFO:colcon.colcon_core.shell:Creating package script '/home/robofei/ROS2/um7/install/serial/share/serial/package.zsh'
[2.939s] Level 1:colcon.colcon_core.environment:create_file_with_runtime_dependencies(/home/robofei/ROS2/um7/install/serial/share/colcon-core/packages/serial)
[2.940s] INFO:colcon.colcon_ros.task.ament_cmake.build:Building ROS package in '/home/robofei/ROS2/um7/src' with build type 'ament_cmake'
[2.940s] INFO:colcon.colcon_cmake.task.cmake.build:Building CMake package in '/home/robofei/ROS2/um7/src'
[2.942s] INFO:colcon.colcon_core.shell:Skip shell extension 'powershell' for command environment: Not usable outside of PowerShell
[2.942s] DEBUG:colcon.colcon_core.shell:Skip shell extension 'dsv' for command environment
[2.967s] DEBUG:colcon.colcon_core.event_handler.log_command:Invoking command in '/home/robofei/ROS2/um7/build/um7': CMAKE_PREFIX_PATH=/home/robofei/ROS2/um7/install/serial:/home/robofei/ROS2/um7/install/um7:/opt/ros/foxy /usr/bin/cmake /home/robofei/ROS2/um7/src -DAMENT_CMAKE_SYMLINK_INSTALL=1 -DCMAKE_INSTALL_PREFIX=/home/robofei/ROS2/um7/install/um7
[5.808s] DEBUG:colcon.colcon_core.event_handler.log_command:Invoked command in '/home/robofei/ROS2/um7/build/um7' returned '0': CMAKE_PREFIX_PATH=/home/robofei/ROS2/um7/install/serial:/home/robofei/ROS2/um7/install/um7:/opt/ros/foxy /usr/bin/cmake /home/robofei/ROS2/um7/src -DAMENT_CMAKE_SYMLINK_INSTALL=1 -DCMAKE_INSTALL_PREFIX=/home/robofei/ROS2/um7/install/um7
[5.811s] DEBUG:colcon.colcon_core.event_handler.log_command:Invoking command in '/home/robofei/ROS2/um7/build/um7': CMAKE_PREFIX_PATH=/home/robofei/ROS2/um7/install/serial:/home/robofei/ROS2/um7/install/um7:/opt/ros/foxy /usr/bin/cmake --build /home/robofei/ROS2/um7/build/um7 -- -j4 -l4
[17.048s] DEBUG:colcon.colcon_core.event_handler.log_command:Invoked command in '/home/robofei/ROS2/um7/build/um7' returned '0': CMAKE_PREFIX_PATH=/home/robofei/ROS2/um7/install/serial:/home/robofei/ROS2/um7/install/um7:/opt/ros/foxy /usr/bin/cmake --build /home/robofei/ROS2/um7/build/um7 -- -j4 -l4
[17.132s] DEBUG:colcon.colcon_core.event_handler.log_command:Invoking command in '/home/robofei/ROS2/um7/build/um7': CMAKE_PREFIX_PATH=/home/robofei/ROS2/um7/install/serial:/home/robofei/ROS2/um7/install/um7:/opt/ros/foxy /usr/bin/cmake --install /home/robofei/ROS2/um7/build/um7
[17.951s] Level 1:colcon.colcon_core.environment:create_environment_scripts_only(um7)
[17.955s] Level 1:colcon.colcon_core.environment:checking '/home/robofei/ROS2/um7/install/um7' for CMake module files
[17.955s] DEBUG:colcon.colcon_core.event_handler.log_command:Invoked command in '/home/robofei/ROS2/um7/build/um7' returned '0': CMAKE_PREFIX_PATH=/home/robofei/ROS2/um7/install/serial:/home/robofei/ROS2/um7/install/um7:/opt/ros/foxy /usr/bin/cmake --install /home/robofei/ROS2/um7/build/um7
[17.956s] Level 1:colcon.colcon_core.environment:checking '/home/robofei/ROS2/um7/install/um7' for CMake config files
[17.957s] Level 1:colcon.colcon_core.shell:create_environment_hook('um7', 'cmake_prefix_path')
[17.959s] INFO:colcon.colcon_core.shell:Creating environment hook '/home/robofei/ROS2/um7/install/um7/share/um7/hook/cmake_prefix_path.ps1'
[17.959s] INFO:colcon.colcon_core.shell:Creating environment descriptor '/home/robofei/ROS2/um7/install/um7/share/um7/hook/cmake_prefix_path.dsv'
[17.960s] INFO:colcon.colcon_core.shell:Creating environment hook '/home/robofei/ROS2/um7/install/um7/share/um7/hook/cmake_prefix_path.sh'
[17.960s] Level 1:colcon.colcon_core.environment:checking '/home/robofei/ROS2/um7/install/um7/lib'
[17.961s] Level 1:colcon.colcon_core.shell:create_environment_hook('um7', 'ld_library_path_lib')
[17.962s] INFO:colcon.colcon_core.shell:Creating environment hook '/home/robofei/ROS2/um7/install/um7/share/um7/hook/ld_library_path_lib.ps1'
[17.963s] INFO:colcon.colcon_core.shell:Creating environment descriptor '/home/robofei/ROS2/um7/install/um7/share/um7/hook/ld_library_path_lib.dsv'
[17.963s] INFO:colcon.colcon_core.shell:Creating environment hook '/home/robofei/ROS2/um7/install/um7/share/um7/hook/ld_library_path_lib.sh'
[17.964s] Level 1:colcon.colcon_core.environment:checking '/home/robofei/ROS2/um7/install/um7/bin'
[17.964s] Level 1:colcon.colcon_core.environment:checking '/home/robofei/ROS2/um7/install/um7/lib/pkgconfig/um7.pc'
[17.964s] Level 1:colcon.colcon_core.environment:checking '/home/robofei/ROS2/um7/install/um7/lib/python3.8/site-packages'
[17.964s] Level 1:colcon.colcon_core.shell:create_environment_hook('um7', 'pythonpath')
[17.966s] INFO:colcon.colcon_core.shell:Creating environment hook '/home/robofei/ROS2/um7/install/um7/share/um7/hook/pythonpath.ps1'
[17.966s] INFO:colcon.colcon_core.shell:Creating environment descriptor '/home/robofei/ROS2/um7/install/um7/share/um7/hook/pythonpath.dsv'
[17.967s] INFO:colcon.colcon_core.shell:Creating environment hook '/home/robofei/ROS2/um7/install/um7/share/um7/hook/pythonpath.sh'
[17.967s] Level 1:colcon.colcon_core.environment:checking '/home/robofei/ROS2/um7/install/um7/bin'
[17.969s] INFO:colcon.colcon_core.shell:Creating package script '/home/robofei/ROS2/um7/install/um7/share/um7/package.ps1'
[17.970s] INFO:colcon.colcon_core.shell:Creating package descriptor '/home/robofei/ROS2/um7/install/um7/share/um7/package.dsv'
[17.971s] INFO:colcon.colcon_core.shell:Creating package script '/home/robofei/ROS2/um7/install/um7/share/um7/package.sh'
[17.971s] INFO:colcon.colcon_core.shell:Creating package script '/home/robofei/ROS2/um7/install/um7/share/um7/package.bash'
[17.972s] INFO:colcon.colcon_core.shell:Creating package script '/home/robofei/ROS2/um7/install/um7/share/um7/package.zsh'
[17.972s] Level 1:colcon.colcon_core.environment:create_file_with_runtime_dependencies(/home/robofei/ROS2/um7/install/um7/share/colcon-core/packages/um7)
[18.052s] Level 1:colcon.colcon_core.environment:create_environment_scripts_only(um7)
[18.057s] Level 1:colcon.colcon_core.environment:checking '/home/robofei/ROS2/um7/install/um7' for CMake module files
[18.058s] Level 1:colcon.colcon_core.environment:checking '/home/robofei/ROS2/um7/install/um7' for CMake config files
[18.059s] Level 1:colcon.colcon_core.shell:create_environment_hook('um7', 'cmake_prefix_path')
[18.062s] INFO:colcon.colcon_core.shell:Creating environment hook '/home/robofei/ROS2/um7/install/um7/share/um7/hook/cmake_prefix_path.ps1'
[18.062s] INFO:colcon.colcon_core.shell:Creating environment descriptor '/home/robofei/ROS2/um7/install/um7/share/um7/hook/cmake_prefix_path.dsv'
[18.063s] INFO:colcon.colcon_core.shell:Creating environment hook '/home/robofei/ROS2/um7/install/um7/share/um7/hook/cmake_prefix_path.sh'
[18.064s] Level 1:colcon.colcon_core.environment:checking '/home/robofei/ROS2/um7/install/um7/lib'
[18.064s] Level 1:colcon.colcon_core.shell:create_environment_hook('um7', 'ld_library_path_lib')
[18.066s] INFO:colcon.colcon_core.shell:Creating environment hook '/home/robofei/ROS2/um7/install/um7/share/um7/hook/ld_library_path_lib.ps1'
[18.066s] INFO:colcon.colcon_core.shell:Creating environment descriptor '/home/robofei/ROS2/um7/install/um7/share/um7/hook/ld_library_path_lib.dsv'
[18.067s] INFO:colcon.colcon_core.shell:Creating environment hook '/home/robofei/ROS2/um7/install/um7/share/um7/hook/ld_library_path_lib.sh'
[18.067s] Level 1:colcon.colcon_core.environment:checking '/home/robofei/ROS2/um7/install/um7/bin'
[18.067s] Level 1:colcon.colcon_core.environment:checking '/home/robofei/ROS2/um7/install/um7/lib/pkgconfig/um7.pc'
[18.067s] Level 1:colcon.colcon_core.environment:checking '/home/robofei/ROS2/um7/install/um7/lib/python3.8/site-packages'
[18.067s] Level 1:colcon.colcon_core.shell:create_environment_hook('um7', 'pythonpath')
[18.069s] INFO:colcon.colcon_core.shell:Creating environment hook '/home/robofei/ROS2/um7/install/um7/share/um7/hook/pythonpath.ps1'
[18.070s] INFO:colcon.colcon_core.shell:Creating environment descriptor '/home/robofei/ROS2/um7/install/um7/share/um7/hook/pythonpath.dsv'
[18.070s] INFO:colcon.colcon_core.shell:Creating environment hook '/home/robofei/ROS2/um7/install/um7/share/um7/hook/pythonpath.sh'
[18.071s] Level 1:colcon.colcon_core.environment:checking '/home/robofei/ROS2/um7/install/um7/bin'
[18.073s] INFO:colcon.colcon_core.shell:Creating package script '/home/robofei/ROS2/um7/install/um7/share/um7/package.ps1'
[18.074s] INFO:colcon.colcon_core.shell:Creating package descriptor '/home/robofei/ROS2/um7/install/um7/share/um7/package.dsv'
[18.074s] INFO:colcon.colcon_core.shell:Creating package script '/home/robofei/ROS2/um7/install/um7/share/um7/package.sh'
[18.075s] INFO:colcon.colcon_core.shell:Creating package script '/home/robofei/ROS2/um7/install/um7/share/um7/package.bash'
[18.076s] INFO:colcon.colcon_core.shell:Creating package script '/home/robofei/ROS2/um7/install/um7/share/um7/package.zsh'
[18.076s] Level 1:colcon.colcon_core.environment:create_file_with_runtime_dependencies(/home/robofei/ROS2/um7/install/um7/share/colcon-core/packages/um7)
[18.077s] DEBUG:colcon.colcon_parallel_executor.executor.parallel:closing loop
[18.077s] DEBUG:colcon.colcon_parallel_executor.executor.parallel:loop closed
[18.077s] DEBUG:colcon.colcon_parallel_executor.executor.parallel:run_until_complete finished with '0'
[18.077s] DEBUG:colcon.colcon_core.event_reactor:joining thread
[18.086s] INFO:colcon.colcon_core.plugin_system:Skipping extension 'colcon_notification.desktop_notification.terminal_notifier': Not used on non-Darwin systems
[18.086s] INFO:colcon.colcon_core.plugin_system:Skipping extension 'colcon_notification.desktop_notification.win32': Not used on non-Windows systems
[18.086s] INFO:colcon.colcon_notification.desktop_notification:Sending desktop notification using 'notify2'
[18.111s] DEBUG:colcon.colcon_core.event_reactor:joined thread
[18.113s] INFO:colcon.colcon_core.shell:Creating prefix script '/home/robofei/ROS2/um7/install/local_setup.ps1'
[18.114s] INFO:colcon.colcon_core.shell:Creating prefix util module '/home/robofei/ROS2/um7/install/_local_setup_util_ps1.py'
[18.117s] INFO:colcon.colcon_core.shell:Creating prefix chain script '/home/robofei/ROS2/um7/install/setup.ps1'
[18.121s] INFO:colcon.colcon_core.shell:Creating prefix script '/home/robofei/ROS2/um7/install/local_setup.sh'
[18.122s] INFO:colcon.colcon_core.shell:Creating prefix util module '/home/robofei/ROS2/um7/install/_local_setup_util_sh.py'
[18.122s] INFO:colcon.colcon_core.shell:Creating prefix chain script '/home/robofei/ROS2/um7/install/setup.sh'
[18.124s] INFO:colcon.colcon_core.shell:Creating prefix script '/home/robofei/ROS2/um7/install/local_setup.bash'
[18.125s] INFO:colcon.colcon_core.shell:Creating prefix chain script '/home/robofei/ROS2/um7/install/setup.bash'
[18.127s] INFO:colcon.colcon_core.shell:Creating prefix script '/home/robofei/ROS2/um7/install/local_setup.zsh'
[18.128s] INFO:colcon.colcon_core.shell:Creating prefix chain script '/home/robofei/ROS2/um7/install/setup.zsh'
