[0.303s] Invoking command in '/home/robofei/robotis_ws/build/dynamixel_sdk': CMAKE_PREFIX_PATH=/opt/ros/foxy /usr/bin/cmake --build /home/robofei/robotis_ws/build/dynamixel_sdk -- -j4 -l4
[1.794s] [100%] Built target dynamixel_sdk
[1.815s] Invoked command in '/home/robofei/robotis_ws/build/dynamixel_sdk' returned '0': CMAKE_PREFIX_PATH=/opt/ros/foxy /usr/bin/cmake --build /home/robofei/robotis_ws/build/dynamixel_sdk -- -j4 -l4
[1.877s] Invoking command in '/home/robofei/robotis_ws/build/dynamixel_sdk': CMAKE_PREFIX_PATH=/opt/ros/foxy /usr/bin/cmake --install /home/robofei/robotis_ws/build/dynamixel_sdk
[1.935s] -- Install configuration: ""
[1.946s] -- Execute custom install script
[1.999s] -- Up-to-date symlink: /home/robofei/robotis_ws/install/dynamixel_sdk/include//dynamixel_sdk/dynamixel_sdk.h
[2.022s] -- Up-to-date symlink: /home/robofei/robotis_ws/install/dynamixel_sdk/include//dynamixel_sdk/group_bulk_read.h
[2.023s] -- Up-to-date symlink: /home/robofei/robotis_ws/install/dynamixel_sdk/include//dynamixel_sdk/group_bulk_write.h
[2.023s] -- Up-to-date symlink: /home/robofei/robotis_ws/install/dynamixel_sdk/include//dynamixel_sdk/group_sync_read.h
[2.024s] -- Up-to-date symlink: /home/robofei/robotis_ws/install/dynamixel_sdk/include//dynamixel_sdk/group_sync_write.h
[2.024s] -- Up-to-date symlink: /home/robofei/robotis_ws/install/dynamixel_sdk/include//dynamixel_sdk/packet_handler.h
[2.025s] -- Up-to-date symlink: /home/robofei/robotis_ws/install/dynamixel_sdk/include//dynamixel_sdk/port_handler.h
[2.025s] -- Up-to-date symlink: /home/robofei/robotis_ws/install/dynamixel_sdk/include//dynamixel_sdk/port_handler_arduino.h
[2.026s] -- Up-to-date symlink: /home/robofei/robotis_ws/install/dynamixel_sdk/include//dynamixel_sdk/port_handler_linux.h
[2.027s] -- Up-to-date symlink: /home/robofei/robotis_ws/install/dynamixel_sdk/include//dynamixel_sdk/port_handler_mac.h
[2.027s] -- Up-to-date symlink: /home/robofei/robotis_ws/install/dynamixel_sdk/include//dynamixel_sdk/port_handler_windows.h
[2.028s] -- Up-to-date symlink: /home/robofei/robotis_ws/install/dynamixel_sdk/include//dynamixel_sdk/protocol1_packet_handler.h
[2.028s] -- Up-to-date symlink: /home/robofei/robotis_ws/install/dynamixel_sdk/include//dynamixel_sdk/protocol2_packet_handler.h
[2.029s] -- Up-to-date symlink: /home/robofei/robotis_ws/install/dynamixel_sdk/lib/libdynamixel_sdk.so
[2.030s] -- Up-to-date symlink: /home/robofei/robotis_ws/install/dynamixel_sdk/share/dynamixel_sdk/environment/library_path.sh
[2.030s] -- Up-to-date symlink: /home/robofei/robotis_ws/install/dynamixel_sdk/share/dynamixel_sdk/environment/library_path.dsv
[2.031s] -- Up-to-date symlink: /home/robofei/robotis_ws/install/dynamixel_sdk/share/ament_index/resource_index/package_run_dependencies/dynamixel_sdk
[2.032s] -- Up-to-date symlink: /home/robofei/robotis_ws/install/dynamixel_sdk/share/ament_index/resource_index/parent_prefix_path/dynamixel_sdk
[2.032s] -- Up-to-date symlink: /home/robofei/robotis_ws/install/dynamixel_sdk/share/dynamixel_sdk/environment/ament_prefix_path.sh
[2.033s] -- Up-to-date symlink: /home/robofei/robotis_ws/install/dynamixel_sdk/share/dynamixel_sdk/environment/ament_prefix_path.dsv
[2.033s] -- Up-to-date symlink: /home/robofei/robotis_ws/install/dynamixel_sdk/share/dynamixel_sdk/environment/path.sh
[2.034s] -- Up-to-date symlink: /home/robofei/robotis_ws/install/dynamixel_sdk/share/dynamixel_sdk/environment/path.dsv
[2.034s] -- Up-to-date symlink: /home/robofei/robotis_ws/install/dynamixel_sdk/share/dynamixel_sdk/local_setup.bash
[2.035s] -- Up-to-date symlink: /home/robofei/robotis_ws/install/dynamixel_sdk/share/dynamixel_sdk/local_setup.sh
[2.035s] -- Up-to-date symlink: /home/robofei/robotis_ws/install/dynamixel_sdk/share/dynamixel_sdk/local_setup.zsh
[2.036s] -- Up-to-date symlink: /home/robofei/robotis_ws/install/dynamixel_sdk/share/dynamixel_sdk/local_setup.dsv
[2.036s] -- Symlinking: /home/robofei/robotis_ws/install/dynamixel_sdk/share/dynamixel_sdk/package.dsv
[2.047s] -- Up-to-date symlink: /home/robofei/robotis_ws/install/dynamixel_sdk/share/ament_index/resource_index/packages/dynamixel_sdk
[2.048s] -- Up-to-date symlink: /home/robofei/robotis_ws/install/dynamixel_sdk/share/dynamixel_sdk/cmake/ament_cmake_export_include_directories-extras.cmake
[2.048s] -- Up-to-date symlink: /home/robofei/robotis_ws/install/dynamixel_sdk/share/dynamixel_sdk/cmake/ament_cmake_export_libraries-extras.cmake
[2.049s] -- Up-to-date symlink: /home/robofei/robotis_ws/install/dynamixel_sdk/share/dynamixel_sdk/cmake/dynamixel_sdkConfig.cmake
[2.049s] -- Up-to-date symlink: /home/robofei/robotis_ws/install/dynamixel_sdk/share/dynamixel_sdk/cmake/dynamixel_sdkConfig-version.cmake
[2.050s] -- Up-to-date symlink: /home/robofei/robotis_ws/install/dynamixel_sdk/share/dynamixel_sdk/package.xml
[2.053s] Invoked command in '/home/robofei/robotis_ws/build/dynamixel_sdk' returned '0': CMAKE_PREFIX_PATH=/opt/ros/foxy /usr/bin/cmake --install /home/robofei/robotis_ws/build/dynamixel_sdk
