[0.303s] DEBUG:colcon:Command line arguments: ['/usr/bin/colcon', 'build', '--symlink-install']
[0.303s] DEBUG:colcon:Parsed command line arguments: Namespace(ament_cmake_args=None, base_paths=['.'], build_base='build', catkin_cmake_args=None, catkin_skip_building_tests=False, cmake_args=None, cmake_clean_cache=False, cmake_clean_first=False, cmake_force_configure=False, cmake_target=None, cmake_target_skip_unavailable=False, continue_on_error=False, event_handlers=None, executor='parallel', ignore_user_meta=False, install_base='install', log_base=None, log_level=None, main=<bound method BuildVerb.main of <colcon_core.verb.build.BuildVerb object at 0x7fa629830430>>, merge_install=False, metas=['./colcon.meta'], packages_above=None, packages_above_and_dependencies=None, packages_above_depth=None, packages_end=None, packages_ignore=None, packages_ignore_regex=None, packages_select=None, packages_select_build_failed=False, packages_select_by_dep=None, packages_select_regex=None, packages_select_test_failures=False, packages_skip=None, packages_skip_build_finished=False, packages_skip_by_dep=None, packages_skip_regex=None, packages_skip_test_passed=False, packages_skip_up_to=None, packages_start=None, packages_up_to=None, packages_up_to_regex=None, parallel_workers=4, paths=None, symlink_install=True, test_result_base=None, verb_extension=<colcon_core.verb.build.BuildVerb object at 0x7fa629830430>, verb_name='build', verb_parser=<colcon_defaults.argument_parser.defaults.DefaultArgumentsDecorator object at 0x7fa629830970>)
[0.308s] Level 1:colcon.colcon_core.package_discovery:discover_packages(colcon_meta) check parameters
[0.308s] Level 1:colcon.colcon_core.package_discovery:discover_packages(recursive) check parameters
[0.308s] Level 1:colcon.colcon_core.package_discovery:discover_packages(ignore) check parameters
[0.308s] Level 1:colcon.colcon_core.package_discovery:discover_packages(path) check parameters
[0.308s] Level 1:colcon.colcon_core.package_discovery:discover_packages(colcon_meta) discover
[0.308s] Level 1:colcon.colcon_core.package_discovery:discover_packages(recursive) discover
[0.308s] INFO:colcon.colcon_core.package_discovery:Crawling recursively for packages in '/home/robofei/robotis_ws'
[0.308s] Level 1:colcon.colcon_core.package_identification:_identify(.) by extensions ['ignore', 'ignore_ament_install']
[0.308s] Level 1:colcon.colcon_core.package_identification:_identify(.) by extension 'ignore'
[0.308s] Level 1:colcon.colcon_core.package_identification:_identify(.) by extension 'ignore_ament_install'
[0.309s] Level 1:colcon.colcon_core.package_identification:_identify(.) by extensions ['colcon_pkg']
[0.309s] Level 1:colcon.colcon_core.package_identification:_identify(.) by extension 'colcon_pkg'
[0.309s] Level 1:colcon.colcon_core.package_identification:_identify(.) by extensions ['colcon_meta']
[0.309s] Level 1:colcon.colcon_core.package_identification:_identify(.) by extension 'colcon_meta'
[0.309s] Level 1:colcon.colcon_core.package_identification:_identify(.) by extensions ['ros']
[0.309s] Level 1:colcon.colcon_core.package_identification:_identify(.) by extension 'ros'
[0.321s] Level 1:colcon.colcon_core.package_identification:_identify(.) by extensions ['cmake', 'python']
[0.321s] Level 1:colcon.colcon_core.package_identification:_identify(.) by extension 'cmake'
[0.321s] Level 1:colcon.colcon_core.package_identification:_identify(.) by extension 'python'
[0.321s] Level 1:colcon.colcon_core.package_identification:_identify(.) by extensions ['python_setup_py']
[0.321s] Level 1:colcon.colcon_core.package_identification:_identify(.) by extension 'python_setup_py'
[0.321s] Level 1:colcon.colcon_core.package_identification:_identify(build) by extensions ['ignore', 'ignore_ament_install']
[0.321s] Level 1:colcon.colcon_core.package_identification:_identify(build) by extension 'ignore'
[0.321s] Level 1:colcon.colcon_core.package_identification:_identify(build) ignored
[0.321s] Level 1:colcon.colcon_core.package_identification:_identify(install) by extensions ['ignore', 'ignore_ament_install']
[0.321s] Level 1:colcon.colcon_core.package_identification:_identify(install) by extension 'ignore'
[0.322s] Level 1:colcon.colcon_core.package_identification:_identify(install) ignored
[0.322s] Level 1:colcon.colcon_core.package_identification:_identify(log) by extensions ['ignore', 'ignore_ament_install']
[0.322s] Level 1:colcon.colcon_core.package_identification:_identify(log) by extension 'ignore'
[0.322s] Level 1:colcon.colcon_core.package_identification:_identify(log) ignored
[0.322s] Level 1:colcon.colcon_core.package_identification:_identify(src) by extensions ['ignore', 'ignore_ament_install']
[0.322s] Level 1:colcon.colcon_core.package_identification:_identify(src) by extension 'ignore'
[0.322s] Level 1:colcon.colcon_core.package_identification:_identify(src) by extension 'ignore_ament_install'
[0.322s] Level 1:colcon.colcon_core.package_identification:_identify(src) by extensions ['colcon_pkg']
[0.322s] Level 1:colcon.colcon_core.package_identification:_identify(src) by extension 'colcon_pkg'
[0.322s] Level 1:colcon.colcon_core.package_identification:_identify(src) by extensions ['colcon_meta']
[0.322s] Level 1:colcon.colcon_core.package_identification:_identify(src) by extension 'colcon_meta'
[0.322s] Level 1:colcon.colcon_core.package_identification:_identify(src) by extensions ['ros']
[0.322s] Level 1:colcon.colcon_core.package_identification:_identify(src) by extension 'ros'
[0.322s] Level 1:colcon.colcon_core.package_identification:_identify(src) by extensions ['cmake', 'python']
[0.322s] Level 1:colcon.colcon_core.package_identification:_identify(src) by extension 'cmake'
[0.322s] Level 1:colcon.colcon_core.package_identification:_identify(src) by extension 'python'
[0.323s] Level 1:colcon.colcon_core.package_identification:_identify(src) by extensions ['python_setup_py']
[0.323s] Level 1:colcon.colcon_core.package_identification:_identify(src) by extension 'python_setup_py'
[0.323s] Level 1:colcon.colcon_core.package_identification:_identify(src/DynamixelSDK) by extensions ['ignore', 'ignore_ament_install']
[0.323s] Level 1:colcon.colcon_core.package_identification:_identify(src/DynamixelSDK) by extension 'ignore'
[0.323s] Level 1:colcon.colcon_core.package_identification:_identify(src/DynamixelSDK) by extension 'ignore_ament_install'
[0.323s] Level 1:colcon.colcon_core.package_identification:_identify(src/DynamixelSDK) by extensions ['colcon_pkg']
[0.323s] Level 1:colcon.colcon_core.package_identification:_identify(src/DynamixelSDK) by extension 'colcon_pkg'
[0.323s] Level 1:colcon.colcon_core.package_identification:_identify(src/DynamixelSDK) by extensions ['colcon_meta']
[0.323s] Level 1:colcon.colcon_core.package_identification:_identify(src/DynamixelSDK) by extension 'colcon_meta'
[0.323s] Level 1:colcon.colcon_core.package_identification:_identify(src/DynamixelSDK) by extensions ['ros']
[0.323s] Level 1:colcon.colcon_core.package_identification:_identify(src/DynamixelSDK) by extension 'ros'
[0.323s] Level 1:colcon.colcon_core.package_identification:_identify(src/DynamixelSDK) by extensions ['cmake', 'python']
[0.323s] Level 1:colcon.colcon_core.package_identification:_identify(src/DynamixelSDK) by extension 'cmake'
[0.323s] Level 1:colcon.colcon_core.package_identification:_identify(src/DynamixelSDK) by extension 'python'
[0.323s] Level 1:colcon.colcon_core.package_identification:_identify(src/DynamixelSDK) by extensions ['python_setup_py']
[0.323s] Level 1:colcon.colcon_core.package_identification:_identify(src/DynamixelSDK) by extension 'python_setup_py'
[0.323s] Level 1:colcon.colcon_core.package_identification:_identify(src/DynamixelSDK/dynamixel_sdk) by extensions ['ignore', 'ignore_ament_install']
[0.324s] Level 1:colcon.colcon_core.package_identification:_identify(src/DynamixelSDK/dynamixel_sdk) by extension 'ignore'
[0.324s] Level 1:colcon.colcon_core.package_identification:_identify(src/DynamixelSDK/dynamixel_sdk) by extension 'ignore_ament_install'
[0.324s] Level 1:colcon.colcon_core.package_identification:_identify(src/DynamixelSDK/dynamixel_sdk) by extensions ['colcon_pkg']
[0.324s] Level 1:colcon.colcon_core.package_identification:_identify(src/DynamixelSDK/dynamixel_sdk) by extension 'colcon_pkg'
[0.324s] Level 1:colcon.colcon_core.package_identification:_identify(src/DynamixelSDK/dynamixel_sdk) by extensions ['colcon_meta']
[0.324s] Level 1:colcon.colcon_core.package_identification:_identify(src/DynamixelSDK/dynamixel_sdk) by extension 'colcon_meta'
[0.324s] Level 1:colcon.colcon_core.package_identification:_identify(src/DynamixelSDK/dynamixel_sdk) by extensions ['ros']
[0.324s] Level 1:colcon.colcon_core.package_identification:_identify(src/DynamixelSDK/dynamixel_sdk) by extension 'ros'
[0.326s] DEBUG:colcon.colcon_core.package_identification:Package 'src/DynamixelSDK/dynamixel_sdk' with type 'ros.ament_cmake' and name 'dynamixel_sdk'
[0.326s] Level 1:colcon.colcon_core.package_identification:_identify(src/DynamixelSDK/dynamixel_sdk_custom_interfaces) by extensions ['ignore', 'ignore_ament_install']
[0.326s] Level 1:colcon.colcon_core.package_identification:_identify(src/DynamixelSDK/dynamixel_sdk_custom_interfaces) by extension 'ignore'
[0.327s] Level 1:colcon.colcon_core.package_identification:_identify(src/DynamixelSDK/dynamixel_sdk_custom_interfaces) by extension 'ignore_ament_install'
[0.327s] Level 1:colcon.colcon_core.package_identification:_identify(src/DynamixelSDK/dynamixel_sdk_custom_interfaces) by extensions ['colcon_pkg']
[0.327s] Level 1:colcon.colcon_core.package_identification:_identify(src/DynamixelSDK/dynamixel_sdk_custom_interfaces) by extension 'colcon_pkg'
[0.327s] Level 1:colcon.colcon_core.package_identification:_identify(src/DynamixelSDK/dynamixel_sdk_custom_interfaces) by extensions ['colcon_meta']
[0.327s] Level 1:colcon.colcon_core.package_identification:_identify(src/DynamixelSDK/dynamixel_sdk_custom_interfaces) by extension 'colcon_meta'
[0.327s] Level 1:colcon.colcon_core.package_identification:_identify(src/DynamixelSDK/dynamixel_sdk_custom_interfaces) by extensions ['ros']
[0.327s] Level 1:colcon.colcon_core.package_identification:_identify(src/DynamixelSDK/dynamixel_sdk_custom_interfaces) by extension 'ros'
[0.327s] DEBUG:colcon.colcon_core.package_identification:Package 'src/DynamixelSDK/dynamixel_sdk_custom_interfaces' with type 'ros.ament_cmake' and name 'dynamixel_sdk_custom_interfaces'
[0.327s] Level 1:colcon.colcon_core.package_identification:_identify(src/DynamixelSDK/dynamixel_sdk_examples) by extensions ['ignore', 'ignore_ament_install']
[0.328s] Level 1:colcon.colcon_core.package_identification:_identify(src/DynamixelSDK/dynamixel_sdk_examples) by extension 'ignore'
[0.328s] Level 1:colcon.colcon_core.package_identification:_identify(src/DynamixelSDK/dynamixel_sdk_examples) by extension 'ignore_ament_install'
[0.328s] Level 1:colcon.colcon_core.package_identification:_identify(src/DynamixelSDK/dynamixel_sdk_examples) by extensions ['colcon_pkg']
[0.328s] Level 1:colcon.colcon_core.package_identification:_identify(src/DynamixelSDK/dynamixel_sdk_examples) by extension 'colcon_pkg'
[0.328s] Level 1:colcon.colcon_core.package_identification:_identify(src/DynamixelSDK/dynamixel_sdk_examples) by extensions ['colcon_meta']
[0.328s] Level 1:colcon.colcon_core.package_identification:_identify(src/DynamixelSDK/dynamixel_sdk_examples) by extension 'colcon_meta'
[0.328s] Level 1:colcon.colcon_core.package_identification:_identify(src/DynamixelSDK/dynamixel_sdk_examples) by extensions ['ros']
[0.328s] Level 1:colcon.colcon_core.package_identification:_identify(src/DynamixelSDK/dynamixel_sdk_examples) by extension 'ros'
[0.329s] DEBUG:colcon.colcon_core.package_identification:Package 'src/DynamixelSDK/dynamixel_sdk_examples' with type 'ros.ament_cmake' and name 'dynamixel_sdk_examples'
[0.329s] Level 1:colcon.colcon_core.package_discovery:discover_packages(recursive) using defaults
[0.329s] Level 1:colcon.colcon_core.package_discovery:discover_packages(ignore) discover
[0.329s] Level 1:colcon.colcon_core.package_discovery:discover_packages(ignore) using defaults
[0.329s] Level 1:colcon.colcon_core.package_discovery:discover_packages(path) discover
[0.329s] Level 1:colcon.colcon_core.package_discovery:discover_packages(path) using defaults
[0.348s] Level 5:colcon.colcon_core.verb:set package 'dynamixel_sdk' build argument 'cmake_args' from command line to 'None'
[0.349s] Level 5:colcon.colcon_core.verb:set package 'dynamixel_sdk' build argument 'cmake_target' from command line to 'None'
[0.349s] Level 5:colcon.colcon_core.verb:set package 'dynamixel_sdk' build argument 'cmake_target_skip_unavailable' from command line to 'False'
[0.349s] Level 5:colcon.colcon_core.verb:set package 'dynamixel_sdk' build argument 'cmake_clean_cache' from command line to 'False'
[0.349s] Level 5:colcon.colcon_core.verb:set package 'dynamixel_sdk' build argument 'cmake_clean_first' from command line to 'False'
[0.349s] Level 5:colcon.colcon_core.verb:set package 'dynamixel_sdk' build argument 'cmake_force_configure' from command line to 'False'
[0.349s] Level 5:colcon.colcon_core.verb:set package 'dynamixel_sdk' build argument 'ament_cmake_args' from command line to 'None'
[0.349s] Level 5:colcon.colcon_core.verb:set package 'dynamixel_sdk' build argument 'catkin_cmake_args' from command line to 'None'
[0.349s] Level 5:colcon.colcon_core.verb:set package 'dynamixel_sdk' build argument 'catkin_skip_building_tests' from command line to 'False'
[0.349s] DEBUG:colcon.colcon_core.verb:Building package 'dynamixel_sdk' with the following arguments: {'ament_cmake_args': None, 'build_base': '/home/robofei/robotis_ws/build/dynamixel_sdk', 'catkin_cmake_args': None, 'catkin_skip_building_tests': False, 'cmake_args': None, 'cmake_clean_cache': False, 'cmake_clean_first': False, 'cmake_force_configure': False, 'cmake_target': None, 'cmake_target_skip_unavailable': False, 'install_base': '/home/robofei/robotis_ws/install/dynamixel_sdk', 'merge_install': False, 'path': '/home/robofei/robotis_ws/src/DynamixelSDK/dynamixel_sdk', 'symlink_install': True, 'test_result_base': None}
[0.351s] Level 5:colcon.colcon_core.verb:set package 'dynamixel_sdk_custom_interfaces' build argument 'cmake_args' from command line to 'None'
[0.351s] Level 5:colcon.colcon_core.verb:set package 'dynamixel_sdk_custom_interfaces' build argument 'cmake_target' from command line to 'None'
[0.351s] Level 5:colcon.colcon_core.verb:set package 'dynamixel_sdk_custom_interfaces' build argument 'cmake_target_skip_unavailable' from command line to 'False'
[0.351s] Level 5:colcon.colcon_core.verb:set package 'dynamixel_sdk_custom_interfaces' build argument 'cmake_clean_cache' from command line to 'False'
[0.351s] Level 5:colcon.colcon_core.verb:set package 'dynamixel_sdk_custom_interfaces' build argument 'cmake_clean_first' from command line to 'False'
[0.351s] Level 5:colcon.colcon_core.verb:set package 'dynamixel_sdk_custom_interfaces' build argument 'cmake_force_configure' from command line to 'False'
[0.351s] Level 5:colcon.colcon_core.verb:set package 'dynamixel_sdk_custom_interfaces' build argument 'ament_cmake_args' from command line to 'None'
[0.351s] Level 5:colcon.colcon_core.verb:set package 'dynamixel_sdk_custom_interfaces' build argument 'catkin_cmake_args' from command line to 'None'
[0.351s] Level 5:colcon.colcon_core.verb:set package 'dynamixel_sdk_custom_interfaces' build argument 'catkin_skip_building_tests' from command line to 'False'
[0.351s] DEBUG:colcon.colcon_core.verb:Building package 'dynamixel_sdk_custom_interfaces' with the following arguments: {'ament_cmake_args': None, 'build_base': '/home/robofei/robotis_ws/build/dynamixel_sdk_custom_interfaces', 'catkin_cmake_args': None, 'catkin_skip_building_tests': False, 'cmake_args': None, 'cmake_clean_cache': False, 'cmake_clean_first': False, 'cmake_force_configure': False, 'cmake_target': None, 'cmake_target_skip_unavailable': False, 'install_base': '/home/robofei/robotis_ws/install/dynamixel_sdk_custom_interfaces', 'merge_install': False, 'path': '/home/robofei/robotis_ws/src/DynamixelSDK/dynamixel_sdk_custom_interfaces', 'symlink_install': True, 'test_result_base': None}
[0.354s] Level 5:colcon.colcon_core.verb:set package 'dynamixel_sdk_examples' build argument 'cmake_args' from command line to 'None'
[0.354s] Level 5:colcon.colcon_core.verb:set package 'dynamixel_sdk_examples' build argument 'cmake_target' from command line to 'None'
[0.354s] Level 5:colcon.colcon_core.verb:set package 'dynamixel_sdk_examples' build argument 'cmake_target_skip_unavailable' from command line to 'False'
[0.354s] Level 5:colcon.colcon_core.verb:set package 'dynamixel_sdk_examples' build argument 'cmake_clean_cache' from command line to 'False'
[0.354s] Level 5:colcon.colcon_core.verb:set package 'dynamixel_sdk_examples' build argument 'cmake_clean_first' from command line to 'False'
[0.354s] Level 5:colcon.colcon_core.verb:set package 'dynamixel_sdk_examples' build argument 'cmake_force_configure' from command line to 'False'
[0.354s] Level 5:colcon.colcon_core.verb:set package 'dynamixel_sdk_examples' build argument 'ament_cmake_args' from command line to 'None'
[0.354s] Level 5:colcon.colcon_core.verb:set package 'dynamixel_sdk_examples' build argument 'catkin_cmake_args' from command line to 'None'
[0.354s] Level 5:colcon.colcon_core.verb:set package 'dynamixel_sdk_examples' build argument 'catkin_skip_building_tests' from command line to 'False'
[0.354s] DEBUG:colcon.colcon_core.verb:Building package 'dynamixel_sdk_examples' with the following arguments: {'ament_cmake_args': None, 'build_base': '/home/robofei/robotis_ws/build/dynamixel_sdk_examples', 'catkin_cmake_args': None, 'catkin_skip_building_tests': False, 'cmake_args': None, 'cmake_clean_cache': False, 'cmake_clean_first': False, 'cmake_force_configure': False, 'cmake_target': None, 'cmake_target_skip_unavailable': False, 'install_base': '/home/robofei/robotis_ws/install/dynamixel_sdk_examples', 'merge_install': False, 'path': '/home/robofei/robotis_ws/src/DynamixelSDK/dynamixel_sdk_examples', 'symlink_install': True, 'test_result_base': None}
[0.354s] INFO:colcon.colcon_core.executor:Executing jobs using 'parallel' executor
[0.356s] DEBUG:colcon.colcon_parallel_executor.executor.parallel:run_until_complete
[0.357s] INFO:colcon.colcon_ros.task.ament_cmake.build:Building ROS package in '/home/robofei/robotis_ws/src/DynamixelSDK/dynamixel_sdk' with build type 'ament_cmake'
[0.357s] INFO:colcon.colcon_cmake.task.cmake.build:Building CMake package in '/home/robofei/robotis_ws/src/DynamixelSDK/dynamixel_sdk'
[0.361s] INFO:colcon.colcon_core.plugin_system:Skipping extension 'colcon_core.shell.bat': Not used on non-Windows systems
[0.361s] INFO:colcon.colcon_core.shell:Skip shell extension 'powershell' for command environment: Not usable outside of PowerShell
[0.361s] DEBUG:colcon.colcon_core.shell:Skip shell extension 'dsv' for command environment
[0.363s] DEBUG:colcon.colcon_core.shell:Ignoring prefix path '/opt/ros/foxy'
[0.366s] INFO:colcon.colcon_ros.task.ament_cmake.build:Building ROS package in '/home/robofei/robotis_ws/src/DynamixelSDK/dynamixel_sdk_custom_interfaces' with build type 'ament_cmake'
[0.366s] INFO:colcon.colcon_cmake.task.cmake.build:Building CMake package in '/home/robofei/robotis_ws/src/DynamixelSDK/dynamixel_sdk_custom_interfaces'
[0.368s] INFO:colcon.colcon_core.shell:Skip shell extension 'powershell' for command environment: Not usable outside of PowerShell
[0.368s] DEBUG:colcon.colcon_core.shell:Skip shell extension 'dsv' for command environment
[0.372s] DEBUG:colcon.colcon_core.shell:Ignoring prefix path '/opt/ros/foxy'
[0.381s] DEBUG:colcon.colcon_core.event_handler.log_command:Invoking command in '/home/robofei/robotis_ws/build/dynamixel_sdk': CMAKE_PREFIX_PATH=${CMAKE_PREFIX_PATH}:/opt/ros/foxy /usr/bin/cmake /home/robofei/robotis_ws/src/DynamixelSDK/dynamixel_sdk -DAMENT_CMAKE_SYMLINK_INSTALL=1 -DCMAKE_INSTALL_PREFIX=/home/robofei/robotis_ws/install/dynamixel_sdk
[0.391s] DEBUG:colcon.colcon_core.event_handler.log_command:Invoking command in '/home/robofei/robotis_ws/build/dynamixel_sdk_custom_interfaces': CMAKE_PREFIX_PATH=${CMAKE_PREFIX_PATH}:/opt/ros/foxy /usr/bin/cmake /home/robofei/robotis_ws/src/DynamixelSDK/dynamixel_sdk_custom_interfaces -DAMENT_CMAKE_SYMLINK_INSTALL=1 -DCMAKE_INSTALL_PREFIX=/home/robofei/robotis_ws/install/dynamixel_sdk_custom_interfaces
[0.815s] DEBUG:colcon.colcon_core.event_handler.log_command:Invoked command in '/home/robofei/robotis_ws/build/dynamixel_sdk' returned '0': CMAKE_PREFIX_PATH=${CMAKE_PREFIX_PATH}:/opt/ros/foxy /usr/bin/cmake /home/robofei/robotis_ws/src/DynamixelSDK/dynamixel_sdk -DAMENT_CMAKE_SYMLINK_INSTALL=1 -DCMAKE_INSTALL_PREFIX=/home/robofei/robotis_ws/install/dynamixel_sdk
[0.820s] DEBUG:colcon.colcon_core.event_handler.log_command:Invoking command in '/home/robofei/robotis_ws/build/dynamixel_sdk': CMAKE_PREFIX_PATH=${CMAKE_PREFIX_PATH}:/opt/ros/foxy /usr/bin/cmake --build /home/robofei/robotis_ws/build/dynamixel_sdk -- -j4 -l4
[0.884s] DEBUG:colcon.colcon_core.event_handler.log_command:Invoked command in '/home/robofei/robotis_ws/build/dynamixel_sdk' returned '0': CMAKE_PREFIX_PATH=${CMAKE_PREFIX_PATH}:/opt/ros/foxy /usr/bin/cmake --build /home/robofei/robotis_ws/build/dynamixel_sdk -- -j4 -l4
[0.939s] DEBUG:colcon.colcon_core.event_handler.log_command:Invoking command in '/home/robofei/robotis_ws/build/dynamixel_sdk': CMAKE_PREFIX_PATH=${CMAKE_PREFIX_PATH}:/opt/ros/foxy /usr/bin/cmake --install /home/robofei/robotis_ws/build/dynamixel_sdk
[0.971s] Level 1:colcon.colcon_core.environment:create_environment_scripts_only(dynamixel_sdk)
[0.973s] DEBUG:colcon.colcon_core.event_handler.log_command:Invoked command in '/home/robofei/robotis_ws/build/dynamixel_sdk' returned '0': CMAKE_PREFIX_PATH=${CMAKE_PREFIX_PATH}:/opt/ros/foxy /usr/bin/cmake --install /home/robofei/robotis_ws/build/dynamixel_sdk
[0.977s] Level 1:colcon.colcon_core.environment:checking '/home/robofei/robotis_ws/install/dynamixel_sdk' for CMake module files
[0.978s] Level 1:colcon.colcon_core.environment:checking '/home/robofei/robotis_ws/install/dynamixel_sdk' for CMake config files
[0.979s] Level 1:colcon.colcon_core.shell:create_environment_hook('dynamixel_sdk', 'cmake_prefix_path')
[0.980s] INFO:colcon.colcon_core.shell:Creating environment hook '/home/robofei/robotis_ws/install/dynamixel_sdk/share/dynamixel_sdk/hook/cmake_prefix_path.ps1'
[0.981s] INFO:colcon.colcon_core.shell:Creating environment descriptor '/home/robofei/robotis_ws/install/dynamixel_sdk/share/dynamixel_sdk/hook/cmake_prefix_path.dsv'
[0.982s] INFO:colcon.colcon_core.shell:Creating environment hook '/home/robofei/robotis_ws/install/dynamixel_sdk/share/dynamixel_sdk/hook/cmake_prefix_path.sh'
[0.983s] Level 1:colcon.colcon_core.environment:checking '/home/robofei/robotis_ws/install/dynamixel_sdk/lib'
[0.984s] Level 1:colcon.colcon_core.shell:create_environment_hook('dynamixel_sdk', 'ld_library_path_lib')
[0.985s] INFO:colcon.colcon_core.shell:Creating environment hook '/home/robofei/robotis_ws/install/dynamixel_sdk/share/dynamixel_sdk/hook/ld_library_path_lib.ps1'
[0.985s] INFO:colcon.colcon_core.shell:Creating environment descriptor '/home/robofei/robotis_ws/install/dynamixel_sdk/share/dynamixel_sdk/hook/ld_library_path_lib.dsv'
[0.986s] INFO:colcon.colcon_core.shell:Creating environment hook '/home/robofei/robotis_ws/install/dynamixel_sdk/share/dynamixel_sdk/hook/ld_library_path_lib.sh'
[0.986s] Level 1:colcon.colcon_core.environment:checking '/home/robofei/robotis_ws/install/dynamixel_sdk/bin'
[0.986s] Level 1:colcon.colcon_core.environment:checking '/home/robofei/robotis_ws/install/dynamixel_sdk/lib/pkgconfig/dynamixel_sdk.pc'
[0.987s] Level 1:colcon.colcon_core.environment:checking '/home/robofei/robotis_ws/install/dynamixel_sdk/lib/python3.8/site-packages'
[0.988s] INFO:colcon.colcon_core.shell:Creating package script '/home/robofei/robotis_ws/install/dynamixel_sdk/share/dynamixel_sdk/package.ps1'
[0.989s] INFO:colcon.colcon_core.shell:Creating package descriptor '/home/robofei/robotis_ws/install/dynamixel_sdk/share/dynamixel_sdk/package.dsv'
[0.990s] INFO:colcon.colcon_core.shell:Creating package script '/home/robofei/robotis_ws/install/dynamixel_sdk/share/dynamixel_sdk/package.sh'
[0.991s] INFO:colcon.colcon_core.shell:Creating package script '/home/robofei/robotis_ws/install/dynamixel_sdk/share/dynamixel_sdk/package.bash'
[0.993s] INFO:colcon.colcon_core.shell:Creating package script '/home/robofei/robotis_ws/install/dynamixel_sdk/share/dynamixel_sdk/package.zsh'
[0.994s] Level 1:colcon.colcon_core.environment:create_file_with_runtime_dependencies(/home/robofei/robotis_ws/install/dynamixel_sdk/share/colcon-core/packages/dynamixel_sdk)
[1.034s] Level 1:colcon.colcon_core.environment:create_environment_scripts_only(dynamixel_sdk)
[1.035s] Level 1:colcon.colcon_core.environment:checking '/home/robofei/robotis_ws/install/dynamixel_sdk' for CMake module files
[1.036s] Level 1:colcon.colcon_core.environment:checking '/home/robofei/robotis_ws/install/dynamixel_sdk' for CMake config files
[1.037s] Level 1:colcon.colcon_core.shell:create_environment_hook('dynamixel_sdk', 'cmake_prefix_path')
[1.037s] INFO:colcon.colcon_core.shell:Creating environment hook '/home/robofei/robotis_ws/install/dynamixel_sdk/share/dynamixel_sdk/hook/cmake_prefix_path.ps1'
[1.038s] INFO:colcon.colcon_core.shell:Creating environment descriptor '/home/robofei/robotis_ws/install/dynamixel_sdk/share/dynamixel_sdk/hook/cmake_prefix_path.dsv'
[1.038s] INFO:colcon.colcon_core.shell:Creating environment hook '/home/robofei/robotis_ws/install/dynamixel_sdk/share/dynamixel_sdk/hook/cmake_prefix_path.sh'
[1.039s] Level 1:colcon.colcon_core.environment:checking '/home/robofei/robotis_ws/install/dynamixel_sdk/lib'
[1.039s] Level 1:colcon.colcon_core.shell:create_environment_hook('dynamixel_sdk', 'ld_library_path_lib')
[1.039s] INFO:colcon.colcon_core.shell:Creating environment hook '/home/robofei/robotis_ws/install/dynamixel_sdk/share/dynamixel_sdk/hook/ld_library_path_lib.ps1'
[1.040s] INFO:colcon.colcon_core.shell:Creating environment descriptor '/home/robofei/robotis_ws/install/dynamixel_sdk/share/dynamixel_sdk/hook/ld_library_path_lib.dsv'
[1.040s] INFO:colcon.colcon_core.shell:Creating environment hook '/home/robofei/robotis_ws/install/dynamixel_sdk/share/dynamixel_sdk/hook/ld_library_path_lib.sh'
[1.040s] Level 1:colcon.colcon_core.environment:checking '/home/robofei/robotis_ws/install/dynamixel_sdk/bin'
[1.040s] Level 1:colcon.colcon_core.environment:checking '/home/robofei/robotis_ws/install/dynamixel_sdk/lib/pkgconfig/dynamixel_sdk.pc'
[1.040s] Level 1:colcon.colcon_core.environment:checking '/home/robofei/robotis_ws/install/dynamixel_sdk/lib/python3.8/site-packages'
[1.041s] INFO:colcon.colcon_core.shell:Creating package script '/home/robofei/robotis_ws/install/dynamixel_sdk/share/dynamixel_sdk/package.ps1'
[1.042s] INFO:colcon.colcon_core.shell:Creating package descriptor '/home/robofei/robotis_ws/install/dynamixel_sdk/share/dynamixel_sdk/package.dsv'
[1.042s] INFO:colcon.colcon_core.shell:Creating package script '/home/robofei/robotis_ws/install/dynamixel_sdk/share/dynamixel_sdk/package.sh'
[1.043s] INFO:colcon.colcon_core.shell:Creating package script '/home/robofei/robotis_ws/install/dynamixel_sdk/share/dynamixel_sdk/package.bash'
[1.043s] INFO:colcon.colcon_core.shell:Creating package script '/home/robofei/robotis_ws/install/dynamixel_sdk/share/dynamixel_sdk/package.zsh'
[1.043s] Level 1:colcon.colcon_core.environment:create_file_with_runtime_dependencies(/home/robofei/robotis_ws/install/dynamixel_sdk/share/colcon-core/packages/dynamixel_sdk)
[1.305s] DEBUG:colcon.colcon_core.event_handler.log_command:Invoked command in '/home/robofei/robotis_ws/build/dynamixel_sdk_custom_interfaces' returned '0': CMAKE_PREFIX_PATH=${CMAKE_PREFIX_PATH}:/opt/ros/foxy /usr/bin/cmake /home/robofei/robotis_ws/src/DynamixelSDK/dynamixel_sdk_custom_interfaces -DAMENT_CMAKE_SYMLINK_INSTALL=1 -DCMAKE_INSTALL_PREFIX=/home/robofei/robotis_ws/install/dynamixel_sdk_custom_interfaces
[1.307s] DEBUG:colcon.colcon_core.event_handler.log_command:Invoking command in '/home/robofei/robotis_ws/build/dynamixel_sdk_custom_interfaces': CMAKE_PREFIX_PATH=${CMAKE_PREFIX_PATH}:/opt/ros/foxy /usr/bin/cmake --build /home/robofei/robotis_ws/build/dynamixel_sdk_custom_interfaces -- -j4 -l4
[1.555s] DEBUG:colcon.colcon_core.event_handler.log_command:Invoked command in '/home/robofei/robotis_ws/build/dynamixel_sdk_custom_interfaces' returned '0': CMAKE_PREFIX_PATH=${CMAKE_PREFIX_PATH}:/opt/ros/foxy /usr/bin/cmake --build /home/robofei/robotis_ws/build/dynamixel_sdk_custom_interfaces -- -j4 -l4
[1.624s] DEBUG:colcon.colcon_core.event_handler.log_command:Invoking command in '/home/robofei/robotis_ws/build/dynamixel_sdk_custom_interfaces': CMAKE_PREFIX_PATH=${CMAKE_PREFIX_PATH}:/opt/ros/foxy /usr/bin/cmake --install /home/robofei/robotis_ws/build/dynamixel_sdk_custom_interfaces
[1.719s] Level 1:colcon.colcon_core.environment:create_environment_scripts_only(dynamixel_sdk_custom_interfaces)
[1.721s] Level 1:colcon.colcon_core.environment:checking '/home/robofei/robotis_ws/install/dynamixel_sdk_custom_interfaces' for CMake module files
[1.721s] DEBUG:colcon.colcon_core.event_handler.log_command:Invoked command in '/home/robofei/robotis_ws/build/dynamixel_sdk_custom_interfaces' returned '0': CMAKE_PREFIX_PATH=${CMAKE_PREFIX_PATH}:/opt/ros/foxy /usr/bin/cmake --install /home/robofei/robotis_ws/build/dynamixel_sdk_custom_interfaces
[1.722s] Level 1:colcon.colcon_core.environment:checking '/home/robofei/robotis_ws/install/dynamixel_sdk_custom_interfaces' for CMake config files
[1.723s] Level 1:colcon.colcon_core.shell:create_environment_hook('dynamixel_sdk_custom_interfaces', 'cmake_prefix_path')
[1.723s] INFO:colcon.colcon_core.shell:Creating environment hook '/home/robofei/robotis_ws/install/dynamixel_sdk_custom_interfaces/share/dynamixel_sdk_custom_interfaces/hook/cmake_prefix_path.ps1'
[1.724s] INFO:colcon.colcon_core.shell:Creating environment descriptor '/home/robofei/robotis_ws/install/dynamixel_sdk_custom_interfaces/share/dynamixel_sdk_custom_interfaces/hook/cmake_prefix_path.dsv'
[1.724s] INFO:colcon.colcon_core.shell:Creating environment hook '/home/robofei/robotis_ws/install/dynamixel_sdk_custom_interfaces/share/dynamixel_sdk_custom_interfaces/hook/cmake_prefix_path.sh'
[1.725s] Level 1:colcon.colcon_core.environment:checking '/home/robofei/robotis_ws/install/dynamixel_sdk_custom_interfaces/lib'
[1.725s] Level 1:colcon.colcon_core.shell:create_environment_hook('dynamixel_sdk_custom_interfaces', 'ld_library_path_lib')
[1.725s] INFO:colcon.colcon_core.shell:Creating environment hook '/home/robofei/robotis_ws/install/dynamixel_sdk_custom_interfaces/share/dynamixel_sdk_custom_interfaces/hook/ld_library_path_lib.ps1'
[1.726s] INFO:colcon.colcon_core.shell:Creating environment descriptor '/home/robofei/robotis_ws/install/dynamixel_sdk_custom_interfaces/share/dynamixel_sdk_custom_interfaces/hook/ld_library_path_lib.dsv'
[1.726s] INFO:colcon.colcon_core.shell:Creating environment hook '/home/robofei/robotis_ws/install/dynamixel_sdk_custom_interfaces/share/dynamixel_sdk_custom_interfaces/hook/ld_library_path_lib.sh'
[1.726s] Level 1:colcon.colcon_core.environment:checking '/home/robofei/robotis_ws/install/dynamixel_sdk_custom_interfaces/bin'
[1.727s] Level 1:colcon.colcon_core.environment:checking '/home/robofei/robotis_ws/install/dynamixel_sdk_custom_interfaces/lib/pkgconfig/dynamixel_sdk_custom_interfaces.pc'
[1.727s] Level 1:colcon.colcon_core.environment:checking '/home/robofei/robotis_ws/install/dynamixel_sdk_custom_interfaces/lib/python3.8/site-packages'
[1.727s] Level 1:colcon.colcon_core.shell:create_environment_hook('dynamixel_sdk_custom_interfaces', 'pythonpath')
[1.727s] INFO:colcon.colcon_core.shell:Creating environment hook '/home/robofei/robotis_ws/install/dynamixel_sdk_custom_interfaces/share/dynamixel_sdk_custom_interfaces/hook/pythonpath.ps1'
[1.728s] INFO:colcon.colcon_core.shell:Creating environment descriptor '/home/robofei/robotis_ws/install/dynamixel_sdk_custom_interfaces/share/dynamixel_sdk_custom_interfaces/hook/pythonpath.dsv'
[1.728s] INFO:colcon.colcon_core.shell:Creating environment hook '/home/robofei/robotis_ws/install/dynamixel_sdk_custom_interfaces/share/dynamixel_sdk_custom_interfaces/hook/pythonpath.sh'
[1.729s] INFO:colcon.colcon_core.shell:Creating package script '/home/robofei/robotis_ws/install/dynamixel_sdk_custom_interfaces/share/dynamixel_sdk_custom_interfaces/package.ps1'
[1.729s] INFO:colcon.colcon_core.shell:Creating package descriptor '/home/robofei/robotis_ws/install/dynamixel_sdk_custom_interfaces/share/dynamixel_sdk_custom_interfaces/package.dsv'
[1.730s] INFO:colcon.colcon_core.shell:Creating package script '/home/robofei/robotis_ws/install/dynamixel_sdk_custom_interfaces/share/dynamixel_sdk_custom_interfaces/package.sh'
[1.730s] INFO:colcon.colcon_core.shell:Creating package script '/home/robofei/robotis_ws/install/dynamixel_sdk_custom_interfaces/share/dynamixel_sdk_custom_interfaces/package.bash'
[1.731s] INFO:colcon.colcon_core.shell:Creating package script '/home/robofei/robotis_ws/install/dynamixel_sdk_custom_interfaces/share/dynamixel_sdk_custom_interfaces/package.zsh'
[1.731s] Level 1:colcon.colcon_core.environment:create_file_with_runtime_dependencies(/home/robofei/robotis_ws/install/dynamixel_sdk_custom_interfaces/share/colcon-core/packages/dynamixel_sdk_custom_interfaces)
[1.798s] Level 1:colcon.colcon_core.environment:create_environment_scripts_only(dynamixel_sdk_custom_interfaces)
[1.798s] Level 1:colcon.colcon_core.environment:checking '/home/robofei/robotis_ws/install/dynamixel_sdk_custom_interfaces' for CMake module files
[1.799s] Level 1:colcon.colcon_core.environment:checking '/home/robofei/robotis_ws/install/dynamixel_sdk_custom_interfaces' for CMake config files
[1.800s] Level 1:colcon.colcon_core.shell:create_environment_hook('dynamixel_sdk_custom_interfaces', 'cmake_prefix_path')
[1.800s] INFO:colcon.colcon_core.shell:Creating environment hook '/home/robofei/robotis_ws/install/dynamixel_sdk_custom_interfaces/share/dynamixel_sdk_custom_interfaces/hook/cmake_prefix_path.ps1'
[1.801s] INFO:colcon.colcon_core.shell:Creating environment descriptor '/home/robofei/robotis_ws/install/dynamixel_sdk_custom_interfaces/share/dynamixel_sdk_custom_interfaces/hook/cmake_prefix_path.dsv'
[1.801s] INFO:colcon.colcon_core.shell:Creating environment hook '/home/robofei/robotis_ws/install/dynamixel_sdk_custom_interfaces/share/dynamixel_sdk_custom_interfaces/hook/cmake_prefix_path.sh'
[1.802s] Level 1:colcon.colcon_core.environment:checking '/home/robofei/robotis_ws/install/dynamixel_sdk_custom_interfaces/lib'
[1.802s] Level 1:colcon.colcon_core.shell:create_environment_hook('dynamixel_sdk_custom_interfaces', 'ld_library_path_lib')
[1.803s] INFO:colcon.colcon_core.shell:Creating environment hook '/home/robofei/robotis_ws/install/dynamixel_sdk_custom_interfaces/share/dynamixel_sdk_custom_interfaces/hook/ld_library_path_lib.ps1'
[1.803s] INFO:colcon.colcon_core.shell:Creating environment descriptor '/home/robofei/robotis_ws/install/dynamixel_sdk_custom_interfaces/share/dynamixel_sdk_custom_interfaces/hook/ld_library_path_lib.dsv'
[1.803s] INFO:colcon.colcon_core.shell:Creating environment hook '/home/robofei/robotis_ws/install/dynamixel_sdk_custom_interfaces/share/dynamixel_sdk_custom_interfaces/hook/ld_library_path_lib.sh'
[1.804s] Level 1:colcon.colcon_core.environment:checking '/home/robofei/robotis_ws/install/dynamixel_sdk_custom_interfaces/bin'
[1.804s] Level 1:colcon.colcon_core.environment:checking '/home/robofei/robotis_ws/install/dynamixel_sdk_custom_interfaces/lib/pkgconfig/dynamixel_sdk_custom_interfaces.pc'
[1.804s] Level 1:colcon.colcon_core.environment:checking '/home/robofei/robotis_ws/install/dynamixel_sdk_custom_interfaces/lib/python3.8/site-packages'
[1.804s] Level 1:colcon.colcon_core.shell:create_environment_hook('dynamixel_sdk_custom_interfaces', 'pythonpath')
[1.804s] INFO:colcon.colcon_core.shell:Creating environment hook '/home/robofei/robotis_ws/install/dynamixel_sdk_custom_interfaces/share/dynamixel_sdk_custom_interfaces/hook/pythonpath.ps1'
[1.805s] INFO:colcon.colcon_core.shell:Creating environment descriptor '/home/robofei/robotis_ws/install/dynamixel_sdk_custom_interfaces/share/dynamixel_sdk_custom_interfaces/hook/pythonpath.dsv'
[1.805s] INFO:colcon.colcon_core.shell:Creating environment hook '/home/robofei/robotis_ws/install/dynamixel_sdk_custom_interfaces/share/dynamixel_sdk_custom_interfaces/hook/pythonpath.sh'
[1.806s] INFO:colcon.colcon_core.shell:Creating package script '/home/robofei/robotis_ws/install/dynamixel_sdk_custom_interfaces/share/dynamixel_sdk_custom_interfaces/package.ps1'
[1.807s] INFO:colcon.colcon_core.shell:Creating package descriptor '/home/robofei/robotis_ws/install/dynamixel_sdk_custom_interfaces/share/dynamixel_sdk_custom_interfaces/package.dsv'
[1.807s] INFO:colcon.colcon_core.shell:Creating package script '/home/robofei/robotis_ws/install/dynamixel_sdk_custom_interfaces/share/dynamixel_sdk_custom_interfaces/package.sh'
[1.808s] INFO:colcon.colcon_core.shell:Creating package script '/home/robofei/robotis_ws/install/dynamixel_sdk_custom_interfaces/share/dynamixel_sdk_custom_interfaces/package.bash'
[1.808s] INFO:colcon.colcon_core.shell:Creating package script '/home/robofei/robotis_ws/install/dynamixel_sdk_custom_interfaces/share/dynamixel_sdk_custom_interfaces/package.zsh'
[1.809s] Level 1:colcon.colcon_core.environment:create_file_with_runtime_dependencies(/home/robofei/robotis_ws/install/dynamixel_sdk_custom_interfaces/share/colcon-core/packages/dynamixel_sdk_custom_interfaces)
[1.809s] INFO:colcon.colcon_ros.task.ament_cmake.build:Building ROS package in '/home/robofei/robotis_ws/src/DynamixelSDK/dynamixel_sdk_examples' with build type 'ament_cmake'
[1.809s] INFO:colcon.colcon_cmake.task.cmake.build:Building CMake package in '/home/robofei/robotis_ws/src/DynamixelSDK/dynamixel_sdk_examples'
[1.810s] INFO:colcon.colcon_core.shell:Skip shell extension 'powershell' for command environment: Not usable outside of PowerShell
[1.810s] DEBUG:colcon.colcon_core.shell:Skip shell extension 'dsv' for command environment
[1.812s] DEBUG:colcon.colcon_core.shell:Ignoring prefix path '/opt/ros/foxy'
[1.826s] DEBUG:colcon.colcon_core.event_handler.log_command:Invoking command in '/home/robofei/robotis_ws/build/dynamixel_sdk_examples': CMAKE_PREFIX_PATH=/home/robofei/robotis_ws/install/dynamixel_sdk_custom_interfaces:/home/robofei/robotis_ws/install/dynamixel_sdk:/home/robofei/robotis_ws/install/dynamixel_sdk_examples:/opt/ros/foxy /usr/bin/cmake /home/robofei/robotis_ws/src/DynamixelSDK/dynamixel_sdk_examples -DAMENT_CMAKE_SYMLINK_INSTALL=1 -DCMAKE_INSTALL_PREFIX=/home/robofei/robotis_ws/install/dynamixel_sdk_examples
[2.584s] DEBUG:colcon.colcon_core.event_handler.log_command:Invoked command in '/home/robofei/robotis_ws/build/dynamixel_sdk_examples' returned '0': CMAKE_PREFIX_PATH=/home/robofei/robotis_ws/install/dynamixel_sdk_custom_interfaces:/home/robofei/robotis_ws/install/dynamixel_sdk:/home/robofei/robotis_ws/install/dynamixel_sdk_examples:/opt/ros/foxy /usr/bin/cmake /home/robofei/robotis_ws/src/DynamixelSDK/dynamixel_sdk_examples -DAMENT_CMAKE_SYMLINK_INSTALL=1 -DCMAKE_INSTALL_PREFIX=/home/robofei/robotis_ws/install/dynamixel_sdk_examples
[2.587s] DEBUG:colcon.colcon_core.event_handler.log_command:Invoking command in '/home/robofei/robotis_ws/build/dynamixel_sdk_examples': CMAKE_PREFIX_PATH=/home/robofei/robotis_ws/install/dynamixel_sdk_custom_interfaces:/home/robofei/robotis_ws/install/dynamixel_sdk:/home/robofei/robotis_ws/install/dynamixel_sdk_examples:/opt/ros/foxy /usr/bin/cmake --build /home/robofei/robotis_ws/build/dynamixel_sdk_examples -- -j4 -l4
[2.663s] DEBUG:colcon.colcon_core.event_handler.log_command:Invoked command in '/home/robofei/robotis_ws/build/dynamixel_sdk_examples' returned '0': CMAKE_PREFIX_PATH=/home/robofei/robotis_ws/install/dynamixel_sdk_custom_interfaces:/home/robofei/robotis_ws/install/dynamixel_sdk:/home/robofei/robotis_ws/install/dynamixel_sdk_examples:/opt/ros/foxy /usr/bin/cmake --build /home/robofei/robotis_ws/build/dynamixel_sdk_examples -- -j4 -l4
[2.691s] DEBUG:colcon.colcon_core.event_handler.log_command:Invoking command in '/home/robofei/robotis_ws/build/dynamixel_sdk_examples': CMAKE_PREFIX_PATH=/home/robofei/robotis_ws/install/dynamixel_sdk_custom_interfaces:/home/robofei/robotis_ws/install/dynamixel_sdk:/home/robofei/robotis_ws/install/dynamixel_sdk_examples:/opt/ros/foxy /usr/bin/cmake --install /home/robofei/robotis_ws/build/dynamixel_sdk_examples
[2.718s] Level 1:colcon.colcon_core.environment:create_environment_scripts_only(dynamixel_sdk_examples)
[2.719s] Level 1:colcon.colcon_core.environment:checking '/home/robofei/robotis_ws/install/dynamixel_sdk_examples' for CMake module files
[2.720s] DEBUG:colcon.colcon_core.event_handler.log_command:Invoked command in '/home/robofei/robotis_ws/build/dynamixel_sdk_examples' returned '0': CMAKE_PREFIX_PATH=/home/robofei/robotis_ws/install/dynamixel_sdk_custom_interfaces:/home/robofei/robotis_ws/install/dynamixel_sdk:/home/robofei/robotis_ws/install/dynamixel_sdk_examples:/opt/ros/foxy /usr/bin/cmake --install /home/robofei/robotis_ws/build/dynamixel_sdk_examples
[2.721s] Level 1:colcon.colcon_core.environment:checking '/home/robofei/robotis_ws/install/dynamixel_sdk_examples' for CMake config files
[2.721s] Level 1:colcon.colcon_core.shell:create_environment_hook('dynamixel_sdk_examples', 'cmake_prefix_path')
[2.722s] INFO:colcon.colcon_core.shell:Creating environment hook '/home/robofei/robotis_ws/install/dynamixel_sdk_examples/share/dynamixel_sdk_examples/hook/cmake_prefix_path.ps1'
[2.722s] INFO:colcon.colcon_core.shell:Creating environment descriptor '/home/robofei/robotis_ws/install/dynamixel_sdk_examples/share/dynamixel_sdk_examples/hook/cmake_prefix_path.dsv'
[2.723s] INFO:colcon.colcon_core.shell:Creating environment hook '/home/robofei/robotis_ws/install/dynamixel_sdk_examples/share/dynamixel_sdk_examples/hook/cmake_prefix_path.sh'
[2.723s] Level 1:colcon.colcon_core.environment:checking '/home/robofei/robotis_ws/install/dynamixel_sdk_examples/lib'
[2.723s] Level 1:colcon.colcon_core.environment:checking '/home/robofei/robotis_ws/install/dynamixel_sdk_examples/bin'
[2.723s] Level 1:colcon.colcon_core.environment:checking '/home/robofei/robotis_ws/install/dynamixel_sdk_examples/lib/pkgconfig/dynamixel_sdk_examples.pc'
[2.723s] Level 1:colcon.colcon_core.environment:checking '/home/robofei/robotis_ws/install/dynamixel_sdk_examples/lib/python3.8/site-packages'
[2.724s] INFO:colcon.colcon_core.shell:Creating package script '/home/robofei/robotis_ws/install/dynamixel_sdk_examples/share/dynamixel_sdk_examples/package.ps1'
[2.725s] INFO:colcon.colcon_core.shell:Creating package descriptor '/home/robofei/robotis_ws/install/dynamixel_sdk_examples/share/dynamixel_sdk_examples/package.dsv'
[2.725s] INFO:colcon.colcon_core.shell:Creating package script '/home/robofei/robotis_ws/install/dynamixel_sdk_examples/share/dynamixel_sdk_examples/package.sh'
[2.725s] INFO:colcon.colcon_core.shell:Creating package script '/home/robofei/robotis_ws/install/dynamixel_sdk_examples/share/dynamixel_sdk_examples/package.bash'
[2.726s] INFO:colcon.colcon_core.shell:Creating package script '/home/robofei/robotis_ws/install/dynamixel_sdk_examples/share/dynamixel_sdk_examples/package.zsh'
[2.726s] Level 1:colcon.colcon_core.environment:create_file_with_runtime_dependencies(/home/robofei/robotis_ws/install/dynamixel_sdk_examples/share/colcon-core/packages/dynamixel_sdk_examples)
[2.751s] Level 1:colcon.colcon_core.environment:create_environment_scripts_only(dynamixel_sdk_examples)
[2.752s] Level 1:colcon.colcon_core.environment:checking '/home/robofei/robotis_ws/install/dynamixel_sdk_examples' for CMake module files
[2.753s] Level 1:colcon.colcon_core.environment:checking '/home/robofei/robotis_ws/install/dynamixel_sdk_examples' for CMake config files
[2.753s] Level 1:colcon.colcon_core.shell:create_environment_hook('dynamixel_sdk_examples', 'cmake_prefix_path')
[2.753s] INFO:colcon.colcon_core.shell:Creating environment hook '/home/robofei/robotis_ws/install/dynamixel_sdk_examples/share/dynamixel_sdk_examples/hook/cmake_prefix_path.ps1'
[2.754s] INFO:colcon.colcon_core.shell:Creating environment descriptor '/home/robofei/robotis_ws/install/dynamixel_sdk_examples/share/dynamixel_sdk_examples/hook/cmake_prefix_path.dsv'
[2.754s] INFO:colcon.colcon_core.shell:Creating environment hook '/home/robofei/robotis_ws/install/dynamixel_sdk_examples/share/dynamixel_sdk_examples/hook/cmake_prefix_path.sh'
[2.755s] Level 1:colcon.colcon_core.environment:checking '/home/robofei/robotis_ws/install/dynamixel_sdk_examples/lib'
[2.755s] Level 1:colcon.colcon_core.environment:checking '/home/robofei/robotis_ws/install/dynamixel_sdk_examples/bin'
[2.755s] Level 1:colcon.colcon_core.environment:checking '/home/robofei/robotis_ws/install/dynamixel_sdk_examples/lib/pkgconfig/dynamixel_sdk_examples.pc'
[2.755s] Level 1:colcon.colcon_core.environment:checking '/home/robofei/robotis_ws/install/dynamixel_sdk_examples/lib/python3.8/site-packages'
[2.756s] INFO:colcon.colcon_core.shell:Creating package script '/home/robofei/robotis_ws/install/dynamixel_sdk_examples/share/dynamixel_sdk_examples/package.ps1'
[2.756s] INFO:colcon.colcon_core.shell:Creating package descriptor '/home/robofei/robotis_ws/install/dynamixel_sdk_examples/share/dynamixel_sdk_examples/package.dsv'
[2.757s] INFO:colcon.colcon_core.shell:Creating package script '/home/robofei/robotis_ws/install/dynamixel_sdk_examples/share/dynamixel_sdk_examples/package.sh'
[2.757s] INFO:colcon.colcon_core.shell:Creating package script '/home/robofei/robotis_ws/install/dynamixel_sdk_examples/share/dynamixel_sdk_examples/package.bash'
[2.757s] INFO:colcon.colcon_core.shell:Creating package script '/home/robofei/robotis_ws/install/dynamixel_sdk_examples/share/dynamixel_sdk_examples/package.zsh'
[2.758s] Level 1:colcon.colcon_core.environment:create_file_with_runtime_dependencies(/home/robofei/robotis_ws/install/dynamixel_sdk_examples/share/colcon-core/packages/dynamixel_sdk_examples)
[2.758s] DEBUG:colcon.colcon_parallel_executor.executor.parallel:closing loop
[2.759s] DEBUG:colcon.colcon_parallel_executor.executor.parallel:loop closed
[2.759s] DEBUG:colcon.colcon_parallel_executor.executor.parallel:run_until_complete finished with '0'
[2.759s] DEBUG:colcon.colcon_core.event_reactor:joining thread
[2.765s] INFO:colcon.colcon_core.plugin_system:Skipping extension 'colcon_notification.desktop_notification.terminal_notifier': Not used on non-Darwin systems
[2.765s] INFO:colcon.colcon_core.plugin_system:Skipping extension 'colcon_notification.desktop_notification.win32': Not used on non-Windows systems
[2.765s] INFO:colcon.colcon_notification.desktop_notification:Sending desktop notification using 'notify2'
[2.782s] DEBUG:colcon.colcon_core.event_reactor:joined thread
[2.782s] INFO:colcon.colcon_core.shell:Creating prefix script '/home/robofei/robotis_ws/install/local_setup.ps1'
[2.783s] INFO:colcon.colcon_core.shell:Creating prefix util module '/home/robofei/robotis_ws/install/_local_setup_util_ps1.py'
[2.785s] INFO:colcon.colcon_core.shell:Creating prefix chain script '/home/robofei/robotis_ws/install/setup.ps1'
[2.788s] INFO:colcon.colcon_core.shell:Creating prefix script '/home/robofei/robotis_ws/install/local_setup.sh'
[2.788s] INFO:colcon.colcon_core.shell:Creating prefix util module '/home/robofei/robotis_ws/install/_local_setup_util_sh.py'
[2.789s] INFO:colcon.colcon_core.shell:Creating prefix chain script '/home/robofei/robotis_ws/install/setup.sh'
[2.791s] INFO:colcon.colcon_core.shell:Creating prefix script '/home/robofei/robotis_ws/install/local_setup.bash'
[2.791s] INFO:colcon.colcon_core.shell:Creating prefix chain script '/home/robofei/robotis_ws/install/setup.bash'
[2.794s] INFO:colcon.colcon_core.shell:Creating prefix script '/home/robofei/robotis_ws/install/local_setup.zsh'
[2.794s] INFO:colcon.colcon_core.shell:Creating prefix chain script '/home/robofei/robotis_ws/install/setup.zsh'
