[0.899s] DEBUG:colcon:Command line arguments: ['/usr/bin/colcon', 'build']
[0.900s] DEBUG:colcon:Parsed command line arguments: Namespace(ament_cmake_args=None, base_paths=['.'], build_base='build', catkin_cmake_args=None, catkin_skip_building_tests=False, cmake_args=None, cmake_clean_cache=False, cmake_clean_first=False, cmake_force_configure=False, cmake_target=None, cmake_target_skip_unavailable=False, continue_on_error=False, event_handlers=None, executor='parallel', ignore_user_meta=False, install_base='install', log_base=None, log_level=None, main=<bound method BuildVerb.main of <colcon_core.verb.build.BuildVerb object at 0x7f1bb63e86a0>>, merge_install=False, metas=['./colcon.meta'], packages_above=None, packages_above_and_dependencies=None, packages_above_depth=None, packages_end=None, packages_ignore=None, packages_ignore_regex=None, packages_select=None, packages_select_build_failed=False, packages_select_by_dep=None, packages_select_regex=None, packages_select_test_failures=False, packages_skip=None, packages_skip_build_finished=False, packages_skip_by_dep=None, packages_skip_regex=None, packages_skip_test_passed=False, packages_skip_up_to=None, packages_start=None, packages_up_to=None, packages_up_to_regex=None, parallel_workers=2, paths=None, symlink_install=False, test_result_base=None, verb_extension=<colcon_core.verb.build.BuildVerb object at 0x7f1bb63e86a0>, verb_name='build', verb_parser=<colcon_defaults.argument_parser.defaults.DefaultArgumentsDecorator object at 0x7f1bb63e8be0>)
[0.915s] Level 1:colcon.colcon_core.package_discovery:discover_packages(colcon_meta) check parameters
[0.915s] Level 1:colcon.colcon_core.package_discovery:discover_packages(recursive) check parameters
[0.916s] Level 1:colcon.colcon_core.package_discovery:discover_packages(ignore) check parameters
[0.916s] Level 1:colcon.colcon_core.package_discovery:discover_packages(path) check parameters
[0.916s] Level 1:colcon.colcon_core.package_discovery:discover_packages(colcon_meta) discover
[0.917s] Level 1:colcon.colcon_core.package_discovery:discover_packages(recursive) discover
[0.917s] INFO:colcon.colcon_core.package_discovery:Crawling recursively for packages in '/home/amd/Downloads/GC'
[0.917s] Level 1:colcon.colcon_core.package_identification:_identify(.) by extensions ['ignore', 'ignore_ament_install']
[0.918s] Level 1:colcon.colcon_core.package_identification:_identify(.) by extension 'ignore'
[0.918s] Level 1:colcon.colcon_core.package_identification:_identify(.) by extension 'ignore_ament_install'
[0.919s] Level 1:colcon.colcon_core.package_identification:_identify(.) by extensions ['colcon_pkg']
[0.919s] Level 1:colcon.colcon_core.package_identification:_identify(.) by extension 'colcon_pkg'
[0.920s] Level 1:colcon.colcon_core.package_identification:_identify(.) by extensions ['colcon_meta']
[0.920s] Level 1:colcon.colcon_core.package_identification:_identify(.) by extension 'colcon_meta'
[0.920s] Level 1:colcon.colcon_core.package_identification:_identify(.) by extensions ['ros']
[0.920s] Level 1:colcon.colcon_core.package_identification:_identify(.) by extension 'ros'
[0.953s] Level 1:colcon.colcon_core.package_identification:_identify(.) by extensions ['cmake', 'python']
[0.953s] Level 1:colcon.colcon_core.package_identification:_identify(.) by extension 'cmake'
[0.954s] Level 1:colcon.colcon_core.package_identification:_identify(.) by extension 'python'
[0.954s] Level 1:colcon.colcon_core.package_identification:_identify(.) by extensions ['python_setup_py']
[0.954s] Level 1:colcon.colcon_core.package_identification:_identify(.) by extension 'python_setup_py'
[0.955s] Level 1:colcon.colcon_core.package_identification:_identify(build) by extensions ['ignore', 'ignore_ament_install']
[0.955s] Level 1:colcon.colcon_core.package_identification:_identify(build) by extension 'ignore'
[0.955s] Level 1:colcon.colcon_core.package_identification:_identify(build) ignored
[0.956s] Level 1:colcon.colcon_core.package_identification:_identify(install) by extensions ['ignore', 'ignore_ament_install']
[0.956s] Level 1:colcon.colcon_core.package_identification:_identify(install) by extension 'ignore'
[0.957s] Level 1:colcon.colcon_core.package_identification:_identify(install) ignored
[0.957s] Level 1:colcon.colcon_core.package_identification:_identify(log) by extensions ['ignore', 'ignore_ament_install']
[0.957s] Level 1:colcon.colcon_core.package_identification:_identify(log) by extension 'ignore'
[0.957s] Level 1:colcon.colcon_core.package_identification:_identify(log) ignored
[0.957s] Level 1:colcon.colcon_core.package_identification:_identify(src) by extensions ['ignore', 'ignore_ament_install']
[0.958s] Level 1:colcon.colcon_core.package_identification:_identify(src) by extension 'ignore'
[0.958s] Level 1:colcon.colcon_core.package_identification:_identify(src) by extension 'ignore_ament_install'
[0.958s] Level 1:colcon.colcon_core.package_identification:_identify(src) by extensions ['colcon_pkg']
[0.958s] Level 1:colcon.colcon_core.package_identification:_identify(src) by extension 'colcon_pkg'
[0.958s] Level 1:colcon.colcon_core.package_identification:_identify(src) by extensions ['colcon_meta']
[0.958s] Level 1:colcon.colcon_core.package_identification:_identify(src) by extension 'colcon_meta'
[0.958s] Level 1:colcon.colcon_core.package_identification:_identify(src) by extensions ['ros']
[0.958s] Level 1:colcon.colcon_core.package_identification:_identify(src) by extension 'ros'
[0.958s] Level 1:colcon.colcon_core.package_identification:_identify(src) by extensions ['cmake', 'python']
[0.958s] Level 1:colcon.colcon_core.package_identification:_identify(src) by extension 'cmake'
[0.959s] Level 1:colcon.colcon_core.package_identification:_identify(src) by extension 'python'
[0.959s] Level 1:colcon.colcon_core.package_identification:_identify(src) by extensions ['python_setup_py']
[0.959s] Level 1:colcon.colcon_core.package_identification:_identify(src) by extension 'python_setup_py'
[0.959s] Level 1:colcon.colcon_core.package_identification:_identify(src/controller) by extensions ['ignore', 'ignore_ament_install']
[0.959s] Level 1:colcon.colcon_core.package_identification:_identify(src/controller) by extension 'ignore'
[0.959s] Level 1:colcon.colcon_core.package_identification:_identify(src/controller) by extension 'ignore_ament_install'
[0.959s] Level 1:colcon.colcon_core.package_identification:_identify(src/controller) by extensions ['colcon_pkg']
[0.960s] Level 1:colcon.colcon_core.package_identification:_identify(src/controller) by extension 'colcon_pkg'
[0.960s] Level 1:colcon.colcon_core.package_identification:_identify(src/controller) by extensions ['colcon_meta']
[0.960s] Level 1:colcon.colcon_core.package_identification:_identify(src/controller) by extension 'colcon_meta'
[0.960s] Level 1:colcon.colcon_core.package_identification:_identify(src/controller) by extensions ['ros']
[0.960s] Level 1:colcon.colcon_core.package_identification:_identify(src/controller) by extension 'ros'
[0.965s] DEBUG:colcon.colcon_core.package_identification:Package 'src/controller' with type 'ros.ament_python' and name 'controller'
[0.965s] Level 1:colcon.colcon_core.package_identification:_identify(src/messages) by extensions ['ignore', 'ignore_ament_install']
[0.966s] Level 1:colcon.colcon_core.package_identification:_identify(src/messages) by extension 'ignore'
[0.966s] Level 1:colcon.colcon_core.package_identification:_identify(src/messages) by extension 'ignore_ament_install'
[0.966s] Level 1:colcon.colcon_core.package_identification:_identify(src/messages) by extensions ['colcon_pkg']
[0.966s] Level 1:colcon.colcon_core.package_identification:_identify(src/messages) by extension 'colcon_pkg'
[0.966s] Level 1:colcon.colcon_core.package_identification:_identify(src/messages) by extensions ['colcon_meta']
[0.967s] Level 1:colcon.colcon_core.package_identification:_identify(src/messages) by extension 'colcon_meta'
[0.967s] Level 1:colcon.colcon_core.package_identification:_identify(src/messages) by extensions ['ros']
[0.967s] Level 1:colcon.colcon_core.package_identification:_identify(src/messages) by extension 'ros'
[0.967s] Level 1:colcon.colcon_core.package_identification:_identify(src/messages) by extensions ['cmake', 'python']
[0.967s] Level 1:colcon.colcon_core.package_identification:_identify(src/messages) by extension 'cmake'
[0.967s] Level 1:colcon.colcon_core.package_identification:_identify(src/messages) by extension 'python'
[0.967s] Level 1:colcon.colcon_core.package_identification:_identify(src/messages) by extensions ['python_setup_py']
[0.968s] Level 1:colcon.colcon_core.package_identification:_identify(src/messages) by extension 'python_setup_py'
[0.968s] Level 1:colcon.colcon_core.package_identification:_identify(src/messages/messages) by extensions ['ignore', 'ignore_ament_install']
[0.969s] Level 1:colcon.colcon_core.package_identification:_identify(src/messages/messages) by extension 'ignore'
[0.969s] Level 1:colcon.colcon_core.package_identification:_identify(src/messages/messages) by extension 'ignore_ament_install'
[0.969s] Level 1:colcon.colcon_core.package_identification:_identify(src/messages/messages) by extensions ['colcon_pkg']
[0.969s] Level 1:colcon.colcon_core.package_identification:_identify(src/messages/messages) by extension 'colcon_pkg'
[0.969s] Level 1:colcon.colcon_core.package_identification:_identify(src/messages/messages) by extensions ['colcon_meta']
[0.969s] Level 1:colcon.colcon_core.package_identification:_identify(src/messages/messages) by extension 'colcon_meta'
[0.970s] Level 1:colcon.colcon_core.package_identification:_identify(src/messages/messages) by extensions ['ros']
[0.970s] Level 1:colcon.colcon_core.package_identification:_identify(src/messages/messages) by extension 'ros'
[0.971s] DEBUG:colcon.colcon_core.package_identification:Package 'src/messages/messages' with type 'ros.ament_cmake' and name 'messages'
[0.971s] Level 1:colcon.colcon_core.package_discovery:discover_packages(recursive) using defaults
[0.972s] Level 1:colcon.colcon_core.package_discovery:discover_packages(ignore) discover
[0.972s] Level 1:colcon.colcon_core.package_discovery:discover_packages(ignore) using defaults
[0.972s] Level 1:colcon.colcon_core.package_discovery:discover_packages(path) discover
[0.972s] Level 1:colcon.colcon_core.package_discovery:discover_packages(path) using defaults
[1.025s] Level 5:colcon.colcon_core.verb:set package 'controller' build argument 'cmake_args' from command line to 'None'
[1.025s] Level 5:colcon.colcon_core.verb:set package 'controller' build argument 'cmake_target' from command line to 'None'
[1.025s] Level 5:colcon.colcon_core.verb:set package 'controller' build argument 'cmake_target_skip_unavailable' from command line to 'False'
[1.025s] Level 5:colcon.colcon_core.verb:set package 'controller' build argument 'cmake_clean_cache' from command line to 'False'
[1.026s] Level 5:colcon.colcon_core.verb:set package 'controller' build argument 'cmake_clean_first' from command line to 'False'
[1.026s] Level 5:colcon.colcon_core.verb:set package 'controller' build argument 'cmake_force_configure' from command line to 'False'
[1.026s] Level 5:colcon.colcon_core.verb:set package 'controller' build argument 'ament_cmake_args' from command line to 'None'
[1.026s] Level 5:colcon.colcon_core.verb:set package 'controller' build argument 'catkin_cmake_args' from command line to 'None'
[1.026s] Level 5:colcon.colcon_core.verb:set package 'controller' build argument 'catkin_skip_building_tests' from command line to 'False'
[1.026s] DEBUG:colcon.colcon_core.verb:Building package 'controller' with the following arguments: {'ament_cmake_args': None, 'build_base': '/home/amd/Downloads/GC/build/controller', 'catkin_cmake_args': None, 'catkin_skip_building_tests': False, 'cmake_args': None, 'cmake_clean_cache': False, 'cmake_clean_first': False, 'cmake_force_configure': False, 'cmake_target': None, 'cmake_target_skip_unavailable': False, 'install_base': '/home/amd/Downloads/GC/install/controller', 'merge_install': False, 'path': '/home/amd/Downloads/GC/src/controller', 'symlink_install': False, 'test_result_base': None}
[1.032s] Level 5:colcon.colcon_core.verb:set package 'messages' build argument 'cmake_args' from command line to 'None'
[1.033s] Level 5:colcon.colcon_core.verb:set package 'messages' build argument 'cmake_target' from command line to 'None'
[1.033s] Level 5:colcon.colcon_core.verb:set package 'messages' build argument 'cmake_target_skip_unavailable' from command line to 'False'
[1.033s] Level 5:colcon.colcon_core.verb:set package 'messages' build argument 'cmake_clean_cache' from command line to 'False'
[1.033s] Level 5:colcon.colcon_core.verb:set package 'messages' build argument 'cmake_clean_first' from command line to 'False'
[1.033s] Level 5:colcon.colcon_core.verb:set package 'messages' build argument 'cmake_force_configure' from command line to 'False'
[1.033s] Level 5:colcon.colcon_core.verb:set package 'messages' build argument 'ament_cmake_args' from command line to 'None'
[1.033s] Level 5:colcon.colcon_core.verb:set package 'messages' build argument 'catkin_cmake_args' from command line to 'None'
[1.033s] Level 5:colcon.colcon_core.verb:set package 'messages' build argument 'catkin_skip_building_tests' from command line to 'False'
[1.033s] DEBUG:colcon.colcon_core.verb:Building package 'messages' with the following arguments: {'ament_cmake_args': None, 'build_base': '/home/amd/Downloads/GC/build/messages', 'catkin_cmake_args': None, 'catkin_skip_building_tests': False, 'cmake_args': None, 'cmake_clean_cache': False, 'cmake_clean_first': False, 'cmake_force_configure': False, 'cmake_target': None, 'cmake_target_skip_unavailable': False, 'install_base': '/home/amd/Downloads/GC/install/messages', 'merge_install': False, 'path': '/home/amd/Downloads/GC/src/messages/messages', 'symlink_install': False, 'test_result_base': None}
[1.035s] INFO:colcon.colcon_core.executor:Executing jobs using 'parallel' executor
[1.039s] DEBUG:colcon.colcon_parallel_executor.executor.parallel:run_until_complete
[1.040s] INFO:colcon.colcon_ros.task.ament_python.build:Building ROS package in '/home/amd/Downloads/GC/src/controller' with build type 'ament_python'
[1.040s] Level 1:colcon.colcon_core.shell:create_environment_hook('controller', 'ament_prefix_path')
[1.052s] INFO:colcon.colcon_core.plugin_system:Skipping extension 'colcon_core.shell.bat': Not used on non-Windows systems
[1.053s] INFO:colcon.colcon_core.shell:Creating environment hook '/home/amd/Downloads/GC/install/controller/share/controller/hook/ament_prefix_path.ps1'
[1.054s] INFO:colcon.colcon_core.shell:Creating environment descriptor '/home/amd/Downloads/GC/install/controller/share/controller/hook/ament_prefix_path.dsv'
[1.057s] INFO:colcon.colcon_core.shell:Creating environment hook '/home/amd/Downloads/GC/install/controller/share/controller/hook/ament_prefix_path.sh'
[1.060s] INFO:colcon.colcon_core.shell:Skip shell extension 'powershell' for command environment: Not usable outside of PowerShell
[1.060s] DEBUG:colcon.colcon_core.shell:Skip shell extension 'dsv' for command environment
[1.066s] DEBUG:colcon.colcon_core.shell:Ignoring prefix path '/opt/ros/foxy'
[1.073s] INFO:colcon.colcon_ros.task.ament_cmake.build:Building ROS package in '/home/amd/Downloads/GC/src/messages/messages' with build type 'ament_cmake'
[1.074s] INFO:colcon.colcon_cmake.task.cmake.build:Building CMake package in '/home/amd/Downloads/GC/src/messages/messages'
[1.076s] INFO:colcon.colcon_core.shell:Skip shell extension 'powershell' for command environment: Not usable outside of PowerShell
[1.076s] DEBUG:colcon.colcon_core.shell:Skip shell extension 'dsv' for command environment
[1.080s] DEBUG:colcon.colcon_core.shell:Ignoring prefix path '/opt/ros/foxy'
[1.836s] INFO:colcon.colcon_core.task.python.build:Building Python package in '/home/amd/Downloads/GC/src/controller'
[1.840s] INFO:colcon.colcon_core.shell:Skip shell extension 'powershell' for command environment: Not usable outside of PowerShell
[1.840s] DEBUG:colcon.colcon_core.shell:Skip shell extension 'dsv' for command environment
[1.846s] DEBUG:colcon.colcon_core.shell:Ignoring prefix path '/opt/ros/foxy'
[1.865s] DEBUG:colcon.colcon_core.event_handler.log_command:Invoking command in '/home/amd/Downloads/GC/build/messages': CMAKE_PREFIX_PATH=${CMAKE_PREFIX_PATH}:/home/amd/Downloads/GC/install/controller:/opt/ros/foxy /usr/bin/cmake --build /home/amd/Downloads/GC/build/messages -- -j2 -l2
[1.894s] DEBUG:colcon.colcon_core.event_handler.log_command:Invoking command in '/home/amd/Downloads/GC/src/controller': PYTHONPATH=/home/amd/Downloads/GC/install/controller/lib/python3.8/site-packages:${PYTHONPATH} /usr/bin/python3 setup.py egg_info --egg-base ../../build/controller build --build-base /home/amd/Downloads/GC/build/controller/build install --prefix /home/amd/Downloads/GC/install/controller --record /home/amd/Downloads/GC/build/controller/install.log --single-version-externally-managed
[3.721s] DEBUG:colcon.colcon_core.event_handler.log_command:Invoked command in '/home/amd/Downloads/GC/build/messages' returned '0': CMAKE_PREFIX_PATH=${CMAKE_PREFIX_PATH}:/home/amd/Downloads/GC/install/controller:/opt/ros/foxy /usr/bin/cmake --build /home/amd/Downloads/GC/build/messages -- -j2 -l2
[3.772s] DEBUG:colcon.colcon_core.event_handler.log_command:Invoked command in '/home/amd/Downloads/GC/src/controller' returned '0': PYTHONPATH=/home/amd/Downloads/GC/install/controller/lib/python3.8/site-packages:${PYTHONPATH} /usr/bin/python3 setup.py egg_info --egg-base ../../build/controller build --build-base /home/amd/Downloads/GC/build/controller/build install --prefix /home/amd/Downloads/GC/install/controller --record /home/amd/Downloads/GC/build/controller/install.log --single-version-externally-managed
[3.774s] Level 1:colcon.colcon_core.environment:checking '/home/amd/Downloads/GC/install/controller' for CMake module files
[3.776s] Level 1:colcon.colcon_core.environment:checking '/home/amd/Downloads/GC/install/controller' for CMake config files
[3.777s] Level 1:colcon.colcon_core.environment:checking '/home/amd/Downloads/GC/install/controller/lib'
[3.781s] Level 1:colcon.colcon_core.environment:checking '/home/amd/Downloads/GC/install/controller/bin'
[3.782s] Level 1:colcon.colcon_core.environment:checking '/home/amd/Downloads/GC/install/controller/lib/pkgconfig/controller.pc'
[3.782s] Level 1:colcon.colcon_core.environment:checking '/home/amd/Downloads/GC/install/controller/lib/python3.8/site-packages'
[3.782s] Level 1:colcon.colcon_core.shell:create_environment_hook('controller', 'pythonpath')
[3.788s] INFO:colcon.colcon_core.shell:Creating environment hook '/home/amd/Downloads/GC/install/controller/share/controller/hook/pythonpath.ps1'
[3.790s] INFO:colcon.colcon_core.shell:Creating environment descriptor '/home/amd/Downloads/GC/install/controller/share/controller/hook/pythonpath.dsv'
[3.792s] INFO:colcon.colcon_core.shell:Creating environment hook '/home/amd/Downloads/GC/install/controller/share/controller/hook/pythonpath.sh'
[3.796s] Level 1:colcon.colcon_core.environment:create_environment_scripts_only(controller)
[3.798s] INFO:colcon.colcon_core.shell:Creating package script '/home/amd/Downloads/GC/install/controller/share/controller/package.ps1'
[3.800s] INFO:colcon.colcon_core.shell:Creating package descriptor '/home/amd/Downloads/GC/install/controller/share/controller/package.dsv'
[3.802s] INFO:colcon.colcon_core.shell:Creating package script '/home/amd/Downloads/GC/install/controller/share/controller/package.sh'
[3.807s] INFO:colcon.colcon_core.shell:Creating package script '/home/amd/Downloads/GC/install/controller/share/controller/package.bash'
[3.809s] INFO:colcon.colcon_core.shell:Creating package script '/home/amd/Downloads/GC/install/controller/share/controller/package.zsh'
[3.811s] Level 1:colcon.colcon_core.environment:create_file_with_runtime_dependencies(/home/amd/Downloads/GC/install/controller/share/colcon-core/packages/controller)
[3.962s] DEBUG:colcon.colcon_core.event_handler.log_command:Invoking command in '/home/amd/Downloads/GC/build/messages': CMAKE_PREFIX_PATH=${CMAKE_PREFIX_PATH}:/home/amd/Downloads/GC/install/controller:/opt/ros/foxy /usr/bin/cmake --install /home/amd/Downloads/GC/build/messages
[4.185s] Level 1:colcon.colcon_core.environment:create_environment_scripts_only(messages)
[4.188s] Level 1:colcon.colcon_core.environment:checking '/home/amd/Downloads/GC/install/messages' for CMake module files
[4.192s] DEBUG:colcon.colcon_core.event_handler.log_command:Invoked command in '/home/amd/Downloads/GC/build/messages' returned '0': CMAKE_PREFIX_PATH=${CMAKE_PREFIX_PATH}:/home/amd/Downloads/GC/install/controller:/opt/ros/foxy /usr/bin/cmake --install /home/amd/Downloads/GC/build/messages
[4.192s] Level 1:colcon.colcon_core.environment:checking '/home/amd/Downloads/GC/install/messages' for CMake config files
[4.193s] Level 1:colcon.colcon_core.shell:create_environment_hook('messages', 'cmake_prefix_path')
[4.196s] INFO:colcon.colcon_core.shell:Creating environment hook '/home/amd/Downloads/GC/install/messages/share/messages/hook/cmake_prefix_path.ps1'
[4.198s] INFO:colcon.colcon_core.shell:Creating environment descriptor '/home/amd/Downloads/GC/install/messages/share/messages/hook/cmake_prefix_path.dsv'
[4.203s] INFO:colcon.colcon_core.shell:Creating environment hook '/home/amd/Downloads/GC/install/messages/share/messages/hook/cmake_prefix_path.sh'
[4.206s] Level 1:colcon.colcon_core.environment:checking '/home/amd/Downloads/GC/install/messages/lib'
[4.207s] Level 1:colcon.colcon_core.shell:create_environment_hook('messages', 'ld_library_path_lib')
[4.209s] INFO:colcon.colcon_core.shell:Creating environment hook '/home/amd/Downloads/GC/install/messages/share/messages/hook/ld_library_path_lib.ps1'
[4.210s] INFO:colcon.colcon_core.shell:Creating environment descriptor '/home/amd/Downloads/GC/install/messages/share/messages/hook/ld_library_path_lib.dsv'
[4.212s] INFO:colcon.colcon_core.shell:Creating environment hook '/home/amd/Downloads/GC/install/messages/share/messages/hook/ld_library_path_lib.sh'
[4.213s] Level 1:colcon.colcon_core.environment:checking '/home/amd/Downloads/GC/install/messages/bin'
[4.214s] Level 1:colcon.colcon_core.environment:checking '/home/amd/Downloads/GC/install/messages/lib/pkgconfig/messages.pc'
[4.214s] Level 1:colcon.colcon_core.environment:checking '/home/amd/Downloads/GC/install/messages/lib/python3.8/site-packages'
[4.215s] Level 1:colcon.colcon_core.shell:create_environment_hook('messages', 'pythonpath')
[4.217s] INFO:colcon.colcon_core.shell:Creating environment hook '/home/amd/Downloads/GC/install/messages/share/messages/hook/pythonpath.ps1'
[4.218s] INFO:colcon.colcon_core.shell:Creating environment descriptor '/home/amd/Downloads/GC/install/messages/share/messages/hook/pythonpath.dsv'
[4.219s] INFO:colcon.colcon_core.shell:Creating environment hook '/home/amd/Downloads/GC/install/messages/share/messages/hook/pythonpath.sh'
[4.224s] INFO:colcon.colcon_core.shell:Creating package script '/home/amd/Downloads/GC/install/messages/share/messages/package.ps1'
[4.226s] INFO:colcon.colcon_core.shell:Creating package descriptor '/home/amd/Downloads/GC/install/messages/share/messages/package.dsv'
[4.229s] INFO:colcon.colcon_core.shell:Creating package script '/home/amd/Downloads/GC/install/messages/share/messages/package.sh'
[4.231s] INFO:colcon.colcon_core.shell:Creating package script '/home/amd/Downloads/GC/install/messages/share/messages/package.bash'
[4.234s] INFO:colcon.colcon_core.shell:Creating package script '/home/amd/Downloads/GC/install/messages/share/messages/package.zsh'
[4.235s] Level 1:colcon.colcon_core.environment:create_file_with_runtime_dependencies(/home/amd/Downloads/GC/install/messages/share/colcon-core/packages/messages)
[4.384s] Level 1:colcon.colcon_core.environment:create_environment_scripts_only(messages)
[4.387s] Level 1:colcon.colcon_core.environment:checking '/home/amd/Downloads/GC/install/messages' for CMake module files
[4.389s] Level 1:colcon.colcon_core.environment:checking '/home/amd/Downloads/GC/install/messages' for CMake config files
[4.390s] Level 1:colcon.colcon_core.shell:create_environment_hook('messages', 'cmake_prefix_path')
[4.393s] INFO:colcon.colcon_core.shell:Creating environment hook '/home/amd/Downloads/GC/install/messages/share/messages/hook/cmake_prefix_path.ps1'
[4.398s] INFO:colcon.colcon_core.shell:Creating environment descriptor '/home/amd/Downloads/GC/install/messages/share/messages/hook/cmake_prefix_path.dsv'
[4.400s] INFO:colcon.colcon_core.shell:Creating environment hook '/home/amd/Downloads/GC/install/messages/share/messages/hook/cmake_prefix_path.sh'
[4.404s] Level 1:colcon.colcon_core.environment:checking '/home/amd/Downloads/GC/install/messages/lib'
[4.404s] Level 1:colcon.colcon_core.shell:create_environment_hook('messages', 'ld_library_path_lib')
[4.406s] INFO:colcon.colcon_core.shell:Creating environment hook '/home/amd/Downloads/GC/install/messages/share/messages/hook/ld_library_path_lib.ps1'
[4.407s] INFO:colcon.colcon_core.shell:Creating environment descriptor '/home/amd/Downloads/GC/install/messages/share/messages/hook/ld_library_path_lib.dsv'
[4.408s] INFO:colcon.colcon_core.shell:Creating environment hook '/home/amd/Downloads/GC/install/messages/share/messages/hook/ld_library_path_lib.sh'
[4.409s] Level 1:colcon.colcon_core.environment:checking '/home/amd/Downloads/GC/install/messages/bin'
[4.410s] Level 1:colcon.colcon_core.environment:checking '/home/amd/Downloads/GC/install/messages/lib/pkgconfig/messages.pc'
[4.410s] Level 1:colcon.colcon_core.environment:checking '/home/amd/Downloads/GC/install/messages/lib/python3.8/site-packages'
[4.410s] Level 1:colcon.colcon_core.shell:create_environment_hook('messages', 'pythonpath')
[4.412s] INFO:colcon.colcon_core.shell:Creating environment hook '/home/amd/Downloads/GC/install/messages/share/messages/hook/pythonpath.ps1'
[4.413s] INFO:colcon.colcon_core.shell:Creating environment descriptor '/home/amd/Downloads/GC/install/messages/share/messages/hook/pythonpath.dsv'
[4.414s] INFO:colcon.colcon_core.shell:Creating environment hook '/home/amd/Downloads/GC/install/messages/share/messages/hook/pythonpath.sh'
[4.418s] INFO:colcon.colcon_core.shell:Creating package script '/home/amd/Downloads/GC/install/messages/share/messages/package.ps1'
[4.420s] INFO:colcon.colcon_core.shell:Creating package descriptor '/home/amd/Downloads/GC/install/messages/share/messages/package.dsv'
[4.423s] INFO:colcon.colcon_core.shell:Creating package script '/home/amd/Downloads/GC/install/messages/share/messages/package.sh'
[4.431s] INFO:colcon.colcon_core.shell:Creating package script '/home/amd/Downloads/GC/install/messages/share/messages/package.bash'
[4.432s] INFO:colcon.colcon_core.shell:Creating package script '/home/amd/Downloads/GC/install/messages/share/messages/package.zsh'
[4.433s] Level 1:colcon.colcon_core.environment:create_file_with_runtime_dependencies(/home/amd/Downloads/GC/install/messages/share/colcon-core/packages/messages)
[4.434s] DEBUG:colcon.colcon_parallel_executor.executor.parallel:closing loop
[4.435s] DEBUG:colcon.colcon_parallel_executor.executor.parallel:loop closed
[4.436s] DEBUG:colcon.colcon_parallel_executor.executor.parallel:run_until_complete finished with '0'
[4.436s] DEBUG:colcon.colcon_core.event_reactor:joining thread
[4.466s] INFO:colcon.colcon_core.plugin_system:Skipping extension 'colcon_notification.desktop_notification.terminal_notifier': Not used on non-Darwin systems
[4.468s] INFO:colcon.colcon_core.plugin_system:Skipping extension 'colcon_notification.desktop_notification.win32': Not used on non-Windows systems
[4.468s] INFO:colcon.colcon_notification.desktop_notification:Sending desktop notification using 'notify2'
[4.520s] DEBUG:colcon.colcon_core.event_reactor:joined thread
[4.522s] INFO:colcon.colcon_core.shell:Creating prefix script '/home/amd/Downloads/GC/install/local_setup.ps1'
[4.525s] INFO:colcon.colcon_core.shell:Creating prefix util module '/home/amd/Downloads/GC/install/_local_setup_util_ps1.py'
[4.528s] INFO:colcon.colcon_core.shell:Creating prefix chain script '/home/amd/Downloads/GC/install/setup.ps1'
[4.533s] INFO:colcon.colcon_core.shell:Creating prefix script '/home/amd/Downloads/GC/install/local_setup.sh'
[4.535s] INFO:colcon.colcon_core.shell:Creating prefix util module '/home/amd/Downloads/GC/install/_local_setup_util_sh.py'
[4.537s] INFO:colcon.colcon_core.shell:Creating prefix chain script '/home/amd/Downloads/GC/install/setup.sh'
[4.544s] INFO:colcon.colcon_core.shell:Creating prefix script '/home/amd/Downloads/GC/install/local_setup.bash'
[4.545s] INFO:colcon.colcon_core.shell:Creating prefix chain script '/home/amd/Downloads/GC/install/setup.bash'
[4.550s] INFO:colcon.colcon_core.shell:Creating prefix script '/home/amd/Downloads/GC/install/local_setup.zsh'
[4.551s] INFO:colcon.colcon_core.shell:Creating prefix chain script '/home/amd/Downloads/GC/install/setup.zsh'
