-- The C compiler identification is GNU 9.4.0
-- The CXX compiler identification is GNU 9.4.0
-- Check for working C compiler: /usr/bin/cc
-- Check for working C compiler: /usr/bin/cc -- works
-- Detecting C compiler ABI info
-- Detecting C compiler ABI info - done
-- Detecting C compile features
-- Detecting C compile features - done
-- Check for working CXX compiler: /usr/bin/c++
-- Check for working CXX compiler: /usr/bin/c++ -- works
-- Detecting CXX compiler ABI info
-- Detecting CXX compiler ABI info - done
-- Detecting CXX compile features
-- Detecting CXX compile features - done
-- Found ament_cmake: 0.9.9 (/opt/ros/foxy/share/ament_cmake/cmake)
-- Found PythonInterp: /usr/bin/python3 (found suitable version "3.8.10", minimum required is "3") 
-- Using PYTHON_EXECUTABLE: /usr/bin/python3
-- Override CMake install command with custom implementation using symlinks instead of copying resources
-- Found builtin_interfaces: 1.0.0 (/opt/ros/foxy/share/builtin_interfaces/cmake)
-- Using all available rosidl_typesupport_c: rosidl_typesupport_fastrtps_c;rosidl_typesupport_introspection_c
-- Found rosidl_adapter: 1.2.1 (/opt/ros/foxy/share/rosidl_adapter/cmake)
-- Found OpenSSL: /usr/lib/x86_64-linux-gnu/libcrypto.so (found version "1.1.1f")  
-- Found FastRTPS: /opt/ros/foxy/include  
-- Using all available rosidl_typesupport_cpp: rosidl_typesupport_fastrtps_cpp;rosidl_typesupport_introspection_cpp
-- Found rosidl_default_generators: 1.0.1 (/opt/ros/foxy/share/rosidl_default_generators/cmake)
-- Found std_msgs: 2.0.5 (/opt/ros/foxy/share/std_msgs/cmake)
-- Found PythonInterp: /usr/bin/python3 (found version "3.8.10") 
-- Found ament_cmake_ros: 0.9.2 (/opt/ros/foxy/share/ament_cmake_ros/cmake)
-- Using all available rosidl_typesupport_c: rosidl_typesupport_fastrtps_c;rosidl_typesupport_introspection_c
-- Using all available rosidl_typesupport_cpp: rosidl_typesupport_fastrtps_cpp;rosidl_typesupport_introspection_cpp
-- Found PythonInterp: /usr/bin/python3 (found suitable version "3.8.10", minimum required is "3.5") 
-- Found python_cmake_module: 0.8.1 (/opt/ros/foxy/share/python_cmake_module/cmake)
-- Found PythonLibs: /usr/lib/x86_64-linux-gnu/libpython3.8.so (found suitable version "3.8.10", minimum required is "3.5") 
-- Using PYTHON_EXECUTABLE: /usr/bin/python3
-- Using PYTHON_INCLUDE_DIRS: /usr/include/python3.8
-- Using PYTHON_LIBRARIES: /usr/lib/x86_64-linux-gnu/libpython3.8.so
-- Found PythonExtra: .so  
-- Configuring done
-- Generating done
-- Build files have been written to: /home/robofei/ROS2/vision_pkg/build/custom_interfaces
[35m[1mScanning dependencies of target custom_interfaces__cpp[0m
[  1%] [34m[1mGenerating C code for ROS interfaces[0m
[  3%] [34m[1mGenerating C++ code for ROS interfaces[0m
[  3%] Built target custom_interfaces__cpp
[  5%] [34m[1mGenerating C++ type support dispatch for ROS interfaces[0m
[  7%] [34m[1mGenerating C++ introspection for ROS interfaces[0m
[  9%] [34m[1mGenerating C++ type support for eProsima Fast-RTPS[0m
[35m[1mScanning dependencies of target custom_interfaces__rosidl_generator_c[0m
[ 10%] [32mBuilding C object CMakeFiles/custom_interfaces__rosidl_generator_c.dir/rosidl_generator_c/custom_interfaces/msg/detail/set_position__functions.c.o[0m
[ 12%] [32mBuilding C object CMakeFiles/custom_interfaces__rosidl_generator_c.dir/rosidl_generator_c/custom_interfaces/msg/detail/decision__functions.c.o[0m
[ 14%] [32mBuilding C object CMakeFiles/custom_interfaces__rosidl_generator_c.dir/rosidl_generator_c/custom_interfaces/msg/detail/vision__functions.c.o[0m
[ 16%] [32mBuilding C object CMakeFiles/custom_interfaces__rosidl_generator_c.dir/rosidl_generator_c/custom_interfaces/msg/detail/humanoid_league_msgs__functions.c.o[0m
[ 18%] [32m[1mLinking C shared library libcustom_interfaces__rosidl_generator_c.so[0m
[ 18%] Built target custom_interfaces__rosidl_generator_c
[ 20%] [34m[1mGenerating C type support dispatch for ROS interfaces[0m
[35m[1mScanning dependencies of target custom_interfaces__rosidl_typesupport_cpp[0m
[ 21%] [32mBuilding CXX object CMakeFiles/custom_interfaces__rosidl_typesupport_cpp.dir/rosidl_typesupport_cpp/custom_interfaces/msg/set_position__type_support.cpp.o[0m
[35m[1mScanning dependencies of target custom_interfaces__rosidl_typesupport_introspection_cpp[0m
[ 23%] [32mBuilding CXX object CMakeFiles/custom_interfaces__rosidl_typesupport_introspection_cpp.dir/rosidl_typesupport_introspection_cpp/custom_interfaces/msg/detail/set_position__type_support.cpp.o[0m
[35m[1mScanning dependencies of target custom_interfaces__rosidl_typesupport_fastrtps_cpp[0m
[ 25%] [32mBuilding CXX object CMakeFiles/custom_interfaces__rosidl_typesupport_fastrtps_cpp.dir/rosidl_typesupport_fastrtps_cpp/custom_interfaces/msg/detail/dds_fastrtps/set_position__type_support.cpp.o[0m
[35m[1mScanning dependencies of target custom_interfaces__rosidl_typesupport_c[0m
[ 27%] [32mBuilding CXX object CMakeFiles/custom_interfaces__rosidl_typesupport_c.dir/rosidl_typesupport_c/custom_interfaces/msg/set_position__type_support.cpp.o[0m
[ 29%] [32mBuilding CXX object CMakeFiles/custom_interfaces__rosidl_typesupport_c.dir/rosidl_typesupport_c/custom_interfaces/msg/decision__type_support.cpp.o[0m
[ 30%] [32mBuilding CXX object CMakeFiles/custom_interfaces__rosidl_typesupport_c.dir/rosidl_typesupport_c/custom_interfaces/msg/vision__type_support.cpp.o[0m
[ 32%] [32mBuilding CXX object CMakeFiles/custom_interfaces__rosidl_typesupport_cpp.dir/rosidl_typesupport_cpp/custom_interfaces/msg/decision__type_support.cpp.o[0m
[ 34%] [32mBuilding CXX object CMakeFiles/custom_interfaces__rosidl_typesupport_c.dir/rosidl_typesupport_c/custom_interfaces/msg/humanoid_league_msgs__type_support.cpp.o[0m
[ 36%] [32m[1mLinking CXX shared library libcustom_interfaces__rosidl_typesupport_c.so[0m
[ 36%] Built target custom_interfaces__rosidl_typesupport_c
[ 38%] [32mBuilding CXX object CMakeFiles/custom_interfaces__rosidl_typesupport_fastrtps_cpp.dir/rosidl_typesupport_fastrtps_cpp/custom_interfaces/msg/detail/dds_fastrtps/decision__type_support.cpp.o[0m
[ 40%] [32mBuilding CXX object CMakeFiles/custom_interfaces__rosidl_typesupport_introspection_cpp.dir/rosidl_typesupport_introspection_cpp/custom_interfaces/msg/detail/decision__type_support.cpp.o[0m
[ 41%] [32mBuilding CXX object CMakeFiles/custom_interfaces__rosidl_typesupport_cpp.dir/rosidl_typesupport_cpp/custom_interfaces/msg/vision__type_support.cpp.o[0m
[ 43%] [32mBuilding CXX object CMakeFiles/custom_interfaces__rosidl_typesupport_fastrtps_cpp.dir/rosidl_typesupport_fastrtps_cpp/custom_interfaces/msg/detail/dds_fastrtps/vision__type_support.cpp.o[0m
[ 45%] [32mBuilding CXX object CMakeFiles/custom_interfaces__rosidl_typesupport_introspection_cpp.dir/rosidl_typesupport_introspection_cpp/custom_interfaces/msg/detail/vision__type_support.cpp.o[0m
[ 47%] [32mBuilding CXX object CMakeFiles/custom_interfaces__rosidl_typesupport_fastrtps_cpp.dir/rosidl_typesupport_fastrtps_cpp/custom_interfaces/msg/detail/dds_fastrtps/humanoid_league_msgs__type_support.cpp.o[0m
[ 49%] [32mBuilding CXX object CMakeFiles/custom_interfaces__rosidl_typesupport_cpp.dir/rosidl_typesupport_cpp/custom_interfaces/msg/humanoid_league_msgs__type_support.cpp.o[0m
[ 50%] [32mBuilding CXX object CMakeFiles/custom_interfaces__rosidl_typesupport_introspection_cpp.dir/rosidl_typesupport_introspection_cpp/custom_interfaces/msg/detail/humanoid_league_msgs__type_support.cpp.o[0m
[ 52%] [34m[1mGenerating C introspection for ROS interfaces[0m
[ 54%] [32m[1mLinking CXX shared library libcustom_interfaces__rosidl_typesupport_cpp.so[0m
[ 54%] Built target custom_interfaces__rosidl_typesupport_cpp
[ 56%] [32m[1mLinking CXX shared library libcustom_interfaces__rosidl_typesupport_fastrtps_cpp.so[0m
[ 56%] Built target custom_interfaces__rosidl_typesupport_fastrtps_cpp
[ 58%] [34m[1mGenerating C type support for eProsima Fast-RTPS[0m
[ 60%] [32m[1mLinking CXX shared library libcustom_interfaces__rosidl_typesupport_introspection_cpp.so[0m
[ 60%] Built target custom_interfaces__rosidl_typesupport_introspection_cpp
[35m[1mScanning dependencies of target custom_interfaces__rosidl_typesupport_introspection_c[0m
[ 61%] [32mBuilding C object CMakeFiles/custom_interfaces__rosidl_typesupport_introspection_c.dir/rosidl_typesupport_introspection_c/custom_interfaces/msg/detail/decision__type_support.c.o[0m
[ 63%] [32mBuilding C object CMakeFiles/custom_interfaces__rosidl_typesupport_introspection_c.dir/rosidl_typesupport_introspection_c/custom_interfaces/msg/detail/set_position__type_support.c.o[0m
[ 65%] [32mBuilding C object CMakeFiles/custom_interfaces__rosidl_typesupport_introspection_c.dir/rosidl_typesupport_introspection_c/custom_interfaces/msg/detail/vision__type_support.c.o[0m
[ 67%] [32mBuilding C object CMakeFiles/custom_interfaces__rosidl_typesupport_introspection_c.dir/rosidl_typesupport_introspection_c/custom_interfaces/msg/detail/humanoid_league_msgs__type_support.c.o[0m
[ 69%] [32m[1mLinking C shared library libcustom_interfaces__rosidl_typesupport_introspection_c.so[0m
[ 69%] Built target custom_interfaces__rosidl_typesupport_introspection_c
[35m[1mScanning dependencies of target custom_interfaces__rosidl_typesupport_fastrtps_c[0m
[ 70%] [32mBuilding CXX object CMakeFiles/custom_interfaces__rosidl_typesupport_fastrtps_c.dir/rosidl_typesupport_fastrtps_c/custom_interfaces/msg/detail/set_position__type_support_c.cpp.o[0m
[ 74%] [32mBuilding CXX object CMakeFiles/custom_interfaces__rosidl_typesupport_fastrtps_c.dir/rosidl_typesupport_fastrtps_c/custom_interfaces/msg/detail/vision__type_support_c.cpp.o[0m
[ 74%] [32mBuilding CXX object CMakeFiles/custom_interfaces__rosidl_typesupport_fastrtps_c.dir/rosidl_typesupport_fastrtps_c/custom_interfaces/msg/detail/decision__type_support_c.cpp.o[0m
[ 76%] [32mBuilding CXX object CMakeFiles/custom_interfaces__rosidl_typesupport_fastrtps_c.dir/rosidl_typesupport_fastrtps_c/custom_interfaces/msg/detail/humanoid_league_msgs__type_support_c.cpp.o[0m
[ 78%] [32m[1mLinking CXX shared library libcustom_interfaces__rosidl_typesupport_fastrtps_c.so[0m
[ 78%] Built target custom_interfaces__rosidl_typesupport_fastrtps_c
[35m[1mScanning dependencies of target custom_interfaces[0m
[ 78%] Built target custom_interfaces
[35m[1mScanning dependencies of target custom_interfaces__py[0m
[ 80%] [34m[1mGenerating Python code for ROS interfaces[0m
[ 80%] Built target custom_interfaces__py
[35m[1mScanning dependencies of target custom_interfaces__python[0m
[ 81%] [32mBuilding C object CMakeFiles/custom_interfaces__python.dir/rosidl_generator_py/custom_interfaces/msg/_decision_s.c.o[0m
[ 85%] [32mBuilding C object CMakeFiles/custom_interfaces__python.dir/rosidl_generator_py/custom_interfaces/msg/_set_position_s.c.o[0m
[ 85%] [32mBuilding C object CMakeFiles/custom_interfaces__python.dir/rosidl_generator_py/custom_interfaces/msg/_vision_s.c.o[0m
[ 87%] [32mBuilding C object CMakeFiles/custom_interfaces__python.dir/rosidl_generator_py/custom_interfaces/msg/_humanoid_league_msgs_s.c.o[0m
[ 89%] [32m[1mLinking C shared library rosidl_generator_py/custom_interfaces/libcustom_interfaces__python.so[0m
[ 89%] Built target custom_interfaces__python
[35m[1mScanning dependencies of target custom_interfaces__rosidl_typesupport_fastrtps_c__pyext[0m
[35m[1mScanning dependencies of target custom_interfaces__rosidl_typesupport_c__pyext[0m
[35m[1mScanning dependencies of target custom_interfaces__rosidl_typesupport_introspection_c__pyext[0m
[ 90%] [32mBuilding C object CMakeFiles/custom_interfaces__rosidl_typesupport_fastrtps_c__pyext.dir/rosidl_generator_py/custom_interfaces/_custom_interfaces_s.ep.rosidl_typesupport_fastrtps_c.c.o[0m
[ 92%] [32mBuilding C object CMakeFiles/custom_interfaces__rosidl_typesupport_introspection_c__pyext.dir/rosidl_generator_py/custom_interfaces/_custom_interfaces_s.ep.rosidl_typesupport_introspection_c.c.o[0m
[ 94%] [32mBuilding C object CMakeFiles/custom_interfaces__rosidl_typesupport_c__pyext.dir/rosidl_generator_py/custom_interfaces/_custom_interfaces_s.ep.rosidl_typesupport_c.c.o[0m
[ 96%] [32m[1mLinking C shared library rosidl_generator_py/custom_interfaces/custom_interfaces_s__rosidl_typesupport_c.cpython-38-x86_64-linux-gnu.so[0m
[ 98%] [32m[1mLinking C shared library rosidl_generator_py/custom_interfaces/custom_interfaces_s__rosidl_typesupport_introspection_c.cpython-38-x86_64-linux-gnu.so[0m
[100%] [32m[1mLinking CXX shared library rosidl_generator_py/custom_interfaces/custom_interfaces_s__rosidl_typesupport_fastrtps_c.cpython-38-x86_64-linux-gnu.so[0m
[100%] Built target custom_interfaces__rosidl_typesupport_c__pyext
[100%] Built target custom_interfaces__rosidl_typesupport_introspection_c__pyext
[100%] Built target custom_interfaces__rosidl_typesupport_fastrtps_c__pyext
-- Install configuration: ""
-- Execute custom install script
-- Symlinking: /home/robofei/ROS2/vision_pkg/install/custom_interfaces/share/ament_index/resource_index/rosidl_interfaces/custom_interfaces
-- Symlinking: /home/robofei/ROS2/vision_pkg/install/custom_interfaces/include/custom_interfaces/msg/decision.h
-- Symlinking: /home/robofei/ROS2/vision_pkg/install/custom_interfaces/include/custom_interfaces/msg/detail/decision__functions.h
-- Symlinking: /home/robofei/ROS2/vision_pkg/install/custom_interfaces/include/custom_interfaces/msg/detail/decision__struct.h
-- Symlinking: /home/robofei/ROS2/vision_pkg/install/custom_interfaces/include/custom_interfaces/msg/detail/decision__type_support.h
-- Symlinking: /home/robofei/ROS2/vision_pkg/install/custom_interfaces/include/custom_interfaces/msg/detail/humanoid_league_msgs__functions.h
-- Symlinking: /home/robofei/ROS2/vision_pkg/install/custom_interfaces/include/custom_interfaces/msg/detail/humanoid_league_msgs__struct.h
-- Symlinking: /home/robofei/ROS2/vision_pkg/install/custom_interfaces/include/custom_interfaces/msg/detail/humanoid_league_msgs__type_support.h
-- Symlinking: /home/robofei/ROS2/vision_pkg/install/custom_interfaces/include/custom_interfaces/msg/detail/set_position__functions.h
-- Symlinking: /home/robofei/ROS2/vision_pkg/install/custom_interfaces/include/custom_interfaces/msg/detail/set_position__struct.h
-- Symlinking: /home/robofei/ROS2/vision_pkg/install/custom_interfaces/include/custom_interfaces/msg/detail/set_position__type_support.h
-- Symlinking: /home/robofei/ROS2/vision_pkg/install/custom_interfaces/include/custom_interfaces/msg/detail/vision__functions.h
-- Symlinking: /home/robofei/ROS2/vision_pkg/install/custom_interfaces/include/custom_interfaces/msg/detail/vision__struct.h
-- Symlinking: /home/robofei/ROS2/vision_pkg/install/custom_interfaces/include/custom_interfaces/msg/detail/vision__type_support.h
-- Symlinking: /home/robofei/ROS2/vision_pkg/install/custom_interfaces/include/custom_interfaces/msg/humanoid_league_msgs.h
-- Symlinking: /home/robofei/ROS2/vision_pkg/install/custom_interfaces/include/custom_interfaces/msg/rosidl_generator_c__visibility_control.h
-- Symlinking: /home/robofei/ROS2/vision_pkg/install/custom_interfaces/include/custom_interfaces/msg/set_position.h
-- Symlinking: /home/robofei/ROS2/vision_pkg/install/custom_interfaces/include/custom_interfaces/msg/vision.h
-- Symlinking: /home/robofei/ROS2/vision_pkg/install/custom_interfaces/share/custom_interfaces/environment/library_path.sh
-- Symlinking: /home/robofei/ROS2/vision_pkg/install/custom_interfaces/share/custom_interfaces/environment/library_path.dsv
-- Symlinking: /home/robofei/ROS2/vision_pkg/install/custom_interfaces/include/custom_interfaces/msg/detail/decision__rosidl_typesupport_fastrtps_c.h
-- Symlinking: /home/robofei/ROS2/vision_pkg/install/custom_interfaces/include/custom_interfaces/msg/detail/humanoid_league_msgs__rosidl_typesupport_fastrtps_c.h
-- Symlinking: /home/robofei/ROS2/vision_pkg/install/custom_interfaces/include/custom_interfaces/msg/detail/set_position__rosidl_typesupport_fastrtps_c.h
-- Symlinking: /home/robofei/ROS2/vision_pkg/install/custom_interfaces/include/custom_interfaces/msg/detail/vision__rosidl_typesupport_fastrtps_c.h
-- Symlinking: /home/robofei/ROS2/vision_pkg/install/custom_interfaces/include/custom_interfaces/msg/rosidl_typesupport_fastrtps_c__visibility_control.h
-- Symlinking: /home/robofei/ROS2/vision_pkg/install/custom_interfaces/lib/libcustom_interfaces__rosidl_typesupport_fastrtps_c.so
-- Symlinking: /home/robofei/ROS2/vision_pkg/install/custom_interfaces/include/custom_interfaces/msg/detail/decision__rosidl_typesupport_fastrtps_cpp.hpp
-- Symlinking: /home/robofei/ROS2/vision_pkg/install/custom_interfaces/include/custom_interfaces/msg/detail/humanoid_league_msgs__rosidl_typesupport_fastrtps_cpp.hpp
-- Symlinking: /home/robofei/ROS2/vision_pkg/install/custom_interfaces/include/custom_interfaces/msg/detail/set_position__rosidl_typesupport_fastrtps_cpp.hpp
-- Symlinking: /home/robofei/ROS2/vision_pkg/install/custom_interfaces/include/custom_interfaces/msg/detail/vision__rosidl_typesupport_fastrtps_cpp.hpp
-- Symlinking: /home/robofei/ROS2/vision_pkg/install/custom_interfaces/include/custom_interfaces/msg/rosidl_typesupport_fastrtps_cpp__visibility_control.h
-- Symlinking: /home/robofei/ROS2/vision_pkg/install/custom_interfaces/lib/libcustom_interfaces__rosidl_typesupport_fastrtps_cpp.so
-- Symlinking: /home/robofei/ROS2/vision_pkg/install/custom_interfaces/include/custom_interfaces/msg/detail/decision__rosidl_typesupport_introspection_c.h
-- Symlinking: /home/robofei/ROS2/vision_pkg/install/custom_interfaces/include/custom_interfaces/msg/detail/humanoid_league_msgs__rosidl_typesupport_introspection_c.h
-- Symlinking: /home/robofei/ROS2/vision_pkg/install/custom_interfaces/include/custom_interfaces/msg/detail/set_position__rosidl_typesupport_introspection_c.h
-- Symlinking: /home/robofei/ROS2/vision_pkg/install/custom_interfaces/include/custom_interfaces/msg/detail/vision__rosidl_typesupport_introspection_c.h
-- Symlinking: /home/robofei/ROS2/vision_pkg/install/custom_interfaces/include/custom_interfaces/msg/rosidl_typesupport_introspection_c__visibility_control.h
-- Symlinking: /home/robofei/ROS2/vision_pkg/install/custom_interfaces/include/custom_interfaces/msg/decision.hpp
-- Symlinking: /home/robofei/ROS2/vision_pkg/install/custom_interfaces/include/custom_interfaces/msg/detail/decision__builder.hpp
-- Symlinking: /home/robofei/ROS2/vision_pkg/install/custom_interfaces/include/custom_interfaces/msg/detail/decision__struct.hpp
-- Symlinking: /home/robofei/ROS2/vision_pkg/install/custom_interfaces/include/custom_interfaces/msg/detail/decision__traits.hpp
-- Symlinking: /home/robofei/ROS2/vision_pkg/install/custom_interfaces/include/custom_interfaces/msg/detail/humanoid_league_msgs__builder.hpp
-- Symlinking: /home/robofei/ROS2/vision_pkg/install/custom_interfaces/include/custom_interfaces/msg/detail/humanoid_league_msgs__struct.hpp
-- Symlinking: /home/robofei/ROS2/vision_pkg/install/custom_interfaces/include/custom_interfaces/msg/detail/humanoid_league_msgs__traits.hpp
-- Symlinking: /home/robofei/ROS2/vision_pkg/install/custom_interfaces/include/custom_interfaces/msg/detail/set_position__builder.hpp
-- Symlinking: /home/robofei/ROS2/vision_pkg/install/custom_interfaces/include/custom_interfaces/msg/detail/set_position__struct.hpp
-- Symlinking: /home/robofei/ROS2/vision_pkg/install/custom_interfaces/include/custom_interfaces/msg/detail/set_position__traits.hpp
-- Symlinking: /home/robofei/ROS2/vision_pkg/install/custom_interfaces/include/custom_interfaces/msg/detail/vision__builder.hpp
-- Symlinking: /home/robofei/ROS2/vision_pkg/install/custom_interfaces/include/custom_interfaces/msg/detail/vision__struct.hpp
-- Symlinking: /home/robofei/ROS2/vision_pkg/install/custom_interfaces/include/custom_interfaces/msg/detail/vision__traits.hpp
-- Symlinking: /home/robofei/ROS2/vision_pkg/install/custom_interfaces/include/custom_interfaces/msg/humanoid_league_msgs.hpp
-- Symlinking: /home/robofei/ROS2/vision_pkg/install/custom_interfaces/include/custom_interfaces/msg/set_position.hpp
-- Symlinking: /home/robofei/ROS2/vision_pkg/install/custom_interfaces/include/custom_interfaces/msg/vision.hpp
-- Symlinking: /home/robofei/ROS2/vision_pkg/install/custom_interfaces/include/custom_interfaces/msg/detail/decision__rosidl_typesupport_introspection_cpp.hpp
-- Symlinking: /home/robofei/ROS2/vision_pkg/install/custom_interfaces/include/custom_interfaces/msg/detail/humanoid_league_msgs__rosidl_typesupport_introspection_cpp.hpp
-- Symlinking: /home/robofei/ROS2/vision_pkg/install/custom_interfaces/include/custom_interfaces/msg/detail/set_position__rosidl_typesupport_introspection_cpp.hpp
-- Symlinking: /home/robofei/ROS2/vision_pkg/install/custom_interfaces/include/custom_interfaces/msg/detail/vision__rosidl_typesupport_introspection_cpp.hpp
-- Symlinking: /home/robofei/ROS2/vision_pkg/install/custom_interfaces/share/custom_interfaces/environment/pythonpath.sh
-- Symlinking: /home/robofei/ROS2/vision_pkg/install/custom_interfaces/share/custom_interfaces/environment/pythonpath.dsv
-- Symlinking: /home/robofei/ROS2/vision_pkg/install/custom_interfaces/lib/python3.8/site-packages/custom_interfaces/__init__.py
-- Symlinking: /home/robofei/ROS2/vision_pkg/install/custom_interfaces/lib/python3.8/site-packages/custom_interfaces/msg/__init__.py
-- Symlinking: /home/robofei/ROS2/vision_pkg/install/custom_interfaces/lib/python3.8/site-packages/custom_interfaces/msg/_decision.py
-- Symlinking: /home/robofei/ROS2/vision_pkg/install/custom_interfaces/lib/python3.8/site-packages/custom_interfaces/msg/_humanoid_league_msgs.py
-- Symlinking: /home/robofei/ROS2/vision_pkg/install/custom_interfaces/lib/python3.8/site-packages/custom_interfaces/msg/_set_position.py
-- Symlinking: /home/robofei/ROS2/vision_pkg/install/custom_interfaces/lib/python3.8/site-packages/custom_interfaces/msg/_vision.py
-- Symlinking: /home/robofei/ROS2/vision_pkg/install/custom_interfaces/lib/python3.8/site-packages/custom_interfaces/custom_interfaces_s__rosidl_typesupport_fastrtps_c.cpython-38-x86_64-linux-gnu.so
-- Symlinking: /home/robofei/ROS2/vision_pkg/install/custom_interfaces/lib/python3.8/site-packages/custom_interfaces/custom_interfaces_s__rosidl_typesupport_introspection_c.cpython-38-x86_64-linux-gnu.so
-- Symlinking: /home/robofei/ROS2/vision_pkg/install/custom_interfaces/lib/python3.8/site-packages/custom_interfaces/custom_interfaces_s__rosidl_typesupport_c.cpython-38-x86_64-linux-gnu.so
-- Symlinking: /home/robofei/ROS2/vision_pkg/install/custom_interfaces/lib/libcustom_interfaces__python.so
-- Symlinking: /home/robofei/ROS2/vision_pkg/install/custom_interfaces/share/custom_interfaces/msg/SetPosition.idl
-- Symlinking: /home/robofei/ROS2/vision_pkg/install/custom_interfaces/share/custom_interfaces/msg/Decision.idl
-- Symlinking: /home/robofei/ROS2/vision_pkg/install/custom_interfaces/share/custom_interfaces/msg/Vision.idl
-- Symlinking: /home/robofei/ROS2/vision_pkg/install/custom_interfaces/share/custom_interfaces/msg/HumanoidLeagueMsgs.idl
-- Symlinking: /home/robofei/ROS2/vision_pkg/install/custom_interfaces/share/custom_interfaces/msg/SetPosition.msg
-- Symlinking: /home/robofei/ROS2/vision_pkg/install/custom_interfaces/share/custom_interfaces/msg/Decision.msg
-- Symlinking: /home/robofei/ROS2/vision_pkg/install/custom_interfaces/share/custom_interfaces/msg/Vision.msg
-- Symlinking: /home/robofei/ROS2/vision_pkg/install/custom_interfaces/share/custom_interfaces/msg/HumanoidLeagueMsgs.msg
-- Symlinking: /home/robofei/ROS2/vision_pkg/install/custom_interfaces/share/ament_index/resource_index/package_run_dependencies/custom_interfaces
-- Symlinking: /home/robofei/ROS2/vision_pkg/install/custom_interfaces/share/ament_index/resource_index/parent_prefix_path/custom_interfaces
-- Symlinking: /home/robofei/ROS2/vision_pkg/install/custom_interfaces/share/custom_interfaces/environment/ament_prefix_path.sh
-- Symlinking: /home/robofei/ROS2/vision_pkg/install/custom_interfaces/share/custom_interfaces/environment/ament_prefix_path.dsv
-- Symlinking: /home/robofei/ROS2/vision_pkg/install/custom_interfaces/share/custom_interfaces/environment/path.sh
-- Symlinking: /home/robofei/ROS2/vision_pkg/install/custom_interfaces/share/custom_interfaces/environment/path.dsv
-- Symlinking: /home/robofei/ROS2/vision_pkg/install/custom_interfaces/share/custom_interfaces/local_setup.bash
-- Symlinking: /home/robofei/ROS2/vision_pkg/install/custom_interfaces/share/custom_interfaces/local_setup.sh
-- Symlinking: /home/robofei/ROS2/vision_pkg/install/custom_interfaces/share/custom_interfaces/local_setup.zsh
-- Symlinking: /home/robofei/ROS2/vision_pkg/install/custom_interfaces/share/custom_interfaces/local_setup.dsv
-- Symlinking: /home/robofei/ROS2/vision_pkg/install/custom_interfaces/share/custom_interfaces/package.dsv
-- Symlinking: /home/robofei/ROS2/vision_pkg/install/custom_interfaces/share/ament_index/resource_index/packages/custom_interfaces
-- Symlinking: /home/robofei/ROS2/vision_pkg/install/custom_interfaces/share/custom_interfaces/cmake/rosidl_cmake-extras.cmake
-- Symlinking: /home/robofei/ROS2/vision_pkg/install/custom_interfaces/share/custom_interfaces/cmake/ament_cmake_export_dependencies-extras.cmake
-- Symlinking: /home/robofei/ROS2/vision_pkg/install/custom_interfaces/share/custom_interfaces/cmake/ament_cmake_export_libraries-extras.cmake
-- Symlinking: /home/robofei/ROS2/vision_pkg/install/custom_interfaces/share/custom_interfaces/cmake/ament_cmake_export_targets-extras.cmake
-- Symlinking: /home/robofei/ROS2/vision_pkg/install/custom_interfaces/share/custom_interfaces/cmake/ament_cmake_export_include_directories-extras.cmake
-- Symlinking: /home/robofei/ROS2/vision_pkg/install/custom_interfaces/share/custom_interfaces/cmake/rosidl_cmake_export_typesupport_libraries-extras.cmake
-- Symlinking: /home/robofei/ROS2/vision_pkg/install/custom_interfaces/share/custom_interfaces/cmake/rosidl_cmake_export_typesupport_targets-extras.cmake
-- Symlinking: /home/robofei/ROS2/vision_pkg/install/custom_interfaces/share/custom_interfaces/cmake/custom_interfacesConfig.cmake
-- Symlinking: /home/robofei/ROS2/vision_pkg/install/custom_interfaces/share/custom_interfaces/cmake/custom_interfacesConfig-version.cmake
-- Symlinking: /home/robofei/ROS2/vision_pkg/install/custom_interfaces/share/custom_interfaces/package.xml
-- Installing: /home/robofei/ROS2/vision_pkg/install/custom_interfaces/lib/libcustom_interfaces__rosidl_generator_c.so
-- Set runtime path of "/home/robofei/ROS2/vision_pkg/install/custom_interfaces/lib/libcustom_interfaces__rosidl_generator_c.so" to ""
-- Installing: /home/robofei/ROS2/vision_pkg/install/custom_interfaces/lib/libcustom_interfaces__rosidl_typesupport_introspection_c.so
-- Set runtime path of "/home/robofei/ROS2/vision_pkg/install/custom_interfaces/lib/libcustom_interfaces__rosidl_typesupport_introspection_c.so" to ""
-- Installing: /home/robofei/ROS2/vision_pkg/install/custom_interfaces/lib/libcustom_interfaces__rosidl_typesupport_c.so
-- Set runtime path of "/home/robofei/ROS2/vision_pkg/install/custom_interfaces/lib/libcustom_interfaces__rosidl_typesupport_c.so" to ""
-- Installing: /home/robofei/ROS2/vision_pkg/install/custom_interfaces/lib/libcustom_interfaces__rosidl_typesupport_introspection_cpp.so
-- Set runtime path of "/home/robofei/ROS2/vision_pkg/install/custom_interfaces/lib/libcustom_interfaces__rosidl_typesupport_introspection_cpp.so" to ""
-- Installing: /home/robofei/ROS2/vision_pkg/install/custom_interfaces/lib/libcustom_interfaces__rosidl_typesupport_cpp.so
-- Set runtime path of "/home/robofei/ROS2/vision_pkg/install/custom_interfaces/lib/libcustom_interfaces__rosidl_typesupport_cpp.so" to ""
Compiling '/home/robofei/ROS2/vision_pkg/install/custom_interfaces/lib/python3.8/site-packages/custom_interfaces/__init__.py'...
-- Installing: /home/robofei/ROS2/vision_pkg/install/custom_interfaces/share/custom_interfaces/cmake/custom_interfaces__rosidl_generator_cExport.cmake
-- Installing: /home/robofei/ROS2/vision_pkg/install/custom_interfaces/share/custom_interfaces/cmake/custom_interfaces__rosidl_generator_cExport-noconfig.cmake
-- Installing: /home/robofei/ROS2/vision_pkg/install/custom_interfaces/share/custom_interfaces/cmake/custom_interfaces__rosidl_typesupport_introspection_cExport.cmake
-- Installing: /home/robofei/ROS2/vision_pkg/install/custom_interfaces/share/custom_interfaces/cmake/custom_interfaces__rosidl_typesupport_introspection_cExport-noconfig.cmake
-- Installing: /home/robofei/ROS2/vision_pkg/install/custom_interfaces/share/custom_interfaces/cmake/custom_interfaces__rosidl_typesupport_cExport.cmake
-- Installing: /home/robofei/ROS2/vision_pkg/install/custom_interfaces/share/custom_interfaces/cmake/custom_interfaces__rosidl_typesupport_cExport-noconfig.cmake
-- Installing: /home/robofei/ROS2/vision_pkg/install/custom_interfaces/share/custom_interfaces/cmake/custom_interfaces__rosidl_generator_cppExport.cmake
-- Installing: /home/robofei/ROS2/vision_pkg/install/custom_interfaces/share/custom_interfaces/cmake/custom_interfaces__rosidl_typesupport_introspection_cppExport.cmake
-- Installing: /home/robofei/ROS2/vision_pkg/install/custom_interfaces/share/custom_interfaces/cmake/custom_interfaces__rosidl_typesupport_introspection_cppExport-noconfig.cmake
-- Installing: /home/robofei/ROS2/vision_pkg/install/custom_interfaces/share/custom_interfaces/cmake/custom_interfaces__rosidl_typesupport_cppExport.cmake
-- Installing: /home/robofei/ROS2/vision_pkg/install/custom_interfaces/share/custom_interfaces/cmake/custom_interfaces__rosidl_typesupport_cppExport-noconfig.cmake
