[0.047s] Invoking command in '/home/robofei/ROS2/vision_pkg/build/custom_interfaces': CMAKE_PREFIX_PATH=${CMAKE_PREFIX_PATH}:/home/robofei/ROS2/vision_pkg/install/vision_pkg:/opt/ros/foxy /usr/bin/cmake /home/robofei/ROS2/vision_pkg/src/custom_interfaces -DAMENT_CMAKE_SYMLINK_INSTALL=1 -DCMAKE_INSTALL_PREFIX=/home/robofei/ROS2/vision_pkg/install/custom_interfaces
[0.447s] -- The C compiler identification is GNU 9.4.0
[0.455s] -- The CXX compiler identification is GNU 9.4.0
[0.465s] -- Check for working C compiler: /usr/bin/cc
[0.564s] -- Check for working C compiler: /usr/bin/cc -- works
[0.567s] -- Detecting C compiler ABI info
[0.660s] -- Detecting C compiler ABI info - done
[0.676s] -- Detecting C compile features
[0.677s] -- Detecting C compile features - done
[0.681s] -- Check for working CXX compiler: /usr/bin/c++
[0.788s] -- Check for working CXX compiler: /usr/bin/c++ -- works
[0.789s] -- Detecting CXX compiler ABI info
[0.914s] -- Detecting CXX compiler ABI info - done
[0.933s] -- Detecting CXX compile features
[0.934s] -- Detecting CXX compile features - done
[0.943s] -- Found ament_cmake: 0.9.9 (/opt/ros/foxy/share/ament_cmake/cmake)
[0.986s] -- Found PythonInterp: /usr/bin/python3 (found suitable version "3.8.10", minimum required is "3") 
[0.987s] -- Using PYTHON_EXECUTABLE: /usr/bin/python3
[1.275s] -- Override CMake install command with custom implementation using symlinks instead of copying resources
[1.318s] -- Found builtin_interfaces: 1.0.0 (/opt/ros/foxy/share/builtin_interfaces/cmake)
[1.368s] -- Using all available rosidl_typesupport_c: rosidl_typesupport_fastrtps_c;rosidl_typesupport_introspection_c
[1.379s] -- Found rosidl_adapter: 1.2.1 (/opt/ros/foxy/share/rosidl_adapter/cmake)
[1.513s] -- Found OpenSSL: /usr/lib/x86_64-linux-gnu/libcrypto.so (found version "1.1.1f")  
[1.576s] -- Found FastRTPS: /opt/ros/foxy/include  
[1.702s] -- Using all available rosidl_typesupport_cpp: rosidl_typesupport_fastrtps_cpp;rosidl_typesupport_introspection_cpp
[1.768s] -- Found rosidl_default_generators: 1.0.1 (/opt/ros/foxy/share/rosidl_default_generators/cmake)
[1.798s] -- Found std_msgs: 2.0.5 (/opt/ros/foxy/share/std_msgs/cmake)
[1.883s] -- Found PythonInterp: /usr/bin/python3 (found version "3.8.10") 
[2.190s] -- Found ament_cmake_ros: 0.9.2 (/opt/ros/foxy/share/ament_cmake_ros/cmake)
[2.442s] -- Using all available rosidl_typesupport_c: rosidl_typesupport_fastrtps_c;rosidl_typesupport_introspection_c
[2.532s] -- Using all available rosidl_typesupport_cpp: rosidl_typesupport_fastrtps_cpp;rosidl_typesupport_introspection_cpp
[2.576s] -- Found PythonInterp: /usr/bin/python3 (found suitable version "3.8.10", minimum required is "3.5") 
[2.579s] -- Found python_cmake_module: 0.8.1 (/opt/ros/foxy/share/python_cmake_module/cmake)
[2.627s] -- Found PythonLibs: /usr/lib/x86_64-linux-gnu/libpython3.8.so (found suitable version "3.8.10", minimum required is "3.5") 
[2.628s] -- Using PYTHON_EXECUTABLE: /usr/bin/python3
[2.628s] -- Using PYTHON_INCLUDE_DIRS: /usr/include/python3.8
[2.628s] -- Using PYTHON_LIBRARIES: /usr/lib/x86_64-linux-gnu/libpython3.8.so
[2.670s] -- Found PythonExtra: .so  
[2.795s] -- Configuring done
[2.875s] -- Generating done
[2.879s] -- Build files have been written to: /home/robofei/ROS2/vision_pkg/build/custom_interfaces
[2.889s] Invoked command in '/home/robofei/ROS2/vision_pkg/build/custom_interfaces' returned '0': CMAKE_PREFIX_PATH=${CMAKE_PREFIX_PATH}:/home/robofei/ROS2/vision_pkg/install/vision_pkg:/opt/ros/foxy /usr/bin/cmake /home/robofei/ROS2/vision_pkg/src/custom_interfaces -DAMENT_CMAKE_SYMLINK_INSTALL=1 -DCMAKE_INSTALL_PREFIX=/home/robofei/ROS2/vision_pkg/install/custom_interfaces
[2.894s] Invoking command in '/home/robofei/ROS2/vision_pkg/build/custom_interfaces': CMAKE_PREFIX_PATH=${CMAKE_PREFIX_PATH}:/home/robofei/ROS2/vision_pkg/install/vision_pkg:/opt/ros/foxy /usr/bin/cmake --build /home/robofei/ROS2/vision_pkg/build/custom_interfaces -- -j4 -l4
[2.962s] [35m[1mScanning dependencies of target custom_interfaces__cpp[0m
[2.965s] [  1%] [34m[1mGenerating C code for ROS interfaces[0m
[2.984s] [  3%] [34m[1mGenerating C++ code for ROS interfaces[0m
[3.927s] [  3%] Built target custom_interfaces__cpp
[3.947s] [  5%] [34m[1mGenerating C++ type support dispatch for ROS interfaces[0m
[3.955s] [  7%] [34m[1mGenerating C++ introspection for ROS interfaces[0m
[3.960s] [  9%] [34m[1mGenerating C++ type support for eProsima Fast-RTPS[0m
[3.999s] [35m[1mScanning dependencies of target custom_interfaces__rosidl_generator_c[0m
[4.036s] [ 10%] [32mBuilding C object CMakeFiles/custom_interfaces__rosidl_generator_c.dir/rosidl_generator_c/custom_interfaces/msg/detail/set_position__functions.c.o[0m
[4.147s] [ 12%] [32mBuilding C object CMakeFiles/custom_interfaces__rosidl_generator_c.dir/rosidl_generator_c/custom_interfaces/msg/detail/decision__functions.c.o[0m
[4.227s] [ 14%] [32mBuilding C object CMakeFiles/custom_interfaces__rosidl_generator_c.dir/rosidl_generator_c/custom_interfaces/msg/detail/vision__functions.c.o[0m
[4.312s] [ 16%] [32mBuilding C object CMakeFiles/custom_interfaces__rosidl_generator_c.dir/rosidl_generator_c/custom_interfaces/msg/detail/humanoid_league_msgs__functions.c.o[0m
[4.399s] [ 18%] [32m[1mLinking C shared library libcustom_interfaces__rosidl_generator_c.so[0m
[4.480s] [ 18%] Built target custom_interfaces__rosidl_generator_c
[4.503s] [ 20%] [34m[1mGenerating C type support dispatch for ROS interfaces[0m
[5.138s] [35m[1mScanning dependencies of target custom_interfaces__rosidl_typesupport_cpp[0m
[5.173s] [ 21%] [32mBuilding CXX object CMakeFiles/custom_interfaces__rosidl_typesupport_cpp.dir/rosidl_typesupport_cpp/custom_interfaces/msg/set_position__type_support.cpp.o[0m
[5.320s] [35m[1mScanning dependencies of target custom_interfaces__rosidl_typesupport_introspection_cpp[0m
[5.351s] [ 23%] [32mBuilding CXX object CMakeFiles/custom_interfaces__rosidl_typesupport_introspection_cpp.dir/rosidl_typesupport_introspection_cpp/custom_interfaces/msg/detail/set_position__type_support.cpp.o[0m
[5.358s] [35m[1mScanning dependencies of target custom_interfaces__rosidl_typesupport_fastrtps_cpp[0m
[5.423s] [ 25%] [32mBuilding CXX object CMakeFiles/custom_interfaces__rosidl_typesupport_fastrtps_cpp.dir/rosidl_typesupport_fastrtps_cpp/custom_interfaces/msg/detail/dds_fastrtps/set_position__type_support.cpp.o[0m
[5.701s] [35m[1mScanning dependencies of target custom_interfaces__rosidl_typesupport_c[0m
[5.728s] [ 27%] [32mBuilding CXX object CMakeFiles/custom_interfaces__rosidl_typesupport_c.dir/rosidl_typesupport_c/custom_interfaces/msg/set_position__type_support.cpp.o[0m
[5.794s] [ 29%] [32mBuilding CXX object CMakeFiles/custom_interfaces__rosidl_typesupport_c.dir/rosidl_typesupport_c/custom_interfaces/msg/decision__type_support.cpp.o[0m
[5.858s] [ 30%] [32mBuilding CXX object CMakeFiles/custom_interfaces__rosidl_typesupport_c.dir/rosidl_typesupport_c/custom_interfaces/msg/vision__type_support.cpp.o[0m
[5.870s] [ 32%] [32mBuilding CXX object CMakeFiles/custom_interfaces__rosidl_typesupport_cpp.dir/rosidl_typesupport_cpp/custom_interfaces/msg/decision__type_support.cpp.o[0m
[5.924s] [ 34%] [32mBuilding CXX object CMakeFiles/custom_interfaces__rosidl_typesupport_c.dir/rosidl_typesupport_c/custom_interfaces/msg/humanoid_league_msgs__type_support.cpp.o[0m
[5.992s] [ 36%] [32m[1mLinking CXX shared library libcustom_interfaces__rosidl_typesupport_c.so[0m
[6.088s] [ 36%] Built target custom_interfaces__rosidl_typesupport_c
[6.109s] [ 38%] [32mBuilding CXX object CMakeFiles/custom_interfaces__rosidl_typesupport_fastrtps_cpp.dir/rosidl_typesupport_fastrtps_cpp/custom_interfaces/msg/detail/dds_fastrtps/decision__type_support.cpp.o[0m
[6.213s] [ 40%] [32mBuilding CXX object CMakeFiles/custom_interfaces__rosidl_typesupport_introspection_cpp.dir/rosidl_typesupport_introspection_cpp/custom_interfaces/msg/detail/decision__type_support.cpp.o[0m
[6.526s] [ 41%] [32mBuilding CXX object CMakeFiles/custom_interfaces__rosidl_typesupport_cpp.dir/rosidl_typesupport_cpp/custom_interfaces/msg/vision__type_support.cpp.o[0m
[6.621s] [ 43%] [32mBuilding CXX object CMakeFiles/custom_interfaces__rosidl_typesupport_fastrtps_cpp.dir/rosidl_typesupport_fastrtps_cpp/custom_interfaces/msg/detail/dds_fastrtps/vision__type_support.cpp.o[0m
[6.884s] [ 45%] [32mBuilding CXX object CMakeFiles/custom_interfaces__rosidl_typesupport_introspection_cpp.dir/rosidl_typesupport_introspection_cpp/custom_interfaces/msg/detail/vision__type_support.cpp.o[0m
[7.128s] [ 47%] [32mBuilding CXX object CMakeFiles/custom_interfaces__rosidl_typesupport_fastrtps_cpp.dir/rosidl_typesupport_fastrtps_cpp/custom_interfaces/msg/detail/dds_fastrtps/humanoid_league_msgs__type_support.cpp.o[0m
[7.172s] [ 49%] [32mBuilding CXX object CMakeFiles/custom_interfaces__rosidl_typesupport_cpp.dir/rosidl_typesupport_cpp/custom_interfaces/msg/humanoid_league_msgs__type_support.cpp.o[0m
[7.549s] [ 50%] [32mBuilding CXX object CMakeFiles/custom_interfaces__rosidl_typesupport_introspection_cpp.dir/rosidl_typesupport_introspection_cpp/custom_interfaces/msg/detail/humanoid_league_msgs__type_support.cpp.o[0m
[7.639s] [ 52%] [34m[1mGenerating C introspection for ROS interfaces[0m
[7.846s] [ 54%] [32m[1mLinking CXX shared library libcustom_interfaces__rosidl_typesupport_cpp.so[0m
[7.939s] [ 54%] Built target custom_interfaces__rosidl_typesupport_cpp
[8.101s] [ 56%] [32m[1mLinking CXX shared library libcustom_interfaces__rosidl_typesupport_fastrtps_cpp.so[0m
[8.244s] [ 56%] Built target custom_interfaces__rosidl_typesupport_fastrtps_cpp
[8.266s] [ 58%] [34m[1mGenerating C type support for eProsima Fast-RTPS[0m
[8.272s] [ 60%] [32m[1mLinking CXX shared library libcustom_interfaces__rosidl_typesupport_introspection_cpp.so[0m
[8.388s] [ 60%] Built target custom_interfaces__rosidl_typesupport_introspection_cpp
[8.828s] [35m[1mScanning dependencies of target custom_interfaces__rosidl_typesupport_introspection_c[0m
[8.854s] [ 61%] [32mBuilding C object CMakeFiles/custom_interfaces__rosidl_typesupport_introspection_c.dir/rosidl_typesupport_introspection_c/custom_interfaces/msg/detail/decision__type_support.c.o[0m
[8.855s] [ 63%] [32mBuilding C object CMakeFiles/custom_interfaces__rosidl_typesupport_introspection_c.dir/rosidl_typesupport_introspection_c/custom_interfaces/msg/detail/set_position__type_support.c.o[0m
[8.855s] [ 65%] [32mBuilding C object CMakeFiles/custom_interfaces__rosidl_typesupport_introspection_c.dir/rosidl_typesupport_introspection_c/custom_interfaces/msg/detail/vision__type_support.c.o[0m
[8.918s] [ 67%] [32mBuilding C object CMakeFiles/custom_interfaces__rosidl_typesupport_introspection_c.dir/rosidl_typesupport_introspection_c/custom_interfaces/msg/detail/humanoid_league_msgs__type_support.c.o[0m
[8.965s] [ 69%] [32m[1mLinking C shared library libcustom_interfaces__rosidl_typesupport_introspection_c.so[0m
[9.008s] [ 69%] Built target custom_interfaces__rosidl_typesupport_introspection_c
[9.220s] [35m[1mScanning dependencies of target custom_interfaces__rosidl_typesupport_fastrtps_c[0m
[9.252s] [ 70%] [32mBuilding CXX object CMakeFiles/custom_interfaces__rosidl_typesupport_fastrtps_c.dir/rosidl_typesupport_fastrtps_c/custom_interfaces/msg/detail/set_position__type_support_c.cpp.o[0m
[9.253s] [ 74%] [32mBuilding CXX object CMakeFiles/custom_interfaces__rosidl_typesupport_fastrtps_c.dir/rosidl_typesupport_fastrtps_c/custom_interfaces/msg/detail/vision__type_support_c.cpp.o[0m
[9.253s] [ 74%] [32mBuilding CXX object CMakeFiles/custom_interfaces__rosidl_typesupport_fastrtps_c.dir/rosidl_typesupport_fastrtps_c/custom_interfaces/msg/detail/decision__type_support_c.cpp.o[0m
[9.265s] [ 76%] [32mBuilding CXX object CMakeFiles/custom_interfaces__rosidl_typesupport_fastrtps_c.dir/rosidl_typesupport_fastrtps_c/custom_interfaces/msg/detail/humanoid_league_msgs__type_support_c.cpp.o[0m
[10.089s] [ 78%] [32m[1mLinking CXX shared library libcustom_interfaces__rosidl_typesupport_fastrtps_c.so[0m
[10.224s] [ 78%] Built target custom_interfaces__rosidl_typesupport_fastrtps_c
[10.237s] [35m[1mScanning dependencies of target custom_interfaces[0m
[10.251s] [ 78%] Built target custom_interfaces
[10.265s] [35m[1mScanning dependencies of target custom_interfaces__py[0m
[10.279s] [ 80%] [34m[1mGenerating Python code for ROS interfaces[0m
[11.880s] [ 80%] Built target custom_interfaces__py
[11.893s] [35m[1mScanning dependencies of target custom_interfaces__python[0m
[11.952s] [ 81%] [32mBuilding C object CMakeFiles/custom_interfaces__python.dir/rosidl_generator_py/custom_interfaces/msg/_decision_s.c.o[0m
[11.954s] [ 85%] [32mBuilding C object CMakeFiles/custom_interfaces__python.dir/rosidl_generator_py/custom_interfaces/msg/_set_position_s.c.o[0m
[11.954s] [ 85%] [32mBuilding C object CMakeFiles/custom_interfaces__python.dir/rosidl_generator_py/custom_interfaces/msg/_vision_s.c.o[0m
[11.967s] [ 87%] [32mBuilding C object CMakeFiles/custom_interfaces__python.dir/rosidl_generator_py/custom_interfaces/msg/_humanoid_league_msgs_s.c.o[0m
[12.190s] [ 89%] [32m[1mLinking C shared library rosidl_generator_py/custom_interfaces/libcustom_interfaces__python.so[0m
[12.248s] [ 89%] Built target custom_interfaces__python
[12.262s] [35m[1mScanning dependencies of target custom_interfaces__rosidl_typesupport_fastrtps_c__pyext[0m
[12.266s] [35m[1mScanning dependencies of target custom_interfaces__rosidl_typesupport_c__pyext[0m
[12.267s] [35m[1mScanning dependencies of target custom_interfaces__rosidl_typesupport_introspection_c__pyext[0m
[12.300s] [ 90%] [32mBuilding C object CMakeFiles/custom_interfaces__rosidl_typesupport_fastrtps_c__pyext.dir/rosidl_generator_py/custom_interfaces/_custom_interfaces_s.ep.rosidl_typesupport_fastrtps_c.c.o[0m
[12.308s] [ 92%] [32mBuilding C object CMakeFiles/custom_interfaces__rosidl_typesupport_introspection_c__pyext.dir/rosidl_generator_py/custom_interfaces/_custom_interfaces_s.ep.rosidl_typesupport_introspection_c.c.o[0m
[12.312s] [ 94%] [32mBuilding C object CMakeFiles/custom_interfaces__rosidl_typesupport_c__pyext.dir/rosidl_generator_py/custom_interfaces/_custom_interfaces_s.ep.rosidl_typesupport_c.c.o[0m
[12.455s] [ 96%] [32m[1mLinking C shared library rosidl_generator_py/custom_interfaces/custom_interfaces_s__rosidl_typesupport_c.cpython-38-x86_64-linux-gnu.so[0m
[12.475s] [ 98%] [32m[1mLinking C shared library rosidl_generator_py/custom_interfaces/custom_interfaces_s__rosidl_typesupport_introspection_c.cpython-38-x86_64-linux-gnu.so[0m
[12.508s] [100%] [32m[1mLinking CXX shared library rosidl_generator_py/custom_interfaces/custom_interfaces_s__rosidl_typesupport_fastrtps_c.cpython-38-x86_64-linux-gnu.so[0m
[12.538s] [100%] Built target custom_interfaces__rosidl_typesupport_c__pyext
[12.554s] [100%] Built target custom_interfaces__rosidl_typesupport_introspection_c__pyext
[12.629s] [100%] Built target custom_interfaces__rosidl_typesupport_fastrtps_c__pyext
[12.644s] Invoked command in '/home/robofei/ROS2/vision_pkg/build/custom_interfaces' returned '0': CMAKE_PREFIX_PATH=${CMAKE_PREFIX_PATH}:/home/robofei/ROS2/vision_pkg/install/vision_pkg:/opt/ros/foxy /usr/bin/cmake --build /home/robofei/ROS2/vision_pkg/build/custom_interfaces -- -j4 -l4
[12.786s] Invoking command in '/home/robofei/ROS2/vision_pkg/build/custom_interfaces': CMAKE_PREFIX_PATH=${CMAKE_PREFIX_PATH}:/home/robofei/ROS2/vision_pkg/install/vision_pkg:/opt/ros/foxy /usr/bin/cmake --install /home/robofei/ROS2/vision_pkg/build/custom_interfaces
[12.797s] -- Install configuration: ""
[12.797s] -- Execute custom install script
[12.798s] -- Symlinking: /home/robofei/ROS2/vision_pkg/install/custom_interfaces/share/ament_index/resource_index/rosidl_interfaces/custom_interfaces
[12.811s] -- Symlinking: /home/robofei/ROS2/vision_pkg/install/custom_interfaces/include/custom_interfaces/msg/decision.h
[12.822s] -- Symlinking: /home/robofei/ROS2/vision_pkg/install/custom_interfaces/include/custom_interfaces/msg/detail/decision__functions.h
[12.833s] -- Symlinking: /home/robofei/ROS2/vision_pkg/install/custom_interfaces/include/custom_interfaces/msg/detail/decision__struct.h
[12.845s] -- Symlinking: /home/robofei/ROS2/vision_pkg/install/custom_interfaces/include/custom_interfaces/msg/detail/decision__type_support.h
[12.856s] -- Symlinking: /home/robofei/ROS2/vision_pkg/install/custom_interfaces/include/custom_interfaces/msg/detail/humanoid_league_msgs__functions.h
[12.868s] -- Symlinking: /home/robofei/ROS2/vision_pkg/install/custom_interfaces/include/custom_interfaces/msg/detail/humanoid_league_msgs__struct.h
[12.879s] -- Symlinking: /home/robofei/ROS2/vision_pkg/install/custom_interfaces/include/custom_interfaces/msg/detail/humanoid_league_msgs__type_support.h
[12.893s] -- Symlinking: /home/robofei/ROS2/vision_pkg/install/custom_interfaces/include/custom_interfaces/msg/detail/set_position__functions.h
[12.905s] -- Symlinking: /home/robofei/ROS2/vision_pkg/install/custom_interfaces/include/custom_interfaces/msg/detail/set_position__struct.h
[12.916s] -- Symlinking: /home/robofei/ROS2/vision_pkg/install/custom_interfaces/include/custom_interfaces/msg/detail/set_position__type_support.h
[12.928s] -- Symlinking: /home/robofei/ROS2/vision_pkg/install/custom_interfaces/include/custom_interfaces/msg/detail/vision__functions.h
[12.939s] -- Symlinking: /home/robofei/ROS2/vision_pkg/install/custom_interfaces/include/custom_interfaces/msg/detail/vision__struct.h
[12.951s] -- Symlinking: /home/robofei/ROS2/vision_pkg/install/custom_interfaces/include/custom_interfaces/msg/detail/vision__type_support.h
[12.963s] -- Symlinking: /home/robofei/ROS2/vision_pkg/install/custom_interfaces/include/custom_interfaces/msg/humanoid_league_msgs.h
[12.974s] -- Symlinking: /home/robofei/ROS2/vision_pkg/install/custom_interfaces/include/custom_interfaces/msg/rosidl_generator_c__visibility_control.h
[12.986s] -- Symlinking: /home/robofei/ROS2/vision_pkg/install/custom_interfaces/include/custom_interfaces/msg/set_position.h
[12.997s] -- Symlinking: /home/robofei/ROS2/vision_pkg/install/custom_interfaces/include/custom_interfaces/msg/vision.h
[13.008s] -- Symlinking: /home/robofei/ROS2/vision_pkg/install/custom_interfaces/share/custom_interfaces/environment/library_path.sh
[13.019s] -- Symlinking: /home/robofei/ROS2/vision_pkg/install/custom_interfaces/share/custom_interfaces/environment/library_path.dsv
[13.031s] -- Symlinking: /home/robofei/ROS2/vision_pkg/install/custom_interfaces/include/custom_interfaces/msg/detail/decision__rosidl_typesupport_fastrtps_c.h
[13.043s] -- Symlinking: /home/robofei/ROS2/vision_pkg/install/custom_interfaces/include/custom_interfaces/msg/detail/humanoid_league_msgs__rosidl_typesupport_fastrtps_c.h
[13.055s] -- Symlinking: /home/robofei/ROS2/vision_pkg/install/custom_interfaces/include/custom_interfaces/msg/detail/set_position__rosidl_typesupport_fastrtps_c.h
[13.067s] -- Symlinking: /home/robofei/ROS2/vision_pkg/install/custom_interfaces/include/custom_interfaces/msg/detail/vision__rosidl_typesupport_fastrtps_c.h
[13.078s] -- Symlinking: /home/robofei/ROS2/vision_pkg/install/custom_interfaces/include/custom_interfaces/msg/rosidl_typesupport_fastrtps_c__visibility_control.h
[13.090s] -- Symlinking: /home/robofei/ROS2/vision_pkg/install/custom_interfaces/lib/libcustom_interfaces__rosidl_typesupport_fastrtps_c.so
[13.103s] -- Symlinking: /home/robofei/ROS2/vision_pkg/install/custom_interfaces/include/custom_interfaces/msg/detail/decision__rosidl_typesupport_fastrtps_cpp.hpp
[13.114s] -- Symlinking: /home/robofei/ROS2/vision_pkg/install/custom_interfaces/include/custom_interfaces/msg/detail/humanoid_league_msgs__rosidl_typesupport_fastrtps_cpp.hpp
[13.129s] -- Symlinking: /home/robofei/ROS2/vision_pkg/install/custom_interfaces/include/custom_interfaces/msg/detail/set_position__rosidl_typesupport_fastrtps_cpp.hpp
[13.141s] -- Symlinking: /home/robofei/ROS2/vision_pkg/install/custom_interfaces/include/custom_interfaces/msg/detail/vision__rosidl_typesupport_fastrtps_cpp.hpp
[13.153s] -- Symlinking: /home/robofei/ROS2/vision_pkg/install/custom_interfaces/include/custom_interfaces/msg/rosidl_typesupport_fastrtps_cpp__visibility_control.h
[13.166s] -- Symlinking: /home/robofei/ROS2/vision_pkg/install/custom_interfaces/lib/libcustom_interfaces__rosidl_typesupport_fastrtps_cpp.so
[13.178s] -- Symlinking: /home/robofei/ROS2/vision_pkg/install/custom_interfaces/include/custom_interfaces/msg/detail/decision__rosidl_typesupport_introspection_c.h
[13.190s] -- Symlinking: /home/robofei/ROS2/vision_pkg/install/custom_interfaces/include/custom_interfaces/msg/detail/humanoid_league_msgs__rosidl_typesupport_introspection_c.h
[13.202s] -- Symlinking: /home/robofei/ROS2/vision_pkg/install/custom_interfaces/include/custom_interfaces/msg/detail/set_position__rosidl_typesupport_introspection_c.h
[13.214s] -- Symlinking: /home/robofei/ROS2/vision_pkg/install/custom_interfaces/include/custom_interfaces/msg/detail/vision__rosidl_typesupport_introspection_c.h
[13.226s] -- Symlinking: /home/robofei/ROS2/vision_pkg/install/custom_interfaces/include/custom_interfaces/msg/rosidl_typesupport_introspection_c__visibility_control.h
[13.239s] -- Symlinking: /home/robofei/ROS2/vision_pkg/install/custom_interfaces/include/custom_interfaces/msg/decision.hpp
[13.251s] -- Symlinking: /home/robofei/ROS2/vision_pkg/install/custom_interfaces/include/custom_interfaces/msg/detail/decision__builder.hpp
[13.263s] -- Symlinking: /home/robofei/ROS2/vision_pkg/install/custom_interfaces/include/custom_interfaces/msg/detail/decision__struct.hpp
[13.280s] -- Symlinking: /home/robofei/ROS2/vision_pkg/install/custom_interfaces/include/custom_interfaces/msg/detail/decision__traits.hpp
[13.293s] -- Symlinking: /home/robofei/ROS2/vision_pkg/install/custom_interfaces/include/custom_interfaces/msg/detail/humanoid_league_msgs__builder.hpp
[13.304s] -- Symlinking: /home/robofei/ROS2/vision_pkg/install/custom_interfaces/include/custom_interfaces/msg/detail/humanoid_league_msgs__struct.hpp
[13.315s] -- Symlinking: /home/robofei/ROS2/vision_pkg/install/custom_interfaces/include/custom_interfaces/msg/detail/humanoid_league_msgs__traits.hpp
[13.327s] -- Symlinking: /home/robofei/ROS2/vision_pkg/install/custom_interfaces/include/custom_interfaces/msg/detail/set_position__builder.hpp
[13.338s] -- Symlinking: /home/robofei/ROS2/vision_pkg/install/custom_interfaces/include/custom_interfaces/msg/detail/set_position__struct.hpp
[13.349s] -- Symlinking: /home/robofei/ROS2/vision_pkg/install/custom_interfaces/include/custom_interfaces/msg/detail/set_position__traits.hpp
[13.365s] -- Symlinking: /home/robofei/ROS2/vision_pkg/install/custom_interfaces/include/custom_interfaces/msg/detail/vision__builder.hpp
[13.377s] -- Symlinking: /home/robofei/ROS2/vision_pkg/install/custom_interfaces/include/custom_interfaces/msg/detail/vision__struct.hpp
[13.390s] -- Symlinking: /home/robofei/ROS2/vision_pkg/install/custom_interfaces/include/custom_interfaces/msg/detail/vision__traits.hpp
[13.402s] -- Symlinking: /home/robofei/ROS2/vision_pkg/install/custom_interfaces/include/custom_interfaces/msg/humanoid_league_msgs.hpp
[13.414s] -- Symlinking: /home/robofei/ROS2/vision_pkg/install/custom_interfaces/include/custom_interfaces/msg/set_position.hpp
[13.426s] -- Symlinking: /home/robofei/ROS2/vision_pkg/install/custom_interfaces/include/custom_interfaces/msg/vision.hpp
[13.438s] -- Symlinking: /home/robofei/ROS2/vision_pkg/install/custom_interfaces/include/custom_interfaces/msg/detail/decision__rosidl_typesupport_introspection_cpp.hpp
[13.449s] -- Symlinking: /home/robofei/ROS2/vision_pkg/install/custom_interfaces/include/custom_interfaces/msg/detail/humanoid_league_msgs__rosidl_typesupport_introspection_cpp.hpp
[13.461s] -- Symlinking: /home/robofei/ROS2/vision_pkg/install/custom_interfaces/include/custom_interfaces/msg/detail/set_position__rosidl_typesupport_introspection_cpp.hpp
[13.473s] -- Symlinking: /home/robofei/ROS2/vision_pkg/install/custom_interfaces/include/custom_interfaces/msg/detail/vision__rosidl_typesupport_introspection_cpp.hpp
[13.484s] -- Symlinking: /home/robofei/ROS2/vision_pkg/install/custom_interfaces/share/custom_interfaces/environment/pythonpath.sh
[13.496s] -- Symlinking: /home/robofei/ROS2/vision_pkg/install/custom_interfaces/share/custom_interfaces/environment/pythonpath.dsv
[13.507s] -- Symlinking: /home/robofei/ROS2/vision_pkg/install/custom_interfaces/lib/python3.8/site-packages/custom_interfaces/__init__.py
[13.519s] -- Symlinking: /home/robofei/ROS2/vision_pkg/install/custom_interfaces/lib/python3.8/site-packages/custom_interfaces/msg/__init__.py
[13.530s] -- Symlinking: /home/robofei/ROS2/vision_pkg/install/custom_interfaces/lib/python3.8/site-packages/custom_interfaces/msg/_decision.py
[13.542s] -- Symlinking: /home/robofei/ROS2/vision_pkg/install/custom_interfaces/lib/python3.8/site-packages/custom_interfaces/msg/_humanoid_league_msgs.py
[13.557s] -- Symlinking: /home/robofei/ROS2/vision_pkg/install/custom_interfaces/lib/python3.8/site-packages/custom_interfaces/msg/_set_position.py
[13.569s] -- Symlinking: /home/robofei/ROS2/vision_pkg/install/custom_interfaces/lib/python3.8/site-packages/custom_interfaces/msg/_vision.py
[13.581s] -- Symlinking: /home/robofei/ROS2/vision_pkg/install/custom_interfaces/lib/python3.8/site-packages/custom_interfaces/custom_interfaces_s__rosidl_typesupport_fastrtps_c.cpython-38-x86_64-linux-gnu.so
[13.593s] -- Symlinking: /home/robofei/ROS2/vision_pkg/install/custom_interfaces/lib/python3.8/site-packages/custom_interfaces/custom_interfaces_s__rosidl_typesupport_introspection_c.cpython-38-x86_64-linux-gnu.so
[13.605s] -- Symlinking: /home/robofei/ROS2/vision_pkg/install/custom_interfaces/lib/python3.8/site-packages/custom_interfaces/custom_interfaces_s__rosidl_typesupport_c.cpython-38-x86_64-linux-gnu.so
[13.617s] -- Symlinking: /home/robofei/ROS2/vision_pkg/install/custom_interfaces/lib/libcustom_interfaces__python.so
[13.629s] -- Symlinking: /home/robofei/ROS2/vision_pkg/install/custom_interfaces/share/custom_interfaces/msg/SetPosition.idl
[13.640s] -- Symlinking: /home/robofei/ROS2/vision_pkg/install/custom_interfaces/share/custom_interfaces/msg/Decision.idl
[13.652s] -- Symlinking: /home/robofei/ROS2/vision_pkg/install/custom_interfaces/share/custom_interfaces/msg/Vision.idl
[13.668s] -- Symlinking: /home/robofei/ROS2/vision_pkg/install/custom_interfaces/share/custom_interfaces/msg/HumanoidLeagueMsgs.idl
[13.680s] -- Symlinking: /home/robofei/ROS2/vision_pkg/install/custom_interfaces/share/custom_interfaces/msg/SetPosition.msg
[13.691s] -- Symlinking: /home/robofei/ROS2/vision_pkg/install/custom_interfaces/share/custom_interfaces/msg/Decision.msg
[13.703s] -- Symlinking: /home/robofei/ROS2/vision_pkg/install/custom_interfaces/share/custom_interfaces/msg/Vision.msg
[13.714s] -- Symlinking: /home/robofei/ROS2/vision_pkg/install/custom_interfaces/share/custom_interfaces/msg/HumanoidLeagueMsgs.msg
[13.726s] -- Symlinking: /home/robofei/ROS2/vision_pkg/install/custom_interfaces/share/ament_index/resource_index/package_run_dependencies/custom_interfaces
[13.738s] -- Symlinking: /home/robofei/ROS2/vision_pkg/install/custom_interfaces/share/ament_index/resource_index/parent_prefix_path/custom_interfaces
[13.753s] -- Symlinking: /home/robofei/ROS2/vision_pkg/install/custom_interfaces/share/custom_interfaces/environment/ament_prefix_path.sh
[13.767s] -- Symlinking: /home/robofei/ROS2/vision_pkg/install/custom_interfaces/share/custom_interfaces/environment/ament_prefix_path.dsv
[13.780s] -- Symlinking: /home/robofei/ROS2/vision_pkg/install/custom_interfaces/share/custom_interfaces/environment/path.sh
[13.791s] -- Symlinking: /home/robofei/ROS2/vision_pkg/install/custom_interfaces/share/custom_interfaces/environment/path.dsv
[13.803s] -- Symlinking: /home/robofei/ROS2/vision_pkg/install/custom_interfaces/share/custom_interfaces/local_setup.bash
[13.814s] -- Symlinking: /home/robofei/ROS2/vision_pkg/install/custom_interfaces/share/custom_interfaces/local_setup.sh
[13.827s] -- Symlinking: /home/robofei/ROS2/vision_pkg/install/custom_interfaces/share/custom_interfaces/local_setup.zsh
[13.839s] -- Symlinking: /home/robofei/ROS2/vision_pkg/install/custom_interfaces/share/custom_interfaces/local_setup.dsv
[13.851s] -- Symlinking: /home/robofei/ROS2/vision_pkg/install/custom_interfaces/share/custom_interfaces/package.dsv
[13.864s] -- Symlinking: /home/robofei/ROS2/vision_pkg/install/custom_interfaces/share/ament_index/resource_index/packages/custom_interfaces
[13.878s] -- Symlinking: /home/robofei/ROS2/vision_pkg/install/custom_interfaces/share/custom_interfaces/cmake/rosidl_cmake-extras.cmake
[13.890s] -- Symlinking: /home/robofei/ROS2/vision_pkg/install/custom_interfaces/share/custom_interfaces/cmake/ament_cmake_export_dependencies-extras.cmake
[13.902s] -- Symlinking: /home/robofei/ROS2/vision_pkg/install/custom_interfaces/share/custom_interfaces/cmake/ament_cmake_export_libraries-extras.cmake
[13.913s] -- Symlinking: /home/robofei/ROS2/vision_pkg/install/custom_interfaces/share/custom_interfaces/cmake/ament_cmake_export_targets-extras.cmake
[13.924s] -- Symlinking: /home/robofei/ROS2/vision_pkg/install/custom_interfaces/share/custom_interfaces/cmake/ament_cmake_export_include_directories-extras.cmake
[13.936s] -- Symlinking: /home/robofei/ROS2/vision_pkg/install/custom_interfaces/share/custom_interfaces/cmake/rosidl_cmake_export_typesupport_libraries-extras.cmake
[13.948s] -- Symlinking: /home/robofei/ROS2/vision_pkg/install/custom_interfaces/share/custom_interfaces/cmake/rosidl_cmake_export_typesupport_targets-extras.cmake
[13.960s] -- Symlinking: /home/robofei/ROS2/vision_pkg/install/custom_interfaces/share/custom_interfaces/cmake/custom_interfacesConfig.cmake
[13.972s] -- Symlinking: /home/robofei/ROS2/vision_pkg/install/custom_interfaces/share/custom_interfaces/cmake/custom_interfacesConfig-version.cmake
[13.986s] -- Symlinking: /home/robofei/ROS2/vision_pkg/install/custom_interfaces/share/custom_interfaces/package.xml
[13.998s] -- Installing: /home/robofei/ROS2/vision_pkg/install/custom_interfaces/lib/libcustom_interfaces__rosidl_generator_c.so
[13.998s] -- Set runtime path of "/home/robofei/ROS2/vision_pkg/install/custom_interfaces/lib/libcustom_interfaces__rosidl_generator_c.so" to ""
[13.998s] -- Installing: /home/robofei/ROS2/vision_pkg/install/custom_interfaces/lib/libcustom_interfaces__rosidl_typesupport_introspection_c.so
[13.999s] -- Set runtime path of "/home/robofei/ROS2/vision_pkg/install/custom_interfaces/lib/libcustom_interfaces__rosidl_typesupport_introspection_c.so" to ""
[13.999s] -- Installing: /home/robofei/ROS2/vision_pkg/install/custom_interfaces/lib/libcustom_interfaces__rosidl_typesupport_c.so
[14.000s] -- Set runtime path of "/home/robofei/ROS2/vision_pkg/install/custom_interfaces/lib/libcustom_interfaces__rosidl_typesupport_c.so" to ""
[14.000s] -- Installing: /home/robofei/ROS2/vision_pkg/install/custom_interfaces/lib/libcustom_interfaces__rosidl_typesupport_introspection_cpp.so
[14.001s] -- Set runtime path of "/home/robofei/ROS2/vision_pkg/install/custom_interfaces/lib/libcustom_interfaces__rosidl_typesupport_introspection_cpp.so" to ""
[14.001s] -- Installing: /home/robofei/ROS2/vision_pkg/install/custom_interfaces/lib/libcustom_interfaces__rosidl_typesupport_cpp.so
[14.002s] -- Set runtime path of "/home/robofei/ROS2/vision_pkg/install/custom_interfaces/lib/libcustom_interfaces__rosidl_typesupport_cpp.so" to ""
[14.050s] Compiling '/home/robofei/ROS2/vision_pkg/install/custom_interfaces/lib/python3.8/site-packages/custom_interfaces/__init__.py'...
[14.057s] -- Installing: /home/robofei/ROS2/vision_pkg/install/custom_interfaces/share/custom_interfaces/cmake/custom_interfaces__rosidl_generator_cExport.cmake
[14.058s] -- Installing: /home/robofei/ROS2/vision_pkg/install/custom_interfaces/share/custom_interfaces/cmake/custom_interfaces__rosidl_generator_cExport-noconfig.cmake
[14.058s] -- Installing: /home/robofei/ROS2/vision_pkg/install/custom_interfaces/share/custom_interfaces/cmake/custom_interfaces__rosidl_typesupport_introspection_cExport.cmake
[14.058s] -- Installing: /home/robofei/ROS2/vision_pkg/install/custom_interfaces/share/custom_interfaces/cmake/custom_interfaces__rosidl_typesupport_introspection_cExport-noconfig.cmake
[14.059s] -- Installing: /home/robofei/ROS2/vision_pkg/install/custom_interfaces/share/custom_interfaces/cmake/custom_interfaces__rosidl_typesupport_cExport.cmake
[14.059s] -- Installing: /home/robofei/ROS2/vision_pkg/install/custom_interfaces/share/custom_interfaces/cmake/custom_interfaces__rosidl_typesupport_cExport-noconfig.cmake
[14.060s] -- Installing: /home/robofei/ROS2/vision_pkg/install/custom_interfaces/share/custom_interfaces/cmake/custom_interfaces__rosidl_generator_cppExport.cmake
[14.060s] -- Installing: /home/robofei/ROS2/vision_pkg/install/custom_interfaces/share/custom_interfaces/cmake/custom_interfaces__rosidl_typesupport_introspection_cppExport.cmake
[14.061s] -- Installing: /home/robofei/ROS2/vision_pkg/install/custom_interfaces/share/custom_interfaces/cmake/custom_interfaces__rosidl_typesupport_introspection_cppExport-noconfig.cmake
[14.061s] -- Installing: /home/robofei/ROS2/vision_pkg/install/custom_interfaces/share/custom_interfaces/cmake/custom_interfaces__rosidl_typesupport_cppExport.cmake
[14.061s] -- Installing: /home/robofei/ROS2/vision_pkg/install/custom_interfaces/share/custom_interfaces/cmake/custom_interfaces__rosidl_typesupport_cppExport-noconfig.cmake
[14.069s] Invoked command in '/home/robofei/ROS2/vision_pkg/build/custom_interfaces' returned '0': CMAKE_PREFIX_PATH=${CMAKE_PREFIX_PATH}:/home/robofei/ROS2/vision_pkg/install/vision_pkg:/opt/ros/foxy /usr/bin/cmake --install /home/robofei/ROS2/vision_pkg/build/custom_interfaces
