[0.025s] Invoking command in '/home/robofei/ROS2/decision_pkg/build/messages': CMAKE_PREFIX_PATH=${CMAKE_PREFIX_PATH}:/home/robofei/ROS2/decision_pkg/install/decision_pkg:/opt/ros/foxy /usr/bin/cmake --build /home/robofei/ROS2/decision_pkg/build/messages -- -j4 -l4
[0.093s] [  3%] Built target messages__cpp
[0.097s] [ 12%] Built target messages__rosidl_generator_c
[0.156s] [ 32%] Built target messages__rosidl_typesupport_fastrtps_cpp
[0.156s] [ 32%] Built target messages__rosidl_typesupport_cpp
[0.169s] [ 41%] Built target messages__rosidl_typesupport_introspection_cpp
[0.171s] [ 51%] Built target messages__rosidl_typesupport_introspection_c
[0.196s] [ 61%] Built target messages__rosidl_typesupport_c
[0.214s] [ 70%] Built target messages__rosidl_typesupport_fastrtps_c
[0.238s] [ 70%] Built target messages
[0.262s] [ 74%] Built target messages__py
[0.290s] [ 80%] Built target messages__python
[0.354s] [ 93%] Built target messages__rosidl_typesupport_c__pyext
[0.355s] [ 93%] Built target messages__rosidl_typesupport_fastrtps_c__pyext
[0.363s] [100%] Built target messages__rosidl_typesupport_introspection_c__pyext
[0.380s] Invoked command in '/home/robofei/ROS2/decision_pkg/build/messages' returned '0': CMAKE_PREFIX_PATH=${CMAKE_PREFIX_PATH}:/home/robofei/ROS2/decision_pkg/install/decision_pkg:/opt/ros/foxy /usr/bin/cmake --build /home/robofei/ROS2/decision_pkg/build/messages -- -j4 -l4
[0.448s] Invoking command in '/home/robofei/ROS2/decision_pkg/build/messages': CMAKE_PREFIX_PATH=${CMAKE_PREFIX_PATH}:/home/robofei/ROS2/decision_pkg/install/decision_pkg:/opt/ros/foxy /usr/bin/cmake --install /home/robofei/ROS2/decision_pkg/build/messages
[0.458s] -- Install configuration: ""
[0.459s] -- Execute custom install script
[0.459s] -- Up-to-date symlink: /home/robofei/ROS2/decision_pkg/install/messages/share/ament_index/resource_index/rosidl_interfaces/messages
[0.460s] -- Up-to-date symlink: /home/robofei/ROS2/decision_pkg/install/messages/include/messages/msg/detail/humanoid_league_msgs__functions.h
[0.460s] -- Up-to-date symlink: /home/robofei/ROS2/decision_pkg/install/messages/include/messages/msg/detail/humanoid_league_msgs__struct.h
[0.460s] -- Up-to-date symlink: /home/robofei/ROS2/decision_pkg/install/messages/include/messages/msg/detail/humanoid_league_msgs__type_support.h
[0.461s] -- Up-to-date symlink: /home/robofei/ROS2/decision_pkg/install/messages/include/messages/msg/humanoid_league_msgs.h
[0.461s] -- Up-to-date symlink: /home/robofei/ROS2/decision_pkg/install/messages/include/messages/msg/rosidl_generator_c__visibility_control.h
[0.461s] -- Up-to-date symlink: /home/robofei/ROS2/decision_pkg/install/messages/share/messages/environment/library_path.sh
[0.462s] -- Up-to-date symlink: /home/robofei/ROS2/decision_pkg/install/messages/share/messages/environment/library_path.dsv
[0.462s] -- Up-to-date symlink: /home/robofei/ROS2/decision_pkg/install/messages/include/messages/msg/detail/humanoid_league_msgs__rosidl_typesupport_fastrtps_c.h
[0.463s] -- Up-to-date symlink: /home/robofei/ROS2/decision_pkg/install/messages/include/messages/msg/rosidl_typesupport_fastrtps_c__visibility_control.h
[0.463s] -- Up-to-date symlink: /home/robofei/ROS2/decision_pkg/install/messages/lib/libmessages__rosidl_typesupport_fastrtps_c.so
[0.464s] -- Up-to-date symlink: /home/robofei/ROS2/decision_pkg/install/messages/include/messages/msg/detail/humanoid_league_msgs__rosidl_typesupport_fastrtps_cpp.hpp
[0.464s] -- Up-to-date symlink: /home/robofei/ROS2/decision_pkg/install/messages/include/messages/msg/rosidl_typesupport_fastrtps_cpp__visibility_control.h
[0.465s] -- Up-to-date symlink: /home/robofei/ROS2/decision_pkg/install/messages/lib/libmessages__rosidl_typesupport_fastrtps_cpp.so
[0.465s] -- Up-to-date symlink: /home/robofei/ROS2/decision_pkg/install/messages/include/messages/msg/detail/humanoid_league_msgs__rosidl_typesupport_introspection_c.h
[0.466s] -- Up-to-date symlink: /home/robofei/ROS2/decision_pkg/install/messages/include/messages/msg/rosidl_typesupport_introspection_c__visibility_control.h
[0.467s] -- Up-to-date symlink: /home/robofei/ROS2/decision_pkg/install/messages/include/messages/msg/detail/humanoid_league_msgs__builder.hpp
[0.467s] -- Up-to-date symlink: /home/robofei/ROS2/decision_pkg/install/messages/include/messages/msg/detail/humanoid_league_msgs__struct.hpp
[0.467s] -- Up-to-date symlink: /home/robofei/ROS2/decision_pkg/install/messages/include/messages/msg/detail/humanoid_league_msgs__traits.hpp
[0.468s] -- Up-to-date symlink: /home/robofei/ROS2/decision_pkg/install/messages/include/messages/msg/humanoid_league_msgs.hpp
[0.468s] -- Up-to-date symlink: /home/robofei/ROS2/decision_pkg/install/messages/include/messages/msg/detail/humanoid_league_msgs__rosidl_typesupport_introspection_cpp.hpp
[0.469s] -- Up-to-date symlink: /home/robofei/ROS2/decision_pkg/install/messages/share/messages/environment/pythonpath.sh
[0.469s] -- Up-to-date symlink: /home/robofei/ROS2/decision_pkg/install/messages/share/messages/environment/pythonpath.dsv
[0.470s] -- Up-to-date symlink: /home/robofei/ROS2/decision_pkg/install/messages/lib/python3.8/site-packages/messages/__init__.py
[0.470s] -- Up-to-date symlink: /home/robofei/ROS2/decision_pkg/install/messages/lib/python3.8/site-packages/messages/msg/__init__.py
[0.471s] -- Up-to-date symlink: /home/robofei/ROS2/decision_pkg/install/messages/lib/python3.8/site-packages/messages/msg/_humanoid_league_msgs.py
[0.471s] -- Up-to-date symlink: /home/robofei/ROS2/decision_pkg/install/messages/lib/python3.8/site-packages/messages/messages_s__rosidl_typesupport_fastrtps_c.cpython-38-x86_64-linux-gnu.so
[0.471s] -- Up-to-date symlink: /home/robofei/ROS2/decision_pkg/install/messages/lib/python3.8/site-packages/messages/messages_s__rosidl_typesupport_introspection_c.cpython-38-x86_64-linux-gnu.so
[0.472s] -- Up-to-date symlink: /home/robofei/ROS2/decision_pkg/install/messages/lib/python3.8/site-packages/messages/messages_s__rosidl_typesupport_c.cpython-38-x86_64-linux-gnu.so
[0.472s] -- Up-to-date symlink: /home/robofei/ROS2/decision_pkg/install/messages/lib/libmessages__python.so
[0.473s] -- Up-to-date symlink: /home/robofei/ROS2/decision_pkg/install/messages/share/messages/msg/HumanoidLeagueMsgs.idl
[0.473s] -- Up-to-date symlink: /home/robofei/ROS2/decision_pkg/install/messages/share/messages/msg/HumanoidLeagueMsgs.msg
[0.474s] -- Up-to-date symlink: /home/robofei/ROS2/decision_pkg/install/messages/share/ament_index/resource_index/package_run_dependencies/messages
[0.474s] -- Up-to-date symlink: /home/robofei/ROS2/decision_pkg/install/messages/share/ament_index/resource_index/parent_prefix_path/messages
[0.474s] -- Up-to-date symlink: /home/robofei/ROS2/decision_pkg/install/messages/share/messages/environment/ament_prefix_path.sh
[0.474s] -- Up-to-date symlink: /home/robofei/ROS2/decision_pkg/install/messages/share/messages/environment/ament_prefix_path.dsv
[0.475s] -- Up-to-date symlink: /home/robofei/ROS2/decision_pkg/install/messages/share/messages/environment/path.sh
[0.475s] -- Up-to-date symlink: /home/robofei/ROS2/decision_pkg/install/messages/share/messages/environment/path.dsv
[0.475s] -- Up-to-date symlink: /home/robofei/ROS2/decision_pkg/install/messages/share/messages/local_setup.bash
[0.476s] -- Up-to-date symlink: /home/robofei/ROS2/decision_pkg/install/messages/share/messages/local_setup.sh
[0.476s] -- Up-to-date symlink: /home/robofei/ROS2/decision_pkg/install/messages/share/messages/local_setup.zsh
[0.476s] -- Up-to-date symlink: /home/robofei/ROS2/decision_pkg/install/messages/share/messages/local_setup.dsv
[0.477s] -- Symlinking: /home/robofei/ROS2/decision_pkg/install/messages/share/messages/package.dsv
[0.489s] -- Up-to-date symlink: /home/robofei/ROS2/decision_pkg/install/messages/share/ament_index/resource_index/packages/messages
[0.489s] -- Up-to-date symlink: /home/robofei/ROS2/decision_pkg/install/messages/share/messages/cmake/rosidl_cmake-extras.cmake
[0.489s] -- Up-to-date symlink: /home/robofei/ROS2/decision_pkg/install/messages/share/messages/cmake/ament_cmake_export_dependencies-extras.cmake
[0.490s] -- Up-to-date symlink: /home/robofei/ROS2/decision_pkg/install/messages/share/messages/cmake/ament_cmake_export_libraries-extras.cmake
[0.490s] -- Up-to-date symlink: /home/robofei/ROS2/decision_pkg/install/messages/share/messages/cmake/ament_cmake_export_targets-extras.cmake
[0.491s] -- Up-to-date symlink: /home/robofei/ROS2/decision_pkg/install/messages/share/messages/cmake/ament_cmake_export_include_directories-extras.cmake
[0.491s] -- Up-to-date symlink: /home/robofei/ROS2/decision_pkg/install/messages/share/messages/cmake/rosidl_cmake_export_typesupport_libraries-extras.cmake
[0.491s] -- Up-to-date symlink: /home/robofei/ROS2/decision_pkg/install/messages/share/messages/cmake/rosidl_cmake_export_typesupport_targets-extras.cmake
[0.492s] -- Up-to-date symlink: /home/robofei/ROS2/decision_pkg/install/messages/share/messages/cmake/messagesConfig.cmake
[0.492s] -- Up-to-date symlink: /home/robofei/ROS2/decision_pkg/install/messages/share/messages/cmake/messagesConfig-version.cmake
[0.492s] -- Up-to-date symlink: /home/robofei/ROS2/decision_pkg/install/messages/share/messages/package.xml
[0.493s] -- Up-to-date: /home/robofei/ROS2/decision_pkg/install/messages/lib/libmessages__rosidl_generator_c.so
[0.493s] -- Up-to-date: /home/robofei/ROS2/decision_pkg/install/messages/lib/libmessages__rosidl_typesupport_introspection_c.so
[0.494s] -- Up-to-date: /home/robofei/ROS2/decision_pkg/install/messages/lib/libmessages__rosidl_typesupport_c.so
[0.494s] -- Up-to-date: /home/robofei/ROS2/decision_pkg/install/messages/lib/libmessages__rosidl_typesupport_introspection_cpp.so
[0.495s] -- Up-to-date: /home/robofei/ROS2/decision_pkg/install/messages/lib/libmessages__rosidl_typesupport_cpp.so
[0.535s] -- Up-to-date: /home/robofei/ROS2/decision_pkg/install/messages/share/messages/cmake/messages__rosidl_generator_cExport.cmake
[0.535s] -- Up-to-date: /home/robofei/ROS2/decision_pkg/install/messages/share/messages/cmake/messages__rosidl_generator_cExport-noconfig.cmake
[0.535s] -- Up-to-date: /home/robofei/ROS2/decision_pkg/install/messages/share/messages/cmake/messages__rosidl_typesupport_introspection_cExport.cmake
[0.536s] -- Up-to-date: /home/robofei/ROS2/decision_pkg/install/messages/share/messages/cmake/messages__rosidl_typesupport_introspection_cExport-noconfig.cmake
[0.536s] -- Up-to-date: /home/robofei/ROS2/decision_pkg/install/messages/share/messages/cmake/messages__rosidl_typesupport_cExport.cmake
[0.536s] -- Up-to-date: /home/robofei/ROS2/decision_pkg/install/messages/share/messages/cmake/messages__rosidl_typesupport_cExport-noconfig.cmake
[0.536s] -- Up-to-date: /home/robofei/ROS2/decision_pkg/install/messages/share/messages/cmake/messages__rosidl_generator_cppExport.cmake
[0.536s] -- Up-to-date: /home/robofei/ROS2/decision_pkg/install/messages/share/messages/cmake/messages__rosidl_typesupport_introspection_cppExport.cmake
[0.536s] -- Up-to-date: /home/robofei/ROS2/decision_pkg/install/messages/share/messages/cmake/messages__rosidl_typesupport_introspection_cppExport-noconfig.cmake
[0.537s] -- Up-to-date: /home/robofei/ROS2/decision_pkg/install/messages/share/messages/cmake/messages__rosidl_typesupport_cppExport.cmake
[0.537s] -- Up-to-date: /home/robofei/ROS2/decision_pkg/install/messages/share/messages/cmake/messages__rosidl_typesupport_cppExport-noconfig.cmake
[0.540s] Invoked command in '/home/robofei/ROS2/decision_pkg/build/messages' returned '0': CMAKE_PREFIX_PATH=${CMAKE_PREFIX_PATH}:/home/robofei/ROS2/decision_pkg/install/decision_pkg:/opt/ros/foxy /usr/bin/cmake --install /home/robofei/ROS2/decision_pkg/build/messages
