[01m[K/home/robofei/ROS2/robotis_ws/src/DynamixelSDK/dynamixel_sdk_examples/src/read_write_node.cpp:[m[K In lambda function:
[01m[K/home/robofei/ROS2/robotis_ws/src/DynamixelSDK/dynamixel_sdk_examples/src/read_write_node.cpp:89:7:[m[K [01;31m[Kerror: [m[K‘[01m[KGroupSyncWrite[m[K’ was not declared in this scope; did you mean ‘[01m[Kdynamixel::GroupSyncWrite[m[K’?
   89 |       [01;31m[KGroupSyncWrite[m[K groupSyncWrite(portHandler, packetHandler, ADDR_GOAL_POSITION, 4);
      |       [01;31m[K^~~~~~~~~~~~~~[m[K
      |       [32m[Kdynamixel::GroupSyncWrite[m[K
In file included from [01m[K/home/robofei/ROS2/robotis_ws/install/dynamixel_sdk/include/dynamixel_sdk/dynamixel_sdk.h:29[m[K,
                 from [01m[K/home/robofei/ROS2/robotis_ws/src/DynamixelSDK/dynamixel_sdk_examples/src/read_write_node.cpp:36[m[K:
[01m[K/home/robofei/ROS2/robotis_ws/install/dynamixel_sdk/include/dynamixel_sdk/group_sync_write.h:37:19:[m[K [01;36m[Knote: [m[K‘[01m[Kdynamixel::GroupSyncWrite[m[K’ declared here
   37 | class WINDECLSPEC [01;36m[KGroupSyncWrite[m[K
      |                   [01;36m[K^~~~~~~~~~~~~~[m[K
[01m[K/home/robofei/ROS2/robotis_ws/src/DynamixelSDK/dynamixel_sdk_examples/src/read_write_node.cpp:94:7:[m[K [01;31m[Kerror: [m[K‘[01m[Kdxl_addparam_result[m[K’ was not declared in this scope; did you mean ‘[01m[Kdxl_comm_result[m[K’?
   94 |       [01;31m[Kdxl_addparam_result[m[K = groupSyncWrite.addParam((uint8_t)msg->id[0], msg->position[0]);
      |       [01;31m[K^~~~~~~~~~~~~~~~~~~[m[K
      |       [32m[Kdxl_comm_result[m[K
[01m[K/home/robofei/ROS2/robotis_ws/src/DynamixelSDK/dynamixel_sdk_examples/src/read_write_node.cpp:94:29:[m[K [01;31m[Kerror: [m[K‘[01m[KgroupSyncWrite[m[K’ was not declared in this scope
   94 |       dxl_addparam_result = [01;31m[KgroupSyncWrite[m[K.addParam((uint8_t)msg->id[0], msg->position[0]);
      |                             [01;31m[K^~~~~~~~~~~~~~[m[K
[01m[K/home/robofei/ROS2/robotis_ws/src/DynamixelSDK/dynamixel_sdk_examples/src/read_write_node.cpp:96:9:[m[K [01;31m[Kerror: [m[K‘[01m[Kself[m[K’ was not declared in this scope
   96 |         [01;31m[Kself[m[K.get_logger().warn("Failed to addparam to groupSyncWrite for Dynamixel ID %d\n", msg->id1);
      |         [01;31m[K^~~~[m[K
[01m[K/home/robofei/ROS2/robotis_ws/src/DynamixelSDK/dynamixel_sdk_examples/src/read_write_node.cpp:96:99:[m[K [01;31m[Kerror: [m[K‘[01m[Kusing element_type = struct dynamixel_sdk_custom_interfaces::msg::SetPosition_<std::allocator<void> >[m[K’ {aka ‘[01m[Kstruct dynamixel_sdk_custom_interfaces::msg::SetPosition_<std::allocator<void> >[m[K’} has no member named ‘[01m[Kid1[m[K’; did you mean ‘[01m[Kid[m[K’?
   96 |         self.get_logger().warn("Failed to addparam to groupSyncWrite for Dynamixel ID %d\n", msg->[01;31m[Kid1[m[K);
      |                                                                                                   [01;31m[K^~~[m[K
      |                                                                                                   [32m[Kid[m[K
[01m[K/home/robofei/ROS2/robotis_ws/src/DynamixelSDK/dynamixel_sdk_examples/src/read_write_node.cpp:101:9:[m[K [01;31m[Kerror: [m[K‘[01m[Kself[m[K’ was not declared in this scope
  101 |         [01;31m[Kself[m[K.get_logger().warn("Failed to addparam to groupSyncWrite for Dynamixel ID %d\n", msg->id2);
      |         [01;31m[K^~~~[m[K
[01m[K/home/robofei/ROS2/robotis_ws/src/DynamixelSDK/dynamixel_sdk_examples/src/read_write_node.cpp:101:99:[m[K [01;31m[Kerror: [m[K‘[01m[Kusing element_type = struct dynamixel_sdk_custom_interfaces::msg::SetPosition_<std::allocator<void> >[m[K’ {aka ‘[01m[Kstruct dynamixel_sdk_custom_interfaces::msg::SetPosition_<std::allocator<void> >[m[K’} has no member named ‘[01m[Kid2[m[K’; did you mean ‘[01m[Kid[m[K’?
  101 |         self.get_logger().warn("Failed to addparam to groupSyncWrite for Dynamixel ID %d\n", msg->[01;31m[Kid2[m[K);
      |                                                                                                   [01;31m[K^~~[m[K
      |                                                                                                   [32m[Kid[m[K
[01m[K/home/robofei/ROS2/robotis_ws/src/DynamixelSDK/dynamixel_sdk_examples/src/read_write_node.cpp:106:9:[m[K [01;31m[Kerror: [m[K‘[01m[Kself[m[K’ was not declared in this scope
  106 |         [01;31m[Kself[m[K.get_logger().warn("Failed to addparam to groupSyncWrite for Dynamixel ID %d\n", msg->id3);
      |         [01;31m[K^~~~[m[K
[01m[K/home/robofei/ROS2/robotis_ws/src/DynamixelSDK/dynamixel_sdk_examples/src/read_write_node.cpp:106:99:[m[K [01;31m[Kerror: [m[K‘[01m[Kusing element_type = struct dynamixel_sdk_custom_interfaces::msg::SetPosition_<std::allocator<void> >[m[K’ {aka ‘[01m[Kstruct dynamixel_sdk_custom_interfaces::msg::SetPosition_<std::allocator<void> >[m[K’} has no member named ‘[01m[Kid3[m[K’; did you mean ‘[01m[Kid[m[K’?
  106 |         self.get_logger().warn("Failed to addparam to groupSyncWrite for Dynamixel ID %d\n", msg->[01;31m[Kid3[m[K);
      |                                                                                                   [01;31m[K^~~[m[K
      |                                                                                                   [32m[Kid[m[K
make[2]: *** [CMakeFiles/read_write_node.dir/build.make:63: CMakeFiles/read_write_node.dir/src/read_write_node.cpp.o] Error 1
make[1]: *** [CMakeFiles/Makefile2:107: CMakeFiles/read_write_node.dir/all] Error 2
make: *** [Makefile:141: all] Error 2
