[1.572s] Invoking command in '/home/robofei/Downloads/GC/src/controller': PYTHONPATH=/home/robofei/Downloads/GC/install/controller/lib/python3.8/site-packages:${PYTHONPATH} /usr/bin/python3 setup.py egg_info --egg-base ../../build/controller build --build-base /home/robofei/Downloads/GC/build/controller/build install --prefix /home/robofei/Downloads/GC/install/controller --record /home/robofei/Downloads/GC/build/controller/install.log --single-version-externally-managed
[2.824s] running egg_info
[2.828s] writing ../../build/controller/controller.egg-info/PKG-INFO
[2.829s] writing dependency_links to ../../build/controller/controller.egg-info/dependency_links.txt
[2.830s] writing entry points to ../../build/controller/controller.egg-info/entry_points.txt
[2.831s] writing requirements to ../../build/controller/controller.egg-info/requires.txt
[2.832s] writing top-level names to ../../build/controller/controller.egg-info/top_level.txt
[3.044s] reading manifest file '../../build/controller/controller.egg-info/SOURCES.txt'
[3.052s] writing manifest file '../../build/controller/controller.egg-info/SOURCES.txt'
[3.053s] running build
[3.053s] running build_py
[3.069s] copying controller/receiver.py -> /home/robofei/Downloads/GC/build/controller/build/lib/controller
[3.071s] running install
[3.076s] running install_lib
[3.095s] copying /home/robofei/Downloads/GC/build/controller/build/lib/controller/receiver.py -> /home/robofei/Downloads/GC/install/controller/lib/python3.8/site-packages/controller
[3.099s] byte-compiling /home/robofei/Downloads/GC/install/controller/lib/python3.8/site-packages/controller/receiver.py to receiver.cpython-38.pyc
[3.115s] running install_data
[3.116s] running install_egg_info
[3.129s] removing '/home/robofei/Downloads/GC/install/controller/lib/python3.8/site-packages/controller-0.0.0-py3.8.egg-info' (and everything under it)
[3.132s] Copying ../../build/controller/controller.egg-info to /home/robofei/Downloads/GC/install/controller/lib/python3.8/site-packages/controller-0.0.0-py3.8.egg-info
[3.140s] running install_scripts
[3.206s] Installing talker script to /home/robofei/Downloads/GC/install/controller/lib/controller
[3.208s] writing list of installed files to '/home/robofei/Downloads/GC/build/controller/install.log'
[3.323s] Invoked command in '/home/robofei/Downloads/GC/src/controller' returned '0': PYTHONPATH=/home/robofei/Downloads/GC/install/controller/lib/python3.8/site-packages:${PYTHONPATH} /usr/bin/python3 setup.py egg_info --egg-base ../../build/controller build --build-base /home/robofei/Downloads/GC/build/controller/build install --prefix /home/robofei/Downloads/GC/install/controller --record /home/robofei/Downloads/GC/build/controller/install.log --single-version-externally-managed
