[0.019s] Invoking command in '/home/robofei/robotis_ws/build/dynamixel_sdk': CMAKE_PREFIX_PATH=/opt/ros/foxy /usr/bin/cmake /home/robofei/robotis_ws/src/DynamixelSDK/dynamixel_sdk -DAMENT_CMAKE_SYMLINK_INSTALL=1 -DCMAKE_INSTALL_PREFIX=/home/robofei/robotis_ws/install/dynamixel_sdk
[0.108s] -- The C compiler identification is GNU 9.3.0
[0.169s] -- The CXX compiler identification is GNU 9.3.0
[0.174s] -- Check for working C compiler: /usr/bin/cc
[0.247s] -- Check for working C compiler: /usr/bin/cc -- works
[0.248s] -- Detecting C compiler ABI info
[0.320s] -- Detecting C compiler ABI info - done
[0.334s] -- Detecting C compile features
[0.335s] -- Detecting C compile features - done
[0.337s] -- Check for working CXX compiler: /usr/bin/c++
[0.422s] -- Check for working CXX compiler: /usr/bin/c++ -- works
[0.423s] -- Detecting CXX compiler ABI info
[0.509s] -- Detecting CXX compiler ABI info - done
[0.523s] -- Detecting CXX compile features
[0.523s] -- Detecting CXX compile features - done
[0.526s] -- Found ament_cmake: 0.9.9 (/opt/ros/foxy/share/ament_cmake/cmake)
[0.561s] -- Found PythonInterp: /usr/bin/python3 (found suitable version "3.8.10", minimum required is "3") 
[0.561s] -- Using PYTHON_EXECUTABLE: /usr/bin/python3
[0.756s] -- Override CMake install command with custom implementation using symlinks instead of copying resources
[0.878s] -- Configuring done
[0.932s] -- Generating done
[0.933s] -- Build files have been written to: /home/robofei/robotis_ws/build/dynamixel_sdk
[0.937s] Invoked command in '/home/robofei/robotis_ws/build/dynamixel_sdk' returned '0': CMAKE_PREFIX_PATH=/opt/ros/foxy /usr/bin/cmake /home/robofei/robotis_ws/src/DynamixelSDK/dynamixel_sdk -DAMENT_CMAKE_SYMLINK_INSTALL=1 -DCMAKE_INSTALL_PREFIX=/home/robofei/robotis_ws/install/dynamixel_sdk
[0.940s] Invoking command in '/home/robofei/robotis_ws/build/dynamixel_sdk': CMAKE_PREFIX_PATH=/opt/ros/foxy /usr/bin/cmake --build /home/robofei/robotis_ws/build/dynamixel_sdk -- -j4 -l4
[0.981s] [35m[1mScanning dependencies of target dynamixel_sdk[0m
[1.042s] [ 20%] [32mBuilding CXX object CMakeFiles/dynamixel_sdk.dir/src/dynamixel_sdk/packet_handler.cpp.o[0m
[1.042s] [ 20%] [32mBuilding CXX object CMakeFiles/dynamixel_sdk.dir/src/dynamixel_sdk/protocol2_packet_handler.cpp.o[0m
[1.046s] [ 30%] [32mBuilding CXX object CMakeFiles/dynamixel_sdk.dir/src/dynamixel_sdk/protocol1_packet_handler.cpp.o[0m
[1.061s] [ 40%] [32mBuilding CXX object CMakeFiles/dynamixel_sdk.dir/src/dynamixel_sdk/group_sync_read.cpp.o[0m
[1.248s] [ 50%] [32mBuilding CXX object CMakeFiles/dynamixel_sdk.dir/src/dynamixel_sdk/group_sync_write.cpp.o[0m
[1.338s] [ 60%] [32mBuilding CXX object CMakeFiles/dynamixel_sdk.dir/src/dynamixel_sdk/group_bulk_read.cpp.o[0m
[1.437s] [ 70%] [32mBuilding CXX object CMakeFiles/dynamixel_sdk.dir/src/dynamixel_sdk/group_bulk_write.cpp.o[0m
[1.998s] [ 80%] [32mBuilding CXX object CMakeFiles/dynamixel_sdk.dir/src/dynamixel_sdk/port_handler.cpp.o[0m
[2.036s] [ 90%] [32mBuilding CXX object CMakeFiles/dynamixel_sdk.dir/src/dynamixel_sdk/port_handler_linux.cpp.o[0m
[2.301s] [100%] [32m[1mLinking CXX shared library libdynamixel_sdk.so[0m
[2.404s] [100%] Built target dynamixel_sdk
[2.416s] Invoked command in '/home/robofei/robotis_ws/build/dynamixel_sdk' returned '0': CMAKE_PREFIX_PATH=/opt/ros/foxy /usr/bin/cmake --build /home/robofei/robotis_ws/build/dynamixel_sdk -- -j4 -l4
[2.468s] Invoking command in '/home/robofei/robotis_ws/build/dynamixel_sdk': CMAKE_PREFIX_PATH=/opt/ros/foxy /usr/bin/cmake --install /home/robofei/robotis_ws/build/dynamixel_sdk
[2.477s] -- Install configuration: ""
[2.477s] -- Execute custom install script
[2.478s] -- Symlinking: /home/robofei/robotis_ws/install/dynamixel_sdk/include//dynamixel_sdk/dynamixel_sdk.h
[2.488s] -- Symlinking: /home/robofei/robotis_ws/install/dynamixel_sdk/include//dynamixel_sdk/group_bulk_read.h
[2.497s] -- Symlinking: /home/robofei/robotis_ws/install/dynamixel_sdk/include//dynamixel_sdk/group_bulk_write.h
[2.510s] -- Symlinking: /home/robofei/robotis_ws/install/dynamixel_sdk/include//dynamixel_sdk/group_sync_read.h
[2.519s] -- Symlinking: /home/robofei/robotis_ws/install/dynamixel_sdk/include//dynamixel_sdk/group_sync_write.h
[2.529s] -- Symlinking: /home/robofei/robotis_ws/install/dynamixel_sdk/include//dynamixel_sdk/packet_handler.h
[2.540s] -- Symlinking: /home/robofei/robotis_ws/install/dynamixel_sdk/include//dynamixel_sdk/port_handler.h
[2.549s] -- Symlinking: /home/robofei/robotis_ws/install/dynamixel_sdk/include//dynamixel_sdk/port_handler_arduino.h
[2.559s] -- Symlinking: /home/robofei/robotis_ws/install/dynamixel_sdk/include//dynamixel_sdk/port_handler_linux.h
[2.568s] -- Symlinking: /home/robofei/robotis_ws/install/dynamixel_sdk/include//dynamixel_sdk/port_handler_mac.h
[2.578s] -- Symlinking: /home/robofei/robotis_ws/install/dynamixel_sdk/include//dynamixel_sdk/port_handler_windows.h
[2.587s] -- Symlinking: /home/robofei/robotis_ws/install/dynamixel_sdk/include//dynamixel_sdk/protocol1_packet_handler.h
[2.597s] -- Symlinking: /home/robofei/robotis_ws/install/dynamixel_sdk/include//dynamixel_sdk/protocol2_packet_handler.h
[2.608s] -- Symlinking: /home/robofei/robotis_ws/install/dynamixel_sdk/lib/libdynamixel_sdk.so
[2.618s] -- Up-to-date symlink: /home/robofei/robotis_ws/install/dynamixel_sdk/share/dynamixel_sdk/environment/library_path.sh
[2.618s] -- Symlinking: /home/robofei/robotis_ws/install/dynamixel_sdk/share/dynamixel_sdk/environment/library_path.dsv
[2.628s] -- Symlinking: /home/robofei/robotis_ws/install/dynamixel_sdk/share/ament_index/resource_index/package_run_dependencies/dynamixel_sdk
[2.638s] -- Symlinking: /home/robofei/robotis_ws/install/dynamixel_sdk/share/ament_index/resource_index/parent_prefix_path/dynamixel_sdk
[2.648s] -- Up-to-date symlink: /home/robofei/robotis_ws/install/dynamixel_sdk/share/dynamixel_sdk/environment/ament_prefix_path.sh
[2.649s] -- Symlinking: /home/robofei/robotis_ws/install/dynamixel_sdk/share/dynamixel_sdk/environment/ament_prefix_path.dsv
[2.658s] -- Up-to-date symlink: /home/robofei/robotis_ws/install/dynamixel_sdk/share/dynamixel_sdk/environment/path.sh
[2.659s] -- Symlinking: /home/robofei/robotis_ws/install/dynamixel_sdk/share/dynamixel_sdk/environment/path.dsv
[2.668s] -- Symlinking: /home/robofei/robotis_ws/install/dynamixel_sdk/share/dynamixel_sdk/local_setup.bash
[2.678s] -- Symlinking: /home/robofei/robotis_ws/install/dynamixel_sdk/share/dynamixel_sdk/local_setup.sh
[2.688s] -- Symlinking: /home/robofei/robotis_ws/install/dynamixel_sdk/share/dynamixel_sdk/local_setup.zsh
[2.698s] -- Symlinking: /home/robofei/robotis_ws/install/dynamixel_sdk/share/dynamixel_sdk/local_setup.dsv
[2.709s] -- Symlinking: /home/robofei/robotis_ws/install/dynamixel_sdk/share/dynamixel_sdk/package.dsv
[2.719s] -- Symlinking: /home/robofei/robotis_ws/install/dynamixel_sdk/share/ament_index/resource_index/packages/dynamixel_sdk
[2.728s] -- Symlinking: /home/robofei/robotis_ws/install/dynamixel_sdk/share/dynamixel_sdk/cmake/ament_cmake_export_include_directories-extras.cmake
[2.738s] -- Symlinking: /home/robofei/robotis_ws/install/dynamixel_sdk/share/dynamixel_sdk/cmake/ament_cmake_export_libraries-extras.cmake
[2.748s] -- Symlinking: /home/robofei/robotis_ws/install/dynamixel_sdk/share/dynamixel_sdk/cmake/dynamixel_sdkConfig.cmake
[2.758s] -- Symlinking: /home/robofei/robotis_ws/install/dynamixel_sdk/share/dynamixel_sdk/cmake/dynamixel_sdkConfig-version.cmake
[2.767s] -- Symlinking: /home/robofei/robotis_ws/install/dynamixel_sdk/share/dynamixel_sdk/package.xml
[2.780s] Invoked command in '/home/robofei/robotis_ws/build/dynamixel_sdk' returned '0': CMAKE_PREFIX_PATH=/opt/ros/foxy /usr/bin/cmake --install /home/robofei/robotis_ws/build/dynamixel_sdk
