[0.025s] Invoking command in '/home/robofei/Music/robotis_ws/build/dynamixel_sdk_examples': CMAKE_PREFIX_PATH=/home/robofei/Music/robotis_ws/install/dynamixel_sdk_custom_interfaces:/home/robofei/Music/robotis_ws/install/dynamixel_sdk:/home/robofei/Music/robotis_ws/install/dynamixel_sdk_examples:/opt/ros/foxy PYTHONPATH=/home/robofei/Music/robotis_ws/install/dynamixel_sdk_custom_interfaces/lib/python3.8/site-packages:/home/robofei/Music/robotis_ws/install/dynamixel_sdk_examples/lib/python3.8/site-packages:/opt/ros/foxy/lib/python3.8/site-packages /usr/bin/cmake --build /home/robofei/Music/robotis_ws/build/dynamixel_sdk_examples -- -j4 -l4
[0.073s] [35m[1mScanning dependencies of target read_write_node[0m
[0.125s] [ 50%] [32mBuilding CXX object CMakeFiles/read_write_node.dir/src/read_write_node.cpp.o[0m
[5.384s] [100%] [32m[1mLinking CXX executable read_write_node[0m
[5.674s] [100%] Built target read_write_node
[5.688s] Invoked command in '/home/robofei/Music/robotis_ws/build/dynamixel_sdk_examples' returned '0': CMAKE_PREFIX_PATH=/home/robofei/Music/robotis_ws/install/dynamixel_sdk_custom_interfaces:/home/robofei/Music/robotis_ws/install/dynamixel_sdk:/home/robofei/Music/robotis_ws/install/dynamixel_sdk_examples:/opt/ros/foxy PYTHONPATH=/home/robofei/Music/robotis_ws/install/dynamixel_sdk_custom_interfaces/lib/python3.8/site-packages:/home/robofei/Music/robotis_ws/install/dynamixel_sdk_examples/lib/python3.8/site-packages:/opt/ros/foxy/lib/python3.8/site-packages /usr/bin/cmake --build /home/robofei/Music/robotis_ws/build/dynamixel_sdk_examples -- -j4 -l4
[5.715s] Invoking command in '/home/robofei/Music/robotis_ws/build/dynamixel_sdk_examples': CMAKE_PREFIX_PATH=/home/robofei/Music/robotis_ws/install/dynamixel_sdk_custom_interfaces:/home/robofei/Music/robotis_ws/install/dynamixel_sdk:/home/robofei/Music/robotis_ws/install/dynamixel_sdk_examples:/opt/ros/foxy PYTHONPATH=/home/robofei/Music/robotis_ws/install/dynamixel_sdk_custom_interfaces/lib/python3.8/site-packages:/home/robofei/Music/robotis_ws/install/dynamixel_sdk_examples/lib/python3.8/site-packages:/opt/ros/foxy/lib/python3.8/site-packages /usr/bin/cmake --install /home/robofei/Music/robotis_ws/build/dynamixel_sdk_examples
[5.725s] -- Install configuration: ""
[5.725s] -- Execute custom install script
[5.726s] -- Up-to-date symlink: /home/robofei/Music/robotis_ws/install/dynamixel_sdk_examples/share/dynamixel_sdk_examples//launch/dynamixel_sdk_examples.launch.py
[5.726s] -- Up-to-date symlink: /home/robofei/Music/robotis_ws/install/dynamixel_sdk_examples/share/ament_index/resource_index/package_run_dependencies/dynamixel_sdk_examples
[5.727s] -- Up-to-date symlink: /home/robofei/Music/robotis_ws/install/dynamixel_sdk_examples/share/ament_index/resource_index/parent_prefix_path/dynamixel_sdk_examples
[5.727s] -- Up-to-date symlink: /home/robofei/Music/robotis_ws/install/dynamixel_sdk_examples/share/dynamixel_sdk_examples/environment/ament_prefix_path.sh
[5.728s] -- Up-to-date symlink: /home/robofei/Music/robotis_ws/install/dynamixel_sdk_examples/share/dynamixel_sdk_examples/environment/ament_prefix_path.dsv
[5.728s] -- Up-to-date symlink: /home/robofei/Music/robotis_ws/install/dynamixel_sdk_examples/share/dynamixel_sdk_examples/environment/path.sh
[5.728s] -- Up-to-date symlink: /home/robofei/Music/robotis_ws/install/dynamixel_sdk_examples/share/dynamixel_sdk_examples/environment/path.dsv
[5.729s] -- Up-to-date symlink: /home/robofei/Music/robotis_ws/install/dynamixel_sdk_examples/share/dynamixel_sdk_examples/local_setup.bash
[5.729s] -- Up-to-date symlink: /home/robofei/Music/robotis_ws/install/dynamixel_sdk_examples/share/dynamixel_sdk_examples/local_setup.sh
[5.730s] -- Up-to-date symlink: /home/robofei/Music/robotis_ws/install/dynamixel_sdk_examples/share/dynamixel_sdk_examples/local_setup.zsh
[5.730s] -- Up-to-date symlink: /home/robofei/Music/robotis_ws/install/dynamixel_sdk_examples/share/dynamixel_sdk_examples/local_setup.dsv
[5.730s] -- Symlinking: /home/robofei/Music/robotis_ws/install/dynamixel_sdk_examples/share/dynamixel_sdk_examples/package.dsv
[5.741s] -- Up-to-date symlink: /home/robofei/Music/robotis_ws/install/dynamixel_sdk_examples/share/ament_index/resource_index/packages/dynamixel_sdk_examples
[5.741s] -- Up-to-date symlink: /home/robofei/Music/robotis_ws/install/dynamixel_sdk_examples/share/dynamixel_sdk_examples/cmake/dynamixel_sdk_examplesConfig.cmake
[5.741s] -- Up-to-date symlink: /home/robofei/Music/robotis_ws/install/dynamixel_sdk_examples/share/dynamixel_sdk_examples/cmake/dynamixel_sdk_examplesConfig-version.cmake
[5.742s] -- Up-to-date symlink: /home/robofei/Music/robotis_ws/install/dynamixel_sdk_examples/share/dynamixel_sdk_examples/package.xml
[5.745s] Invoked command in '/home/robofei/Music/robotis_ws/build/dynamixel_sdk_examples' returned '0': CMAKE_PREFIX_PATH=/home/robofei/Music/robotis_ws/install/dynamixel_sdk_custom_interfaces:/home/robofei/Music/robotis_ws/install/dynamixel_sdk:/home/robofei/Music/robotis_ws/install/dynamixel_sdk_examples:/opt/ros/foxy PYTHONPATH=/home/robofei/Music/robotis_ws/install/dynamixel_sdk_custom_interfaces/lib/python3.8/site-packages:/home/robofei/Music/robotis_ws/install/dynamixel_sdk_examples/lib/python3.8/site-packages:/opt/ros/foxy/lib/python3.8/site-packages /usr/bin/cmake --install /home/robofei/Music/robotis_ws/build/dynamixel_sdk_examples
