[0.017s] Invoking command in '/home/robofei/robotis_ws/build/dynamixel_sdk_examples': CMAKE_PREFIX_PATH=/home/robofei/robotis_ws/install/dynamixel_sdk_custom_interfaces:/home/robofei/robotis_ws/install/dynamixel_sdk:/home/robofei/robotis_ws/install/dynamixel_sdk_examples:/opt/ros/foxy /usr/bin/cmake --build /home/robofei/robotis_ws/build/dynamixel_sdk_examples -- -j4 -l4
[0.065s] [35m[1mScanning dependencies of target read_write_node[0m
[0.104s] [ 50%] [32mBuilding CXX object CMakeFiles/read_write_node.dir/src/read_write_node.cpp.o[0m
[5.221s] [100%] [32m[1mLinking CXX executable read_write_node[0m
[5.481s] [100%] Built target read_write_node
[5.492s] Invoked command in '/home/robofei/robotis_ws/build/dynamixel_sdk_examples' returned '0': CMAKE_PREFIX_PATH=/home/robofei/robotis_ws/install/dynamixel_sdk_custom_interfaces:/home/robofei/robotis_ws/install/dynamixel_sdk:/home/robofei/robotis_ws/install/dynamixel_sdk_examples:/opt/ros/foxy /usr/bin/cmake --build /home/robofei/robotis_ws/build/dynamixel_sdk_examples -- -j4 -l4
[5.520s] Invoking command in '/home/robofei/robotis_ws/build/dynamixel_sdk_examples': CMAKE_PREFIX_PATH=/home/robofei/robotis_ws/install/dynamixel_sdk_custom_interfaces:/home/robofei/robotis_ws/install/dynamixel_sdk:/home/robofei/robotis_ws/install/dynamixel_sdk_examples:/opt/ros/foxy /usr/bin/cmake --install /home/robofei/robotis_ws/build/dynamixel_sdk_examples
[5.532s] -- Install configuration: ""
[5.532s] -- Execute custom install script
[5.533s] -- Up-to-date symlink: /home/robofei/robotis_ws/install/dynamixel_sdk_examples/lib/dynamixel_sdk_examples/read_write_node
[5.533s] -- Up-to-date symlink: /home/robofei/robotis_ws/install/dynamixel_sdk_examples/share/ament_index/resource_index/package_run_dependencies/dynamixel_sdk_examples
[5.534s] -- Up-to-date symlink: /home/robofei/robotis_ws/install/dynamixel_sdk_examples/share/ament_index/resource_index/parent_prefix_path/dynamixel_sdk_examples
[5.534s] -- Up-to-date symlink: /home/robofei/robotis_ws/install/dynamixel_sdk_examples/share/dynamixel_sdk_examples/environment/ament_prefix_path.sh
[5.535s] -- Up-to-date symlink: /home/robofei/robotis_ws/install/dynamixel_sdk_examples/share/dynamixel_sdk_examples/environment/ament_prefix_path.dsv
[5.535s] -- Up-to-date symlink: /home/robofei/robotis_ws/install/dynamixel_sdk_examples/share/dynamixel_sdk_examples/environment/path.sh
[5.535s] -- Up-to-date symlink: /home/robofei/robotis_ws/install/dynamixel_sdk_examples/share/dynamixel_sdk_examples/environment/path.dsv
[5.536s] -- Up-to-date symlink: /home/robofei/robotis_ws/install/dynamixel_sdk_examples/share/dynamixel_sdk_examples/local_setup.bash
[5.536s] -- Up-to-date symlink: /home/robofei/robotis_ws/install/dynamixel_sdk_examples/share/dynamixel_sdk_examples/local_setup.sh
[5.536s] -- Up-to-date symlink: /home/robofei/robotis_ws/install/dynamixel_sdk_examples/share/dynamixel_sdk_examples/local_setup.zsh
[5.537s] -- Up-to-date symlink: /home/robofei/robotis_ws/install/dynamixel_sdk_examples/share/dynamixel_sdk_examples/local_setup.dsv
[5.537s] -- Symlinking: /home/robofei/robotis_ws/install/dynamixel_sdk_examples/share/dynamixel_sdk_examples/package.dsv
[5.547s] -- Up-to-date symlink: /home/robofei/robotis_ws/install/dynamixel_sdk_examples/share/ament_index/resource_index/packages/dynamixel_sdk_examples
[5.547s] -- Up-to-date symlink: /home/robofei/robotis_ws/install/dynamixel_sdk_examples/share/dynamixel_sdk_examples/cmake/dynamixel_sdk_examplesConfig.cmake
[5.548s] -- Up-to-date symlink: /home/robofei/robotis_ws/install/dynamixel_sdk_examples/share/dynamixel_sdk_examples/cmake/dynamixel_sdk_examplesConfig-version.cmake
[5.548s] -- Up-to-date symlink: /home/robofei/robotis_ws/install/dynamixel_sdk_examples/share/dynamixel_sdk_examples/package.xml
[5.554s] Invoked command in '/home/robofei/robotis_ws/build/dynamixel_sdk_examples' returned '0': CMAKE_PREFIX_PATH=/home/robofei/robotis_ws/install/dynamixel_sdk_custom_interfaces:/home/robofei/robotis_ws/install/dynamixel_sdk:/home/robofei/robotis_ws/install/dynamixel_sdk_examples:/opt/ros/foxy /usr/bin/cmake --install /home/robofei/robotis_ws/build/dynamixel_sdk_examples
