[0.012s] Invoking command in '/home/robofei/robotis_ws/build/dynamixel_sdk_examples': AMENT_PREFIX_PATH=/home/robofei/robotis_ws/install/dynamixel_sdk_custom_interfaces:/home/robofei/robotis_ws/install/dynamixel_sdk:${AMENT_PREFIX_PATH} CMAKE_PREFIX_PATH=/home/robofei/robotis_ws/install/dynamixel_sdk_custom_interfaces:/home/robofei/robotis_ws/install/dynamixel_sdk:/opt/ros/foxy LD_LIBRARY_PATH=/home/robofei/robotis_ws/install/dynamixel_sdk_custom_interfaces/lib:/home/robofei/robotis_ws/install/dynamixel_sdk/lib:${LD_LIBRARY_PATH} PYTHONPATH=/home/robofei/robotis_ws/install/dynamixel_sdk_custom_interfaces/lib/python3.8/site-packages:${PYTHONPATH} /usr/bin/cmake --build /home/robofei/robotis_ws/build/dynamixel_sdk_examples -- -j4 -l4
[0.061s] [35m[1mScanning dependencies of target read_write_node[0m
[0.091s] [ 50%] [32mBuilding CXX object CMakeFiles/read_write_node.dir/src/read_write_node.cpp.o[0m
[1.412s] [01m[K/home/robofei/robotis_ws/src/DynamixelSDK/dynamixel_sdk_examples/src/read_write_node.cpp:[m[K In lambda function:
[1.412s] [01m[K/home/robofei/robotis_ws/src/DynamixelSDK/dynamixel_sdk_examples/src/read_write_node.cpp:84:18:[m[K [01;35m[Kwarning: [m[KISO C++ forbids variable length array ‘[01m[Kgoal_position[m[K’ [[01;35m[K-Wvla[m[K]
[1.413s]    84 |         uint32_t [01;35m[Kgoal_position[m[K[i] = (unsigned int)msg->position[i];  // Convert int32 -> uint32
[1.413s]       |                  [01;35m[K^~~~~~~~~~~~~[m[K
[1.413s] [01m[K/home/robofei/robotis_ws/src/DynamixelSDK/dynamixel_sdk_examples/src/read_write_node.cpp:84:37:[m[K [01;31m[Kerror: [m[Karray must be initialized with a brace-enclosed initializer
[1.413s]    84 |         uint32_t goal_position[i] = (unsigned int)msg->position[i];  // Convert int32 -> uint32
[1.413s] [01m[K/home/robofei/robotis_ws/src/DynamixelSDK/dynamixel_sdk_examples/src/read_write_node.cpp:94:9:[m[K [01;31m[Kerror: [m[Kinvalid conversion from ‘[01m[Kuint32_t*[m[K’ {aka ‘[01m[Kunsigned int*[m[K’} to ‘[01m[Kuint32_t[m[K’ {aka ‘[01m[Kunsigned int[m[K’} [[01;31m[K-fpermissive[m[K]
[1.413s]    94 |         [01;31m[Kgoal_position[m[K,
[1.413s]       |         [01;31m[K^~~~~~~~~~~~~[m[K
[1.413s]       |         [01;31m[K|[m[K
[1.413s]       |         [01;31m[Kuint32_t* {aka unsigned int*}[m[K
[1.413s] In file included from [01m[K/home/robofei/robotis_ws/install/dynamixel_sdk/include/dynamixel_sdk/group_bulk_read.h:29[m[K,
[1.413s]                  from [01m[K/home/robofei/robotis_ws/install/dynamixel_sdk/include/dynamixel_sdk/dynamixel_sdk.h:26[m[K,
[1.413s]                  from [01m[K/home/robofei/robotis_ws/src/DynamixelSDK/dynamixel_sdk_examples/src/read_write_node.cpp:34[m[K:
[1.413s] [01m[K/home/robofei/robotis_ws/install/dynamixel_sdk/include/dynamixel_sdk/packet_handler.h:507:90:[m[K [01;36m[Knote: [m[K  initializing argument 4 of ‘[01m[Kvirtual int dynamixel::PacketHandler::write4ByteTxRx(dynamixel::PortHandler*, uint8_t, uint16_t, uint32_t, uint8_t*)[m[K’
[1.413s]   507 |   (PortHandler *port, uint8_t id, uint16_t address, [01;36m[Kuint32_t data[m[K, uint8_t *error = 0) = 0;
[1.414s]       |                                                     [01;36m[K~~~~~~~~~^~~~[m[K
[1.414s] 
[1.417s] [01m[K/home/robofei/robotis_ws/src/DynamixelSDK/dynamixel_sdk_examples/src/read_write_node.cpp:[m[K In constructor ‘[01m[KReadWriteNode::ReadWriteNode()[m[K’:
[1.418s] [01m[K/home/robofei/robotis_ws/src/DynamixelSDK/dynamixel_sdk_examples/src/read_write_node.cpp:111:31:[m[K [01;31m[Kerror: [m[Kno matching function for call to ‘[01m[KReadWriteNode::~ReadWriteNode()[m[K’
[1.418s]   111 | ReadWriteNode::~ReadWriteNode([01;31m[K)[m[K
[1.418s]       |                               [01;31m[K^[m[K
[1.418s] In file included from [01m[K/home/robofei/robotis_ws/src/DynamixelSDK/dynamixel_sdk_examples/src/read_write_node.cpp:39[m[K:
[1.418s] [01m[K/home/robofei/robotis_ws/src/DynamixelSDK/dynamixel_sdk_examples/include/read_write_node.hpp:36:11:[m[K [01;36m[Knote: [m[Kcandidate: ‘[01m[Kvirtual ReadWriteNode::~ReadWriteNode()[m[K’
[1.418s]    36 |   virtual [01;36m[K~[m[KReadWriteNode();
[1.418s]       |           [01;36m[K^[m[K
[1.418s] [01m[K/home/robofei/robotis_ws/src/DynamixelSDK/dynamixel_sdk_examples/include/read_write_node.hpp:36:11:[m[K [01;36m[Knote: [m[K  candidate expects 1 argument, 0 provided
[1.418s] [01m[K/home/robofei/robotis_ws/src/DynamixelSDK/dynamixel_sdk_examples/src/read_write_node.cpp:116:1:[m[K [01;31m[Kerror: [m[Ka function-definition is not allowed here before ‘[01m[K{[m[K’ token
[1.418s]   116 | [01;31m[K{[m[K
[1.418s]       | [01;31m[K^[m[K
[1.418s] [01m[K/home/robofei/robotis_ws/src/DynamixelSDK/dynamixel_sdk_examples/src/read_write_node.cpp:149:1:[m[K [01;31m[Kerror: [m[Ka function-definition is not allowed here before ‘[01m[K{[m[K’ token
[1.418s]   149 | [01;31m[K{[m[K
[1.418s]       | [01;31m[K^[m[K
[1.418s] [01m[K/home/robofei/robotis_ws/src/DynamixelSDK/dynamixel_sdk_examples/src/read_write_node.cpp:193:1:[m[K [01;31m[Kerror: [m[Kexpected ‘[01m[K}[m[K’ at end of input
[1.419s]   193 | [01;31m[K}[m[K
[1.419s]       | [01;31m[K^[m[K
[1.419s] [01m[K/home/robofei/robotis_ws/src/DynamixelSDK/dynamixel_sdk_examples/src/read_write_node.cpp:63:1:[m[K [01;36m[Knote: [m[Kto match this ‘[01m[K{[m[K’
[1.419s]    63 | [01;36m[K{[m[K
[1.419s]       | [01;36m[K^[m[K
[2.841s] make[2]: *** [CMakeFiles/read_write_node.dir/build.make:63: CMakeFiles/read_write_node.dir/src/read_write_node.cpp.o] Error 1
[2.841s] make[1]: *** [CMakeFiles/Makefile2:78: CMakeFiles/read_write_node.dir/all] Error 2
[2.841s] make: *** [Makefile:141: all] Error 2
[2.843s] Invoked command in '/home/robofei/robotis_ws/build/dynamixel_sdk_examples' returned '2': AMENT_PREFIX_PATH=/home/robofei/robotis_ws/install/dynamixel_sdk_custom_interfaces:/home/robofei/robotis_ws/install/dynamixel_sdk:${AMENT_PREFIX_PATH} CMAKE_PREFIX_PATH=/home/robofei/robotis_ws/install/dynamixel_sdk_custom_interfaces:/home/robofei/robotis_ws/install/dynamixel_sdk:/opt/ros/foxy LD_LIBRARY_PATH=/home/robofei/robotis_ws/install/dynamixel_sdk_custom_interfaces/lib:/home/robofei/robotis_ws/install/dynamixel_sdk/lib:${LD_LIBRARY_PATH} PYTHONPATH=/home/robofei/robotis_ws/install/dynamixel_sdk_custom_interfaces/lib/python3.8/site-packages:${PYTHONPATH} /usr/bin/cmake --build /home/robofei/robotis_ws/build/dynamixel_sdk_examples -- -j4 -l4
