[0.167s] DEBUG:colcon:Command line arguments: ['/usr/bin/colcon', 'build', '--symlink-install']
[0.167s] DEBUG:colcon:Parsed command line arguments: Namespace(allow_overriding=[], ament_cmake_args=None, base_paths=['.'], build_base='build', catkin_cmake_args=None, catkin_skip_building_tests=False, cmake_args=None, cmake_clean_cache=False, cmake_clean_first=False, cmake_force_configure=False, cmake_target=None, cmake_target_skip_unavailable=False, continue_on_error=False, event_handlers=None, executor='parallel', ignore_user_meta=False, install_base='install', log_base=None, log_level=None, main=<bound method BuildVerb.main of <colcon_core.verb.build.BuildVerb object at 0x7f04edaa7880>>, merge_install=False, metas=['./colcon.meta'], packages_above=None, packages_above_and_dependencies=None, packages_above_depth=None, packages_end=None, packages_ignore=None, packages_ignore_regex=None, packages_select=None, packages_select_build_failed=False, packages_select_by_dep=None, packages_select_regex=None, packages_select_test_failures=False, packages_skip=None, packages_skip_build_finished=False, packages_skip_by_dep=None, packages_skip_regex=None, packages_skip_test_passed=False, packages_skip_up_to=None, packages_start=None, packages_up_to=None, packages_up_to_regex=None, parallel_workers=4, paths=None, symlink_install=True, test_result_base=None, verb_extension=<colcon_core.verb.build.BuildVerb object at 0x7f04edaa7880>, verb_name='build', verb_parser=<colcon_defaults.argument_parser.defaults.DefaultArgumentsDecorator object at 0x7f04edaa7df0>)
[0.172s] Level 1:colcon.colcon_core.package_discovery:discover_packages(colcon_meta) check parameters
[0.172s] Level 1:colcon.colcon_core.package_discovery:discover_packages(recursive) check parameters
[0.172s] Level 1:colcon.colcon_core.package_discovery:discover_packages(ignore) check parameters
[0.172s] Level 1:colcon.colcon_core.package_discovery:discover_packages(path) check parameters
[0.172s] Level 1:colcon.colcon_core.package_discovery:discover_packages(colcon_meta) discover
[0.173s] Level 1:colcon.colcon_core.package_discovery:discover_packages(recursive) discover
[0.173s] INFO:colcon.colcon_core.package_discovery:Crawling recursively for packages in '/home/robofei/ROS2/action'
[0.173s] Level 1:colcon.colcon_core.package_identification:_identify(.) by extensions ['ignore', 'ignore_ament_install']
[0.173s] Level 1:colcon.colcon_core.package_identification:_identify(.) by extension 'ignore'
[0.173s] Level 1:colcon.colcon_core.package_identification:_identify(.) by extension 'ignore_ament_install'
[0.173s] Level 1:colcon.colcon_core.package_identification:_identify(.) by extensions ['colcon_pkg']
[0.173s] Level 1:colcon.colcon_core.package_identification:_identify(.) by extension 'colcon_pkg'
[0.173s] Level 1:colcon.colcon_core.package_identification:_identify(.) by extensions ['colcon_meta']
[0.173s] Level 1:colcon.colcon_core.package_identification:_identify(.) by extension 'colcon_meta'
[0.173s] Level 1:colcon.colcon_core.package_identification:_identify(.) by extensions ['ros']
[0.173s] Level 1:colcon.colcon_core.package_identification:_identify(.) by extension 'ros'
[0.186s] Level 1:colcon.colcon_core.package_identification:_identify(.) by extensions ['cmake', 'python']
[0.186s] Level 1:colcon.colcon_core.package_identification:_identify(.) by extension 'cmake'
[0.186s] Level 1:colcon.colcon_core.package_identification:_identify(.) by extension 'python'
[0.187s] Level 1:colcon.colcon_core.package_identification:_identify(.) by extensions ['python_setup_py']
[0.187s] Level 1:colcon.colcon_core.package_identification:_identify(.) by extension 'python_setup_py'
[0.187s] Level 1:colcon.colcon_core.package_identification:_identify(build) by extensions ['ignore', 'ignore_ament_install']
[0.187s] Level 1:colcon.colcon_core.package_identification:_identify(build) by extension 'ignore'
[0.187s] Level 1:colcon.colcon_core.package_identification:_identify(build) ignored
[0.187s] Level 1:colcon.colcon_core.package_identification:_identify(install) by extensions ['ignore', 'ignore_ament_install']
[0.187s] Level 1:colcon.colcon_core.package_identification:_identify(install) by extension 'ignore'
[0.187s] Level 1:colcon.colcon_core.package_identification:_identify(install) ignored
[0.187s] Level 1:colcon.colcon_core.package_identification:_identify(log) by extensions ['ignore', 'ignore_ament_install']
[0.187s] Level 1:colcon.colcon_core.package_identification:_identify(log) by extension 'ignore'
[0.188s] Level 1:colcon.colcon_core.package_identification:_identify(log) ignored
[0.188s] Level 1:colcon.colcon_core.package_identification:_identify(src) by extensions ['ignore', 'ignore_ament_install']
[0.188s] Level 1:colcon.colcon_core.package_identification:_identify(src) by extension 'ignore'
[0.188s] Level 1:colcon.colcon_core.package_identification:_identify(src) by extension 'ignore_ament_install'
[0.188s] Level 1:colcon.colcon_core.package_identification:_identify(src) by extensions ['colcon_pkg']
[0.188s] Level 1:colcon.colcon_core.package_identification:_identify(src) by extension 'colcon_pkg'
[0.188s] Level 1:colcon.colcon_core.package_identification:_identify(src) by extensions ['colcon_meta']
[0.188s] Level 1:colcon.colcon_core.package_identification:_identify(src) by extension 'colcon_meta'
[0.188s] Level 1:colcon.colcon_core.package_identification:_identify(src) by extensions ['ros']
[0.188s] Level 1:colcon.colcon_core.package_identification:_identify(src) by extension 'ros'
[0.188s] Level 1:colcon.colcon_core.package_identification:_identify(src) by extensions ['cmake', 'python']
[0.188s] Level 1:colcon.colcon_core.package_identification:_identify(src) by extension 'cmake'
[0.188s] Level 1:colcon.colcon_core.package_identification:_identify(src) by extension 'python'
[0.188s] Level 1:colcon.colcon_core.package_identification:_identify(src) by extensions ['python_setup_py']
[0.188s] Level 1:colcon.colcon_core.package_identification:_identify(src) by extension 'python_setup_py'
[0.188s] Level 1:colcon.colcon_core.package_identification:_identify(src/control) by extensions ['ignore', 'ignore_ament_install']
[0.189s] Level 1:colcon.colcon_core.package_identification:_identify(src/control) by extension 'ignore'
[0.189s] Level 1:colcon.colcon_core.package_identification:_identify(src/control) by extension 'ignore_ament_install'
[0.189s] Level 1:colcon.colcon_core.package_identification:_identify(src/control) by extensions ['colcon_pkg']
[0.189s] Level 1:colcon.colcon_core.package_identification:_identify(src/control) by extension 'colcon_pkg'
[0.189s] Level 1:colcon.colcon_core.package_identification:_identify(src/control) by extensions ['colcon_meta']
[0.189s] Level 1:colcon.colcon_core.package_identification:_identify(src/control) by extension 'colcon_meta'
[0.189s] Level 1:colcon.colcon_core.package_identification:_identify(src/control) by extensions ['ros']
[0.189s] Level 1:colcon.colcon_core.package_identification:_identify(src/control) by extension 'ros'
[0.192s] DEBUG:colcon.colcon_core.package_identification:Package 'src/control' with type 'ros.ament_cmake' and name 'control'
[0.193s] Level 1:colcon.colcon_core.package_identification:_identify(src/custom_interfaces) by extensions ['ignore', 'ignore_ament_install']
[0.193s] Level 1:colcon.colcon_core.package_identification:_identify(src/custom_interfaces) by extension 'ignore'
[0.193s] Level 1:colcon.colcon_core.package_identification:_identify(src/custom_interfaces) by extension 'ignore_ament_install'
[0.193s] Level 1:colcon.colcon_core.package_identification:_identify(src/custom_interfaces) by extensions ['colcon_pkg']
[0.193s] Level 1:colcon.colcon_core.package_identification:_identify(src/custom_interfaces) by extension 'colcon_pkg'
[0.193s] Level 1:colcon.colcon_core.package_identification:_identify(src/custom_interfaces) by extensions ['colcon_meta']
[0.193s] Level 1:colcon.colcon_core.package_identification:_identify(src/custom_interfaces) by extension 'colcon_meta'
[0.193s] Level 1:colcon.colcon_core.package_identification:_identify(src/custom_interfaces) by extensions ['ros']
[0.193s] Level 1:colcon.colcon_core.package_identification:_identify(src/custom_interfaces) by extension 'ros'
[0.194s] DEBUG:colcon.colcon_core.package_identification:Package 'src/custom_interfaces' with type 'ros.ament_cmake' and name 'custom_interfaces'
[0.194s] Level 1:colcon.colcon_core.package_discovery:discover_packages(recursive) using defaults
[0.194s] Level 1:colcon.colcon_core.package_discovery:discover_packages(ignore) discover
[0.194s] Level 1:colcon.colcon_core.package_discovery:discover_packages(ignore) using defaults
[0.194s] Level 1:colcon.colcon_core.package_discovery:discover_packages(path) discover
[0.194s] Level 1:colcon.colcon_core.package_discovery:discover_packages(path) using defaults
[0.215s] Level 5:colcon.colcon_core.verb:set package 'custom_interfaces' build argument 'cmake_args' from command line to 'None'
[0.215s] Level 5:colcon.colcon_core.verb:set package 'custom_interfaces' build argument 'cmake_target' from command line to 'None'
[0.215s] Level 5:colcon.colcon_core.verb:set package 'custom_interfaces' build argument 'cmake_target_skip_unavailable' from command line to 'False'
[0.215s] Level 5:colcon.colcon_core.verb:set package 'custom_interfaces' build argument 'cmake_clean_cache' from command line to 'False'
[0.215s] Level 5:colcon.colcon_core.verb:set package 'custom_interfaces' build argument 'cmake_clean_first' from command line to 'False'
[0.215s] Level 5:colcon.colcon_core.verb:set package 'custom_interfaces' build argument 'cmake_force_configure' from command line to 'False'
[0.215s] Level 5:colcon.colcon_core.verb:set package 'custom_interfaces' build argument 'ament_cmake_args' from command line to 'None'
[0.215s] Level 5:colcon.colcon_core.verb:set package 'custom_interfaces' build argument 'catkin_cmake_args' from command line to 'None'
[0.215s] Level 5:colcon.colcon_core.verb:set package 'custom_interfaces' build argument 'catkin_skip_building_tests' from command line to 'False'
[0.215s] DEBUG:colcon.colcon_core.verb:Building package 'custom_interfaces' with the following arguments: {'ament_cmake_args': None, 'build_base': '/home/robofei/ROS2/action/build/custom_interfaces', 'catkin_cmake_args': None, 'catkin_skip_building_tests': False, 'cmake_args': None, 'cmake_clean_cache': False, 'cmake_clean_first': False, 'cmake_force_configure': False, 'cmake_target': None, 'cmake_target_skip_unavailable': False, 'install_base': '/home/robofei/ROS2/action/install/custom_interfaces', 'merge_install': False, 'path': '/home/robofei/ROS2/action/src/custom_interfaces', 'symlink_install': True, 'test_result_base': None}
[0.216s] Level 5:colcon.colcon_core.verb:set package 'control' build argument 'cmake_args' from command line to 'None'
[0.216s] Level 5:colcon.colcon_core.verb:set package 'control' build argument 'cmake_target' from command line to 'None'
[0.216s] Level 5:colcon.colcon_core.verb:set package 'control' build argument 'cmake_target_skip_unavailable' from command line to 'False'
[0.216s] Level 5:colcon.colcon_core.verb:set package 'control' build argument 'cmake_clean_cache' from command line to 'False'
[0.216s] Level 5:colcon.colcon_core.verb:set package 'control' build argument 'cmake_clean_first' from command line to 'False'
[0.216s] Level 5:colcon.colcon_core.verb:set package 'control' build argument 'cmake_force_configure' from command line to 'False'
[0.216s] Level 5:colcon.colcon_core.verb:set package 'control' build argument 'ament_cmake_args' from command line to 'None'
[0.216s] Level 5:colcon.colcon_core.verb:set package 'control' build argument 'catkin_cmake_args' from command line to 'None'
[0.216s] Level 5:colcon.colcon_core.verb:set package 'control' build argument 'catkin_skip_building_tests' from command line to 'False'
[0.216s] DEBUG:colcon.colcon_core.verb:Building package 'control' with the following arguments: {'ament_cmake_args': None, 'build_base': '/home/robofei/ROS2/action/build/control', 'catkin_cmake_args': None, 'catkin_skip_building_tests': False, 'cmake_args': None, 'cmake_clean_cache': False, 'cmake_clean_first': False, 'cmake_force_configure': False, 'cmake_target': None, 'cmake_target_skip_unavailable': False, 'install_base': '/home/robofei/ROS2/action/install/control', 'merge_install': False, 'path': '/home/robofei/ROS2/action/src/control', 'symlink_install': True, 'test_result_base': None}
[0.220s] INFO:colcon.colcon_core.executor:Executing jobs using 'parallel' executor
[0.222s] DEBUG:colcon.colcon_parallel_executor.executor.parallel:run_until_complete
[0.222s] INFO:colcon.colcon_ros.task.ament_cmake.build:Building ROS package in '/home/robofei/ROS2/action/src/custom_interfaces' with build type 'ament_cmake'
[0.222s] INFO:colcon.colcon_cmake.task.cmake.build:Building CMake package in '/home/robofei/ROS2/action/src/custom_interfaces'
[0.227s] INFO:colcon.colcon_core.plugin_system:Skipping extension 'colcon_core.shell.bat': Not used on non-Windows systems
[0.227s] INFO:colcon.colcon_core.shell:Skip shell extension 'powershell' for command environment: Not usable outside of PowerShell
[0.227s] DEBUG:colcon.colcon_core.shell:Skip shell extension 'dsv' for command environment
[0.237s] DEBUG:colcon.colcon_core.event_handler.log_command:Invoking command in '/home/robofei/ROS2/action/build/custom_interfaces': CMAKE_PREFIX_PATH=/opt/ros/foxy /usr/bin/cmake --build /home/robofei/ROS2/action/build/custom_interfaces -- -j4 -l4
[0.513s] DEBUG:colcon.colcon_core.event_handler.log_command:Invoked command in '/home/robofei/ROS2/action/build/custom_interfaces' returned '0': CMAKE_PREFIX_PATH=/opt/ros/foxy /usr/bin/cmake --build /home/robofei/ROS2/action/build/custom_interfaces -- -j4 -l4
[0.612s] DEBUG:colcon.colcon_core.event_handler.log_command:Invoking command in '/home/robofei/ROS2/action/build/custom_interfaces': CMAKE_PREFIX_PATH=/opt/ros/foxy /usr/bin/cmake --install /home/robofei/ROS2/action/build/custom_interfaces
[0.712s] Level 1:colcon.colcon_core.environment:create_environment_scripts_only(custom_interfaces)
[0.713s] DEBUG:colcon.colcon_core.event_handler.log_command:Invoked command in '/home/robofei/ROS2/action/build/custom_interfaces' returned '0': CMAKE_PREFIX_PATH=/opt/ros/foxy /usr/bin/cmake --install /home/robofei/ROS2/action/build/custom_interfaces
[0.717s] Level 1:colcon.colcon_core.environment:checking '/home/robofei/ROS2/action/install/custom_interfaces' for CMake module files
[0.718s] Level 1:colcon.colcon_core.environment:checking '/home/robofei/ROS2/action/install/custom_interfaces' for CMake config files
[0.719s] Level 1:colcon.colcon_core.shell:create_environment_hook('custom_interfaces', 'cmake_prefix_path')
[0.719s] INFO:colcon.colcon_core.shell:Creating environment hook '/home/robofei/ROS2/action/install/custom_interfaces/share/custom_interfaces/hook/cmake_prefix_path.ps1'
[0.720s] INFO:colcon.colcon_core.shell:Creating environment descriptor '/home/robofei/ROS2/action/install/custom_interfaces/share/custom_interfaces/hook/cmake_prefix_path.dsv'
[0.720s] INFO:colcon.colcon_core.shell:Creating environment hook '/home/robofei/ROS2/action/install/custom_interfaces/share/custom_interfaces/hook/cmake_prefix_path.sh'
[0.721s] Level 1:colcon.colcon_core.environment:checking '/home/robofei/ROS2/action/install/custom_interfaces/lib'
[0.722s] Level 1:colcon.colcon_core.shell:create_environment_hook('custom_interfaces', 'ld_library_path_lib')
[0.722s] INFO:colcon.colcon_core.shell:Creating environment hook '/home/robofei/ROS2/action/install/custom_interfaces/share/custom_interfaces/hook/ld_library_path_lib.ps1'
[0.723s] INFO:colcon.colcon_core.shell:Creating environment descriptor '/home/robofei/ROS2/action/install/custom_interfaces/share/custom_interfaces/hook/ld_library_path_lib.dsv'
[0.724s] INFO:colcon.colcon_core.shell:Creating environment hook '/home/robofei/ROS2/action/install/custom_interfaces/share/custom_interfaces/hook/ld_library_path_lib.sh'
[0.724s] Level 1:colcon.colcon_core.environment:checking '/home/robofei/ROS2/action/install/custom_interfaces/bin'
[0.724s] Level 1:colcon.colcon_core.environment:checking '/home/robofei/ROS2/action/install/custom_interfaces/lib/pkgconfig/custom_interfaces.pc'
[0.725s] Level 1:colcon.colcon_core.environment:checking '/home/robofei/ROS2/action/install/custom_interfaces/lib/python3.8/site-packages'
[0.725s] Level 1:colcon.colcon_core.shell:create_environment_hook('custom_interfaces', 'pythonpath')
[0.725s] INFO:colcon.colcon_core.shell:Creating environment hook '/home/robofei/ROS2/action/install/custom_interfaces/share/custom_interfaces/hook/pythonpath.ps1'
[0.726s] INFO:colcon.colcon_core.shell:Creating environment descriptor '/home/robofei/ROS2/action/install/custom_interfaces/share/custom_interfaces/hook/pythonpath.dsv'
[0.726s] INFO:colcon.colcon_core.shell:Creating environment hook '/home/robofei/ROS2/action/install/custom_interfaces/share/custom_interfaces/hook/pythonpath.sh'
[0.727s] INFO:colcon.colcon_core.shell:Creating package script '/home/robofei/ROS2/action/install/custom_interfaces/share/custom_interfaces/package.ps1'
[0.728s] INFO:colcon.colcon_core.shell:Creating package descriptor '/home/robofei/ROS2/action/install/custom_interfaces/share/custom_interfaces/package.dsv'
[0.729s] INFO:colcon.colcon_core.shell:Creating package script '/home/robofei/ROS2/action/install/custom_interfaces/share/custom_interfaces/package.sh'
[0.730s] INFO:colcon.colcon_core.shell:Creating package script '/home/robofei/ROS2/action/install/custom_interfaces/share/custom_interfaces/package.bash'
[0.730s] INFO:colcon.colcon_core.shell:Creating package script '/home/robofei/ROS2/action/install/custom_interfaces/share/custom_interfaces/package.zsh'
[0.731s] Level 1:colcon.colcon_core.environment:create_file_with_runtime_dependencies(/home/robofei/ROS2/action/install/custom_interfaces/share/colcon-core/packages/custom_interfaces)
[0.813s] Level 1:colcon.colcon_core.environment:create_environment_scripts_only(custom_interfaces)
[0.814s] Level 1:colcon.colcon_core.environment:checking '/home/robofei/ROS2/action/install/custom_interfaces' for CMake module files
[0.815s] Level 1:colcon.colcon_core.environment:checking '/home/robofei/ROS2/action/install/custom_interfaces' for CMake config files
[0.816s] Level 1:colcon.colcon_core.shell:create_environment_hook('custom_interfaces', 'cmake_prefix_path')
[0.816s] INFO:colcon.colcon_core.shell:Creating environment hook '/home/robofei/ROS2/action/install/custom_interfaces/share/custom_interfaces/hook/cmake_prefix_path.ps1'
[0.817s] INFO:colcon.colcon_core.shell:Creating environment descriptor '/home/robofei/ROS2/action/install/custom_interfaces/share/custom_interfaces/hook/cmake_prefix_path.dsv'
[0.817s] INFO:colcon.colcon_core.shell:Creating environment hook '/home/robofei/ROS2/action/install/custom_interfaces/share/custom_interfaces/hook/cmake_prefix_path.sh'
[0.818s] Level 1:colcon.colcon_core.environment:checking '/home/robofei/ROS2/action/install/custom_interfaces/lib'
[0.818s] Level 1:colcon.colcon_core.shell:create_environment_hook('custom_interfaces', 'ld_library_path_lib')
[0.818s] INFO:colcon.colcon_core.shell:Creating environment hook '/home/robofei/ROS2/action/install/custom_interfaces/share/custom_interfaces/hook/ld_library_path_lib.ps1'
[0.819s] INFO:colcon.colcon_core.shell:Creating environment descriptor '/home/robofei/ROS2/action/install/custom_interfaces/share/custom_interfaces/hook/ld_library_path_lib.dsv'
[0.819s] INFO:colcon.colcon_core.shell:Creating environment hook '/home/robofei/ROS2/action/install/custom_interfaces/share/custom_interfaces/hook/ld_library_path_lib.sh'
[0.819s] Level 1:colcon.colcon_core.environment:checking '/home/robofei/ROS2/action/install/custom_interfaces/bin'
[0.819s] Level 1:colcon.colcon_core.environment:checking '/home/robofei/ROS2/action/install/custom_interfaces/lib/pkgconfig/custom_interfaces.pc'
[0.820s] Level 1:colcon.colcon_core.environment:checking '/home/robofei/ROS2/action/install/custom_interfaces/lib/python3.8/site-packages'
[0.820s] Level 1:colcon.colcon_core.shell:create_environment_hook('custom_interfaces', 'pythonpath')
[0.820s] INFO:colcon.colcon_core.shell:Creating environment hook '/home/robofei/ROS2/action/install/custom_interfaces/share/custom_interfaces/hook/pythonpath.ps1'
[0.820s] INFO:colcon.colcon_core.shell:Creating environment descriptor '/home/robofei/ROS2/action/install/custom_interfaces/share/custom_interfaces/hook/pythonpath.dsv'
[0.821s] INFO:colcon.colcon_core.shell:Creating environment hook '/home/robofei/ROS2/action/install/custom_interfaces/share/custom_interfaces/hook/pythonpath.sh'
[0.822s] INFO:colcon.colcon_core.shell:Creating package script '/home/robofei/ROS2/action/install/custom_interfaces/share/custom_interfaces/package.ps1'
[0.822s] INFO:colcon.colcon_core.shell:Creating package descriptor '/home/robofei/ROS2/action/install/custom_interfaces/share/custom_interfaces/package.dsv'
[0.823s] INFO:colcon.colcon_core.shell:Creating package script '/home/robofei/ROS2/action/install/custom_interfaces/share/custom_interfaces/package.sh'
[0.824s] INFO:colcon.colcon_core.shell:Creating package script '/home/robofei/ROS2/action/install/custom_interfaces/share/custom_interfaces/package.bash'
[0.824s] INFO:colcon.colcon_core.shell:Creating package script '/home/robofei/ROS2/action/install/custom_interfaces/share/custom_interfaces/package.zsh'
[0.825s] Level 1:colcon.colcon_core.environment:create_file_with_runtime_dependencies(/home/robofei/ROS2/action/install/custom_interfaces/share/colcon-core/packages/custom_interfaces)
[0.825s] INFO:colcon.colcon_ros.task.ament_cmake.build:Building ROS package in '/home/robofei/ROS2/action/src/control' with build type 'ament_cmake'
[0.825s] INFO:colcon.colcon_cmake.task.cmake.build:Building CMake package in '/home/robofei/ROS2/action/src/control'
[0.826s] INFO:colcon.colcon_core.shell:Skip shell extension 'powershell' for command environment: Not usable outside of PowerShell
[0.826s] DEBUG:colcon.colcon_core.shell:Skip shell extension 'dsv' for command environment
[0.841s] DEBUG:colcon.colcon_core.event_handler.log_command:Invoking command in '/home/robofei/ROS2/action/build/control': AMENT_PREFIX_PATH=/home/robofei/ROS2/action/install/custom_interfaces:${AMENT_PREFIX_PATH} CMAKE_PREFIX_PATH=/home/robofei/ROS2/action/install/custom_interfaces:/opt/ros/foxy LD_LIBRARY_PATH=/home/robofei/ROS2/action/install/custom_interfaces/lib:${LD_LIBRARY_PATH} PYTHONPATH=/home/robofei/ROS2/action/install/custom_interfaces/lib/python3.8/site-packages:${PYTHONPATH} /usr/bin/cmake --build /home/robofei/ROS2/action/build/control -- -j4 -l4
[6.834s] DEBUG:colcon.colcon_core.event_handler.log_command:Invoked command in '/home/robofei/ROS2/action/build/control' returned '0': AMENT_PREFIX_PATH=/home/robofei/ROS2/action/install/custom_interfaces:${AMENT_PREFIX_PATH} CMAKE_PREFIX_PATH=/home/robofei/ROS2/action/install/custom_interfaces:/opt/ros/foxy LD_LIBRARY_PATH=/home/robofei/ROS2/action/install/custom_interfaces/lib:${LD_LIBRARY_PATH} PYTHONPATH=/home/robofei/ROS2/action/install/custom_interfaces/lib/python3.8/site-packages:${PYTHONPATH} /usr/bin/cmake --build /home/robofei/ROS2/action/build/control -- -j4 -l4
[6.861s] DEBUG:colcon.colcon_core.event_handler.log_command:Invoking command in '/home/robofei/ROS2/action/build/control': AMENT_PREFIX_PATH=/home/robofei/ROS2/action/install/custom_interfaces:${AMENT_PREFIX_PATH} CMAKE_PREFIX_PATH=/home/robofei/ROS2/action/install/custom_interfaces:/opt/ros/foxy LD_LIBRARY_PATH=/home/robofei/ROS2/action/install/custom_interfaces/lib:${LD_LIBRARY_PATH} PYTHONPATH=/home/robofei/ROS2/action/install/custom_interfaces/lib/python3.8/site-packages:${PYTHONPATH} /usr/bin/cmake --install /home/robofei/ROS2/action/build/control
[7.105s] Level 1:colcon.colcon_core.environment:create_environment_scripts_only(control)
[7.106s] Level 1:colcon.colcon_core.environment:checking '/home/robofei/ROS2/action/install/control' for CMake module files
[7.106s] DEBUG:colcon.colcon_core.event_handler.log_command:Invoked command in '/home/robofei/ROS2/action/build/control' returned '0': AMENT_PREFIX_PATH=/home/robofei/ROS2/action/install/custom_interfaces:${AMENT_PREFIX_PATH} CMAKE_PREFIX_PATH=/home/robofei/ROS2/action/install/custom_interfaces:/opt/ros/foxy LD_LIBRARY_PATH=/home/robofei/ROS2/action/install/custom_interfaces/lib:${LD_LIBRARY_PATH} PYTHONPATH=/home/robofei/ROS2/action/install/custom_interfaces/lib/python3.8/site-packages:${PYTHONPATH} /usr/bin/cmake --install /home/robofei/ROS2/action/build/control
[7.107s] Level 1:colcon.colcon_core.environment:checking '/home/robofei/ROS2/action/install/control' for CMake config files
[7.107s] Level 1:colcon.colcon_core.shell:create_environment_hook('control', 'cmake_prefix_path')
[7.108s] INFO:colcon.colcon_core.shell:Creating environment hook '/home/robofei/ROS2/action/install/control/share/control/hook/cmake_prefix_path.ps1'
[7.108s] INFO:colcon.colcon_core.shell:Creating environment descriptor '/home/robofei/ROS2/action/install/control/share/control/hook/cmake_prefix_path.dsv'
[7.109s] INFO:colcon.colcon_core.shell:Creating environment hook '/home/robofei/ROS2/action/install/control/share/control/hook/cmake_prefix_path.sh'
[7.109s] Level 1:colcon.colcon_core.environment:checking '/home/robofei/ROS2/action/install/control/lib'
[7.109s] Level 1:colcon.colcon_core.environment:checking '/home/robofei/ROS2/action/install/control/bin'
[7.109s] Level 1:colcon.colcon_core.environment:checking '/home/robofei/ROS2/action/install/control/lib/pkgconfig/control.pc'
[7.109s] Level 1:colcon.colcon_core.environment:checking '/home/robofei/ROS2/action/install/control/lib/python3.8/site-packages'
[7.110s] INFO:colcon.colcon_core.shell:Creating package script '/home/robofei/ROS2/action/install/control/share/control/package.ps1'
[7.110s] INFO:colcon.colcon_core.shell:Creating package descriptor '/home/robofei/ROS2/action/install/control/share/control/package.dsv'
[7.111s] INFO:colcon.colcon_core.shell:Creating package script '/home/robofei/ROS2/action/install/control/share/control/package.sh'
[7.111s] INFO:colcon.colcon_core.shell:Creating package script '/home/robofei/ROS2/action/install/control/share/control/package.bash'
[7.111s] INFO:colcon.colcon_core.shell:Creating package script '/home/robofei/ROS2/action/install/control/share/control/package.zsh'
[7.112s] Level 1:colcon.colcon_core.environment:create_file_with_runtime_dependencies(/home/robofei/ROS2/action/install/control/share/colcon-core/packages/control)
[7.137s] Level 1:colcon.colcon_core.environment:create_environment_scripts_only(control)
[7.138s] Level 1:colcon.colcon_core.environment:checking '/home/robofei/ROS2/action/install/control' for CMake module files
[7.139s] Level 1:colcon.colcon_core.environment:checking '/home/robofei/ROS2/action/install/control' for CMake config files
[7.139s] Level 1:colcon.colcon_core.shell:create_environment_hook('control', 'cmake_prefix_path')
[7.139s] INFO:colcon.colcon_core.shell:Creating environment hook '/home/robofei/ROS2/action/install/control/share/control/hook/cmake_prefix_path.ps1'
[7.140s] INFO:colcon.colcon_core.shell:Creating environment descriptor '/home/robofei/ROS2/action/install/control/share/control/hook/cmake_prefix_path.dsv'
[7.140s] INFO:colcon.colcon_core.shell:Creating environment hook '/home/robofei/ROS2/action/install/control/share/control/hook/cmake_prefix_path.sh'
[7.141s] Level 1:colcon.colcon_core.environment:checking '/home/robofei/ROS2/action/install/control/lib'
[7.141s] Level 1:colcon.colcon_core.environment:checking '/home/robofei/ROS2/action/install/control/bin'
[7.141s] Level 1:colcon.colcon_core.environment:checking '/home/robofei/ROS2/action/install/control/lib/pkgconfig/control.pc'
[7.141s] Level 1:colcon.colcon_core.environment:checking '/home/robofei/ROS2/action/install/control/lib/python3.8/site-packages'
[7.142s] INFO:colcon.colcon_core.shell:Creating package script '/home/robofei/ROS2/action/install/control/share/control/package.ps1'
[7.142s] INFO:colcon.colcon_core.shell:Creating package descriptor '/home/robofei/ROS2/action/install/control/share/control/package.dsv'
[7.143s] INFO:colcon.colcon_core.shell:Creating package script '/home/robofei/ROS2/action/install/control/share/control/package.sh'
[7.143s] INFO:colcon.colcon_core.shell:Creating package script '/home/robofei/ROS2/action/install/control/share/control/package.bash'
[7.144s] INFO:colcon.colcon_core.shell:Creating package script '/home/robofei/ROS2/action/install/control/share/control/package.zsh'
[7.144s] Level 1:colcon.colcon_core.environment:create_file_with_runtime_dependencies(/home/robofei/ROS2/action/install/control/share/colcon-core/packages/control)
[7.144s] DEBUG:colcon.colcon_parallel_executor.executor.parallel:closing loop
[7.145s] DEBUG:colcon.colcon_parallel_executor.executor.parallel:loop closed
[7.145s] DEBUG:colcon.colcon_parallel_executor.executor.parallel:run_until_complete finished with '0'
[7.145s] DEBUG:colcon.colcon_core.event_reactor:joining thread
[7.151s] INFO:colcon.colcon_core.plugin_system:Skipping extension 'colcon_notification.desktop_notification.terminal_notifier': Not used on non-Darwin systems
[7.151s] INFO:colcon.colcon_core.plugin_system:Skipping extension 'colcon_notification.desktop_notification.win32': Not used on non-Windows systems
[7.151s] INFO:colcon.colcon_notification.desktop_notification:Sending desktop notification using 'notify2'
[7.169s] DEBUG:colcon.colcon_core.event_reactor:joined thread
[7.170s] INFO:colcon.colcon_core.shell:Creating prefix script '/home/robofei/ROS2/action/install/local_setup.ps1'
[7.171s] INFO:colcon.colcon_core.shell:Creating prefix util module '/home/robofei/ROS2/action/install/_local_setup_util_ps1.py'
[7.172s] INFO:colcon.colcon_core.shell:Creating prefix chain script '/home/robofei/ROS2/action/install/setup.ps1'
[7.174s] INFO:colcon.colcon_core.shell:Creating prefix script '/home/robofei/ROS2/action/install/local_setup.sh'
[7.175s] INFO:colcon.colcon_core.shell:Creating prefix util module '/home/robofei/ROS2/action/install/_local_setup_util_sh.py'
[7.175s] INFO:colcon.colcon_core.shell:Creating prefix chain script '/home/robofei/ROS2/action/install/setup.sh'
[7.176s] INFO:colcon.colcon_core.shell:Creating prefix script '/home/robofei/ROS2/action/install/local_setup.bash'
[7.177s] INFO:colcon.colcon_core.shell:Creating prefix chain script '/home/robofei/ROS2/action/install/setup.bash'
[7.178s] INFO:colcon.colcon_core.shell:Creating prefix script '/home/robofei/ROS2/action/install/local_setup.zsh'
[7.179s] INFO:colcon.colcon_core.shell:Creating prefix chain script '/home/robofei/ROS2/action/install/setup.zsh'
