[0.076s] Invoking command in '/home/robofei/ROS2/build/dynamixel_sdk_custom_interfaces': CMAKE_PREFIX_PATH=${CMAKE_PREFIX_PATH}:/home/robofei/ROS2/install/vision_pkg:/home/robofei/ROS2/install/decision_pkg:/home/robofei/ROS2/install/controller:/opt/ros/foxy /usr/bin/cmake --build /home/robofei/ROS2/build/dynamixel_sdk_custom_interfaces -- -j8 -l8
[0.637s] [  1%] Built target dynamixel_sdk_custom_interfaces__cpp
[0.638s] [ 12%] Built target dynamixel_sdk_custom_interfaces__rosidl_generator_c
[0.638s] [ 23%] Built target dynamixel_sdk_custom_interfaces__rosidl_typesupport_cpp
[0.639s] [ 35%] Built target dynamixel_sdk_custom_interfaces__rosidl_typesupport_introspection_cpp
[0.640s] [ 46%] Built target dynamixel_sdk_custom_interfaces__rosidl_typesupport_introspection_c
[0.640s] [ 57%] Built target dynamixel_sdk_custom_interfaces__rosidl_typesupport_c
[0.640s] [ 69%] Built target dynamixel_sdk_custom_interfaces__rosidl_typesupport_fastrtps_cpp
[0.641s] [ 80%] Built target dynamixel_sdk_custom_interfaces__rosidl_typesupport_fastrtps_c
[0.641s] [ 80%] Built target dynamixel_sdk_custom_interfaces
[0.643s] [ 81%] Built target dynamixel_sdk_custom_interfaces__py
[0.644s] [ 91%] Built target dynamixel_sdk_custom_interfaces__python
[0.645s] [ 94%] Built target dynamixel_sdk_custom_interfaces__rosidl_typesupport_introspection_c__pyext
[0.647s] [ 97%] Built target dynamixel_sdk_custom_interfaces__rosidl_typesupport_c__pyext
[0.647s] [100%] Built target dynamixel_sdk_custom_interfaces__rosidl_typesupport_fastrtps_c__pyext
[0.650s] Invoked command in '/home/robofei/ROS2/build/dynamixel_sdk_custom_interfaces' returned '0': CMAKE_PREFIX_PATH=${CMAKE_PREFIX_PATH}:/home/robofei/ROS2/install/vision_pkg:/home/robofei/ROS2/install/decision_pkg:/home/robofei/ROS2/install/controller:/opt/ros/foxy /usr/bin/cmake --build /home/robofei/ROS2/build/dynamixel_sdk_custom_interfaces -- -j8 -l8
[1.157s] Invoking command in '/home/robofei/ROS2/build/dynamixel_sdk_custom_interfaces': CMAKE_PREFIX_PATH=${CMAKE_PREFIX_PATH}:/home/robofei/ROS2/install/vision_pkg:/home/robofei/ROS2/install/decision_pkg:/home/robofei/ROS2/install/controller:/opt/ros/foxy /usr/bin/cmake --install /home/robofei/ROS2/build/dynamixel_sdk_custom_interfaces
[1.169s] -- Install configuration: ""
[1.170s] -- Execute custom install script
[1.171s] -- Up-to-date symlink: /home/robofei/ROS2/install/dynamixel_sdk_custom_interfaces/share/ament_index/resource_index/rosidl_interfaces/dynamixel_sdk_custom_interfaces
[1.172s] -- Up-to-date symlink: /home/robofei/ROS2/install/dynamixel_sdk_custom_interfaces/include/dynamixel_sdk_custom_interfaces/msg/decision.h
[1.172s] -- Up-to-date symlink: /home/robofei/ROS2/install/dynamixel_sdk_custom_interfaces/include/dynamixel_sdk_custom_interfaces/msg/detail/decision__functions.h
[1.172s] -- Up-to-date symlink: /home/robofei/ROS2/install/dynamixel_sdk_custom_interfaces/include/dynamixel_sdk_custom_interfaces/msg/detail/decision__struct.h
[1.173s] -- Up-to-date symlink: /home/robofei/ROS2/install/dynamixel_sdk_custom_interfaces/include/dynamixel_sdk_custom_interfaces/msg/detail/decision__type_support.h
[1.173s] -- Up-to-date symlink: /home/robofei/ROS2/install/dynamixel_sdk_custom_interfaces/include/dynamixel_sdk_custom_interfaces/msg/detail/param_walk__functions.h
[1.173s] -- Up-to-date symlink: /home/robofei/ROS2/install/dynamixel_sdk_custom_interfaces/include/dynamixel_sdk_custom_interfaces/msg/detail/param_walk__struct.h
[1.173s] -- Up-to-date symlink: /home/robofei/ROS2/install/dynamixel_sdk_custom_interfaces/include/dynamixel_sdk_custom_interfaces/msg/detail/param_walk__type_support.h
[1.174s] -- Up-to-date symlink: /home/robofei/ROS2/install/dynamixel_sdk_custom_interfaces/include/dynamixel_sdk_custom_interfaces/msg/detail/set_position__functions.h
[1.174s] -- Up-to-date symlink: /home/robofei/ROS2/install/dynamixel_sdk_custom_interfaces/include/dynamixel_sdk_custom_interfaces/msg/detail/set_position__struct.h
[1.174s] -- Up-to-date symlink: /home/robofei/ROS2/install/dynamixel_sdk_custom_interfaces/include/dynamixel_sdk_custom_interfaces/msg/detail/set_position__type_support.h
[1.175s] -- Up-to-date symlink: /home/robofei/ROS2/install/dynamixel_sdk_custom_interfaces/include/dynamixel_sdk_custom_interfaces/msg/detail/set_position_original__functions.h
[1.175s] -- Up-to-date symlink: /home/robofei/ROS2/install/dynamixel_sdk_custom_interfaces/include/dynamixel_sdk_custom_interfaces/msg/detail/set_position_original__struct.h
[1.175s] -- Up-to-date symlink: /home/robofei/ROS2/install/dynamixel_sdk_custom_interfaces/include/dynamixel_sdk_custom_interfaces/msg/detail/set_position_original__type_support.h
[1.176s] -- Up-to-date symlink: /home/robofei/ROS2/install/dynamixel_sdk_custom_interfaces/include/dynamixel_sdk_custom_interfaces/msg/detail/walk__functions.h
[1.176s] -- Up-to-date symlink: /home/robofei/ROS2/install/dynamixel_sdk_custom_interfaces/include/dynamixel_sdk_custom_interfaces/msg/detail/walk__struct.h
[1.176s] -- Up-to-date symlink: /home/robofei/ROS2/install/dynamixel_sdk_custom_interfaces/include/dynamixel_sdk_custom_interfaces/msg/detail/walk__type_support.h
[1.176s] -- Up-to-date symlink: /home/robofei/ROS2/install/dynamixel_sdk_custom_interfaces/include/dynamixel_sdk_custom_interfaces/msg/param_walk.h
[1.177s] -- Up-to-date symlink: /home/robofei/ROS2/install/dynamixel_sdk_custom_interfaces/include/dynamixel_sdk_custom_interfaces/msg/rosidl_generator_c__visibility_control.h
[1.177s] -- Up-to-date symlink: /home/robofei/ROS2/install/dynamixel_sdk_custom_interfaces/include/dynamixel_sdk_custom_interfaces/msg/set_position.h
[1.177s] -- Up-to-date symlink: /home/robofei/ROS2/install/dynamixel_sdk_custom_interfaces/include/dynamixel_sdk_custom_interfaces/msg/set_position_original.h
[1.177s] -- Up-to-date symlink: /home/robofei/ROS2/install/dynamixel_sdk_custom_interfaces/include/dynamixel_sdk_custom_interfaces/msg/walk.h
[1.178s] -- Up-to-date symlink: /home/robofei/ROS2/install/dynamixel_sdk_custom_interfaces/include/dynamixel_sdk_custom_interfaces/srv/detail/get_position__functions.h
[1.178s] -- Up-to-date symlink: /home/robofei/ROS2/install/dynamixel_sdk_custom_interfaces/include/dynamixel_sdk_custom_interfaces/srv/detail/get_position__struct.h
[1.178s] -- Up-to-date symlink: /home/robofei/ROS2/install/dynamixel_sdk_custom_interfaces/include/dynamixel_sdk_custom_interfaces/srv/detail/get_position__type_support.h
[1.179s] -- Up-to-date symlink: /home/robofei/ROS2/install/dynamixel_sdk_custom_interfaces/include/dynamixel_sdk_custom_interfaces/srv/get_position.h
[1.179s] -- Up-to-date symlink: /home/robofei/ROS2/install/dynamixel_sdk_custom_interfaces/share/dynamixel_sdk_custom_interfaces/environment/library_path.sh
[1.180s] -- Up-to-date symlink: /home/robofei/ROS2/install/dynamixel_sdk_custom_interfaces/share/dynamixel_sdk_custom_interfaces/environment/library_path.dsv
[1.181s] -- Up-to-date symlink: /home/robofei/ROS2/install/dynamixel_sdk_custom_interfaces/include/dynamixel_sdk_custom_interfaces/msg/detail/decision__rosidl_typesupport_fastrtps_c.h
[1.181s] -- Up-to-date symlink: /home/robofei/ROS2/install/dynamixel_sdk_custom_interfaces/include/dynamixel_sdk_custom_interfaces/msg/detail/param_walk__rosidl_typesupport_fastrtps_c.h
[1.182s] -- Up-to-date symlink: /home/robofei/ROS2/install/dynamixel_sdk_custom_interfaces/include/dynamixel_sdk_custom_interfaces/msg/detail/set_position__rosidl_typesupport_fastrtps_c.h
[1.182s] -- Up-to-date symlink: /home/robofei/ROS2/install/dynamixel_sdk_custom_interfaces/include/dynamixel_sdk_custom_interfaces/msg/detail/set_position_original__rosidl_typesupport_fastrtps_c.h
[1.182s] -- Up-to-date symlink: /home/robofei/ROS2/install/dynamixel_sdk_custom_interfaces/include/dynamixel_sdk_custom_interfaces/msg/detail/walk__rosidl_typesupport_fastrtps_c.h
[1.182s] -- Up-to-date symlink: /home/robofei/ROS2/install/dynamixel_sdk_custom_interfaces/include/dynamixel_sdk_custom_interfaces/msg/rosidl_typesupport_fastrtps_c__visibility_control.h
[1.184s] -- Up-to-date symlink: /home/robofei/ROS2/install/dynamixel_sdk_custom_interfaces/include/dynamixel_sdk_custom_interfaces/srv/detail/get_position__rosidl_typesupport_fastrtps_c.h
[1.186s] -- Up-to-date symlink: /home/robofei/ROS2/install/dynamixel_sdk_custom_interfaces/lib/libdynamixel_sdk_custom_interfaces__rosidl_typesupport_fastrtps_c.so
[1.189s] -- Up-to-date symlink: /home/robofei/ROS2/install/dynamixel_sdk_custom_interfaces/include/dynamixel_sdk_custom_interfaces/msg/detail/decision__rosidl_typesupport_fastrtps_cpp.hpp
[1.189s] -- Up-to-date symlink: /home/robofei/ROS2/install/dynamixel_sdk_custom_interfaces/include/dynamixel_sdk_custom_interfaces/msg/detail/param_walk__rosidl_typesupport_fastrtps_cpp.hpp
[1.190s] -- Up-to-date symlink: /home/robofei/ROS2/install/dynamixel_sdk_custom_interfaces/include/dynamixel_sdk_custom_interfaces/msg/detail/set_position__rosidl_typesupport_fastrtps_cpp.hpp
[1.190s] -- Up-to-date symlink: /home/robofei/ROS2/install/dynamixel_sdk_custom_interfaces/include/dynamixel_sdk_custom_interfaces/msg/detail/set_position_original__rosidl_typesupport_fastrtps_cpp.hpp
[1.190s] -- Up-to-date symlink: /home/robofei/ROS2/install/dynamixel_sdk_custom_interfaces/include/dynamixel_sdk_custom_interfaces/msg/detail/walk__rosidl_typesupport_fastrtps_cpp.hpp
[1.191s] -- Up-to-date symlink: /home/robofei/ROS2/install/dynamixel_sdk_custom_interfaces/include/dynamixel_sdk_custom_interfaces/msg/rosidl_typesupport_fastrtps_cpp__visibility_control.h
[1.191s] -- Up-to-date symlink: /home/robofei/ROS2/install/dynamixel_sdk_custom_interfaces/include/dynamixel_sdk_custom_interfaces/srv/detail/get_position__rosidl_typesupport_fastrtps_cpp.hpp
[1.191s] -- Up-to-date symlink: /home/robofei/ROS2/install/dynamixel_sdk_custom_interfaces/lib/libdynamixel_sdk_custom_interfaces__rosidl_typesupport_fastrtps_cpp.so
[1.191s] -- Up-to-date symlink: /home/robofei/ROS2/install/dynamixel_sdk_custom_interfaces/include/dynamixel_sdk_custom_interfaces/msg/detail/decision__rosidl_typesupport_introspection_c.h
[1.192s] -- Up-to-date symlink: /home/robofei/ROS2/install/dynamixel_sdk_custom_interfaces/include/dynamixel_sdk_custom_interfaces/msg/detail/param_walk__rosidl_typesupport_introspection_c.h
[1.192s] -- Up-to-date symlink: /home/robofei/ROS2/install/dynamixel_sdk_custom_interfaces/include/dynamixel_sdk_custom_interfaces/msg/detail/set_position__rosidl_typesupport_introspection_c.h
[1.192s] -- Up-to-date symlink: /home/robofei/ROS2/install/dynamixel_sdk_custom_interfaces/include/dynamixel_sdk_custom_interfaces/msg/detail/set_position_original__rosidl_typesupport_introspection_c.h
[1.192s] -- Up-to-date symlink: /home/robofei/ROS2/install/dynamixel_sdk_custom_interfaces/include/dynamixel_sdk_custom_interfaces/msg/detail/walk__rosidl_typesupport_introspection_c.h
[1.192s] -- Up-to-date symlink: /home/robofei/ROS2/install/dynamixel_sdk_custom_interfaces/include/dynamixel_sdk_custom_interfaces/msg/rosidl_typesupport_introspection_c__visibility_control.h
[1.193s] -- Up-to-date symlink: /home/robofei/ROS2/install/dynamixel_sdk_custom_interfaces/include/dynamixel_sdk_custom_interfaces/srv/detail/get_position__rosidl_typesupport_introspection_c.h
[1.193s] -- Up-to-date symlink: /home/robofei/ROS2/install/dynamixel_sdk_custom_interfaces/include/dynamixel_sdk_custom_interfaces/msg/decision.hpp
[1.193s] -- Up-to-date symlink: /home/robofei/ROS2/install/dynamixel_sdk_custom_interfaces/include/dynamixel_sdk_custom_interfaces/msg/detail/decision__builder.hpp
[1.193s] -- Up-to-date symlink: /home/robofei/ROS2/install/dynamixel_sdk_custom_interfaces/include/dynamixel_sdk_custom_interfaces/msg/detail/decision__struct.hpp
[1.196s] -- Up-to-date symlink: /home/robofei/ROS2/install/dynamixel_sdk_custom_interfaces/include/dynamixel_sdk_custom_interfaces/msg/detail/decision__traits.hpp
[1.196s] -- Up-to-date symlink: /home/robofei/ROS2/install/dynamixel_sdk_custom_interfaces/include/dynamixel_sdk_custom_interfaces/msg/detail/param_walk__builder.hpp
[1.196s] -- Up-to-date symlink: /home/robofei/ROS2/install/dynamixel_sdk_custom_interfaces/include/dynamixel_sdk_custom_interfaces/msg/detail/param_walk__struct.hpp
[1.197s] -- Up-to-date symlink: /home/robofei/ROS2/install/dynamixel_sdk_custom_interfaces/include/dynamixel_sdk_custom_interfaces/msg/detail/param_walk__traits.hpp
[1.197s] -- Up-to-date symlink: /home/robofei/ROS2/install/dynamixel_sdk_custom_interfaces/include/dynamixel_sdk_custom_interfaces/msg/detail/set_position__builder.hpp
[1.197s] -- Up-to-date symlink: /home/robofei/ROS2/install/dynamixel_sdk_custom_interfaces/include/dynamixel_sdk_custom_interfaces/msg/detail/set_position__struct.hpp
[1.197s] -- Up-to-date symlink: /home/robofei/ROS2/install/dynamixel_sdk_custom_interfaces/include/dynamixel_sdk_custom_interfaces/msg/detail/set_position__traits.hpp
[1.197s] -- Up-to-date symlink: /home/robofei/ROS2/install/dynamixel_sdk_custom_interfaces/include/dynamixel_sdk_custom_interfaces/msg/detail/set_position_original__builder.hpp
[1.197s] -- Up-to-date symlink: /home/robofei/ROS2/install/dynamixel_sdk_custom_interfaces/include/dynamixel_sdk_custom_interfaces/msg/detail/set_position_original__struct.hpp
[1.197s] -- Up-to-date symlink: /home/robofei/ROS2/install/dynamixel_sdk_custom_interfaces/include/dynamixel_sdk_custom_interfaces/msg/detail/set_position_original__traits.hpp
[1.197s] -- Up-to-date symlink: /home/robofei/ROS2/install/dynamixel_sdk_custom_interfaces/include/dynamixel_sdk_custom_interfaces/msg/detail/walk__builder.hpp
[1.197s] -- Up-to-date symlink: /home/robofei/ROS2/install/dynamixel_sdk_custom_interfaces/include/dynamixel_sdk_custom_interfaces/msg/detail/walk__struct.hpp
[1.198s] -- Up-to-date symlink: /home/robofei/ROS2/install/dynamixel_sdk_custom_interfaces/include/dynamixel_sdk_custom_interfaces/msg/detail/walk__traits.hpp
[1.198s] -- Up-to-date symlink: /home/robofei/ROS2/install/dynamixel_sdk_custom_interfaces/include/dynamixel_sdk_custom_interfaces/msg/param_walk.hpp
[1.198s] -- Up-to-date symlink: /home/robofei/ROS2/install/dynamixel_sdk_custom_interfaces/include/dynamixel_sdk_custom_interfaces/msg/set_position.hpp
[1.199s] -- Up-to-date symlink: /home/robofei/ROS2/install/dynamixel_sdk_custom_interfaces/include/dynamixel_sdk_custom_interfaces/msg/set_position_original.hpp
[1.199s] -- Up-to-date symlink: /home/robofei/ROS2/install/dynamixel_sdk_custom_interfaces/include/dynamixel_sdk_custom_interfaces/msg/walk.hpp
[1.200s] -- Up-to-date symlink: /home/robofei/ROS2/install/dynamixel_sdk_custom_interfaces/include/dynamixel_sdk_custom_interfaces/srv/detail/get_position__builder.hpp
[1.200s] -- Up-to-date symlink: /home/robofei/ROS2/install/dynamixel_sdk_custom_interfaces/include/dynamixel_sdk_custom_interfaces/srv/detail/get_position__struct.hpp
[1.202s] -- Up-to-date symlink: /home/robofei/ROS2/install/dynamixel_sdk_custom_interfaces/include/dynamixel_sdk_custom_interfaces/srv/detail/get_position__traits.hpp
[1.202s] -- Up-to-date symlink: /home/robofei/ROS2/install/dynamixel_sdk_custom_interfaces/include/dynamixel_sdk_custom_interfaces/srv/get_position.hpp
[1.202s] -- Up-to-date symlink: /home/robofei/ROS2/install/dynamixel_sdk_custom_interfaces/include/dynamixel_sdk_custom_interfaces/msg/detail/decision__rosidl_typesupport_introspection_cpp.hpp
[1.203s] -- Up-to-date symlink: /home/robofei/ROS2/install/dynamixel_sdk_custom_interfaces/include/dynamixel_sdk_custom_interfaces/msg/detail/param_walk__rosidl_typesupport_introspection_cpp.hpp
[1.203s] -- Up-to-date symlink: /home/robofei/ROS2/install/dynamixel_sdk_custom_interfaces/include/dynamixel_sdk_custom_interfaces/msg/detail/set_position__rosidl_typesupport_introspection_cpp.hpp
[1.203s] -- Up-to-date symlink: /home/robofei/ROS2/install/dynamixel_sdk_custom_interfaces/include/dynamixel_sdk_custom_interfaces/msg/detail/set_position_original__rosidl_typesupport_introspection_cpp.hpp
[1.203s] -- Up-to-date symlink: /home/robofei/ROS2/install/dynamixel_sdk_custom_interfaces/include/dynamixel_sdk_custom_interfaces/msg/detail/walk__rosidl_typesupport_introspection_cpp.hpp
[1.203s] -- Up-to-date symlink: /home/robofei/ROS2/install/dynamixel_sdk_custom_interfaces/include/dynamixel_sdk_custom_interfaces/srv/detail/get_position__rosidl_typesupport_introspection_cpp.hpp
[1.203s] -- Up-to-date symlink: /home/robofei/ROS2/install/dynamixel_sdk_custom_interfaces/share/dynamixel_sdk_custom_interfaces/environment/pythonpath.sh
[1.203s] -- Up-to-date symlink: /home/robofei/ROS2/install/dynamixel_sdk_custom_interfaces/share/dynamixel_sdk_custom_interfaces/environment/pythonpath.dsv
[1.204s] -- Up-to-date symlink: /home/robofei/ROS2/install/dynamixel_sdk_custom_interfaces/lib/python3.8/site-packages/dynamixel_sdk_custom_interfaces/__init__.py
[1.204s] -- Up-to-date symlink: /home/robofei/ROS2/install/dynamixel_sdk_custom_interfaces/lib/python3.8/site-packages/dynamixel_sdk_custom_interfaces/msg/__init__.py
[1.205s] -- Up-to-date symlink: /home/robofei/ROS2/install/dynamixel_sdk_custom_interfaces/lib/python3.8/site-packages/dynamixel_sdk_custom_interfaces/msg/_decision.py
[1.205s] -- Up-to-date symlink: /home/robofei/ROS2/install/dynamixel_sdk_custom_interfaces/lib/python3.8/site-packages/dynamixel_sdk_custom_interfaces/msg/_param_walk.py
[1.205s] -- Up-to-date symlink: /home/robofei/ROS2/install/dynamixel_sdk_custom_interfaces/lib/python3.8/site-packages/dynamixel_sdk_custom_interfaces/msg/_set_position.py
[1.207s] -- Up-to-date symlink: /home/robofei/ROS2/install/dynamixel_sdk_custom_interfaces/lib/python3.8/site-packages/dynamixel_sdk_custom_interfaces/msg/_set_position_original.py
[1.207s] -- Up-to-date symlink: /home/robofei/ROS2/install/dynamixel_sdk_custom_interfaces/lib/python3.8/site-packages/dynamixel_sdk_custom_interfaces/msg/_walk.py
[1.207s] -- Up-to-date symlink: /home/robofei/ROS2/install/dynamixel_sdk_custom_interfaces/lib/python3.8/site-packages/dynamixel_sdk_custom_interfaces/srv/__init__.py
[1.208s] -- Up-to-date symlink: /home/robofei/ROS2/install/dynamixel_sdk_custom_interfaces/lib/python3.8/site-packages/dynamixel_sdk_custom_interfaces/srv/_get_position.py
[1.208s] -- Up-to-date symlink: /home/robofei/ROS2/install/dynamixel_sdk_custom_interfaces/lib/python3.8/site-packages/dynamixel_sdk_custom_interfaces/dynamixel_sdk_custom_interfaces_s__rosidl_typesupport_fastrtps_c.cpython-38-x86_64-linux-gnu.so
[1.208s] -- Up-to-date symlink: /home/robofei/ROS2/install/dynamixel_sdk_custom_interfaces/lib/python3.8/site-packages/dynamixel_sdk_custom_interfaces/dynamixel_sdk_custom_interfaces_s__rosidl_typesupport_introspection_c.cpython-38-x86_64-linux-gnu.so
[1.208s] -- Up-to-date symlink: /home/robofei/ROS2/install/dynamixel_sdk_custom_interfaces/lib/python3.8/site-packages/dynamixel_sdk_custom_interfaces/dynamixel_sdk_custom_interfaces_s__rosidl_typesupport_c.cpython-38-x86_64-linux-gnu.so
[1.209s] -- Up-to-date symlink: /home/robofei/ROS2/install/dynamixel_sdk_custom_interfaces/lib/libdynamixel_sdk_custom_interfaces__python.so
[1.209s] -- Up-to-date symlink: /home/robofei/ROS2/install/dynamixel_sdk_custom_interfaces/share/dynamixel_sdk_custom_interfaces/msg/SetPosition.idl
[1.210s] -- Up-to-date symlink: /home/robofei/ROS2/install/dynamixel_sdk_custom_interfaces/share/dynamixel_sdk_custom_interfaces/msg/SetPositionOriginal.idl
[1.210s] -- Up-to-date symlink: /home/robofei/ROS2/install/dynamixel_sdk_custom_interfaces/share/dynamixel_sdk_custom_interfaces/msg/Decision.idl
[1.211s] -- Up-to-date symlink: /home/robofei/ROS2/install/dynamixel_sdk_custom_interfaces/share/dynamixel_sdk_custom_interfaces/msg/Walk.idl
[1.211s] -- Up-to-date symlink: /home/robofei/ROS2/install/dynamixel_sdk_custom_interfaces/share/dynamixel_sdk_custom_interfaces/msg/ParamWalk.idl
[1.211s] -- Up-to-date symlink: /home/robofei/ROS2/install/dynamixel_sdk_custom_interfaces/share/dynamixel_sdk_custom_interfaces/srv/GetPosition.idl
[1.212s] -- Up-to-date symlink: /home/robofei/ROS2/install/dynamixel_sdk_custom_interfaces/share/dynamixel_sdk_custom_interfaces/msg/SetPosition.msg
[1.212s] -- Up-to-date symlink: /home/robofei/ROS2/install/dynamixel_sdk_custom_interfaces/share/dynamixel_sdk_custom_interfaces/msg/SetPositionOriginal.msg
[1.213s] -- Up-to-date symlink: /home/robofei/ROS2/install/dynamixel_sdk_custom_interfaces/share/dynamixel_sdk_custom_interfaces/msg/Decision.msg
[1.213s] -- Up-to-date symlink: /home/robofei/ROS2/install/dynamixel_sdk_custom_interfaces/share/dynamixel_sdk_custom_interfaces/msg/Walk.msg
[1.213s] -- Up-to-date symlink: /home/robofei/ROS2/install/dynamixel_sdk_custom_interfaces/share/dynamixel_sdk_custom_interfaces/msg/ParamWalk.msg
[1.217s] -- Up-to-date symlink: /home/robofei/ROS2/install/dynamixel_sdk_custom_interfaces/share/dynamixel_sdk_custom_interfaces/srv/GetPosition.srv
[1.217s] -- Up-to-date symlink: /home/robofei/ROS2/install/dynamixel_sdk_custom_interfaces/share/dynamixel_sdk_custom_interfaces/srv/GetPosition_Request.msg
[1.217s] -- Up-to-date symlink: /home/robofei/ROS2/install/dynamixel_sdk_custom_interfaces/share/dynamixel_sdk_custom_interfaces/srv/GetPosition_Response.msg
[1.218s] -- Up-to-date symlink: /home/robofei/ROS2/install/dynamixel_sdk_custom_interfaces/share/ament_index/resource_index/package_run_dependencies/dynamixel_sdk_custom_interfaces
[1.218s] -- Up-to-date symlink: /home/robofei/ROS2/install/dynamixel_sdk_custom_interfaces/share/ament_index/resource_index/parent_prefix_path/dynamixel_sdk_custom_interfaces
[1.218s] -- Up-to-date symlink: /home/robofei/ROS2/install/dynamixel_sdk_custom_interfaces/share/dynamixel_sdk_custom_interfaces/environment/ament_prefix_path.sh
[1.218s] -- Up-to-date symlink: /home/robofei/ROS2/install/dynamixel_sdk_custom_interfaces/share/dynamixel_sdk_custom_interfaces/environment/ament_prefix_path.dsv
[1.219s] -- Up-to-date symlink: /home/robofei/ROS2/install/dynamixel_sdk_custom_interfaces/share/dynamixel_sdk_custom_interfaces/environment/path.sh
[1.219s] -- Up-to-date symlink: /home/robofei/ROS2/install/dynamixel_sdk_custom_interfaces/share/dynamixel_sdk_custom_interfaces/environment/path.dsv
[1.219s] -- Up-to-date symlink: /home/robofei/ROS2/install/dynamixel_sdk_custom_interfaces/share/dynamixel_sdk_custom_interfaces/local_setup.bash
[1.219s] -- Up-to-date symlink: /home/robofei/ROS2/install/dynamixel_sdk_custom_interfaces/share/dynamixel_sdk_custom_interfaces/local_setup.sh
[1.219s] -- Up-to-date symlink: /home/robofei/ROS2/install/dynamixel_sdk_custom_interfaces/share/dynamixel_sdk_custom_interfaces/local_setup.zsh
[1.219s] -- Up-to-date symlink: /home/robofei/ROS2/install/dynamixel_sdk_custom_interfaces/share/dynamixel_sdk_custom_interfaces/local_setup.dsv
[1.219s] -- Symlinking: /home/robofei/ROS2/install/dynamixel_sdk_custom_interfaces/share/dynamixel_sdk_custom_interfaces/package.dsv
[1.234s] -- Up-to-date symlink: /home/robofei/ROS2/install/dynamixel_sdk_custom_interfaces/share/ament_index/resource_index/packages/dynamixel_sdk_custom_interfaces
[1.234s] -- Up-to-date symlink: /home/robofei/ROS2/install/dynamixel_sdk_custom_interfaces/share/dynamixel_sdk_custom_interfaces/cmake/rosidl_cmake-extras.cmake
[1.235s] -- Up-to-date symlink: /home/robofei/ROS2/install/dynamixel_sdk_custom_interfaces/share/dynamixel_sdk_custom_interfaces/cmake/ament_cmake_export_dependencies-extras.cmake
[1.235s] -- Up-to-date symlink: /home/robofei/ROS2/install/dynamixel_sdk_custom_interfaces/share/dynamixel_sdk_custom_interfaces/cmake/ament_cmake_export_libraries-extras.cmake
[1.236s] -- Up-to-date symlink: /home/robofei/ROS2/install/dynamixel_sdk_custom_interfaces/share/dynamixel_sdk_custom_interfaces/cmake/ament_cmake_export_targets-extras.cmake
[1.236s] -- Up-to-date symlink: /home/robofei/ROS2/install/dynamixel_sdk_custom_interfaces/share/dynamixel_sdk_custom_interfaces/cmake/ament_cmake_export_include_directories-extras.cmake
[1.236s] -- Up-to-date symlink: /home/robofei/ROS2/install/dynamixel_sdk_custom_interfaces/share/dynamixel_sdk_custom_interfaces/cmake/rosidl_cmake_export_typesupport_libraries-extras.cmake
[1.237s] -- Up-to-date symlink: /home/robofei/ROS2/install/dynamixel_sdk_custom_interfaces/share/dynamixel_sdk_custom_interfaces/cmake/rosidl_cmake_export_typesupport_targets-extras.cmake
[1.237s] -- Up-to-date symlink: /home/robofei/ROS2/install/dynamixel_sdk_custom_interfaces/share/dynamixel_sdk_custom_interfaces/cmake/dynamixel_sdk_custom_interfacesConfig.cmake
[1.237s] -- Up-to-date symlink: /home/robofei/ROS2/install/dynamixel_sdk_custom_interfaces/share/dynamixel_sdk_custom_interfaces/cmake/dynamixel_sdk_custom_interfacesConfig-version.cmake
[1.238s] -- Up-to-date symlink: /home/robofei/ROS2/install/dynamixel_sdk_custom_interfaces/share/dynamixel_sdk_custom_interfaces/package.xml
[1.238s] -- Up-to-date: /home/robofei/ROS2/install/dynamixel_sdk_custom_interfaces/lib/libdynamixel_sdk_custom_interfaces__rosidl_generator_c.so
[1.239s] -- Up-to-date: /home/robofei/ROS2/install/dynamixel_sdk_custom_interfaces/lib/libdynamixel_sdk_custom_interfaces__rosidl_typesupport_introspection_c.so
[1.240s] -- Up-to-date: /home/robofei/ROS2/install/dynamixel_sdk_custom_interfaces/lib/libdynamixel_sdk_custom_interfaces__rosidl_typesupport_c.so
[1.241s] -- Up-to-date: /home/robofei/ROS2/install/dynamixel_sdk_custom_interfaces/lib/libdynamixel_sdk_custom_interfaces__rosidl_typesupport_introspection_cpp.so
[1.241s] -- Up-to-date: /home/robofei/ROS2/install/dynamixel_sdk_custom_interfaces/lib/libdynamixel_sdk_custom_interfaces__rosidl_typesupport_cpp.so
[1.305s] -- Up-to-date: /home/robofei/ROS2/install/dynamixel_sdk_custom_interfaces/share/dynamixel_sdk_custom_interfaces/cmake/dynamixel_sdk_custom_interfaces__rosidl_generator_cExport.cmake
[1.307s] -- Up-to-date: /home/robofei/ROS2/install/dynamixel_sdk_custom_interfaces/share/dynamixel_sdk_custom_interfaces/cmake/dynamixel_sdk_custom_interfaces__rosidl_generator_cExport-noconfig.cmake
[1.312s] -- Up-to-date: /home/robofei/ROS2/install/dynamixel_sdk_custom_interfaces/share/dynamixel_sdk_custom_interfaces/cmake/dynamixel_sdk_custom_interfaces__rosidl_typesupport_introspection_cExport.cmake
[1.314s] -- Up-to-date: /home/robofei/ROS2/install/dynamixel_sdk_custom_interfaces/share/dynamixel_sdk_custom_interfaces/cmake/dynamixel_sdk_custom_interfaces__rosidl_typesupport_introspection_cExport-noconfig.cmake
[1.314s] -- Up-to-date: /home/robofei/ROS2/install/dynamixel_sdk_custom_interfaces/share/dynamixel_sdk_custom_interfaces/cmake/dynamixel_sdk_custom_interfaces__rosidl_typesupport_cExport.cmake
[1.314s] -- Up-to-date: /home/robofei/ROS2/install/dynamixel_sdk_custom_interfaces/share/dynamixel_sdk_custom_interfaces/cmake/dynamixel_sdk_custom_interfaces__rosidl_typesupport_cExport-noconfig.cmake
[1.314s] -- Up-to-date: /home/robofei/ROS2/install/dynamixel_sdk_custom_interfaces/share/dynamixel_sdk_custom_interfaces/cmake/dynamixel_sdk_custom_interfaces__rosidl_generator_cppExport.cmake
[1.315s] -- Up-to-date: /home/robofei/ROS2/install/dynamixel_sdk_custom_interfaces/share/dynamixel_sdk_custom_interfaces/cmake/dynamixel_sdk_custom_interfaces__rosidl_typesupport_introspection_cppExport.cmake
[1.315s] -- Up-to-date: /home/robofei/ROS2/install/dynamixel_sdk_custom_interfaces/share/dynamixel_sdk_custom_interfaces/cmake/dynamixel_sdk_custom_interfaces__rosidl_typesupport_introspection_cppExport-noconfig.cmake
[1.315s] -- Up-to-date: /home/robofei/ROS2/install/dynamixel_sdk_custom_interfaces/share/dynamixel_sdk_custom_interfaces/cmake/dynamixel_sdk_custom_interfaces__rosidl_typesupport_cppExport.cmake
[1.315s] -- Up-to-date: /home/robofei/ROS2/install/dynamixel_sdk_custom_interfaces/share/dynamixel_sdk_custom_interfaces/cmake/dynamixel_sdk_custom_interfaces__rosidl_typesupport_cppExport-noconfig.cmake
[1.562s] Invoked command in '/home/robofei/ROS2/build/dynamixel_sdk_custom_interfaces' returned '0': CMAKE_PREFIX_PATH=${CMAKE_PREFIX_PATH}:/home/robofei/ROS2/install/vision_pkg:/home/robofei/ROS2/install/decision_pkg:/home/robofei/ROS2/install/controller:/opt/ros/foxy /usr/bin/cmake --install /home/robofei/ROS2/build/dynamixel_sdk_custom_interfaces
