[0.720s] Invoking command in '/home/robofei/ROS2/build/decision_pkg': CMAKE_PREFIX_PATH=/home/robofei/ROS2/install/custom_interfaces:/home/robofei/ROS2/install/start:/home/robofei/ROS2/install/um7:/home/robofei/ROS2/install/launch:/home/robofei/ROS2/install/ROS2:/home/robofei/ROS2/install/control:/home/robofei/ROS2/install/serial:/home/robofei/ROS2/install/ros2:/home/robofei/ROS2/install/dynamixel_sdk_examples:/home/robofei/ROS2/install/dynamixel_sdk_custom_interfaces:/home/robofei/ROS2/install/dynamixel_sdk:/home/robofei/ROS2/install/custom_interfaces_vision LD_LIBRARY_PATH=/home/robofei/ROS2/install/custom_interfaces/lib:/home/robofei/ROS2/install/um7/lib:/home/robofei/ROS2/install/control/lib:/home/robofei/ROS2/install/serial/lib:/home/robofei/ROS2/install/dynamixel_sdk_custom_interfaces/lib:/home/robofei/ROS2/install/dynamixel_sdk/lib:/home/robofei/ROS2/install/custom_interfaces_vision/lib:/opt/ros/foxy/opt/yaml_cpp_vendor/lib:/opt/ros/foxy/lib/x86_64-linux-gnu:/opt/ros/foxy/lib PYTHONPATH=/home/robofei/ROS2/install/decision_pkg/lib/python3.8/site-packages:/home/robofei/ROS2/install/custom_interfaces/lib/python3.8/site-packages:/home/robofei/ROS2/build/vision_pkg:/home/robofei/ROS2/install/vision_pkg/lib/python3.8/site-packages:/home/robofei/ROS2/install/um7/lib/python3.8/site-packages:/home/robofei/ROS2/install/dynamixel_sdk_custom_interfaces/lib/python3.8/site-packages:/home/robofei/ROS2/build/decision_pkg:/home/robofei/ROS2/install/decision_pkg/lib/python3.8/site-packages:/home/robofei/ROS2/install/custom_interfaces_vision/lib/python3.8/site-packages:/home/robofei/ROS2/build/controller:/home/robofei/ROS2/install/controller/lib/python3.8/site-packages:/opt/ros/foxy/lib/python3.8/site-packages:/home/robofei/models/research/slim:/home/robofei/models/research/object_detection/utils:/home/robofei/models/research /usr/bin/python3 setup.py develop --prefix /home/robofei/ROS2/install/decision_pkg --editable --build-directory /home/robofei/ROS2/build/decision_pkg/build --no-deps install_data --install-dir /home/robofei/ROS2/install/decision_pkg
[0.990s] running develop
[1.128s] running egg_info
[1.128s] creating decision_pkg.egg-info
[1.128s] writing decision_pkg.egg-info/PKG-INFO
[1.128s] writing dependency_links to decision_pkg.egg-info/dependency_links.txt
[1.128s] writing entry points to decision_pkg.egg-info/entry_points.txt
[1.128s] writing requirements to decision_pkg.egg-info/requires.txt
[1.128s] writing top-level names to decision_pkg.egg-info/top_level.txt
[1.130s] writing manifest file 'decision_pkg.egg-info/SOURCES.txt'
[1.167s] reading manifest file 'decision_pkg.egg-info/SOURCES.txt'
[1.167s] writing manifest file 'decision_pkg.egg-info/SOURCES.txt'
[1.169s] running build_ext
[1.170s] Creating /home/robofei/ROS2/install/decision_pkg/lib/python3.8/site-packages/site.py
[1.172s] Creating /home/robofei/ROS2/install/decision_pkg/lib/python3.8/site-packages/decision-pkg.egg-link (link to .)
[1.173s] Installing decision_node script to /home/robofei/ROS2/install/decision_pkg/lib/decision_pkg
[1.174s] 
[1.174s] Installed /home/robofei/ROS2/build/decision_pkg
[1.174s] running install_data
[1.174s] creating /home/robofei/ROS2/install/decision_pkg/share/ament_index
[1.174s] creating /home/robofei/ROS2/install/decision_pkg/share/ament_index/resource_index
[1.175s] creating /home/robofei/ROS2/install/decision_pkg/share/ament_index/resource_index/packages
[1.175s] copying resource/decision_pkg -> /home/robofei/ROS2/install/decision_pkg/share/ament_index/resource_index/packages
[1.175s] copying package.xml -> /home/robofei/ROS2/install/decision_pkg/share/decision_pkg
[1.207s] Invoked command in '/home/robofei/ROS2/build/decision_pkg' returned '0': CMAKE_PREFIX_PATH=/home/robofei/ROS2/install/custom_interfaces:/home/robofei/ROS2/install/start:/home/robofei/ROS2/install/um7:/home/robofei/ROS2/install/launch:/home/robofei/ROS2/install/ROS2:/home/robofei/ROS2/install/control:/home/robofei/ROS2/install/serial:/home/robofei/ROS2/install/ros2:/home/robofei/ROS2/install/dynamixel_sdk_examples:/home/robofei/ROS2/install/dynamixel_sdk_custom_interfaces:/home/robofei/ROS2/install/dynamixel_sdk:/home/robofei/ROS2/install/custom_interfaces_vision LD_LIBRARY_PATH=/home/robofei/ROS2/install/custom_interfaces/lib:/home/robofei/ROS2/install/um7/lib:/home/robofei/ROS2/install/control/lib:/home/robofei/ROS2/install/serial/lib:/home/robofei/ROS2/install/dynamixel_sdk_custom_interfaces/lib:/home/robofei/ROS2/install/dynamixel_sdk/lib:/home/robofei/ROS2/install/custom_interfaces_vision/lib:/opt/ros/foxy/opt/yaml_cpp_vendor/lib:/opt/ros/foxy/lib/x86_64-linux-gnu:/opt/ros/foxy/lib PYTHONPATH=/home/robofei/ROS2/install/decision_pkg/lib/python3.8/site-packages:/home/robofei/ROS2/install/custom_interfaces/lib/python3.8/site-packages:/home/robofei/ROS2/build/vision_pkg:/home/robofei/ROS2/install/vision_pkg/lib/python3.8/site-packages:/home/robofei/ROS2/install/um7/lib/python3.8/site-packages:/home/robofei/ROS2/install/dynamixel_sdk_custom_interfaces/lib/python3.8/site-packages:/home/robofei/ROS2/build/decision_pkg:/home/robofei/ROS2/install/decision_pkg/lib/python3.8/site-packages:/home/robofei/ROS2/install/custom_interfaces_vision/lib/python3.8/site-packages:/home/robofei/ROS2/build/controller:/home/robofei/ROS2/install/controller/lib/python3.8/site-packages:/opt/ros/foxy/lib/python3.8/site-packages:/home/robofei/models/research/slim:/home/robofei/models/research/object_detection/utils:/home/robofei/models/research /usr/bin/python3 setup.py develop --prefix /home/robofei/ROS2/install/decision_pkg --editable --build-directory /home/robofei/ROS2/build/decision_pkg/build --no-deps install_data --install-dir /home/robofei/ROS2/install/decision_pkg
