[0.311s] Invoking command in '/home/robofei/Downloads/GC/src/controller': PYTHONPATH=/home/robofei/Downloads/GC/install/controller/lib/python3.8/site-packages:${PYTHONPATH} /usr/bin/python3 setup.py egg_info --egg-base ../../build/controller build --build-base /home/robofei/Downloads/GC/build/controller/build install --prefix /home/robofei/Downloads/GC/install/controller --record /home/robofei/Downloads/GC/build/controller/install.log --single-version-externally-managed
[0.572s] running egg_info
[0.574s] writing ../../build/controller/controller.egg-info/PKG-INFO
[0.575s] writing dependency_links to ../../build/controller/controller.egg-info/dependency_links.txt
[0.575s] writing entry points to ../../build/controller/controller.egg-info/entry_points.txt
[0.575s] writing requirements to ../../build/controller/controller.egg-info/requires.txt
[0.575s] writing top-level names to ../../build/controller/controller.egg-info/top_level.txt
[0.618s] reading manifest file '../../build/controller/controller.egg-info/SOURCES.txt'
[0.619s] writing manifest file '../../build/controller/controller.egg-info/SOURCES.txt'
[0.619s] running build
[0.620s] running build_py
[0.620s] copying controller/receiver.py -> /home/robofei/Downloads/GC/build/controller/build/lib/controller
[0.620s] running install
[0.621s] running install_lib
[0.622s] copying /home/robofei/Downloads/GC/build/controller/build/lib/controller/receiver.py -> /home/robofei/Downloads/GC/install/controller/lib/python3.8/site-packages/controller
[0.623s] byte-compiling /home/robofei/Downloads/GC/install/controller/lib/python3.8/site-packages/controller/receiver.py to receiver.cpython-38.pyc
[0.625s]   File "/home/robofei/Downloads/GC/install/controller/lib/python3.8/site-packages/controller/receiver.py", line 18
[0.625s]     self.get_logger().info('We are playing as player  %d in team %d' % player,% team)
[0.625s]                                                                               ^
[0.625s] SyntaxError: invalid syntax
[0.626s] 
[0.626s] running install_data
[0.626s] running install_egg_info
[0.627s] removing '/home/robofei/Downloads/GC/install/controller/lib/python3.8/site-packages/controller-0.0.0-py3.8.egg-info' (and everything under it)
[0.628s] Copying ../../build/controller/controller.egg-info to /home/robofei/Downloads/GC/install/controller/lib/python3.8/site-packages/controller-0.0.0-py3.8.egg-info
[0.629s] running install_scripts
[0.651s] Installing talker script to /home/robofei/Downloads/GC/install/controller/lib/controller
[0.653s] writing list of installed files to '/home/robofei/Downloads/GC/build/controller/install.log'
[0.681s] Invoked command in '/home/robofei/Downloads/GC/src/controller' returned '0': PYTHONPATH=/home/robofei/Downloads/GC/install/controller/lib/python3.8/site-packages:${PYTHONPATH} /usr/bin/python3 setup.py egg_info --egg-base ../../build/controller build --build-base /home/robofei/Downloads/GC/build/controller/build install --prefix /home/robofei/Downloads/GC/install/controller --record /home/robofei/Downloads/GC/build/controller/install.log --single-version-externally-managed
