[0.024s] Invoking command in '/home/robofei/ROS2/robotis_ws/build/dynamixel_sdk': CMAKE_PREFIX_PATH=${CMAKE_PREFIX_PATH}:/opt/ros/foxy /usr/bin/cmake /home/robofei/ROS2/robotis_ws/src/DynamixelSDK/dynamixel_sdk -DAMENT_CMAKE_SYMLINK_INSTALL=1 -DCMAKE_INSTALL_PREFIX=/home/robofei/ROS2/robotis_ws/install/dynamixel_sdk
[0.132s] -- The C compiler identification is GNU 9.3.0
[0.199s] -- The CXX compiler identification is GNU 9.3.0
[0.207s] -- Check for working C compiler: /usr/bin/cc
[0.286s] -- Check for working C compiler: /usr/bin/cc -- works
[0.287s] -- Detecting C compiler ABI info
[0.365s] -- Detecting C compiler ABI info - done
[0.378s] -- Detecting C compile features
[0.378s] -- Detecting C compile features - done
[0.382s] -- Check for working CXX compiler: /usr/bin/c++
[0.471s] -- Check for working CXX compiler: /usr/bin/c++ -- works
[0.472s] -- Detecting CXX compiler ABI info
[0.558s] -- Detecting CXX compiler ABI info - done
[0.571s] -- Detecting CXX compile features
[0.572s] -- Detecting CXX compile features - done
[0.574s] -- Found ament_cmake: 0.9.9 (/opt/ros/foxy/share/ament_cmake/cmake)
[0.601s] -- Found PythonInterp: /usr/bin/python3 (found suitable version "3.8.10", minimum required is "3") 
[0.601s] -- Using PYTHON_EXECUTABLE: /usr/bin/python3
[0.804s] -- Override CMake install command with custom implementation using symlinks instead of copying resources
[0.943s] -- Configuring done
[0.986s] -- Generating done
[0.987s] -- Build files have been written to: /home/robofei/ROS2/robotis_ws/build/dynamixel_sdk
[0.991s] Invoked command in '/home/robofei/ROS2/robotis_ws/build/dynamixel_sdk' returned '0': CMAKE_PREFIX_PATH=${CMAKE_PREFIX_PATH}:/opt/ros/foxy /usr/bin/cmake /home/robofei/ROS2/robotis_ws/src/DynamixelSDK/dynamixel_sdk -DAMENT_CMAKE_SYMLINK_INSTALL=1 -DCMAKE_INSTALL_PREFIX=/home/robofei/ROS2/robotis_ws/install/dynamixel_sdk
[0.993s] Invoking command in '/home/robofei/ROS2/robotis_ws/build/dynamixel_sdk': CMAKE_PREFIX_PATH=${CMAKE_PREFIX_PATH}:/opt/ros/foxy /usr/bin/cmake --build /home/robofei/ROS2/robotis_ws/build/dynamixel_sdk -- -j4 -l4
[1.091s] [35m[1mScanning dependencies of target dynamixel_sdk[0m
[1.182s] [ 10%] [32mBuilding CXX object CMakeFiles/dynamixel_sdk.dir/src/dynamixel_sdk/packet_handler.cpp.o[0m
[1.191s] [ 20%] [32mBuilding CXX object CMakeFiles/dynamixel_sdk.dir/src/dynamixel_sdk/protocol1_packet_handler.cpp.o[0m
[1.210s] [ 30%] [32mBuilding CXX object CMakeFiles/dynamixel_sdk.dir/src/dynamixel_sdk/protocol2_packet_handler.cpp.o[0m
[1.243s] [ 40%] [32mBuilding CXX object CMakeFiles/dynamixel_sdk.dir/src/dynamixel_sdk/group_sync_read.cpp.o[0m
[1.453s] [ 50%] [32mBuilding CXX object CMakeFiles/dynamixel_sdk.dir/src/dynamixel_sdk/group_sync_write.cpp.o[0m
[1.546s] [ 60%] [32mBuilding CXX object CMakeFiles/dynamixel_sdk.dir/src/dynamixel_sdk/group_bulk_read.cpp.o[0m
[1.937s] [ 70%] [32mBuilding CXX object CMakeFiles/dynamixel_sdk.dir/src/dynamixel_sdk/group_bulk_write.cpp.o[0m
[2.228s] [ 80%] [32mBuilding CXX object CMakeFiles/dynamixel_sdk.dir/src/dynamixel_sdk/port_handler.cpp.o[0m
[2.362s] [ 90%] [32mBuilding CXX object CMakeFiles/dynamixel_sdk.dir/src/dynamixel_sdk/port_handler_linux.cpp.o[0m
[2.841s] [100%] [32m[1mLinking CXX shared library libdynamixel_sdk.so[0m
[2.946s] [100%] Built target dynamixel_sdk
[2.958s] Invoked command in '/home/robofei/ROS2/robotis_ws/build/dynamixel_sdk' returned '0': CMAKE_PREFIX_PATH=${CMAKE_PREFIX_PATH}:/opt/ros/foxy /usr/bin/cmake --build /home/robofei/ROS2/robotis_ws/build/dynamixel_sdk -- -j4 -l4
[3.023s] Invoking command in '/home/robofei/ROS2/robotis_ws/build/dynamixel_sdk': CMAKE_PREFIX_PATH=${CMAKE_PREFIX_PATH}:/opt/ros/foxy /usr/bin/cmake --install /home/robofei/ROS2/robotis_ws/build/dynamixel_sdk
[3.040s] -- Install configuration: ""
[3.041s] -- Execute custom install script
[3.042s] -- Symlinking: /home/robofei/ROS2/robotis_ws/install/dynamixel_sdk/include//dynamixel_sdk/dynamixel_sdk.h
[3.060s] -- Symlinking: /home/robofei/ROS2/robotis_ws/install/dynamixel_sdk/include//dynamixel_sdk/group_bulk_read.h
[3.075s] -- Symlinking: /home/robofei/ROS2/robotis_ws/install/dynamixel_sdk/include//dynamixel_sdk/group_bulk_write.h
[3.091s] -- Symlinking: /home/robofei/ROS2/robotis_ws/install/dynamixel_sdk/include//dynamixel_sdk/group_sync_read.h
[3.107s] -- Symlinking: /home/robofei/ROS2/robotis_ws/install/dynamixel_sdk/include//dynamixel_sdk/group_sync_write.h
[3.123s] -- Symlinking: /home/robofei/ROS2/robotis_ws/install/dynamixel_sdk/include//dynamixel_sdk/packet_handler.h
[3.139s] -- Symlinking: /home/robofei/ROS2/robotis_ws/install/dynamixel_sdk/include//dynamixel_sdk/port_handler.h
[3.154s] -- Symlinking: /home/robofei/ROS2/robotis_ws/install/dynamixel_sdk/include//dynamixel_sdk/port_handler_arduino.h
[3.171s] -- Symlinking: /home/robofei/ROS2/robotis_ws/install/dynamixel_sdk/include//dynamixel_sdk/port_handler_linux.h
[3.186s] -- Symlinking: /home/robofei/ROS2/robotis_ws/install/dynamixel_sdk/include//dynamixel_sdk/port_handler_mac.h
[3.201s] -- Symlinking: /home/robofei/ROS2/robotis_ws/install/dynamixel_sdk/include//dynamixel_sdk/port_handler_windows.h
[3.217s] -- Symlinking: /home/robofei/ROS2/robotis_ws/install/dynamixel_sdk/include//dynamixel_sdk/protocol1_packet_handler.h
[3.233s] -- Symlinking: /home/robofei/ROS2/robotis_ws/install/dynamixel_sdk/include//dynamixel_sdk/protocol2_packet_handler.h
[3.249s] -- Symlinking: /home/robofei/ROS2/robotis_ws/install/dynamixel_sdk/lib/libdynamixel_sdk.so
[3.264s] -- Up-to-date symlink: /home/robofei/ROS2/robotis_ws/install/dynamixel_sdk/share/dynamixel_sdk/environment/library_path.sh
[3.265s] -- Symlinking: /home/robofei/ROS2/robotis_ws/install/dynamixel_sdk/share/dynamixel_sdk/environment/library_path.dsv
[3.280s] -- Symlinking: /home/robofei/ROS2/robotis_ws/install/dynamixel_sdk/share/ament_index/resource_index/package_run_dependencies/dynamixel_sdk
[3.295s] -- Symlinking: /home/robofei/ROS2/robotis_ws/install/dynamixel_sdk/share/ament_index/resource_index/parent_prefix_path/dynamixel_sdk
[3.311s] -- Up-to-date symlink: /home/robofei/ROS2/robotis_ws/install/dynamixel_sdk/share/dynamixel_sdk/environment/ament_prefix_path.sh
[3.311s] -- Symlinking: /home/robofei/ROS2/robotis_ws/install/dynamixel_sdk/share/dynamixel_sdk/environment/ament_prefix_path.dsv
[3.336s] -- Up-to-date symlink: /home/robofei/ROS2/robotis_ws/install/dynamixel_sdk/share/dynamixel_sdk/environment/path.sh
[3.337s] -- Symlinking: /home/robofei/ROS2/robotis_ws/install/dynamixel_sdk/share/dynamixel_sdk/environment/path.dsv
[3.351s] -- Symlinking: /home/robofei/ROS2/robotis_ws/install/dynamixel_sdk/share/dynamixel_sdk/local_setup.bash
[3.366s] -- Symlinking: /home/robofei/ROS2/robotis_ws/install/dynamixel_sdk/share/dynamixel_sdk/local_setup.sh
[3.383s] -- Symlinking: /home/robofei/ROS2/robotis_ws/install/dynamixel_sdk/share/dynamixel_sdk/local_setup.zsh
[3.398s] -- Symlinking: /home/robofei/ROS2/robotis_ws/install/dynamixel_sdk/share/dynamixel_sdk/local_setup.dsv
[3.433s] -- Symlinking: /home/robofei/ROS2/robotis_ws/install/dynamixel_sdk/share/dynamixel_sdk/package.dsv
[3.459s] -- Symlinking: /home/robofei/ROS2/robotis_ws/install/dynamixel_sdk/share/ament_index/resource_index/packages/dynamixel_sdk
[3.474s] -- Symlinking: /home/robofei/ROS2/robotis_ws/install/dynamixel_sdk/share/dynamixel_sdk/cmake/ament_cmake_export_include_directories-extras.cmake
[3.489s] -- Symlinking: /home/robofei/ROS2/robotis_ws/install/dynamixel_sdk/share/dynamixel_sdk/cmake/ament_cmake_export_libraries-extras.cmake
[3.512s] -- Symlinking: /home/robofei/ROS2/robotis_ws/install/dynamixel_sdk/share/dynamixel_sdk/cmake/dynamixel_sdkConfig.cmake
[3.538s] -- Symlinking: /home/robofei/ROS2/robotis_ws/install/dynamixel_sdk/share/dynamixel_sdk/cmake/dynamixel_sdkConfig-version.cmake
[3.562s] -- Symlinking: /home/robofei/ROS2/robotis_ws/install/dynamixel_sdk/share/dynamixel_sdk/package.xml
[3.582s] Invoked command in '/home/robofei/ROS2/robotis_ws/build/dynamixel_sdk' returned '0': CMAKE_PREFIX_PATH=${CMAKE_PREFIX_PATH}:/opt/ros/foxy /usr/bin/cmake --install /home/robofei/ROS2/robotis_ws/build/dynamixel_sdk
