[0.018s] Invoking command in '/home/robofei/ROS2/robotis_ws/build/dynamixel_sdk': CMAKE_PREFIX_PATH=/opt/ros/foxy /usr/bin/cmake /home/robofei/ROS2/robotis_ws/src/dynamixel_sdk -DAMENT_CMAKE_SYMLINK_INSTALL=1 -DCMAKE_INSTALL_PREFIX=/home/robofei/ROS2/robotis_ws/install/dynamixel_sdk
[0.130s] -- The C compiler identification is GNU 9.4.0
[0.189s] -- The CXX compiler identification is GNU 9.4.0
[0.194s] -- Check for working C compiler: /usr/bin/cc
[0.266s] -- Check for working C compiler: /usr/bin/cc -- works
[0.267s] -- Detecting C compiler ABI info
[0.340s] -- Detecting C compiler ABI info - done
[0.352s] -- Detecting C compile features
[0.353s] -- Detecting C compile features - done
[0.356s] -- Check for working CXX compiler: /usr/bin/c++
[0.440s] -- Check for working CXX compiler: /usr/bin/c++ -- works
[0.442s] -- Detecting CXX compiler ABI info
[0.530s] -- Detecting CXX compiler ABI info - done
[0.544s] -- Detecting CXX compile features
[0.544s] -- Detecting CXX compile features - done
[0.547s] -- Found ament_cmake: 0.9.9 (/opt/ros/foxy/share/ament_cmake/cmake)
[0.576s] -- Found PythonInterp: /usr/bin/python3 (found suitable version "3.8.10", minimum required is "3") 
[0.576s] -- Using PYTHON_EXECUTABLE: /usr/bin/python3
[0.774s] -- Override CMake install command with custom implementation using symlinks instead of copying resources
[0.876s] -- Configuring done
[0.897s] -- Generating done
[0.899s] -- Build files have been written to: /home/robofei/ROS2/robotis_ws/build/dynamixel_sdk
[0.903s] Invoked command in '/home/robofei/ROS2/robotis_ws/build/dynamixel_sdk' returned '0': CMAKE_PREFIX_PATH=/opt/ros/foxy /usr/bin/cmake /home/robofei/ROS2/robotis_ws/src/dynamixel_sdk -DAMENT_CMAKE_SYMLINK_INSTALL=1 -DCMAKE_INSTALL_PREFIX=/home/robofei/ROS2/robotis_ws/install/dynamixel_sdk
[0.905s] Invoking command in '/home/robofei/ROS2/robotis_ws/build/dynamixel_sdk': CMAKE_PREFIX_PATH=/opt/ros/foxy /usr/bin/cmake --build /home/robofei/ROS2/robotis_ws/build/dynamixel_sdk -- -j4 -l4
[0.948s] [35m[1mScanning dependencies of target dynamixel_sdk[0m
[0.966s] [ 10%] [32mBuilding CXX object CMakeFiles/dynamixel_sdk.dir/src/dynamixel_sdk/protocol1_packet_handler.cpp.o[0m
[0.967s] [ 20%] [32mBuilding CXX object CMakeFiles/dynamixel_sdk.dir/src/dynamixel_sdk/group_sync_read.cpp.o[0m
[0.972s] [ 30%] [32mBuilding CXX object CMakeFiles/dynamixel_sdk.dir/src/dynamixel_sdk/protocol2_packet_handler.cpp.o[0m
[0.974s] [ 40%] [32mBuilding CXX object CMakeFiles/dynamixel_sdk.dir/src/dynamixel_sdk/packet_handler.cpp.o[0m
[1.254s] [ 50%] [32mBuilding CXX object CMakeFiles/dynamixel_sdk.dir/src/dynamixel_sdk/group_sync_write.cpp.o[0m
[1.270s] [ 60%] [32mBuilding CXX object CMakeFiles/dynamixel_sdk.dir/src/dynamixel_sdk/group_bulk_read.cpp.o[0m
[1.386s] [ 70%] [32mBuilding CXX object CMakeFiles/dynamixel_sdk.dir/src/dynamixel_sdk/group_bulk_write.cpp.o[0m
[1.898s] [ 80%] [32mBuilding CXX object CMakeFiles/dynamixel_sdk.dir/src/dynamixel_sdk/port_handler.cpp.o[0m
[1.944s] [ 90%] [32mBuilding CXX object CMakeFiles/dynamixel_sdk.dir/src/dynamixel_sdk/port_handler_linux.cpp.o[0m
[2.310s] [100%] [32m[1mLinking CXX shared library libdynamixel_sdk.so[0m
[2.512s] [100%] Built target dynamixel_sdk
[2.535s] Invoked command in '/home/robofei/ROS2/robotis_ws/build/dynamixel_sdk' returned '0': CMAKE_PREFIX_PATH=/opt/ros/foxy /usr/bin/cmake --build /home/robofei/ROS2/robotis_ws/build/dynamixel_sdk -- -j4 -l4
[2.603s] Invoking command in '/home/robofei/ROS2/robotis_ws/build/dynamixel_sdk': CMAKE_PREFIX_PATH=/opt/ros/foxy /usr/bin/cmake --install /home/robofei/ROS2/robotis_ws/build/dynamixel_sdk
[2.612s] -- Install configuration: ""
[2.613s] -- Execute custom install script
[2.613s] -- Symlinking: /home/robofei/ROS2/robotis_ws/install/dynamixel_sdk/include//dynamixel_sdk/dynamixel_sdk.h
[2.623s] -- Symlinking: /home/robofei/ROS2/robotis_ws/install/dynamixel_sdk/include//dynamixel_sdk/group_bulk_read.h
[2.633s] -- Symlinking: /home/robofei/ROS2/robotis_ws/install/dynamixel_sdk/include//dynamixel_sdk/group_bulk_write.h
[2.644s] -- Symlinking: /home/robofei/ROS2/robotis_ws/install/dynamixel_sdk/include//dynamixel_sdk/group_sync_read.h
[2.654s] -- Symlinking: /home/robofei/ROS2/robotis_ws/install/dynamixel_sdk/include//dynamixel_sdk/group_sync_write.h
[2.665s] -- Symlinking: /home/robofei/ROS2/robotis_ws/install/dynamixel_sdk/include//dynamixel_sdk/packet_handler.h
[2.677s] -- Symlinking: /home/robofei/ROS2/robotis_ws/install/dynamixel_sdk/include//dynamixel_sdk/port_handler.h
[2.688s] -- Symlinking: /home/robofei/ROS2/robotis_ws/install/dynamixel_sdk/include//dynamixel_sdk/port_handler_arduino.h
[2.699s] -- Symlinking: /home/robofei/ROS2/robotis_ws/install/dynamixel_sdk/include//dynamixel_sdk/port_handler_linux.h
[2.710s] -- Symlinking: /home/robofei/ROS2/robotis_ws/install/dynamixel_sdk/include//dynamixel_sdk/port_handler_mac.h
[2.720s] -- Symlinking: /home/robofei/ROS2/robotis_ws/install/dynamixel_sdk/include//dynamixel_sdk/port_handler_windows.h
[2.731s] -- Symlinking: /home/robofei/ROS2/robotis_ws/install/dynamixel_sdk/include//dynamixel_sdk/protocol1_packet_handler.h
[2.742s] -- Symlinking: /home/robofei/ROS2/robotis_ws/install/dynamixel_sdk/include//dynamixel_sdk/protocol2_packet_handler.h
[2.752s] -- Up-to-date symlink: /home/robofei/ROS2/robotis_ws/install/dynamixel_sdk/lib/libdynamixel_sdk.so
[2.752s] -- Up-to-date symlink: /home/robofei/ROS2/robotis_ws/install/dynamixel_sdk/share/dynamixel_sdk/environment/library_path.sh
[2.753s] -- Up-to-date symlink: /home/robofei/ROS2/robotis_ws/install/dynamixel_sdk/share/dynamixel_sdk/environment/library_path.dsv
[2.753s] -- Up-to-date symlink: /home/robofei/ROS2/robotis_ws/install/dynamixel_sdk/share/ament_index/resource_index/package_run_dependencies/dynamixel_sdk
[2.753s] -- Up-to-date symlink: /home/robofei/ROS2/robotis_ws/install/dynamixel_sdk/share/ament_index/resource_index/parent_prefix_path/dynamixel_sdk
[2.754s] -- Up-to-date symlink: /home/robofei/ROS2/robotis_ws/install/dynamixel_sdk/share/dynamixel_sdk/environment/ament_prefix_path.sh
[2.754s] -- Up-to-date symlink: /home/robofei/ROS2/robotis_ws/install/dynamixel_sdk/share/dynamixel_sdk/environment/ament_prefix_path.dsv
[2.755s] -- Up-to-date symlink: /home/robofei/ROS2/robotis_ws/install/dynamixel_sdk/share/dynamixel_sdk/environment/path.sh
[2.755s] -- Up-to-date symlink: /home/robofei/ROS2/robotis_ws/install/dynamixel_sdk/share/dynamixel_sdk/environment/path.dsv
[2.755s] -- Up-to-date symlink: /home/robofei/ROS2/robotis_ws/install/dynamixel_sdk/share/dynamixel_sdk/local_setup.bash
[2.756s] -- Up-to-date symlink: /home/robofei/ROS2/robotis_ws/install/dynamixel_sdk/share/dynamixel_sdk/local_setup.sh
[2.756s] -- Up-to-date symlink: /home/robofei/ROS2/robotis_ws/install/dynamixel_sdk/share/dynamixel_sdk/local_setup.zsh
[2.756s] -- Up-to-date symlink: /home/robofei/ROS2/robotis_ws/install/dynamixel_sdk/share/dynamixel_sdk/local_setup.dsv
[2.757s] -- Symlinking: /home/robofei/ROS2/robotis_ws/install/dynamixel_sdk/share/dynamixel_sdk/package.dsv
[2.767s] -- Up-to-date symlink: /home/robofei/ROS2/robotis_ws/install/dynamixel_sdk/share/ament_index/resource_index/packages/dynamixel_sdk
[2.767s] -- Up-to-date symlink: /home/robofei/ROS2/robotis_ws/install/dynamixel_sdk/share/dynamixel_sdk/cmake/ament_cmake_export_include_directories-extras.cmake
[2.768s] -- Up-to-date symlink: /home/robofei/ROS2/robotis_ws/install/dynamixel_sdk/share/dynamixel_sdk/cmake/ament_cmake_export_libraries-extras.cmake
[2.768s] -- Up-to-date symlink: /home/robofei/ROS2/robotis_ws/install/dynamixel_sdk/share/dynamixel_sdk/cmake/dynamixel_sdkConfig.cmake
[2.768s] -- Up-to-date symlink: /home/robofei/ROS2/robotis_ws/install/dynamixel_sdk/share/dynamixel_sdk/cmake/dynamixel_sdkConfig-version.cmake
[2.769s] -- Symlinking: /home/robofei/ROS2/robotis_ws/install/dynamixel_sdk/share/dynamixel_sdk/package.xml
[2.783s] Invoked command in '/home/robofei/ROS2/robotis_ws/build/dynamixel_sdk' returned '0': CMAKE_PREFIX_PATH=/opt/ros/foxy /usr/bin/cmake --install /home/robofei/ROS2/robotis_ws/build/dynamixel_sdk
