[0.019s] Invoking command in '/home/robofei/ROS2/robotis_ws/build/dynamixel_sdk_examples': CMAKE_PREFIX_PATH=/home/robofei/ROS2/robotis_ws/install/dynamixel_sdk_custom_interfaces:/home/robofei/ROS2/robotis_ws/install/dynamixel_sdk:/home/robofei/ROS2/robotis_ws/install/dynamixel_sdk_examples:/opt/ros/foxy PYTHONPATH=/home/robofei/ROS2/robotis_ws/install/dynamixel_sdk_custom_interfaces/lib/python3.8/site-packages:/home/robofei/ROS2/robotis_ws/install/dynamixel_sdk_examples/lib/python3.8/site-packages:/opt/ros/foxy/lib/python3.8/site-packages /usr/bin/cmake --build /home/robofei/ROS2/robotis_ws/build/dynamixel_sdk_examples -- -j4 -l4
[0.049s] -- Found ament_cmake: 0.9.9 (/opt/ros/foxy/share/ament_cmake/cmake)
[0.073s] -- Using PYTHON_EXECUTABLE: /usr/bin/python3
[0.265s] -- Override CMake install command with custom implementation using symlinks instead of copying resources
[0.273s] -- Found dynamixel_sdk: 3.7.40 (/home/robofei/ROS2/robotis_ws/install/dynamixel_sdk/share/dynamixel_sdk/cmake)
[0.275s] -- Found dynamixel_sdk_custom_interfaces: 3.7.40 (/home/robofei/ROS2/robotis_ws/install/dynamixel_sdk_custom_interfaces/share/dynamixel_sdk_custom_interfaces/cmake)
[0.298s] -- Using all available rosidl_typesupport_c: rosidl_typesupport_fastrtps_c;rosidl_typesupport_introspection_c
[0.302s] -- Found rosidl_adapter: 1.2.1 (/opt/ros/foxy/share/rosidl_adapter/cmake)
[0.436s] -- Using all available rosidl_typesupport_cpp: rosidl_typesupport_fastrtps_cpp;rosidl_typesupport_introspection_cpp
[0.486s] -- Found rclcpp: 2.4.1 (/opt/ros/foxy/share/rclcpp/cmake)
[0.530s] -- Found rmw_implementation_cmake: 1.0.3 (/opt/ros/foxy/share/rmw_implementation_cmake/cmake)
[0.532s] -- Using RMW implementation 'rmw_fastrtps_cpp' as default
[0.698s] -- Found ament_lint_auto: 0.9.6 (/opt/ros/foxy/share/ament_lint_auto/cmake)
[0.769s] -- Added test 'copyright' to check source files copyright and LICENSE
[0.770s] -- Added test 'cppcheck' to perform static code analysis on C / C++ code
[0.771s] -- Configured cppcheck include dirs: /home/robofei/ROS2/robotis_ws/src/dynamixel_sdk_examples/include
[0.771s] -- Configured cppcheck exclude dirs and/or files: 
[0.772s] -- Added test 'cpplint' to check C / C++ code against the Google style
[0.772s] -- Configured cpplint exclude dirs and/or files: 
[0.772s] -- Added test 'flake8' to check Python code syntax and style conventions
[0.773s] -- Added test 'lint_cmake' to check CMake code style
[0.773s] -- Added test 'pep257' to check Python code against some of the style conventions in PEP 257
[0.774s] -- Added test 'uncrustify' to check C / C++ code style
[0.774s] -- Configured uncrustify additional arguments: 
[0.775s] -- Added test 'xmllint' to check XML markup files
[0.778s] -- Configuring done
[0.779s] CMake Error at CMakeLists.txt:34 (add_executable):
[0.779s]   Cannot find source file:
[0.779s] 
[0.780s]     src/minimal_pub.cpp
[0.780s] 
[0.780s]   Tried extensions .c .C .c++ .cc .cpp .cxx .cu .m .M .mm .h .hh .h++ .hm
[0.780s]   .hpp .hxx .in .txx
[0.780s] 
[0.780s] 
[0.780s] CMake Error at CMakeLists.txt:34 (add_executable):
[0.780s]   No SOURCES given to target: minimal_pub
[0.780s] 
[0.781s] 
[0.781s] CMake Generate step failed.  Build files cannot be regenerated correctly.
[0.787s] make: *** [Makefile:310: cmake_check_build_system] Error 1
[0.789s] Invoked command in '/home/robofei/ROS2/robotis_ws/build/dynamixel_sdk_examples' returned '2': CMAKE_PREFIX_PATH=/home/robofei/ROS2/robotis_ws/install/dynamixel_sdk_custom_interfaces:/home/robofei/ROS2/robotis_ws/install/dynamixel_sdk:/home/robofei/ROS2/robotis_ws/install/dynamixel_sdk_examples:/opt/ros/foxy PYTHONPATH=/home/robofei/ROS2/robotis_ws/install/dynamixel_sdk_custom_interfaces/lib/python3.8/site-packages:/home/robofei/ROS2/robotis_ws/install/dynamixel_sdk_examples/lib/python3.8/site-packages:/opt/ros/foxy/lib/python3.8/site-packages /usr/bin/cmake --build /home/robofei/ROS2/robotis_ws/build/dynamixel_sdk_examples -- -j4 -l4
