[0.327s] Invoking command in '/home/robofei/Downloads/GC/src/controller': PYTHONPATH=/home/robofei/Downloads/GC/install/controller/lib/python3.8/site-packages:${PYTHONPATH} /usr/bin/python3 setup.py egg_info --egg-base ../../build/controller build --build-base /home/robofei/Downloads/GC/build/controller/build install --prefix /home/robofei/Downloads/GC/install/controller --record /home/robofei/Downloads/GC/build/controller/install.log --single-version-externally-managed
[0.692s] running egg_info
[0.692s] writing ../../build/controller/controller.egg-info/PKG-INFO
[0.693s] writing dependency_links to ../../build/controller/controller.egg-info/dependency_links.txt
[0.693s] writing entry points to ../../build/controller/controller.egg-info/entry_points.txt
[0.693s] writing requirements to ../../build/controller/controller.egg-info/requires.txt
[0.693s] writing top-level names to ../../build/controller/controller.egg-info/top_level.txt
[0.747s] reading manifest file '../../build/controller/controller.egg-info/SOURCES.txt'
[0.750s] writing manifest file '../../build/controller/controller.egg-info/SOURCES.txt'
[0.751s] running build
[0.751s] running build_py
[0.751s] copying controller/receiver.py -> /home/robofei/Downloads/GC/build/controller/build/lib/controller
[0.751s] running install
[0.752s] running install_lib
[0.752s] copying /home/robofei/Downloads/GC/build/controller/build/lib/controller/receiver.py -> /home/robofei/Downloads/GC/install/controller/lib/python3.8/site-packages/controller
[0.753s] byte-compiling /home/robofei/Downloads/GC/install/controller/lib/python3.8/site-packages/controller/receiver.py to receiver.cpython-38.pyc
[0.756s] running install_data
[0.757s] running install_egg_info
[0.760s] removing '/home/robofei/Downloads/GC/install/controller/lib/python3.8/site-packages/controller-0.0.0-py3.8.egg-info' (and everything under it)
[0.760s] Copying ../../build/controller/controller.egg-info to /home/robofei/Downloads/GC/install/controller/lib/python3.8/site-packages/controller-0.0.0-py3.8.egg-info
[0.761s] running install_scripts
[0.787s] Installing talker script to /home/robofei/Downloads/GC/install/controller/lib/controller
[0.788s] writing list of installed files to '/home/robofei/Downloads/GC/build/controller/install.log'
[0.839s] Invoked command in '/home/robofei/Downloads/GC/src/controller' returned '0': PYTHONPATH=/home/robofei/Downloads/GC/install/controller/lib/python3.8/site-packages:${PYTHONPATH} /usr/bin/python3 setup.py egg_info --egg-base ../../build/controller build --build-base /home/robofei/Downloads/GC/build/controller/build install --prefix /home/robofei/Downloads/GC/install/controller --record /home/robofei/Downloads/GC/build/controller/install.log --single-version-externally-managed
