[1.226s] DEBUG:colcon:Command line arguments: ['/usr/bin/colcon', 'build', '--symlink-install']
[1.226s] DEBUG:colcon:Parsed command line arguments: Namespace(allow_overriding=[], ament_cmake_args=None, base_paths=['.'], build_base='build', catkin_cmake_args=None, catkin_skip_building_tests=False, cmake_args=None, cmake_clean_cache=False, cmake_clean_first=False, cmake_force_configure=False, cmake_target=None, cmake_target_skip_unavailable=False, continue_on_error=False, event_handlers=None, executor='parallel', ignore_user_meta=False, install_base='install', log_base=None, log_level=None, main=<bound method BuildVerb.main of <colcon_core.verb.build.BuildVerb object at 0x7fa459e2d460>>, merge_install=False, metas=['./colcon.meta'], packages_above=None, packages_above_and_dependencies=None, packages_above_depth=None, packages_end=None, packages_ignore=None, packages_ignore_regex=None, packages_select=None, packages_select_build_failed=False, packages_select_by_dep=None, packages_select_regex=None, packages_select_test_failures=False, packages_skip=None, packages_skip_build_finished=False, packages_skip_by_dep=None, packages_skip_regex=None, packages_skip_test_passed=False, packages_skip_up_to=None, packages_start=None, packages_up_to=None, packages_up_to_regex=None, parallel_workers=4, paths=None, symlink_install=True, test_result_base=None, verb_extension=<colcon_core.verb.build.BuildVerb object at 0x7fa459e2d460>, verb_name='build', verb_parser=<colcon_defaults.argument_parser.defaults.DefaultArgumentsDecorator object at 0x7fa459e2d9a0>)
[1.422s] Level 1:colcon.colcon_core.package_discovery:discover_packages(colcon_meta) check parameters
[1.423s] Level 1:colcon.colcon_core.package_discovery:discover_packages(recursive) check parameters
[1.423s] Level 1:colcon.colcon_core.package_discovery:discover_packages(ignore) check parameters
[1.423s] Level 1:colcon.colcon_core.package_discovery:discover_packages(path) check parameters
[1.424s] Level 1:colcon.colcon_core.package_discovery:discover_packages(colcon_meta) discover
[1.424s] Level 1:colcon.colcon_core.package_discovery:discover_packages(recursive) discover
[1.424s] INFO:colcon.colcon_core.package_discovery:Crawling recursively for packages in '/home/robofei/ROS2/decision_pkg'
[1.440s] Level 1:colcon.colcon_core.package_identification:_identify(.) by extensions ['ignore', 'ignore_ament_install']
[1.440s] Level 1:colcon.colcon_core.package_identification:_identify(.) by extension 'ignore'
[1.441s] Level 1:colcon.colcon_core.package_identification:_identify(.) by extension 'ignore_ament_install'
[1.441s] Level 1:colcon.colcon_core.package_identification:_identify(.) by extensions ['colcon_pkg']
[1.442s] Level 1:colcon.colcon_core.package_identification:_identify(.) by extension 'colcon_pkg'
[1.442s] Level 1:colcon.colcon_core.package_identification:_identify(.) by extensions ['colcon_meta']
[1.442s] Level 1:colcon.colcon_core.package_identification:_identify(.) by extension 'colcon_meta'
[1.443s] Level 1:colcon.colcon_core.package_identification:_identify(.) by extensions ['ros']
[1.443s] Level 1:colcon.colcon_core.package_identification:_identify(.) by extension 'ros'
[1.515s] Level 1:colcon.colcon_core.package_identification:_identify(.) by extensions ['cmake', 'python']
[1.515s] Level 1:colcon.colcon_core.package_identification:_identify(.) by extension 'cmake'
[1.515s] Level 1:colcon.colcon_core.package_identification:_identify(.) by extension 'python'
[1.515s] Level 1:colcon.colcon_core.package_identification:_identify(.) by extensions ['python_setup_py']
[1.516s] Level 1:colcon.colcon_core.package_identification:_identify(.) by extension 'python_setup_py'
[1.532s] Level 1:colcon.colcon_core.package_identification:_identify(build) by extensions ['ignore', 'ignore_ament_install']
[1.533s] Level 1:colcon.colcon_core.package_identification:_identify(build) by extension 'ignore'
[1.533s] Level 1:colcon.colcon_core.package_identification:_identify(build) ignored
[1.549s] Level 1:colcon.colcon_core.package_identification:_identify(install) by extensions ['ignore', 'ignore_ament_install']
[1.549s] Level 1:colcon.colcon_core.package_identification:_identify(install) by extension 'ignore'
[1.549s] Level 1:colcon.colcon_core.package_identification:_identify(install) ignored
[1.550s] Level 1:colcon.colcon_core.package_identification:_identify(log) by extensions ['ignore', 'ignore_ament_install']
[1.550s] Level 1:colcon.colcon_core.package_identification:_identify(log) by extension 'ignore'
[1.550s] Level 1:colcon.colcon_core.package_identification:_identify(log) ignored
[1.603s] Level 1:colcon.colcon_core.package_identification:_identify(src) by extensions ['ignore', 'ignore_ament_install']
[1.604s] Level 1:colcon.colcon_core.package_identification:_identify(src) by extension 'ignore'
[1.604s] Level 1:colcon.colcon_core.package_identification:_identify(src) by extension 'ignore_ament_install'
[1.604s] Level 1:colcon.colcon_core.package_identification:_identify(src) by extensions ['colcon_pkg']
[1.604s] Level 1:colcon.colcon_core.package_identification:_identify(src) by extension 'colcon_pkg'
[1.604s] Level 1:colcon.colcon_core.package_identification:_identify(src) by extensions ['colcon_meta']
[1.604s] Level 1:colcon.colcon_core.package_identification:_identify(src) by extension 'colcon_meta'
[1.604s] Level 1:colcon.colcon_core.package_identification:_identify(src) by extensions ['ros']
[1.604s] Level 1:colcon.colcon_core.package_identification:_identify(src) by extension 'ros'
[1.604s] Level 1:colcon.colcon_core.package_identification:_identify(src) by extensions ['cmake', 'python']
[1.604s] Level 1:colcon.colcon_core.package_identification:_identify(src) by extension 'cmake'
[1.604s] Level 1:colcon.colcon_core.package_identification:_identify(src) by extension 'python'
[1.604s] Level 1:colcon.colcon_core.package_identification:_identify(src) by extensions ['python_setup_py']
[1.604s] Level 1:colcon.colcon_core.package_identification:_identify(src) by extension 'python_setup_py'
[1.636s] Level 1:colcon.colcon_core.package_identification:_identify(src/decision_pkg) by extensions ['ignore', 'ignore_ament_install']
[1.636s] Level 1:colcon.colcon_core.package_identification:_identify(src/decision_pkg) by extension 'ignore'
[1.636s] Level 1:colcon.colcon_core.package_identification:_identify(src/decision_pkg) by extension 'ignore_ament_install'
[1.636s] Level 1:colcon.colcon_core.package_identification:_identify(src/decision_pkg) by extensions ['colcon_pkg']
[1.636s] Level 1:colcon.colcon_core.package_identification:_identify(src/decision_pkg) by extension 'colcon_pkg'
[1.636s] Level 1:colcon.colcon_core.package_identification:_identify(src/decision_pkg) by extensions ['colcon_meta']
[1.636s] Level 1:colcon.colcon_core.package_identification:_identify(src/decision_pkg) by extension 'colcon_meta'
[1.637s] Level 1:colcon.colcon_core.package_identification:_identify(src/decision_pkg) by extensions ['ros']
[1.637s] Level 1:colcon.colcon_core.package_identification:_identify(src/decision_pkg) by extension 'ros'
[1.640s] DEBUG:colcon.colcon_core.package_identification:Package 'src/decision_pkg' with type 'ros.ament_python' and name 'decision_pkg'
[1.667s] Level 1:colcon.colcon_core.package_identification:_identify(src/dynamixel_sdk_custom_interfaces) by extensions ['ignore', 'ignore_ament_install']
[1.668s] Level 1:colcon.colcon_core.package_identification:_identify(src/dynamixel_sdk_custom_interfaces) by extension 'ignore'
[1.668s] Level 1:colcon.colcon_core.package_identification:_identify(src/dynamixel_sdk_custom_interfaces) by extension 'ignore_ament_install'
[1.668s] Level 1:colcon.colcon_core.package_identification:_identify(src/dynamixel_sdk_custom_interfaces) by extensions ['colcon_pkg']
[1.668s] Level 1:colcon.colcon_core.package_identification:_identify(src/dynamixel_sdk_custom_interfaces) by extension 'colcon_pkg'
[1.668s] Level 1:colcon.colcon_core.package_identification:_identify(src/dynamixel_sdk_custom_interfaces) by extensions ['colcon_meta']
[1.668s] Level 1:colcon.colcon_core.package_identification:_identify(src/dynamixel_sdk_custom_interfaces) by extension 'colcon_meta'
[1.668s] Level 1:colcon.colcon_core.package_identification:_identify(src/dynamixel_sdk_custom_interfaces) by extensions ['ros']
[1.668s] Level 1:colcon.colcon_core.package_identification:_identify(src/dynamixel_sdk_custom_interfaces) by extension 'ros'
[1.669s] DEBUG:colcon.colcon_core.package_identification:Package 'src/dynamixel_sdk_custom_interfaces' with type 'ros.ament_cmake' and name 'dynamixel_sdk_custom_interfaces'
[1.702s] Level 1:colcon.colcon_core.package_identification:_identify(src/messages) by extensions ['ignore', 'ignore_ament_install']
[1.702s] Level 1:colcon.colcon_core.package_identification:_identify(src/messages) by extension 'ignore'
[1.703s] Level 1:colcon.colcon_core.package_identification:_identify(src/messages) by extension 'ignore_ament_install'
[1.703s] Level 1:colcon.colcon_core.package_identification:_identify(src/messages) by extensions ['colcon_pkg']
[1.703s] Level 1:colcon.colcon_core.package_identification:_identify(src/messages) by extension 'colcon_pkg'
[1.703s] Level 1:colcon.colcon_core.package_identification:_identify(src/messages) by extensions ['colcon_meta']
[1.703s] Level 1:colcon.colcon_core.package_identification:_identify(src/messages) by extension 'colcon_meta'
[1.704s] Level 1:colcon.colcon_core.package_identification:_identify(src/messages) by extensions ['ros']
[1.704s] Level 1:colcon.colcon_core.package_identification:_identify(src/messages) by extension 'ros'
[1.704s] Level 1:colcon.colcon_core.package_identification:_identify(src/messages) by extensions ['cmake', 'python']
[1.704s] Level 1:colcon.colcon_core.package_identification:_identify(src/messages) by extension 'cmake'
[1.704s] Level 1:colcon.colcon_core.package_identification:_identify(src/messages) by extension 'python'
[1.705s] Level 1:colcon.colcon_core.package_identification:_identify(src/messages) by extensions ['python_setup_py']
[1.705s] Level 1:colcon.colcon_core.package_identification:_identify(src/messages) by extension 'python_setup_py'
[1.739s] Level 1:colcon.colcon_core.package_identification:_identify(src/messages/messages) by extensions ['ignore', 'ignore_ament_install']
[1.739s] Level 1:colcon.colcon_core.package_identification:_identify(src/messages/messages) by extension 'ignore'
[1.739s] Level 1:colcon.colcon_core.package_identification:_identify(src/messages/messages) by extension 'ignore_ament_install'
[1.739s] Level 1:colcon.colcon_core.package_identification:_identify(src/messages/messages) by extensions ['colcon_pkg']
[1.739s] Level 1:colcon.colcon_core.package_identification:_identify(src/messages/messages) by extension 'colcon_pkg'
[1.739s] Level 1:colcon.colcon_core.package_identification:_identify(src/messages/messages) by extensions ['colcon_meta']
[1.739s] Level 1:colcon.colcon_core.package_identification:_identify(src/messages/messages) by extension 'colcon_meta'
[1.740s] Level 1:colcon.colcon_core.package_identification:_identify(src/messages/messages) by extensions ['ros']
[1.740s] Level 1:colcon.colcon_core.package_identification:_identify(src/messages/messages) by extension 'ros'
[1.740s] DEBUG:colcon.colcon_core.package_identification:Package 'src/messages/messages' with type 'ros.ament_cmake' and name 'messages'
[1.740s] Level 1:colcon.colcon_core.package_discovery:discover_packages(recursive) using defaults
[1.740s] Level 1:colcon.colcon_core.package_discovery:discover_packages(ignore) discover
[1.741s] Level 1:colcon.colcon_core.package_discovery:discover_packages(ignore) using defaults
[1.741s] Level 1:colcon.colcon_core.package_discovery:discover_packages(path) discover
[1.741s] Level 1:colcon.colcon_core.package_discovery:discover_packages(path) using defaults
[1.885s] Level 5:colcon.colcon_core.verb:set package 'dynamixel_sdk_custom_interfaces' build argument 'cmake_args' from command line to 'None'
[1.885s] Level 5:colcon.colcon_core.verb:set package 'dynamixel_sdk_custom_interfaces' build argument 'cmake_target' from command line to 'None'
[1.885s] Level 5:colcon.colcon_core.verb:set package 'dynamixel_sdk_custom_interfaces' build argument 'cmake_target_skip_unavailable' from command line to 'False'
[1.885s] Level 5:colcon.colcon_core.verb:set package 'dynamixel_sdk_custom_interfaces' build argument 'cmake_clean_cache' from command line to 'False'
[1.885s] Level 5:colcon.colcon_core.verb:set package 'dynamixel_sdk_custom_interfaces' build argument 'cmake_clean_first' from command line to 'False'
[1.885s] Level 5:colcon.colcon_core.verb:set package 'dynamixel_sdk_custom_interfaces' build argument 'cmake_force_configure' from command line to 'False'
[1.885s] Level 5:colcon.colcon_core.verb:set package 'dynamixel_sdk_custom_interfaces' build argument 'ament_cmake_args' from command line to 'None'
[1.885s] Level 5:colcon.colcon_core.verb:set package 'dynamixel_sdk_custom_interfaces' build argument 'catkin_cmake_args' from command line to 'None'
[1.885s] Level 5:colcon.colcon_core.verb:set package 'dynamixel_sdk_custom_interfaces' build argument 'catkin_skip_building_tests' from command line to 'False'
[1.885s] DEBUG:colcon.colcon_core.verb:Building package 'dynamixel_sdk_custom_interfaces' with the following arguments: {'ament_cmake_args': None, 'build_base': '/home/robofei/ROS2/decision_pkg/build/dynamixel_sdk_custom_interfaces', 'catkin_cmake_args': None, 'catkin_skip_building_tests': False, 'cmake_args': None, 'cmake_clean_cache': False, 'cmake_clean_first': False, 'cmake_force_configure': False, 'cmake_target': None, 'cmake_target_skip_unavailable': False, 'install_base': '/home/robofei/ROS2/decision_pkg/install/dynamixel_sdk_custom_interfaces', 'merge_install': False, 'path': '/home/robofei/ROS2/decision_pkg/src/dynamixel_sdk_custom_interfaces', 'symlink_install': True, 'test_result_base': None}
[1.886s] Level 5:colcon.colcon_core.verb:set package 'messages' build argument 'cmake_args' from command line to 'None'
[1.886s] Level 5:colcon.colcon_core.verb:set package 'messages' build argument 'cmake_target' from command line to 'None'
[1.886s] Level 5:colcon.colcon_core.verb:set package 'messages' build argument 'cmake_target_skip_unavailable' from command line to 'False'
[1.886s] Level 5:colcon.colcon_core.verb:set package 'messages' build argument 'cmake_clean_cache' from command line to 'False'
[1.886s] Level 5:colcon.colcon_core.verb:set package 'messages' build argument 'cmake_clean_first' from command line to 'False'
[1.886s] Level 5:colcon.colcon_core.verb:set package 'messages' build argument 'cmake_force_configure' from command line to 'False'
[1.886s] Level 5:colcon.colcon_core.verb:set package 'messages' build argument 'ament_cmake_args' from command line to 'None'
[1.886s] Level 5:colcon.colcon_core.verb:set package 'messages' build argument 'catkin_cmake_args' from command line to 'None'
[1.886s] Level 5:colcon.colcon_core.verb:set package 'messages' build argument 'catkin_skip_building_tests' from command line to 'False'
[1.886s] DEBUG:colcon.colcon_core.verb:Building package 'messages' with the following arguments: {'ament_cmake_args': None, 'build_base': '/home/robofei/ROS2/decision_pkg/build/messages', 'catkin_cmake_args': None, 'catkin_skip_building_tests': False, 'cmake_args': None, 'cmake_clean_cache': False, 'cmake_clean_first': False, 'cmake_force_configure': False, 'cmake_target': None, 'cmake_target_skip_unavailable': False, 'install_base': '/home/robofei/ROS2/decision_pkg/install/messages', 'merge_install': False, 'path': '/home/robofei/ROS2/decision_pkg/src/messages/messages', 'symlink_install': True, 'test_result_base': None}
[1.887s] Level 5:colcon.colcon_core.verb:set package 'decision_pkg' build argument 'cmake_args' from command line to 'None'
[1.887s] Level 5:colcon.colcon_core.verb:set package 'decision_pkg' build argument 'cmake_target' from command line to 'None'
[1.887s] Level 5:colcon.colcon_core.verb:set package 'decision_pkg' build argument 'cmake_target_skip_unavailable' from command line to 'False'
[1.887s] Level 5:colcon.colcon_core.verb:set package 'decision_pkg' build argument 'cmake_clean_cache' from command line to 'False'
[1.887s] Level 5:colcon.colcon_core.verb:set package 'decision_pkg' build argument 'cmake_clean_first' from command line to 'False'
[1.887s] Level 5:colcon.colcon_core.verb:set package 'decision_pkg' build argument 'cmake_force_configure' from command line to 'False'
[1.887s] Level 5:colcon.colcon_core.verb:set package 'decision_pkg' build argument 'ament_cmake_args' from command line to 'None'
[1.887s] Level 5:colcon.colcon_core.verb:set package 'decision_pkg' build argument 'catkin_cmake_args' from command line to 'None'
[1.887s] Level 5:colcon.colcon_core.verb:set package 'decision_pkg' build argument 'catkin_skip_building_tests' from command line to 'False'
[1.887s] DEBUG:colcon.colcon_core.verb:Building package 'decision_pkg' with the following arguments: {'ament_cmake_args': None, 'build_base': '/home/robofei/ROS2/decision_pkg/build/decision_pkg', 'catkin_cmake_args': None, 'catkin_skip_building_tests': False, 'cmake_args': None, 'cmake_clean_cache': False, 'cmake_clean_first': False, 'cmake_force_configure': False, 'cmake_target': None, 'cmake_target_skip_unavailable': False, 'install_base': '/home/robofei/ROS2/decision_pkg/install/decision_pkg', 'merge_install': False, 'path': '/home/robofei/ROS2/decision_pkg/src/decision_pkg', 'symlink_install': True, 'test_result_base': None}
[2.150s] WARNING:colcon.colcon_core.verb:Some selected packages are already built in one or more underlay workspaces:
	'dynamixel_sdk_custom_interfaces' is in: /home/robofei/ROS2/decision_pkg/install/dynamixel_sdk_custom_interfaces
	'messages' is in: /home/robofei/ROS2/decision_pkg/install/messages
	'decision_pkg' is in: /home/robofei/ROS2/decision_pkg/install/decision_pkg
If a package in a merged underlay workspace is overridden and it installs headers, then all packages in the overlay must sort their include directories by workspace order. Failure to do so may result in build failures or undefined behavior at run time.
If the overridden package is used by another package in any underlay, then the overriding package in the overlay must be API and ABI compatible or undefined behavior at run time may occur.

If you understand the risks and want to override a package anyways, add the following to the command line:
	--allow-overriding decision_pkg dynamixel_sdk_custom_interfaces messages

This may be promoted to an error in a future release of colcon-core.
[2.151s] INFO:colcon.colcon_core.executor:Executing jobs using 'parallel' executor
[2.153s] DEBUG:colcon.colcon_parallel_executor.executor.parallel:run_until_complete
[2.153s] INFO:colcon.colcon_ros.task.ament_cmake.build:Building ROS package in '/home/robofei/ROS2/decision_pkg/src/dynamixel_sdk_custom_interfaces' with build type 'ament_cmake'
[2.153s] INFO:colcon.colcon_cmake.task.cmake.build:Building CMake package in '/home/robofei/ROS2/decision_pkg/src/dynamixel_sdk_custom_interfaces'
[2.181s] INFO:colcon.colcon_core.plugin_system:Skipping extension 'colcon_core.shell.bat': Not used on non-Windows systems
[2.181s] INFO:colcon.colcon_core.shell:Skip shell extension 'powershell' for command environment: Not usable outside of PowerShell
[2.182s] DEBUG:colcon.colcon_core.shell:Skip shell extension 'dsv' for command environment
[2.192s] INFO:colcon.colcon_ros.task.ament_cmake.build:Building ROS package in '/home/robofei/ROS2/decision_pkg/src/messages/messages' with build type 'ament_cmake'
[2.193s] INFO:colcon.colcon_cmake.task.cmake.build:Building CMake package in '/home/robofei/ROS2/decision_pkg/src/messages/messages'
[2.195s] INFO:colcon.colcon_core.shell:Skip shell extension 'powershell' for command environment: Not usable outside of PowerShell
[2.195s] DEBUG:colcon.colcon_core.shell:Skip shell extension 'dsv' for command environment
[2.226s] DEBUG:colcon.colcon_core.event_handler.log_command:Invoking command in '/home/robofei/ROS2/decision_pkg/build/dynamixel_sdk_custom_interfaces': CMAKE_PREFIX_PATH=${CMAKE_PREFIX_PATH}:/home/robofei/ROS2/decision_pkg/install/decision_pkg:/opt/ros/foxy /usr/bin/cmake --build /home/robofei/ROS2/decision_pkg/build/dynamixel_sdk_custom_interfaces -- -j4 -l4
[2.237s] DEBUG:colcon.colcon_core.event_handler.log_command:Invoking command in '/home/robofei/ROS2/decision_pkg/build/messages': CMAKE_PREFIX_PATH=${CMAKE_PREFIX_PATH}:/home/robofei/ROS2/decision_pkg/install/decision_pkg:/opt/ros/foxy /usr/bin/cmake --build /home/robofei/ROS2/decision_pkg/build/messages -- -j4 -l4
[3.297s] DEBUG:colcon.colcon_core.event_handler.log_command:Invoked command in '/home/robofei/ROS2/decision_pkg/build/dynamixel_sdk_custom_interfaces' returned '0': CMAKE_PREFIX_PATH=${CMAKE_PREFIX_PATH}:/home/robofei/ROS2/decision_pkg/install/decision_pkg:/opt/ros/foxy /usr/bin/cmake --build /home/robofei/ROS2/decision_pkg/build/dynamixel_sdk_custom_interfaces -- -j4 -l4
[3.305s] DEBUG:colcon.colcon_core.event_handler.log_command:Invoked command in '/home/robofei/ROS2/decision_pkg/build/messages' returned '0': CMAKE_PREFIX_PATH=${CMAKE_PREFIX_PATH}:/home/robofei/ROS2/decision_pkg/install/decision_pkg:/opt/ros/foxy /usr/bin/cmake --build /home/robofei/ROS2/decision_pkg/build/messages -- -j4 -l4
[3.386s] DEBUG:colcon.colcon_core.event_handler.log_command:Invoking command in '/home/robofei/ROS2/decision_pkg/build/messages': CMAKE_PREFIX_PATH=${CMAKE_PREFIX_PATH}:/home/robofei/ROS2/decision_pkg/install/decision_pkg:/opt/ros/foxy /usr/bin/cmake --install /home/robofei/ROS2/decision_pkg/build/messages
[3.390s] DEBUG:colcon.colcon_core.event_handler.log_command:Invoking command in '/home/robofei/ROS2/decision_pkg/build/dynamixel_sdk_custom_interfaces': CMAKE_PREFIX_PATH=${CMAKE_PREFIX_PATH}:/home/robofei/ROS2/decision_pkg/install/decision_pkg:/opt/ros/foxy /usr/bin/cmake --install /home/robofei/ROS2/decision_pkg/build/dynamixel_sdk_custom_interfaces
[3.584s] Level 1:colcon.colcon_core.environment:create_environment_scripts_only(dynamixel_sdk_custom_interfaces)
[3.587s] DEBUG:colcon.colcon_core.event_handler.log_command:Invoked command in '/home/robofei/ROS2/decision_pkg/build/dynamixel_sdk_custom_interfaces' returned '0': CMAKE_PREFIX_PATH=${CMAKE_PREFIX_PATH}:/home/robofei/ROS2/decision_pkg/install/decision_pkg:/opt/ros/foxy /usr/bin/cmake --install /home/robofei/ROS2/decision_pkg/build/dynamixel_sdk_custom_interfaces
[3.665s] Level 1:colcon.colcon_core.environment:checking '/home/robofei/ROS2/decision_pkg/install/dynamixel_sdk_custom_interfaces' for CMake module files
[3.666s] Level 1:colcon.colcon_core.environment:checking '/home/robofei/ROS2/decision_pkg/install/dynamixel_sdk_custom_interfaces' for CMake config files
[3.697s] Level 1:colcon.colcon_core.shell:create_environment_hook('dynamixel_sdk_custom_interfaces', 'cmake_prefix_path')
[3.698s] INFO:colcon.colcon_core.shell:Creating environment hook '/home/robofei/ROS2/decision_pkg/install/dynamixel_sdk_custom_interfaces/share/dynamixel_sdk_custom_interfaces/hook/cmake_prefix_path.ps1'
[3.699s] INFO:colcon.colcon_core.shell:Creating environment descriptor '/home/robofei/ROS2/decision_pkg/install/dynamixel_sdk_custom_interfaces/share/dynamixel_sdk_custom_interfaces/hook/cmake_prefix_path.dsv'
[3.700s] INFO:colcon.colcon_core.shell:Creating environment hook '/home/robofei/ROS2/decision_pkg/install/dynamixel_sdk_custom_interfaces/share/dynamixel_sdk_custom_interfaces/hook/cmake_prefix_path.sh'
[3.701s] Level 1:colcon.colcon_core.environment:checking '/home/robofei/ROS2/decision_pkg/install/dynamixel_sdk_custom_interfaces/lib'
[3.701s] Level 1:colcon.colcon_core.shell:create_environment_hook('dynamixel_sdk_custom_interfaces', 'ld_library_path_lib')
[3.702s] INFO:colcon.colcon_core.shell:Creating environment hook '/home/robofei/ROS2/decision_pkg/install/dynamixel_sdk_custom_interfaces/share/dynamixel_sdk_custom_interfaces/hook/ld_library_path_lib.ps1'
[3.703s] INFO:colcon.colcon_core.shell:Creating environment descriptor '/home/robofei/ROS2/decision_pkg/install/dynamixel_sdk_custom_interfaces/share/dynamixel_sdk_custom_interfaces/hook/ld_library_path_lib.dsv'
[3.703s] INFO:colcon.colcon_core.shell:Creating environment hook '/home/robofei/ROS2/decision_pkg/install/dynamixel_sdk_custom_interfaces/share/dynamixel_sdk_custom_interfaces/hook/ld_library_path_lib.sh'
[3.704s] Level 1:colcon.colcon_core.environment:checking '/home/robofei/ROS2/decision_pkg/install/dynamixel_sdk_custom_interfaces/bin'
[3.704s] Level 1:colcon.colcon_core.environment:checking '/home/robofei/ROS2/decision_pkg/install/dynamixel_sdk_custom_interfaces/lib/pkgconfig/dynamixel_sdk_custom_interfaces.pc'
[3.704s] Level 1:colcon.colcon_core.environment:checking '/home/robofei/ROS2/decision_pkg/install/dynamixel_sdk_custom_interfaces/lib/python3.8/site-packages'
[3.704s] Level 1:colcon.colcon_core.shell:create_environment_hook('dynamixel_sdk_custom_interfaces', 'pythonpath')
[3.705s] INFO:colcon.colcon_core.shell:Creating environment hook '/home/robofei/ROS2/decision_pkg/install/dynamixel_sdk_custom_interfaces/share/dynamixel_sdk_custom_interfaces/hook/pythonpath.ps1'
[3.705s] INFO:colcon.colcon_core.shell:Creating environment descriptor '/home/robofei/ROS2/decision_pkg/install/dynamixel_sdk_custom_interfaces/share/dynamixel_sdk_custom_interfaces/hook/pythonpath.dsv'
[3.706s] INFO:colcon.colcon_core.shell:Creating environment hook '/home/robofei/ROS2/decision_pkg/install/dynamixel_sdk_custom_interfaces/share/dynamixel_sdk_custom_interfaces/hook/pythonpath.sh'
[3.707s] INFO:colcon.colcon_core.shell:Creating package script '/home/robofei/ROS2/decision_pkg/install/dynamixel_sdk_custom_interfaces/share/dynamixel_sdk_custom_interfaces/package.ps1'
[3.709s] INFO:colcon.colcon_core.shell:Creating package descriptor '/home/robofei/ROS2/decision_pkg/install/dynamixel_sdk_custom_interfaces/share/dynamixel_sdk_custom_interfaces/package.dsv'
[3.710s] INFO:colcon.colcon_core.shell:Creating package script '/home/robofei/ROS2/decision_pkg/install/dynamixel_sdk_custom_interfaces/share/dynamixel_sdk_custom_interfaces/package.sh'
[3.711s] INFO:colcon.colcon_core.shell:Creating package script '/home/robofei/ROS2/decision_pkg/install/dynamixel_sdk_custom_interfaces/share/dynamixel_sdk_custom_interfaces/package.bash'
[3.712s] INFO:colcon.colcon_core.shell:Creating package script '/home/robofei/ROS2/decision_pkg/install/dynamixel_sdk_custom_interfaces/share/dynamixel_sdk_custom_interfaces/package.zsh'
[3.713s] Level 1:colcon.colcon_core.environment:create_file_with_runtime_dependencies(/home/robofei/ROS2/decision_pkg/install/dynamixel_sdk_custom_interfaces/share/colcon-core/packages/dynamixel_sdk_custom_interfaces)
[3.718s] Level 1:colcon.colcon_core.environment:create_environment_scripts_only(messages)
[3.720s] Level 1:colcon.colcon_core.environment:checking '/home/robofei/ROS2/decision_pkg/install/messages' for CMake module files
[3.721s] DEBUG:colcon.colcon_core.event_handler.log_command:Invoked command in '/home/robofei/ROS2/decision_pkg/build/messages' returned '0': CMAKE_PREFIX_PATH=${CMAKE_PREFIX_PATH}:/home/robofei/ROS2/decision_pkg/install/decision_pkg:/opt/ros/foxy /usr/bin/cmake --install /home/robofei/ROS2/decision_pkg/build/messages
[3.723s] Level 1:colcon.colcon_core.environment:checking '/home/robofei/ROS2/decision_pkg/install/messages' for CMake config files
[3.742s] Level 1:colcon.colcon_core.shell:create_environment_hook('messages', 'cmake_prefix_path')
[3.743s] INFO:colcon.colcon_core.shell:Creating environment hook '/home/robofei/ROS2/decision_pkg/install/messages/share/messages/hook/cmake_prefix_path.ps1'
[3.744s] INFO:colcon.colcon_core.shell:Creating environment descriptor '/home/robofei/ROS2/decision_pkg/install/messages/share/messages/hook/cmake_prefix_path.dsv'
[3.744s] INFO:colcon.colcon_core.shell:Creating environment hook '/home/robofei/ROS2/decision_pkg/install/messages/share/messages/hook/cmake_prefix_path.sh'
[3.745s] Level 1:colcon.colcon_core.environment:checking '/home/robofei/ROS2/decision_pkg/install/messages/lib'
[3.746s] Level 1:colcon.colcon_core.shell:create_environment_hook('messages', 'ld_library_path_lib')
[3.747s] INFO:colcon.colcon_core.shell:Creating environment hook '/home/robofei/ROS2/decision_pkg/install/messages/share/messages/hook/ld_library_path_lib.ps1'
[3.747s] INFO:colcon.colcon_core.shell:Creating environment descriptor '/home/robofei/ROS2/decision_pkg/install/messages/share/messages/hook/ld_library_path_lib.dsv'
[3.748s] INFO:colcon.colcon_core.shell:Creating environment hook '/home/robofei/ROS2/decision_pkg/install/messages/share/messages/hook/ld_library_path_lib.sh'
[3.748s] Level 1:colcon.colcon_core.environment:checking '/home/robofei/ROS2/decision_pkg/install/messages/bin'
[3.748s] Level 1:colcon.colcon_core.environment:checking '/home/robofei/ROS2/decision_pkg/install/messages/lib/pkgconfig/messages.pc'
[3.748s] Level 1:colcon.colcon_core.environment:checking '/home/robofei/ROS2/decision_pkg/install/messages/lib/python3.8/site-packages'
[3.748s] Level 1:colcon.colcon_core.shell:create_environment_hook('messages', 'pythonpath')
[3.749s] INFO:colcon.colcon_core.shell:Creating environment hook '/home/robofei/ROS2/decision_pkg/install/messages/share/messages/hook/pythonpath.ps1'
[3.749s] INFO:colcon.colcon_core.shell:Creating environment descriptor '/home/robofei/ROS2/decision_pkg/install/messages/share/messages/hook/pythonpath.dsv'
[3.750s] INFO:colcon.colcon_core.shell:Creating environment hook '/home/robofei/ROS2/decision_pkg/install/messages/share/messages/hook/pythonpath.sh'
[3.751s] INFO:colcon.colcon_core.shell:Creating package script '/home/robofei/ROS2/decision_pkg/install/messages/share/messages/package.ps1'
[3.752s] INFO:colcon.colcon_core.shell:Creating package descriptor '/home/robofei/ROS2/decision_pkg/install/messages/share/messages/package.dsv'
[3.753s] INFO:colcon.colcon_core.shell:Creating package script '/home/robofei/ROS2/decision_pkg/install/messages/share/messages/package.sh'
[3.753s] INFO:colcon.colcon_core.shell:Creating package script '/home/robofei/ROS2/decision_pkg/install/messages/share/messages/package.bash'
[3.753s] INFO:colcon.colcon_core.shell:Creating package script '/home/robofei/ROS2/decision_pkg/install/messages/share/messages/package.zsh'
[3.754s] Level 1:colcon.colcon_core.environment:create_file_with_runtime_dependencies(/home/robofei/ROS2/decision_pkg/install/messages/share/colcon-core/packages/messages)
[3.808s] Level 1:colcon.colcon_core.environment:create_environment_scripts_only(dynamixel_sdk_custom_interfaces)
[3.809s] Level 1:colcon.colcon_core.environment:checking '/home/robofei/ROS2/decision_pkg/install/dynamixel_sdk_custom_interfaces' for CMake module files
[3.810s] Level 1:colcon.colcon_core.environment:checking '/home/robofei/ROS2/decision_pkg/install/dynamixel_sdk_custom_interfaces' for CMake config files
[3.811s] Level 1:colcon.colcon_core.shell:create_environment_hook('dynamixel_sdk_custom_interfaces', 'cmake_prefix_path')
[3.812s] INFO:colcon.colcon_core.shell:Creating environment hook '/home/robofei/ROS2/decision_pkg/install/dynamixel_sdk_custom_interfaces/share/dynamixel_sdk_custom_interfaces/hook/cmake_prefix_path.ps1'
[3.812s] INFO:colcon.colcon_core.shell:Creating environment descriptor '/home/robofei/ROS2/decision_pkg/install/dynamixel_sdk_custom_interfaces/share/dynamixel_sdk_custom_interfaces/hook/cmake_prefix_path.dsv'
[3.813s] INFO:colcon.colcon_core.shell:Creating environment hook '/home/robofei/ROS2/decision_pkg/install/dynamixel_sdk_custom_interfaces/share/dynamixel_sdk_custom_interfaces/hook/cmake_prefix_path.sh'
[3.813s] Level 1:colcon.colcon_core.environment:checking '/home/robofei/ROS2/decision_pkg/install/dynamixel_sdk_custom_interfaces/lib'
[3.814s] Level 1:colcon.colcon_core.shell:create_environment_hook('dynamixel_sdk_custom_interfaces', 'ld_library_path_lib')
[3.814s] INFO:colcon.colcon_core.shell:Creating environment hook '/home/robofei/ROS2/decision_pkg/install/dynamixel_sdk_custom_interfaces/share/dynamixel_sdk_custom_interfaces/hook/ld_library_path_lib.ps1'
[3.815s] INFO:colcon.colcon_core.shell:Creating environment descriptor '/home/robofei/ROS2/decision_pkg/install/dynamixel_sdk_custom_interfaces/share/dynamixel_sdk_custom_interfaces/hook/ld_library_path_lib.dsv'
[3.815s] INFO:colcon.colcon_core.shell:Creating environment hook '/home/robofei/ROS2/decision_pkg/install/dynamixel_sdk_custom_interfaces/share/dynamixel_sdk_custom_interfaces/hook/ld_library_path_lib.sh'
[3.816s] Level 1:colcon.colcon_core.environment:checking '/home/robofei/ROS2/decision_pkg/install/dynamixel_sdk_custom_interfaces/bin'
[3.816s] Level 1:colcon.colcon_core.environment:checking '/home/robofei/ROS2/decision_pkg/install/dynamixel_sdk_custom_interfaces/lib/pkgconfig/dynamixel_sdk_custom_interfaces.pc'
[3.816s] Level 1:colcon.colcon_core.environment:checking '/home/robofei/ROS2/decision_pkg/install/dynamixel_sdk_custom_interfaces/lib/python3.8/site-packages'
[3.816s] Level 1:colcon.colcon_core.shell:create_environment_hook('dynamixel_sdk_custom_interfaces', 'pythonpath')
[3.817s] INFO:colcon.colcon_core.shell:Creating environment hook '/home/robofei/ROS2/decision_pkg/install/dynamixel_sdk_custom_interfaces/share/dynamixel_sdk_custom_interfaces/hook/pythonpath.ps1'
[3.817s] INFO:colcon.colcon_core.shell:Creating environment descriptor '/home/robofei/ROS2/decision_pkg/install/dynamixel_sdk_custom_interfaces/share/dynamixel_sdk_custom_interfaces/hook/pythonpath.dsv'
[3.817s] INFO:colcon.colcon_core.shell:Creating environment hook '/home/robofei/ROS2/decision_pkg/install/dynamixel_sdk_custom_interfaces/share/dynamixel_sdk_custom_interfaces/hook/pythonpath.sh'
[3.819s] INFO:colcon.colcon_core.shell:Creating package script '/home/robofei/ROS2/decision_pkg/install/dynamixel_sdk_custom_interfaces/share/dynamixel_sdk_custom_interfaces/package.ps1'
[3.819s] INFO:colcon.colcon_core.shell:Creating package descriptor '/home/robofei/ROS2/decision_pkg/install/dynamixel_sdk_custom_interfaces/share/dynamixel_sdk_custom_interfaces/package.dsv'
[3.820s] INFO:colcon.colcon_core.shell:Creating package script '/home/robofei/ROS2/decision_pkg/install/dynamixel_sdk_custom_interfaces/share/dynamixel_sdk_custom_interfaces/package.sh'
[3.821s] INFO:colcon.colcon_core.shell:Creating package script '/home/robofei/ROS2/decision_pkg/install/dynamixel_sdk_custom_interfaces/share/dynamixel_sdk_custom_interfaces/package.bash'
[3.821s] INFO:colcon.colcon_core.shell:Creating package script '/home/robofei/ROS2/decision_pkg/install/dynamixel_sdk_custom_interfaces/share/dynamixel_sdk_custom_interfaces/package.zsh'
[3.822s] Level 1:colcon.colcon_core.environment:create_file_with_runtime_dependencies(/home/robofei/ROS2/decision_pkg/install/dynamixel_sdk_custom_interfaces/share/colcon-core/packages/dynamixel_sdk_custom_interfaces)
[3.822s] INFO:colcon.colcon_ros.task.ament_python.build:Building ROS package in '/home/robofei/ROS2/decision_pkg/src/decision_pkg' with build type 'ament_python'
[3.823s] Level 1:colcon.colcon_core.shell:create_environment_hook('decision_pkg', 'ament_prefix_path')
[3.824s] INFO:colcon.colcon_core.shell:Creating environment hook '/home/robofei/ROS2/decision_pkg/install/decision_pkg/share/decision_pkg/hook/ament_prefix_path.ps1'
[3.825s] INFO:colcon.colcon_core.shell:Creating environment descriptor '/home/robofei/ROS2/decision_pkg/install/decision_pkg/share/decision_pkg/hook/ament_prefix_path.dsv'
[3.826s] INFO:colcon.colcon_core.shell:Creating environment hook '/home/robofei/ROS2/decision_pkg/install/decision_pkg/share/decision_pkg/hook/ament_prefix_path.sh'
[3.827s] INFO:colcon.colcon_core.shell:Skip shell extension 'powershell' for command environment: Not usable outside of PowerShell
[3.827s] DEBUG:colcon.colcon_core.shell:Skip shell extension 'dsv' for command environment
[3.835s] Level 1:colcon.colcon_core.environment:create_environment_scripts_only(messages)
[3.836s] Level 1:colcon.colcon_core.environment:checking '/home/robofei/ROS2/decision_pkg/install/messages' for CMake module files
[3.837s] Level 1:colcon.colcon_core.environment:checking '/home/robofei/ROS2/decision_pkg/install/messages' for CMake config files
[3.838s] Level 1:colcon.colcon_core.shell:create_environment_hook('messages', 'cmake_prefix_path')
[3.839s] INFO:colcon.colcon_core.shell:Creating environment hook '/home/robofei/ROS2/decision_pkg/install/messages/share/messages/hook/cmake_prefix_path.ps1'
[3.840s] INFO:colcon.colcon_core.shell:Creating environment descriptor '/home/robofei/ROS2/decision_pkg/install/messages/share/messages/hook/cmake_prefix_path.dsv'
[3.840s] INFO:colcon.colcon_core.shell:Creating environment hook '/home/robofei/ROS2/decision_pkg/install/messages/share/messages/hook/cmake_prefix_path.sh'
[3.841s] Level 1:colcon.colcon_core.environment:checking '/home/robofei/ROS2/decision_pkg/install/messages/lib'
[3.841s] Level 1:colcon.colcon_core.shell:create_environment_hook('messages', 'ld_library_path_lib')
[3.842s] INFO:colcon.colcon_core.shell:Creating environment hook '/home/robofei/ROS2/decision_pkg/install/messages/share/messages/hook/ld_library_path_lib.ps1'
[3.843s] INFO:colcon.colcon_core.shell:Creating environment descriptor '/home/robofei/ROS2/decision_pkg/install/messages/share/messages/hook/ld_library_path_lib.dsv'
[3.844s] INFO:colcon.colcon_core.shell:Creating environment hook '/home/robofei/ROS2/decision_pkg/install/messages/share/messages/hook/ld_library_path_lib.sh'
[3.844s] Level 1:colcon.colcon_core.environment:checking '/home/robofei/ROS2/decision_pkg/install/messages/bin'
[3.844s] Level 1:colcon.colcon_core.environment:checking '/home/robofei/ROS2/decision_pkg/install/messages/lib/pkgconfig/messages.pc'
[3.844s] Level 1:colcon.colcon_core.environment:checking '/home/robofei/ROS2/decision_pkg/install/messages/lib/python3.8/site-packages'
[3.845s] Level 1:colcon.colcon_core.shell:create_environment_hook('messages', 'pythonpath')
[3.845s] INFO:colcon.colcon_core.shell:Creating environment hook '/home/robofei/ROS2/decision_pkg/install/messages/share/messages/hook/pythonpath.ps1'
[3.846s] INFO:colcon.colcon_core.shell:Creating environment descriptor '/home/robofei/ROS2/decision_pkg/install/messages/share/messages/hook/pythonpath.dsv'
[3.846s] INFO:colcon.colcon_core.shell:Creating environment hook '/home/robofei/ROS2/decision_pkg/install/messages/share/messages/hook/pythonpath.sh'
[3.848s] INFO:colcon.colcon_core.shell:Creating package script '/home/robofei/ROS2/decision_pkg/install/messages/share/messages/package.ps1'
[3.849s] INFO:colcon.colcon_core.shell:Creating package descriptor '/home/robofei/ROS2/decision_pkg/install/messages/share/messages/package.dsv'
[3.849s] INFO:colcon.colcon_core.shell:Creating package script '/home/robofei/ROS2/decision_pkg/install/messages/share/messages/package.sh'
[3.850s] INFO:colcon.colcon_core.shell:Creating package script '/home/robofei/ROS2/decision_pkg/install/messages/share/messages/package.bash'
[3.850s] INFO:colcon.colcon_core.shell:Creating package script '/home/robofei/ROS2/decision_pkg/install/messages/share/messages/package.zsh'
[3.851s] Level 1:colcon.colcon_core.environment:create_file_with_runtime_dependencies(/home/robofei/ROS2/decision_pkg/install/messages/share/colcon-core/packages/messages)
[4.209s] INFO:colcon.colcon_core.task.python.build:Building Python package in '/home/robofei/ROS2/decision_pkg/src/decision_pkg'
[4.211s] INFO:colcon.colcon_core.shell:Skip shell extension 'powershell' for command environment: Not usable outside of PowerShell
[4.211s] DEBUG:colcon.colcon_core.shell:Skip shell extension 'dsv' for command environment
[5.029s] DEBUG:colcon.colcon_core.event_handler.log_command:Invoking command in '/home/robofei/ROS2/decision_pkg/build/decision_pkg': CMAKE_PREFIX_PATH=/home/robofei/ROS2/decision_pkg/install/dynamixel_sdk_custom_interfaces:/home/robofei/ROS2/decision_pkg/install/messages LD_LIBRARY_PATH=/home/robofei/ROS2/decision_pkg/install/dynamixel_sdk_custom_interfaces/lib:/home/robofei/ROS2/decision_pkg/install/messages/lib:/opt/ros/foxy/opt/yaml_cpp_vendor/lib:/opt/ros/foxy/opt/rviz_ogre_vendor/lib:/opt/ros/foxy/lib/x86_64-linux-gnu:/opt/ros/foxy/lib:/home/robofei/RoboFEI-HT_2018/AI/build/lib PYTHONPATH=/home/robofei/ROS2/decision_pkg/install/decision_pkg/lib/python3.8/site-packages:/home/robofei/ROS2/decision_pkg/install/dynamixel_sdk_custom_interfaces/lib/python3.8/site-packages:/home/robofei/ROS2/decision_pkg/install/messages/lib/python3.8/site-packages:/home/robofei/ROS2/decision_pkg/build/decision_pkg:/home/robofei/ROS2/decision_pkg/install/decision_pkg/lib/python3.8/site-packages:/opt/ros/foxy/lib/python3.8/site-packages /usr/bin/python3 setup.py develop --prefix /home/robofei/ROS2/decision_pkg/install/decision_pkg --editable --build-directory /home/robofei/ROS2/decision_pkg/build/decision_pkg/build --no-deps install_data --install-dir /home/robofei/ROS2/decision_pkg/install/decision_pkg
[5.794s] Level 1:colcon.colcon_core.shell:create_environment_hook('decision_pkg', 'pythonpath_develop')
[5.795s] INFO:colcon.colcon_core.shell:Creating environment hook '/home/robofei/ROS2/decision_pkg/build/decision_pkg/share/decision_pkg/hook/pythonpath_develop.ps1'
[5.796s] DEBUG:colcon.colcon_core.event_handler.log_command:Invoked command in '/home/robofei/ROS2/decision_pkg/build/decision_pkg' returned '0': CMAKE_PREFIX_PATH=/home/robofei/ROS2/decision_pkg/install/dynamixel_sdk_custom_interfaces:/home/robofei/ROS2/decision_pkg/install/messages LD_LIBRARY_PATH=/home/robofei/ROS2/decision_pkg/install/dynamixel_sdk_custom_interfaces/lib:/home/robofei/ROS2/decision_pkg/install/messages/lib:/opt/ros/foxy/opt/yaml_cpp_vendor/lib:/opt/ros/foxy/opt/rviz_ogre_vendor/lib:/opt/ros/foxy/lib/x86_64-linux-gnu:/opt/ros/foxy/lib:/home/robofei/RoboFEI-HT_2018/AI/build/lib PYTHONPATH=/home/robofei/ROS2/decision_pkg/install/decision_pkg/lib/python3.8/site-packages:/home/robofei/ROS2/decision_pkg/install/dynamixel_sdk_custom_interfaces/lib/python3.8/site-packages:/home/robofei/ROS2/decision_pkg/install/messages/lib/python3.8/site-packages:/home/robofei/ROS2/decision_pkg/build/decision_pkg:/home/robofei/ROS2/decision_pkg/install/decision_pkg/lib/python3.8/site-packages:/opt/ros/foxy/lib/python3.8/site-packages /usr/bin/python3 setup.py develop --prefix /home/robofei/ROS2/decision_pkg/install/decision_pkg --editable --build-directory /home/robofei/ROS2/decision_pkg/build/decision_pkg/build --no-deps install_data --install-dir /home/robofei/ROS2/decision_pkg/install/decision_pkg
[5.796s] INFO:colcon.colcon_core.shell:Creating environment descriptor '/home/robofei/ROS2/decision_pkg/build/decision_pkg/share/decision_pkg/hook/pythonpath_develop.dsv'
[5.797s] INFO:colcon.colcon_core.shell:Creating environment hook '/home/robofei/ROS2/decision_pkg/build/decision_pkg/share/decision_pkg/hook/pythonpath_develop.sh'
[5.798s] Level 1:colcon.colcon_core.environment:checking '/home/robofei/ROS2/decision_pkg/install/decision_pkg' for CMake module files
[5.815s] Level 1:colcon.colcon_core.environment:checking '/home/robofei/ROS2/decision_pkg/install/decision_pkg' for CMake config files
[5.827s] Level 1:colcon.colcon_core.environment:checking '/home/robofei/ROS2/decision_pkg/install/decision_pkg/lib'
[5.827s] Level 1:colcon.colcon_core.environment:checking '/home/robofei/ROS2/decision_pkg/install/decision_pkg/bin'
[5.827s] Level 1:colcon.colcon_core.environment:checking '/home/robofei/ROS2/decision_pkg/install/decision_pkg/lib/pkgconfig/decision_pkg.pc'
[5.828s] Level 1:colcon.colcon_core.environment:checking '/home/robofei/ROS2/decision_pkg/install/decision_pkg/lib/python3.8/site-packages'
[5.828s] Level 1:colcon.colcon_core.shell:create_environment_hook('decision_pkg', 'pythonpath')
[5.828s] INFO:colcon.colcon_core.shell:Creating environment hook '/home/robofei/ROS2/decision_pkg/install/decision_pkg/share/decision_pkg/hook/pythonpath.ps1'
[5.829s] INFO:colcon.colcon_core.shell:Creating environment descriptor '/home/robofei/ROS2/decision_pkg/install/decision_pkg/share/decision_pkg/hook/pythonpath.dsv'
[5.829s] INFO:colcon.colcon_core.shell:Creating environment hook '/home/robofei/ROS2/decision_pkg/install/decision_pkg/share/decision_pkg/hook/pythonpath.sh'
[5.829s] Level 1:colcon.colcon_core.environment:create_environment_scripts_only(decision_pkg)
[5.830s] INFO:colcon.colcon_core.shell:Creating package script '/home/robofei/ROS2/decision_pkg/install/decision_pkg/share/decision_pkg/package.ps1'
[5.831s] INFO:colcon.colcon_core.shell:Creating package descriptor '/home/robofei/ROS2/decision_pkg/install/decision_pkg/share/decision_pkg/package.dsv'
[5.831s] INFO:colcon.colcon_core.shell:Creating package script '/home/robofei/ROS2/decision_pkg/install/decision_pkg/share/decision_pkg/package.sh'
[5.832s] INFO:colcon.colcon_core.shell:Creating package script '/home/robofei/ROS2/decision_pkg/install/decision_pkg/share/decision_pkg/package.bash'
[5.832s] INFO:colcon.colcon_core.shell:Creating package script '/home/robofei/ROS2/decision_pkg/install/decision_pkg/share/decision_pkg/package.zsh'
[5.832s] Level 1:colcon.colcon_core.environment:create_file_with_runtime_dependencies(/home/robofei/ROS2/decision_pkg/install/decision_pkg/share/colcon-core/packages/decision_pkg)
[5.833s] DEBUG:colcon.colcon_parallel_executor.executor.parallel:closing loop
[5.833s] DEBUG:colcon.colcon_parallel_executor.executor.parallel:loop closed
[5.833s] DEBUG:colcon.colcon_parallel_executor.executor.parallel:run_until_complete finished with '0'
[5.834s] DEBUG:colcon.colcon_core.event_reactor:joining thread
[5.872s] INFO:colcon.colcon_core.plugin_system:Skipping extension 'colcon_notification.desktop_notification.terminal_notifier': Not used on non-Darwin systems
[5.872s] INFO:colcon.colcon_core.plugin_system:Skipping extension 'colcon_notification.desktop_notification.win32': Not used on non-Windows systems
[5.872s] INFO:colcon.colcon_notification.desktop_notification:Sending desktop notification using 'notify2'
[5.892s] DEBUG:colcon.colcon_core.event_reactor:joined thread
[5.893s] INFO:colcon.colcon_core.shell:Creating prefix script '/home/robofei/ROS2/decision_pkg/install/local_setup.ps1'
[5.894s] INFO:colcon.colcon_core.shell:Creating prefix util module '/home/robofei/ROS2/decision_pkg/install/_local_setup_util_ps1.py'
[5.896s] INFO:colcon.colcon_core.shell:Creating prefix chain script '/home/robofei/ROS2/decision_pkg/install/setup.ps1'
[5.899s] INFO:colcon.colcon_core.shell:Creating prefix script '/home/robofei/ROS2/decision_pkg/install/local_setup.sh'
[5.899s] INFO:colcon.colcon_core.shell:Creating prefix util module '/home/robofei/ROS2/decision_pkg/install/_local_setup_util_sh.py'
[5.900s] INFO:colcon.colcon_core.shell:Creating prefix chain script '/home/robofei/ROS2/decision_pkg/install/setup.sh'
[5.901s] INFO:colcon.colcon_core.shell:Creating prefix script '/home/robofei/ROS2/decision_pkg/install/local_setup.bash'
[5.901s] INFO:colcon.colcon_core.shell:Creating prefix chain script '/home/robofei/ROS2/decision_pkg/install/setup.bash'
[5.903s] INFO:colcon.colcon_core.shell:Creating prefix script '/home/robofei/ROS2/decision_pkg/install/local_setup.zsh'
[5.903s] INFO:colcon.colcon_core.shell:Creating prefix chain script '/home/robofei/ROS2/decision_pkg/install/setup.zsh'
