[0.010s] Invoking command in '/home/robo/ROS2/action/build/control': CMAKE_PREFIX_PATH=/home/robo/ROS2/action/install/dynamixel_sdk_custom_interfaces:/home/robo/ROS2/action/install/control:/opt/ros/foxy /usr/bin/cmake --build /home/robo/ROS2/action/build/control -- -j12 -l12
[0.057s] [ 15%] Built target decision
[0.057s] [ 21%] Built target control
[0.059s] [100%] Built target motion
[0.068s] Invoked command in '/home/robo/ROS2/action/build/control' returned '0': CMAKE_PREFIX_PATH=/home/robo/ROS2/action/install/dynamixel_sdk_custom_interfaces:/home/robo/ROS2/action/install/control:/opt/ros/foxy /usr/bin/cmake --build /home/robo/ROS2/action/build/control -- -j12 -l12
[0.106s] Invoking command in '/home/robo/ROS2/action/build/control': CMAKE_PREFIX_PATH=/home/robo/ROS2/action/install/dynamixel_sdk_custom_interfaces:/home/robo/ROS2/action/install/control:/opt/ros/foxy /usr/bin/cmake --install /home/robo/ROS2/action/build/control
[0.112s] -- Install configuration: ""
[0.112s] -- Execute custom install script
[0.112s] -- Up-to-date symlink: /home/robo/ROS2/action/install/control/lib/control/control
[0.113s] -- Up-to-date symlink: /home/robo/ROS2/action/install/control/lib/control/decision
[0.113s] -- Up-to-date symlink: /home/robo/ROS2/action/install/control/lib/control/motion
[0.113s] -- Up-to-date symlink: /home/robo/ROS2/action/install/control/share/control//launch/action.launch.py
[0.113s] -- Up-to-date symlink: /home/robo/ROS2/action/install/control/share/ament_index/resource_index/package_run_dependencies/control
[0.114s] -- Up-to-date symlink: /home/robo/ROS2/action/install/control/share/ament_index/resource_index/parent_prefix_path/control
[0.114s] -- Up-to-date symlink: /home/robo/ROS2/action/install/control/share/control/environment/ament_prefix_path.sh
[0.114s] -- Up-to-date symlink: /home/robo/ROS2/action/install/control/share/control/environment/ament_prefix_path.dsv
[0.114s] -- Up-to-date symlink: /home/robo/ROS2/action/install/control/share/control/environment/path.sh
[0.115s] -- Up-to-date symlink: /home/robo/ROS2/action/install/control/share/control/environment/path.dsv
[0.115s] -- Up-to-date symlink: /home/robo/ROS2/action/install/control/share/control/local_setup.bash
[0.115s] -- Up-to-date symlink: /home/robo/ROS2/action/install/control/share/control/local_setup.sh
[0.115s] -- Up-to-date symlink: /home/robo/ROS2/action/install/control/share/control/local_setup.zsh
[0.115s] -- Up-to-date symlink: /home/robo/ROS2/action/install/control/share/control/local_setup.dsv
[0.116s] -- Symlinking: /home/robo/ROS2/action/install/control/share/control/package.dsv
[0.123s] -- Up-to-date symlink: /home/robo/ROS2/action/install/control/share/ament_index/resource_index/packages/control
[0.123s] -- Up-to-date symlink: /home/robo/ROS2/action/install/control/share/control/cmake/controlConfig.cmake
[0.123s] -- Up-to-date symlink: /home/robo/ROS2/action/install/control/share/control/cmake/controlConfig-version.cmake
[0.124s] -- Up-to-date symlink: /home/robo/ROS2/action/install/control/share/control/package.xml
[0.126s] Invoked command in '/home/robo/ROS2/action/build/control' returned '0': CMAKE_PREFIX_PATH=/home/robo/ROS2/action/install/dynamixel_sdk_custom_interfaces:/home/robo/ROS2/action/install/control:/opt/ros/foxy /usr/bin/cmake --install /home/robo/ROS2/action/build/control
