[0.806s] Invoking command in '/home/amd/Downloads/GC/src/controller': PYTHONPATH=/home/amd/Downloads/GC/install/controller/lib/python3.8/site-packages:${PYTHONPATH} /usr/bin/python3 setup.py egg_info --egg-base ../../build/controller build --build-base /home/amd/Downloads/GC/build/controller/build install --prefix /home/amd/Downloads/GC/install/controller --record /home/amd/Downloads/GC/build/controller/install.log --single-version-externally-managed
[2.065s] running egg_info
[2.070s] writing ../../build/controller/controller.egg-info/PKG-INFO
[2.071s] writing dependency_links to ../../build/controller/controller.egg-info/dependency_links.txt
[2.077s] writing entry points to ../../build/controller/controller.egg-info/entry_points.txt
[2.078s] writing requirements to ../../build/controller/controller.egg-info/requires.txt
[2.079s] writing top-level names to ../../build/controller/controller.egg-info/top_level.txt
[2.281s] reading manifest file '../../build/controller/controller.egg-info/SOURCES.txt'
[2.284s] writing manifest file '../../build/controller/controller.egg-info/SOURCES.txt'
[2.284s] running build
[2.285s] running build_py
[2.286s] copying controller/receiver.py -> /home/amd/Downloads/GC/build/controller/build/lib/controller
[2.295s] running install
[2.300s] running install_lib
[2.303s] copying /home/amd/Downloads/GC/build/controller/build/lib/controller/receiver.py -> /home/amd/Downloads/GC/install/controller/lib/python3.8/site-packages/controller
[2.308s] byte-compiling /home/amd/Downloads/GC/install/controller/lib/python3.8/site-packages/controller/receiver.py to receiver.cpython-38.pyc
[2.327s] running install_data
[2.335s] running install_egg_info
[2.341s] removing '/home/amd/Downloads/GC/install/controller/lib/python3.8/site-packages/controller-0.0.0-py3.8.egg-info' (and everything under it)
[2.348s] Copying ../../build/controller/controller.egg-info to /home/amd/Downloads/GC/install/controller/lib/python3.8/site-packages/controller-0.0.0-py3.8.egg-info
[2.351s] running install_scripts
[2.443s] Installing talker script to /home/amd/Downloads/GC/install/controller/lib/controller
[2.445s] writing list of installed files to '/home/amd/Downloads/GC/build/controller/install.log'
[2.552s] Invoked command in '/home/amd/Downloads/GC/src/controller' returned '0': PYTHONPATH=/home/amd/Downloads/GC/install/controller/lib/python3.8/site-packages:${PYTHONPATH} /usr/bin/python3 setup.py egg_info --egg-base ../../build/controller build --build-base /home/amd/Downloads/GC/build/controller/build install --prefix /home/amd/Downloads/GC/install/controller --record /home/amd/Downloads/GC/build/controller/install.log --single-version-externally-managed
