[0.306s] DEBUG:colcon:Command line arguments: ['/usr/bin/colcon', 'build']
[0.306s] DEBUG:colcon:Parsed command line arguments: Namespace(ament_cmake_args=None, base_paths=['.'], build_base='build', catkin_cmake_args=None, catkin_skip_building_tests=False, cmake_args=None, cmake_clean_cache=False, cmake_clean_first=False, cmake_force_configure=False, cmake_target=None, cmake_target_skip_unavailable=False, continue_on_error=False, event_handlers=None, executor='parallel', ignore_user_meta=False, install_base='install', log_base=None, log_level=None, main=<bound method BuildVerb.main of <colcon_core.verb.build.BuildVerb object at 0x7f18f59fa4c0>>, merge_install=False, metas=['./colcon.meta'], packages_above=None, packages_above_and_dependencies=None, packages_above_depth=None, packages_end=None, packages_ignore=None, packages_ignore_regex=None, packages_select=None, packages_select_build_failed=False, packages_select_by_dep=None, packages_select_regex=None, packages_select_test_failures=False, packages_skip=None, packages_skip_build_finished=False, packages_skip_by_dep=None, packages_skip_regex=None, packages_skip_test_passed=False, packages_skip_up_to=None, packages_start=None, packages_up_to=None, packages_up_to_regex=None, parallel_workers=4, paths=None, symlink_install=False, test_result_base=None, verb_extension=<colcon_core.verb.build.BuildVerb object at 0x7f18f59fa4c0>, verb_name='build', verb_parser=<colcon_defaults.argument_parser.defaults.DefaultArgumentsDecorator object at 0x7f18f59faa00>)
[0.311s] Level 1:colcon.colcon_core.package_discovery:discover_packages(colcon_meta) check parameters
[0.311s] Level 1:colcon.colcon_core.package_discovery:discover_packages(recursive) check parameters
[0.311s] Level 1:colcon.colcon_core.package_discovery:discover_packages(ignore) check parameters
[0.311s] Level 1:colcon.colcon_core.package_discovery:discover_packages(path) check parameters
[0.311s] Level 1:colcon.colcon_core.package_discovery:discover_packages(colcon_meta) discover
[0.311s] Level 1:colcon.colcon_core.package_discovery:discover_packages(recursive) discover
[0.311s] INFO:colcon.colcon_core.package_discovery:Crawling recursively for packages in '/home/robofei/robotis_ws'
[0.311s] Level 1:colcon.colcon_core.package_identification:_identify(.) by extensions ['ignore', 'ignore_ament_install']
[0.312s] Level 1:colcon.colcon_core.package_identification:_identify(.) by extension 'ignore'
[0.312s] Level 1:colcon.colcon_core.package_identification:_identify(.) by extension 'ignore_ament_install'
[0.312s] Level 1:colcon.colcon_core.package_identification:_identify(.) by extensions ['colcon_pkg']
[0.312s] Level 1:colcon.colcon_core.package_identification:_identify(.) by extension 'colcon_pkg'
[0.312s] Level 1:colcon.colcon_core.package_identification:_identify(.) by extensions ['colcon_meta']
[0.312s] Level 1:colcon.colcon_core.package_identification:_identify(.) by extension 'colcon_meta'
[0.312s] Level 1:colcon.colcon_core.package_identification:_identify(.) by extensions ['ros']
[0.312s] Level 1:colcon.colcon_core.package_identification:_identify(.) by extension 'ros'
[0.324s] Level 1:colcon.colcon_core.package_identification:_identify(.) by extensions ['cmake', 'python']
[0.324s] Level 1:colcon.colcon_core.package_identification:_identify(.) by extension 'cmake'
[0.324s] Level 1:colcon.colcon_core.package_identification:_identify(.) by extension 'python'
[0.324s] Level 1:colcon.colcon_core.package_identification:_identify(.) by extensions ['python_setup_py']
[0.324s] Level 1:colcon.colcon_core.package_identification:_identify(.) by extension 'python_setup_py'
[0.324s] Level 1:colcon.colcon_core.package_identification:_identify(build) by extensions ['ignore', 'ignore_ament_install']
[0.324s] Level 1:colcon.colcon_core.package_identification:_identify(build) by extension 'ignore'
[0.324s] Level 1:colcon.colcon_core.package_identification:_identify(build) ignored
[0.325s] Level 1:colcon.colcon_core.package_identification:_identify(install) by extensions ['ignore', 'ignore_ament_install']
[0.325s] Level 1:colcon.colcon_core.package_identification:_identify(install) by extension 'ignore'
[0.325s] Level 1:colcon.colcon_core.package_identification:_identify(install) ignored
[0.325s] Level 1:colcon.colcon_core.package_identification:_identify(log) by extensions ['ignore', 'ignore_ament_install']
[0.325s] Level 1:colcon.colcon_core.package_identification:_identify(log) by extension 'ignore'
[0.325s] Level 1:colcon.colcon_core.package_identification:_identify(log) ignored
[0.325s] Level 1:colcon.colcon_core.package_identification:_identify(src) by extensions ['ignore', 'ignore_ament_install']
[0.325s] Level 1:colcon.colcon_core.package_identification:_identify(src) by extension 'ignore'
[0.325s] Level 1:colcon.colcon_core.package_identification:_identify(src) by extension 'ignore_ament_install'
[0.325s] Level 1:colcon.colcon_core.package_identification:_identify(src) by extensions ['colcon_pkg']
[0.325s] Level 1:colcon.colcon_core.package_identification:_identify(src) by extension 'colcon_pkg'
[0.325s] Level 1:colcon.colcon_core.package_identification:_identify(src) by extensions ['colcon_meta']
[0.325s] Level 1:colcon.colcon_core.package_identification:_identify(src) by extension 'colcon_meta'
[0.325s] Level 1:colcon.colcon_core.package_identification:_identify(src) by extensions ['ros']
[0.325s] Level 1:colcon.colcon_core.package_identification:_identify(src) by extension 'ros'
[0.325s] Level 1:colcon.colcon_core.package_identification:_identify(src) by extensions ['cmake', 'python']
[0.326s] Level 1:colcon.colcon_core.package_identification:_identify(src) by extension 'cmake'
[0.326s] Level 1:colcon.colcon_core.package_identification:_identify(src) by extension 'python'
[0.326s] Level 1:colcon.colcon_core.package_identification:_identify(src) by extensions ['python_setup_py']
[0.326s] Level 1:colcon.colcon_core.package_identification:_identify(src) by extension 'python_setup_py'
[0.326s] Level 1:colcon.colcon_core.package_identification:_identify(src/DynamixelSDK) by extensions ['ignore', 'ignore_ament_install']
[0.326s] Level 1:colcon.colcon_core.package_identification:_identify(src/DynamixelSDK) by extension 'ignore'
[0.326s] Level 1:colcon.colcon_core.package_identification:_identify(src/DynamixelSDK) by extension 'ignore_ament_install'
[0.326s] Level 1:colcon.colcon_core.package_identification:_identify(src/DynamixelSDK) by extensions ['colcon_pkg']
[0.326s] Level 1:colcon.colcon_core.package_identification:_identify(src/DynamixelSDK) by extension 'colcon_pkg'
[0.326s] Level 1:colcon.colcon_core.package_identification:_identify(src/DynamixelSDK) by extensions ['colcon_meta']
[0.326s] Level 1:colcon.colcon_core.package_identification:_identify(src/DynamixelSDK) by extension 'colcon_meta'
[0.326s] Level 1:colcon.colcon_core.package_identification:_identify(src/DynamixelSDK) by extensions ['ros']
[0.326s] Level 1:colcon.colcon_core.package_identification:_identify(src/DynamixelSDK) by extension 'ros'
[0.326s] Level 1:colcon.colcon_core.package_identification:_identify(src/DynamixelSDK) by extensions ['cmake', 'python']
[0.326s] Level 1:colcon.colcon_core.package_identification:_identify(src/DynamixelSDK) by extension 'cmake'
[0.326s] Level 1:colcon.colcon_core.package_identification:_identify(src/DynamixelSDK) by extension 'python'
[0.326s] Level 1:colcon.colcon_core.package_identification:_identify(src/DynamixelSDK) by extensions ['python_setup_py']
[0.326s] Level 1:colcon.colcon_core.package_identification:_identify(src/DynamixelSDK) by extension 'python_setup_py'
[0.327s] Level 1:colcon.colcon_core.package_identification:_identify(src/DynamixelSDK/dynamixel_sdk) by extensions ['ignore', 'ignore_ament_install']
[0.327s] Level 1:colcon.colcon_core.package_identification:_identify(src/DynamixelSDK/dynamixel_sdk) by extension 'ignore'
[0.327s] Level 1:colcon.colcon_core.package_identification:_identify(src/DynamixelSDK/dynamixel_sdk) by extension 'ignore_ament_install'
[0.327s] Level 1:colcon.colcon_core.package_identification:_identify(src/DynamixelSDK/dynamixel_sdk) by extensions ['colcon_pkg']
[0.327s] Level 1:colcon.colcon_core.package_identification:_identify(src/DynamixelSDK/dynamixel_sdk) by extension 'colcon_pkg'
[0.327s] Level 1:colcon.colcon_core.package_identification:_identify(src/DynamixelSDK/dynamixel_sdk) by extensions ['colcon_meta']
[0.327s] Level 1:colcon.colcon_core.package_identification:_identify(src/DynamixelSDK/dynamixel_sdk) by extension 'colcon_meta'
[0.327s] Level 1:colcon.colcon_core.package_identification:_identify(src/DynamixelSDK/dynamixel_sdk) by extensions ['ros']
[0.327s] Level 1:colcon.colcon_core.package_identification:_identify(src/DynamixelSDK/dynamixel_sdk) by extension 'ros'
[0.329s] DEBUG:colcon.colcon_core.package_identification:Package 'src/DynamixelSDK/dynamixel_sdk' with type 'ros.ament_cmake' and name 'dynamixel_sdk'
[0.330s] Level 1:colcon.colcon_core.package_identification:_identify(src/DynamixelSDK/dynamixel_sdk_custom_interfaces) by extensions ['ignore', 'ignore_ament_install']
[0.330s] Level 1:colcon.colcon_core.package_identification:_identify(src/DynamixelSDK/dynamixel_sdk_custom_interfaces) by extension 'ignore'
[0.330s] Level 1:colcon.colcon_core.package_identification:_identify(src/DynamixelSDK/dynamixel_sdk_custom_interfaces) by extension 'ignore_ament_install'
[0.330s] Level 1:colcon.colcon_core.package_identification:_identify(src/DynamixelSDK/dynamixel_sdk_custom_interfaces) by extensions ['colcon_pkg']
[0.330s] Level 1:colcon.colcon_core.package_identification:_identify(src/DynamixelSDK/dynamixel_sdk_custom_interfaces) by extension 'colcon_pkg'
[0.330s] Level 1:colcon.colcon_core.package_identification:_identify(src/DynamixelSDK/dynamixel_sdk_custom_interfaces) by extensions ['colcon_meta']
[0.330s] Level 1:colcon.colcon_core.package_identification:_identify(src/DynamixelSDK/dynamixel_sdk_custom_interfaces) by extension 'colcon_meta'
[0.330s] Level 1:colcon.colcon_core.package_identification:_identify(src/DynamixelSDK/dynamixel_sdk_custom_interfaces) by extensions ['ros']
[0.330s] Level 1:colcon.colcon_core.package_identification:_identify(src/DynamixelSDK/dynamixel_sdk_custom_interfaces) by extension 'ros'
[0.331s] DEBUG:colcon.colcon_core.package_identification:Package 'src/DynamixelSDK/dynamixel_sdk_custom_interfaces' with type 'ros.ament_cmake' and name 'dynamixel_sdk_custom_interfaces'
[0.331s] Level 1:colcon.colcon_core.package_identification:_identify(src/DynamixelSDK/dynamixel_sdk_examples) by extensions ['ignore', 'ignore_ament_install']
[0.331s] Level 1:colcon.colcon_core.package_identification:_identify(src/DynamixelSDK/dynamixel_sdk_examples) by extension 'ignore'
[0.331s] Level 1:colcon.colcon_core.package_identification:_identify(src/DynamixelSDK/dynamixel_sdk_examples) by extension 'ignore_ament_install'
[0.331s] Level 1:colcon.colcon_core.package_identification:_identify(src/DynamixelSDK/dynamixel_sdk_examples) by extensions ['colcon_pkg']
[0.331s] Level 1:colcon.colcon_core.package_identification:_identify(src/DynamixelSDK/dynamixel_sdk_examples) by extension 'colcon_pkg'
[0.331s] Level 1:colcon.colcon_core.package_identification:_identify(src/DynamixelSDK/dynamixel_sdk_examples) by extensions ['colcon_meta']
[0.331s] Level 1:colcon.colcon_core.package_identification:_identify(src/DynamixelSDK/dynamixel_sdk_examples) by extension 'colcon_meta'
[0.331s] Level 1:colcon.colcon_core.package_identification:_identify(src/DynamixelSDK/dynamixel_sdk_examples) by extensions ['ros']
[0.331s] Level 1:colcon.colcon_core.package_identification:_identify(src/DynamixelSDK/dynamixel_sdk_examples) by extension 'ros'
[0.332s] DEBUG:colcon.colcon_core.package_identification:Package 'src/DynamixelSDK/dynamixel_sdk_examples' with type 'ros.ament_cmake' and name 'dynamixel_sdk_examples'
[0.332s] Level 1:colcon.colcon_core.package_discovery:discover_packages(recursive) using defaults
[0.332s] Level 1:colcon.colcon_core.package_discovery:discover_packages(ignore) discover
[0.332s] Level 1:colcon.colcon_core.package_discovery:discover_packages(ignore) using defaults
[0.332s] Level 1:colcon.colcon_core.package_discovery:discover_packages(path) discover
[0.332s] Level 1:colcon.colcon_core.package_discovery:discover_packages(path) using defaults
[0.352s] Level 5:colcon.colcon_core.verb:set package 'dynamixel_sdk' build argument 'cmake_args' from command line to 'None'
[0.352s] Level 5:colcon.colcon_core.verb:set package 'dynamixel_sdk' build argument 'cmake_target' from command line to 'None'
[0.352s] Level 5:colcon.colcon_core.verb:set package 'dynamixel_sdk' build argument 'cmake_target_skip_unavailable' from command line to 'False'
[0.352s] Level 5:colcon.colcon_core.verb:set package 'dynamixel_sdk' build argument 'cmake_clean_cache' from command line to 'False'
[0.352s] Level 5:colcon.colcon_core.verb:set package 'dynamixel_sdk' build argument 'cmake_clean_first' from command line to 'False'
[0.352s] Level 5:colcon.colcon_core.verb:set package 'dynamixel_sdk' build argument 'cmake_force_configure' from command line to 'False'
[0.352s] Level 5:colcon.colcon_core.verb:set package 'dynamixel_sdk' build argument 'ament_cmake_args' from command line to 'None'
[0.352s] Level 5:colcon.colcon_core.verb:set package 'dynamixel_sdk' build argument 'catkin_cmake_args' from command line to 'None'
[0.352s] Level 5:colcon.colcon_core.verb:set package 'dynamixel_sdk' build argument 'catkin_skip_building_tests' from command line to 'False'
[0.352s] DEBUG:colcon.colcon_core.verb:Building package 'dynamixel_sdk' with the following arguments: {'ament_cmake_args': None, 'build_base': '/home/robofei/robotis_ws/build/dynamixel_sdk', 'catkin_cmake_args': None, 'catkin_skip_building_tests': False, 'cmake_args': None, 'cmake_clean_cache': False, 'cmake_clean_first': False, 'cmake_force_configure': False, 'cmake_target': None, 'cmake_target_skip_unavailable': False, 'install_base': '/home/robofei/robotis_ws/install/dynamixel_sdk', 'merge_install': False, 'path': '/home/robofei/robotis_ws/src/DynamixelSDK/dynamixel_sdk', 'symlink_install': False, 'test_result_base': None}
[0.355s] Level 5:colcon.colcon_core.verb:set package 'dynamixel_sdk_custom_interfaces' build argument 'cmake_args' from command line to 'None'
[0.355s] Level 5:colcon.colcon_core.verb:set package 'dynamixel_sdk_custom_interfaces' build argument 'cmake_target' from command line to 'None'
[0.355s] Level 5:colcon.colcon_core.verb:set package 'dynamixel_sdk_custom_interfaces' build argument 'cmake_target_skip_unavailable' from command line to 'False'
[0.355s] Level 5:colcon.colcon_core.verb:set package 'dynamixel_sdk_custom_interfaces' build argument 'cmake_clean_cache' from command line to 'False'
[0.355s] Level 5:colcon.colcon_core.verb:set package 'dynamixel_sdk_custom_interfaces' build argument 'cmake_clean_first' from command line to 'False'
[0.355s] Level 5:colcon.colcon_core.verb:set package 'dynamixel_sdk_custom_interfaces' build argument 'cmake_force_configure' from command line to 'False'
[0.355s] Level 5:colcon.colcon_core.verb:set package 'dynamixel_sdk_custom_interfaces' build argument 'ament_cmake_args' from command line to 'None'
[0.355s] Level 5:colcon.colcon_core.verb:set package 'dynamixel_sdk_custom_interfaces' build argument 'catkin_cmake_args' from command line to 'None'
[0.355s] Level 5:colcon.colcon_core.verb:set package 'dynamixel_sdk_custom_interfaces' build argument 'catkin_skip_building_tests' from command line to 'False'
[0.355s] DEBUG:colcon.colcon_core.verb:Building package 'dynamixel_sdk_custom_interfaces' with the following arguments: {'ament_cmake_args': None, 'build_base': '/home/robofei/robotis_ws/build/dynamixel_sdk_custom_interfaces', 'catkin_cmake_args': None, 'catkin_skip_building_tests': False, 'cmake_args': None, 'cmake_clean_cache': False, 'cmake_clean_first': False, 'cmake_force_configure': False, 'cmake_target': None, 'cmake_target_skip_unavailable': False, 'install_base': '/home/robofei/robotis_ws/install/dynamixel_sdk_custom_interfaces', 'merge_install': False, 'path': '/home/robofei/robotis_ws/src/DynamixelSDK/dynamixel_sdk_custom_interfaces', 'symlink_install': False, 'test_result_base': None}
[0.357s] Level 5:colcon.colcon_core.verb:set package 'dynamixel_sdk_examples' build argument 'cmake_args' from command line to 'None'
[0.357s] Level 5:colcon.colcon_core.verb:set package 'dynamixel_sdk_examples' build argument 'cmake_target' from command line to 'None'
[0.357s] Level 5:colcon.colcon_core.verb:set package 'dynamixel_sdk_examples' build argument 'cmake_target_skip_unavailable' from command line to 'False'
[0.357s] Level 5:colcon.colcon_core.verb:set package 'dynamixel_sdk_examples' build argument 'cmake_clean_cache' from command line to 'False'
[0.357s] Level 5:colcon.colcon_core.verb:set package 'dynamixel_sdk_examples' build argument 'cmake_clean_first' from command line to 'False'
[0.357s] Level 5:colcon.colcon_core.verb:set package 'dynamixel_sdk_examples' build argument 'cmake_force_configure' from command line to 'False'
[0.357s] Level 5:colcon.colcon_core.verb:set package 'dynamixel_sdk_examples' build argument 'ament_cmake_args' from command line to 'None'
[0.357s] Level 5:colcon.colcon_core.verb:set package 'dynamixel_sdk_examples' build argument 'catkin_cmake_args' from command line to 'None'
[0.358s] Level 5:colcon.colcon_core.verb:set package 'dynamixel_sdk_examples' build argument 'catkin_skip_building_tests' from command line to 'False'
[0.358s] DEBUG:colcon.colcon_core.verb:Building package 'dynamixel_sdk_examples' with the following arguments: {'ament_cmake_args': None, 'build_base': '/home/robofei/robotis_ws/build/dynamixel_sdk_examples', 'catkin_cmake_args': None, 'catkin_skip_building_tests': False, 'cmake_args': None, 'cmake_clean_cache': False, 'cmake_clean_first': False, 'cmake_force_configure': False, 'cmake_target': None, 'cmake_target_skip_unavailable': False, 'install_base': '/home/robofei/robotis_ws/install/dynamixel_sdk_examples', 'merge_install': False, 'path': '/home/robofei/robotis_ws/src/DynamixelSDK/dynamixel_sdk_examples', 'symlink_install': False, 'test_result_base': None}
[0.358s] INFO:colcon.colcon_core.executor:Executing jobs using 'parallel' executor
[0.360s] DEBUG:colcon.colcon_parallel_executor.executor.parallel:run_until_complete
[0.360s] INFO:colcon.colcon_ros.task.ament_cmake.build:Building ROS package in '/home/robofei/robotis_ws/src/DynamixelSDK/dynamixel_sdk' with build type 'ament_cmake'
[0.361s] INFO:colcon.colcon_cmake.task.cmake.build:Building CMake package in '/home/robofei/robotis_ws/src/DynamixelSDK/dynamixel_sdk'
[0.364s] INFO:colcon.colcon_core.plugin_system:Skipping extension 'colcon_core.shell.bat': Not used on non-Windows systems
[0.364s] INFO:colcon.colcon_core.shell:Skip shell extension 'powershell' for command environment: Not usable outside of PowerShell
[0.365s] DEBUG:colcon.colcon_core.shell:Skip shell extension 'dsv' for command environment
[0.367s] DEBUG:colcon.colcon_core.shell:Ignoring prefix path '/opt/ros/foxy'
[0.370s] INFO:colcon.colcon_ros.task.ament_cmake.build:Building ROS package in '/home/robofei/robotis_ws/src/DynamixelSDK/dynamixel_sdk_custom_interfaces' with build type 'ament_cmake'
[0.370s] INFO:colcon.colcon_cmake.task.cmake.build:Building CMake package in '/home/robofei/robotis_ws/src/DynamixelSDK/dynamixel_sdk_custom_interfaces'
[0.371s] INFO:colcon.colcon_core.shell:Skip shell extension 'powershell' for command environment: Not usable outside of PowerShell
[0.372s] DEBUG:colcon.colcon_core.shell:Skip shell extension 'dsv' for command environment
[0.376s] DEBUG:colcon.colcon_core.shell:Ignoring prefix path '/opt/ros/foxy'
[0.387s] DEBUG:colcon.colcon_core.event_handler.log_command:Invoking command in '/home/robofei/robotis_ws/build/dynamixel_sdk': CMAKE_PREFIX_PATH=${CMAKE_PREFIX_PATH}:/opt/ros/foxy /usr/bin/cmake --build /home/robofei/robotis_ws/build/dynamixel_sdk -- -j4 -l4
[0.396s] DEBUG:colcon.colcon_core.event_handler.log_command:Invoking command in '/home/robofei/robotis_ws/build/dynamixel_sdk_custom_interfaces': CMAKE_PREFIX_PATH=${CMAKE_PREFIX_PATH}:/opt/ros/foxy /usr/bin/cmake --build /home/robofei/robotis_ws/build/dynamixel_sdk_custom_interfaces -- -j4 -l4
[0.455s] DEBUG:colcon.colcon_core.event_handler.log_command:Invoked command in '/home/robofei/robotis_ws/build/dynamixel_sdk' returned '0': CMAKE_PREFIX_PATH=${CMAKE_PREFIX_PATH}:/opt/ros/foxy /usr/bin/cmake --build /home/robofei/robotis_ws/build/dynamixel_sdk -- -j4 -l4
[0.515s] DEBUG:colcon.colcon_core.event_handler.log_command:Invoking command in '/home/robofei/robotis_ws/build/dynamixel_sdk': CMAKE_PREFIX_PATH=${CMAKE_PREFIX_PATH}:/opt/ros/foxy /usr/bin/cmake --install /home/robofei/robotis_ws/build/dynamixel_sdk
[0.550s] Level 1:colcon.colcon_core.environment:create_environment_scripts_only(dynamixel_sdk)
[0.552s] DEBUG:colcon.colcon_core.event_handler.log_command:Invoked command in '/home/robofei/robotis_ws/build/dynamixel_sdk' returned '0': CMAKE_PREFIX_PATH=${CMAKE_PREFIX_PATH}:/opt/ros/foxy /usr/bin/cmake --install /home/robofei/robotis_ws/build/dynamixel_sdk
[0.555s] Level 1:colcon.colcon_core.environment:checking '/home/robofei/robotis_ws/install/dynamixel_sdk' for CMake module files
[0.555s] Level 1:colcon.colcon_core.environment:checking '/home/robofei/robotis_ws/install/dynamixel_sdk' for CMake config files
[0.556s] Level 1:colcon.colcon_core.shell:create_environment_hook('dynamixel_sdk', 'cmake_prefix_path')
[0.557s] INFO:colcon.colcon_core.shell:Creating environment hook '/home/robofei/robotis_ws/install/dynamixel_sdk/share/dynamixel_sdk/hook/cmake_prefix_path.ps1'
[0.557s] INFO:colcon.colcon_core.shell:Creating environment descriptor '/home/robofei/robotis_ws/install/dynamixel_sdk/share/dynamixel_sdk/hook/cmake_prefix_path.dsv'
[0.558s] INFO:colcon.colcon_core.shell:Creating environment hook '/home/robofei/robotis_ws/install/dynamixel_sdk/share/dynamixel_sdk/hook/cmake_prefix_path.sh'
[0.559s] Level 1:colcon.colcon_core.environment:checking '/home/robofei/robotis_ws/install/dynamixel_sdk/lib'
[0.559s] Level 1:colcon.colcon_core.shell:create_environment_hook('dynamixel_sdk', 'ld_library_path_lib')
[0.560s] INFO:colcon.colcon_core.shell:Creating environment hook '/home/robofei/robotis_ws/install/dynamixel_sdk/share/dynamixel_sdk/hook/ld_library_path_lib.ps1'
[0.560s] INFO:colcon.colcon_core.shell:Creating environment descriptor '/home/robofei/robotis_ws/install/dynamixel_sdk/share/dynamixel_sdk/hook/ld_library_path_lib.dsv'
[0.561s] INFO:colcon.colcon_core.shell:Creating environment hook '/home/robofei/robotis_ws/install/dynamixel_sdk/share/dynamixel_sdk/hook/ld_library_path_lib.sh'
[0.561s] Level 1:colcon.colcon_core.environment:checking '/home/robofei/robotis_ws/install/dynamixel_sdk/bin'
[0.561s] Level 1:colcon.colcon_core.environment:checking '/home/robofei/robotis_ws/install/dynamixel_sdk/lib/pkgconfig/dynamixel_sdk.pc'
[0.561s] Level 1:colcon.colcon_core.environment:checking '/home/robofei/robotis_ws/install/dynamixel_sdk/lib/python3.8/site-packages'
[0.562s] INFO:colcon.colcon_core.shell:Creating package script '/home/robofei/robotis_ws/install/dynamixel_sdk/share/dynamixel_sdk/package.ps1'
[0.563s] INFO:colcon.colcon_core.shell:Creating package descriptor '/home/robofei/robotis_ws/install/dynamixel_sdk/share/dynamixel_sdk/package.dsv'
[0.563s] INFO:colcon.colcon_core.shell:Creating package script '/home/robofei/robotis_ws/install/dynamixel_sdk/share/dynamixel_sdk/package.sh'
[0.564s] INFO:colcon.colcon_core.shell:Creating package script '/home/robofei/robotis_ws/install/dynamixel_sdk/share/dynamixel_sdk/package.bash'
[0.565s] INFO:colcon.colcon_core.shell:Creating package script '/home/robofei/robotis_ws/install/dynamixel_sdk/share/dynamixel_sdk/package.zsh'
[0.566s] Level 1:colcon.colcon_core.environment:create_file_with_runtime_dependencies(/home/robofei/robotis_ws/install/dynamixel_sdk/share/colcon-core/packages/dynamixel_sdk)
[0.608s] Level 1:colcon.colcon_core.environment:create_environment_scripts_only(dynamixel_sdk)
[0.609s] Level 1:colcon.colcon_core.environment:checking '/home/robofei/robotis_ws/install/dynamixel_sdk' for CMake module files
[0.610s] Level 1:colcon.colcon_core.environment:checking '/home/robofei/robotis_ws/install/dynamixel_sdk' for CMake config files
[0.610s] Level 1:colcon.colcon_core.shell:create_environment_hook('dynamixel_sdk', 'cmake_prefix_path')
[0.611s] INFO:colcon.colcon_core.shell:Creating environment hook '/home/robofei/robotis_ws/install/dynamixel_sdk/share/dynamixel_sdk/hook/cmake_prefix_path.ps1'
[0.611s] INFO:colcon.colcon_core.shell:Creating environment descriptor '/home/robofei/robotis_ws/install/dynamixel_sdk/share/dynamixel_sdk/hook/cmake_prefix_path.dsv'
[0.612s] INFO:colcon.colcon_core.shell:Creating environment hook '/home/robofei/robotis_ws/install/dynamixel_sdk/share/dynamixel_sdk/hook/cmake_prefix_path.sh'
[0.612s] Level 1:colcon.colcon_core.environment:checking '/home/robofei/robotis_ws/install/dynamixel_sdk/lib'
[0.612s] Level 1:colcon.colcon_core.shell:create_environment_hook('dynamixel_sdk', 'ld_library_path_lib')
[0.613s] INFO:colcon.colcon_core.shell:Creating environment hook '/home/robofei/robotis_ws/install/dynamixel_sdk/share/dynamixel_sdk/hook/ld_library_path_lib.ps1'
[0.613s] INFO:colcon.colcon_core.shell:Creating environment descriptor '/home/robofei/robotis_ws/install/dynamixel_sdk/share/dynamixel_sdk/hook/ld_library_path_lib.dsv'
[0.614s] INFO:colcon.colcon_core.shell:Creating environment hook '/home/robofei/robotis_ws/install/dynamixel_sdk/share/dynamixel_sdk/hook/ld_library_path_lib.sh'
[0.614s] Level 1:colcon.colcon_core.environment:checking '/home/robofei/robotis_ws/install/dynamixel_sdk/bin'
[0.614s] Level 1:colcon.colcon_core.environment:checking '/home/robofei/robotis_ws/install/dynamixel_sdk/lib/pkgconfig/dynamixel_sdk.pc'
[0.614s] Level 1:colcon.colcon_core.environment:checking '/home/robofei/robotis_ws/install/dynamixel_sdk/lib/python3.8/site-packages'
[0.615s] INFO:colcon.colcon_core.shell:Creating package script '/home/robofei/robotis_ws/install/dynamixel_sdk/share/dynamixel_sdk/package.ps1'
[0.615s] INFO:colcon.colcon_core.shell:Creating package descriptor '/home/robofei/robotis_ws/install/dynamixel_sdk/share/dynamixel_sdk/package.dsv'
[0.616s] INFO:colcon.colcon_core.shell:Creating package script '/home/robofei/robotis_ws/install/dynamixel_sdk/share/dynamixel_sdk/package.sh'
[0.616s] INFO:colcon.colcon_core.shell:Creating package script '/home/robofei/robotis_ws/install/dynamixel_sdk/share/dynamixel_sdk/package.bash'
[0.617s] INFO:colcon.colcon_core.shell:Creating package script '/home/robofei/robotis_ws/install/dynamixel_sdk/share/dynamixel_sdk/package.zsh'
[0.617s] Level 1:colcon.colcon_core.environment:create_file_with_runtime_dependencies(/home/robofei/robotis_ws/install/dynamixel_sdk/share/colcon-core/packages/dynamixel_sdk)
[5.540s] DEBUG:colcon.colcon_core.event_handler.log_command:Invoked command in '/home/robofei/robotis_ws/build/dynamixel_sdk_custom_interfaces' returned '0': CMAKE_PREFIX_PATH=${CMAKE_PREFIX_PATH}:/opt/ros/foxy /usr/bin/cmake --build /home/robofei/robotis_ws/build/dynamixel_sdk_custom_interfaces -- -j4 -l4
[5.611s] DEBUG:colcon.colcon_core.event_handler.log_command:Invoking command in '/home/robofei/robotis_ws/build/dynamixel_sdk_custom_interfaces': CMAKE_PREFIX_PATH=${CMAKE_PREFIX_PATH}:/opt/ros/foxy /usr/bin/cmake --install /home/robofei/robotis_ws/build/dynamixel_sdk_custom_interfaces
[5.705s] Level 1:colcon.colcon_core.environment:create_environment_scripts_only(dynamixel_sdk_custom_interfaces)
[5.706s] Level 1:colcon.colcon_core.environment:checking '/home/robofei/robotis_ws/install/dynamixel_sdk_custom_interfaces' for CMake module files
[5.707s] DEBUG:colcon.colcon_core.event_handler.log_command:Invoked command in '/home/robofei/robotis_ws/build/dynamixel_sdk_custom_interfaces' returned '0': CMAKE_PREFIX_PATH=${CMAKE_PREFIX_PATH}:/opt/ros/foxy /usr/bin/cmake --install /home/robofei/robotis_ws/build/dynamixel_sdk_custom_interfaces
[5.707s] Level 1:colcon.colcon_core.environment:checking '/home/robofei/robotis_ws/install/dynamixel_sdk_custom_interfaces' for CMake config files
[5.708s] Level 1:colcon.colcon_core.shell:create_environment_hook('dynamixel_sdk_custom_interfaces', 'cmake_prefix_path')
[5.709s] INFO:colcon.colcon_core.shell:Creating environment hook '/home/robofei/robotis_ws/install/dynamixel_sdk_custom_interfaces/share/dynamixel_sdk_custom_interfaces/hook/cmake_prefix_path.ps1'
[5.709s] INFO:colcon.colcon_core.shell:Creating environment descriptor '/home/robofei/robotis_ws/install/dynamixel_sdk_custom_interfaces/share/dynamixel_sdk_custom_interfaces/hook/cmake_prefix_path.dsv'
[5.709s] INFO:colcon.colcon_core.shell:Creating environment hook '/home/robofei/robotis_ws/install/dynamixel_sdk_custom_interfaces/share/dynamixel_sdk_custom_interfaces/hook/cmake_prefix_path.sh'
[5.710s] Level 1:colcon.colcon_core.environment:checking '/home/robofei/robotis_ws/install/dynamixel_sdk_custom_interfaces/lib'
[5.710s] Level 1:colcon.colcon_core.shell:create_environment_hook('dynamixel_sdk_custom_interfaces', 'ld_library_path_lib')
[5.711s] INFO:colcon.colcon_core.shell:Creating environment hook '/home/robofei/robotis_ws/install/dynamixel_sdk_custom_interfaces/share/dynamixel_sdk_custom_interfaces/hook/ld_library_path_lib.ps1'
[5.711s] INFO:colcon.colcon_core.shell:Creating environment descriptor '/home/robofei/robotis_ws/install/dynamixel_sdk_custom_interfaces/share/dynamixel_sdk_custom_interfaces/hook/ld_library_path_lib.dsv'
[5.711s] INFO:colcon.colcon_core.shell:Creating environment hook '/home/robofei/robotis_ws/install/dynamixel_sdk_custom_interfaces/share/dynamixel_sdk_custom_interfaces/hook/ld_library_path_lib.sh'
[5.712s] Level 1:colcon.colcon_core.environment:checking '/home/robofei/robotis_ws/install/dynamixel_sdk_custom_interfaces/bin'
[5.712s] Level 1:colcon.colcon_core.environment:checking '/home/robofei/robotis_ws/install/dynamixel_sdk_custom_interfaces/lib/pkgconfig/dynamixel_sdk_custom_interfaces.pc'
[5.712s] Level 1:colcon.colcon_core.environment:checking '/home/robofei/robotis_ws/install/dynamixel_sdk_custom_interfaces/lib/python3.8/site-packages'
[5.712s] Level 1:colcon.colcon_core.shell:create_environment_hook('dynamixel_sdk_custom_interfaces', 'pythonpath')
[5.713s] INFO:colcon.colcon_core.shell:Creating environment hook '/home/robofei/robotis_ws/install/dynamixel_sdk_custom_interfaces/share/dynamixel_sdk_custom_interfaces/hook/pythonpath.ps1'
[5.713s] INFO:colcon.colcon_core.shell:Creating environment descriptor '/home/robofei/robotis_ws/install/dynamixel_sdk_custom_interfaces/share/dynamixel_sdk_custom_interfaces/hook/pythonpath.dsv'
[5.713s] INFO:colcon.colcon_core.shell:Creating environment hook '/home/robofei/robotis_ws/install/dynamixel_sdk_custom_interfaces/share/dynamixel_sdk_custom_interfaces/hook/pythonpath.sh'
[5.714s] INFO:colcon.colcon_core.shell:Creating package script '/home/robofei/robotis_ws/install/dynamixel_sdk_custom_interfaces/share/dynamixel_sdk_custom_interfaces/package.ps1'
[5.715s] INFO:colcon.colcon_core.shell:Creating package descriptor '/home/robofei/robotis_ws/install/dynamixel_sdk_custom_interfaces/share/dynamixel_sdk_custom_interfaces/package.dsv'
[5.715s] INFO:colcon.colcon_core.shell:Creating package script '/home/robofei/robotis_ws/install/dynamixel_sdk_custom_interfaces/share/dynamixel_sdk_custom_interfaces/package.sh'
[5.716s] INFO:colcon.colcon_core.shell:Creating package script '/home/robofei/robotis_ws/install/dynamixel_sdk_custom_interfaces/share/dynamixel_sdk_custom_interfaces/package.bash'
[5.716s] INFO:colcon.colcon_core.shell:Creating package script '/home/robofei/robotis_ws/install/dynamixel_sdk_custom_interfaces/share/dynamixel_sdk_custom_interfaces/package.zsh'
[5.716s] Level 1:colcon.colcon_core.environment:create_file_with_runtime_dependencies(/home/robofei/robotis_ws/install/dynamixel_sdk_custom_interfaces/share/colcon-core/packages/dynamixel_sdk_custom_interfaces)
[5.786s] Level 1:colcon.colcon_core.environment:create_environment_scripts_only(dynamixel_sdk_custom_interfaces)
[5.787s] Level 1:colcon.colcon_core.environment:checking '/home/robofei/robotis_ws/install/dynamixel_sdk_custom_interfaces' for CMake module files
[5.787s] Level 1:colcon.colcon_core.environment:checking '/home/robofei/robotis_ws/install/dynamixel_sdk_custom_interfaces' for CMake config files
[5.788s] Level 1:colcon.colcon_core.shell:create_environment_hook('dynamixel_sdk_custom_interfaces', 'cmake_prefix_path')
[5.789s] INFO:colcon.colcon_core.shell:Creating environment hook '/home/robofei/robotis_ws/install/dynamixel_sdk_custom_interfaces/share/dynamixel_sdk_custom_interfaces/hook/cmake_prefix_path.ps1'
[5.789s] INFO:colcon.colcon_core.shell:Creating environment descriptor '/home/robofei/robotis_ws/install/dynamixel_sdk_custom_interfaces/share/dynamixel_sdk_custom_interfaces/hook/cmake_prefix_path.dsv'
[5.789s] INFO:colcon.colcon_core.shell:Creating environment hook '/home/robofei/robotis_ws/install/dynamixel_sdk_custom_interfaces/share/dynamixel_sdk_custom_interfaces/hook/cmake_prefix_path.sh'
[5.790s] Level 1:colcon.colcon_core.environment:checking '/home/robofei/robotis_ws/install/dynamixel_sdk_custom_interfaces/lib'
[5.790s] Level 1:colcon.colcon_core.shell:create_environment_hook('dynamixel_sdk_custom_interfaces', 'ld_library_path_lib')
[5.791s] INFO:colcon.colcon_core.shell:Creating environment hook '/home/robofei/robotis_ws/install/dynamixel_sdk_custom_interfaces/share/dynamixel_sdk_custom_interfaces/hook/ld_library_path_lib.ps1'
[5.791s] INFO:colcon.colcon_core.shell:Creating environment descriptor '/home/robofei/robotis_ws/install/dynamixel_sdk_custom_interfaces/share/dynamixel_sdk_custom_interfaces/hook/ld_library_path_lib.dsv'
[5.791s] INFO:colcon.colcon_core.shell:Creating environment hook '/home/robofei/robotis_ws/install/dynamixel_sdk_custom_interfaces/share/dynamixel_sdk_custom_interfaces/hook/ld_library_path_lib.sh'
[5.792s] Level 1:colcon.colcon_core.environment:checking '/home/robofei/robotis_ws/install/dynamixel_sdk_custom_interfaces/bin'
[5.792s] Level 1:colcon.colcon_core.environment:checking '/home/robofei/robotis_ws/install/dynamixel_sdk_custom_interfaces/lib/pkgconfig/dynamixel_sdk_custom_interfaces.pc'
[5.792s] Level 1:colcon.colcon_core.environment:checking '/home/robofei/robotis_ws/install/dynamixel_sdk_custom_interfaces/lib/python3.8/site-packages'
[5.792s] Level 1:colcon.colcon_core.shell:create_environment_hook('dynamixel_sdk_custom_interfaces', 'pythonpath')
[5.792s] INFO:colcon.colcon_core.shell:Creating environment hook '/home/robofei/robotis_ws/install/dynamixel_sdk_custom_interfaces/share/dynamixel_sdk_custom_interfaces/hook/pythonpath.ps1'
[5.793s] INFO:colcon.colcon_core.shell:Creating environment descriptor '/home/robofei/robotis_ws/install/dynamixel_sdk_custom_interfaces/share/dynamixel_sdk_custom_interfaces/hook/pythonpath.dsv'
[5.793s] INFO:colcon.colcon_core.shell:Creating environment hook '/home/robofei/robotis_ws/install/dynamixel_sdk_custom_interfaces/share/dynamixel_sdk_custom_interfaces/hook/pythonpath.sh'
[5.794s] INFO:colcon.colcon_core.shell:Creating package script '/home/robofei/robotis_ws/install/dynamixel_sdk_custom_interfaces/share/dynamixel_sdk_custom_interfaces/package.ps1'
[5.795s] INFO:colcon.colcon_core.shell:Creating package descriptor '/home/robofei/robotis_ws/install/dynamixel_sdk_custom_interfaces/share/dynamixel_sdk_custom_interfaces/package.dsv'
[5.795s] INFO:colcon.colcon_core.shell:Creating package script '/home/robofei/robotis_ws/install/dynamixel_sdk_custom_interfaces/share/dynamixel_sdk_custom_interfaces/package.sh'
[5.796s] INFO:colcon.colcon_core.shell:Creating package script '/home/robofei/robotis_ws/install/dynamixel_sdk_custom_interfaces/share/dynamixel_sdk_custom_interfaces/package.bash'
[5.796s] INFO:colcon.colcon_core.shell:Creating package script '/home/robofei/robotis_ws/install/dynamixel_sdk_custom_interfaces/share/dynamixel_sdk_custom_interfaces/package.zsh'
[5.796s] Level 1:colcon.colcon_core.environment:create_file_with_runtime_dependencies(/home/robofei/robotis_ws/install/dynamixel_sdk_custom_interfaces/share/colcon-core/packages/dynamixel_sdk_custom_interfaces)
[5.797s] INFO:colcon.colcon_ros.task.ament_cmake.build:Building ROS package in '/home/robofei/robotis_ws/src/DynamixelSDK/dynamixel_sdk_examples' with build type 'ament_cmake'
[5.797s] INFO:colcon.colcon_cmake.task.cmake.build:Building CMake package in '/home/robofei/robotis_ws/src/DynamixelSDK/dynamixel_sdk_examples'
[5.798s] INFO:colcon.colcon_core.shell:Skip shell extension 'powershell' for command environment: Not usable outside of PowerShell
[5.798s] DEBUG:colcon.colcon_core.shell:Skip shell extension 'dsv' for command environment
[5.800s] DEBUG:colcon.colcon_core.shell:Ignoring prefix path '/opt/ros/foxy'
[5.813s] DEBUG:colcon.colcon_core.event_handler.log_command:Invoking command in '/home/robofei/robotis_ws/build/dynamixel_sdk_examples': CMAKE_PREFIX_PATH=/home/robofei/robotis_ws/install/dynamixel_sdk_custom_interfaces:/home/robofei/robotis_ws/install/dynamixel_sdk:/home/robofei/robotis_ws/install/dynamixel_sdk_examples:/opt/ros/foxy /usr/bin/cmake --build /home/robofei/robotis_ws/build/dynamixel_sdk_examples -- -j4 -l4
[11.894s] DEBUG:colcon.colcon_core.event_handler.log_command:Invoked command in '/home/robofei/robotis_ws/build/dynamixel_sdk_examples' returned '0': CMAKE_PREFIX_PATH=/home/robofei/robotis_ws/install/dynamixel_sdk_custom_interfaces:/home/robofei/robotis_ws/install/dynamixel_sdk:/home/robofei/robotis_ws/install/dynamixel_sdk_examples:/opt/ros/foxy /usr/bin/cmake --build /home/robofei/robotis_ws/build/dynamixel_sdk_examples -- -j4 -l4
[11.923s] DEBUG:colcon.colcon_core.event_handler.log_command:Invoking command in '/home/robofei/robotis_ws/build/dynamixel_sdk_examples': CMAKE_PREFIX_PATH=/home/robofei/robotis_ws/install/dynamixel_sdk_custom_interfaces:/home/robofei/robotis_ws/install/dynamixel_sdk:/home/robofei/robotis_ws/install/dynamixel_sdk_examples:/opt/ros/foxy /usr/bin/cmake --install /home/robofei/robotis_ws/build/dynamixel_sdk_examples
[11.950s] Level 1:colcon.colcon_core.environment:create_environment_scripts_only(dynamixel_sdk_examples)
[11.951s] Level 1:colcon.colcon_core.environment:checking '/home/robofei/robotis_ws/install/dynamixel_sdk_examples' for CMake module files
[11.952s] DEBUG:colcon.colcon_core.event_handler.log_command:Invoked command in '/home/robofei/robotis_ws/build/dynamixel_sdk_examples' returned '0': CMAKE_PREFIX_PATH=/home/robofei/robotis_ws/install/dynamixel_sdk_custom_interfaces:/home/robofei/robotis_ws/install/dynamixel_sdk:/home/robofei/robotis_ws/install/dynamixel_sdk_examples:/opt/ros/foxy /usr/bin/cmake --install /home/robofei/robotis_ws/build/dynamixel_sdk_examples
[11.952s] Level 1:colcon.colcon_core.environment:checking '/home/robofei/robotis_ws/install/dynamixel_sdk_examples' for CMake config files
[11.953s] Level 1:colcon.colcon_core.shell:create_environment_hook('dynamixel_sdk_examples', 'cmake_prefix_path')
[11.953s] INFO:colcon.colcon_core.shell:Creating environment hook '/home/robofei/robotis_ws/install/dynamixel_sdk_examples/share/dynamixel_sdk_examples/hook/cmake_prefix_path.ps1'
[11.954s] INFO:colcon.colcon_core.shell:Creating environment descriptor '/home/robofei/robotis_ws/install/dynamixel_sdk_examples/share/dynamixel_sdk_examples/hook/cmake_prefix_path.dsv'
[11.954s] INFO:colcon.colcon_core.shell:Creating environment hook '/home/robofei/robotis_ws/install/dynamixel_sdk_examples/share/dynamixel_sdk_examples/hook/cmake_prefix_path.sh'
[11.955s] Level 1:colcon.colcon_core.environment:checking '/home/robofei/robotis_ws/install/dynamixel_sdk_examples/lib'
[11.955s] Level 1:colcon.colcon_core.environment:checking '/home/robofei/robotis_ws/install/dynamixel_sdk_examples/bin'
[11.955s] Level 1:colcon.colcon_core.environment:checking '/home/robofei/robotis_ws/install/dynamixel_sdk_examples/lib/pkgconfig/dynamixel_sdk_examples.pc'
[11.955s] Level 1:colcon.colcon_core.environment:checking '/home/robofei/robotis_ws/install/dynamixel_sdk_examples/lib/python3.8/site-packages'
[11.956s] INFO:colcon.colcon_core.shell:Creating package script '/home/robofei/robotis_ws/install/dynamixel_sdk_examples/share/dynamixel_sdk_examples/package.ps1'
[11.956s] INFO:colcon.colcon_core.shell:Creating package descriptor '/home/robofei/robotis_ws/install/dynamixel_sdk_examples/share/dynamixel_sdk_examples/package.dsv'
[11.956s] INFO:colcon.colcon_core.shell:Creating package script '/home/robofei/robotis_ws/install/dynamixel_sdk_examples/share/dynamixel_sdk_examples/package.sh'
[11.957s] INFO:colcon.colcon_core.shell:Creating package script '/home/robofei/robotis_ws/install/dynamixel_sdk_examples/share/dynamixel_sdk_examples/package.bash'
[11.957s] INFO:colcon.colcon_core.shell:Creating package script '/home/robofei/robotis_ws/install/dynamixel_sdk_examples/share/dynamixel_sdk_examples/package.zsh'
[11.957s] Level 1:colcon.colcon_core.environment:create_file_with_runtime_dependencies(/home/robofei/robotis_ws/install/dynamixel_sdk_examples/share/colcon-core/packages/dynamixel_sdk_examples)
[11.982s] Level 1:colcon.colcon_core.environment:create_environment_scripts_only(dynamixel_sdk_examples)
[11.983s] Level 1:colcon.colcon_core.environment:checking '/home/robofei/robotis_ws/install/dynamixel_sdk_examples' for CMake module files
[11.983s] Level 1:colcon.colcon_core.environment:checking '/home/robofei/robotis_ws/install/dynamixel_sdk_examples' for CMake config files
[11.984s] Level 1:colcon.colcon_core.shell:create_environment_hook('dynamixel_sdk_examples', 'cmake_prefix_path')
[11.984s] INFO:colcon.colcon_core.shell:Creating environment hook '/home/robofei/robotis_ws/install/dynamixel_sdk_examples/share/dynamixel_sdk_examples/hook/cmake_prefix_path.ps1'
[11.985s] INFO:colcon.colcon_core.shell:Creating environment descriptor '/home/robofei/robotis_ws/install/dynamixel_sdk_examples/share/dynamixel_sdk_examples/hook/cmake_prefix_path.dsv'
[11.985s] INFO:colcon.colcon_core.shell:Creating environment hook '/home/robofei/robotis_ws/install/dynamixel_sdk_examples/share/dynamixel_sdk_examples/hook/cmake_prefix_path.sh'
[11.986s] Level 1:colcon.colcon_core.environment:checking '/home/robofei/robotis_ws/install/dynamixel_sdk_examples/lib'
[11.986s] Level 1:colcon.colcon_core.environment:checking '/home/robofei/robotis_ws/install/dynamixel_sdk_examples/bin'
[11.986s] Level 1:colcon.colcon_core.environment:checking '/home/robofei/robotis_ws/install/dynamixel_sdk_examples/lib/pkgconfig/dynamixel_sdk_examples.pc'
[11.986s] Level 1:colcon.colcon_core.environment:checking '/home/robofei/robotis_ws/install/dynamixel_sdk_examples/lib/python3.8/site-packages'
[11.987s] INFO:colcon.colcon_core.shell:Creating package script '/home/robofei/robotis_ws/install/dynamixel_sdk_examples/share/dynamixel_sdk_examples/package.ps1'
[11.987s] INFO:colcon.colcon_core.shell:Creating package descriptor '/home/robofei/robotis_ws/install/dynamixel_sdk_examples/share/dynamixel_sdk_examples/package.dsv'
[11.987s] INFO:colcon.colcon_core.shell:Creating package script '/home/robofei/robotis_ws/install/dynamixel_sdk_examples/share/dynamixel_sdk_examples/package.sh'
[11.988s] INFO:colcon.colcon_core.shell:Creating package script '/home/robofei/robotis_ws/install/dynamixel_sdk_examples/share/dynamixel_sdk_examples/package.bash'
[11.989s] INFO:colcon.colcon_core.shell:Creating package script '/home/robofei/robotis_ws/install/dynamixel_sdk_examples/share/dynamixel_sdk_examples/package.zsh'
[11.989s] Level 1:colcon.colcon_core.environment:create_file_with_runtime_dependencies(/home/robofei/robotis_ws/install/dynamixel_sdk_examples/share/colcon-core/packages/dynamixel_sdk_examples)
[11.989s] DEBUG:colcon.colcon_parallel_executor.executor.parallel:closing loop
[11.989s] DEBUG:colcon.colcon_parallel_executor.executor.parallel:loop closed
[11.990s] DEBUG:colcon.colcon_parallel_executor.executor.parallel:run_until_complete finished with '0'
[11.990s] DEBUG:colcon.colcon_core.event_reactor:joining thread
[11.996s] INFO:colcon.colcon_core.plugin_system:Skipping extension 'colcon_notification.desktop_notification.terminal_notifier': Not used on non-Darwin systems
[11.996s] INFO:colcon.colcon_core.plugin_system:Skipping extension 'colcon_notification.desktop_notification.win32': Not used on non-Windows systems
[11.996s] INFO:colcon.colcon_notification.desktop_notification:Sending desktop notification using 'notify2'
[12.016s] DEBUG:colcon.colcon_core.event_reactor:joined thread
[12.017s] INFO:colcon.colcon_core.shell:Creating prefix script '/home/robofei/robotis_ws/install/local_setup.ps1'
[12.018s] INFO:colcon.colcon_core.shell:Creating prefix util module '/home/robofei/robotis_ws/install/_local_setup_util_ps1.py'
[12.019s] INFO:colcon.colcon_core.shell:Creating prefix chain script '/home/robofei/robotis_ws/install/setup.ps1'
[12.022s] INFO:colcon.colcon_core.shell:Creating prefix script '/home/robofei/robotis_ws/install/local_setup.sh'
[12.023s] INFO:colcon.colcon_core.shell:Creating prefix util module '/home/robofei/robotis_ws/install/_local_setup_util_sh.py'
[12.023s] INFO:colcon.colcon_core.shell:Creating prefix chain script '/home/robofei/robotis_ws/install/setup.sh'
[12.026s] INFO:colcon.colcon_core.shell:Creating prefix script '/home/robofei/robotis_ws/install/local_setup.bash'
[12.027s] INFO:colcon.colcon_core.shell:Creating prefix chain script '/home/robofei/robotis_ws/install/setup.bash'
[12.029s] INFO:colcon.colcon_core.shell:Creating prefix script '/home/robofei/robotis_ws/install/local_setup.zsh'
[12.030s] INFO:colcon.colcon_core.shell:Creating prefix chain script '/home/robofei/robotis_ws/install/setup.zsh'
