-- Found ament_cmake: 0.9.9 (/opt/ros/foxy/share/ament_cmake/cmake)
-- Using PYTHON_EXECUTABLE: /usr/bin/python3
-- Override CMake install command with custom implementation using symlinks instead of copying resources
-- Found custom_interfaces: 3.7.40 (/home/robofei/ROS2/action/install/custom_interfaces/share/custom_interfaces/cmake)
-- Using all available rosidl_typesupport_c: rosidl_typesupport_fastrtps_c;rosidl_typesupport_introspection_c
-- Found rosidl_adapter: 1.2.1 (/opt/ros/foxy/share/rosidl_adapter/cmake)
-- Using all available rosidl_typesupport_cpp: rosidl_typesupport_fastrtps_cpp;rosidl_typesupport_introspection_cpp
-- Found rclcpp: 2.4.1 (/opt/ros/foxy/share/rclcpp/cmake)
-- Found rmw_implementation_cmake: 1.0.3 (/opt/ros/foxy/share/rmw_implementation_cmake/cmake)
-- Using RMW implementation 'rmw_fastrtps_cpp' as default
-- Found ament_lint_auto: 0.9.6 (/opt/ros/foxy/share/ament_lint_auto/cmake)
-- Added test 'copyright' to check source files copyright and LICENSE
-- Added test 'cppcheck' to perform static code analysis on C / C++ code
-- Configured cppcheck include dirs: /home/robofei/ROS2/action/src/control/include;/home/robofei/ROS2/action/src/control/Framework;/home/robofei/ROS2/action/src/control/Linux
-- Configured cppcheck exclude dirs and/or files: 
-- Added test 'cpplint' to check C / C++ code against the Google style
-- Configured cpplint exclude dirs and/or files: 
-- Added test 'flake8' to check Python code syntax and style conventions
-- Added test 'lint_cmake' to check CMake code style
-- Added test 'pep257' to check Python code against some of the style conventions in PEP 257
-- Added test 'uncrustify' to check C / C++ code style
-- Configured uncrustify additional arguments: 
-- Added test 'xmllint' to check XML markup files
-- Configuring done
-- Generating done
-- Build files have been written to: /home/robofei/ROS2/action/build/control
[35m[1mScanning dependencies of target action_node[0m
[ 50%] [32mBuilding CXX object CMakeFiles/action_node.dir/src/main.cpp.o[0m
[01m[K/home/robofei/ROS2/action/src/control/src/main.cpp:[m[K In member function ‘[01m[Kvoid ActionNode::topic_callback(std_msgs::msg::String_<std::allocator<void> >::SharedPtr) const[m[K’:
[01m[K/home/robofei/ROS2/action/src/control/src/main.cpp:82:25:[m[K [01;31m[Kerror: [m[K‘[01m[Kusing element_type = struct std_msgs::msg::String_<std::allocator<void> >[m[K’ {aka ‘[01m[Kstruct std_msgs::msg::String_<std::allocator<void> >[m[K’} has no member named ‘[01m[Kdecision[m[K’
   82 |         movement = msg->[01;31m[Kdecision[m[K;
      |                         [01;31m[K^~~~~~~~[m[K
[01m[K/home/robofei/ROS2/action/src/control/src/main.cpp:203:51:[m[K [01;35m[Kwarning: [m[Knon-ISO-standard escape sequence, '\e'
  203 |             std::cout << "\rReading BlackBoard" <<[01;35m[K"[\e[38;5;82m"[m[K<< count_read<<"\e[0m] | Tempo ocioso"<<"[\e[38;5;82m"<< count_read*step_time/1000<<"s\e[0m]";
      |                                                   [01;35m[K^~~~~~~~~~~~~~[m[K
[01m[K/home/robofei/ROS2/action/src/control/src/main.cpp:203:80:[m[K [01;35m[Kwarning: [m[Knon-ISO-standard escape sequence, '\e'
  203 | out << "\rReading BlackBoard" <<"[\e[38;5;82m"<< count_read<<[01;35m[K"\e[0m] | Tempo ocioso"[m[K<<"[\e[38;5;82m"<< count_read*step_time/1000<<"s\e[0m]";
      |                                                              [01;35m[K^~~~~~~~~~~~~~~~~~~~~~~[m[K

[01m[K/home/robofei/ROS2/action/src/control/src/main.cpp:203:105:[m[K [01;35m[Kwarning: [m[Knon-ISO-standard escape sequence, '\e'
  203 | ard" <<"[\e[38;5;82m"<< count_read<<"\e[0m] | Tempo ocioso"<<[01;35m[K"[\e[38;5;82m"[m[K<< count_read*step_time/1000<<"s\e[0m]";
      |                                                              [01;35m[K^~~~~~~~~~~~~~[m[K

[01m[K/home/robofei/ROS2/action/src/control/src/main.cpp:203:149:[m[K [01;35m[Kwarning: [m[Knon-ISO-standard escape sequence, '\e'
  203 | "\e[0m] | Tempo ocioso"<<"[\e[38;5;82m"<< count_read*step_time/1000<<[01;35m[K"s\e[0m]"[m[K;
      |                                                                      [01;35m[K^~~~~~~~~[m[K

[01m[K/home/robofei/ROS2/action/src/control/src/main.cpp:[m[K In member function ‘[01m[Kvoid ActionNode::goodBye() const[m[K’:
[01m[K/home/robofei/ROS2/action/src/control/src/main.cpp:236:12:[m[K [01;35m[Kwarning: [m[Kunused variable ‘[01m[Kcount_[m[K’ [[01;35m[K-Wunused-variable[m[K]
  236 |     size_t [01;35m[Kcount_[m[K;
      |            [01;35m[K^~~~~~[m[K
[01m[K/home/robofei/ROS2/action/src/control/src/main.cpp:[m[K In function ‘[01m[Kvoid sighandler(int)[m[K’:
[01m[K/home/robofei/ROS2/action/src/control/src/main.cpp:263:21:[m[K [01;35m[Kwarning: [m[Kunused parameter ‘[01m[Ksig[m[K’ [[01;35m[K-Wunused-parameter[m[K]
  263 | void sighandler([01;35m[Kint sig[m[K)
      |                 [01;35m[K~~~~^~~[m[K
[01m[K/home/robofei/ROS2/action/src/control/src/main.cpp:[m[K In function ‘[01m[Kint main(int, char**)[m[K’:
[01m[K/home/robofei/ROS2/action/src/control/src/main.cpp:281:10:[m[K [01;35m[Kwarning: [m[Kunused variable ‘[01m[Kstop_gait[m[K’ [[01;35m[K-Wunused-variable[m[K]
  281 |     bool [01;35m[Kstop_gait[m[K = true;
      |          [01;35m[K^~~~~~~~~[m[K
[01m[K/home/robofei/ROS2/action/src/control/src/main.cpp:282:11:[m[K [01;35m[Kwarning: [m[Kunused variable ‘[01m[KServoport[m[K’ [[01;35m[K-Wunused-variable[m[K]
  282 |     char *[01;35m[KServoport[m[K;
      |           [01;35m[K^~~~~~~~~[m[K
[01m[K/home/robofei/ROS2/action/src/control/src/main.cpp:283:9:[m[K [01;35m[Kwarning: [m[Kunused variable ‘[01m[Kvalue[m[K’ [[01;35m[K-Wunused-variable[m[K]
  283 |     int [01;35m[Kvalue[m[K;
      |         [01;35m[K^~~~~[m[K
[01m[K/home/robofei/ROS2/action/src/control/src/main.cpp:284:9:[m[K [01;35m[Kwarning: [m[Kunused variable ‘[01m[KidServo[m[K’ [[01;35m[K-Wunused-variable[m[K]
  284 |     int [01;35m[KidServo[m[K;
      |         [01;35m[K^~~~~~~[m[K
[01m[K/home/robofei/ROS2/action/src/control/src/main.cpp:285:10:[m[K [01;35m[Kwarning: [m[Kunused variable ‘[01m[Kflag_stop[m[K’ [[01;35m[K-Wunused-variable[m[K]
  285 |     bool [01;35m[Kflag_stop[m[K = 0;
      |          [01;35m[K^~~~~~~~~[m[K
[01m[K/home/robofei/ROS2/action/src/control/src/main.cpp:286:18:[m[K [01;35m[Kwarning: [m[Kunused variable ‘[01m[Kbuffer[m[K’ [[01;35m[K-Wunused-variable[m[K]
  286 |     unsigned int [01;35m[Kbuffer[m[K = 10000;
      |                  [01;35m[K^~~~~~[m[K
make[2]: *** [CMakeFiles/action_node.dir/build.make:63: CMakeFiles/action_node.dir/src/main.cpp.o] Error 1
make[1]: *** [CMakeFiles/Makefile2:78: CMakeFiles/action_node.dir/all] Error 2
make: *** [Makefile:141: all] Error 2
