[0.021s] Invoking command in '/home/robofei/Music/robotis_ws/build/dynamixel_sdk': CMAKE_PREFIX_PATH=/opt/ros/foxy /usr/bin/cmake /home/robofei/Music/robotis_ws/src/DynamixelSDK/dynamixel_sdk -DAMENT_CMAKE_SYMLINK_INSTALL=1 -DCMAKE_INSTALL_PREFIX=/home/robofei/Music/robotis_ws/install/dynamixel_sdk
[1.614s] -- The C compiler identification is GNU 9.3.0
[2.960s] -- The CXX compiler identification is GNU 9.3.0
[3.076s] -- Check for working C compiler: /usr/bin/cc
[3.219s] -- Check for working C compiler: /usr/bin/cc -- works
[3.221s] -- Detecting C compiler ABI info
[3.332s] -- Detecting C compiler ABI info - done
[3.349s] -- Detecting C compile features
[3.352s] -- Detecting C compile features - done
[3.371s] -- Check for working CXX compiler: /usr/bin/c++
[3.475s] -- Check for working CXX compiler: /usr/bin/c++ -- works
[3.476s] -- Detecting CXX compiler ABI info
[3.586s] -- Detecting CXX compiler ABI info - done
[3.612s] -- Detecting CXX compile features
[3.613s] -- Detecting CXX compile features - done
[3.663s] -- Found ament_cmake: 0.9.9 (/opt/ros/foxy/share/ament_cmake/cmake)
[3.754s] -- Found PythonInterp: /usr/bin/python3 (found suitable version "3.8.10", minimum required is "3") 
[3.754s] -- Using PYTHON_EXECUTABLE: /usr/bin/python3
[4.117s] -- Override CMake install command with custom implementation using symlinks instead of copying resources
[4.357s] -- Configuring done
[4.393s] -- Generating done
[4.394s] -- Build files have been written to: /home/robofei/Music/robotis_ws/build/dynamixel_sdk
[4.397s] Invoked command in '/home/robofei/Music/robotis_ws/build/dynamixel_sdk' returned '0': CMAKE_PREFIX_PATH=/opt/ros/foxy /usr/bin/cmake /home/robofei/Music/robotis_ws/src/DynamixelSDK/dynamixel_sdk -DAMENT_CMAKE_SYMLINK_INSTALL=1 -DCMAKE_INSTALL_PREFIX=/home/robofei/Music/robotis_ws/install/dynamixel_sdk
[4.400s] Invoking command in '/home/robofei/Music/robotis_ws/build/dynamixel_sdk': CMAKE_PREFIX_PATH=/opt/ros/foxy /usr/bin/cmake --build /home/robofei/Music/robotis_ws/build/dynamixel_sdk -- -j4 -l4
[4.447s] [35m[1mScanning dependencies of target dynamixel_sdk[0m
[4.490s] [ 20%] [32mBuilding CXX object CMakeFiles/dynamixel_sdk.dir/src/dynamixel_sdk/group_sync_read.cpp.o[0m
[4.490s] [ 20%] [32mBuilding CXX object CMakeFiles/dynamixel_sdk.dir/src/dynamixel_sdk/protocol2_packet_handler.cpp.o[0m
[4.494s] [ 30%] [32mBuilding CXX object CMakeFiles/dynamixel_sdk.dir/src/dynamixel_sdk/packet_handler.cpp.o[0m
[4.498s] [ 40%] [32mBuilding CXX object CMakeFiles/dynamixel_sdk.dir/src/dynamixel_sdk/protocol1_packet_handler.cpp.o[0m
[6.282s] [ 50%] [32mBuilding CXX object CMakeFiles/dynamixel_sdk.dir/src/dynamixel_sdk/group_sync_write.cpp.o[0m
[6.414s] [ 60%] [32mBuilding CXX object CMakeFiles/dynamixel_sdk.dir/src/dynamixel_sdk/group_bulk_read.cpp.o[0m
[6.460s] [ 70%] [32mBuilding CXX object CMakeFiles/dynamixel_sdk.dir/src/dynamixel_sdk/group_bulk_write.cpp.o[0m
[8.049s] [ 80%] [32mBuilding CXX object CMakeFiles/dynamixel_sdk.dir/src/dynamixel_sdk/port_handler.cpp.o[0m
[8.108s] [ 90%] [32mBuilding CXX object CMakeFiles/dynamixel_sdk.dir/src/dynamixel_sdk/port_handler_linux.cpp.o[0m
[8.548s] [100%] [32m[1mLinking CXX shared library libdynamixel_sdk.so[0m
[8.659s] [100%] Built target dynamixel_sdk
[8.676s] Invoked command in '/home/robofei/Music/robotis_ws/build/dynamixel_sdk' returned '0': CMAKE_PREFIX_PATH=/opt/ros/foxy /usr/bin/cmake --build /home/robofei/Music/robotis_ws/build/dynamixel_sdk -- -j4 -l4
[8.738s] Invoking command in '/home/robofei/Music/robotis_ws/build/dynamixel_sdk': CMAKE_PREFIX_PATH=/opt/ros/foxy /usr/bin/cmake --install /home/robofei/Music/robotis_ws/build/dynamixel_sdk
[8.748s] -- Install configuration: ""
[8.748s] -- Execute custom install script
[8.749s] -- Symlinking: /home/robofei/Music/robotis_ws/install/dynamixel_sdk/include//dynamixel_sdk/dynamixel_sdk.h
[8.761s] -- Symlinking: /home/robofei/Music/robotis_ws/install/dynamixel_sdk/include//dynamixel_sdk/group_bulk_read.h
[8.771s] -- Symlinking: /home/robofei/Music/robotis_ws/install/dynamixel_sdk/include//dynamixel_sdk/group_bulk_write.h
[8.781s] -- Symlinking: /home/robofei/Music/robotis_ws/install/dynamixel_sdk/include//dynamixel_sdk/group_sync_read.h
[8.791s] -- Symlinking: /home/robofei/Music/robotis_ws/install/dynamixel_sdk/include//dynamixel_sdk/group_sync_write.h
[8.801s] -- Symlinking: /home/robofei/Music/robotis_ws/install/dynamixel_sdk/include//dynamixel_sdk/packet_handler.h
[8.811s] -- Symlinking: /home/robofei/Music/robotis_ws/install/dynamixel_sdk/include//dynamixel_sdk/port_handler.h
[8.821s] -- Symlinking: /home/robofei/Music/robotis_ws/install/dynamixel_sdk/include//dynamixel_sdk/port_handler_arduino.h
[8.831s] -- Symlinking: /home/robofei/Music/robotis_ws/install/dynamixel_sdk/include//dynamixel_sdk/port_handler_linux.h
[8.842s] -- Symlinking: /home/robofei/Music/robotis_ws/install/dynamixel_sdk/include//dynamixel_sdk/port_handler_mac.h
[8.851s] -- Symlinking: /home/robofei/Music/robotis_ws/install/dynamixel_sdk/include//dynamixel_sdk/port_handler_windows.h
[8.861s] -- Symlinking: /home/robofei/Music/robotis_ws/install/dynamixel_sdk/include//dynamixel_sdk/protocol1_packet_handler.h
[8.873s] -- Symlinking: /home/robofei/Music/robotis_ws/install/dynamixel_sdk/include//dynamixel_sdk/protocol2_packet_handler.h
[8.883s] -- Symlinking: /home/robofei/Music/robotis_ws/install/dynamixel_sdk/lib/libdynamixel_sdk.so
[8.896s] -- Up-to-date symlink: /home/robofei/Music/robotis_ws/install/dynamixel_sdk/share/dynamixel_sdk/environment/library_path.sh
[8.896s] -- Symlinking: /home/robofei/Music/robotis_ws/install/dynamixel_sdk/share/dynamixel_sdk/environment/library_path.dsv
[8.907s] -- Symlinking: /home/robofei/Music/robotis_ws/install/dynamixel_sdk/share/ament_index/resource_index/package_run_dependencies/dynamixel_sdk
[8.917s] -- Symlinking: /home/robofei/Music/robotis_ws/install/dynamixel_sdk/share/ament_index/resource_index/parent_prefix_path/dynamixel_sdk
[8.927s] -- Up-to-date symlink: /home/robofei/Music/robotis_ws/install/dynamixel_sdk/share/dynamixel_sdk/environment/ament_prefix_path.sh
[8.927s] -- Symlinking: /home/robofei/Music/robotis_ws/install/dynamixel_sdk/share/dynamixel_sdk/environment/ament_prefix_path.dsv
[8.938s] -- Up-to-date symlink: /home/robofei/Music/robotis_ws/install/dynamixel_sdk/share/dynamixel_sdk/environment/path.sh
[8.938s] -- Symlinking: /home/robofei/Music/robotis_ws/install/dynamixel_sdk/share/dynamixel_sdk/environment/path.dsv
[8.949s] -- Symlinking: /home/robofei/Music/robotis_ws/install/dynamixel_sdk/share/dynamixel_sdk/local_setup.bash
[8.959s] -- Symlinking: /home/robofei/Music/robotis_ws/install/dynamixel_sdk/share/dynamixel_sdk/local_setup.sh
[8.972s] -- Symlinking: /home/robofei/Music/robotis_ws/install/dynamixel_sdk/share/dynamixel_sdk/local_setup.zsh
[8.986s] -- Symlinking: /home/robofei/Music/robotis_ws/install/dynamixel_sdk/share/dynamixel_sdk/local_setup.dsv
[8.999s] -- Symlinking: /home/robofei/Music/robotis_ws/install/dynamixel_sdk/share/dynamixel_sdk/package.dsv
[9.012s] -- Symlinking: /home/robofei/Music/robotis_ws/install/dynamixel_sdk/share/ament_index/resource_index/packages/dynamixel_sdk
[9.027s] -- Symlinking: /home/robofei/Music/robotis_ws/install/dynamixel_sdk/share/dynamixel_sdk/cmake/ament_cmake_export_include_directories-extras.cmake
[9.040s] -- Symlinking: /home/robofei/Music/robotis_ws/install/dynamixel_sdk/share/dynamixel_sdk/cmake/ament_cmake_export_libraries-extras.cmake
[9.055s] -- Symlinking: /home/robofei/Music/robotis_ws/install/dynamixel_sdk/share/dynamixel_sdk/cmake/dynamixel_sdkConfig.cmake
[9.069s] -- Symlinking: /home/robofei/Music/robotis_ws/install/dynamixel_sdk/share/dynamixel_sdk/cmake/dynamixel_sdkConfig-version.cmake
[9.079s] -- Symlinking: /home/robofei/Music/robotis_ws/install/dynamixel_sdk/share/dynamixel_sdk/package.xml
[9.095s] Invoked command in '/home/robofei/Music/robotis_ws/build/dynamixel_sdk' returned '0': CMAKE_PREFIX_PATH=/opt/ros/foxy /usr/bin/cmake --install /home/robofei/Music/robotis_ws/build/dynamixel_sdk
