[0.895s] Invoking command in '/home/robofei/Downloads/GC/build/messages': CMAKE_PREFIX_PATH=${CMAKE_PREFIX_PATH}:/home/robofei/Downloads/GC/install/controller:/opt/ros/foxy /usr/bin/cmake --build /home/robofei/Downloads/GC/build/messages -- -j4 -l4
[0.974s] -- Found ament_cmake: 0.9.9 (/opt/ros/foxy/share/ament_cmake/cmake)
[1.083s] -- Found PythonInterp: /usr/bin/python3 (found suitable version "3.8.10", minimum required is "3") 
[1.083s] -- Using PYTHON_EXECUTABLE: /usr/bin/python3
[1.735s] -- Found rosidl_default_generators: 1.0.1 (/opt/ros/foxy/share/rosidl_default_generators/cmake)
[1.742s] -- Using all available rosidl_typesupport_c: rosidl_typesupport_fastrtps_c;rosidl_typesupport_introspection_c
[1.753s] -- Found rosidl_adapter: 1.2.1 (/opt/ros/foxy/share/rosidl_adapter/cmake)
[2.301s] -- Using all available rosidl_typesupport_cpp: rosidl_typesupport_fastrtps_cpp;rosidl_typesupport_introspection_cpp
[2.485s] -- Found PythonInterp: /usr/bin/python3 (found version "3.8.10") 
[3.010s] CMake Error at /opt/ros/foxy/share/rosidl_adapter/cmake/rosidl_adapt_interfaces.cmake:60 (message):
[3.012s]   execute_process(/usr/bin/python3 -m rosidl_adapter --package-name messages
[3.012s]   --arguments-file
[3.012s]   /home/robofei/Downloads/GC/build/messages/rosidl_adapter__arguments__messages.json
[3.012s]   --output-dir
[3.012s]   /home/robofei/Downloads/GC/build/messages/rosidl_adapter/messages
[3.013s]   --output-file
[3.013s]   /home/robofei/Downloads/GC/build/messages/rosidl_adapter/messages.idls)
[3.013s]   returned error code 1:
[3.013s] 
[3.013s]   Error processing 'from construct import Array, Byte, Bytes, Const, Enum,
[3.013s]   Flag, Int16sl, Int16ul, Struct' of 'messages/HumanoidLeagueMsgs': ''from'
[3.013s]   is an invalid message name.  It should have the pattern
[3.014s]   '^[A-Z][A-Za-z0-9]*$''
[3.014s] 
[3.014s]   Traceback (most recent call last):
[3.014s] 
[3.014s]     File "/usr/lib/python3.8/runpy.py", line 194, in _run_module_as_main
[3.015s]       return _run_code(code, main_globals, None,
[3.015s]     File "/usr/lib/python3.8/runpy.py", line 87, in _run_code
[3.015s]       exec(code, run_globals)
[3.015s]     File "/opt/ros/foxy/lib/python3.8/site-packages/rosidl_adapter/__main__.py", line 19, in <module>
[3.015s]       sys.exit(main())
[3.015s]     File "/opt/ros/foxy/lib/python3.8/site-packages/rosidl_adapter/main.py", line 53, in main
[3.015s]       abs_idl_file = convert_to_idl(
[3.016s]     File "/opt/ros/foxy/lib/python3.8/site-packages/rosidl_adapter/__init__.py", line 19, in convert_to_idl
[3.016s]       return convert_msg_to_idl(
[3.016s]     File "/opt/ros/foxy/lib/python3.8/site-packages/rosidl_adapter/msg/__init__.py", line 28, in convert_msg_to_idl
[3.016s]       msg = parse_message_string(package_name, input_file.stem, content)
[3.016s]     File "/opt/ros/foxy/lib/python3.8/site-packages/rosidl_adapter/parser.py", line 516, in parse_message_string
[3.016s]       Type(type_string, context_package_name=pkg_name),
[3.017s]     File "/opt/ros/foxy/lib/python3.8/site-packages/rosidl_adapter/parser.py", line 276, in __init__
[3.017s]       super(Type, self).__init__(
[3.017s]     File "/opt/ros/foxy/lib/python3.8/site-packages/rosidl_adapter/parser.py", line 204, in __init__
[3.017s]       raise InvalidResourceName(
[3.017s] 
[3.017s]   rosidl_adapter.parser.InvalidResourceName: 'from' is an invalid message
[3.018s]   name.  It should have the pattern '^[A-Z][A-Za-z0-9]*$'
[3.018s] 
[3.018s] Call Stack (most recent call first):
[3.018s]   /opt/ros/foxy/share/rosidl_cmake/cmake/rosidl_generate_interfaces.cmake:130 (rosidl_adapt_interfaces)
[3.018s]   CMakeLists.txt:22 (rosidl_generate_interfaces)
[3.018s] 
[3.018s] 
[3.019s] -- Configuring incomplete, errors occurred!
[3.019s] See also "/home/robofei/Downloads/GC/build/messages/CMakeFiles/CMakeOutput.log".
[3.029s] make: *** [Makefile:748: cmake_check_build_system] Error 1
[3.034s] Invoked command in '/home/robofei/Downloads/GC/build/messages' returned '2': CMAKE_PREFIX_PATH=${CMAKE_PREFIX_PATH}:/home/robofei/Downloads/GC/install/controller:/opt/ros/foxy /usr/bin/cmake --build /home/robofei/Downloads/GC/build/messages -- -j4 -l4
