[0.008s] Invoking command in '/home/robofei/ROS2/action/build/control': CMAKE_PREFIX_PATH=/home/robofei/ROS2/action/install/dynamixel_sdk_custom_interfaces:/home/robofei/ROS2/action/install/control:/opt/ros/foxy /usr/bin/cmake /home/robofei/ROS2/action/src/control -DAMENT_CMAKE_SYMLINK_INSTALL=1 -DCMAKE_INSTALL_PREFIX=/home/robofei/ROS2/action/install/control
[0.047s] -- The C compiler identification is GNU 9.4.0
[0.087s] -- The CXX compiler identification is GNU 9.4.0
[0.091s] -- Check for working C compiler: /usr/bin/cc
[0.142s] -- Check for working C compiler: /usr/bin/cc -- works
[0.143s] -- Detecting C compiler ABI info
[0.195s] -- Detecting C compiler ABI info - done
[0.204s] -- Detecting C compile features
[0.205s] -- Detecting C compile features - done
[0.207s] -- Check for working CXX compiler: /usr/bin/c++
[0.271s] -- Check for working CXX compiler: /usr/bin/c++ -- works
[0.272s] -- Detecting CXX compiler ABI info
[0.338s] -- Detecting CXX compiler ABI info - done
[0.348s] -- Detecting CXX compile features
[0.348s] -- Detecting CXX compile features - done
[0.350s] -- Found ament_cmake: 0.9.9 (/opt/ros/foxy/share/ament_cmake/cmake)
[0.368s] -- Found PythonInterp: /usr/bin/python3 (found suitable version "3.8.10", minimum required is "3") 
[0.368s] -- Using PYTHON_EXECUTABLE: /usr/bin/python3
[0.498s] -- Override CMake install command with custom implementation using symlinks instead of copying resources
[0.514s] -- Found dynamixel_sdk_custom_interfaces: 3.7.40 (/home/robofei/ROS2/action/install/dynamixel_sdk_custom_interfaces/share/dynamixel_sdk_custom_interfaces/cmake)
[0.535s] -- Using all available rosidl_typesupport_c: rosidl_typesupport_fastrtps_c;rosidl_typesupport_introspection_c
[0.539s] -- Found rosidl_adapter: 1.2.1 (/opt/ros/foxy/share/rosidl_adapter/cmake)
[0.596s] -- Found OpenSSL: /usr/lib/x86_64-linux-gnu/libcrypto.so (found version "1.1.1f")  
[0.618s] -- Found FastRTPS: /opt/ros/foxy/include  
[0.675s] -- Using all available rosidl_typesupport_cpp: rosidl_typesupport_fastrtps_cpp;rosidl_typesupport_introspection_cpp
[0.712s] -- Found rclcpp: 2.4.1 (/opt/ros/foxy/share/rclcpp/cmake)
[0.745s] -- Found rmw_implementation_cmake: 1.0.3 (/opt/ros/foxy/share/rmw_implementation_cmake/cmake)
[0.746s] -- Using RMW implementation 'rmw_fastrtps_cpp' as default
[0.747s] -- Looking for pthread.h
[0.800s] -- Looking for pthread.h - found
[0.800s] -- Performing Test CMAKE_HAVE_LIBC_PTHREAD
[0.855s] -- Performing Test CMAKE_HAVE_LIBC_PTHREAD - Failed
[0.856s] -- Looking for pthread_create in pthreads
[0.900s] -- Looking for pthread_create in pthreads - not found
[0.900s] -- Looking for pthread_create in pthread
[0.957s] -- Looking for pthread_create in pthread - found
[0.958s] -- Found Threads: TRUE  
[1.082s] -- Found sensor_msgs: 2.0.5 (/opt/ros/foxy/share/sensor_msgs/cmake)
[1.180s] -- Found ament_lint_auto: 0.9.6 (/opt/ros/foxy/share/ament_lint_auto/cmake)
[1.236s] -- Added test 'copyright' to check source files copyright and LICENSE
[1.240s] -- Added test 'cppcheck' to perform static code analysis on C / C++ code
[1.241s] -- Configured cppcheck include dirs: /home/robofei/ROS2/action/src/control/include;/home/robofei/ROS2/action/src/control/src/minIni
[1.241s] -- Configured cppcheck exclude dirs and/or files: 
[1.245s] -- Added test 'cpplint' to check C / C++ code against the Google style
[1.245s] -- Configured cpplint exclude dirs and/or files: 
[1.246s] -- Added test 'flake8' to check Python code syntax and style conventions
[1.248s] -- Added test 'lint_cmake' to check CMake code style
[1.249s] -- Added test 'pep257' to check Python code against some of the style conventions in PEP 257
[1.253s] -- Added test 'uncrustify' to check C / C++ code style
[1.253s] -- Configured uncrustify additional arguments: 
[1.254s] -- Added test 'xmllint' to check XML markup files
[1.257s] -- Configuring done
[1.272s] -- Generating done
[1.273s] -- Build files have been written to: /home/robofei/ROS2/action/build/control
[1.279s] Invoked command in '/home/robofei/ROS2/action/build/control' returned '0': CMAKE_PREFIX_PATH=/home/robofei/ROS2/action/install/dynamixel_sdk_custom_interfaces:/home/robofei/ROS2/action/install/control:/opt/ros/foxy /usr/bin/cmake /home/robofei/ROS2/action/src/control -DAMENT_CMAKE_SYMLINK_INSTALL=1 -DCMAKE_INSTALL_PREFIX=/home/robofei/ROS2/action/install/control
[1.281s] Invoking command in '/home/robofei/ROS2/action/build/control': CMAKE_PREFIX_PATH=/home/robofei/ROS2/action/install/dynamixel_sdk_custom_interfaces:/home/robofei/ROS2/action/install/control:/opt/ros/foxy /usr/bin/cmake --build /home/robofei/ROS2/action/build/control -- -j12 -l12
[1.310s] [35m[1mScanning dependencies of target decision[0m
[1.310s] [35m[1mScanning dependencies of target control[0m
[1.311s] [35m[1mScanning dependencies of target motion[0m
[1.340s] [  5%] [32mBuilding CXX object CMakeFiles/decision.dir/src/dec.cpp.o[0m
[1.343s] [ 10%] [32mBuilding CXX object CMakeFiles/control.dir/src/control.cpp.o[0m
[1.352s] [ 36%] [32mBuilding CXX object CMakeFiles/motion.dir/src/motion/MotionManager.cpp.o[0m
[1.352s] [ 36%] [32mBuilding CXX object CMakeFiles/motion.dir/src/math/Plane.cpp.o[0m
[1.352s] [ 36%] [32mBuilding CXX object CMakeFiles/motion.dir/src/motion/modules/Walking.cpp.o[0m
[1.352s] [ 36%] [32mBuilding CXX object CMakeFiles/motion.dir/src/math/Matrix.cpp.o[0m
[1.352s] [ 36%] [32mBuilding CXX object CMakeFiles/motion.dir/src/motion/AngleEstimator.cpp.o[0m
[1.352s] [ 42%] [32mBuilding CXX object CMakeFiles/motion.dir/src/math/Point.cpp.o[0m
[1.353s] [ 47%] [32mBuilding CXX object CMakeFiles/motion.dir/src/math/Vector.cpp.o[0m
[1.353s] [ 52%] [32mBuilding CXX object CMakeFiles/motion.dir/src/math/MotionState.cpp.o[0m
[1.353s] [ 57%] [32mBuilding CXX object CMakeFiles/motion.dir/src/math/QuadraticStateTransform.cpp.o[0m
[1.353s] [ 63%] [32mBuilding CXX object CMakeFiles/motion.dir/src/motion/JointData.cpp.o[0m
[1.381s] [ 68%] [32mBuilding CXX object CMakeFiles/motion.dir/src/motion/Kinematics.cpp.o[0m
[1.392s] [ 73%] [32mBuilding CXX object CMakeFiles/motion.dir/src/motion/MotionStatus.cpp.o[0m
[1.433s] [ 78%] [32mBuilding CXX object CMakeFiles/motion.dir/src/motion/modules/Action.cpp.o[0m
[1.449s] [ 84%] [32mBuilding CXX object CMakeFiles/motion.dir/src/minIni/minIni.cpp.o[0m
[1.463s] [01m[K/home/robofei/ROS2/action/src/control/src/motion/modules/Action.cpp:[m[K In member function ‘[01m[Kbool Robot::Action::SavePage(int, Robot::Action::PAGE*)[m[K’:
[1.463s] [01m[K/home/robofei/ROS2/action/src/control/src/motion/modules/Action.cpp:261:5:[m[K [01;35m[Kwarning: [m[Kthis ‘[01m[Kif[m[K’ clause does not guard... [[01;35m[K-Wmisleading-indentation[m[K]
[1.463s]   261 |     [01;35m[Kif[m[K( fwrite( pPage, 1, sizeof(PAGE), m_ActionFile ) != sizeof(PAGE) )
[1.463s]       |     [01;35m[K^~[m[K
[1.463s] [01m[K/home/robofei/ROS2/action/src/control/src/motion/modules/Action.cpp:264:2:[m[K [01;36m[Knote: [m[K...this statement, but the latter is misleadingly indented as if it were guarded by the ‘[01m[Kif[m[K’
[1.463s]   264 |  [01;36m[Kreturn[m[K true;
[1.463s]       |  [01;36m[K^~~~~~[m[K
[1.524s] [01m[K/home/robofei/ROS2/action/src/control/src/motion/AngleEstimator.cpp:[m[K In member function ‘[01m[Kvoid AngleEstimator::predict(double, double, double)[m[K’:
[1.524s] [01m[K/home/robofei/ROS2/action/src/control/src/motion/AngleEstimator.cpp:19:76:[m[K [01;35m[Kwarning: [m[Kunused parameter ‘[01m[Kgyro_dyaw[m[K’ [[01;35m[K-Wunused-parameter[m[K]
[1.524s]    19 | void AngleEstimator::predict(double gyro_dpitch, double gyro_droll, [01;35m[Kdouble gyro_dyaw[m[K)
[1.524s]       |                                                                     [01;35m[K~~~~~~~^~~~~~~~~[m[K
[2.467s] In file included from [01m[K/home/robofei/ROS2/action/src/control/src/motion/MotionManager.cpp:23[m[K:
[2.467s] [01m[K/home/robofei/ROS2/action/src/control/include/MotionManager.h:[m[K In constructor ‘[01m[KRobot::MotionManager::MotionManager()[m[K’:
[2.467s] [01m[K/home/robofei/ROS2/action/src/control/include/MotionManager.h:72:8:[m[K [01;35m[Kwarning: [m[K‘[01m[KRobot::MotionManager::DEBUG_PRINT[m[K’ will be initialized after [[01;35m[K-Wreorder[m[K]
[2.468s]    72 |   bool [01;35m[KDEBUG_PRINT[m[K;
[2.468s]       |        [01;35m[K^~~~~~~~~~~[m[K
[2.468s] [01m[K/home/robofei/ROS2/action/src/control/src/motion/MotionManager.cpp:54:24:[m[K [01;35m[Kwarning: [m[K  base ‘[01m[Krclcpp::Node[m[K’ [[01;35m[K-Wreorder[m[K]
[2.468s]    54 |   Node("gait_publisher"[01;35m[K)[m[K
[2.468s]       |                        [01;35m[K^[m[K
[2.468s] [01m[K/home/robofei/ROS2/action/src/control/src/motion/MotionManager.cpp:45:1:[m[K [01;35m[Kwarning: [m[K  when initialized here [[01;35m[K-Wreorder[m[K]
[2.468s]    45 | [01;35m[KMotionManager[m[K::MotionManager() :
[2.468s]       | [01;35m[K^~~~~~~~~~~~~[m[K
[2.478s] [01m[K/home/robofei/ROS2/action/src/control/src/motion/MotionManager.cpp:[m[K In member function ‘[01m[Kvoid Robot::MotionManager::topic_callback(std::shared_ptr<sensor_msgs::msg::Imu_<std::allocator<void> > >) const[m[K’:
[2.478s] [01m[K/home/robofei/ROS2/action/src/control/src/motion/MotionManager.cpp:71:15:[m[K [01;35m[Kwarning: [m[Kunused variable ‘[01m[KIMU_GYRO_X[m[K’ [[01;35m[K-Wunused-variable[m[K]
[2.478s]    71 |         float [01;35m[KIMU_GYRO_X[m[K = -imu_msg_->angular_velocity.x/10;
[2.479s]       |               [01;35m[K^~~~~~~~~~[m[K
[2.479s] [01m[K/home/robofei/ROS2/action/src/control/src/motion/MotionManager.cpp:72:15:[m[K [01;35m[Kwarning: [m[Kunused variable ‘[01m[KIMU_GYRO_Y[m[K’ [[01;35m[K-Wunused-variable[m[K]
[2.479s]    72 |         float [01;35m[KIMU_GYRO_Y[m[K  = -imu_msg_->angular_velocity.y/10;
[2.479s]       |               [01;35m[K^~~~~~~~~~[m[K
[2.479s] [01m[K/home/robofei/ROS2/action/src/control/src/motion/MotionManager.cpp:[m[K In member function ‘[01m[Kbool Robot::MotionManager::Initialize(bool)[m[K’:
[2.479s] [01m[K/home/robofei/ROS2/action/src/control/src/motion/MotionManager.cpp:78:6:[m[K [01;35m[Kwarning: [m[Kunused variable ‘[01m[Kvalue[m[K’ [[01;35m[K-Wunused-variable[m[K]
[2.479s]    78 |  int [01;35m[Kvalue[m[K, error;
[2.479s]       |      [01;35m[K^~~~~[m[K
[2.479s] [01m[K/home/robofei/ROS2/action/src/control/src/motion/MotionManager.cpp:78:13:[m[K [01;35m[Kwarning: [m[Kunused variable ‘[01m[Kerror[m[K’ [[01;35m[K-Wunused-variable[m[K]
[2.479s]    78 |  int value, [01;35m[Kerror[m[K;
[2.480s]       |             [01;35m[K^~~~~[m[K
[2.480s] [01m[K/home/robofei/ROS2/action/src/control/src/motion/MotionManager.cpp:[m[K In member function ‘[01m[Kbool Robot::MotionManager::Reinitialize()[m[K’:
[2.480s] [01m[K/home/robofei/ROS2/action/src/control/src/motion/MotionManager.cpp:137:6:[m[K [01;35m[Kwarning: [m[Kunused variable ‘[01m[Kvalue[m[K’ [[01;35m[K-Wunused-variable[m[K]
[2.480s]   137 |  int [01;35m[Kvalue[m[K, error;
[2.480s]       |      [01;35m[K^~~~~[m[K
[2.480s] [01m[K/home/robofei/ROS2/action/src/control/src/motion/MotionManager.cpp:137:13:[m[K [01;35m[Kwarning: [m[Kunused variable ‘[01m[Kerror[m[K’ [[01;35m[K-Wunused-variable[m[K]
[2.480s]   137 |  int value, [01;35m[Kerror[m[K;
[2.480s]       |             [01;35m[K^~~~~[m[K
[2.487s] [01m[K/home/robofei/ROS2/action/src/control/src/motion/MotionManager.cpp:[m[K In member function ‘[01m[Kvoid Robot::MotionManager::Process()[m[K’:
[2.487s] [01m[K/home/robofei/ROS2/action/src/control/src/motion/MotionManager.cpp:275:6:[m[K [01;35m[Kwarning: [m[Kvariable ‘[01m[Kparam[m[K’ set but not used [[01;35m[K-Wunused-but-set-variable[m[K]
[2.487s]   275 |  int [01;35m[Kparam[m[K[JointData::NUMBER_OF_JOINTS * MX28::PARAM_BYTES];
[2.487s]       |      [01;35m[K^~~~~[m[K
[2.488s] [01m[K/home/robofei/ROS2/action/src/control/src/motion/MotionManager.cpp:276:6:[m[K [01;35m[Kwarning: [m[Kunused variable ‘[01m[Kjoint_num[m[K’ [[01;35m[K-Wunused-variable[m[K]
[2.488s]   276 |  int [01;35m[Kjoint_num[m[K = 0;
[2.488s]       |      [01;35m[K^~~~~~~~~[m[K
[2.488s] [01m[K/home/robofei/ROS2/action/src/control/src/motion/MotionManager.cpp:[m[K In member function ‘[01m[Kvoid Robot::MotionManager::SetEnable(bool)[m[K’:
[2.488s] [01m[K/home/robofei/ROS2/action/src/control/src/motion/MotionManager.cpp:303:36:[m[K [01;35m[Kwarning: [m[Kunused parameter ‘[01m[Kenable[m[K’ [[01;35m[K-Wunused-parameter[m[K]
[2.488s]   303 | void MotionManager::SetEnable([01;35m[Kbool enable[m[K)
[2.488s]       |                               [01;35m[K~~~~~^~~~~~[m[K
[3.711s] [ 89%] [32m[1mLinking CXX executable decision[0m
[3.841s] [ 89%] Built target decision
[5.455s] [ 94%] [32m[1mLinking CXX executable motion[0m
[5.671s] [ 94%] Built target motion
[6.558s] [100%] [32m[1mLinking CXX executable control[0m
[6.800s] [100%] Built target control
[6.809s] Invoked command in '/home/robofei/ROS2/action/build/control' returned '0': CMAKE_PREFIX_PATH=/home/robofei/ROS2/action/install/dynamixel_sdk_custom_interfaces:/home/robofei/ROS2/action/install/control:/opt/ros/foxy /usr/bin/cmake --build /home/robofei/ROS2/action/build/control -- -j12 -l12
[6.846s] Invoking command in '/home/robofei/ROS2/action/build/control': CMAKE_PREFIX_PATH=/home/robofei/ROS2/action/install/dynamixel_sdk_custom_interfaces:/home/robofei/ROS2/action/install/control:/opt/ros/foxy /usr/bin/cmake --install /home/robofei/ROS2/action/build/control
[6.852s] -- Install configuration: ""
[6.853s] -- Execute custom install script
[6.853s] -- Symlinking: /home/robofei/ROS2/action/install/control/lib/control/control
[6.860s] -- Symlinking: /home/robofei/ROS2/action/install/control/lib/control/decision
[6.867s] -- Symlinking: /home/robofei/ROS2/action/install/control/share/control//launch/action.launch.py
[6.874s] -- Symlinking: /home/robofei/ROS2/action/install/control/share/ament_index/resource_index/package_run_dependencies/control
[6.880s] -- Symlinking: /home/robofei/ROS2/action/install/control/share/ament_index/resource_index/parent_prefix_path/control
[6.887s] -- Symlinking: /home/robofei/ROS2/action/install/control/share/control/environment/ament_prefix_path.sh
[6.894s] -- Symlinking: /home/robofei/ROS2/action/install/control/share/control/environment/ament_prefix_path.dsv
[6.900s] -- Symlinking: /home/robofei/ROS2/action/install/control/share/control/environment/path.sh
[6.906s] -- Symlinking: /home/robofei/ROS2/action/install/control/share/control/environment/path.dsv
[6.913s] -- Symlinking: /home/robofei/ROS2/action/install/control/share/control/local_setup.bash
[6.919s] -- Symlinking: /home/robofei/ROS2/action/install/control/share/control/local_setup.sh
[6.925s] -- Symlinking: /home/robofei/ROS2/action/install/control/share/control/local_setup.zsh
[6.931s] -- Symlinking: /home/robofei/ROS2/action/install/control/share/control/local_setup.dsv
[6.938s] -- Symlinking: /home/robofei/ROS2/action/install/control/share/control/package.dsv
[6.944s] -- Symlinking: /home/robofei/ROS2/action/install/control/share/ament_index/resource_index/packages/control
[6.950s] -- Symlinking: /home/robofei/ROS2/action/install/control/share/control/cmake/controlConfig.cmake
[6.956s] -- Symlinking: /home/robofei/ROS2/action/install/control/share/control/cmake/controlConfig-version.cmake
[6.962s] -- Symlinking: /home/robofei/ROS2/action/install/control/share/control/package.xml
[6.971s] Invoked command in '/home/robofei/ROS2/action/build/control' returned '0': CMAKE_PREFIX_PATH=/home/robofei/ROS2/action/install/dynamixel_sdk_custom_interfaces:/home/robofei/ROS2/action/install/control:/opt/ros/foxy /usr/bin/cmake --install /home/robofei/ROS2/action/build/control
