[0.013s] Invoking command in '/home/robofei/ROS2/action/build/control': CMAKE_PREFIX_PATH=/home/robofei/ROS2/action/install/dynamixel_sdk_custom_interfaces:/home/robofei/ROS2/action/install/control:/opt/ros/foxy /usr/bin/cmake --build /home/robofei/ROS2/action/build/control -- -j4 -l4
[0.061s] [35m[1mScanning dependencies of target control[0m
[0.096s] [ 50%] [32mBuilding CXX object CMakeFiles/control.dir/src/control.cpp.o[0m
[7.445s] [100%] [32m[1mLinking CXX executable control[0m
[7.842s] [100%] Built target control
[7.861s] Invoked command in '/home/robofei/ROS2/action/build/control' returned '0': CMAKE_PREFIX_PATH=/home/robofei/ROS2/action/install/dynamixel_sdk_custom_interfaces:/home/robofei/ROS2/action/install/control:/opt/ros/foxy /usr/bin/cmake --build /home/robofei/ROS2/action/build/control -- -j4 -l4
[7.904s] Invoking command in '/home/robofei/ROS2/action/build/control': CMAKE_PREFIX_PATH=/home/robofei/ROS2/action/install/dynamixel_sdk_custom_interfaces:/home/robofei/ROS2/action/install/control:/opt/ros/foxy /usr/bin/cmake --install /home/robofei/ROS2/action/build/control
[7.919s] -- Install configuration: ""
[7.920s] -- Execute custom install script
[7.920s] -- Up-to-date symlink: /home/robofei/ROS2/action/install/control/lib/control/control
[7.921s] -- Up-to-date symlink: /home/robofei/ROS2/action/install/control/share/ament_index/resource_index/package_run_dependencies/control
[7.921s] -- Up-to-date symlink: /home/robofei/ROS2/action/install/control/share/ament_index/resource_index/parent_prefix_path/control
[7.922s] -- Up-to-date symlink: /home/robofei/ROS2/action/install/control/share/control/environment/ament_prefix_path.sh
[7.922s] -- Up-to-date symlink: /home/robofei/ROS2/action/install/control/share/control/environment/ament_prefix_path.dsv
[7.923s] -- Up-to-date symlink: /home/robofei/ROS2/action/install/control/share/control/environment/path.sh
[7.923s] -- Up-to-date symlink: /home/robofei/ROS2/action/install/control/share/control/environment/path.dsv
[7.924s] -- Up-to-date symlink: /home/robofei/ROS2/action/install/control/share/control/local_setup.bash
[7.924s] -- Up-to-date symlink: /home/robofei/ROS2/action/install/control/share/control/local_setup.sh
[7.924s] -- Up-to-date symlink: /home/robofei/ROS2/action/install/control/share/control/local_setup.zsh
[7.925s] -- Up-to-date symlink: /home/robofei/ROS2/action/install/control/share/control/local_setup.dsv
[7.925s] -- Symlinking: /home/robofei/ROS2/action/install/control/share/control/package.dsv
[7.935s] -- Up-to-date symlink: /home/robofei/ROS2/action/install/control/share/ament_index/resource_index/packages/control
[7.936s] -- Up-to-date symlink: /home/robofei/ROS2/action/install/control/share/control/cmake/controlConfig.cmake
[7.936s] -- Up-to-date symlink: /home/robofei/ROS2/action/install/control/share/control/cmake/controlConfig-version.cmake
[7.936s] -- Up-to-date symlink: /home/robofei/ROS2/action/install/control/share/control/package.xml
[7.940s] Invoked command in '/home/robofei/ROS2/action/build/control' returned '0': CMAKE_PREFIX_PATH=/home/robofei/ROS2/action/install/dynamixel_sdk_custom_interfaces:/home/robofei/ROS2/action/install/control:/opt/ros/foxy /usr/bin/cmake --install /home/robofei/ROS2/action/build/control
