[0.095s] Invoking command in '/home/robofei/ROS2/decision_pkg/build/messages': CMAKE_PREFIX_PATH=/opt/ros/foxy /usr/bin/cmake --build /home/robofei/ROS2/decision_pkg/build/messages -- -j4 -l4
[0.327s] [  3%] Built target messages__cpp
[0.353s] [ 12%] Built target messages__rosidl_generator_c
[0.375s] [ 22%] Built target messages__rosidl_typesupport_cpp
[0.385s] [ 32%] Built target messages__rosidl_typesupport_fastrtps_cpp
[0.386s] [ 41%] Built target messages__rosidl_typesupport_introspection_cpp
[0.396s] [ 51%] Built target messages__rosidl_typesupport_introspection_c
[0.431s] [ 61%] Built target messages__rosidl_typesupport_c
[0.446s] [ 70%] Built target messages__rosidl_typesupport_fastrtps_c
[0.494s] [ 70%] Built target messages
[0.542s] [ 74%] Built target messages__py
[0.700s] [ 80%] Built target messages__python
[0.756s] [ 87%] Built target messages__rosidl_typesupport_introspection_c__pyext
[0.758s] [ 93%] Built target messages__rosidl_typesupport_c__pyext
[0.760s] [100%] Built target messages__rosidl_typesupport_fastrtps_c__pyext
[0.773s] Invoked command in '/home/robofei/ROS2/decision_pkg/build/messages' returned '0': CMAKE_PREFIX_PATH=/opt/ros/foxy /usr/bin/cmake --build /home/robofei/ROS2/decision_pkg/build/messages -- -j4 -l4
[0.825s] Invoking command in '/home/robofei/ROS2/decision_pkg/build/messages': CMAKE_PREFIX_PATH=/opt/ros/foxy /usr/bin/cmake --install /home/robofei/ROS2/decision_pkg/build/messages
[0.837s] -- Install configuration: ""
[0.842s] -- Execute custom install script
[0.846s] -- Up-to-date symlink: /home/robofei/ROS2/decision_pkg/install/messages/share/ament_index/resource_index/rosidl_interfaces/messages
[0.847s] -- Up-to-date symlink: /home/robofei/ROS2/decision_pkg/install/messages/include/messages/msg/detail/humanoid_league_msgs__functions.h
[0.848s] -- Up-to-date symlink: /home/robofei/ROS2/decision_pkg/install/messages/include/messages/msg/detail/humanoid_league_msgs__struct.h
[0.848s] -- Up-to-date symlink: /home/robofei/ROS2/decision_pkg/install/messages/include/messages/msg/detail/humanoid_league_msgs__type_support.h
[0.848s] -- Up-to-date symlink: /home/robofei/ROS2/decision_pkg/install/messages/include/messages/msg/humanoid_league_msgs.h
[0.849s] -- Up-to-date symlink: /home/robofei/ROS2/decision_pkg/install/messages/include/messages/msg/rosidl_generator_c__visibility_control.h
[0.849s] -- Up-to-date symlink: /home/robofei/ROS2/decision_pkg/install/messages/share/messages/environment/library_path.sh
[0.850s] -- Up-to-date symlink: /home/robofei/ROS2/decision_pkg/install/messages/share/messages/environment/library_path.dsv
[0.851s] -- Up-to-date symlink: /home/robofei/ROS2/decision_pkg/install/messages/include/messages/msg/detail/humanoid_league_msgs__rosidl_typesupport_fastrtps_c.h
[0.851s] -- Up-to-date symlink: /home/robofei/ROS2/decision_pkg/install/messages/include/messages/msg/rosidl_typesupport_fastrtps_c__visibility_control.h
[0.852s] -- Up-to-date symlink: /home/robofei/ROS2/decision_pkg/install/messages/lib/libmessages__rosidl_typesupport_fastrtps_c.so
[0.853s] -- Up-to-date symlink: /home/robofei/ROS2/decision_pkg/install/messages/include/messages/msg/detail/humanoid_league_msgs__rosidl_typesupport_fastrtps_cpp.hpp
[0.854s] -- Up-to-date symlink: /home/robofei/ROS2/decision_pkg/install/messages/include/messages/msg/rosidl_typesupport_fastrtps_cpp__visibility_control.h
[0.854s] -- Up-to-date symlink: /home/robofei/ROS2/decision_pkg/install/messages/lib/libmessages__rosidl_typesupport_fastrtps_cpp.so
[0.855s] -- Up-to-date symlink: /home/robofei/ROS2/decision_pkg/install/messages/include/messages/msg/detail/humanoid_league_msgs__rosidl_typesupport_introspection_c.h
[0.856s] -- Up-to-date symlink: /home/robofei/ROS2/decision_pkg/install/messages/include/messages/msg/rosidl_typesupport_introspection_c__visibility_control.h
[0.857s] -- Up-to-date symlink: /home/robofei/ROS2/decision_pkg/install/messages/include/messages/msg/detail/humanoid_league_msgs__builder.hpp
[0.857s] -- Up-to-date symlink: /home/robofei/ROS2/decision_pkg/install/messages/include/messages/msg/detail/humanoid_league_msgs__struct.hpp
[0.857s] -- Up-to-date symlink: /home/robofei/ROS2/decision_pkg/install/messages/include/messages/msg/detail/humanoid_league_msgs__traits.hpp
[0.858s] -- Up-to-date symlink: /home/robofei/ROS2/decision_pkg/install/messages/include/messages/msg/humanoid_league_msgs.hpp
[0.859s] -- Up-to-date symlink: /home/robofei/ROS2/decision_pkg/install/messages/include/messages/msg/detail/humanoid_league_msgs__rosidl_typesupport_introspection_cpp.hpp
[0.860s] -- Up-to-date symlink: /home/robofei/ROS2/decision_pkg/install/messages/share/messages/environment/pythonpath.sh
[0.860s] -- Up-to-date symlink: /home/robofei/ROS2/decision_pkg/install/messages/share/messages/environment/pythonpath.dsv
[0.861s] -- Up-to-date symlink: /home/robofei/ROS2/decision_pkg/install/messages/lib/python3.8/site-packages/messages/__init__.py
[0.861s] -- Up-to-date symlink: /home/robofei/ROS2/decision_pkg/install/messages/lib/python3.8/site-packages/messages/msg/__init__.py
[0.862s] -- Up-to-date symlink: /home/robofei/ROS2/decision_pkg/install/messages/lib/python3.8/site-packages/messages/msg/_humanoid_league_msgs.py
[0.862s] -- Up-to-date symlink: /home/robofei/ROS2/decision_pkg/install/messages/lib/python3.8/site-packages/messages/messages_s__rosidl_typesupport_fastrtps_c.cpython-38-x86_64-linux-gnu.so
[0.863s] -- Up-to-date symlink: /home/robofei/ROS2/decision_pkg/install/messages/lib/python3.8/site-packages/messages/messages_s__rosidl_typesupport_introspection_c.cpython-38-x86_64-linux-gnu.so
[0.864s] -- Up-to-date symlink: /home/robofei/ROS2/decision_pkg/install/messages/lib/python3.8/site-packages/messages/messages_s__rosidl_typesupport_c.cpython-38-x86_64-linux-gnu.so
[0.865s] -- Up-to-date symlink: /home/robofei/ROS2/decision_pkg/install/messages/lib/libmessages__python.so
[0.865s] -- Up-to-date symlink: /home/robofei/ROS2/decision_pkg/install/messages/share/messages/msg/HumanoidLeagueMsgs.idl
[0.866s] -- Up-to-date symlink: /home/robofei/ROS2/decision_pkg/install/messages/share/messages/msg/HumanoidLeagueMsgs.msg
[0.866s] -- Up-to-date symlink: /home/robofei/ROS2/decision_pkg/install/messages/share/ament_index/resource_index/package_run_dependencies/messages
[0.867s] -- Up-to-date symlink: /home/robofei/ROS2/decision_pkg/install/messages/share/ament_index/resource_index/parent_prefix_path/messages
[0.867s] -- Up-to-date symlink: /home/robofei/ROS2/decision_pkg/install/messages/share/messages/environment/ament_prefix_path.sh
[0.868s] -- Up-to-date symlink: /home/robofei/ROS2/decision_pkg/install/messages/share/messages/environment/ament_prefix_path.dsv
[0.868s] -- Up-to-date symlink: /home/robofei/ROS2/decision_pkg/install/messages/share/messages/environment/path.sh
[0.869s] -- Up-to-date symlink: /home/robofei/ROS2/decision_pkg/install/messages/share/messages/environment/path.dsv
[0.869s] -- Up-to-date symlink: /home/robofei/ROS2/decision_pkg/install/messages/share/messages/local_setup.bash
[0.870s] -- Up-to-date symlink: /home/robofei/ROS2/decision_pkg/install/messages/share/messages/local_setup.sh
[0.870s] -- Up-to-date symlink: /home/robofei/ROS2/decision_pkg/install/messages/share/messages/local_setup.zsh
[0.871s] -- Up-to-date symlink: /home/robofei/ROS2/decision_pkg/install/messages/share/messages/local_setup.dsv
[0.871s] -- Symlinking: /home/robofei/ROS2/decision_pkg/install/messages/share/messages/package.dsv
[0.883s] -- Up-to-date symlink: /home/robofei/ROS2/decision_pkg/install/messages/share/ament_index/resource_index/packages/messages
[0.883s] -- Up-to-date symlink: /home/robofei/ROS2/decision_pkg/install/messages/share/messages/cmake/rosidl_cmake-extras.cmake
[0.884s] -- Up-to-date symlink: /home/robofei/ROS2/decision_pkg/install/messages/share/messages/cmake/ament_cmake_export_dependencies-extras.cmake
[0.884s] -- Up-to-date symlink: /home/robofei/ROS2/decision_pkg/install/messages/share/messages/cmake/ament_cmake_export_libraries-extras.cmake
[0.885s] -- Up-to-date symlink: /home/robofei/ROS2/decision_pkg/install/messages/share/messages/cmake/ament_cmake_export_targets-extras.cmake
[0.885s] -- Up-to-date symlink: /home/robofei/ROS2/decision_pkg/install/messages/share/messages/cmake/ament_cmake_export_include_directories-extras.cmake
[0.886s] -- Up-to-date symlink: /home/robofei/ROS2/decision_pkg/install/messages/share/messages/cmake/rosidl_cmake_export_typesupport_libraries-extras.cmake
[0.886s] -- Up-to-date symlink: /home/robofei/ROS2/decision_pkg/install/messages/share/messages/cmake/rosidl_cmake_export_typesupport_targets-extras.cmake
[0.886s] -- Up-to-date symlink: /home/robofei/ROS2/decision_pkg/install/messages/share/messages/cmake/messagesConfig.cmake
[0.887s] -- Up-to-date symlink: /home/robofei/ROS2/decision_pkg/install/messages/share/messages/cmake/messagesConfig-version.cmake
[0.887s] -- Up-to-date symlink: /home/robofei/ROS2/decision_pkg/install/messages/share/messages/package.xml
[0.888s] -- Up-to-date: /home/robofei/ROS2/decision_pkg/install/messages/lib/libmessages__rosidl_generator_c.so
[0.889s] -- Up-to-date: /home/robofei/ROS2/decision_pkg/install/messages/lib/libmessages__rosidl_typesupport_introspection_c.so
[0.898s] -- Up-to-date: /home/robofei/ROS2/decision_pkg/install/messages/lib/libmessages__rosidl_typesupport_c.so
[0.898s] -- Up-to-date: /home/robofei/ROS2/decision_pkg/install/messages/lib/libmessages__rosidl_typesupport_introspection_cpp.so
[0.899s] -- Up-to-date: /home/robofei/ROS2/decision_pkg/install/messages/lib/libmessages__rosidl_typesupport_cpp.so
[0.962s] -- Up-to-date: /home/robofei/ROS2/decision_pkg/install/messages/share/messages/cmake/messages__rosidl_generator_cExport.cmake
[0.962s] -- Up-to-date: /home/robofei/ROS2/decision_pkg/install/messages/share/messages/cmake/messages__rosidl_generator_cExport-noconfig.cmake
[0.963s] -- Up-to-date: /home/robofei/ROS2/decision_pkg/install/messages/share/messages/cmake/messages__rosidl_typesupport_introspection_cExport.cmake
[0.963s] -- Up-to-date: /home/robofei/ROS2/decision_pkg/install/messages/share/messages/cmake/messages__rosidl_typesupport_introspection_cExport-noconfig.cmake
[0.963s] -- Up-to-date: /home/robofei/ROS2/decision_pkg/install/messages/share/messages/cmake/messages__rosidl_typesupport_cExport.cmake
[0.963s] -- Up-to-date: /home/robofei/ROS2/decision_pkg/install/messages/share/messages/cmake/messages__rosidl_typesupport_cExport-noconfig.cmake
[0.963s] -- Up-to-date: /home/robofei/ROS2/decision_pkg/install/messages/share/messages/cmake/messages__rosidl_generator_cppExport.cmake
[0.967s] -- Up-to-date: /home/robofei/ROS2/decision_pkg/install/messages/share/messages/cmake/messages__rosidl_typesupport_introspection_cppExport.cmake
[0.968s] -- Up-to-date: /home/robofei/ROS2/decision_pkg/install/messages/share/messages/cmake/messages__rosidl_typesupport_introspection_cppExport-noconfig.cmake
[0.969s] -- Up-to-date: /home/robofei/ROS2/decision_pkg/install/messages/share/messages/cmake/messages__rosidl_typesupport_cppExport.cmake
[0.969s] -- Up-to-date: /home/robofei/ROS2/decision_pkg/install/messages/share/messages/cmake/messages__rosidl_typesupport_cppExport-noconfig.cmake
[0.977s] Invoked command in '/home/robofei/ROS2/decision_pkg/build/messages' returned '0': CMAKE_PREFIX_PATH=/opt/ros/foxy /usr/bin/cmake --install /home/robofei/ROS2/decision_pkg/build/messages
