[0.022s] Invoking command in '/home/robofei/ROS2/robotis_ws/build/dynamixel_sdk_examples': AMENT_PREFIX_PATH=/home/robofei/ROS2/robotis_ws/install/dynamixel_sdk_custom_interfaces:/home/robofei/ROS2/robotis_ws/install/dynamixel_sdk:${AMENT_PREFIX_PATH} CMAKE_PREFIX_PATH=/home/robofei/ROS2/robotis_ws/install/dynamixel_sdk_custom_interfaces:/home/robofei/ROS2/robotis_ws/install/dynamixel_sdk:/opt/ros/foxy LD_LIBRARY_PATH=/home/robofei/ROS2/robotis_ws/install/dynamixel_sdk_custom_interfaces/lib:/home/robofei/ROS2/robotis_ws/install/dynamixel_sdk/lib:${LD_LIBRARY_PATH} PYTHONPATH=/home/robofei/ROS2/robotis_ws/install/dynamixel_sdk_custom_interfaces/lib/python3.8/site-packages:${PYTHONPATH} /usr/bin/cmake --build /home/robofei/ROS2/robotis_ws/build/dynamixel_sdk_examples -- -j4 -l4
[0.139s] [ 50%] Built target read_write_node
[0.141s] [100%] Built target minimal_pub
[0.153s] Invoked command in '/home/robofei/ROS2/robotis_ws/build/dynamixel_sdk_examples' returned '0': AMENT_PREFIX_PATH=/home/robofei/ROS2/robotis_ws/install/dynamixel_sdk_custom_interfaces:/home/robofei/ROS2/robotis_ws/install/dynamixel_sdk:${AMENT_PREFIX_PATH} CMAKE_PREFIX_PATH=/home/robofei/ROS2/robotis_ws/install/dynamixel_sdk_custom_interfaces:/home/robofei/ROS2/robotis_ws/install/dynamixel_sdk:/opt/ros/foxy LD_LIBRARY_PATH=/home/robofei/ROS2/robotis_ws/install/dynamixel_sdk_custom_interfaces/lib:/home/robofei/ROS2/robotis_ws/install/dynamixel_sdk/lib:${LD_LIBRARY_PATH} PYTHONPATH=/home/robofei/ROS2/robotis_ws/install/dynamixel_sdk_custom_interfaces/lib/python3.8/site-packages:${PYTHONPATH} /usr/bin/cmake --build /home/robofei/ROS2/robotis_ws/build/dynamixel_sdk_examples -- -j4 -l4
[0.182s] Invoking command in '/home/robofei/ROS2/robotis_ws/build/dynamixel_sdk_examples': AMENT_PREFIX_PATH=/home/robofei/ROS2/robotis_ws/install/dynamixel_sdk_custom_interfaces:/home/robofei/ROS2/robotis_ws/install/dynamixel_sdk:${AMENT_PREFIX_PATH} CMAKE_PREFIX_PATH=/home/robofei/ROS2/robotis_ws/install/dynamixel_sdk_custom_interfaces:/home/robofei/ROS2/robotis_ws/install/dynamixel_sdk:/opt/ros/foxy LD_LIBRARY_PATH=/home/robofei/ROS2/robotis_ws/install/dynamixel_sdk_custom_interfaces/lib:/home/robofei/ROS2/robotis_ws/install/dynamixel_sdk/lib:${LD_LIBRARY_PATH} PYTHONPATH=/home/robofei/ROS2/robotis_ws/install/dynamixel_sdk_custom_interfaces/lib/python3.8/site-packages:${PYTHONPATH} /usr/bin/cmake --install /home/robofei/ROS2/robotis_ws/build/dynamixel_sdk_examples
[0.193s] -- Install configuration: ""
[0.193s] -- Execute custom install script
[0.194s] -- Up-to-date symlink: /home/robofei/ROS2/robotis_ws/install/dynamixel_sdk_examples/share/dynamixel_sdk_examples//launch/__pycache__/dynamixel_sdk_examples.launch.cpython-38.pyc
[0.200s] -- Up-to-date symlink: /home/robofei/ROS2/robotis_ws/install/dynamixel_sdk_examples/share/dynamixel_sdk_examples//launch/dynamixel_sdk_examples.launch.py
[0.207s] -- Up-to-date symlink: /home/robofei/ROS2/robotis_ws/install/dynamixel_sdk_examples/share/ament_index/resource_index/package_run_dependencies/dynamixel_sdk_examples
[0.208s] -- Up-to-date symlink: /home/robofei/ROS2/robotis_ws/install/dynamixel_sdk_examples/share/ament_index/resource_index/parent_prefix_path/dynamixel_sdk_examples
[0.215s] -- Up-to-date symlink: /home/robofei/ROS2/robotis_ws/install/dynamixel_sdk_examples/share/dynamixel_sdk_examples/environment/ament_prefix_path.sh
[0.216s] -- Up-to-date symlink: /home/robofei/ROS2/robotis_ws/install/dynamixel_sdk_examples/share/dynamixel_sdk_examples/environment/ament_prefix_path.dsv
[0.218s] -- Up-to-date symlink: /home/robofei/ROS2/robotis_ws/install/dynamixel_sdk_examples/share/dynamixel_sdk_examples/environment/path.sh
[0.219s] -- Up-to-date symlink: /home/robofei/ROS2/robotis_ws/install/dynamixel_sdk_examples/share/dynamixel_sdk_examples/environment/path.dsv
[0.220s] -- Up-to-date symlink: /home/robofei/ROS2/robotis_ws/install/dynamixel_sdk_examples/share/dynamixel_sdk_examples/local_setup.bash
[0.231s] -- Up-to-date symlink: /home/robofei/ROS2/robotis_ws/install/dynamixel_sdk_examples/share/dynamixel_sdk_examples/local_setup.sh
[0.234s] -- Up-to-date symlink: /home/robofei/ROS2/robotis_ws/install/dynamixel_sdk_examples/share/dynamixel_sdk_examples/local_setup.zsh
[0.236s] -- Up-to-date symlink: /home/robofei/ROS2/robotis_ws/install/dynamixel_sdk_examples/share/dynamixel_sdk_examples/local_setup.dsv
[0.238s] -- Symlinking: /home/robofei/ROS2/robotis_ws/install/dynamixel_sdk_examples/share/dynamixel_sdk_examples/package.dsv
[0.261s] -- Up-to-date symlink: /home/robofei/ROS2/robotis_ws/install/dynamixel_sdk_examples/share/ament_index/resource_index/packages/dynamixel_sdk_examples
[0.261s] -- Up-to-date symlink: /home/robofei/ROS2/robotis_ws/install/dynamixel_sdk_examples/share/dynamixel_sdk_examples/cmake/dynamixel_sdk_examplesConfig.cmake
[0.262s] -- Up-to-date symlink: /home/robofei/ROS2/robotis_ws/install/dynamixel_sdk_examples/share/dynamixel_sdk_examples/cmake/dynamixel_sdk_examplesConfig-version.cmake
[0.262s] -- Up-to-date symlink: /home/robofei/ROS2/robotis_ws/install/dynamixel_sdk_examples/share/dynamixel_sdk_examples/package.xml
[0.266s] Invoked command in '/home/robofei/ROS2/robotis_ws/build/dynamixel_sdk_examples' returned '0': AMENT_PREFIX_PATH=/home/robofei/ROS2/robotis_ws/install/dynamixel_sdk_custom_interfaces:/home/robofei/ROS2/robotis_ws/install/dynamixel_sdk:${AMENT_PREFIX_PATH} CMAKE_PREFIX_PATH=/home/robofei/ROS2/robotis_ws/install/dynamixel_sdk_custom_interfaces:/home/robofei/ROS2/robotis_ws/install/dynamixel_sdk:/opt/ros/foxy LD_LIBRARY_PATH=/home/robofei/ROS2/robotis_ws/install/dynamixel_sdk_custom_interfaces/lib:/home/robofei/ROS2/robotis_ws/install/dynamixel_sdk/lib:${LD_LIBRARY_PATH} PYTHONPATH=/home/robofei/ROS2/robotis_ws/install/dynamixel_sdk_custom_interfaces/lib/python3.8/site-packages:${PYTHONPATH} /usr/bin/cmake --install /home/robofei/ROS2/robotis_ws/build/dynamixel_sdk_examples
