[0.016s] Invoking command in '/home/robofei/ROS2/action/build/dynamixel_sdk_examples': AMENT_PREFIX_PATH=/home/robofei/ROS2/action/install/dynamixel_sdk_custom_interfaces:/home/robofei/ROS2/action/install/dynamixel_sdk:${AMENT_PREFIX_PATH} CMAKE_PREFIX_PATH=/home/robofei/ROS2/action/install/dynamixel_sdk_custom_interfaces:/home/robofei/ROS2/action/install/dynamixel_sdk:/opt/ros/foxy LD_LIBRARY_PATH=/home/robofei/ROS2/action/install/dynamixel_sdk_custom_interfaces/lib:/home/robofei/ROS2/action/install/dynamixel_sdk/lib:${LD_LIBRARY_PATH} PYTHONPATH=/home/robofei/ROS2/action/install/dynamixel_sdk_custom_interfaces/lib/python3.8/site-packages:${PYTHONPATH} /usr/bin/cmake /home/robofei/ROS2/action/src/dynamixel_sdk_examples -DAMENT_CMAKE_SYMLINK_INSTALL=1 -DCMAKE_INSTALL_PREFIX=/home/robofei/ROS2/action/install/dynamixel_sdk_examples
[0.797s] -- The C compiler identification is GNU 9.3.0
[1.138s] -- The CXX compiler identification is GNU 9.3.0
[1.169s] -- Check for working C compiler: /usr/bin/cc
[1.280s] -- Check for working C compiler: /usr/bin/cc -- works
[1.281s] -- Detecting C compiler ABI info
[1.355s] -- Detecting C compiler ABI info - done
[1.368s] -- Detecting C compile features
[1.380s] -- Detecting C compile features - done
[1.383s] -- Check for working CXX compiler: /usr/bin/c++
[1.468s] -- Check for working CXX compiler: /usr/bin/c++ -- works
[1.470s] -- Detecting CXX compiler ABI info
[1.555s] -- Detecting CXX compiler ABI info - done
[1.568s] -- Detecting CXX compile features
[1.569s] -- Detecting CXX compile features - done
[1.582s] -- Found ament_cmake: 0.9.9 (/opt/ros/foxy/share/ament_cmake/cmake)
[1.609s] -- Found PythonInterp: /usr/bin/python3 (found suitable version "3.8.10", minimum required is "3") 
[1.609s] -- Using PYTHON_EXECUTABLE: /usr/bin/python3
[1.798s] -- Override CMake install command with custom implementation using symlinks instead of copying resources
[1.841s] -- Found dynamixel_sdk: 3.7.40 (/home/robofei/ROS2/action/install/dynamixel_sdk/share/dynamixel_sdk/cmake)
[1.843s] -- Found dynamixel_sdk_custom_interfaces: 3.7.40 (/home/robofei/ROS2/action/install/dynamixel_sdk_custom_interfaces/share/dynamixel_sdk_custom_interfaces/cmake)
[1.876s] -- Using all available rosidl_typesupport_c: rosidl_typesupport_fastrtps_c;rosidl_typesupport_introspection_c
[1.897s] -- Found rosidl_adapter: 1.2.1 (/opt/ros/foxy/share/rosidl_adapter/cmake)
[2.190s] -- Found OpenSSL: /usr/lib/x86_64-linux-gnu/libcrypto.so (found version "1.1.1f")  
[2.223s] -- Found FastRTPS: /opt/ros/foxy/include  
[2.332s] -- Using all available rosidl_typesupport_cpp: rosidl_typesupport_fastrtps_cpp;rosidl_typesupport_introspection_cpp
[2.390s] -- Found rclcpp: 2.4.1 (/opt/ros/foxy/share/rclcpp/cmake)
[2.440s] -- Found rmw_implementation_cmake: 1.0.3 (/opt/ros/foxy/share/rmw_implementation_cmake/cmake)
[2.442s] -- Using RMW implementation 'rmw_fastrtps_cpp' as default
[2.462s] -- Looking for pthread.h
[2.552s] -- Looking for pthread.h - found
[2.552s] -- Performing Test CMAKE_HAVE_LIBC_PTHREAD
[2.653s] -- Performing Test CMAKE_HAVE_LIBC_PTHREAD - Failed
[2.653s] -- Looking for pthread_create in pthreads
[2.739s] -- Looking for pthread_create in pthreads - not found
[2.739s] -- Looking for pthread_create in pthread
[2.815s] -- Looking for pthread_create in pthread - found
[2.816s] -- Found Threads: TRUE  
[3.008s] -- Found ament_lint_auto: 0.9.6 (/opt/ros/foxy/share/ament_lint_auto/cmake)
[3.305s] -- Added test 'copyright' to check source files copyright and LICENSE
[3.317s] -- Added test 'cppcheck' to perform static code analysis on C / C++ code
[3.318s] -- Configured cppcheck include dirs: /home/robofei/ROS2/action/src/dynamixel_sdk_examples/include;/home/robofei/ROS2/action/src/dynamixel_sdk_examples/Framework;/home/robofei/ROS2/action/src/dynamixel_sdk_examples/Linux
[3.318s] -- Configured cppcheck exclude dirs and/or files: 
[3.338s] -- Added test 'cpplint' to check C / C++ code against the Google style
[3.338s] -- Configured cpplint exclude dirs and/or files: 
[3.339s] -- Added test 'flake8' to check Python code syntax and style conventions
[3.341s] -- Added test 'lint_cmake' to check CMake code style
[3.343s] -- Added test 'pep257' to check Python code against some of the style conventions in PEP 257
[3.349s] -- Added test 'uncrustify' to check C / C++ code style
[3.349s] -- Configured uncrustify additional arguments: 
[3.350s] -- Added test 'xmllint' to check XML markup files
[3.355s] -- Configuring done
[3.391s] -- Generating done
[3.393s] -- Build files have been written to: /home/robofei/ROS2/action/build/dynamixel_sdk_examples
[3.402s] Invoked command in '/home/robofei/ROS2/action/build/dynamixel_sdk_examples' returned '0': AMENT_PREFIX_PATH=/home/robofei/ROS2/action/install/dynamixel_sdk_custom_interfaces:/home/robofei/ROS2/action/install/dynamixel_sdk:${AMENT_PREFIX_PATH} CMAKE_PREFIX_PATH=/home/robofei/ROS2/action/install/dynamixel_sdk_custom_interfaces:/home/robofei/ROS2/action/install/dynamixel_sdk:/opt/ros/foxy LD_LIBRARY_PATH=/home/robofei/ROS2/action/install/dynamixel_sdk_custom_interfaces/lib:/home/robofei/ROS2/action/install/dynamixel_sdk/lib:${LD_LIBRARY_PATH} PYTHONPATH=/home/robofei/ROS2/action/install/dynamixel_sdk_custom_interfaces/lib/python3.8/site-packages:${PYTHONPATH} /usr/bin/cmake /home/robofei/ROS2/action/src/dynamixel_sdk_examples -DAMENT_CMAKE_SYMLINK_INSTALL=1 -DCMAKE_INSTALL_PREFIX=/home/robofei/ROS2/action/install/dynamixel_sdk_examples
[3.405s] Invoking command in '/home/robofei/ROS2/action/build/dynamixel_sdk_examples': AMENT_PREFIX_PATH=/home/robofei/ROS2/action/install/dynamixel_sdk_custom_interfaces:/home/robofei/ROS2/action/install/dynamixel_sdk:${AMENT_PREFIX_PATH} CMAKE_PREFIX_PATH=/home/robofei/ROS2/action/install/dynamixel_sdk_custom_interfaces:/home/robofei/ROS2/action/install/dynamixel_sdk:/opt/ros/foxy LD_LIBRARY_PATH=/home/robofei/ROS2/action/install/dynamixel_sdk_custom_interfaces/lib:/home/robofei/ROS2/action/install/dynamixel_sdk/lib:${LD_LIBRARY_PATH} PYTHONPATH=/home/robofei/ROS2/action/install/dynamixel_sdk_custom_interfaces/lib/python3.8/site-packages:${PYTHONPATH} /usr/bin/cmake --build /home/robofei/ROS2/action/build/dynamixel_sdk_examples -- -j4 -l4
[3.450s] [35m[1mScanning dependencies of target cmd_node[0m
[3.507s] [ 50%] [32mBuilding CXX object CMakeFiles/cmd_node.dir/src/cmd_process.cpp.o[0m
[3.838s] In file included from [01m[K/home/robofei/ROS2/action/src/dynamixel_sdk_examples/include/CM730.h:11[m[K,
[3.838s]                  from [01m[K/home/robofei/ROS2/action/src/dynamixel_sdk_examples/include/DARwIn.h:11[m[K,
[3.838s]                  from [01m[K/home/robofei/ROS2/action/src/dynamixel_sdk_examples/include/LinuxDARwIn.h:11[m[K,
[3.838s]                  from [01m[K/home/robofei/ROS2/action/src/dynamixel_sdk_examples/include/cmd_process.h:5[m[K,
[3.838s]                  from [01m[K/home/robofei/ROS2/action/src/dynamixel_sdk_examples/src/cmd_process.cpp:14[m[K:
[3.838s] [01m[K/home/robofei/ROS2/action/src/dynamixel_sdk_examples/include/MX28.h:22:29:[m[K [01;31m[Kerror: [m[K‘[01m[Kconstexpr[m[K’ needed for in-class initialization of static data member ‘[01m[Kconst double Robot::MX28::MIN_ANGLE[m[K’ of non-integral type [[01;31m[K-fpermissive[m[K]
[3.838s]    22 |         static const double [01;31m[KMIN_ANGLE[m[K = -150.0; // degree
[3.839s]       |                             [01;31m[K^~~~~~~~~[m[K
[3.839s] [01m[K/home/robofei/ROS2/action/src/dynamixel_sdk_examples/include/MX28.h:23:29:[m[K [01;31m[Kerror: [m[K‘[01m[Kconstexpr[m[K’ needed for in-class initialization of static data member ‘[01m[Kconst double Robot::MX28::MAX_ANGLE[m[K’ of non-integral type [[01;31m[K-fpermissive[m[K]
[3.839s]    23 |         static const double [01;31m[KMAX_ANGLE[m[K = 150.0; // degree
[3.839s]       |                             [01;31m[K^~~~~~~~~[m[K
[3.839s] [01m[K/home/robofei/ROS2/action/src/dynamixel_sdk_examples/include/MX28.h:24:29:[m[K [01;31m[Kerror: [m[K‘[01m[Kconstexpr[m[K’ needed for in-class initialization of static data member ‘[01m[Kconst double Robot::MX28::RATIO_VALUE2ANGLE[m[K’ of non-integral type [[01;31m[K-fpermissive[m[K]
[3.839s]    24 |         static const double [01;31m[KRATIO_VALUE2ANGLE[m[K = 0.293; // 300 / 1024
[3.839s]       |                             [01;31m[K^~~~~~~~~~~~~~~~~[m[K
[3.839s] [01m[K/home/robofei/ROS2/action/src/dynamixel_sdk_examples/include/MX28.h:25:29:[m[K [01;31m[Kerror: [m[K‘[01m[Kconstexpr[m[K’ needed for in-class initialization of static data member ‘[01m[Kconst double Robot::MX28::RATIO_ANGLE2VALUE[m[K’ of non-integral type [[01;31m[K-fpermissive[m[K]
[3.839s]    25 |         static const double [01;31m[KRATIO_ANGLE2VALUE[m[K = 3.413; // 1024 / 300
[3.839s]       |                             [01;31m[K^~~~~~~~~~~~~~~~~[m[K
[4.139s] In file included from [01m[K/home/robofei/ROS2/action/src/dynamixel_sdk_examples/src/cmd_process.cpp:11[m[K:
[4.139s] [01m[K/opt/ros/foxy/include/rcutils/types/char_array.h:41:10:[m[K [01;31m[Kerror: [m[Kexpected ‘[01m[K)[m[K’ before ‘[01m[K*[m[K’ token
[4.139s]    41 |   size_t [01;31m[Kbuffer_capacity[m[K;
[4.139s]       |          [01;31m[K^~~~~~~~~~~~~~~[m[K
[4.140s] [01m[K/opt/ros/foxy/include/rcutils/types/char_array.h:41:10:[m[K [01;31m[Kerror: [m[Kexpected ‘[01m[K)[m[K’ before ‘[01m[K*[m[K’ token
[4.140s] [01m[K/opt/ros/foxy/include/rcutils/types/char_array.h:74:10:[m[K [01;31m[Kerror: [m[Kexpected ‘[01m[K)[m[K’ before ‘[01m[K([m[K’ token
[4.140s]    74 |   size_t [01;31m[Kbuffer_capacity[m[K,
[4.140s]       |          [01;31m[K^~~~~~~~~~~~~~~[m[K
[4.140s] [01m[K/opt/ros/foxy/include/rcutils/types/char_array.h:74:10:[m[K [01;31m[Kerror: [m[Kexpected ‘[01m[K)[m[K’ before ‘[01m[K([m[K’ token
[4.140s] In file included from [01m[K/opt/ros/foxy/include/rcutils/types.h:24[m[K,
[4.140s]                  from [01m[K/opt/ros/foxy/include/rcutils/time.h:26[m[K,
[4.140s]                  from [01m[K/opt/ros/foxy/include/rcutils/logging.h:25[m[K,
[4.140s]                  from [01m[K/opt/ros/foxy/include/rmw/types.h:28[m[K,
[4.140s]                  from [01m[K/opt/ros/foxy/include/rcl/types.h:18[m[K,
[4.140s]                  from [01m[K/opt/ros/foxy/include/rcl/arguments.h:20[m[K,
[4.140s]                  from [01m[K/opt/ros/foxy/include/rcl/context.h:26[m[K,
[4.141s]                  from [01m[K/opt/ros/foxy/include/rcl/guard_condition.h:24[m[K,
[4.141s]                  from [01m[K/opt/ros/foxy/include/rclcpp/executor.hpp:29[m[K,
[4.141s]                  from [01m[K/opt/ros/foxy/include/rclcpp/executors/multi_threaded_executor.hpp:26[m[K,
[4.141s]                  from [01m[K/opt/ros/foxy/include/rclcpp/executors.hpp:21[m[K,
[4.141s]                  from [01m[K/opt/ros/foxy/include/rclcpp/rclcpp.hpp:146[m[K,
[4.141s]                  from [01m[K/home/robofei/ROS2/action/src/dynamixel_sdk_examples/src/cmd_process.cpp:20[m[K:
[4.141s] [01m[K/opt/ros/foxy/include/rcutils/types/char_array.h:72:24:[m[K [01;36m[Knote: [m[Kto match this ‘[01m[K([m[K’
[4.141s]    72 | rcutils_char_array_init[01;36m[K([m[K
[4.141s]       |                        [01;36m[K^[m[K
[4.141s] In file included from [01m[K/home/robofei/ROS2/action/src/dynamixel_sdk_examples/src/cmd_process.cpp:11[m[K:
[4.141s] [01m[K/opt/ros/foxy/include/rcutils/types/char_array.h:74:10:[m[K [01;31m[Kerror: [m[Kinitializer provided for function
[4.141s]    74 |   size_t [01;31m[Kbuffer_capacity[m[K,
[4.141s]       |          [01;31m[K^~~~~~~~~~~~~~~[m[K
[4.141s] [01m[K/opt/ros/foxy/include/rcutils/types/char_array.h:74:10:[m[K [01;31m[Kerror: [m[Kexpected ‘[01m[K,[m[K’ or ‘[01m[K;[m[K’ before ‘[01m[K->[m[K’ token
[4.141s]    74 |   size_t [01;31m[Kbuffer_capacity[m[K,
[4.142s]       |          [01;31m[K^~~~~~~~~~~~~~~[m[K
[4.142s] [01m[K/opt/ros/foxy/include/rcutils/types/uint8_array.h:33:10:[m[K [01;31m[Kerror: [m[Kexpected ‘[01m[K)[m[K’ before ‘[01m[K*[m[K’ token
[4.142s]    33 |   size_t [01;31m[Kbuffer_capacity[m[K;
[4.142s]       |          [01;31m[K^~~~~~~~~~~~~~~[m[K
[4.142s] [01m[K/opt/ros/foxy/include/rcutils/types/uint8_array.h:33:10:[m[K [01;31m[Kerror: [m[Kexpected ‘[01m[K)[m[K’ before ‘[01m[K*[m[K’ token
[4.142s] [01m[K/opt/ros/foxy/include/rcutils/types/uint8_array.h:65:10:[m[K [01;31m[Kerror: [m[Kexpected ‘[01m[K)[m[K’ before ‘[01m[K([m[K’ token
[4.142s]    65 |   size_t [01;31m[Kbuffer_capacity[m[K,
[4.142s]       |          [01;31m[K^~~~~~~~~~~~~~~[m[K
[4.142s] [01m[K/opt/ros/foxy/include/rcutils/types/uint8_array.h:65:10:[m[K [01;31m[Kerror: [m[Kexpected ‘[01m[K)[m[K’ before ‘[01m[K([m[K’ token
[4.142s] In file included from [01m[K/opt/ros/foxy/include/rcutils/types.h:29[m[K,
[4.142s]                  from [01m[K/opt/ros/foxy/include/rcutils/time.h:26[m[K,
[4.142s]                  from [01m[K/opt/ros/foxy/include/rcutils/logging.h:25[m[K,
[4.142s]                  from [01m[K/opt/ros/foxy/include/rmw/types.h:28[m[K,
[4.142s]                  from [01m[K/opt/ros/foxy/include/rcl/types.h:18[m[K,
[4.142s]                  from [01m[K/opt/ros/foxy/include/rcl/arguments.h:20[m[K,
[4.142s]                  from [01m[K/opt/ros/foxy/include/rcl/context.h:26[m[K,
[4.143s]                  from [01m[K/opt/ros/foxy/include/rcl/guard_condition.h:24[m[K,
[4.143s]                  from [01m[K/opt/ros/foxy/include/rclcpp/executor.hpp:29[m[K,
[4.143s]                  from [01m[K/opt/ros/foxy/include/rclcpp/executors/multi_threaded_executor.hpp:26[m[K,
[4.143s]                  from [01m[K/opt/ros/foxy/include/rclcpp/executors.hpp:21[m[K,
[4.143s]                  from [01m[K/opt/ros/foxy/include/rclcpp/rclcpp.hpp:146[m[K,
[4.143s]                  from [01m[K/home/robofei/ROS2/action/src/dynamixel_sdk_examples/src/cmd_process.cpp:20[m[K:
[4.143s] [01m[K/opt/ros/foxy/include/rcutils/types/uint8_array.h:63:25:[m[K [01;36m[Knote: [m[Kto match this ‘[01m[K([m[K’
[4.143s]    63 | rcutils_uint8_array_init[01;36m[K([m[K
[4.143s]       |                         [01;36m[K^[m[K
[4.143s] In file included from [01m[K/home/robofei/ROS2/action/src/dynamixel_sdk_examples/src/cmd_process.cpp:11[m[K:
[4.143s] [01m[K/opt/ros/foxy/include/rcutils/types/uint8_array.h:65:10:[m[K [01;31m[Kerror: [m[Kinitializer provided for function
[4.143s]    65 |   size_t [01;31m[Kbuffer_capacity[m[K,
[4.143s]       |          [01;31m[K^~~~~~~~~~~~~~~[m[K
[4.143s] [01m[K/opt/ros/foxy/include/rcutils/types/uint8_array.h:65:10:[m[K [01;31m[Kerror: [m[Kexpected ‘[01m[K,[m[K’ or ‘[01m[K;[m[K’ before ‘[01m[K->[m[K’ token
[4.143s]    65 |   size_t [01;31m[Kbuffer_capacity[m[K,
[4.144s]       |          [01;31m[K^~~~~~~~~~~~~~~[m[K
[4.876s] [01m[K/home/robofei/ROS2/action/src/dynamixel_sdk_examples/src/cmd_process.cpp:29:26:[m[K [01;35m[Kwarning: [m[Knon-ISO-standard escape sequence, '\e'
[4.876s]    29 | const std::string azul = [01;35m[K"\e[0;36m"[m[K;
[4.876s]       |                          [01;35m[K^~~~~~~~~~[m[K
[4.876s] [01m[K/home/robofei/ROS2/action/src/dynamixel_sdk_examples/src/cmd_process.cpp:30:27:[m[K [01;35m[Kwarning: [m[Knon-ISO-standard escape sequence, '\e'
[4.876s]    30 | const std::string azulE = [01;35m[K"\e[0;34m"[m[K;
[4.876s]       |                           [01;35m[K^~~~~~~~~~[m[K
[4.876s] [01m[K/home/robofei/ROS2/action/src/dynamixel_sdk_examples/src/cmd_process.cpp:31:27:[m[K [01;35m[Kwarning: [m[Knon-ISO-standard escape sequence, '\e'
[4.876s]    31 | const std::string amare = [01;35m[K"\e[0;33m"[m[K;
[4.876s]       |                           [01;35m[K^~~~~~~~~~[m[K
[4.876s] [01m[K/home/robofei/ROS2/action/src/dynamixel_sdk_examples/src/cmd_process.cpp:32:27:[m[K [01;35m[Kwarning: [m[Knon-ISO-standard escape sequence, '\e'
[4.877s]    32 | const std::string verde = [01;35m[K"\e[0;32m"[m[K;
[4.877s]       |                           [01;35m[K^~~~~~~~~~[m[K
[4.877s] [01m[K/home/robofei/ROS2/action/src/dynamixel_sdk_examples/src/cmd_process.cpp:33:25:[m[K [01;35m[Kwarning: [m[Knon-ISO-standard escape sequence, '\e'
[4.877s]    33 | const std::string red = [01;35m[K"\e[0;31m"[m[K;
[4.877s]       |                         [01;35m[K^~~~~~~~~~[m[K
[4.877s] [01m[K/home/robofei/ROS2/action/src/dynamixel_sdk_examples/src/cmd_process.cpp:34:26:[m[K [01;35m[Kwarning: [m[Knon-ISO-standard escape sequence, '\e'
[4.877s]    34 | const std::string gray = [01;35m[K"\e[0;37m"[m[K;
[4.877s]       |                          [01;35m[K^~~~~~~~~~[m[K
[4.877s] [01m[K/home/robofei/ROS2/action/src/dynamixel_sdk_examples/src/cmd_process.cpp:35:26:[m[K [01;35m[Kwarning: [m[Knon-ISO-standard escape sequence, '\e'
[4.877s]    35 | const std::string nulo = [01;35m[K"\e[0m"[m[K;
[4.877s]       |                          [01;35m[K^~~~~~~[m[K
[4.877s] [01m[K/home/robofei/ROS2/action/src/dynamixel_sdk_examples/src/cmd_process.cpp:37:27:[m[K [01;35m[Kwarning: [m[Knon-ISO-standard escape sequence, '\e'
[4.877s]    37 | const std::string Lazul = [01;35m[K"\e[96m"[m[K;
[4.877s]       |                           [01;35m[K^~~~~~~~[m[K
[4.877s] [01m[K/home/robofei/ROS2/action/src/dynamixel_sdk_examples/src/cmd_process.cpp:38:28:[m[K [01;35m[Kwarning: [m[Knon-ISO-standard escape sequence, '\e'
[4.877s]    38 | const std::string LazulE = [01;35m[K"\e[94m"[m[K;
[4.878s]       |                            [01;35m[K^~~~~~~~[m[K
[4.878s] [01m[K/home/robofei/ROS2/action/src/dynamixel_sdk_examples/src/cmd_process.cpp:39:28:[m[K [01;35m[Kwarning: [m[Knon-ISO-standard escape sequence, '\e'
[4.878s]    39 | const std::string Lamare = [01;35m[K"\e[93m"[m[K;
[4.878s]       |                            [01;35m[K^~~~~~~~[m[K
[4.878s] [01m[K/home/robofei/ROS2/action/src/dynamixel_sdk_examples/src/cmd_process.cpp:40:28:[m[K [01;35m[Kwarning: [m[Knon-ISO-standard escape sequence, '\e'
[4.878s]    40 | const std::string Lverde = [01;35m[K"\e[92m"[m[K;
[4.878s]       |                            [01;35m[K^~~~~~~~[m[K
[4.878s] [01m[K/home/robofei/ROS2/action/src/dynamixel_sdk_examples/src/cmd_process.cpp:41:26:[m[K [01;35m[Kwarning: [m[Knon-ISO-standard escape sequence, '\e'
[4.878s]    41 | const std::string Lred = [01;35m[K"\e[91m"[m[K;
[4.878s]       |                          [01;35m[K^~~~~~~~[m[K
[4.878s] [01m[K/home/robofei/ROS2/action/src/dynamixel_sdk_examples/src/cmd_process.cpp:42:27:[m[K [01;35m[Kwarning: [m[Knon-ISO-standard escape sequence, '\e'
[4.878s]    42 | const std::string Lgray = [01;35m[K"\e[97m"[m[K;
[4.878s]       |                           [01;35m[K^~~~~~~~[m[K
[4.882s] [01m[K/home/robofei/ROS2/action/src/dynamixel_sdk_examples/src/cmd_process.cpp:69:3:[m[K [01;31m[Kerror: [m[Knon-static data member declared with placeholder ‘[01m[Kauto[m[K’
[4.882s]    69 |   [01;31m[Kauto[m[K message = dynamixel_sdk_custom_interfaces::msg::SetPosition();
[4.882s]       |   [01;31m[K^~~~[m[K
[4.887s] [01m[K/home/robofei/ROS2/action/src/dynamixel_sdk_examples/src/cmd_process.cpp:[m[K In member function ‘[01m[Kvoid Action_Editor_Pub::DrawIntro()[m[K’:
[4.887s] [01m[K/home/robofei/ROS2/action/src/dynamixel_sdk_examples/src/cmd_process.cpp:319:9:[m[K [01;35m[Kwarning: [m[Knon-ISO-standard escape sequence, '\e'
[4.887s]   319 |  system([01;35m[K"printf '\e[8;27;80t'"[m[K);
[4.887s]       |         [01;35m[K^~~~~~~~~~~~~~~~~~~~~~[m[K
[4.890s] [01m[K/home/robofei/ROS2/action/src/dynamixel_sdk_examples/src/cmd_process.cpp:[m[K In member function ‘[01m[Kvoid Action_Editor_Pub::DrawStep(int)[m[K’:
[4.890s] [01m[K/home/robofei/ROS2/action/src/dynamixel_sdk_examples/src/cmd_process.cpp:478:25:[m[K [01;35m[Kwarning: [m[Ksuggest parentheses around ‘[01m[K+[m[K’ in operand of ‘[01m[K&[m[K’ [[01;35m[K-Wparentheses[m[K]
[4.891s]   478 |   if([01;35m[Kstep->position[id] + MotionManager::GetInstance()->m_Offset[id][m[K & Action::INVALID_BIT_MASK)
[4.891s]       |      [01;35m[K~~~~~~~~~~~~~~~~~~~^~~~~~~~~~~~~~~~~~~~~~~~~~~~~~~~~~~~~~~~~~~~[m[K
[4.891s] [01m[K/home/robofei/ROS2/action/src/dynamixel_sdk_examples/src/cmd_process.cpp:480:30:[m[K [01;35m[Kwarning: [m[Ksuggest parentheses around ‘[01m[K+[m[K’ in operand of ‘[01m[K&[m[K’ [[01;35m[K-Wparentheses[m[K]
[4.891s]   480 |   else if([01;35m[Kstep->position[id] + MotionManager::GetInstance()->m_Offset[id][m[K & Action::TORQUE_OFF_BIT_MASK)
[4.891s]       |           [01;35m[K~~~~~~~~~~~~~~~~~~~^~~~~~~~~~~~~~~~~~~~~~~~~~~~~~~~~~~~~~~~~~~~[m[K
[4.892s] [01m[K/home/robofei/ROS2/action/src/dynamixel_sdk_examples/src/cmd_process.cpp:[m[K In member function ‘[01m[Kvoid Action_Editor_Pub::SetValue(int)[m[K’:
[4.892s] [01m[K/home/robofei/ROS2/action/src/dynamixel_sdk_examples/src/cmd_process.cpp:720:21:[m[K [01;35m[Kwarning: [m[Kunused variable ‘[01m[Kerror[m[K’ [[01;35m[K-Wunused-variable[m[K]
[4.893s]   720 |                 int [01;35m[Kerror[m[K;
[4.893s]       |                     [01;35m[K^~~~~[m[K
[4.893s] [01m[K/home/robofei/ROS2/action/src/dynamixel_sdk_examples/src/cmd_process.cpp:785:41:[m[K [01;35m[Kwarning: [m[Ksuggest parentheses around ‘[01m[K+[m[K’ in operand of ‘[01m[K&[m[K’ [[01;35m[K-Wparentheses[m[K]
[4.893s]   785 |     if(!([01;35m[KPage.step[i].position[row + 1] + MotionManager::GetInstance()->m_Offset[row + 1][m[K & Action::INVALID_BIT_MASK))
[4.893s]       |          [01;35m[K~~~~~~~~~~~~~~~~~~~~~~~~~~~~~~~^~~~~~~~~~~~~~~~~~~~~~~~~~~~~~~~~~~~~~~~~~~~~~~~~[m[K
[4.894s] [01m[K/home/robofei/ROS2/action/src/dynamixel_sdk_examples/src/cmd_process.cpp:[m[K In member function ‘[01m[Kvoid Action_Editor_Pub::ToggleTorque()[m[K’:
[4.894s] [01m[K/home/robofei/ROS2/action/src/dynamixel_sdk_examples/src/cmd_process.cpp:888:6:[m[K [01;35m[Kwarning: [m[Kunused variable ‘[01m[Kid[m[K’ [[01;35m[K-Wunused-variable[m[K]
[4.894s]   888 |  int [01;35m[Kid[m[K = Row + 1;
[4.894s]       |      [01;35m[K^~[m[K
[4.896s] [01m[K/home/robofei/ROS2/action/src/dynamixel_sdk_examples/src/cmd_process.cpp:[m[K In member function ‘[01m[Kvoid Action_Editor_Pub::PlayCmd()[m[K’:
[4.896s] [01m[K/home/robofei/ROS2/action/src/dynamixel_sdk_examples/src/cmd_process.cpp:994:6:[m[K [01;35m[Kwarning: [m[Kunused variable ‘[01m[Kvalue[m[K’ [[01;35m[K-Wunused-variable[m[K]
[4.896s]   994 |  int [01;35m[Kvalue[m[K;
[4.896s]       |      [01;35m[K^~~~~[m[K
[4.896s] [01m[K/home/robofei/ROS2/action/src/dynamixel_sdk_examples/src/cmd_process.cpp:[m[K In member function ‘[01m[Kvoid Action_Editor_Pub::OnOffCmd(bool, int, int*)[m[K’:
[4.896s] [01m[K/home/robofei/ROS2/action/src/dynamixel_sdk_examples/src/cmd_process.cpp:1118:20:[m[K [01;35m[Kwarning: [m[Kunused parameter ‘[01m[Kon[m[K’ [[01;35m[K-Wunused-parameter[m[K]
[4.897s]  1118 | void OnOffCmd([01;35m[Kbool on[m[K, int num_param, int *list)
[4.897s]       |               [01;35m[K~~~~~^~[m[K
[4.897s] [01m[K/home/robofei/ROS2/action/src/dynamixel_sdk_examples/src/cmd_process.cpp:1118:28:[m[K [01;35m[Kwarning: [m[Kunused parameter ‘[01m[Knum_param[m[K’ [[01;35m[K-Wunused-parameter[m[K]
[4.897s]  1118 | void OnOffCmd(bool on, [01;35m[Kint num_param[m[K, int *list)
[4.897s]       |                        [01;35m[K~~~~^~~~~~~~~[m[K
[4.897s] [01m[K/home/robofei/ROS2/action/src/dynamixel_sdk_examples/src/cmd_process.cpp:1118:44:[m[K [01;35m[Kwarning: [m[Kunused parameter ‘[01m[Klist[m[K’ [[01;35m[K-Wunused-parameter[m[K]
[4.897s]  1118 | void OnOffCmd(bool on, int num_param, [01;35m[Kint *list[m[K)
[4.897s]       |                                       [01;35m[K~~~~~^~~~[m[K
[4.897s] [01m[K/home/robofei/ROS2/action/src/dynamixel_sdk_examples/src/cmd_process.cpp:[m[K In member function ‘[01m[Kvoid Action_Editor_Pub::WriteStepCmd(int)[m[K’:
[4.897s] [01m[K/home/robofei/ROS2/action/src/dynamixel_sdk_examples/src/cmd_process.cpp:1128:24:[m[K [01;35m[Kwarning: [m[Ksuggest parentheses around ‘[01m[K+[m[K’ in operand of ‘[01m[K&[m[K’ [[01;35m[K-Wparentheses[m[K]
[4.897s]  1128 |   if([01;35m[KStep.position[id] + MotionManager::GetInstance()->m_Offset[id][m[K & Action::TORQUE_OFF_BIT_MASK)
[4.897s]       |      [01;35m[K~~~~~~~~~~~~~~~~~~^~~~~~~~~~~~~~~~~~~~~~~~~~~~~~~~~~~~~~~~~~~~[m[K
[4.897s] [01m[K/home/robofei/ROS2/action/src/dynamixel_sdk_examples/src/cmd_process.cpp:[m[K In member function ‘[01m[Kvoid Action_Editor_Pub::InsertStepCmd(int)[m[K’:
[4.898s] [01m[K/home/robofei/ROS2/action/src/dynamixel_sdk_examples/src/cmd_process.cpp:1185:24:[m[K [01;35m[Kwarning: [m[Ksuggest parentheses around ‘[01m[K+[m[K’ in operand of ‘[01m[K&[m[K’ [[01;35m[K-Wparentheses[m[K]
[4.898s]  1185 |   if([01;35m[KStep.position[id] + MotionManager::GetInstance()->m_Offset[id][m[K & Action::TORQUE_OFF_BIT_MASK)
[4.898s]       |      [01;35m[K~~~~~~~~~~~~~~~~~~^~~~~~~~~~~~~~~~~~~~~~~~~~~~~~~~~~~~~~~~~~~~[m[K
[4.899s] [01m[K/home/robofei/ROS2/action/src/dynamixel_sdk_examples/src/cmd_process.cpp:[m[K In member function ‘[01m[Kvoid Action_Editor_Pub::GoCmd(int)[m[K’:
[4.899s] [01m[K/home/robofei/ROS2/action/src/dynamixel_sdk_examples/src/cmd_process.cpp:1311:36:[m[K [01;35m[Kwarning: [m[Ksuggest parentheses around ‘[01m[K+[m[K’ in operand of ‘[01m[K&[m[K’ [[01;35m[K-Wparentheses[m[K]
[4.899s]  1311 |   if([01;35m[KPage.step[index].position[id] + MotionManager::GetInstance()->m_Offset[id][m[K & Action::INVALID_BIT_MASK)
[4.899s]       |      [01;35m[K~~~~~~~~~~~~~~~~~~~~~~~~~~~~~~^~~~~~~~~~~~~~~~~~~~~~~~~~~~~~~~~~~~~~~~~~~~[m[K
[4.899s] [01m[K/home/robofei/ROS2/action/src/dynamixel_sdk_examples/src/cmd_process.cpp:1304:21:[m[K [01;35m[Kwarning: [m[Kunused variable ‘[01m[KwStartPosition[m[K’ [[01;35m[K-Wunused-variable[m[K]
[4.899s]  1304 |  int wGoalPosition, [01;35m[KwStartPosition[m[K;
[4.899s]       |                     [01;35m[K^~~~~~~~~~~~~~[m[K
[4.901s] [01m[K/home/robofei/ROS2/action/src/dynamixel_sdk_examples/src/cmd_process.cpp:[m[K In member function ‘[01m[Kvoid Action_Editor_Pub::NameCmd()[m[K’:
[4.901s] [01m[K/home/robofei/ROS2/action/src/dynamixel_sdk_examples/src/cmd_process.cpp:1371:2:[m[K [01;31m[Kerror: [m[K‘[01m[Kgets[m[K’ was not declared in this scope; did you mean ‘[01m[Kfgets[m[K’?
[4.901s]  1371 |  [01;31m[Kgets[m[K(name);
[4.901s]       |  [01;31m[K^~~~[m[K
[4.901s]       |  [32m[Kfgets[m[K
[5.764s] make[2]: *** [CMakeFiles/cmd_node.dir/build.make:63: CMakeFiles/cmd_node.dir/src/cmd_process.cpp.o] Error 1
[5.764s] make[1]: *** [CMakeFiles/Makefile2:78: CMakeFiles/cmd_node.dir/all] Error 2
[5.764s] make: *** [Makefile:141: all] Error 2
[5.766s] Invoked command in '/home/robofei/ROS2/action/build/dynamixel_sdk_examples' returned '2': AMENT_PREFIX_PATH=/home/robofei/ROS2/action/install/dynamixel_sdk_custom_interfaces:/home/robofei/ROS2/action/install/dynamixel_sdk:${AMENT_PREFIX_PATH} CMAKE_PREFIX_PATH=/home/robofei/ROS2/action/install/dynamixel_sdk_custom_interfaces:/home/robofei/ROS2/action/install/dynamixel_sdk:/opt/ros/foxy LD_LIBRARY_PATH=/home/robofei/ROS2/action/install/dynamixel_sdk_custom_interfaces/lib:/home/robofei/ROS2/action/install/dynamixel_sdk/lib:${LD_LIBRARY_PATH} PYTHONPATH=/home/robofei/ROS2/action/install/dynamixel_sdk_custom_interfaces/lib/python3.8/site-packages:${PYTHONPATH} /usr/bin/cmake --build /home/robofei/ROS2/action/build/dynamixel_sdk_examples -- -j4 -l4
