[0.019s] Invoking command in '/home/robofei/ROS2/um7/build/serial': CMAKE_PREFIX_PATH=${CMAKE_PREFIX_PATH}:/opt/ros/foxy /usr/bin/cmake /home/robofei/ROS2/um7/serial-ros2 -DAMENT_CMAKE_SYMLINK_INSTALL=1 -DCMAKE_INSTALL_PREFIX=/home/robofei/ROS2/um7/install/serial
[0.097s] -- The C compiler identification is GNU 9.4.0
[0.169s] -- The CXX compiler identification is GNU 9.4.0
[0.175s] -- Check for working C compiler: /usr/bin/cc
[0.266s] -- Check for working C compiler: /usr/bin/cc -- works
[0.267s] -- Detecting C compiler ABI info
[0.362s] -- Detecting C compiler ABI info - done
[0.377s] -- Detecting C compile features
[0.378s] -- Detecting C compile features - done
[0.381s] -- Check for working CXX compiler: /usr/bin/c++
[0.485s] -- Check for working CXX compiler: /usr/bin/c++ -- works
[0.487s] -- Detecting CXX compiler ABI info
[0.589s] -- Detecting CXX compiler ABI info - done
[0.604s] -- Detecting CXX compile features
[0.605s] -- Detecting CXX compile features - done
[0.608s] -- Found ament_cmake: 0.9.9 (/opt/ros/foxy/share/ament_cmake/cmake)
[0.643s] -- Found PythonInterp: /usr/bin/python3 (found suitable version "3.8.10", minimum required is "3") 
[0.643s] -- Using PYTHON_EXECUTABLE: /usr/bin/python3
[0.912s] -- Override CMake install command with custom implementation using symlinks instead of copying resources
[1.033s] -- Configuring done
[1.039s] -- Generating done
[1.040s] -- Build files have been written to: /home/robofei/ROS2/um7/build/serial
[1.044s] Invoked command in '/home/robofei/ROS2/um7/build/serial' returned '0': CMAKE_PREFIX_PATH=${CMAKE_PREFIX_PATH}:/opt/ros/foxy /usr/bin/cmake /home/robofei/ROS2/um7/serial-ros2 -DAMENT_CMAKE_SYMLINK_INSTALL=1 -DCMAKE_INSTALL_PREFIX=/home/robofei/ROS2/um7/install/serial
[1.048s] Invoking command in '/home/robofei/ROS2/um7/build/serial': CMAKE_PREFIX_PATH=${CMAKE_PREFIX_PATH}:/opt/ros/foxy /usr/bin/cmake --build /home/robofei/ROS2/um7/build/serial -- -j4 -l4
[1.099s] [35m[1mScanning dependencies of target serial[0m
[1.119s] [ 25%] [32mBuilding CXX object CMakeFiles/serial.dir/src/impl/unix.cc.o[0m
[1.123s] [ 75%] [32mBuilding CXX object CMakeFiles/serial.dir/src/serial.cc.o[0m
[1.123s] [ 75%] [32mBuilding CXX object CMakeFiles/serial.dir/src/impl/list_ports/list_ports_linux.cc.o[0m
[2.025s] [100%] [32m[1mLinking CXX static library libserial.a[0m
[2.073s] [100%] Built target serial
[2.087s] Invoked command in '/home/robofei/ROS2/um7/build/serial' returned '0': CMAKE_PREFIX_PATH=${CMAKE_PREFIX_PATH}:/opt/ros/foxy /usr/bin/cmake --build /home/robofei/ROS2/um7/build/serial -- -j4 -l4
[2.141s] Invoking command in '/home/robofei/ROS2/um7/build/serial': CMAKE_PREFIX_PATH=${CMAKE_PREFIX_PATH}:/opt/ros/foxy /usr/bin/cmake --install /home/robofei/ROS2/um7/build/serial
[2.151s] -- Install configuration: ""
[2.152s] -- Execute custom install script
[2.153s] -- Symlinking: /home/robofei/ROS2/um7/install/serial/share/serial/environment/library_path.sh
[2.164s] -- Symlinking: /home/robofei/ROS2/um7/install/serial/share/serial/environment/library_path.dsv
[2.182s] -- Symlinking: /home/robofei/ROS2/um7/install/serial/lib/libserial.a
[2.194s] -- Symlinking: /home/robofei/ROS2/um7/install/serial/include/serial/serial.h
[2.205s] -- Symlinking: /home/robofei/ROS2/um7/install/serial/include/serial/v8stdint.h
[2.217s] -- Symlinking: /home/robofei/ROS2/um7/install/serial/share/ament_index/resource_index/package_run_dependencies/serial
[2.229s] -- Symlinking: /home/robofei/ROS2/um7/install/serial/share/ament_index/resource_index/parent_prefix_path/serial
[2.242s] -- Symlinking: /home/robofei/ROS2/um7/install/serial/share/serial/environment/ament_prefix_path.sh
[2.253s] -- Symlinking: /home/robofei/ROS2/um7/install/serial/share/serial/environment/ament_prefix_path.dsv
[2.265s] -- Symlinking: /home/robofei/ROS2/um7/install/serial/share/serial/environment/path.sh
[2.277s] -- Symlinking: /home/robofei/ROS2/um7/install/serial/share/serial/environment/path.dsv
[2.288s] -- Symlinking: /home/robofei/ROS2/um7/install/serial/share/serial/local_setup.bash
[2.302s] -- Symlinking: /home/robofei/ROS2/um7/install/serial/share/serial/local_setup.sh
[2.314s] -- Symlinking: /home/robofei/ROS2/um7/install/serial/share/serial/local_setup.zsh
[2.326s] -- Symlinking: /home/robofei/ROS2/um7/install/serial/share/serial/local_setup.dsv
[2.338s] -- Symlinking: /home/robofei/ROS2/um7/install/serial/share/serial/package.dsv
[2.350s] -- Symlinking: /home/robofei/ROS2/um7/install/serial/share/ament_index/resource_index/packages/serial
[2.366s] -- Symlinking: /home/robofei/ROS2/um7/install/serial/share/serial/cmake/ament_cmake_export_include_directories-extras.cmake
[2.377s] -- Symlinking: /home/robofei/ROS2/um7/install/serial/share/serial/cmake/ament_cmake_export_libraries-extras.cmake
[2.389s] -- Symlinking: /home/robofei/ROS2/um7/install/serial/share/serial/cmake/serialConfig.cmake
[2.400s] -- Symlinking: /home/robofei/ROS2/um7/install/serial/share/serial/cmake/serialConfig-version.cmake
[2.412s] -- Symlinking: /home/robofei/ROS2/um7/install/serial/share/serial/package.xml
[2.426s] Invoked command in '/home/robofei/ROS2/um7/build/serial' returned '0': CMAKE_PREFIX_PATH=${CMAKE_PREFIX_PATH}:/opt/ros/foxy /usr/bin/cmake --install /home/robofei/ROS2/um7/build/serial
