[0.065s] Invoking command in '/home/robofei/ROS2/build/dynamixel_sdk': CMAKE_PREFIX_PATH=/opt/ros/foxy /usr/bin/cmake /home/robofei/ROS2/src/robotis_ws/src/dynamixel_sdk -DAMENT_CMAKE_SYMLINK_INSTALL=1 -DCMAKE_INSTALL_PREFIX=/home/robofei/ROS2/install/dynamixel_sdk
[0.660s] -- The C compiler identification is GNU 9.4.0
[0.660s] -- The CXX compiler identification is GNU 9.4.0
[0.660s] -- Check for working C compiler: /usr/bin/cc
[0.660s] -- Check for working C compiler: /usr/bin/cc -- works
[0.661s] -- Detecting C compiler ABI info
[0.661s] -- Detecting C compiler ABI info - done
[0.661s] -- Detecting C compile features
[0.661s] -- Detecting C compile features - done
[0.661s] -- Check for working CXX compiler: /usr/bin/c++
[0.661s] -- Check for working CXX compiler: /usr/bin/c++ -- works
[0.661s] -- Detecting CXX compiler ABI info
[0.757s] -- Detecting CXX compiler ABI info - done
[0.783s] -- Detecting CXX compile features
[0.783s] -- Detecting CXX compile features - done
[0.783s] -- Found ament_cmake: 0.9.9 (/opt/ros/foxy/share/ament_cmake/cmake)
[0.820s] -- Found PythonInterp: /usr/bin/python3 (found suitable version "3.8.10", minimum required is "3") 
[0.821s] -- Using PYTHON_EXECUTABLE: /usr/bin/python3
[1.098s] -- Override CMake install command with custom implementation using symlinks instead of copying resources
[1.225s] -- Configuring done
[1.235s] -- Generating done
[1.237s] -- Build files have been written to: /home/robofei/ROS2/build/dynamixel_sdk
[1.255s] Invoked command in '/home/robofei/ROS2/build/dynamixel_sdk' returned '0': CMAKE_PREFIX_PATH=/opt/ros/foxy /usr/bin/cmake /home/robofei/ROS2/src/robotis_ws/src/dynamixel_sdk -DAMENT_CMAKE_SYMLINK_INSTALL=1 -DCMAKE_INSTALL_PREFIX=/home/robofei/ROS2/install/dynamixel_sdk
[1.256s] Invoking command in '/home/robofei/ROS2/build/dynamixel_sdk': CMAKE_PREFIX_PATH=/opt/ros/foxy /usr/bin/cmake --build /home/robofei/ROS2/build/dynamixel_sdk -- -j8 -l8
[1.327s] [35m[1mScanning dependencies of target dynamixel_sdk[0m
[1.354s] [ 10%] [32mBuilding CXX object CMakeFiles/dynamixel_sdk.dir/src/dynamixel_sdk/packet_handler.cpp.o[0m
[1.355s] [ 20%] [32mBuilding CXX object CMakeFiles/dynamixel_sdk.dir/src/dynamixel_sdk/protocol2_packet_handler.cpp.o[0m
[1.361s] [ 30%] [32mBuilding CXX object CMakeFiles/dynamixel_sdk.dir/src/dynamixel_sdk/group_sync_write.cpp.o[0m
[1.363s] [ 40%] [32mBuilding CXX object CMakeFiles/dynamixel_sdk.dir/src/dynamixel_sdk/group_bulk_read.cpp.o[0m
[1.376s] [ 60%] [32mBuilding CXX object CMakeFiles/dynamixel_sdk.dir/src/dynamixel_sdk/group_bulk_write.cpp.o[0m
[1.376s] [ 60%] [32mBuilding CXX object CMakeFiles/dynamixel_sdk.dir/src/dynamixel_sdk/protocol1_packet_handler.cpp.o[0m
[1.386s] [ 70%] [32mBuilding CXX object CMakeFiles/dynamixel_sdk.dir/src/dynamixel_sdk/group_sync_read.cpp.o[0m
[1.435s] [ 80%] [32mBuilding CXX object CMakeFiles/dynamixel_sdk.dir/src/dynamixel_sdk/port_handler.cpp.o[0m
[1.578s] [ 90%] [32mBuilding CXX object CMakeFiles/dynamixel_sdk.dir/src/dynamixel_sdk/port_handler_linux.cpp.o[0m
[2.649s] [100%] [32m[1mLinking CXX shared library libdynamixel_sdk.so[0m
[2.753s] [100%] Built target dynamixel_sdk
[2.766s] Invoked command in '/home/robofei/ROS2/build/dynamixel_sdk' returned '0': CMAKE_PREFIX_PATH=/opt/ros/foxy /usr/bin/cmake --build /home/robofei/ROS2/build/dynamixel_sdk -- -j8 -l8
[2.799s] Invoking command in '/home/robofei/ROS2/build/dynamixel_sdk': CMAKE_PREFIX_PATH=/opt/ros/foxy /usr/bin/cmake --install /home/robofei/ROS2/build/dynamixel_sdk
[2.809s] -- Install configuration: ""
[2.809s] -- Execute custom install script
[2.810s] -- Symlinking: /home/robofei/ROS2/install/dynamixel_sdk/include//dynamixel_sdk/dynamixel_sdk.h
[2.818s] -- Symlinking: /home/robofei/ROS2/install/dynamixel_sdk/include//dynamixel_sdk/group_bulk_read.h
[2.827s] -- Symlinking: /home/robofei/ROS2/install/dynamixel_sdk/include//dynamixel_sdk/group_bulk_write.h
[2.836s] -- Symlinking: /home/robofei/ROS2/install/dynamixel_sdk/include//dynamixel_sdk/group_sync_read.h
[2.848s] -- Symlinking: /home/robofei/ROS2/install/dynamixel_sdk/include//dynamixel_sdk/group_sync_write.h
[2.859s] -- Symlinking: /home/robofei/ROS2/install/dynamixel_sdk/include//dynamixel_sdk/packet_handler.h
[2.872s] -- Symlinking: /home/robofei/ROS2/install/dynamixel_sdk/include//dynamixel_sdk/port_handler.h
[2.881s] -- Symlinking: /home/robofei/ROS2/install/dynamixel_sdk/include//dynamixel_sdk/port_handler_arduino.h
[2.890s] -- Symlinking: /home/robofei/ROS2/install/dynamixel_sdk/include//dynamixel_sdk/port_handler_linux.h
[2.898s] -- Symlinking: /home/robofei/ROS2/install/dynamixel_sdk/include//dynamixel_sdk/port_handler_mac.h
[2.907s] -- Symlinking: /home/robofei/ROS2/install/dynamixel_sdk/include//dynamixel_sdk/port_handler_windows.h
[2.918s] -- Symlinking: /home/robofei/ROS2/install/dynamixel_sdk/include//dynamixel_sdk/protocol1_packet_handler.h
[2.927s] -- Symlinking: /home/robofei/ROS2/install/dynamixel_sdk/include//dynamixel_sdk/protocol2_packet_handler.h
[2.939s] -- Symlinking: /home/robofei/ROS2/install/dynamixel_sdk/lib/libdynamixel_sdk.so
[2.952s] -- Symlinking: /home/robofei/ROS2/install/dynamixel_sdk/share/dynamixel_sdk/environment/library_path.sh
[2.962s] -- Symlinking: /home/robofei/ROS2/install/dynamixel_sdk/share/dynamixel_sdk/environment/library_path.dsv
[2.971s] -- Symlinking: /home/robofei/ROS2/install/dynamixel_sdk/share/ament_index/resource_index/package_run_dependencies/dynamixel_sdk
[2.980s] -- Symlinking: /home/robofei/ROS2/install/dynamixel_sdk/share/ament_index/resource_index/parent_prefix_path/dynamixel_sdk
[2.997s] -- Symlinking: /home/robofei/ROS2/install/dynamixel_sdk/share/dynamixel_sdk/environment/ament_prefix_path.sh
[3.006s] -- Symlinking: /home/robofei/ROS2/install/dynamixel_sdk/share/dynamixel_sdk/environment/ament_prefix_path.dsv
[3.020s] -- Symlinking: /home/robofei/ROS2/install/dynamixel_sdk/share/dynamixel_sdk/environment/path.sh
[3.039s] -- Symlinking: /home/robofei/ROS2/install/dynamixel_sdk/share/dynamixel_sdk/environment/path.dsv
[3.058s] -- Symlinking: /home/robofei/ROS2/install/dynamixel_sdk/share/dynamixel_sdk/local_setup.bash
[3.061s] -- Symlinking: /home/robofei/ROS2/install/dynamixel_sdk/share/dynamixel_sdk/local_setup.sh
[3.073s] -- Symlinking: /home/robofei/ROS2/install/dynamixel_sdk/share/dynamixel_sdk/local_setup.zsh
[3.082s] -- Symlinking: /home/robofei/ROS2/install/dynamixel_sdk/share/dynamixel_sdk/local_setup.dsv
[3.094s] -- Symlinking: /home/robofei/ROS2/install/dynamixel_sdk/share/dynamixel_sdk/package.dsv
[3.106s] -- Symlinking: /home/robofei/ROS2/install/dynamixel_sdk/share/ament_index/resource_index/packages/dynamixel_sdk
[3.120s] -- Symlinking: /home/robofei/ROS2/install/dynamixel_sdk/share/dynamixel_sdk/cmake/ament_cmake_export_include_directories-extras.cmake
[3.132s] -- Symlinking: /home/robofei/ROS2/install/dynamixel_sdk/share/dynamixel_sdk/cmake/ament_cmake_export_libraries-extras.cmake
[3.146s] -- Symlinking: /home/robofei/ROS2/install/dynamixel_sdk/share/dynamixel_sdk/cmake/dynamixel_sdkConfig.cmake
[3.159s] -- Symlinking: /home/robofei/ROS2/install/dynamixel_sdk/share/dynamixel_sdk/cmake/dynamixel_sdkConfig-version.cmake
[3.172s] -- Symlinking: /home/robofei/ROS2/install/dynamixel_sdk/share/dynamixel_sdk/package.xml
[3.193s] Invoked command in '/home/robofei/ROS2/build/dynamixel_sdk' returned '0': CMAKE_PREFIX_PATH=/opt/ros/foxy /usr/bin/cmake --install /home/robofei/ROS2/build/dynamixel_sdk
