[0.023s] Invoking command in '/home/robofei/ROS2/decision_pkg/build/dynamixel_sdk_custom_interfaces': CMAKE_PREFIX_PATH=${CMAKE_PREFIX_PATH}:/home/robofei/ROS2/decision_pkg/install/decision_pkg:/opt/ros/foxy /usr/bin/cmake --build /home/robofei/ROS2/decision_pkg/build/dynamixel_sdk_custom_interfaces -- -j4 -l4
[0.127s] [ 12%] Built target dynamixel_sdk_custom_interfaces__cpp
[0.127s] [ 12%] Built target dynamixel_sdk_custom_interfaces__rosidl_generator_c
[0.210s] [ 23%] Built target dynamixel_sdk_custom_interfaces__rosidl_typesupport_cpp
[0.239s] [ 33%] Built target dynamixel_sdk_custom_interfaces__rosidl_typesupport_introspection_c
[0.239s] [ 43%] Built target dynamixel_sdk_custom_interfaces__rosidl_typesupport_c
[0.308s] [ 53%] Built target dynamixel_sdk_custom_interfaces__rosidl_typesupport_fastrtps_cpp
[0.315s] [ 64%] Built target dynamixel_sdk_custom_interfaces__rosidl_typesupport_introspection_cpp
[0.363s] [ 74%] Built target dynamixel_sdk_custom_interfaces__rosidl_typesupport_fastrtps_c
[0.396s] [ 74%] Built target dynamixel_sdk_custom_interfaces
[0.425s] [ 76%] Built target dynamixel_sdk_custom_interfaces__py
[0.461s] [ 84%] Built target dynamixel_sdk_custom_interfaces__python
[0.517s] [ 89%] Built target dynamixel_sdk_custom_interfaces__rosidl_typesupport_introspection_c__pyext
[0.520s] [ 94%] Built target dynamixel_sdk_custom_interfaces__rosidl_typesupport_c__pyext
[0.544s] [100%] Built target dynamixel_sdk_custom_interfaces__rosidl_typesupport_fastrtps_c__pyext
[0.569s] Invoked command in '/home/robofei/ROS2/decision_pkg/build/dynamixel_sdk_custom_interfaces' returned '0': CMAKE_PREFIX_PATH=${CMAKE_PREFIX_PATH}:/home/robofei/ROS2/decision_pkg/install/decision_pkg:/opt/ros/foxy /usr/bin/cmake --build /home/robofei/ROS2/decision_pkg/build/dynamixel_sdk_custom_interfaces -- -j4 -l4
[0.731s] Invoking command in '/home/robofei/ROS2/decision_pkg/build/dynamixel_sdk_custom_interfaces': CMAKE_PREFIX_PATH=${CMAKE_PREFIX_PATH}:/home/robofei/ROS2/decision_pkg/install/decision_pkg:/opt/ros/foxy /usr/bin/cmake --install /home/robofei/ROS2/decision_pkg/build/dynamixel_sdk_custom_interfaces
[0.749s] -- Install configuration: ""
[0.750s] -- Execute custom install script
[0.750s] -- Up-to-date symlink: /home/robofei/ROS2/decision_pkg/install/dynamixel_sdk_custom_interfaces/share/ament_index/resource_index/rosidl_interfaces/dynamixel_sdk_custom_interfaces
[0.751s] -- Up-to-date symlink: /home/robofei/ROS2/decision_pkg/install/dynamixel_sdk_custom_interfaces/include/dynamixel_sdk_custom_interfaces/msg/decision.h
[0.751s] -- Up-to-date symlink: /home/robofei/ROS2/decision_pkg/install/dynamixel_sdk_custom_interfaces/include/dynamixel_sdk_custom_interfaces/msg/detail/decision__functions.h
[0.752s] -- Up-to-date symlink: /home/robofei/ROS2/decision_pkg/install/dynamixel_sdk_custom_interfaces/include/dynamixel_sdk_custom_interfaces/msg/detail/decision__struct.h
[0.752s] -- Up-to-date symlink: /home/robofei/ROS2/decision_pkg/install/dynamixel_sdk_custom_interfaces/include/dynamixel_sdk_custom_interfaces/msg/detail/decision__type_support.h
[0.752s] -- Up-to-date symlink: /home/robofei/ROS2/decision_pkg/install/dynamixel_sdk_custom_interfaces/include/dynamixel_sdk_custom_interfaces/msg/detail/set_position__functions.h
[0.753s] -- Up-to-date symlink: /home/robofei/ROS2/decision_pkg/install/dynamixel_sdk_custom_interfaces/include/dynamixel_sdk_custom_interfaces/msg/detail/set_position__struct.h
[0.753s] -- Up-to-date symlink: /home/robofei/ROS2/decision_pkg/install/dynamixel_sdk_custom_interfaces/include/dynamixel_sdk_custom_interfaces/msg/detail/set_position__type_support.h
[0.753s] -- Up-to-date symlink: /home/robofei/ROS2/decision_pkg/install/dynamixel_sdk_custom_interfaces/include/dynamixel_sdk_custom_interfaces/msg/rosidl_generator_c__visibility_control.h
[0.754s] -- Up-to-date symlink: /home/robofei/ROS2/decision_pkg/install/dynamixel_sdk_custom_interfaces/include/dynamixel_sdk_custom_interfaces/msg/set_position.h
[0.754s] -- Up-to-date symlink: /home/robofei/ROS2/decision_pkg/install/dynamixel_sdk_custom_interfaces/share/dynamixel_sdk_custom_interfaces/environment/library_path.sh
[0.755s] -- Up-to-date symlink: /home/robofei/ROS2/decision_pkg/install/dynamixel_sdk_custom_interfaces/share/dynamixel_sdk_custom_interfaces/environment/library_path.dsv
[0.756s] -- Up-to-date symlink: /home/robofei/ROS2/decision_pkg/install/dynamixel_sdk_custom_interfaces/include/dynamixel_sdk_custom_interfaces/msg/detail/decision__rosidl_typesupport_fastrtps_c.h
[0.756s] -- Up-to-date symlink: /home/robofei/ROS2/decision_pkg/install/dynamixel_sdk_custom_interfaces/include/dynamixel_sdk_custom_interfaces/msg/detail/set_position__rosidl_typesupport_fastrtps_c.h
[0.756s] -- Up-to-date symlink: /home/robofei/ROS2/decision_pkg/install/dynamixel_sdk_custom_interfaces/include/dynamixel_sdk_custom_interfaces/msg/rosidl_typesupport_fastrtps_c__visibility_control.h
[0.757s] -- Up-to-date symlink: /home/robofei/ROS2/decision_pkg/install/dynamixel_sdk_custom_interfaces/lib/libdynamixel_sdk_custom_interfaces__rosidl_typesupport_fastrtps_c.so
[0.758s] -- Up-to-date symlink: /home/robofei/ROS2/decision_pkg/install/dynamixel_sdk_custom_interfaces/include/dynamixel_sdk_custom_interfaces/msg/detail/decision__rosidl_typesupport_fastrtps_cpp.hpp
[0.758s] -- Up-to-date symlink: /home/robofei/ROS2/decision_pkg/install/dynamixel_sdk_custom_interfaces/include/dynamixel_sdk_custom_interfaces/msg/detail/set_position__rosidl_typesupport_fastrtps_cpp.hpp
[0.759s] -- Up-to-date symlink: /home/robofei/ROS2/decision_pkg/install/dynamixel_sdk_custom_interfaces/include/dynamixel_sdk_custom_interfaces/msg/rosidl_typesupport_fastrtps_cpp__visibility_control.h
[0.759s] -- Up-to-date symlink: /home/robofei/ROS2/decision_pkg/install/dynamixel_sdk_custom_interfaces/lib/libdynamixel_sdk_custom_interfaces__rosidl_typesupport_fastrtps_cpp.so
[0.760s] -- Up-to-date symlink: /home/robofei/ROS2/decision_pkg/install/dynamixel_sdk_custom_interfaces/include/dynamixel_sdk_custom_interfaces/msg/detail/decision__rosidl_typesupport_introspection_c.h
[0.760s] -- Up-to-date symlink: /home/robofei/ROS2/decision_pkg/install/dynamixel_sdk_custom_interfaces/include/dynamixel_sdk_custom_interfaces/msg/detail/set_position__rosidl_typesupport_introspection_c.h
[0.761s] -- Up-to-date symlink: /home/robofei/ROS2/decision_pkg/install/dynamixel_sdk_custom_interfaces/include/dynamixel_sdk_custom_interfaces/msg/rosidl_typesupport_introspection_c__visibility_control.h
[0.762s] -- Up-to-date symlink: /home/robofei/ROS2/decision_pkg/install/dynamixel_sdk_custom_interfaces/include/dynamixel_sdk_custom_interfaces/msg/decision.hpp
[0.762s] -- Up-to-date symlink: /home/robofei/ROS2/decision_pkg/install/dynamixel_sdk_custom_interfaces/include/dynamixel_sdk_custom_interfaces/msg/detail/decision__builder.hpp
[0.762s] -- Up-to-date symlink: /home/robofei/ROS2/decision_pkg/install/dynamixel_sdk_custom_interfaces/include/dynamixel_sdk_custom_interfaces/msg/detail/decision__struct.hpp
[0.763s] -- Up-to-date symlink: /home/robofei/ROS2/decision_pkg/install/dynamixel_sdk_custom_interfaces/include/dynamixel_sdk_custom_interfaces/msg/detail/decision__traits.hpp
[0.763s] -- Up-to-date symlink: /home/robofei/ROS2/decision_pkg/install/dynamixel_sdk_custom_interfaces/include/dynamixel_sdk_custom_interfaces/msg/detail/set_position__builder.hpp
[0.763s] -- Up-to-date symlink: /home/robofei/ROS2/decision_pkg/install/dynamixel_sdk_custom_interfaces/include/dynamixel_sdk_custom_interfaces/msg/detail/set_position__struct.hpp
[0.764s] -- Up-to-date symlink: /home/robofei/ROS2/decision_pkg/install/dynamixel_sdk_custom_interfaces/include/dynamixel_sdk_custom_interfaces/msg/detail/set_position__traits.hpp
[0.764s] -- Up-to-date symlink: /home/robofei/ROS2/decision_pkg/install/dynamixel_sdk_custom_interfaces/include/dynamixel_sdk_custom_interfaces/msg/set_position.hpp
[0.765s] -- Up-to-date symlink: /home/robofei/ROS2/decision_pkg/install/dynamixel_sdk_custom_interfaces/include/dynamixel_sdk_custom_interfaces/msg/detail/decision__rosidl_typesupport_introspection_cpp.hpp
[0.765s] -- Up-to-date symlink: /home/robofei/ROS2/decision_pkg/install/dynamixel_sdk_custom_interfaces/include/dynamixel_sdk_custom_interfaces/msg/detail/set_position__rosidl_typesupport_introspection_cpp.hpp
[0.766s] -- Up-to-date symlink: /home/robofei/ROS2/decision_pkg/install/dynamixel_sdk_custom_interfaces/share/dynamixel_sdk_custom_interfaces/environment/pythonpath.sh
[0.766s] -- Up-to-date symlink: /home/robofei/ROS2/decision_pkg/install/dynamixel_sdk_custom_interfaces/share/dynamixel_sdk_custom_interfaces/environment/pythonpath.dsv
[0.767s] -- Up-to-date symlink: /home/robofei/ROS2/decision_pkg/install/dynamixel_sdk_custom_interfaces/lib/python3.8/site-packages/dynamixel_sdk_custom_interfaces/__init__.py
[0.768s] -- Up-to-date symlink: /home/robofei/ROS2/decision_pkg/install/dynamixel_sdk_custom_interfaces/lib/python3.8/site-packages/dynamixel_sdk_custom_interfaces/msg/__init__.py
[0.768s] -- Up-to-date symlink: /home/robofei/ROS2/decision_pkg/install/dynamixel_sdk_custom_interfaces/lib/python3.8/site-packages/dynamixel_sdk_custom_interfaces/msg/_decision.py
[0.768s] -- Up-to-date symlink: /home/robofei/ROS2/decision_pkg/install/dynamixel_sdk_custom_interfaces/lib/python3.8/site-packages/dynamixel_sdk_custom_interfaces/msg/_set_position.py
[0.769s] -- Up-to-date symlink: /home/robofei/ROS2/decision_pkg/install/dynamixel_sdk_custom_interfaces/lib/python3.8/site-packages/dynamixel_sdk_custom_interfaces/dynamixel_sdk_custom_interfaces_s__rosidl_typesupport_fastrtps_c.cpython-38-x86_64-linux-gnu.so
[0.770s] -- Up-to-date symlink: /home/robofei/ROS2/decision_pkg/install/dynamixel_sdk_custom_interfaces/lib/python3.8/site-packages/dynamixel_sdk_custom_interfaces/dynamixel_sdk_custom_interfaces_s__rosidl_typesupport_introspection_c.cpython-38-x86_64-linux-gnu.so
[0.771s] -- Up-to-date symlink: /home/robofei/ROS2/decision_pkg/install/dynamixel_sdk_custom_interfaces/lib/python3.8/site-packages/dynamixel_sdk_custom_interfaces/dynamixel_sdk_custom_interfaces_s__rosidl_typesupport_c.cpython-38-x86_64-linux-gnu.so
[0.771s] -- Up-to-date symlink: /home/robofei/ROS2/decision_pkg/install/dynamixel_sdk_custom_interfaces/lib/libdynamixel_sdk_custom_interfaces__python.so
[0.772s] -- Up-to-date symlink: /home/robofei/ROS2/decision_pkg/install/dynamixel_sdk_custom_interfaces/share/dynamixel_sdk_custom_interfaces/msg/SetPosition.idl
[0.773s] -- Up-to-date symlink: /home/robofei/ROS2/decision_pkg/install/dynamixel_sdk_custom_interfaces/share/dynamixel_sdk_custom_interfaces/msg/Decision.idl
[0.773s] -- Up-to-date symlink: /home/robofei/ROS2/decision_pkg/install/dynamixel_sdk_custom_interfaces/share/dynamixel_sdk_custom_interfaces/msg/SetPosition.msg
[0.773s] -- Up-to-date symlink: /home/robofei/ROS2/decision_pkg/install/dynamixel_sdk_custom_interfaces/share/dynamixel_sdk_custom_interfaces/msg/Decision.msg
[0.774s] -- Up-to-date symlink: /home/robofei/ROS2/decision_pkg/install/dynamixel_sdk_custom_interfaces/share/ament_index/resource_index/package_run_dependencies/dynamixel_sdk_custom_interfaces
[0.774s] -- Up-to-date symlink: /home/robofei/ROS2/decision_pkg/install/dynamixel_sdk_custom_interfaces/share/ament_index/resource_index/parent_prefix_path/dynamixel_sdk_custom_interfaces
[0.775s] -- Up-to-date symlink: /home/robofei/ROS2/decision_pkg/install/dynamixel_sdk_custom_interfaces/share/dynamixel_sdk_custom_interfaces/environment/ament_prefix_path.sh
[0.776s] -- Up-to-date symlink: /home/robofei/ROS2/decision_pkg/install/dynamixel_sdk_custom_interfaces/share/dynamixel_sdk_custom_interfaces/environment/ament_prefix_path.dsv
[0.776s] -- Up-to-date symlink: /home/robofei/ROS2/decision_pkg/install/dynamixel_sdk_custom_interfaces/share/dynamixel_sdk_custom_interfaces/environment/path.sh
[0.777s] -- Up-to-date symlink: /home/robofei/ROS2/decision_pkg/install/dynamixel_sdk_custom_interfaces/share/dynamixel_sdk_custom_interfaces/environment/path.dsv
[0.777s] -- Up-to-date symlink: /home/robofei/ROS2/decision_pkg/install/dynamixel_sdk_custom_interfaces/share/dynamixel_sdk_custom_interfaces/local_setup.bash
[0.778s] -- Up-to-date symlink: /home/robofei/ROS2/decision_pkg/install/dynamixel_sdk_custom_interfaces/share/dynamixel_sdk_custom_interfaces/local_setup.sh
[0.778s] -- Up-to-date symlink: /home/robofei/ROS2/decision_pkg/install/dynamixel_sdk_custom_interfaces/share/dynamixel_sdk_custom_interfaces/local_setup.zsh
[0.779s] -- Up-to-date symlink: /home/robofei/ROS2/decision_pkg/install/dynamixel_sdk_custom_interfaces/share/dynamixel_sdk_custom_interfaces/local_setup.dsv
[0.779s] -- Symlinking: /home/robofei/ROS2/decision_pkg/install/dynamixel_sdk_custom_interfaces/share/dynamixel_sdk_custom_interfaces/package.dsv
[0.794s] -- Up-to-date symlink: /home/robofei/ROS2/decision_pkg/install/dynamixel_sdk_custom_interfaces/share/ament_index/resource_index/packages/dynamixel_sdk_custom_interfaces
[0.794s] -- Up-to-date symlink: /home/robofei/ROS2/decision_pkg/install/dynamixel_sdk_custom_interfaces/share/dynamixel_sdk_custom_interfaces/cmake/rosidl_cmake-extras.cmake
[0.795s] -- Up-to-date symlink: /home/robofei/ROS2/decision_pkg/install/dynamixel_sdk_custom_interfaces/share/dynamixel_sdk_custom_interfaces/cmake/ament_cmake_export_dependencies-extras.cmake
[0.795s] -- Up-to-date symlink: /home/robofei/ROS2/decision_pkg/install/dynamixel_sdk_custom_interfaces/share/dynamixel_sdk_custom_interfaces/cmake/ament_cmake_export_libraries-extras.cmake
[0.796s] -- Up-to-date symlink: /home/robofei/ROS2/decision_pkg/install/dynamixel_sdk_custom_interfaces/share/dynamixel_sdk_custom_interfaces/cmake/ament_cmake_export_targets-extras.cmake
[0.796s] -- Up-to-date symlink: /home/robofei/ROS2/decision_pkg/install/dynamixel_sdk_custom_interfaces/share/dynamixel_sdk_custom_interfaces/cmake/ament_cmake_export_include_directories-extras.cmake
[0.797s] -- Up-to-date symlink: /home/robofei/ROS2/decision_pkg/install/dynamixel_sdk_custom_interfaces/share/dynamixel_sdk_custom_interfaces/cmake/rosidl_cmake_export_typesupport_libraries-extras.cmake
[0.797s] -- Up-to-date symlink: /home/robofei/ROS2/decision_pkg/install/dynamixel_sdk_custom_interfaces/share/dynamixel_sdk_custom_interfaces/cmake/rosidl_cmake_export_typesupport_targets-extras.cmake
[0.798s] -- Up-to-date symlink: /home/robofei/ROS2/decision_pkg/install/dynamixel_sdk_custom_interfaces/share/dynamixel_sdk_custom_interfaces/cmake/dynamixel_sdk_custom_interfacesConfig.cmake
[0.798s] -- Up-to-date symlink: /home/robofei/ROS2/decision_pkg/install/dynamixel_sdk_custom_interfaces/share/dynamixel_sdk_custom_interfaces/cmake/dynamixel_sdk_custom_interfacesConfig-version.cmake
[0.799s] -- Up-to-date symlink: /home/robofei/ROS2/decision_pkg/install/dynamixel_sdk_custom_interfaces/share/dynamixel_sdk_custom_interfaces/package.xml
[0.799s] -- Up-to-date: /home/robofei/ROS2/decision_pkg/install/dynamixel_sdk_custom_interfaces/lib/libdynamixel_sdk_custom_interfaces__rosidl_generator_c.so
[0.800s] -- Up-to-date: /home/robofei/ROS2/decision_pkg/install/dynamixel_sdk_custom_interfaces/lib/libdynamixel_sdk_custom_interfaces__rosidl_typesupport_introspection_c.so
[0.801s] -- Up-to-date: /home/robofei/ROS2/decision_pkg/install/dynamixel_sdk_custom_interfaces/lib/libdynamixel_sdk_custom_interfaces__rosidl_typesupport_c.so
[0.801s] -- Up-to-date: /home/robofei/ROS2/decision_pkg/install/dynamixel_sdk_custom_interfaces/lib/libdynamixel_sdk_custom_interfaces__rosidl_typesupport_introspection_cpp.so
[0.802s] -- Up-to-date: /home/robofei/ROS2/decision_pkg/install/dynamixel_sdk_custom_interfaces/lib/libdynamixel_sdk_custom_interfaces__rosidl_typesupport_cpp.so
[0.862s] -- Up-to-date: /home/robofei/ROS2/decision_pkg/install/dynamixel_sdk_custom_interfaces/share/dynamixel_sdk_custom_interfaces/cmake/dynamixel_sdk_custom_interfaces__rosidl_generator_cExport.cmake
[0.862s] -- Up-to-date: /home/robofei/ROS2/decision_pkg/install/dynamixel_sdk_custom_interfaces/share/dynamixel_sdk_custom_interfaces/cmake/dynamixel_sdk_custom_interfaces__rosidl_generator_cExport-noconfig.cmake
[0.863s] -- Up-to-date: /home/robofei/ROS2/decision_pkg/install/dynamixel_sdk_custom_interfaces/share/dynamixel_sdk_custom_interfaces/cmake/dynamixel_sdk_custom_interfaces__rosidl_typesupport_introspection_cExport.cmake
[0.863s] -- Up-to-date: /home/robofei/ROS2/decision_pkg/install/dynamixel_sdk_custom_interfaces/share/dynamixel_sdk_custom_interfaces/cmake/dynamixel_sdk_custom_interfaces__rosidl_typesupport_introspection_cExport-noconfig.cmake
[0.864s] -- Up-to-date: /home/robofei/ROS2/decision_pkg/install/dynamixel_sdk_custom_interfaces/share/dynamixel_sdk_custom_interfaces/cmake/dynamixel_sdk_custom_interfaces__rosidl_typesupport_cExport.cmake
[0.864s] -- Up-to-date: /home/robofei/ROS2/decision_pkg/install/dynamixel_sdk_custom_interfaces/share/dynamixel_sdk_custom_interfaces/cmake/dynamixel_sdk_custom_interfaces__rosidl_typesupport_cExport-noconfig.cmake
[0.865s] -- Up-to-date: /home/robofei/ROS2/decision_pkg/install/dynamixel_sdk_custom_interfaces/share/dynamixel_sdk_custom_interfaces/cmake/dynamixel_sdk_custom_interfaces__rosidl_generator_cppExport.cmake
[0.865s] -- Up-to-date: /home/robofei/ROS2/decision_pkg/install/dynamixel_sdk_custom_interfaces/share/dynamixel_sdk_custom_interfaces/cmake/dynamixel_sdk_custom_interfaces__rosidl_typesupport_introspection_cppExport.cmake
[0.866s] -- Up-to-date: /home/robofei/ROS2/decision_pkg/install/dynamixel_sdk_custom_interfaces/share/dynamixel_sdk_custom_interfaces/cmake/dynamixel_sdk_custom_interfaces__rosidl_typesupport_introspection_cppExport-noconfig.cmake
[0.866s] -- Up-to-date: /home/robofei/ROS2/decision_pkg/install/dynamixel_sdk_custom_interfaces/share/dynamixel_sdk_custom_interfaces/cmake/dynamixel_sdk_custom_interfaces__rosidl_typesupport_cppExport.cmake
[0.867s] -- Up-to-date: /home/robofei/ROS2/decision_pkg/install/dynamixel_sdk_custom_interfaces/share/dynamixel_sdk_custom_interfaces/cmake/dynamixel_sdk_custom_interfaces__rosidl_typesupport_cppExport-noconfig.cmake
[0.876s] Invoked command in '/home/robofei/ROS2/decision_pkg/build/dynamixel_sdk_custom_interfaces' returned '0': CMAKE_PREFIX_PATH=${CMAKE_PREFIX_PATH}:/home/robofei/ROS2/decision_pkg/install/decision_pkg:/opt/ros/foxy /usr/bin/cmake --install /home/robofei/ROS2/decision_pkg/build/dynamixel_sdk_custom_interfaces
